<pre>
                                                                    BUREAU OF RECLAMATION
                                                                    LOWER COLORADO REGION
                                                                    BOULDER CITY, NEVADA

                                                               ACCUMULATIONS FOR JANUARY 2000

    |GLEN CANYON    |                         HOOVER DAM         |             DAVIS DAM           |      MWD       |            PARKER DAM              |
    |               |  LAKE                                      |LAKE                             |                | LAKE                               |   C.A.P.
    |         ACCUM.|  MEAD    HOOVER RELEASE        GROSS  RATE |MOHAVE      DAVIS RELEASE   GROSS|DIVER. AT INTAKE| HAVASU     PARKER RELEASE     GROSS| DIVER. ACCUM.
DAY |   CFS    A.F. |  ELEV.   CFS    A.F.   ACCUM.   GEN  KWH/AF|ELEV   CFS   A.F.   ACCUM.  GEN  | A.F. ACCUM.    | ELEV    CFS    A.F.   ACCUM.  GEN. | A.F.   A.F.
----------------------------------------------------------------------------------------------------------------------------------------------------------------------
  1   11800   23405   1214.04   7409  14695   14695   6677  454  638.76   9850  19543   19543  2382  3381   3381    446.16   6490  12873    12873    809   6203   6203
  2   11600   46413   1214.10   9486  18816   33511   8845  470  638.67   9890  19617   39160  2408  3426   6807    446.11   6000  11901    24774    753   6208  12411
  3   13500   73190   1214.03  15861  31460   64970  15501  493  639.11   9880  19597   58757  2415  3451  10258    445.92   7490  14856    39630    974   5699  18110
  4   13400   99769   1214.05  12260  24318   89288  11616  478  639.29  11160  22129   80886  2726  2676  12934    445.97   6000  11901    51531    751   5625  23735
  5   13500  126545   1214.01  12661  25113  114400  11945  476  639.43  10910  21642  102528  2654  3909  16843    446.05   6470  12833    64364    814   5243  28978
  6   13500  153322   1214.00  14310  28383  142783  13553  478  639.50  11300  22413  124941  2744  3894  20737    446.23   4000   7934    72298    459   5028  34006
  7   13400  179901   1213.98  14495  28751  171533  13849  482  639.62  12200  24198  149139  2981  3878  24615    446.37   6000  11901    84199    768   5351  39357
  8   12800  205289   1214.03   8846  17547  189080   8055  459  639.50   9560  18964  168103  2330  3728  28343    446.38   6490  12873    97072    832   5428  44785
  9   11700  228496   1214.13   7492  14860  203940   6643  447  639.30  10300  20430  188533  2506  3705  32048    446.20   6990  13864   110936    893   6197  50982
 10   13400  255074   1214.13  10355  20539  224479   9589  467  639.26  11400  22612  211145  2754  3135  35183    446.12   7480  14836   125772    957   5431  56413
 11   13500  281851   1214.12  12500  24793  249272  11856  478  639.20  11350  22512  233657  2747  3430  38613    446.10   7490  14856   140628    958   3942  60355
 12   13500  308628   1214.11  15301  30350  279622  14395  474  639.60  10300  20430  254087  2509  3433  42046    446.37   5490  10889   151517    597   3195  63550
 13   13400  335207   1214.16   9436  18716  298338   8509  455  639.54  10400  20628  274715  2470  3456  45502    446.70   4490   8906   160423    462   3195  66745
 14   13500  361983   1214.23   8458  16776  315113   7589  452  639.35  10410  20639  295354  2528  3425  48927    446.78   6490  12873   173296    639   3148  69893
 15   12800  387372   1214.19  12931  25649  340762  12375  482  639.48  10400  20628  315982  2526  3466  52393    446.77   7000  13884   187180    708   3240  73133
 16   11700  410579   1214.24  11266  22347  363109  10544  472  639.67   9040  17931  333913  2203  3508  55901    446.66   7000  13884   201064    704   6199  79332
 17   13500  437355   1214.23  15475  30694  393802  15043  490  640.10   9060  17967  351880  2214  3472  59373    446.56   7000  13884   214948    709   3564  82896
 18   13500  464132   1214.22  14100  27967  421769  13762  492  640.32  11000  21818  373698  2676  3955  63328    446.49   7000  13884   228832    904   3232  86128
 19   13600  491108   1214.19  14439  28640  450409  13898  485  640.55   9880  19597  393295  2418  3929  67257    446.54   6480  12853   241685    811   3494  89622
 20   13500  517884   1214.13  16031  31798  482206  15413  485  640.99  11000  21818  415113  2691  3922  71179    446.70   4990   9898   251583    607   3651  93273
 21   13500  544661   1214.13  12480  24755  506961  11641  470  641.03  11000  21818  436931  2695  3851  75030    446.81   6990  13864   265447    898   2630  95903
 22   12900  570248   1214.13  11920  23643  530603  11168  472  641.17   9760  19359  456290  2398  3298  78328    446.75   8490  16840   282287   1094   2531  98434
 23   11700  593455   1214.15  14704  29165  559768  14104  484  641.61   8060  15987  472277  1978  2697  81025    446.60   6990  13864   296151    904   6201 104635
 24   13500  620231   1214.12  13700  27174  586942  13138  483  641.79  11100  22017  494294  2716  2985  84010    446.46   7510  14896   311047    968   2432 107067
 25   13400  646810   1214.18   9686  19212  606153   9021  470  641.70   9880  19598  513892  2359  3375  87385    446.62   7500  14876   325923    943   1741 108808
 26   13400  673388   1214.23   9839  19515  625668   9139  468  641.88   9900  19636  533528  2215  3468  90853    446.70   6490  12873   338796    818   1760 110568
 27   13400  699967   1214.19  16310  32350  658018  15835  489  642.32  10000  19835  553363  2477  3950  94803    447.04   4000   7934   346730    470   1745 112313
 28   14100  727934   1214.18  11775  23355  681372  10992  471  642.31  10980  21770  575133  2705  3940  98743    446.95   8000  15868   362598   1036   1977 114290
 29   13200  754116   1214.20  10935  21689  703061  10284  474  642.35   9870  19572  594705  2483  3871 102614    446.83   8990  17831   380429   1143   2095 116385
 30   12000  777917   1214.28   9292  18430  721491   8697  472  642.27   9670  19187  613892  2447  3895 106509    446.53   7990  15848   396277   1056   6222 122607
 31   13700  805091   1214.26  14310  28383  749873  13892  489  642.51  10000  19835  633727  2880  3886 110395    446.53   8000  15868   412145   1033   2046 124653

TOTAL                                               357568                                    78235                                                25472









                                                                    BUREAU OF RECLAMATION
                                                                    LOWER COLORADO REGION
                                                                    BOULDER CITY, NEVADA

                                                     AVAILABLE RESERVOIR ELEVATIONS AND CONTENTS FOR JANUARY 2000

                                        LAKE MEAD                      LAKE MOHAVE                      LAKE HAVASU                        SENATOR WASH
  AVAILABLE CAPACITY IN A.F.            *25877000                        1809800                           619400                              9144
  ELEVATION IN FEET                        1219.6                          647.0                            450.0                             240.0

           TOTAL     TOTAL    |             HOOVER            |            DAVIS            |             PARKER            |             SENATOR WASH
          SYSTEM    AVAILABLE |ELEVATION    CONTENT   RELEASE |ELEVATION   CONTENT  RELEASE |ELEVATION    CONTENT   RELEASE | ELEVATION   CONTENT  PUMPED   RELEASE
     DAY  STORAGE**   SPACE   |  FEET       1000A.F.    ft3/s |  FEET      1000A.F.  ft3/s  |   FEET      1000A.F.  ft3/s   |  FEET        A.F.     ft3/s    ft3/s
-----------------------------------------------------------------------------------------------------------------------------------------------------------------------------
       1    54269.8   6612.2    1214.04      25012        7410   638.76     1585.0     9850    446.16      545.6     6490      232.65     6583      789        0
       2    54262.4   6619.6    1214.10      25021        9490   638.67     1583.8     9890    446.11      544.0     6000      236.80     7971      824        0
       3    54242.8   6639.2    1214.03      25011       15900   639.11     1593.8     9880    445.92      541.2     7490      240.08     9174      778        0
       4    54229.1   6652.9    1214.05      25014       12300   639.29     1598.5    11200    445.97      542.2     6000      239.63     9005       84        0
       5    54216.1   6665.9    1214.01      25008       12700   639.43     1602.3    10900    446.05      543.6     6470      239.90     9106      170        0
       6    54197.0   6685.0    1214.00      25006       14300   639.50     1604.0    11300    446.23      547.0     4000      239.25     8862        0        0
       7    54179.0   6703.1    1213.98      25003       14500   639.62     1607.4    12200    446.37      549.6     6000      235.96     7677        0      542
       8    54164.7   6717.4    1214.03      25011        8850   639.50     1605.9     9560    446.38      550.3     6490      235.52     7527        0        0
       9    54151.7   6730.4    1214.13      25026        7490   639.30     1598.8    10300    446.20      546.3     6990      235.78     7616      113        0
      10    54130.8   6751.3    1214.13      25028       10400   639.26     1597.7    11400    446.12      545.0     7480      233.40     6823        0      354
      11    54110.4   6771.7    1214.12      25024       12500   639.20     1596.2    11300    446.10      544.5     7490      230.83     6022        0      377
      12    54111.4   6770.7    1214.11      25023       15300   639.60     1606.8    10300    446.37      549.5     5490      231.28     6158      109        0
      13    54113.9   6768.2    1214.16      25031        9440   639.54     1605.2    10400    446.70      555.5     4490      234.25     7101      519        0
      14    54108.7   6773.4    1214.23      25041        8460   639.35     1600.1    10400    446.78      557.0     6490      236.64     7915      466        0
      15    54092.6   6789.5    1214.19      25035       12900   639.48     1603.5    10400    446.77      556.8     7000      236.16     7747        0        0
      16    54096.7   6785.4    1214.24      25043       11300   639.67     1608.6     9040    446.66      554.8     7000      237.20     8113      258        0
      17    54091.2   6790.8    1214.23      25041       15500   640.10     1620.1     9060    446.56      553.1     7000      236.72     7943        0        0
      18    54083.3   6798.7    1214.22      25040       14100   640.32     1626.2    11000    446.49      551.6     7000      236.29     7793        0        0
      19    54074.0   6808.1    1214.19      25035       14400   640.55     1632.2     9880    446.54      552.6     6480      235.72     7596        0       29
      20    54065.4   6816.6    1214.13      25026       16000   640.99     1644.1    11000    446.70      555.6     4990      234.59     7214        0      135
      21    54056.6   6825.5    1214.13      25026       12500   641.03     1645.2    11000    446.81      557.7     6990      233.38     6816        0      146
      22    54052.2   6829.9    1214.13      25026       11900   641.17     1649.0     9760    446.75      556.4     8490      230.52     5929        0      442
      23    54053.7   6828.3    1214.15      25029       14700   641.61     1660.9     8060    446.60      553.7     6990      228.58     5368        0      239
      24    54041.3   6840.7    1214.12      25024       13700   641.79     1664.3    11100    446.46      552.1     7510      228.08     5228        0       54
      25    54042.3   6839.8    1214.18      25034        9690   641.70     1663.2     9880    446.62      554.1     7500      227.80     5152        0        0
      26    54038.7   6843.4    1214.23      25041        9840   641.88     1670.0     9900    446.70      555.9     6490      227.02     4939        0       88
      27    54042.4   6839.6    1214.19      25035       16300   642.32     1680.1    10000    447.04      561.8     4000      224.92     4393        0      250
      28    54022.6   6859.4    1214.18      25034       11800   642.31     1679.8    11000    446.95      560.1     8000      224.66     4332        1       16
      29    54014.0   6868.0    1214.20      25037       10900   642.35     1681.0     9870    446.83      558.0     8990      221.72     3639        0      341
      30    54006.2   6875.8    1214.28      25049        9290   642.27     1678.6     9670    446.53      552.4     7990      218.87     3033        0      291
      31    53990.9   6891.2    1214.26      25046       14300   642.51     1685.3    10000    446.53      552.5     8000      219.70     3203      107        0

TOTAL                                                   378160                       319500                        207790                          4218     3304
AVE.                                                     12200                        10310                          6700                           136      107
AC FT                                                   750000                       634000                        412000                          8366     6553

      * BOTTOM OF EXCLUSIVE FLOOD CONTROL SPACE
     ** INCLUDES FONTENELLE AND CRYSTAL RESERVOIRS

                                                                      BUREAU OF RECLAMATION
                                                                      LOWER COLORADO REGION
                                                                      BOULDER CITY, NEVADA

                                             COLORADO RIVER STORAGE PROJECT DATA (operational) FOR JANUARY 2000

                   LAKE POWELL          |        FLAMING GORGE        |          NAVAJO            |      BLUE MESA             |     MORROW POINT
             MAX. STORAGE 24322000 AF   |  MAX. STORAGE 3749000 AF    | MAX. STORAGE 1696000 AF    | MAX. STORAGE 829500 AF     | MAX. STORAGE 117025 AF  
    COMPUTED MAX. ELEV. 3700.0 FEET     |  MAX. ELEV. 6040.0 FEET     | MAX. ELEV. 6085.0 FEET     | MAX. ELEV. 7519.4 FEET     | MAX. ELEV. 7160.0 FEET
     INFLOW  ELEVATION CONTENT  RELEASE |  ELEVATION CONTENT  RELEASE | ELEVATION CONTENT  RELEASE | ELEVATION CONTENT  RELEASE | ELEVATION CONTENT  RELEASE
DATE FT3/S   (FEET)  (1000 AF)   FT3/S  |  (FEET)  (1000 AF)   FT3/   |(FEET)  (1000 AF)   FT3/S   | (FEET)  (1000 AF)   FT3/S  |(FEET)  (1000 AF)   FT3/S
------------------------------------------------------------------------------------------------------------------------------------------------------------
   1   7900   3681.21   21435    11800      6027.85   3270     2220      6071.40   1500      500     7490.79    587.5    1200     7154.67    112.7    1250
   2   7700   3681.15   21426    11600      6027.80   3260     2210      6071.37   1500      500     7490.63    586.3    1120     7154.76    112.8    1110
   3   7600   3681.08   21416    13500      6027.74   3260     2210      6071.31   1500      500     7490.46    584.9    1130     7154.87    112.9    1110
   4   7600   3680.97   21400    13400      6027.68   3260     2220      6071.25   1500      500     7490.31    583.8     970     7154.53    112.6    1120
   5   7500   3680.93   21394    13500      6027.62   3260     2220      6071.19   1500      500     7490.10    582.1    1240     7154.55    112.7    1250
   6   7400   3680.81   21376    13500      6027.57   3260     2220      6071.13   1500      500     7489.94    580.9    1110     7154.94    113.0     970
   7   7200   3680.70   21360    13400      6027.53   3250     2220      6071.07   1500      500     7489.77    579.6    1150     7155.43    113.4     970
   8   7400   3680.59   21344    12800      6027.48   3250     2220      6071.02   1490      500     7489.59    578.2    1020     7155.83    113.7     890
   9   7100   3680.51   21332    11700      6027.42   3250     2210      6070.96   1490      500     7489.48    577.3     920     7155.94    113.8     900
  10   6900   3680.40   21316    13400      6027.38   3250     2210      6070.93   1490      500     7489.35    576.3    1080     7156.09    113.9    1030
  11   7000   3680.32   21305    13500      6027.35   3250     2200      6070.89   1490      500     7489.21    575.2     940     7156.19    114.0     930
  12   7300   3680.26   21296    13500      6027.31   3250     2210      6070.83   1490      500     7489.13    574.6     780     7156.18    114.0     800
  13   7600   3680.22   21290    13400      6027.27   3240     2210      6070.79   1490      500     7489.09    574.3     710     7156.20    114.0     730
  14   7300   3680.16   21281    13500      6027.24   3240     2200      6070.75   1490      500     7489.00    573.6     760     7156.36    114.1     720
  15   7300   3680.10   21273    12800      6027.20   3240     2200      6070.70   1490      500     7488.93    573.0     690     7156.46    114.2     680
  16   8200   3680.08   21270    11700      6027.17   3240     2200      6070.65   1490      500     7488.86    572.5     710     7156.58    114.3     670
  17   8200   3680.01   21260    13500      6027.14   3240     2190      6070.61   1490      500     7488.80    572.0     760     7156.66    114.3     750
  18   8200   3679.96   21252    13500      6027.09   3240     2190      6070.57   1490      500     7488.75    571.7     780     7156.54    114.2     860
  19   8900   3679.90   21243    13600      6027.07   3240     2190      6070.53   1490      500     7488.71    571.3     700     7156.41    114.1     780
  20   8900   3679.82   21232    13500      6027.06   3240     2190      6070.49   1490      500     7488.65    570.9     720     7156.23    114.0     830
  21   9000   3679.76   21223    13500      6027.04   3240     2180      6070.43   1490      500     7488.60    570.5     630     7156.11    113.9     710
  22   9200   3679.73   21219    12900      6027.03   3240     2180      6070.39   1490      500     7488.61    570.6     490     7155.35    113.3     820
  23   9400   3679.68   21211    11700      6027.00   3230     2180      6070.35   1490      500     7488.49    569.7    1010     7155.73    113.6     880
  24   9700   3679.64   21206    13500      6026.96   3230     2170      6070.30   1480      500     7488.41    569.0     780     7155.70    113.6     830
  25   9300   3679.60   21200    13400      6026.92   3230     2180      6070.28   1480      500     7488.44    569.3     350     7155.37    113.3     520
  26   8800   3679.48   21182    13400      6026.89   3230     2170      6070.27   1480      500     7488.49    569.7     480     7155.22    113.2     580
  27   8700   3679.46   21180    13400      6026.86   3230     2160      6070.24   1480      500     7488.50    569.7     450     7155.60    113.5     330
  28   9000   3679.37   21166    14100      6026.83   3230     2180      6070.20   1480      500     7488.45    569.3     710     7155.92    113.7     600
  29   9500   3679.33   21161    13200      6026.78   3230     2180      6070.17   1480      500     7488.47    569.5      90     7155.00    113.0     480
  30   9300   3679.27   21152    12000      6026.77   3230     2170      6070.10   1480      500     7488.52    569.9     190     7154.27    112.4     510
  31   8900   3679.17   21137    13700      6026.72   3220     2160      6070.05   1480      500     7488.51    569.8     620     7154.26    112.4     670

TOT  254000                     405900                        68050                        15500                        24290                        25280
AVE    8194                      13090                         2200                          500                          780                          820
A F  503800                     805000                       135000                        30700                        48200                        50100






                                          BUREAU OF RECLAMATION
                                          LOWER COLORADO REGION
                                          BOULDER CITY, NEVADA

                                     GLEN CANYON TO HOOVER DAM LOSSES

                                                JANUARY 2000

                      |           | LAKE    |         |   LAKE|    LAKE   |  CHANGE |
               GLEN   |    HOOVER | MEAD    |  STORAGE|   MEAD|    MEAD   |   BANK  |       |          |
              RELEASE |    RELEASE| STORAGE |  CHANGE |PUMPING|EVAPORATION| STORAGE |  LOSS |  ACCUMUL.|  INFLOW
   DATE |      CFS    |     CFS   | 1000 AF |  1000 AF|    CFS|     CFS   |    CFS  |   CFS |     A.F. |   CFS
--------------------------------------------------------------------------------------------------------------------
      1        11800        7410     25012        15              -96759       492                              
      2        11600        9490     25021         9              -96759       295                              
      3        13500       15900     25011       -10              -96759      -328                              
      4        13400       12300     25014         3              -96759        98                              
      5        13500       12700     25008        -6              -96759      -197                              
      6        13500       14300     25006        -2              -96759       -66                              
      7        13400       14500     25003        -3              -96759       -98                              
      8        12800        8850     25011         8              -96759       262                              
      9        11700        7490     25026        15              -96759       492                              
     10        13400       10400     25028         2              -96759        66                              
     11        13500       12500     25024        -4              -96759      -131                              
     12        13500       15300     25023        -1              -96759       -33                              
     13        13400        9440     25031         8              -96759       262                              
     14        13500        8460     25041        10              -96759       328                              
     15        12800       12900     25035        -6              -96759      -197                              
     16        11700       11300     25043         8              -96759       262                              
     17        13500       15500     25041        -2              -96759       -66                              
     18        13500       14100     25040        -1              -96759       -33                              
     19        13600       14400     25035        -5              -96759      -164                              
     20        13500       16000     25026        -9              -96759      -295                              
     21        13500       12500     25026         0              -96759         0                              
     22        12900       11900     25026         0              -96759         0                              
     23        11700       14700     25029         3              -96759        98                              
     24        13500       13700     25024        -5              -96759      -164                              
     25        13400        9690     25034        10              -96759       328                              
     26        13400        9840     25041         7              -96759       229                              
     27        13400       16300     25035        -6              -96759      -197                              
     28        14100       11800     25034        -1              -96759       -33                              
     29        13200       10900     25037         3              -96759        98                              
     30        12000        9290     25049        12              -96759       393                              
     31        13700       14300     25046        -3              -96759       -98                              

    TOTAL     405800      378060                             0  -2999529                       -191919         0







</pre>