<pre>
                                                                    BUREAU OF RECLAMATION
                                                                    LOWER COLORADO REGION
                                                                    BOULDER CITY, NEVADA

                                                               ACCUMULATIONS FOR JANUARY 2017

    |GLEN CANYON    |                         HOOVER DAM         |             DAVIS DAM           |      MWD       |            PARKER DAM              |
    |               |  LAKE                                      |LAKE                             |                | LAKE                               |   C.A.P.
    |         ACCUM.|  MEAD    HOOVER RELEASE        GROSS  RATE |MOHAVE      DAVIS RELEASE   GROSS|DIVER. AT INTAKE| HAVASU     PARKER RELEASE     GROSS| DIVER. ACCUM.
DAY |   CFS    A.F. |  ELEV.   CFS    A.F.   ACCUM.   GEN  KWH/AF|ELEV   CFS   A.F.   ACCUM.  GEN  | A.F. ACCUM.    | ELEV    CFS    A.F.   ACCUM.  GEN. | A.F.   A.F.
----------------------------------------------------------------------------------------------------------------------------------------------------------------------
  1   12700   25190   1080.99   9043  17937   17937   6810  380  641.44   5980  11860   11860  1472  2767   2767    448.05   1600   3176     3176    135   6061   6061
  2   12700   50380   1081.08  10783  21387   39324   8281  387  641.83   5180  10282   22142  1269  2747   5514    447.88   3000   5951     9127    345   6063  12124
  3   15300   80727   1081.05  16470  32668   71992  12831  393  642.53   6000  11898   34040  1488  2916   8430    447.85   1700   3372    12499    145   6060  18184
  4   15300  111074   1081.08  10615  21055   93047   8189  389  642.80   5990  11874   45914  1532  2933  11363    447.83   1600   3166    15665    139   6059  24243
  5   15100  141025   1081.22   9915  19666  112713   7509  382  643.46   5800  11498   57412  1488  2954  14317    447.89   1600   3166    18831    141   6060  30303
  6   15200  171174   1081.36  10074  19982  132695   7696  385  643.30   7100  14076   71488  1840  2955  17272    447.68   3500   6933    25764    438   5418  35721
  7   13300  197554   1081.56   9299  18445  151140   7145  387  643.21   8900  17650   89138  2310  2975  20247    447.70   3000   5952    31716    359   5724  41445
  8   12600  222545   1081.76   7140  14163  165303   5399  381  643.13   7800  15470  104608  2016  3007  23254    447.79   4000   7943    39659    547   6058  47503
  9   14900  252099   1081.86   9574  18991  184294   7307  385  643.16   7990  15852  120460  2059  3553  26807    447.73   3700   7345    47004    476   6059  53562
 10   14800  281455   1081.96   9712  19263  203557   7417  385  643.21   8400  16652  137112  2161  3346  30153    448.00   1600   3182    50186    143   5289  58851
 11   15100  311405   1082.02  11986  23773  227330   9292  391  643.49   6900  13682  150794  1784  3385  33538    448.03   3300   6545    56731    411   5266  64117
 12   15100  341355   1082.12  11689  23185  250515   9121  393  643.74   8900  17648  168442  2307  3435  36973    448.30   1610   3185    59916    144   5265  69382
 13   15200  371504   1082.34   7462  14800  265315   5689  384  643.84   6500  12894  181336  1684  3384  40357    448.20   4500   8924    68840    579   5267  74649
 14   13300  397884   1082.54   8053  15973  281288   6174  387  643.85   6500  12890  194226  1692  3284  43641    448.16   3500   6939    75779    439   5267  79916
 15   12500  422678   1082.76   7659  15192  296480   5812  383  643.88   6500  12888  207114  1688  2922  46563    448.03   3200   6349    82128    412   6062  85978
 16   14200  450843   1082.94   6825  13537  310017   5135  379  643.85   7800  15478  222592  2032  2918  49481    448.06   2300   4562    86690    259   6061  92039
 17   14800  480198   1083.09   7592  15059  325076   5744  381  643.80   7000  13882  236474  1820  1986  51467    448.26   3020   5994    92684    361   3628  95667
 18   15000  509950   1083.25   6860  13606  338682   5179  381  643.76   5980  11870  248344  1550  1971  53438    448.30   3600   7144    99828    458   3621  99288
 19   14500  538711   1083.45   7781  15433  354115   5954  386  643.82   6100  12094  260438  1568  1978  55416    448.10   5990  11881   111709    803   3620 102908
 20   15400  569256   1083.60   9159  18167  372282   7084  390  644.03   5760  11422  271860  1482  1951  57367    448.18   2820   5585   117294    342   3620 106528
 21   13500  596033   1083.86   6664  13219  385501   5053  382  644.04   6340  12584  284444  1637  1899  59266    448.02   4900   9718   127012    673   3620 110148
 22   12500  620826   1084.05   6880  13647  399148   5291  388  644.17   5610  11128  295572  1448  1461  60727    448.01   3610   7162   134174    461   3619 113767
 23   15400  651372   1084.30   5797  11498  410646   4381  381  644.18   5870  11644  307216  1515   506  61233    448.08   4210   8346   142520    556   3128 116895
 24   15300  681719   1084.53   6141  12180  422826   4639  381  644.09   5880  11662  318878  1513   511  61744    448.13   4600   9115   151635    615   3120 120015
 25   15500  712463   1084.73   6301  12497  435323   4729  378  643.98   8190  16244  335122  2125   520  62264    448.00   4790   9497   161132    638   3618 123633
 26   15000  742215   1084.91   8363  16588  451911   6444  388  644.12   5980  11870  346992  1528   545  62809    448.27   4510   8936   170068    588   1273 124906
 27   14900  771768   1085.13   5994  11889  463800   4545  382  644.11   5990  11880  358872  1525  1043  63852    448.19   6500  12889   182957    906    839 125745
 28   12900  797355   1085.40   4177   8285  472085   3080  372  643.89   5990  11884  370756  1527  1057  64909    447.97   7210  14309   197266   1010    682 126427
 29   12600  822347   1085.66   4016   7966  480051   2968  373  643.68   6810  13502  384258  1738  1023  65932    447.69   8010  15893   213159   1101      0 126427
 30   14600  851306   1085.87   5086  10088  490139   3819  379  643.51   6000  11898  396156  1520  1040  66972    447.53   8200  16256   229415   1150      0 126427
 31   14700  880463   1086.08   4849   9617  499756   3646  379  643.47   5990  11886  408042  1510  1031  68003    447.29   7510  14893   244308   1051      0 126427

TOTAL                                               192363                                    52826                                                15827









                                                                    BUREAU OF RECLAMATION
                                                                    LOWER COLORADO REGION
                                                                    BOULDER CITY, NEVADA

                                                     AVAILABLE RESERVOIR ELEVATIONS AND CONTENTS FOR JANUARY 2017

                                        LAKE MEAD                      LAKE MOHAVE                      LAKE HAVASU                        SENATOR WASH
  AVAILABLE CAPACITY IN A.F.            *26120000                        1809800                           619400                              9144
  ELEVATION IN FEET                        1219.6                          647.0                            450.0                             240.0

           TOTAL     TOTAL    |             HOOVER            |            DAVIS            |             PARKER            |             SENATOR WASH
          SYSTEM    AVAILABLE |ELEVATION    CONTENT   RELEASE |ELEVATION   CONTENT  RELEASE |ELEVATION    CONTENT   RELEASE | ELEVATION   CONTENT  PUMPED   RELEASE
     DAY  STORAGE**   SPACE   |  FEET       1000A.F.    ft3/s |  FEET      1000A.F.  ft3/s  |   FEET      1000A.F.  ft3/s   |  FEET        A.F.     ft3/s    ft3/s
-----------------------------------------------------------------------------------------------------------------------------------------------------------------------------
       1    29458.7  31666.3    1080.99      10093        9040   641.44     1656.4     5980    448.05      581.0     1600      237.28     8142        0        0
       2    29460.4  31664.7    1081.08      10101       10800   641.83     1666.7     5180    447.88      577.8     3000      236.94     8020        0        0
       3    29459.0  31666.1    1081.05      10098       16500   642.53     1685.8     6000    447.85      577.1     1700      236.61     7905        0        0
       4    29446.0  31679.1    1081.08      10101       10600   642.80     1693.2     5990    447.83      576.8     1600      236.31     7800        0        0
       5    29456.0  31669.1    1081.22      10112        9910   643.46     1711.3     5800    447.89      577.8     1600      236.01     7695        0        0
       6    29446.1  31678.9    1081.36      10124       10100   643.30     1706.9     7100    447.68      573.9     3500      235.73     7599        0        0
       7    29448.4  31676.6    1081.56      10141        9300   643.21     1704.5     8900    447.70      574.2     3000      235.44     7500        0        0
       8    29449.1  31676.0    1081.76      10157        7140   643.13     1702.3     7800    447.79      576.0     4000      235.17     7408        0        0
       9    29432.2  31692.8    1081.86      10166        9570   643.16     1703.2     7990    447.73      574.9     3700      234.92     7324        0        0
      10    29426.2  31698.8    1081.96      10174        9710   643.21     1704.5     8400    448.00      579.9     1600      234.66     7237        0        0
      11    29424.3  31700.8    1082.02      10179       12000   643.49     1712.1     6900    448.03      580.6     3300      234.41     7153        0        0
      12    29423.2  31701.9    1082.12      10187       11700   643.74     1719.2     8900    448.30      585.7     1610      234.16     7070        0        0
      13    29423.4  31701.7    1082.34      10206        7460   643.84     1721.7     6500    448.20      583.8     4500      233.92     6991        0        0
      14    29431.8  31693.2    1082.54      10223        8050   643.85     1722.0     6500    448.16      583.0     3500      233.68     6913        0        0
      15    29442.2  31682.8    1082.76      10241        7660   643.88     1723.0     6500    448.03      580.6     3200      233.44     6836        0        0
      16    29443.4  31681.6    1082.94      10256        6820   643.85     1722.1     7800    448.06      581.2     2300      233.21     6761        0        0
      17    29441.4  31683.6    1083.09      10269        7590   643.80     1720.8     7000    448.26      585.1     3020      232.97     6683        0        0
      18    29438.4  31686.7    1083.25      10282        6860   643.76     1719.5     5980    448.30      585.8     3600      232.74     6611        0        0
      19    29437.6  31687.5    1083.45      10299        7780   643.82     1721.2     6100    448.10      581.9     5990      232.53     6545        0        0
      20    29443.2  31681.8    1083.60      10312        9160   644.03     1727.2     5760    448.18      583.4     2820      232.32     6478        0        0
      21    29453.4  31671.7    1083.86      10333        6660   644.04     1727.4     6340    448.02      580.4     4900      232.10     6409        0        0
      22    29467.1  31658.0    1084.05      10349        6880   644.17     1730.9     5610    448.01      580.3     3610      231.89     6344        0        0
      23    29468.9  31656.1    1084.30      10370        5800   644.18     1731.3     5870    448.08      581.5     4210      231.67     6277        0        0
      24    29470.0  31655.1    1084.53      10390        6140   644.09     1728.6     5880    448.13      582.5     4600      231.47     6216        0        0
      25    29465.9  31659.2    1084.73      10407        6300   643.98     1725.5     8190    448.00      580.1     4790      231.27     6155        0        0
      26    29473.5  31651.5    1084.91      10422        8360   644.12     1729.5     5980    448.27      585.2     4510      231.07     6094        0        0
      27    29470.0  31655.0    1085.13      10441        5990   644.11     1729.2     5990    448.19      583.6     6500      230.97     6063       21        0
      28    29470.3  31654.7    1085.40      10463        4180   643.89     1723.1     5990    447.97      579.5     7210      227.81     5155        0      454
      29    29465.4  31659.7    1085.66      10486        4020   643.68     1717.5     6810    447.69      574.2     8010      229.11     5518      206        8
      30    29455.9  31669.2    1085.87      10503        5090   643.51     1712.8     6000    447.53      571.0     8200      226.26     4740        0      382
      31    29450.5  31674.6    1086.08      10521        4850   643.47     1711.5     5990    447.29      566.6     7510      229.52     5636      458        0

TOTAL                                                   252020                       205730                        123190                           685      844
AVE.                                                      8130                         6640                          3970                            22       27
AC FT                                                   500000                       408000                        244000                          1359     1674

      * BOTTOM OF EXCLUSIVE FLOOD CONTROL SPACE
     ** INCLUDES FONTENELLE AND CRYSTAL RESERVOIRS

                                                                      BUREAU OF RECLAMATION
                                                                      LOWER COLORADO REGION
                                                                      BOULDER CITY, NEVADA

                                             COLORADO RIVER STORAGE PROJECT DATA (operational) FOR JANUARY 2017

                   LAKE POWELL          |        FLAMING GORGE        |          NAVAJO            |      BLUE MESA             |     MORROW POINT
             MAX. STORAGE 24322000 AF   |  MAX. STORAGE 3749000 AF    | MAX. STORAGE 1696000 AF    | MAX. STORAGE 829500 AF     | MAX. STORAGE 117025 AF  
    COMPUTED MAX. ELEV. 3700.0 FEET     |  MAX. ELEV. 6040.0 FEET     | MAX. ELEV. 6085.0 FEET     | MAX. ELEV. 7519.4 FEET     | MAX. ELEV. 7160.0 FEET
     INFLOW  ELEVATION CONTENT  RELEASE |  ELEVATION CONTENT  RELEASE | ELEVATION CONTENT  RELEASE | ELEVATION CONTENT  RELEASE | ELEVATION CONTENT  RELEASE
DATE FT3/S   (FEET)  (1000 AF)   FT3/S  |  (FEET)  (1000 AF)   FT3/   |(FEET)  (1000 AF)   FT3/S   | (FEET)  (1000 AF)   FT3/S  |(FEET)  (1000 AF)   FT3/S
------------------------------------------------------------------------------------------------------------------------------------------------------------
   1   5000   3600.34   11783    12700      6024.13   3130     1830      6055.92   1300      350     7491.40    592.3     530     7150.46    109.4     530
   2   6600   3600.22   11771    12700      6024.11   3130     1830      6055.92   1300      340     7491.36    592.0     550     7150.65    109.6     560
   3   6100   3600.04   11754    15300      6024.13   3130     1800      6055.93   1300      350     7491.30    591.5     630     7150.79    109.7     610
   4   4600   3599.83   11734    15300      6024.08   3130     1810      6055.92   1300      350     7491.30    591.5     670     7150.78    109.7     590
   5   4900   3599.63   11715    15100      6024.03   3120     1810      6055.96   1300      350     7491.32    591.7     510     7150.88    109.8     520
   6   8600   3599.50   11702    15200      6023.99   3120     1780      6056.03   1300      350     7491.31    591.6     550     7151.48    110.2     530
   7   8700   3599.41   11694    13300      6023.92   3120     1770      6056.04   1300      350     7491.08    589.8    1050     7153.48    111.8     300
   8   6000   3599.28   11682    12600      6023.85   3120     1780      6056.04   1300      350     7491.16    590.4     230     7152.73    111.2     520
   9   2600   3599.04   11659    14900      6023.81   3120     1780      6056.04   1300      350     7491.16    590.4     560     7152.54    111.1     500
  10   4000   3598.83   11639    14800      6023.77   3120     1780      6056.15   1300      350     7491.14    590.2     590     7152.55    111.1     630
  11   7000   3598.67   11624    15100      6023.77   3120     1770      6056.20   1300      350     7491.12    590.1     530     7152.58    111.1     570
  12   3900   3598.45   11603    15100      6023.73   3110     1780      6056.25   1300      350     7491.19    590.6     450     7152.81    111.3     490
  13   6100   3598.27   11586    15200      6023.69   3110     1800      6056.28   1300      350     7491.23    590.9     300     7152.39    110.9     570
  14  10300   3598.21   11580    13300      6023.65   3110     1790      6056.30   1300      350     7491.25    591.1     440     7152.07    110.7     520
  15   9000   3598.14   11573    12500      6023.65   3110     1790      6056.36   1300      350     7491.24    591.0     550     7151.87    110.5     590
  16   7200   3598.00   11560    14200      6023.61   3110     1770      6056.49   1300      350     7491.21    590.8     590     7152.33    110.9     500
  17   6700   3597.84   11545    14800      6023.55   3110     1790      6056.55   1300      350     7491.23    590.9     420     7152.53    111.1     400
  18   7400   3597.69   11531    15000      6023.51   3110     1790      6056.59   1310      350     7491.24    591.0     440     7153.13    111.5     150
  19   7400   3597.55   11518    14500      6023.47   3100     1790      6056.63   1310      350     7491.14    590.2     770     7153.28    111.6     600
  20   8900   3597.42   11506    15400      6023.41   3100     1820      6056.67   1310      360     7491.12    590.1     590     7153.28    111.6     570
  21   9000   3597.33   11497    13500      6023.39   3100     1800      6056.71   1310      360     7491.06    589.6     680     7153.96    112.2     580
  22  10000   3597.28   11492    12500      6023.37   3100     1800      6056.74   1310      360     7490.97    588.9     760     7154.16    112.3     730
  23   5300   3597.08   11474    15400      6023.31   3100     1780      6056.78   1310      360     7491.03    589.4     470     7153.67    112.0     550
  24   7800   3596.93   11460    15300      6023.25   3100     1790      6056.80   1310      360     7490.95    588.8     640     7154.03    112.2     590
  25   6900   3596.76   11444    15500      6023.27   3100     1770      6056.81   1310      360     7490.93    588.6     580     7154.35    112.5     600
  26   7500   3596.61   11430    15000      6023.23   3100     1780      6056.81   1310      350     7490.84    587.9     640     7154.57    112.7     600
  27   5400   3596.42   11412    14900      6023.21   3090     1770      6056.77   1310      460     7490.78    587.4     520     7154.37    112.5     570
  28   8400   3596.33   11403    12900      6023.15   3090     1810      6056.73   1310      510     7490.78    587.4     260     7154.07    112.3     390
  29   5600   3596.19   11390    12600      6023.11   3090     1800      6056.70   1310      510     7490.73    587.0     510     7153.95    112.2     530
  30   5500   3596.01   11373    14600      6023.07   3090     1790      6056.67   1310      510     7490.72    587.0     510     7153.56    111.9     630
  31   7200   3595.86   11359    14700      6023.01   3090     1820      6056.65   1310      510     7490.68    586.6     560     7153.35    111.7     590

TOT  209600                     443900                        55570                        11650                        17080                        16610
AVE    6761                      14320                         1790                          380                          550                          540
A F  415700                     880000                       110000                        23100                        33900                        32900






                                          BUREAU OF RECLAMATION
                                          LOWER COLORADO REGION
                                          BOULDER CITY, NEVADA

                                     GLEN CANYON TO HOOVER DAM LOSSES

                                                JANUARY 2017

                      |           | LAKE    |         |   LAKE|    LAKE   |  CHANGE |
               GLEN   |    HOOVER | MEAD    |  STORAGE|   MEAD|    MEAD   |   BANK  |       |          |
              RELEASE |    RELEASE| STORAGE |  CHANGE |PUMPING|EVAPORATION| STORAGE |  LOSS |  ACCUMUL.|  INFLOW
   DATE |      CFS    |     CFS   | 1000 AF |  1000 AF|    CFS|     CFS   |    CFS  |   CFS |     A.F. |   CFS
--------------------------------------------------------------------------------------------------------------------
      1        12700        9040     10093        14       416       487       459     -1687     -3345     17500
      2        12700       10800     10101         8       424       487       262     -1322     -5966     16000
      3        15300       16500     10098        -3       427       487       -98     -3148    -12211     15800
      4        15300       10600     10101         3       460       487        98      -423    -13050     13200
      5        15100        9910     10112        11       443       487       360     -1457    -15940     16700
      6        15200       10100     10124        12       473       487       393     -2167    -20238     17500
      7        13300        9300     10141        17       412       488       557     -4193    -28555     19300
      8        12600        7140     10157        16       387       488       524     -1442    -31415     16600
      9        14900        9570     10166         9       427       488       295     -2052    -35484     15300
     10        14800        9710     10174         8       447       489       262     -2356    -40158     14900
     11        15100       12000     10179         5       410       489       164      -728    -41601     15600
     12        15100       11700     10187         8       449       489       262     -2169    -45904     16900
     13        15200        7460     10206        19       429       489       623     -3445    -52737     18600
     14        13300        8050     10223        17       430       490       557     -3007    -58702     18100
     15        12500        7660     10241        18       395       490       590     -2990    -64633     18200
     16        14200        6820     10256        15       421       490       492     -2534    -69659     15800
     17        14800        7590     10269        13       413       491       426     -2976    -75563     15500
     18        15000        6860     10282        13       458       491       426      -549    -76652     14800
     19        14500        7780     10299        17       446       491       557     -3042    -82685     17800
     20        15400        9160     10312        13       325       492       426     -2004    -86659     17000
     21        13500        6660     10333        21       552       492       688     -4521    -95627     19000
     22        12500        6880     10349        16       370       492       524      -891    -97393     16300
     23        15400        5800     10370        21       340       493       688     -4422   -106164     17900
     24        15300        6140     10390        20       367       493       655     -5257   -116591     17700
     25        15500        6300     10407        17       410       494       557      -916   -118408     16300
     26        15000        8360     10422        15       382       494       492     -1978   -122332     17300
     27        14900        5990     10441        19       430       494       623     -1623   -125550     17100
     28        12900        4180     10463        22       427       495       721     -1895   -129309     16900
     29        12600        4020     10486        23       412       495       754     -2332   -133935     17300
     30        14600        5090     10503        17       427       496       557     -2280   -138456     15100
     31        14700        4850     10521        18       484       496       590     -2864   -144137     15500

    TOTAL     443800      251960                         13093     15211                       -144138    517700






</pre>