<pre>
                                                                   BUREAU OF RECLAMATION
                                                                    LOWER COLORADO REGION
                                                                    BOULDER CITY, NEVADA

                                                               ACCUMULATIONS FOR JANUARY 2019

    |GLEN CANYON    |                         HOOVER DAM         |             DAVIS DAM           |      MWD       |            PARKER DAM              |
    |               |  LAKE                                      |LAKE                             |                | LAKE                               |   C.A.P.
    |         ACCUM.|  MEAD    HOOVER RELEASE        GROSS  RATE |MOHAVE      DAVIS RELEASE   GROSS|DIVER. AT INTAKE| HAVASU     PARKER RELEASE     GROSS| DIVER. ACCUM.
DAY |   CFS    A.F. |  ELEV.   CFS    A.F.   ACCUM.   GEN  KWH/AF|ELEV   CFS   A.F.   ACCUM.  GEN  | A.F. ACCUM.    | ELEV    CFS    A.F.   ACCUM.  GEN. | A.F.   A.F.
----------------------------------------------------------------------------------------------------------------------------------------------------------------------
  1   12000   23802   1081.56   7338  14555   14555   5599  385  640.66   8400  16662   16662  2106  2051   2051    446.44   5400  10709    10709    714   6026   6026
  2   14500   52562   1081.58   9504  18851   33406   7324  389  640.66   8400  16654   33316  2103  2770   4821    446.35   5000   9911    20620    638   4861  10887
  3   14400   81124   1081.66   8505  16870   50276   6574  390  640.63   8400  16671   49987  2101  2995   7816    446.40   3300   6540    27160    396   6031  16918
  4   14300  109488   1081.80   6438  12769   63045   4843  379  640.30   9600  19035   69022  2407  2980  10796    446.31   5490  10897    38057    716   5969  22887
  5   14200  137653   1082.03   5799  11502   74547   4373  380  639.97  10400  20627   89649  2599  2968  13764    446.18   6290  12484    50541    830   6031  28918
  6   12200  161851   1082.21   7915  15700   90247   6080  387  639.86   9390  18634  108283  2347  2956  16720    446.57   2900   5745    56286    350   6034  34952
  7   14300  190215   1082.40   8850  17554  107801   6259  357  639.84   9000  17851  126134  2245  2956  19676    447.00   1690   3351    59637    151   6034  40986
  8   14500  218975   1082.52  14186  28138  135939   7054  251  639.96   6210  12308  138442  1546  2955  22631    447.09   3600   7131    66768    445   5404  46390
  9   14400  247537   1082.66   8317  16496  152435   5961  361  639.99   7180  14248  152690  1788  2949  25580    446.97   3700   7337    74105    466   6037  52427
 10   14400  276099   1082.85  10171  20175  172610   5977  296  639.84   8800  17446  170136  2201  2939  28519    446.75   4390   8711    82816    543   6036  58463
 11   13100  302083   1083.01   7917  15703  188313   6102  389  639.85   8000  15875  186011  2001  2936  31455    446.91   2690   5338    88154    318   6033  64496
 12   11900  325686   1083.21   5828  11559  199871   4500  389  639.65   8000  15865  201876  1999  2934  34389    447.10   2990   5939    94093    370   5542  70038
 13   10800  347107   1083.35   8303  16469  216340   6503  395  639.81   6200  12301  214177  1543  2931  37320    447.05   4000   7928   102021    514   5784  75822
 14   13000  372893   1083.51   8961  17774  234114   7072  398  640.02   6000  11908  226085  1491  2929  40249    447.40   2410   4773   106794    271     55  75877
 15   13300  399273   1083.57   8676  17209  251323   6802  395  640.18   5610  11133  237218  1385  2924  43173    447.80   1800   3564   110358    174      0  75877
 16   13300  425653   1083.66   8129  16124  267447   6321  392  640.48   5200  10312  247530  1284  2917  46090    448.12   1600   3174   113532    142      0  75877
 17   13400  452231   1083.81   7725  15323  282770   5996  391  640.58   4400   8721  256251  1070  2564  48654    448.37   1590   3161   116693    141      0  75877
 18   13100  478215   1083.98   6975  13834  296605   5377  389  640.86   4400   8718  264969  1072  2462  51116    448.38   3500   6938   123631    434      0  75877
 19   12300  502612   1084.18   5871  11645  308249   4509  387  640.97   4400   8734  273703  1074  2481  53597    448.41   3300   6553   130184    412      0  75877
 20   10700  523835   1084.34   6283  12463  320712   4870  391  640.92   5500  10904  284607  1367  2497  56094    448.30   4000   7939   138123    513      0  75877
 21   13100  549818   1084.52   5965  11831  332543   4591  388  641.09   5200  10313  294920  1289  2514  58608    448.36   4700   9323   147446    628      0  75877
 22   13300  576198   1084.62   7245  14371  346914   5581  388  641.12   5210  10332  305252  1291  2527  61135    448.15   6200  12289   159735    834      0  75877
 23   13100  602182   1084.79   7033  13949  360863   5466  392  641.19   5600  11117  316369  1396  2536  63671    447.88   5800  11500   171235    813      0  75877
 24   13200  628364   1084.93   8014  15895  376758   6261  394  641.37   5210  10330  326699  1271  2909  66580    448.02   3290   6526   177761    406    166  76043
 25   13200  654545   1085.08   7621  15116  391874   5950  394  641.47   5210  10331  337030  1260  3010  69590    447.81   5900  11707   189468    784      0  76043
 26   12100  678545   1085.21   7244  14368  406242   5669  395  641.53   5700  11311  348341  1393  2988  72578    447.60   5990  11891   201359    807      0  76043
 27   10700  699769   1085.34   7787  15445  421687   6141  398  641.68   5900  11708  360049  1445  2968  75546    447.33   6790  13476   214835    923      0  76043
 28   13000  725554   1085.44   8588  17034  438722   6753  396  641.90   5900  11697  371746  1398  2948  78494    447.11   5000   9909   224744    689   3478  79521
 29   13100  751537   1085.54   8610  17078  455800   6798  398  642.13   5500  10912  382658  1255  2934  81428    446.85   4490   8910   233654    583   3683  83204
 30   13000  777322   1085.60   8583  17025  472824   6718  395  642.26   5510  10929  393587  1256  2917  84345    446.54   5500  10908   244562    767   3649  86853
 31   13300  803703   1085.75   7022  13928  486752   5375  386  641.89  12290  24376  417963  3023  2907  87252    446.58   2600   5150   249712    298   3677  90530

TOTAL                                               183399                                    52007                                                16071









                                                                    BUREAU OF RECLAMATION
                                                                    LOWER COLORADO REGION
                                                                    BOULDER CITY, NEVADA

                                                     AVAILABLE RESERVOIR ELEVATIONS AND CONTENTS FOR JANUARY 2019

                                        LAKE MEAD                      LAKE MOHAVE                      LAKE HAVASU                        SENATOR WASH
  AVAILABLE CAPACITY IN A.F.            *26120000                        1809800                           619400                              9144
  ELEVATION IN FEET                        1219.6                          647.0                            450.0                             240.0

           TOTAL     TOTAL    |             HOOVER            |            DAVIS            |             PARKER            |             SENATOR WASH
          SYSTEM    AVAILABLE |ELEVATION    CONTENT   RELEASE |ELEVATION   CONTENT  RELEASE |ELEVATION    CONTENT   RELEASE | ELEVATION   CONTENT  PUMPED   RELEASE
     DAY  STORAGE**   SPACE   |  FEET       1000A.F.    ft3/s |  FEET      1000A.F.  ft3/s  |   FEET      1000A.F.  ft3/s   |  FEET        A.F.     ft3/s    ft3/s
-----------------------------------------------------------------------------------------------------------------------------------------------------------------------------
       1    27090.7  34034.4    1081.56      10141        7340   640.66     1635.3     8400    446.44      550.8     5400      230.85     6028      883        0
       2    27065.5  34059.6    1081.58      10142        9500   640.66     1635.1     8400    446.35      549.1     5000      230.81     6016       36        0
       3    27045.5  34079.5    1081.66      10149        8510   640.63     1634.5     8400    446.40      550.1     3300      227.84     5163        0      433
       4    27021.4  34103.6    1081.80      10161        6440   640.30     1625.6     9600    446.31      548.5     5490      229.49     5627      264        0
       5    27004.6  34120.4    1082.03      10180        5800   639.97     1616.6    10400    446.18      546.1     6290      230.99     6069      421       62
       6    26998.9  34126.2    1082.21      10195        7920   639.86     1613.7     9390    446.57      553.2     2900      232.84     6642      512        0
       7    26996.6  34128.4    1082.40      10211        8850   639.84     1613.1     9000    447.00      561.1     1690      232.48     6529        0        0
       8    26988.8  34136.2    1082.52      10221       14200   639.96     1616.5     6210    447.09      562.8     3600      232.23     6450        0        0
       9    26975.0  34150.1    1082.66      10233        8320   639.99     1617.2     7180    446.97      560.6     3700      231.91     6350        0        0
      10    26957.6  34167.5    1082.85      10249       10200   639.84     1613.2     8800    446.75      556.5     4390      229.35     5588        0      356
      11    26958.8  34166.2    1083.01      10262        7920   639.85     1613.4     8000    446.91      559.6     2690      228.80     5430        0       48
      12    26960.2  34164.8    1083.21      10279        5830   639.65     1608.2     8000    447.10      562.9     2990      230.52     5929      286        0
      13    26966.7  34158.3    1083.35      10290        8300   639.81     1612.5     6200    447.05      562.0     4000      234.70     7250      722        0
      14    26978.8  34146.3    1083.51      10304        8960   640.02     1618.1     6000    447.40      568.7     2410      232.59     6564        0        0
      15    26986.7  34138.4    1083.57      10309        8680   640.18     1622.3     5610    447.80      576.2     1800      237.96     8386      562        0
      16    26987.0  34138.1    1083.66      10317        8130   640.48     1630.3     5200    448.12      582.3     1600      237.48     8213       30        0
      17    26987.5  34137.5    1083.81      10329        7730   640.58     1633.1     4400    448.37      587.1     1590      239.48     8948      500        0
      18    27000.6  34124.4    1083.98      10343        6970   640.86     1640.6     4400    448.38      587.3     3500      239.42     8926      108        0
      19    27005.9  34119.2    1084.18      10360        5870   640.97     1643.7     4400    448.41      588.0     3300      236.99     8038        0      369
      20    27004.6  34120.5    1084.34      10374        6280   640.92     1642.3     5500    448.30      585.9     4000      236.13     7737        0       95
      21    27020.1  34105.0    1084.52      10389        5960   641.09     1646.9     5200    448.36      587.0     4700      233.59     6884        0      391
      22    27003.9  34121.1    1084.62      10397        7250   641.12     1647.7     5210    448.15      582.9     6200      233.33     6800        9        0
      23    26993.3  34131.7    1084.79      10412        7030   641.19     1649.6     5600    447.88      577.8     5800      233.01     6696        0        0
      24    26988.8  34136.2    1084.93      10424        8010   641.37     1654.5     5210    448.02      580.4     3290      234.01     7020      253        0
      25    26986.0  34139.1    1085.08      10436        7620   641.47     1657.2     5210    447.81      576.4     5900      235.40     7486      259        0
      26    26980.8  34144.2    1085.21      10447        7240   641.53     1658.6     5700    447.60      572.5     5990      237.22     8120      420        0
      27    26974.4  34150.6    1085.34      10458        7790   641.68     1662.9     5900    447.33      567.4     6790      238.95     8750      445        0
      28    26969.7  34155.3    1085.44      10467        8590   641.90     1668.6     5900    447.11      563.2     5000      236.73     7947        0      341
      29    26963.6  34161.5    1085.54      10475        8610   642.13     1674.9     5500    446.85      558.3     4490      236.35     7814        0        0
      30    26949.3  34175.7    1085.60      10480        8580   642.26     1678.5     5510    446.54      552.6     5500      238.98     8761      572        0
      31    26934.1  34191.0    1085.75      10493        7020   641.89     1668.4    12300    446.58      553.4     2600      238.07     8426       24      103

TOTAL                                                   245450                       210730                        125900                          6306     2198
AVE.                                                      7920                         6800                          4060                           203       71
AC FT                                                   487000                       418000                        250000                         12508     4360

      * BOTTOM OF EXCLUSIVE FLOOD CONTROL SPACE
     ** INCLUDES FONTENELLE AND CRYSTAL RESERVOIRS

                                                                      BUREAU OF RECLAMATION
                                                                      LOWER COLORADO REGION
                                                                      BOULDER CITY, NEVADA

                                             COLORADO RIVER STORAGE PROJECT DATA (operational) FOR JANUARY 2019

                   LAKE POWELL          |        FLAMING GORGE        |          NAVAJO            |      BLUE MESA             |     MORROW POINT
             MAX. STORAGE 24322000 AF   |  MAX. STORAGE 3749000 AF    | MAX. STORAGE 1696000 AF    | MAX. STORAGE 829500 AF     | MAX. STORAGE 117025 AF  
    COMPUTED MAX. ELEV. 3700.0 FEET     |  MAX. ELEV. 6040.0 FEET     | MAX. ELEV. 6085.0 FEET     | MAX. ELEV. 7519.4 FEET     | MAX. ELEV. 7160.0 FEET
     INFLOW  ELEVATION CONTENT  RELEASE |  ELEVATION CONTENT  RELEASE | ELEVATION CONTENT  RELEASE | ELEVATION CONTENT  RELEASE | ELEVATION CONTENT  RELEASE
DATE FT3/S   (FEET)  (1000 AF)   FT3/S  |  (FEET)  (1000 AF)   FT3/   |(FEET)  (1000 AF)   FT3/S   | (FEET)  (1000 AF)   FT3/S  |(FEET)  (1000 AF)   FT3/S
------------------------------------------------------------------------------------------------------------------------------------------------------------
   1   2200   3581.64   10081    12000      6027.43   3250     2030      6016.32    880      370     7437.84    248.9     310     7147.97    107.5     320
   2   3300   3581.40   10060    14500      6027.36   3250     2030      6016.26    880      370     7437.83    248.9     330     7148.11    107.6     300
   3   2300   3581.14   10038    14400      6027.29   3250     2030      6016.20    880      360     7437.82    248.8     250     7147.96    107.5     350
   4   2500   3580.89   10016    14300      6027.24   3240     2030      6016.16    880      360     7437.82    248.8     280     7148.04    107.6     310
   5   2400   3580.63    9994    14200      6027.21   3240     2030      6016.10    880      360     7437.84    248.9     250     7148.28    107.7     210
   6    400   3580.38    9972    12200      6027.15   3240     2030      6016.07    880      370     7437.92    249.3     220     7148.32    107.8     270
   7   2600   3580.12    9950    14300      6027.09   3240     2030      6016.04    880      370     7437.88    249.1     340     7148.53    107.9     280
   8   2700   3579.87    9928    14500      6027.09   3240     2030      6016.00    880      360     7437.92    249.3     260     7148.61    108.0     290
   9   3300   3579.63    9908    14400      6027.03   3240     2030      6015.97    870      330     7437.98    249.6     190     7148.37    107.8     270
  10   2900   3579.38    9887    14400      6026.97   3230     2030      6015.93    870      290     7438.02    249.8     230     7147.98    107.5     310
  11   5700   3579.22    9873    13100      6026.95   3230     2020      6015.90    870      290     7438.08    250.1     240     7148.05    107.6     220
  12   6500   3579.10    9863    11900      6026.89   3230     2030      6015.88    870      290     7438.20    250.7      90     7147.96    107.5     140
  13   7200   3579.02    9856    10800      6026.87   3230     2030      6015.87    870      290     7438.26    251.0     250     7147.88    107.4     270
  14   7500   3578.90    9846    13000      6026.81   3230     2020      6015.85    870      290     7438.26    251.0     320     7147.87    107.4     330
  15  10600   3578.84    9840    13300      6026.75   3230     2000      6015.84    870      290     7438.27    251.0     240     7147.81    107.4     240
  16   3900   3578.64    9823    13300      6026.67   3220     2010      6015.82    870      290     7438.31    251.2     290     7147.90    107.5     300
  17   4000   3578.43    9806    13400      6026.65   3220     2000      6015.80    870      290     7438.36    251.5     230     7147.34    107.0     310
  18   9100   3578.34    9798    13100      6026.63   3220     1990      6015.78    870      290     7438.38    251.6     430     7147.94    107.5     360
  19   5500   3578.19    9785    12300      6026.59   3220     1980      6015.75    870      280     7438.43    251.8     290     7147.74    107.3     390
  20   7200   3578.11    9778    10700      6026.51   3220     2030      6015.73    870      280     7438.44    251.8     240     7147.23    106.9     270
  21  10400   3578.05    9773    13100      6026.55   3220     2030      6015.66    870      280     7438.42    251.7     340     7146.75    106.6     410
  22   3300   3577.83    9755    13300      6026.49   3220     2000      6015.64    870      280     7438.48    252.0     290     7147.29    107.0     300
  23   3100   3577.61    9736    13100      6026.47   3210     2000      6015.62    870      280     7438.28    251.1     320     7147.15    106.9     320
  24   2800   3577.38    9717    13200      6026.39   3210     2010      6015.60    870      280     7438.30    251.2     210     7146.96    106.7     320
  25   8200   3577.27    9707    13200      6026.29   3210     2010      6015.55    870      280     7438.37    251.5     270     7147.08    106.8     270
  26   5700   3577.13    9696    12100      6026.27   3210     2000      6015.53    870      280     7438.39    251.6     270     7147.15    106.9     290
  27   4400   3576.99    9684    10700      6026.19   3200     2000      6015.48    870      280     7438.40    251.7     240     7146.72    106.5     270
  28   5800   3576.83    9670    13000      6026.19   3200     2000      6015.43    870      280     7438.42    251.7     280     7146.99    106.8     280
  29   6300   3576.68    9658    13100      6026.13   3200     2010      6015.40    870      280     7438.39    251.6     380     7146.95    106.7     370
  30   5800   3576.52    9644    13000      6026.07   3200     2010      6015.36    870      280     7438.40    251.7     260     7146.69    106.5     340
  31   5200   3576.34    9629    13300      6026.01   3200     2000      6015.33    870      280     7438.40    251.7     260     7147.00    106.8     210

TOT  152800                     405200                        62480                         9500                         8400                         9120
AVE    4929                      13070                         2020                          310                          270                          290
A F  303100                     804000                       124000                        18800                        16700                        18100






                                          BUREAU OF RECLAMATION
                                          LOWER COLORADO REGION
                                          BOULDER CITY, NEVADA

                                     GLEN CANYON TO HOOVER DAM LOSSES

                                                JANUARY 2019

                      |           | LAKE    |         |   LAKE|    LAKE   |  CHANGE |
               GLEN   |    HOOVER | MEAD    |  STORAGE|   MEAD|    MEAD   |   BANK  |       |          |
              RELEASE |    RELEASE| STORAGE |  CHANGE |PUMPING|EVAPORATION| STORAGE |  LOSS |  ACCUMUL.|  INFLOW
   DATE |      CFS    |     CFS   | 1000 AF |  1000 AF|    CFS|     CFS   |    CFS  |   CFS |     A.F. |   CFS
--------------------------------------------------------------------------------------------------------------------
      1        12000        7340     10141         9       441       488       295     -2395     -4749     13100
      2        14500        9500     10142         1       458       488        33      1583     -1610     11000
      3        14400        8510     10149         7       498       488       229     -1243     -4076     13300
      4        14300        6440     10161        12       515       488       393       580     -2926     13900
      5        14200        5800     10180        19       467       489       623     -2524     -7933     17000
      6        12200        7920     10195        15       460       489       492     -2620    -13130     16900
      7        14300        8850     10211        16       461       489       524     -4156    -21373     18400
      8        14500       14200     10221        10       456       490       328     -8305    -37844     20500
      9        14400        8320     10233        12       421       490       393     -1361    -40544     15700
     10        14400       10200     10249        16       432       490       524     -5250    -50958     19700
     11        13100        7920     10262        13       418       491       426     -1400    -53736     15800
     12        11900        5830     10279        17       460       491       557     -1522    -56755     15900
     13        10800        8300     10290        11       401       491       360     -2029    -60779     15100
     14        13000        8960     10304        14       413       491       459     -5454    -71597     17400
     15        13300        8680     10309         5       419       492       164     -1470    -74513     12300
     16        13300        8130     10317         8       430       492       262      -341    -75189     13300
     17        13400        7730     10329        12       410       492       393     -1811    -78780     15100
     18        13100        6970     10343        14       399       492       459     -2094    -82933     15400
     19        12300        5870     10360        17       402       493       557     -2517    -87925     15900
     20        10700        6280     10374        14       410       493       459     -1593    -91085     14700
     21        13100        5960     10389        15       416       493       492     -2639    -96319     14900
     22        13300        7250     10397         8       466       494       262     -1765    -99820     12500
     23        13100        7030     10412        15       398       494       492     -2888   -105549     16000
     24        13200        8010     10424        12       398       494       393     -2042   -109598     15300
     25        13200        7620     10436        12       404       494       393     -1826   -113221     15000
     26        12100        7240     10447        11       473       495       360      -867   -114940     14100
     27        10700        7790     10458        11       494       495       360     -1527   -117969     14700
     28        13000        8590     10467         9       472       495       295     -2322   -122575     14400
     29        13100        8610     10475         8       443       495       262     -3111   -128745     13800
     30        13000        8580     10480         5       443       495       164       825   -127109     12200
     31        13300        7020     10493        13       480       496       426     -1917   -130911     15000

    TOTAL     405200      245400                         13658     15247                       -130912    468200





</pre>
