<pre>
                                                                    BUREAU OF RECLAMATION
                                                                    LOWER COLORADO REGION
                                                                    BOULDER CITY, NEVADA

                                                               ACCUMULATIONS FOR JANUARY 2018

    |GLEN CANYON    |                         HOOVER DAM         |             DAVIS DAM           |      MWD       |            PARKER DAM              |
    |               |  LAKE                                      |LAKE                             |                | LAKE                               |   C.A.P.
    |         ACCUM.|  MEAD    HOOVER RELEASE        GROSS  RATE |MOHAVE      DAVIS RELEASE   GROSS|DIVER. AT INTAKE| HAVASU     PARKER RELEASE     GROSS| DIVER. ACCUM.
DAY |   CFS    A.F. |  ELEV.   CFS    A.F.   ACCUM.   GEN  KWH/AF|ELEV   CFS   A.F.   ACCUM.  GEN  | A.F. ACCUM.    | ELEV    CFS    A.F.   ACCUM.  GEN. | A.F.   A.F.
----------------------------------------------------------------------------------------------------------------------------------------------------------------------
  1   13000   25785   1082.57  10246  20322   20322   8035  395  641.04   6500  12892   12892  1532  1019   1019    446.87   4910   9735     9735    656   3242   3242
  2   14300   54149   1082.62  10119  20070   40392   8006  399  641.41   4600   9118   22010  1041  1025   2044    447.02   2910   5774    15509    347   3275   6517
  3   14300   82512   1082.62  11389  22590   62982   9073  402  641.73   5490  10890   32900  1309  1009   3053    447.02   2810   5577    21086    339   3291   9808
  4   14300  110876   1082.72   9714  19267   82249   7677  398  642.11   4590   9100   42000  1064  1081   4134    447.13   1800   3570    24656    172   3317  13125
  5   14400  139438   1082.84   8727  17309   99558   6880  397  642.40   4590   9106   51106  1065   968   5102    447.00   3990   7916    32572    519   3278  16403
  6   13300  165818   1083.02   7706  15284  114842   6020  394  642.54   5190  10290   61396  1227   976   6078    446.70   5300  10519    43091    716   3294  19697
  7   12700  191008   1083.19   8163  16191  131033   6384  394  642.76   5190  10296   71692  1237  1060   7138    446.46   5300  10512    53603    730   3314  23011
  8   14500  219769   1083.32   6914  13713  144746   5363  391  642.92   4590   9112   80804  1080  1009   8147    446.36   4910   9745    63348    670   1092  24103
  9   14400  248331   1083.60   7041  13965  158711   5511  395  643.17   4600   9129   89933  1084   978   9125    446.46   3990   7910    71258    536      0  24103
 10   14300  276694   1083.79   6413  12720  171431   4955  390  643.23   5600  11104  101037  1346   502   9627    446.62   3090   6139    77397    385      0  24103
 11   14500  305455   1084.02   5791  11487  182918   4448  387  643.14   6210  12314  113351  1506   518  10145    446.92   2110   4179    81576    220    517  24620
 12   14500  334215   1084.21   6054  12009  194926   4646  387  643.17   6000  11896  125247  1458   522  10667    446.83   4800   9516    91092    638   3294  27914
 13   13600  361190   1084.45   5049  10015  204941   3825  382  643.08   6190  12278  137525  1516   521  11188    446.67   5600  11107   102199    750   3289  31203
 14   13000  386975   1084.65   6159  12216  217157   4778  391  643.06   6200  12294  149819  1516   564  11752    446.46   6190  12279   114478    863   3248  34451
 15   14500  415736   1084.84   6882  13650  230807   5377  394  642.94   7800  15476  165295  1931  1037  12789    446.22   6400  12691   127169    891   3293  37744
 16   14600  444694   1084.94   7836  15542  246349   6093  392  642.94   7800  15466  180761  1927  1042  13831    446.24   5700  11303   138472    778   3277  41021
 17   14300  473058   1085.10   7836  15543  261892   5862  377  643.00   6880  13654  194415  1673  1047  14878    446.40   4310   8544   147016    586   3267  44288
 18   14100  501025   1085.28   7044  13972  275864   5473  392  643.00   6910  13698  208113  1664  1045  15923    446.46   4100   8137   155153    551   3299  47587
 19   14200  529190   1085.46   6608  13106  288970   5107  390  642.90   7000  13890  222003  1686  1047  16970    446.27   5900  11700   166853    815   3339  50926
 20   13400  555769   1085.67   5404  10719  299689   4125  385  642.54   9790  19412  241415  2404  1052  18022    446.09   6810  13500   180353    934   3268  54194
 21   12800  581157   1085.89   5026   9969  309658   3822  383  642.21   9780  19406  260821  2403  1041  19063    446.17   6910  13698   194051    949   3182  57376
 22   14300  609521   1086.04   7349  14576  324234   5768  396  642.23   8390  16642  277463  2048  1038  20101    446.14   7610  15091   209142   1049   3288  60664
 23   14300  637884   1086.21   6911  13708  337942   5341  390  642.20   6980  13854  291317  1702  1026  21127    446.12   6100  12095   221237    847   3274  63938
 24   14700  667041   1086.36   6705  13300  351242   5239  394  642.14   7780  15424  306741  1909  1060  22187    445.91   6390  12684   233921    885   3257  67195
 25   14400  695603   1086.48   7507  14890  366132   5917  397  642.10   7970  15812  322553  1954  1049  23236    446.15   4090   8103   242024    531   3272  70467
 26   14200  723769   1086.70   6434  12762  378893   5065  397  641.83   9420  18686  341239  2316  1045  24281    445.99   6900  13687   255711    962   3284  73751
 27   12900  749355   1086.92   5683  11273  390166   4433  393  641.51   9290  18430  359669  2283  1044  25325    446.06   6500  12883   268594    885   3250  77001
 28   12700  774545   1087.13   5836  11575  401741   4565  394  641.37   8900  17662  377331  2179  1021  26346    446.04   7000  13879   282473    965   3290  80291
 29   14400  803107   1087.26   8098  16062  417803   6361  396  641.27   8890  17636  394967  2176  1040  27386    445.97   7600  15065   297538   1046   3220  83511
 30   14500  831868   1087.39   7253  14387  432190   5654  393  641.00  10490  20812  415779  2573  1035  28421    445.72   8000  15877   313415   1096   3263  86774
 31   14400  860430   1087.50   8645  17147  449337   6725  392  640.86  10490  20816  436595  2564   991  29412    445.81   7810  15498   328913   1072   3388  90162

TOTAL                                               176528                                    53373                                                22382









                                                                    BUREAU OF RECLAMATION
                                                                    LOWER COLORADO REGION
                                                                    BOULDER CITY, NEVADA

                                                     AVAILABLE RESERVOIR ELEVATIONS AND CONTENTS FOR JANUARY 2018

                                        LAKE MEAD                      LAKE MOHAVE                      LAKE HAVASU                        SENATOR WASH
  AVAILABLE CAPACITY IN A.F.            *26120000                        1809800                           619400                              9144
  ELEVATION IN FEET                        1219.6                          647.0                            450.0                             240.0

           TOTAL     TOTAL    |             HOOVER            |            DAVIS            |             PARKER            |             SENATOR WASH
          SYSTEM    AVAILABLE |ELEVATION    CONTENT   RELEASE |ELEVATION   CONTENT  RELEASE |ELEVATION    CONTENT   RELEASE | ELEVATION   CONTENT  PUMPED   RELEASE
     DAY  STORAGE**   SPACE   |  FEET       1000A.F.    ft3/s |  FEET      1000A.F.  ft3/s  |   FEET      1000A.F.  ft3/s   |  FEET        A.F.     ft3/s    ft3/s
-----------------------------------------------------------------------------------------------------------------------------------------------------------------------------
       1    32013.6  29111.5    1082.57      10225       10200   641.04     1645.4     6500    446.87      558.7     4910      235.87     7647      812        0
       2    32012.6  29112.4    1082.62      10229       10100   641.41     1655.4     4600    447.02      561.6     2910      235.40     7486       47        0
       3    32001.4  29123.7    1082.62      10229       11400   641.73     1664.2     5490    447.02      561.5     2810      234.83     7293        0        0
       4    32000.6  29124.5    1082.72      10238        9710   642.11     1674.4     4590    447.13      563.5     1800      234.35     7134        0        0
       5    31995.6  29129.5    1082.84      10248        8730   642.40     1682.3     4590    447.00      561.0     3990      233.92     6991        0        0
       6    31992.5  29132.6    1083.02      10263        7710   642.54     1686.2     5190    446.70      555.6     5300      233.53     6865        0        0
       7    31992.8  29132.2    1083.19      10277        8160   642.76     1692.0     5190    446.46      551.1     5300      233.15     6742        0        0
       8    31990.9  29134.2    1083.32      10288        6910   642.92     1696.5     4590    446.36      549.3     4910      232.82     6636        0        0
       9    32001.6  29123.5    1083.60      10312        7040   643.17     1703.5     4600    446.46      551.1     3990      232.49     6532        0        0
      10    32007.0  29118.1    1083.79      10328        6410   643.23     1705.0     5600    446.62      554.1     3090      232.18     6435        0        0
      11    32009.5  29115.5    1084.02      10347        5790   643.14     1702.6     6210    446.92      559.7     2110      231.86     6335        0        0
      12    32012.3  29112.8    1084.21      10363        6050   643.17     1703.4     6000    446.83      558.0     4800      231.29     6161        0       58
      13    32011.2  29113.8    1084.45      10383        5050   643.08     1700.8     6190    446.67      555.0     5600      227.60     5097        0      506
      14    32005.4  29119.6    1084.65      10400        6160   643.06     1700.4     6200    446.46      551.1     6190      223.59     4072        0      507
      15    31993.9  29131.2    1084.84      10416        6880   642.94     1697.0     7800    446.22      546.8     6400      219.35     3131        0      225
      16    31983.0  29142.0    1084.94      10425        7840   642.94     1697.0     7800    446.24      547.1     5700      218.77     3014        0       54
      17    31980.6  29144.4    1085.10      10438        7840   643.00     1698.7     6880    446.40      550.0     4310      218.69     2998        0        0
      18    31977.3  29147.8    1085.28      10453        7040   643.00     1698.6     6910    446.46      551.1     4100      218.61     2982        0        0
      19    31968.7  29156.3    1085.46      10469        6610   642.90     1696.1     7000    446.27      547.7     5900      218.54     2968        0        0
      20    31954.3  29170.8    1085.67      10486        5400   642.54     1686.1     9790    446.09      544.4     6810      218.44     2949        0        0
      21    31954.2  29170.9    1085.89      10505        5030   642.21     1677.1     9780    446.17      545.8     6910      218.33     2927        0        0
      22    31946.7  29178.4    1086.04      10518        7350   642.23     1677.6     8390    446.14      545.2     7610      218.23     2907        0        0
      23    31939.6  29185.4    1086.21      10532        6910   642.20     1676.9     6980    446.12      544.9     6100      218.13     2888        0        0
      24    31929.3  29195.8    1086.36      10545        6710   642.14     1675.1     7780    445.91      541.1     6390      218.03     2868        0        0
      25    31918.9  29206.1    1086.48      10555        7510   642.10     1674.2     7970    446.15      545.6     4090      217.94     2851        0        0
      26    31912.9  29212.1    1086.70      10574        6430   641.83     1666.8     9420    445.99      542.5     6900      217.84     2832        0        0
      27    31904.3  29220.8    1086.92      10593        5680   641.51     1658.1     9290    446.06      543.8     6500      217.73     2811        0        0
      28    31903.3  29221.7    1087.13      10611        5840   641.37     1654.5     8900    446.04      543.4     7000      217.64     2794        0        0
      29    31888.7  29236.4    1087.26      10622        8100   641.27     1651.6     8890    445.97      542.1     7600      217.53     2773        0        0
      30    31867.6  29257.5    1087.39      10633        7250   641.00     1644.3    10500    445.72      537.7     8000      217.43     2754        0        0
      31    31853.2  29271.8    1087.50      10642        8640   640.86     1640.7    10500    445.81      539.3     7810      217.34     2738        0        0

TOTAL                                                   226480                       220120                        165840                           859     1350
AVE.                                                      7310                         7100                          5350                            28       44
AC FT                                                   449000                       437000                        329000                          1704     2678

      * BOTTOM OF EXCLUSIVE FLOOD CONTROL SPACE
     ** INCLUDES FONTENELLE AND CRYSTAL RESERVOIRS

                                                                      BUREAU OF RECLAMATION
                                                                      LOWER COLORADO REGION
                                                                      BOULDER CITY, NEVADA

                                             COLORADO RIVER STORAGE PROJECT DATA (operational) FOR JANUARY 2018

                   LAKE POWELL          |        FLAMING GORGE        |          NAVAJO            |      BLUE MESA             |     MORROW POINT
             MAX. STORAGE 24322000 AF   |  MAX. STORAGE 3749000 AF    | MAX. STORAGE 1696000 AF    | MAX. STORAGE 829500 AF     | MAX. STORAGE 117025 AF  
    COMPUTED MAX. ELEV. 3700.0 FEET     |  MAX. ELEV. 6040.0 FEET     | MAX. ELEV. 6085.0 FEET     | MAX. ELEV. 7519.4 FEET     | MAX. ELEV. 7160.0 FEET
     INFLOW  ELEVATION CONTENT  RELEASE |  ELEVATION CONTENT  RELEASE | ELEVATION CONTENT  RELEASE | ELEVATION CONTENT  RELEASE | ELEVATION CONTENT  RELEASE
DATE FT3/S   (FEET)  (1000 AF)   FT3/S  |  (FEET)  (1000 AF)   FT3/   |(FEET)  (1000 AF)   FT3/S   | (FEET)  (1000 AF)   FT3/S  |(FEET)  (1000 AF)   FT3/S
------------------------------------------------------------------------------------------------------------------------------------------------------------
   1   6700   3622.74   14056    13000      6029.77   3340     2840      6053.65   1270      400     7491.25    591.1    1110     7151.20    110.0    1570
   2   8600   3622.64   14045    14300      6029.69   3340     2840      6053.60   1270      400     7490.94    588.7    1570     7151.38    110.2    1590
   3   7500   3622.52   14032    14300      6029.63   3330     2840      6053.55   1270      400     7490.68    586.6    1280     7150.62    109.6    1510
   4   7400   3622.40   14019    14300      6029.53   3330     2840      6053.51   1270      400     7490.48    585.1    1010     7149.35    108.6    1520
   5   7500   3622.28   14006    14400      6029.45   3330     2840      6053.46   1270      400     7490.23    583.1    1240     7148.49    107.9    1570
   6   8200   3622.19   13997    13300      6029.39   3330     2840      6053.41   1270      400     7489.96    581.0    1260     7147.27    107.0    1620
   7   7600   3622.10   13987    12700      6029.33   3320     2840      6053.39   1270      400     7489.71    579.1    1490     7148.11    107.6    1310
   8   9400   3622.01   13977    14500      6029.27   3320     2850      6053.36   1270      400     7489.45    577.1    1350     7147.81    107.4    1440
   9   6400   3621.87   13962    14400      6029.17   3320     2850      6053.33   1270      400     7489.36    576.4     800     7147.04    106.8     980
  10   8000   3621.76   13951    14300      6029.15   3320     2850      6053.27   1260      400     7489.25    575.5     840     7147.32    107.0     860
  11   7000   3621.63   13937    14500      6029.05   3310     2850      6053.26   1260      400     7489.09    574.3     800     7147.32    107.0    1000
  12  10500   3621.56   13929    14500      6028.99   3310     2850      6053.22   1260      400     7488.96    573.3     810     7147.03    106.8    1000
  13   7900   3621.46   13919    13600      6028.93   3310     2850      6053.17   1260      400     7488.85    572.4     730     7146.63    106.5     930
  14   6200   3621.34   13906    13000      6028.87   3310     2850      6053.12   1260      400     7488.71    571.3     770     7145.91    105.9    1020
  15   7100   3621.21   13892    14500      6028.79   3300     2850      6053.08   1260      410     7488.59    570.4     700     7145.57    105.7     860
  16   7200   3621.08   13878    14600      6028.71   3300     2850      6053.03   1260      410     7488.44    569.3     980     7147.55    107.2     250
  17   5800   3620.93   13862    14300      6028.65   3300     2850      6052.99   1260      380     7488.40    569.0     680     7148.72    108.1     280
  18   6200   3620.79   13847    14100      6028.59   3290     2850      6052.96   1260      360     7488.31    568.3     820     7148.08    107.6     990
  19   7400   3620.67   13834    14200      6028.53   3290     2850      6052.93   1260      360     7488.25    567.8     580     7147.15    106.9     860
  20   4800   3620.52   13818    13400      6028.51   3290     2850      6052.88   1260      370     7488.15    567.0     900     7146.78    106.6    1010
  21   9500   3620.46   13812    12800      6028.43   3290     2850      6052.87   1260      370     7487.93    565.3    1250     7147.63    107.2    1140
  22   6900   3620.33   13798    14300      6028.33   3290     2870      6052.84   1260      370     7487.80    564.3     920     7147.60    107.2     960
  23   6400   3620.19   13783    14300      6028.25   3280     2850      6052.79   1260      370     7487.60    562.8    1210     7147.86    107.4    1210
  24   8500   3620.08   13772    14700      6028.17   3280     2860      6052.76   1260      370     7487.39    561.2    1180     7148.65    108.0     860
  25   4700   3619.91   13754    14400      6028.09   3280     2860      6052.72   1260      370     7487.21    559.8    1120     7148.95    108.3     830
  26   9700   3619.83   13745    14200      6028.01   3270     2860      6052.68   1260      370     7486.92    557.6    1400     7150.39    109.4    1000
  27   5600   3619.70   13731    12900      6027.91   3270     2860      6052.63   1260      370     7486.86    557.2     690     7150.27    109.3     830
  28   7100   3619.60   13721    12700      6027.87   3270     2940      6052.59   1260      370     7486.69    555.9    1000     7150.75    109.7     880
  29   5300   3619.44   13704    14400      6027.81   3270     2890      6052.54   1260      370     7486.64    555.5     630     7150.48    109.4     730
  30   6100   3619.29   13688    14500      6027.75   3260     2860      6052.51   1260      370     7486.57    554.9     660     7150.26    109.3     700
  31   6000   3619.14   13672    14400      6027.65   3260     2860      6052.47   1250      370     7486.51    554.5     710     7150.35    109.3     680

TOT  223200                     433800                        88490                        11960                        30490                        31990
AVE    7200                      13990                         2850                          390                          980                         1030
A F  442700                     860000                       176000                        23700                        60500                        63500






                                          BUREAU OF RECLAMATION
                                          LOWER COLORADO REGION
                                          BOULDER CITY, NEVADA

                                     GLEN CANYON TO HOOVER DAM LOSSES

                                                JANUARY 2018

                      |           | LAKE    |         |   LAKE|    LAKE   |  CHANGE |
               GLEN   |    HOOVER | MEAD    |  STORAGE|   MEAD|    MEAD   |   BANK  |       |          |
              RELEASE |    RELEASE| STORAGE |  CHANGE |PUMPING|EVAPORATION| STORAGE |  LOSS |  ACCUMUL.|  INFLOW
   DATE |      CFS    |     CFS   | 1000 AF |  1000 AF|    CFS|     CFS   |    CFS  |   CFS |     A.F. |   CFS
--------------------------------------------------------------------------------------------------------------------
      1        13000       10200     10225         4       552       490       131     -1478     -2931     13400
      2        14300       10100     10229         4       460       490       131     -2083     -7063     13200
      3        14300       11400     10229         0       469       490         0       598     -5878     12400
      4        14300        9710     10238         9       464       490       295     -1148     -8155     15500
      5        14400        8730     10248        10       450       490       328      -693     -9529     15000
      6        13300        7710     10263        15       480       491       492     -2453    -14395     16700
      7        12700        8160     10277        14       410       491       459     -2205    -18768     16600
      8        14500        6910     10288        11       480       491       360      -451    -19663     13800
      9        14400        7040     10312        24       444       491       786     -8147    -35823     20900
     10        14300        6410     10328        16       439       492       524     -1464    -38727     15900
     11        14500        5790     10347        19       458       492       623     -2535    -43755     16900
     12        14500        6050     10363        16       441       493       524     -1283    -46299     15600
     13        13600        5050     10383        20       418       493       655     -2250    -50761     16700
     14        13000        6160     10400        17       430       494       557     -1758    -54247     16200
     15        14500        6880     10416        16       466       494       524     -2854    -59907     16400
     16        14600        7840     10425         9       444       494       295      -562    -61021     13600
     17        14300        7840     10438        13       407       494       426     -1255    -63510     15700
     18        14100        7040     10453        15       461       495       492     -1437    -66361     16100
     19        14200        6610     10469        16       460       495       524     -1828    -69987     16200
     20        13400        5400     10486        17       480       495       557     -1377    -72718     15500
     21        12800        5030     10505        19       364       496       623     -1932    -76550     16100
     22        14300        7350     10518        13       492       496       426     -1949    -80415     15300
     23        14300        6910     10532        14       446       496       459     -2557    -85487     15400
     24        14700        6710     10545        13       438       497       426      -361    -86203     14600
     25        14400        7510     10555        10       456       497       328       495    -85221     13800
     26        14200        6430     10574        19       456       497       623     -2915    -91004     17600
     27        12900        5680     10593        19       461       498       623     -2446    -95855     16800
     28        12700        5840     10611        18       441       498       590     -2239   -100297     16400
     29        14400        8100     10622        11       466       498       360     -2038   -104340     15000
     30        14500        7250     10633        11       469       499       360     -1411   -107139     14100
     31        14400        8640     10642         9       477       499       295       -97   -107331     14400

    TOTAL     433700      226540                         14079     15316                       -107332    481900






</pre>