<pre>                                                                   BUREAU OF RECLAMATION
                                                                    LOWER COLORADO REGION
                                                                    BOULDER CITY, NEVADA

                                                               ACCUMULATIONS FOR FEBRUARY 2019

    |GLEN CANYON    |                         HOOVER DAM         |             DAVIS DAM           |      MWD       |            PARKER DAM              |
    |               |  LAKE                                      |LAKE                             |                | LAKE                               |   C.A.P.
    |         ACCUM.|  MEAD    HOOVER RELEASE        GROSS  RATE |MOHAVE      DAVIS RELEASE   GROSS|DIVER. AT INTAKE| HAVASU     PARKER RELEASE     GROSS| DIVER. ACCUM.
DAY |   CFS    A.F. |  ELEV.   CFS    A.F.   ACCUM.   GEN  KWH/AF|ELEV   CFS   A.F.   ACCUM.  GEN  | A.F. ACCUM.    | ELEV    CFS    A.F.   ACCUM.  GEN. | A.F.   A.F.
----------------------------------------------------------------------------------------------------------------------------------------------------------------------
  1   13500   26777   1085.77  13005  25795   25795  10264  398  641.84  12410  24612   24612  3041  2553   2553    447.05   4210   8342     8342    551   4864   4864
  2   13400   53355   1085.75  13014  25813   51608  10369  402  642.01   9810  19463   44075  2389  2431   4984    447.30   4000   7925    16267    515   6041  10905
  3   11900   76959   1085.81  11336  22485   74093   8921  397  642.20   9810  19458   63533  2394  2428   7412    447.34   5200  10321    26588    702   6048  16953
  4   13600  103934   1085.85  14627  29013  103106  11529  397  642.30  10410  20641   84174  2558  2417   9829    447.06   8000  15863    42451   1105   5361  22314
  5   13600  130909   1085.77  16346  32421  135527  12892  398  642.87  10590  21006  105180  2618  2098  11927    446.88   8980  17818    60269   1229   4870  27184
  6   13300  157289   1085.75  14884  29523  165050  11632  394  642.99  12220  24233  129413  3041  1260  13187    446.84   8100  16063    76332   1124   4868  32052
  7   13600  184264   1085.73  15091  29933  194983  11933  399  643.16  13200  26191  155604  3264  1025  14212    447.33   5200  10306    86638    672   5264  37316
  8   11100  206281   1085.74  13743  27258  222241  10877  399  643.23  10800  21412  177016  2640  1028  15240    447.35   7500  14881   101519   1055   6050  43366
  9   12300  230678   1085.77  12165  24130  246371   9597  398  643.08  12800  25381  202397  3148  1033  16273    447.49   7000  13888   115407    980   6048  49414
 10   12100  254678   1085.80  12483  24759  271130   9863  398  643.21  12800  25379  227776  3144  1044  17317    447.86   6200  12295   127702    866   6054  55468
 11   12500  279471   1085.78  13758  27289  298419  10886  399  643.26  11810  23423  251199  2908  1050  18367    448.01   6510  12904   140606    916   6056  61524
 12   13100  305455   1085.81  13221  26223  324642  10481  400  643.51   9400  18640  269839  2274  1058  19425    448.00   7000  13890   154496    979   6009  67533
 13   12800  330843   1085.74  14191  28147  352789  11210  398  643.79   9380  18601  288440  2279  1427  20852    448.12   4600   9129   163625    612   5994  73527
 14   12500  355636   1085.84  13590  26955  379744  10827  402  644.06   9480  18805  307245  2301  1570  22422    448.62   2010   3981   167606    204   4147  77674
 15   12900  381223   1085.91  12977  25740  405484  10253  398  644.21  11280  22379  329624  2763  1559  23981    448.81   5500  10907   178513    770   6061  83735
 16   12500  406016   1086.12   9565  18972  424456   7531  397  644.28   9570  18981  348605  2329  1550  25531    448.82   7000  13891   192404    983   6061  89796
 17   12000  429818   1086.18  11750  23305  447761   9269  398  644.26   9170  18182  366787  2232  1540  27071    448.47   7400  14683   207087   1047   6065  95861
 18   13500  456595   1086.34   9711  19261  467022   7631  396  644.33  10400  20628  387415  2553  1532  28603    448.46   7600  15072   222159   1073   6060 101921
 19   13600  483570   1086.43   9720  19279  486301   7610  395  644.21  10180  20183  407598  2501   774  29377    448.23   8810  17481   239640   1240   6058 107979
 20   13300  509950   1086.53   9935  19706  506007   7826  397  644.35   7790  15443  423041  1875   522  29899    448.07   7810  15488   255128   1086   5272 113251
 21   13700  537124   1086.72   9007  17865  523872   7012  392  644.40  10440  20709  443750  2567   456  30355    448.32   4220   8380   263508    545   4898 118149
 22   15200  567273   1086.87   8795  17444  541316   6826  391  644.25   9470  18792  462542  2330   417  30772    448.32   7200  14285   277793   1020   4565 122714
 23   14500  596033   1087.04   7981  15830  557146   6227  393  644.24   8380  16623  479165  2024     0  30772    448.30   7000  13887   291680    983   4702 127416
 24   12700  621223   1087.22   8074  16014  573160   6330  395  644.16   8370  16608  495773  2037     0  30772    447.99   9100  18057   309737   1277   4909 132325
 25   13300  647603   1087.45   6388  12670  585830   4948  391  643.90   9390  18634  514407  2299     0  30772    447.61   9680  19204   328941   1335   4907 137232
 26   13500  674380   1087.62   6479  12850  598680   5020  391  643.69   9580  18993  533400  2336     0  30772    447.40   8910  17666   346607   1219   4903 142135
 27   13100  700364   1087.79   5446  10801  609481   4178  387  643.51   8480  16818  550218  2054     0  30772    447.21   8400  16654   363261   1129   4904 147039
 28   15000  730116   1087.97   5853  11610  621091   4430  382  643.20   9560  18971  569189  2334     0  30772    447.53   4590   9111   372372    614   3679 150718

TOTAL                                               246372                                    70235                                                25832












                                                                    BUREAU OF RECLAMATION
                                                                    LOWER COLORADO REGION
                                                                    BOULDER CITY, NEVADA

                                                     AVAILABLE RESERVOIR ELEVATIONS AND CONTENTS FOR FEBRUARY 2019

                                        LAKE MEAD                      LAKE MOHAVE                      LAKE HAVASU                        SENATOR WASH
  AVAILABLE CAPACITY IN A.F.            *26120000                        1809800                           619400                              9144
  ELEVATION IN FEET                        1219.6                          647.0                            450.0                             240.0

           TOTAL     TOTAL    |             HOOVER            |            DAVIS            |             PARKER            |             SENATOR WASH
          SYSTEM    AVAILABLE |ELEVATION    CONTENT   RELEASE |ELEVATION   CONTENT  RELEASE |ELEVATION    CONTENT   RELEASE | ELEVATION   CONTENT  PUMPED   RELEASE
     DAY  STORAGE**   SPACE   |  FEET       1000A.F.    ft3/s |  FEET      1000A.F.  ft3/s  |   FEET      1000A.F.  ft3/s   |  FEET        A.F.     ft3/s    ft3/s
-----------------------------------------------------------------------------------------------------------------------------------------------------------------------------
       1    26922.8  34202.3    1085.77      10495       13000   641.84     1667.1    12400    447.05      562.1     4210      237.82     8335      248      216
       2    26910.3  34214.7    1085.75      10493       13000   642.01     1671.5     9810    447.30      566.8     4000      239.50     8956      409        0
       3    26903.8  34221.2    1085.81      10498       11300   642.20     1676.7     9810    447.34      567.6     5200      239.56     8979      115        0
       4    26890.4  34234.7    1085.85      10502       14600   642.30     1679.6    10400    447.06      562.3     8000      239.56     8979        0        0
       5    26874.9  34250.1    1085.77      10495       16300   642.87     1695.1    10600    446.88      558.9     8980      235.42     7493        0      629
       6    26856.5  34268.5    1085.75      10493       14900   642.99     1698.4    12200    446.84      558.2     8100      234.34     7130      270      416
       7    26855.1  34270.0    1085.73      10491       15100   643.16     1703.0    13200    447.33      567.3     5200      236.25     7779      382        0
       8    26846.0  34279.0    1085.74      10492       13700   643.23     1705.1    10800    447.35      567.8     7500      237.68     8285      335        0
       9    26830.4  34294.6    1085.77      10495       12200   643.08     1700.8    12800    447.49      570.5     7000      237.75     8310       91        0
      10    26825.2  34299.9    1085.80      10497       12500   643.21     1704.4    12800    447.86      577.4     6200      238.06     8422      162        0
      11    26811.8  34313.3    1085.78      10496       13800   643.26     1705.9    11800    448.01      580.1     6510      237.07     8066        0      111
      12    26807.0  34318.0    1085.81      10498       13200   643.51     1712.8     9400    448.00      580.0     7000      236.46     7852        0       42
      13    26791.7  34333.4    1085.74      10492       14200   643.79     1720.4     9380    448.12      582.4     4600      234.14     7064        0      363
      14    26806.1  34318.9    1085.84      10501       13600   644.06     1727.9     9480    448.62      592.1     2010      232.40     6504        0      262
      15    26810.0  34315.0    1085.91      10507       13000   644.21     1732.0    11300    448.81      595.7     5500      236.25     7779      732        0
      16    26816.8  34308.3    1086.12      10525        9570   644.28     1733.9     9570    448.82      595.9     7000      233.32     6797       97      584
      17    26805.1  34319.9    1086.18      10530       11700   644.26     1733.3     9170    448.47      589.1     7400      232.97     6683        0       11
      18    26807.2  34317.9    1086.34      10543        9710   644.33     1735.4    10400    448.46      588.9     7600      231.22     6139        0      246
      19    26789.2  34335.9    1086.43      10551        9720   644.21     1732.1    10200    448.23      584.5     8810      230.98     6066        0        0
      20    26786.3  34338.7    1086.53      10559        9940   644.35     1735.9     7790    448.07      581.3     7810      229.92     5752        0      131
      21    26794.1  34330.9    1086.72      10576        9010   644.40     1737.2    10400    448.32      586.2     4220      229.73     5697        0        0
      22    26780.5  34344.6    1086.87      10588        8790   644.25     1733.2     9470    448.32      586.2     7200      233.35     6807      609        0
      23    26776.3  34348.8    1087.04      10603        7980   644.24     1732.8     8380    448.30      585.9     7000      233.64     6900      105        0
      24    26767.2  34357.9    1087.22      10618        8070   644.16     1730.8     8370    447.99      579.8     9100      236.98     8034      641        0
      25    26753.5  34371.5    1087.45      10638        6390   643.90     1723.4     9390    447.61      572.6     9680      234.18     7077        0      446
      26    26743.9  34381.2    1087.62      10652        6480   643.69     1717.8     9580    447.40      568.8     8910      233.88     6978        0        0
      27    26730.6  34394.5    1087.79      10667        5450   643.51     1712.7     8480    447.21      565.1     8400      234.77     7273      206        0
      28    26722.9  34402.1    1087.97      10682        5850   643.20     1704.3     9560    447.53      571.1     4590      234.83     7293      625        0

TOTAL                                                   313060                       286940                        187730                          5027     3457
AVE.                                                     11180                        10250                          6700                           180      123
AC FT                                                   621000                       569000                        372000                          9971     6857

      * BOTTOM OF EXCLUSIVE FLOOD CONTROL SPACE
     ** INCLUDES FONTENELLE AND CRYSTAL RESERVOIRS




                                                                      BUREAU OF RECLAMATION
                                                                      LOWER COLORADO REGION
                                                                      BOULDER CITY, NEVADA

                                             COLORADO RIVER STORAGE PROJECT DATA (operational) FOR FEBRUARY 2019

                   LAKE POWELL          |        FLAMING GORGE        |          NAVAJO            |      BLUE MESA             |     MORROW POINT
             MAX. STORAGE 24322000 AF   |  MAX. STORAGE 3749000 AF    | MAX. STORAGE 1696000 AF    | MAX. STORAGE 829500 AF     | MAX. STORAGE 117025 AF  
    COMPUTED MAX. ELEV. 3700.0 FEET     |  MAX. ELEV. 6040.0 FEET     | MAX. ELEV. 6085.0 FEET     | MAX. ELEV. 7519.4 FEET     | MAX. ELEV. 7160.0 FEET
     INFLOW  ELEVATION CONTENT  RELEASE |  ELEVATION CONTENT  RELEASE | ELEVATION CONTENT  RELEASE | ELEVATION CONTENT  RELEASE | ELEVATION CONTENT  RELEASE
DATE FT3/S   (FEET)  (1000 AF)   FT3/S  |  (FEET)  (1000 AF)   FT3/   |(FEET)  (1000 AF)   FT3/S   | (FEET)  (1000 AF)   FT3/S  |(FEET)  (1000 AF)   FT3/S
------------------------------------------------------------------------------------------------------------------------------------------------------------
   1   4000   3576.13    9612    13500      6025.97   3200     2030      6015.29    870      280     7438.44    251.8     230     7146.87    106.7     270
   2   4000   3575.92    9594    13400      6025.95   3200     1990      6015.26    870      280     7438.45    251.9     260     7146.65    106.5     240
   3   3800   3575.74    9579    11900      6025.91   3190     2000      6015.25    870      280     7438.53    252.3     230     7146.53    106.4     230
   4   7800   3575.61    9568    13600      6025.85   3190     2020      6015.22    870      280     7438.54    252.3     240     7146.44    106.3     260
   5   3700   3575.39    9550    13600      6025.81   3190     2030      6015.21    870      280     7438.56    252.4     360     7146.51    106.4     350
   6   3800   3575.18    9532    13300      6025.79   3190     2030      6015.22    870      280     7438.38    251.6     860     7146.95    106.7     760
   7   8300   3575.06    9522    13600      6025.73   3190     2020      6015.19    870      280     7438.32    251.3     480     7147.51    107.2     440
   8   5800   3574.94    9512    11100      6025.71   3190     2030      6015.17    870      280     7438.30    251.2     330     7147.13    106.9     440
   9   6500   3574.81    9501    12300      6025.61   3180     2030      6015.12    870      280     7438.23    250.8     460     7147.01    106.8     440
  10   5000   3574.65    9488    12100      6025.53   3180     2030      6015.07    870      280     7438.16    250.5     440     7146.84    106.6     450
  11   5400   3574.49    9475    12500      6025.49   3180     2030      6015.03    870      280     7438.06    250.0     630     7147.14    106.9     660
  12   6900   3574.35    9463    13100      6025.47   3180     2030      6014.98    870      280     7437.98    249.6     520     7147.46    107.1     430
  13   4800   3574.17    9448    12800      6025.39   3170     1980      6014.93    870      280     7438.06    250.0     380     7147.17    106.9     400
  14   7900   3574.06    9440    12500      6025.33   3170     2020      6014.99    870      290     7437.99    249.6     640     7147.58    107.2     440
  15   8300   3573.96    9431    12900      6025.29   3170     1960      6015.13    870      290     7438.05    249.9     290     7147.75    107.3     300
  16   5900   3573.81    9419    12500      6025.29   3170     2030      6015.16    870      290     7437.81    248.8     910     7148.81    108.2     550
  17   8900   3573.74    9413    12000      6025.23   3170     2020      6015.15    870      290     7437.79    248.7     320     7148.90    108.2     310
  18   7800   3573.61    9402    13500      6025.19   3170     2030      6015.16    870      290     7437.78    248.6     350     7148.77    108.1     400
  19   5600   3573.43    9387    13600      6025.15   3170     2030      6015.12    870      290     7437.74    248.4     430     7149.01    108.3     320
  20   8900   3573.33    9379    13300      6025.09   3160     2030      6015.11    870      290     7437.74    248.4     350     7148.74    108.1     460
  21   7600   3573.19    9367    13700      6025.05   3160     2020      6015.09    870      290     7437.68    248.1     490     7148.81    108.2     450
  22   4600   3572.95    9348    15200      6025.01   3160     2020      6015.06    870      290     7437.62    247.8     520     7148.68    108.1     630
  23   7100   3572.78    9334    14500      6024.93   3160     2030      6015.05    870      290     7437.63    247.9     310     7149.23    108.5     260
  24   5700   3572.62    9321    12700      6024.89   3160     2010      6015.01    870      290     7437.58    247.6     460     7149.17    108.4     410
  25   4900   3572.43    9305    13300      6024.85   3150     2050      6014.98    870      290     7437.54    247.4     410     7148.54    107.9     600
  26   7400   3572.29    9293    13500      6024.80   3150     2030      6014.95    870      290     7437.56    247.5     310     7148.17    107.7     480
  27   4700   3572.10    9278    13100      6024.75   3150     2010      6014.92    870      290     7437.55    247.5     340     7148.05    107.6     370
  28   5800   3571.89    9261    15000      6024.69   3150     2000      6014.90    870      290     7437.59    247.7     400     7147.55    107.2     490

TOT  170900                     368100                        56540                         7990                        11950                        11840
AVE    6104                      13150                         2020                          290                          430                          420
A F  339000                     730000                       112000                        15800                        23700                        23500









                                          BUREAU OF RECLAMATION
                                          LOWER COLORADO REGION
                                          BOULDER CITY, NEVADA

                                     GLEN CANYON TO HOOVER DAM LOSSES

                                                FEBRUARY 2019

                      |           | LAKE    |         |   LAKE|    LAKE   |  CHANGE |
               GLEN   |    HOOVER | MEAD    |  STORAGE|   MEAD|    MEAD   |   BANK  |       |          |
              RELEASE |    RELEASE| STORAGE |  CHANGE |PUMPING|EVAPORATION| STORAGE |  LOSS |  ACCUMUL.|  INFLOW
   DATE |      CFS    |     CFS   | 1000 AF |  1000 AF|    CFS|     CFS   |    CFS  |   CFS |     A.F. |   CFS
--------------------------------------------------------------------------------------------------------------------
      1        13500       13000     10495         2       439       503        66     -2023     -4012     15000
      2        13400       13000     10493        -2       464       503       -66       379     -3261     12900
      3        11900       11300     10498         5       467       503       164     -1475     -6187     15000
      4        13600       14600     10502         4       382       503       131     -4222    -14562     17600
      5        13600       16300     10495        -7       382       503      -229     -1525    -17586     13400
      6        13300       14900     10493        -2       407       503       -66     -1124    -19816     14700
      7        13600       15100     10491        -2       450       503       -66     -1392    -22577     15000
      8        11100       13700     10492         1       427       503        33     -1912    -26369     15200
      9        12300       12200     10495         3       469       503        98     -1182    -28712     14800
     10        12100       12500     10497         2       410       503        66     -3361    -35380     14500
     11        12500       13800     10496        -1       395       503       -33     -1861    -39070     14200
     12        13100       13200     10498         2       438       503        66     -3088    -45196     15200
     13        12800       14200     10492        -6       447       503      -197       561    -44083     11900
     14        12500       13600     10501         9       439       503       295     -6278    -56535     19400
     15        12900       13000     10507         6       429       503       197     -4360    -65182     17200
     16        12500        9570     10525        18       384       504       590     -7584    -80225     20100
     17        12000       11700     10530         5       401       504       164     -2358    -84902     15300
     18        13500        9710     10543        13       398       504       426     -5052    -94924     17600
     19        13600        9720     10551         8       396       504       262     -2955   -100785     14900
     20        13300        9940     10559         8       402       505       262     -1611   -103980     15100
     21        13700        9010     10576        17       393       505       557     -5434   -114758     19000
     22        15200        8790     10588        12       413       505       393     -2867   -120444     16200
     23        14500        7980     10603        15       402       505       492     -3210   -126811     16900
     24        12700        8070     10618        15       354       506       492     -1770   -130322     17000
     25        13300        6390     10638        20       447       506       655     -3543   -137349     18100
     26        13500        6480     10652        14       430       507       459     -2237   -141786     14900
     27        13100        5450     10667        15       396       507       492     -1143   -144053     14400
     28        15000        5850     10682        15       425       507       492     -1328   -146687     14800

    TOTAL     368200      313130                         11686     14114                       -146687    440300









</pre>