<pre>
                                                                    BUREAU OF RECLAMATION
                                                                    LOWER COLORADO REGION
                                                                    BOULDER CITY, NEVADA

                                                               ACCUMULATIONS FOR FEBRUARY 2015

    |GLEN CANYON    |                         HOOVER DAM         |             DAVIS DAM           |      MWD       |            PARKER DAM              |
    |               |  LAKE                                      |LAKE                             |                | LAKE                               |   C.A.P.
    |         ACCUM.|  MEAD    HOOVER RELEASE        GROSS  RATE |MOHAVE      DAVIS RELEASE   GROSS|DIVER. AT INTAKE| HAVASU     PARKER RELEASE     GROSS| DIVER. ACCUM.
DAY |   CFS    A.F. |  ELEV.   CFS    A.F.   ACCUM.   GEN  KWH/AF|ELEV   CFS   A.F.   ACCUM.  GEN  | A.F. ACCUM.    | ELEV    CFS    A.F.   ACCUM.  GEN. | A.F.   A.F.
----------------------------------------------------------------------------------------------------------------------------------------------------------------------
  1    9100   18050   1088.63   9049  17949   17949   7048  393  642.94   9400  18638   18638  2389  3430   3430    448.27   5380  10678    10678    749   4917   4917
  2   11000   39868   1088.68  11968  23739   41688   9520  401  643.06   9590  19018   37656  2409  3391   6821    448.22   6200  12300    22978    880   4932   9849
  3   11100   61884   1088.75  11018  21853   63541   8712  399  643.12   9590  19030   56686  2397  3404  10225    448.04   7010  13905    36883    998   4945  14794
  4   11000   83702   1088.73  12146  24091   87632   9673  402  643.29   9590  19018   75704  2391  3394  13619    447.78   7810  15493    52376   1104   4682  19476
  5   10700  104926   1088.73  11758  23322  110954   9325  400  643.28  10380  20598   96302  2596  3415  17034    447.79   6710  13304    65680    937   3726  23202
  6   10800  126347   1088.76  11164  22144  133098   8911  402  643.29  10990  21804  118106  2753  3373  20407    447.77   6600  13094    78774    934   4941  28143
  7    9900  145983   1088.79  10650  21125  154223   8505  403  643.35  10200  20238  138344  2553  3421  23828    447.71   7110  14103    92877    992   4943  33086
  8    9000  163835   1088.85  10710  21243  175466   8575  404  643.31  10190  20210  158554  2552  3396  27224    447.70   7210  14304   107181   1007   3338  36424
  9   10900  185455   1088.88   9469  18781  194247   7519  400  643.23  10220  20264  178818  2571  3395  30619    447.62   7500  14882   122063   1061   4159  40583
 10   10900  207074   1088.87  10126  20084  214331   8069  402  643.22  10600  21016  199834  2658  3366  33985    447.50   8000  15873   137936   1117   2526  43109
 11   10900  228694   1088.84  12500  24794  239125   9924  400  643.43  10600  21016  220850  2664  3500  37485    447.39   8800  17456   155392   1187   2525  45634
 12   10900  250314   1088.78  13546  26869  265994  10759  400  643.54  10300  20438  241288  2583  3298  40783    447.16   7990  15852   171244   1037   4135  49769
 13   10900  271934   1088.81  10289  20409  286403   8102  397  643.32  11980  23772  265060  2998  3387  44170    446.81  10500  20828   192072   1454   4155  53924
 14   10100  291967   1088.90   7903  15676  302079   6104  389  643.01  12590  24980  290040  3150  3382  47552    446.60  10300  20435   212507   1427   3333  57257
 15    9200  310215   1089.00   7097  14076  316155   5481  389  642.58  12610  25016  315056  3153  3398  50950    446.48   9690  19225   231732   1348   2524  59781
 16   11000  332033   1089.06   8957  17767  333922   7006  394  642.51  10820  21452  336508  2676  3309  54259    446.43  10000  19838   251570   1387   3351  63132
 17   11000  353851   1089.03  10632  21089  355011   8302  394  642.45  10800  21426  357934  2673     0  54259    446.28  11000  21827   273397   1519   4127  67259
 18   10900  375471   1088.98  11434  22678  377690   9010  397  642.39  11200  22206  380140  2774     0  54259    446.00   9800  19440   292837   1350   4925  72184
 19   10900  397091   1088.98  11731  23268  400958   9275  399  642.24  12890  25568  405708  3203     0  54259    446.00   9510  18857   311694   1304   3720  75904
 20   10900  418711   1088.94  11841  23487  424445   9367  399  642.02  15390  30522  436230  3833     0  54259    446.20  10210  20250   331944   1398   4091  79995
 21   10000  438545   1088.94  12172  24142  448587   9664  400  641.91  12990  25766  461996  3222     0  54259    446.42  10500  20818   352762   1450   4086  84081
 22    9100  456595   1088.92  12039  23878  472465   9550  400  642.05  11200  22212  484208  2771     0  54259    446.46  10500  20818   373580   1445   4106  88187
 23   11000  478413   1088.94  11399  22609  495074   8997  398  642.04  12000  23810  508018  2979     0  54259    446.47   9800  19433   393013   1356   4112  92299
 24   10900  500033   1088.97   9323  18491  513565   7153  387  641.73  11990  23782  531800  2968     0  54259    446.49   9000  17846   410859   1247   3226  95525
 25   10900  521653   1088.96  10762  21346  534911   8556  401  641.66  11190  22196  553996  2806     0  54259    446.70   8410  16682   427541   1166   4106  99631
 26   11300  544066   1088.96  11931  23664  558575   9429  398  641.74  10590  21004  575000  2654     0  54259    446.90   6500  12900   440441    877   4026 103657
 27   11400  566678   1088.93  10906  21631  580207   8624  399  641.57  12580  24960  599960  3167     0  54259    447.17   7600  15075   455516   1051   3333 106990
 28   11200  588893   1088.98  10065  19963  600170   7950  398  641.42  12580  24962  624922  3157     0  54259    447.38   8800  17448   472964   1233   2451 109441

TOTAL                                               239110                                    78700                                                33014












                                                                    BUREAU OF RECLAMATION
                                                                    LOWER COLORADO REGION
                                                                    BOULDER CITY, NEVADA

                                                     AVAILABLE RESERVOIR ELEVATIONS AND CONTENTS FOR FEBRUARY 2015

                                        LAKE MEAD                      LAKE MOHAVE                      LAKE HAVASU                        SENATOR WASH
  AVAILABLE CAPACITY IN A.F.            *26120000                        1809800                           619400                              9144
  ELEVATION IN FEET                        1219.6                          647.0                            450.0                             240.0

           TOTAL     TOTAL    |             HOOVER            |            DAVIS            |             PARKER            |             SENATOR WASH
          SYSTEM    AVAILABLE |ELEVATION    CONTENT   RELEASE |ELEVATION   CONTENT  RELEASE |ELEVATION    CONTENT   RELEASE | ELEVATION   CONTENT  PUMPED   RELEASE
     DAY  STORAGE**   SPACE   |  FEET       1000A.F.    ft3/s |  FEET      1000A.F.  ft3/s  |   FEET      1000A.F.  ft3/s   |  FEET        A.F.     ft3/s    ft3/s
-----------------------------------------------------------------------------------------------------------------------------------------------------------------------------
       1    29395.2  31729.8    1088.63      10739        9050   642.94     1697.0     9400    448.27      585.2     5380      235.25     7435        0        0
       2    29393.5  31731.5    1088.68      10743       12000   643.06     1700.2     9590    448.22      584.3     6200      233.16     6745        0      300
       3    29392.7  31732.3    1088.75      10749       11000   643.12     1701.9     9590    448.04      580.7     7010      232.87     6652        0        0
       4    29384.4  31740.7    1088.73      10748       12100   643.29     1706.6     9590    447.78      575.8     7810      232.58     6561        0        0
       5    29379.0  31746.1    1088.73      10748       11800   643.28     1706.5    10400    447.79      575.9     6710      233.03     6703      116        0
       6    29374.5  31750.6    1088.76      10750       11200   643.29     1706.8    11000    447.77      575.7     6600      233.94     6998      206        0
       7    29374.2  31750.9    1088.79      10753       10700   643.35     1708.2    10200    447.71      574.5     7110      236.52     7873      511        0
       8    29377.6  31747.4    1088.85      10758       10700   643.31     1707.1    10200    447.70      574.4     7210      238.34     8525      454        0
       9    29370.9  31754.1    1088.88      10761        9470   643.23     1705.2    10200    447.62      572.9     7500      237.87     8353        0        0
      10    29365.9  31759.1    1088.87      10760       10100   643.22     1704.7    10600    447.50      570.6     8000      233.89     6982        0      672
      11    29357.3  31767.8    1088.84      10757       12500   643.43     1710.4    10600    447.39      568.5     8800      227.94     5190        0      940
      12    29344.0  31781.0    1088.78      10752       13500   643.54     1713.6    10300    447.16      564.1     7990      221.77     3650        0      783
      13    29324.9  31800.1    1088.81      10755       10300   643.32     1707.4    12000    446.81      557.6    10500      219.06     3072        0      293
      14    29314.4  31810.7    1088.90      10762        7900   643.01     1699.0    12600    446.60      553.6    10300      221.40     3568      257        0
      15    29309.0  31816.1    1089.00      10771        7100   642.58     1687.3    12600    446.48      551.6     9690      225.90     4645      555        0
      16    29295.0  31830.0    1089.06      10776        8960   642.51     1685.2    10800    446.43      550.6    10000      227.94     5190      279        0
      17    29279.6  31845.4    1089.03      10773       10600   642.45     1683.7    10800    446.28      547.9    11000      230.44     5906      379        0
      18    29261.6  31863.5    1088.98      10769       11400   642.39     1682.1    11200    446.00      542.8     9800      231.18     6127      157        0
      19    29247.5  31877.6    1088.98      10769       11700   642.24     1677.9    12900    446.00      542.8     9510      231.15     6118       35        0
      20    29234.8  31890.3    1088.94      10766       11800   642.02     1671.9    15400    446.20      546.3    10200      230.89     6039        0        0
      21    29236.5  31888.6    1088.94      10766       12200   641.91     1669.1    13000    446.42      550.3    10500      229.71     5691        0      144
      22    29238.9  31886.2    1088.92      10764       12000   642.05     1672.8    11200    446.46      551.1    10500      229.50     5630        5        0
      23    29230.2  31894.9    1088.94      10766       11400   642.04     1672.5    12000    446.47      551.3     9800      229.18     5538       69       90
      24    29215.1  31910.0    1088.97      10768        9320   641.73     1664.2    12000    446.49      551.7     9000      231.62     6262      402        0
      25    29211.8  31913.2    1088.96      10767       10800   641.66     1662.3    11200    446.70      555.6     8410      231.73     6295       95       21
      26    29212.7  31912.4    1088.96      10767       11900   641.74     1664.4    10600    446.90      559.3     6500      232.06     6397       89        0
      27    29202.2  31922.8    1088.93      10765       10900   641.57     1659.7    12600    447.17      564.2     7600      231.75     6302        0        0
      28    29202.7  31922.4    1088.98      10769       10100   641.42     1655.9    12600    447.38      568.2     8800      231.45     6210        0        0

TOTAL                                                   302500                       315170                        238430                          3609     3243
AVE.                                                     10800                        11260                          8520                           129      116
AC FT                                                   600000                       625000                        473000                          7158     6432

      * BOTTOM OF EXCLUSIVE FLOOD CONTROL SPACE
     ** INCLUDES FONTENELLE AND CRYSTAL RESERVOIRS




                                                                      BUREAU OF RECLAMATION
                                                                      LOWER COLORADO REGION
                                                                      BOULDER CITY, NEVADA

                                             COLORADO RIVER STORAGE PROJECT DATA (operational) FOR FEBRUARY 2015

                   LAKE POWELL          |        FLAMING GORGE        |          NAVAJO            |      BLUE MESA             |     MORROW POINT
             MAX. STORAGE 24322000 AF   |  MAX. STORAGE 3749000 AF    | MAX. STORAGE 1696000 AF    | MAX. STORAGE 829500 AF     | MAX. STORAGE 117025 AF  
    COMPUTED MAX. ELEV. 3700.0 FEET     |  MAX. ELEV. 6040.0 FEET     | MAX. ELEV. 6085.0 FEET     | MAX. ELEV. 7519.4 FEET     | MAX. ELEV. 7160.0 FEET
     INFLOW  ELEVATION CONTENT  RELEASE |  ELEVATION CONTENT  RELEASE | ELEVATION CONTENT  RELEASE | ELEVATION CONTENT  RELEASE | ELEVATION CONTENT  RELEASE
DATE FT3/S   (FEET)  (1000 AF)   FT3/S  |  (FEET)  (1000 AF)   FT3/   |(FEET)  (1000 AF)   FT3/S   | (FEET)  (1000 AF)   FT3/S  |(FEET)  (1000 AF)   FT3/S
------------------------------------------------------------------------------------------------------------------------------------------------------------
   1   8800   3593.56   11146     9100      6026.95   3230     2030      6037.94   1090      350     7485.46    546.5     570     7151.69    110.4     700
   2   8100   3593.50   11140    11000      6026.91   3230     2020      6037.96   1090      350     7485.42    546.2     660     7151.64    110.4     690
   3   9300   3593.46   11137    11100      6026.91   3230     2030      6037.96   1090      350     7485.37    545.8     710     7151.35    110.1     860
   4   9200   3593.42   11133    11000      6026.87   3230     2020      6037.96   1090      350     7485.32    545.5     700     7151.23    110.0     780
   5   8400   3593.37   11128    10700      6026.87   3230     2030      6037.98   1090      350     7485.35    545.7     370     7151.28    110.1     370
   6   7900   3593.31   11123    10800      6026.85   3230     2050      6037.99   1090      320     7485.33    545.5     600     7151.30    110.1     610
   7   9100   3593.29   11121     9900      6026.83   3230     2040      6038.01   1090      280     7485.32    545.5     510     7151.16    110.0     580
   8   9200   3593.29   11121     9000      6026.83   3230     2040      6038.03   1090      280     7485.33    545.5     500     7151.00    109.9     580
   9   8500   3593.24   11116    10900      6026.81   3230     2030      6038.06   1090      280     7485.35    545.7     440     7150.99    109.8     460
  10  10100   3593.22   11115    10900      6026.83   3230     2040      6038.08   1090      280     7485.35    545.7     470     7150.94    109.8     510
  11   6500   3593.13   11106    10900      6026.79   3230     2030      6038.10   1090      310     7485.35    545.7     530     7151.13    110.0     480
  12   7600   3593.06   11100    10900      6026.77   3230     2040      6038.13   1090      340     7485.37    545.8     490     7151.25    110.0     470
  13   7000   3592.98   11092    10900      6026.73   3220     2040      6038.14   1090      340     7485.38    545.9     470     7151.67    110.4     330
  14   7700   3592.93   11088    10100      6026.71   3220     2040      6038.16   1090      340     7485.38    545.9     470     7151.80    110.5     430
  15   8800   3592.92   11087     9200      6026.75   3230     2040      6038.16   1090      340     7485.36    545.8     530     7151.74    110.4     560
  16   4100   3592.78   11074    11000      6026.67   3220     2040      6038.18   1090      340     7485.37    545.8     560     7152.01    110.6     480
  17   8100   3592.72   11069    11000      6026.61   3220     2040      6038.19   1090      340     7485.36    545.8     490     7152.00    110.6     520
  18   8600   3592.67   11064    10900      6026.57   3220     2030      6038.20   1090      340     7485.33    545.5     510     7152.04    110.7     510
  19   6500   3592.58   11056    10900      6026.55   3220     2040      6038.21   1090      340     7485.33    545.5     500     7152.15    110.8     480
  20   8600   3592.53   11051    10900      6026.51   3220     2030      6038.21   1090      340     7485.35    545.7     460     7152.21    110.8     470
  21  10600   3592.54   11052    10000      6026.51   3220     2010      6038.22   1090      340     7485.35    545.7     520     7152.29    110.9     520
  22  10700   3592.57   11055     9100      6026.43   3210     2020      6038.24   1090      340     7485.42    546.2     460     7152.22    110.8     520
  23   6100   3592.47   11046    11000      6026.41   3210     2040      6038.30   1090      350     7485.44    546.4     510     7152.23    110.8     530
  24   7600   3592.40   11039    10900      6026.35   3210     2030      6038.30   1090      350     7485.45    546.5     460     7152.13    110.7     530
  25   9500   3592.37   11036    10900      6026.33   3210     2030      6038.32   1090      350     7485.45    546.5     470     7152.01    110.6     560
  26   9500   3592.33   11033    11300      6026.31   3210     2020      6038.35   1100      350     7485.44    546.4     620     7152.00    110.6     650
  27   8000   3592.26   11026    11400      6026.28   3210     2030      6038.38   1100      350     7485.45    546.5     450     7151.58    110.3     650
  28   9800   3592.23   11024    11200      6026.25   3210     2020      6038.43   1100      350     7485.47    546.6     510     7151.47    110.2     580

TOT  233900                     296900                        56900                         9340                        14540                        15410
AVE    8354                      10600                         2030                          330                          520                          550
A F  463900                     589000                       113000                        18500                        28800                        30600









                                          BUREAU OF RECLAMATION
                                          LOWER COLORADO REGION
                                          BOULDER CITY, NEVADA

                                     GLEN CANYON TO HOOVER DAM LOSSES

                                                FEBRUARY 2015

                      |           | LAKE    |         |   LAKE|    LAKE   |  CHANGE |
               GLEN   |    HOOVER | MEAD    |  STORAGE|   MEAD|    MEAD   |   BANK  |       |          |
              RELEASE |    RELEASE| STORAGE |  CHANGE |PUMPING|EVAPORATION| STORAGE |  LOSS |  ACCUMUL.|  INFLOW
   DATE |      CFS    |     CFS   | 1000 AF |  1000 AF|    CFS|     CFS   |    CFS  |   CFS |     A.F. |   CFS
--------------------------------------------------------------------------------------------------------------------
      1         9100        9050     10739        10       348       508       328      -922     -1828     15300
      2        11000       12000     10743         4       388       509       131     -1441     -4685     15000
      3        11100       11000     10749         6       393       509       197     -5992    -16571     15100
      4        11000       12100     10748        -1       425       509       -33     -1501    -19548     12500
      5        10700       11800     10748         0       345       509         0     -1530    -22582     12700
      6        10800       11200     10750         2       382       509        66     -2131    -26809     13200
      7         9900       10700     10753         3       387       509        98     -2460    -31688     13200
      8         9000       10700     10758         5       384       509       164     -3492    -38614     14300
      9        10900        9470     10761         3       452       509        98     -2114    -42807     12000
     10        10900       10100     10760        -1       436       509       -33     -1466    -45715     10500
     11        10900       12500     10757        -3       382       509       -98      -870    -47441     11800
     12        10900       13500     10752        -5       412       509      -164      -820    -49068     11700
     13        10900       10300     10755         3       452       509        98     -1968    -52971     12900
     14        10100        7900     10762         7       427       509       229     -1672    -56287     12600
     15         9200        7100     10771         9       424       509       295     -1952    -60159     12900
     16        11000        8960     10776         5       429       509       164     -2480    -65077     12600
     17        11000       10600     10773        -3       458       509       -98      -769    -66602      9960
     18        10900       11400     10769        -4       436       509      -131       761    -65093     10200
     19        10900       11700     10769         0       483       509         0     -1734    -68533     12700
     20        10900       11800     10766        -3       492       509       -98      -274    -69076     11200
     21        10000       12200     10766         0       481       509         0     -2296    -73630     13200
     22         9100       12000     10764        -2       477       509       -66      -969    -75553     11900
     23        11000       11400     10766         2       464       509        66     -3453    -82401     13400
     24        10900        9320     10768         2       368       509        66     -2192    -86749     11300
     25        10900       10800     10767        -1       340       509       -33      -136    -87018     11100
     26        11300       11900     10767         0       365       509         0     -1853    -90693     12800
     27        11400       10900     10765        -2       384       509       -66       180    -90337     10700
     28        11200       10100     10769         4       453       509       131     -1861    -94029     13200

    TOTAL     297100      302590                         11667     14251                        -94030    349900









