<pre>
                                                                    BUREAU OF RECLAMATION
                                                                    LOWER COLORADO REGION
                                                                    BOULDER CITY, NEVADA

                                                               ACCUMULATIONS FOR FEBRUARY 2017

    |GLEN CANYON    |                         HOOVER DAM         |             DAVIS DAM           |      MWD       |            PARKER DAM              |
    |               |  LAKE                                      |LAKE                             |                | LAKE                               |   C.A.P.
    |         ACCUM.|  MEAD    HOOVER RELEASE        GROSS  RATE |MOHAVE      DAVIS RELEASE   GROSS|DIVER. AT INTAKE| HAVASU     PARKER RELEASE     GROSS| DIVER. ACCUM.
DAY |   CFS    A.F. |  ELEV.   CFS    A.F.   ACCUM.   GEN  KWH/AF|ELEV   CFS   A.F.   ACCUM.  GEN  | A.F. ACCUM.    | ELEV    CFS    A.F.   ACCUM.  GEN. | A.F.   A.F.
----------------------------------------------------------------------------------------------------------------------------------------------------------------------
  1   13300   26380   1086.20   9539  18921   18921   7337  388  643.50   8000  15862   15862  2024  1039   1039    447.29   6500  12884    12884    868      0      0
  2   13200   52562   1086.28  11027  21871   40792   8539  390  643.65   8400  16654   32516  2134  1023   2062    447.68   3890   7721    20605    500      0      0
  3   13000   78347   1086.38   9245  18338   59130   7125  389  643.56   9870  19584   52100  2504  1025   3087    447.68   8310  16488    37093   1145      0      0
  4   12400  102942   1086.56   6707  13303   72433   5118  385  643.33   9900  19630   71730  2508  1027   4114    447.81   8490  16847    53940   1196      0      0
  5   11300  125355   1086.70   8093  16052   88485   6243  389  643.22   8600  17050   88780  2171  1033   5147    447.86   8500  16862    70802   1203      0      0
  6   13200  151537   1086.76  10110  20053  108538   7827  390  643.35   8400  16666  105446  2155  1010   6157    448.08   6220  12328    83130    876      0      0
  7   13300  177917   1086.82  10126  20085  128623   7795  388  643.47   8400  16652  122098  2154  1031   7188    448.34   5300  10511    93641    737      0      0
  8   13200  204099   1086.90  10069  19971  148594   7835  392  643.60   7390  14656  136754  1897  1022   8210    448.58   5500  10905   104546    769      0      0
  9   13400  230678   1087.00   9549  18940  167533   7370  389  643.70   8390  16648  153402  2158  1013   9223    448.85   4500   8935   113481    616    114    114
 10   13100  256661   1087.05  10881  21583  189116   8444  391  643.91   7390  14662  168064  1899  1027  10250    448.58   8700  17257   130738   1244   3567   3681
 11   12900  282248   1087.24   7442  14760  203877   5708  387  643.84   8000  15860  183924  2061  1008  11258    448.25   9300  18439   149177   1319   3626   7307
 12   11500  305058   1087.46   6743  13375  217252   5169  386  643.77   8610  17068  200992  2227  1006  12264    447.84   9800  19434   168611   1388   3622  10929
 13   13300  331438   1087.61   7388  14653  231905   5676  387  643.48  10400  20624  221616  2685  1001  13265    447.47  10000  19839   188450   1408   3620  14549
 14   13500  358215   1087.79   6843  13573  245478   5196  383  643.14  10390  20608  242224  2681     0  13265    447.46   9000  17850   206300   1267   3275  17824
 15   13500  384992   1087.95   7434  14745  260223   5721  388  642.86  10170  20180  262404  2616     0  13265    447.38   9200  18253   224553   1289   3282  21106
 16   13300  411372   1088.12   7719  15310  275533   5862  383  642.75   9980  19804  282208  2555     0  13265    448.02   2990   5930   230483    364   2718  23824
 17   13400  437950   1088.33   8519  16897  292430   6610  391  642.63   7590  15054  297262  1938     0  13265    448.08   6000  11899   242382    830   2730  26554
 18   12700  463140   1088.47  10089  20011  312441   7917  396  642.85   7600  15074  312336  1939     0  13265    448.43   4500   8919   251301    609   3626  30180
 19   11600  486149   1088.62   8896  17645  330086   6922  392  642.97   7990  15852  328188  2045     0  13265    448.60   4600   9123   260424    629   3628  33808
 20   13400  512727   1088.73  10331  20492  350578   8066  394  643.14   6370  12642  340830  1629     0  13265    448.64   5990  11889   272313    836   2735  36543
 21   13000  538512   1088.92   6852  13590  364168   5281  389  643.28   5990  11872  352702  1532     0  13265    448.37   8690  17243   289556   1217   3045  39588
 22   13500  565289   1089.11   7012  13908  378076   5388  387  643.10   8090  16054  368756  2076     0  13265    448.04   8190  16236   305792   1161   3036  42624
 23   13800  592661   1089.17   8460  16781  394857   6553  391  643.15   7690  15248  384004  1971     0  13265    448.23   4200   8322   314114    557   3258  45882
 24   14100  620628   1089.29  10675  21174  416031   8391  396  643.22   8990  17824  401828  2314     0  13265    447.99   8490  16832   330946   1198   3101  48983
 25   13200  646810   1089.36  11354  22520  438551   8984  399  643.15  11790  23382  425210  3026     0  13265    448.14   7590  15061   346007   1073   3760  52743
 26   10100  666843   1089.46   9777  19392  457943   7729  399  643.15   9610  19052  444262  2471     0  13265    448.14   8220  16295   362302   1168   3705  56448
 27   10700  688066   1089.63   7576  15028  472971   5861  390  643.03   9590  19026  463288  2462     0  13265    448.18   8000  15868   378170   1134   2811  59259
 28   11400  710678   1089.78   7444  14765  487736   5731  388  642.70  11290  22396  485684  2897     0  13265    448.30   7700  15269   393439   1088   3100  62359

TOTAL                                               190398                                    62729                                                27689












                                                                    BUREAU OF RECLAMATION
                                                                    LOWER COLORADO REGION
                                                                    BOULDER CITY, NEVADA

                                                     AVAILABLE RESERVOIR ELEVATIONS AND CONTENTS FOR FEBRUARY 2017

                                        LAKE MEAD                      LAKE MOHAVE                      LAKE HAVASU                        SENATOR WASH
  AVAILABLE CAPACITY IN A.F.            *26120000                        1809800                           619400                              9144
  ELEVATION IN FEET                        1219.6                          647.0                            450.0                             240.0

           TOTAL     TOTAL    |             HOOVER            |            DAVIS            |             PARKER            |             SENATOR WASH
          SYSTEM    AVAILABLE |ELEVATION    CONTENT   RELEASE |ELEVATION   CONTENT  RELEASE |ELEVATION    CONTENT   RELEASE | ELEVATION   CONTENT  PUMPED   RELEASE
     DAY  STORAGE**   SPACE   |  FEET       1000A.F.    ft3/s |  FEET      1000A.F.  ft3/s  |   FEET      1000A.F.  ft3/s   |  FEET        A.F.     ft3/s    ft3/s
-----------------------------------------------------------------------------------------------------------------------------------------------------------------------------
       1    29445.6  31679.4    1086.20      10531        9540   643.50     1712.6     8000    447.29      566.6     6500      231.59     6253      331        0
       2    29454.1  31671.0    1086.28      10538       11000   643.65     1716.7     8400    447.68      573.9     3890      232.58     6561      200        0
       3    29445.1  31680.0    1086.38      10547        9250   643.56     1714.2     9870    447.68      574.0     8310      232.69     6595       51        0
       4    29441.8  31683.2    1086.56      10562        6710   643.33     1707.8     9900    447.81      576.5     8490      232.46     6523        0        0
       5    29443.6  31681.4    1086.70      10574        8090   643.22     1704.8     8600    447.86      577.3     8500      235.29     7449      517        0
       6    29441.6  31683.4    1086.76      10579       10100   643.35     1708.4     8400    448.08      581.5     6220      235.56     7541      106        2
       7    29441.2  31683.8    1086.82      10584       10100   643.47     1711.7     8400    448.34      586.5     5300      235.98     7684      130        0
       8    29446.4  31678.6    1086.90      10591       10100   643.60     1715.2     7390    448.58      591.3     5500      236.06     7712       71        0
       9    29450.3  31674.7    1087.00      10600        9550   643.70     1717.9     8390    448.85      596.5     4500      232.36     6491        0      609
      10    29448.5  31676.5    1087.05      10604       10900   643.91     1723.8     7390    448.58      591.3     8700      232.00     6378        0       25
      11    29455.6  31669.5    1087.24      10620        7440   643.84     1721.7     8000    448.25      584.9     9300      230.22     5840        0      260
      12    29460.6  31664.5    1087.46      10639        6740   643.77     1719.8     8610    447.84      577.0     9800      230.05     5790        0        0
      13    29454.8  31670.2    1087.61      10652        7390   643.48     1712.0    10400    447.47      570.0    10000      228.95     5472        0      148
      14    29457.4  31667.6    1087.79      10667        6840   643.14     1702.6    10400    447.46      569.8     9000      229.39     5599       87        0
      15    29458.8  31666.3    1087.95      10681        7430   642.86     1695.0    10200    447.38      568.2     9200      229.22     5550        4        0
      16    29486.7  31638.4    1088.12      10695        7720   642.75     1691.9     9980    448.02      580.4     2990      229.03     5495        0        0
      17    29502.9  31622.2    1088.33      10713        8520   642.63     1688.6     7590    448.08      581.5     6000      233.11     6728      639        0
      18    29533.1  31592.0    1088.47      10725       10100   642.85     1694.7     7600    448.43      588.4     4500      237.21     8117      786        0
      19    29557.7  31567.4    1088.62      10738        8900   642.97     1698.0     7990    448.60      591.6     4600      239.90     9106      632        0
      20    29569.5  31555.6    1088.73      10748       10300   643.14     1702.5     6370    448.64      592.4     5990      239.05     8787        1        0
      21    29585.6  31539.4    1088.92      10764        6850   643.28     1706.3     5990    448.37      587.1     8690      238.26     8496        0       45
      22    29580.7  31544.4    1089.11      10780        7010   643.10     1701.4     8090    448.04      580.8     8190      235.73     7599        0      394
      23    29589.1  31535.9    1089.17      10785        8460   643.15     1702.7     7690    448.23      584.5     4200      234.53     7193        0      166
      24    29598.2  31526.9    1089.29      10796       10700   643.22     1704.8     8990    447.99      579.9     8490      235.32     7459      183        0
      25    29595.6  31529.5    1089.36      10802       11400   643.15     1702.8    11800    448.14      582.7     7590      233.43     6833        0      285
      26    29602.3  31522.8    1089.46      10810        9780   643.15     1702.9     9610    448.14      582.7     8220      229.01     5489        0      697
      27    29616.3  31508.8    1089.63      10825        7580   643.03     1699.4     9590    448.18      583.6     8000      226.29     4747       60      435
      28    29625.6  31499.5    1089.78      10838        7440   642.70     1690.4    11300    448.30      585.8     7700      226.68     4850       67        0

TOTAL                                                   245940                       244940                        198370                          3865     3066
AVE.                                                      8780                         8750                          7080                           138      110
AC FT                                                   488000                       486000                        393000                          7666     6081

      * BOTTOM OF EXCLUSIVE FLOOD CONTROL SPACE
     ** INCLUDES FONTENELLE AND CRYSTAL RESERVOIRS




                                                                      BUREAU OF RECLAMATION
                                                                      LOWER COLORADO REGION
                                                                      BOULDER CITY, NEVADA

                                             COLORADO RIVER STORAGE PROJECT DATA (operational) FOR FEBRUARY 2017

                   LAKE POWELL          |        FLAMING GORGE        |          NAVAJO            |      BLUE MESA             |     MORROW POINT
             MAX. STORAGE 24322000 AF   |  MAX. STORAGE 3749000 AF    | MAX. STORAGE 1696000 AF    | MAX. STORAGE 829500 AF     | MAX. STORAGE 117025 AF  
    COMPUTED MAX. ELEV. 3700.0 FEET     |  MAX. ELEV. 6040.0 FEET     | MAX. ELEV. 6085.0 FEET     | MAX. ELEV. 7519.4 FEET     | MAX. ELEV. 7160.0 FEET
     INFLOW  ELEVATION CONTENT  RELEASE |  ELEVATION CONTENT  RELEASE | ELEVATION CONTENT  RELEASE | ELEVATION CONTENT  RELEASE | ELEVATION CONTENT  RELEASE
DATE FT3/S   (FEET)  (1000 AF)   FT3/S  |  (FEET)  (1000 AF)   FT3/   |(FEET)  (1000 AF)   FT3/S   | (FEET)  (1000 AF)   FT3/S  |(FEET)  (1000 AF)   FT3/S
------------------------------------------------------------------------------------------------------------------------------------------------------------
   1   5800   3595.71   11345    13300      6022.97   3090     1790      6056.65   1310      480     7490.66    586.5     420     7152.97    111.4     740
   2   8200   3595.61   11336    13200      6022.97   3090     1800      6056.65   1310      480     7490.64    586.3     490     7153.04    111.5     470
   3   5600   3595.46   11322    13000      6022.95   3090     1790      6056.65   1310      480     7490.65    586.4     520     7153.06    111.5     510
   4   5900   3595.33   11310    12400      6022.89   3080     1800      6056.66   1310      480     7490.65    586.4     480     7152.93    111.4     540
   5   7400   3595.25   11302    11300      6022.88   3080     1790      6056.68   1310      480     7490.72    587.0     290     7152.67    111.2     400
   6   6200   3595.11   11289    13200      6022.87   3080     1810      6056.70   1310      480     7490.65    586.4     740     7152.73    111.2     730
   7   6900   3594.98   11277    13300      6022.85   3080     1810      6056.74   1310      480     7490.52    585.4    1000     7152.76    111.2     990
   8   8300   3594.88   11268    13200      6022.83   3080     1800      6056.87   1310      480     7490.38    584.3    1140     7152.86    111.3    1110
   9   7400   3594.76   11257    13400      6022.79   3080     1800      6057.02   1310      480     7490.32    583.8     730     7151.95    110.6    1110
  10   8200   3594.66   11248    13100      6022.87   3080     1800      6057.13   1310      480     7490.24    583.2     830     7151.71    110.4     940
  11  12100   3594.64   11246    12900      6022.89   3080     1800      6057.25   1310      480     7490.22    583.1     700     7150.82    109.7    1070
  12   8600   3594.58   11240    11500      6022.91   3080     1810      6057.39   1310      490     7490.16    582.6     900     7150.51    109.5    1040
  13  10400   3594.52   11235    13300      6022.91   3080     1810      6057.62   1320      490     7490.06    581.8    1070     7150.55    109.5    1070
  14  10600   3594.46   11229    13500      6022.95   3090     1800      6057.79   1320      490     7489.97    581.1     950     7150.02    109.1    1170
  15  12100   3594.43   11226    13500      6022.95   3090     1810      6057.89   1320      490     7489.83    580.0    1030     7149.99    109.1    1050
  16  14500   3594.45   11228    13300      6023.03   3090     1850      6057.97   1320      490     7489.84    580.1     420     7148.75    108.1     920
  17  14000   3594.46   11229    13400      6023.03   3090     1910      6058.06   1320      490     7489.67    578.8    1050     7148.65    108.0    1100
  18  15900   3594.52   11235    12700      6023.01   3090     1950      6058.18   1320      480     7489.61    578.3     850     7148.29    107.8     990
  19  13800   3594.56   11238    11600      6023.03   3090     2010      6058.33   1330      490     7489.46    577.2    1120     7148.08    107.6    1220
  20  11000   3594.51   11234    13400      6023.05   3090     2050      6058.48   1330      490     7489.44    577.0     690     7147.12    106.9    1070
  21  11700   3594.48   11231    13000      6023.15   3090     2100      6058.60   1330      490     7489.32    576.1     990     7146.84    106.6    1120
  22   8600   3594.38   11222    13500      6023.09   3090     2170      6058.76   1330      480     7489.33    576.1     510     7145.27    105.4    1120
  23  11900   3594.34   11218    13800      6023.11   3090     2200      6058.90   1330      480     7489.19    575.1    1110     7145.06    105.3    1210
  24  14200   3594.34   11218    14100      6023.15   3090     1960      6058.97   1330      480     7489.03    573.8    1070     7144.90    105.2    1140
  25   9300   3594.26   11211    13200      6023.11   3090     2300      6059.04   1340      490     7488.86    572.5    1110     7144.86    105.1    1130
  26   9700   3594.25   11210    10100      6023.09   3090     2360      6059.12   1340      490     7488.69    571.2    1180     7144.68    105.0    1260
  27  12400   3594.28   11212    10700      6023.09   3090     2360      6059.18   1340      510     7488.65    570.9     580     7143.08    103.8    1190
  28  14000   3594.33   11217    11400      6023.03   3090     2390      6059.31   1340      510     7488.71    571.3     300     7141.13    102.3    1290

TOT  284700                     358300                        54630                        13610                        22270                        27700
AVE   10168                      12800                         1950                          490                          800                          990
A F  564700                     711000                       108000                        27000                        44200                        54900









                                          BUREAU OF RECLAMATION
                                          LOWER COLORADO REGION
                                          BOULDER CITY, NEVADA

                                     GLEN CANYON TO HOOVER DAM LOSSES

                                                FEBRUARY 2017

                      |           | LAKE    |         |   LAKE|    LAKE   |  CHANGE |
               GLEN   |    HOOVER | MEAD    |  STORAGE|   MEAD|    MEAD   |   BANK  |       |          |
              RELEASE |    RELEASE| STORAGE |  CHANGE |PUMPING|EVAPORATION| STORAGE |  LOSS |  ACCUMUL.|  INFLOW
   DATE |      CFS    |     CFS   | 1000 AF |  1000 AF|    CFS|     CFS   |    CFS  |   CFS |     A.F. |   CFS
--------------------------------------------------------------------------------------------------------------------
      1        13300        9540     10531        10       430       504       328     -1265     -2509     15800
      2        13200       11000     10538         7       371       504       229      -918     -4330     15600
      3        13000        9250     10547         9       357       504       295     -1671     -7644     14900
      4        12400        6710     10562        15       405       504       492     -2502    -12607     15700
      5        11300        8090     10574        12       357       505       393     -2366    -17299     15400
      6        13200       10100     10579         5       405       505       164     -1337    -19951     13700
      7        13300       10100     10584         5       433       505       164     -2378    -24667     13700
      8        13200       10100     10591         7       464       505       229     -1665    -27969     14800
      9        13400        9550     10600         9       449       505       295     -2017    -31970     15300
     10        13100       10900     10604         4       529       506       131      -849    -33655     14100
     11        12900        7440     10620        16       481       506       524     -3666    -40927     17000
     12        11500        6740     10639        19       436       506       623     -4813    -50473     17900
     13        13300        7390     10652        13       500       507       426     -2450    -55333     15400
     14        13500        6840     10667        15       487       507       492     -4362    -63984     15900
     15        13500        7430     10681        14       475       507       459     -2603    -69148     15900
     16        13300        7720     10695        14       401       507       459     -2650    -74404     16100
     17        13400        8520     10713        18       356       508       590     -5572    -85456     19000
     18        12700       10100     10725        12       345       508       393     -4062    -93512     17400
     19        11600        8900     10738        13       353       508       426     -3377   -100212     16700
     20        13400       10300     10748        10       424       509       328     -3872   -107892     16600
     21        13000        6850     10764        16       441       509       524     -4775   -117364     16400
     22        13500        7010     10780        16       455       509       524     -3147   -123605     16600
     23        13800        8460     10785         5       441       510       164       951   -121719     12100
     24        14100       10700     10796        11       486       510       360     -4116   -129883     17600
     25        13200       11400     10802         6       487       510       197     -1844   -133541     15600
     26        10100        9780     10810         8       385       510       262      -894   -135313     15000
     27        10700        7580     10825        15       408       510       492     -3331   -141920     16600
     28        11400        7440     10838        13       416       511       426     -5288   -152410     15300

    TOTAL     358300      245900                         11977     14199                       -152410    442300









</pre>