<pre>
                                                                    BUREAU OF RECLAMATION
                                                                    LOWER COLORADO REGION
                                                                    BOULDER CITY, NEVADA

                                                               ACCUMULATIONS FOR MARCH 2016

    |GLEN CANYON    |                         HOOVER DAM         |             DAVIS DAM           |      MWD       |            PARKER DAM              |
    |               |  LAKE                                      |LAKE                             |                | LAKE                               |   C.A.P.
    |         ACCUM.|  MEAD    HOOVER RELEASE        GROSS  RATE |MOHAVE      DAVIS RELEASE   GROSS|DIVER. AT INTAKE| HAVASU     PARKER RELEASE     GROSS| DIVER. ACCUM.
DAY |   CFS    A.F. |  ELEV.   CFS    A.F.   ACCUM.   GEN  KWH/AF|ELEV   CFS   A.F.   ACCUM.  GEN  | A.F. ACCUM.    | ELEV    CFS    A.F.   ACCUM.  GEN. | A.F.   A.F.
----------------------------------------------------------------------------------------------------------------------------------------------------------------------
  1   11700   23207   1084.12  13117  26018   26018  11001  423  641.04  14760  29282   29282  3710  2487   2487    446.64  10900  21611    21611   1508   4047   4047
  2   12000   47008   1084.03  14896  29546   55564  12288  416  641.12  13600  26966   56248  3408  2491   4978    446.66  11280  22374    43985   1567   4052   8099
  3   11600   70017   1083.91  15484  30713   86277  14523  473  641.45  12980  25746   81994  3258  2524   7502    447.00   7090  14071    58056    994   3678  11777
  4   11600   93025   1083.68  20736  41129  127406  17332  421  641.97  14180  28122  110116  3577  3399  10901    447.12   9200  18248    76304   1279   3213  14990
  5   10400  113653   1083.54  17215  34145  161551  13520  396  642.08  14960  29678  139794  3785  3385  14286    447.25   9000  17856    94160   1259   4129  19119
  6    9300  132099   1083.58  12500  24793  186344   9702  391  641.90  15000  29756  169550  3792  3382  17668    447.49   9690  19225   113385   1357   4055  23174
  7   11600  155107   1083.38  18292  36281  222625  14371  396  642.10  14970  29692  199242  3781  3386  21054    447.47  11000  21816   135201   1534   4120  27294
  8   11700  178314   1083.33  13327  26434  249059  10448  395  641.94  15580  30896  230138  3941  3390  24444    447.55  10790  21408   156609   1512   4137  31431
  9   11800  201719   1083.17  17704  35115  284174  13991  398  642.02  15580  30906  261044  3944  3387  27831    447.46  12810  25401   182010   1789   4136  35567
 10   11800  225124   1083.00  18511  36717  320891  14610  398  642.14  15580  30894  291938  3941  2873  30704    447.83   8410  16680   198690   1174   4036  39603
 11   11700  248331   1082.83  21503  42651  363542  16904  396  642.37  15190  30124  322062  3846  2479  33183    447.99  11620  23041   221731   1626   3733  43336
 12   10500  269157   1082.82  11093  22002  385544   8679  394  642.20  15200  30150  352212  3852  2409  35592    447.84  12600  24999   246730   1761   3731  47067
 13    9500  288000   1082.84  10079  19992  405536   7880  394  641.78  15190  30128  382340  3838  2473  38065    447.92  11100  22007   268737   1559   3733  50800
 14   11600  311008   1082.79  13807  27386  432922  10793  394  641.73  15190  30124  412464  3830  2535  40600    448.11  11200  22219   290956   1575   2697  53497
 15   11800  334413   1082.63  18301  36299  469221  14347  395  642.06  12580  24950  437414  3168  2541  43141    448.06  11420  22642   313598   1599   3089  56586
 16   11900  358016   1082.42  20808  41272  510493  16005  388  642.65  12180  24160  461574  3079  2532  45673    447.88  11210  22237   335835   1565   3091  59677
 17   11800  381421   1082.20  20015  39700  550193  15686  395  642.91  14810  29368  490942  3763  2551  48224    448.21   8810  17483   353318   1241   3090  62767
 18   11800  404826   1082.08  16835  33391  583584  13222  396  642.89  15980  31698  522640  4072  2993  51217    448.11  12800  25388   378706   1779   3089  65856
 19   10500  425653   1082.07  12717  25223  608807   9975  395  642.63  16390  32500  555140  4172  2994  54211    448.00  13200  26184   404890   1826   3663  69519
 20    9400  444297   1081.97  15834  31406  640213  12396  395  642.49  16180  32102  587242  4102  3002  57213    448.03  13400  26586   431476   1866   3661  73180
 21   11800  467702   1081.90  14017  27803  668016  11037  397  642.34  15390  30532  617774  3900  2962  60175    447.90  13400  26575   458051   1856   3410  76590
 22   11700  490909   1081.84  14536  28832  696847  11395  395  642.30  16190  32106  649880  4094  2940  63115    447.86  14200  28174   486225   1977   4070  80660
 23   11600  513917   1081.68  14792  29339  726186  11599  395  642.08  15790  31316  681196  3977  2929  66044    447.45  14800  29359   515584   2045   3857  84517
 24   11800  537322   1081.60  15773  31286  757473  12359  395  642.00  15820  31378  712574  3964  2934  68978    447.89   8310  16479   532063   1158   4226  88743
 25   11900  560926   1081.45  17263  34240  791713  13560  396  642.11  16290  32316  744890  4036  2921  71899    447.79  12000  23807   555870   1659   4479  93222
 26   10700  582149   1081.38  14907  29567  821280  11715  396  641.91  16280  32284  777174  4044  2956  74855    447.79  12120  24038   579908   1665   4885  98107
 27    9400  600793   1081.32  14274  28312  849592  11204  396  641.73  16180  32090  809264  4010  2835  77690    447.71  12820  25435   605343   1777   4887 102994
 28   11700  624000   1081.16  16474  32675  882267  12892  395  641.71  16030  31786  841050  3959  2916  80606    447.74  11910  23615   628958   1645   4881 107875
 29   11700  647207   1080.95  20827  41310  923577  16256  394  642.18  13040  25860  866910  3229  2865  83471    447.72  12100  23995   652953   1680   4883 112758
 30   11800  670612   1080.61  23619  46847  970424  18381  392  642.90  12990  25762  892672  3243  2486  85957    447.31  12510  24812   677765   1721   4882 117640
 31   11800  694016   1080.45  18738  37166 1007590  14620  393  643.17  14280  28332  921004  3580  3444  89401    447.40   8610  17075   694840   1188   4889 122529

TOTAL                                               402691                                   116896                                                48743









                                                                    BUREAU OF RECLAMATION
                                                                    LOWER COLORADO REGION
                                                                    BOULDER CITY, NEVADA

                                                     AVAILABLE RESERVOIR ELEVATIONS AND CONTENTS FOR MARCH 2016

                                        LAKE MEAD                      LAKE MOHAVE                      LAKE HAVASU                        SENATOR WASH
  AVAILABLE CAPACITY IN A.F.            *26120000                        1809800                           619400                              9144
  ELEVATION IN FEET                        1219.6                          647.0                            450.0                             240.0

           TOTAL     TOTAL    |             HOOVER            |            DAVIS            |             PARKER            |             SENATOR WASH
          SYSTEM    AVAILABLE |ELEVATION    CONTENT   RELEASE |ELEVATION   CONTENT  RELEASE |ELEVATION    CONTENT   RELEASE | ELEVATION   CONTENT  PUMPED   RELEASE
     DAY  STORAGE**   SPACE   |  FEET       1000A.F.    ft3/s |  FEET      1000A.F.  ft3/s  |   FEET      1000A.F.  ft3/s   |  FEET        A.F.     ft3/s    ft3/s
-----------------------------------------------------------------------------------------------------------------------------------------------------------------------------
       1    29139.8  31985.2    1084.12      10355       13100   641.04     1645.6    14800    446.64      554.5    10900      236.96     8027      280        0
       2    29135.4  31989.6    1084.03      10348       14900   641.12     1647.8    13600    446.66      554.9    11300      237.97     8389      258        0
       3    29136.4  31988.6    1083.91      10338       15500   641.45     1656.6    13000    447.00      561.2     7090      237.49     8217        0        0
       4    29133.3  31991.7    1083.68      10318       20700   641.97     1670.7    14200    447.12      563.5     9200      237.07     8066        0        0
       5    29121.3  32003.7    1083.54      10306       17200   642.08     1673.5    15000    447.25      565.8     9000      236.68     7929        0        0
       6    29127.4  31997.6    1083.58      10310       12500   641.90     1668.6    15000    447.49      570.4     9690      236.31     7800        0        0
       7    29115.9  32009.2    1083.38      10293       18300   642.10     1674.1    15000    447.47      569.9    11000      235.95     7674        0        0
       8    29103.4  32021.6    1083.33      10289       13300   641.94     1669.7    15600    447.55      571.5    10800      235.61     7558        0        0
       9    29086.0  32039.1    1083.17      10275       17700   642.02     1672.0    15600    447.46      569.8    12800      235.28     7445        0        0
      10    29076.1  32049.0    1083.00      10261       18500   642.14     1675.2    15600    447.83      576.8     8410      236.02     7698      186        0
      11    29067.7  32057.4    1082.83      10247       21500   642.37     1681.6    15200    447.99      579.8    11600      236.94     8020      225        0
      12    29058.5  32066.5    1082.82      10246       11100   642.20     1676.9    15200    447.84      577.0    12600      237.17     8102      120        0
      13    29049.4  32075.7    1082.84      10248       10100   641.78     1665.4    15200    447.92      578.5    11100      236.75     7954        0        0
      14    29045.5  32079.6    1082.79      10243       13800   641.73     1664.1    15200    448.11      582.1    11200      236.37     7821        0        0
      15    29032.1  32092.9    1082.63      10230       18300   642.06     1672.9    12600    448.06      581.2    11400      236.00     7691        0        0
      16    29019.8  32105.2    1082.42      10213       20800   642.65     1689.1    12200    447.88      577.8    11200      235.65     7572        0        0
      17    29011.0  32114.0    1082.20      10194       20000   642.91     1696.4    14800    448.21      584.0     8810      235.32     7459        0        0
      18    28992.5  32132.6    1082.08      10184       16800   642.89     1695.6    16000    448.11      582.0    12800      235.08     7377        0        0
      19    28976.6  32148.5    1082.07      10183       12700   642.63     1688.6    16400    448.00      580.0    13200      233.82     6959        0      158
      20    28962.2  32162.8    1081.97      10175       15800   642.49     1684.9    16200    448.03      580.5    13400      233.56     6874        0        0
      21    28943.1  32181.9    1081.90      10169       14000   642.34     1680.5    15400    447.90      578.2    13400      232.33     6482        0      166
      22    28929.6  32195.4    1081.84      10164       14500   642.30     1679.5    16200    447.86      577.4    14200      232.09     6406        0        0
      23    28897.2  32227.9    1081.68      10151       14800   642.08     1673.6    15800    447.45      569.6    14800      231.83     6326        0        0
      24    28888.5  32236.6    1081.60      10144       15800   642.00     1671.4    15800    447.89      578.0     8310      231.59     6253        0        0
      25    28873.7  32251.4    1081.45      10131       17300   642.11     1674.5    16300    447.79      575.9    12000      233.34     6803      263        6
      26    28850.6  32274.5    1081.38      10126       14900   641.91     1669.0    16300    447.79      576.0    12100      237.79     8324      857        0
      27    28837.0  32288.0    1081.32      10121       14300   641.73     1664.1    16200    447.71      574.6    12800      239.25     8862      405        0
      28    28813.1  32311.9    1081.16      10107       16500   641.71     1663.5    16000    447.74      575.1    11900      238.20     8474        0       85
      29    28808.9  32316.2    1080.95      10090       20800   642.18     1676.2    13000    447.72      574.8    12100      235.45     7503        0      447
      30    28779.9  32345.1    1080.61      10062       23600   642.90     1696.0    13000    447.31      566.9    12500      235.17     7408        0        0
      31    28775.3  32349.8    1080.45      10048       18700   643.17     1703.3    14300    447.40      568.6     8610      234.87     7307        0        0

TOTAL                                                   507800                       464700                        350220                          2594      862
AVE.                                                     16380                        14990                         11300                            84       28
AC FT                                                  1007000                       922000                        695000                          5145     1710

      * BOTTOM OF EXCLUSIVE FLOOD CONTROL SPACE
     ** INCLUDES FONTENELLE AND CRYSTAL RESERVOIRS

                                                                      BUREAU OF RECLAMATION
                                                                      LOWER COLORADO REGION
                                                                      BOULDER CITY, NEVADA

                                             COLORADO RIVER STORAGE PROJECT DATA (operational) FOR MARCH 2016

                   LAKE POWELL          |        FLAMING GORGE        |          NAVAJO            |      BLUE MESA             |     MORROW POINT
             MAX. STORAGE 24322000 AF   |  MAX. STORAGE 3749000 AF    | MAX. STORAGE 1696000 AF    | MAX. STORAGE 829500 AF     | MAX. STORAGE 117025 AF  
    COMPUTED MAX. ELEV. 3700.0 FEET     |  MAX. ELEV. 6040.0 FEET     | MAX. ELEV. 6085.0 FEET     | MAX. ELEV. 7519.4 FEET     | MAX. ELEV. 7160.0 FEET
     INFLOW  ELEVATION CONTENT  RELEASE |  ELEVATION CONTENT  RELEASE | ELEVATION CONTENT  RELEASE | ELEVATION CONTENT  RELEASE | ELEVATION CONTENT  RELEASE
DATE FT3/S   (FEET)  (1000 AF)   FT3/S  |  (FEET)  (1000 AF)   FT3/   |(FEET)  (1000 AF)   FT3/S   | (FEET)  (1000 AF)   FT3/S  |(FEET)  (1000 AF)   FT3/S
------------------------------------------------------------------------------------------------------------------------------------------------------------
   1   9400   3594.36   11220    11700      6024.11   3130     1110      6064.49   1410      480     7487.00    558.2     740     7148.90    108.2     720
   2  10700   3594.33   11217    12000      6024.19   3130      810      6064.57   1410      480     7486.98    558.1     730     7149.00    108.3     720
   3   8800   3594.27   11211    11600      6024.21   3130      820      6064.68   1410      480     7486.95    557.8     670     7148.96    108.3     720
   4  10300   3594.24   11209    11600      6024.27   3130      820      6064.76   1410      490     7486.92    557.6     680     7148.80    108.1     750
   5   6100   3594.15   11200    10400      6024.33   3140      820      6064.85   1410      490     7486.91    557.5     700     7148.83    108.2     740
   6   8500   3594.13   11199     9300      6024.43   3140      820      6064.96   1410      490     7486.89    557.4     730     7148.90    108.2     720
   7  10900   3594.11   11197    11600      6024.45   3140      820      6065.06   1410      500     7486.88    557.3     820     7149.02    108.3     780
   8   8400   3594.04   11190    11700      6024.47   3140      810      6065.13   1410      490     7486.82    556.9     740     7149.19    108.4     680
   9   8000   3593.96   11183    11800      6024.51   3140      820      6065.22   1420      440     7486.88    557.3     460     7149.25    108.5     460
  10   7500   3593.87   11174    11800      6024.55   3140      820      6065.30   1420      420     7486.93    557.7     410     7149.04    108.3     530
  11   8900   3593.81   11169    11700      6024.57   3140      820      6065.38   1420      420     7487.00    558.2     490     7149.04    108.3     500
  12   8200   3593.76   11164    10500      6024.63   3150      820      6065.47   1420      430     7487.08    558.8     400     7149.06    108.3     420
  13   7700   3593.72   11161     9500      6024.65   3150      820      6065.60   1420      420     7487.15    559.4     500     7149.15    108.4     490
  14   9400   3593.67   11156    11600      6024.66   3150      820      6065.69   1420      420     7487.24    560.1     540     7149.30    108.5     530
  15   6500   3593.56   11146    11800      6024.67   3150      810      6065.80   1420      420     7487.29    560.4     570     7149.62    108.8     490
  16   7100   3593.46   11137    11900      6024.67   3150      810      6065.89   1420      420     7487.37    561.1     480     7149.79    108.9     490
  17   8500   3593.39   11130    11800      6024.71   3150      810      6065.98   1430      420     7487.34    560.8     690     7150.14    109.2     560
  18   8000   3593.31   11123    11800      6024.73   3150      810      6066.05   1430      420     7487.32    560.7     710     7150.69    109.6     530
  19   6700   3593.23   11115    10500      6024.73   3150      810      6066.16   1430      420     7487.34    560.8     610     7151.24    110.0     470
  20   7100   3593.18   11111     9400      6024.75   3150      820      6066.26   1430      430     7487.32    560.7     740     7151.87    110.5     500
  21   7000   3593.08   11102    11800      6024.79   3150      820      6066.36   1430      430     7487.28    560.4     780     7152.45    111.0     570
  22   5900   3592.96   11091    11700      6024.87   3160      820      6066.45   1430      430     7487.26    560.2     760     7153.18    111.6     520
  23   6800   3592.86   11081    11600      6024.91   3160      820      6066.56   1430      430     7487.45    561.7     230     7152.55    111.1     510
  24   6500   3592.75   11071    11800      6024.93   3160      820      6066.65   1430      430     7487.59    562.7     150     7151.60    110.3     540
  25   9100   3592.69   11066    11900      6024.95   3160      820      6066.74   1440      440     7487.63    563.0     560     7151.80    110.5     510
  26   3900   3592.55   11053    10700      6024.95   3160      820      6066.80   1440      440     7487.66    563.3     480     7152.28    110.9     450
  27   8100   3592.52   11050     9400      6024.95   3160      810      6066.87   1440      440     7487.74    563.9     260     7151.80    110.5     430
  28   4400   3592.37   11036    11700      6025.03   3160      820      6066.94   1440      440     7487.75    564.0     560     7151.42    110.2     610
  29  10900   3592.35   11035    11700      6025.07   3160      810      6067.01   1440      440     7487.78    564.2     600     7151.60    110.3     620
  30   5000   3592.21   11022    11800      6025.07   3160      810      6067.03   1440      450     7487.73    563.8     810     7151.96    110.6     730
  31  10500   3592.18   11019    11800      6025.13   3170      820      6067.08   1440      450     7487.62    563.0    1090     7152.79    111.3     820

TOT  244800                     349900                        25610                        13800                        18690                        18110
AVE    7897                      11290                          830                          450                          600                          580
A F  485600                     694000                        51000                        27400                        37100                        35900






                                          BUREAU OF RECLAMATION
                                          LOWER COLORADO REGION
                                          BOULDER CITY, NEVADA

                                     GLEN CANYON TO HOOVER DAM LOSSES

                                                MARCH 2016

                      |           | LAKE    |         |   LAKE|    LAKE   |  CHANGE |
               GLEN   |    HOOVER | MEAD    |  STORAGE|   MEAD|    MEAD   |   BANK  |       |          |
              RELEASE |    RELEASE| STORAGE |  CHANGE |PUMPING|EVAPORATION| STORAGE |  LOSS |  ACCUMUL.|  INFLOW
   DATE |      CFS    |     CFS   | 1000 AF |  1000 AF|    CFS|     CFS   |    CFS  |   CFS |     A.F. |   CFS
--------------------------------------------------------------------------------------------------------------------
      1        11700       13100     10355        -5       546       506      -164      -738     -1463     11500
      2        12000       14900     10348        -7       512       506      -229       870       263     12200
      3        11600       15500     10338       -10       620       506      -328       455      1166     11300
      4        11600       20700     10318       -20       517       506      -655      1005      3159     11000
      5        10400       17200     10306       -12       546       505      -393      -232      2698     11800
      6         9300       12500     10310         4       523       505       131     -4095     -5423     15700
      7        11600       18300     10293       -17       515       505      -557       180     -5066     10200
      8        11700       13300     10289        -4       497       505      -131     -2853    -10724     12200
      9        11800       17700     10275       -14       557       505      -459       389     -9952     11200
     10        11800       18500     10261       -14       560       504      -459      -340    -10627     12000
     11        11700       21500     10247       -14       540       504      -459     -3234    -17041     15000
     12        10500       11100     10246        -1       582       504       -33       124    -16795     11600
     13         9500       10100     10248         2       472       504        66      -416    -17620     12100
     14        11600       13800     10243        -5       515       504      -164     -1605    -20804     12100
     15        11800       18300     10230       -13       599       504      -426     -2938    -26632     12400
     16        11900       20800     10213       -17       545       503      -557     -1079    -28772     12700
     17        11800       20000     10194       -19       572       503      -623       884    -27018     10900
     18        11800       16800     10184       -10       563       503      -328      -642    -28291     12500
     19        10500       12700     10183        -1       563       503       -33     -1396    -31060     13200
     20         9400       15800     10175        -8       518       502      -262      -700    -32449     12500
     21        11800       14000     10169        -6       562       502      -197     -1330    -35088     11800
     22        11700       14500     10164        -5       585       502      -164     -3498    -42026     12900
     23        11600       14800     10151       -13       582       502      -426      2852    -36369      8900
     24        11800       15800     10144        -7       593       502      -229     -1451    -39247     13100
     25        11900       17300     10131       -13       593       501      -426       195    -38859     11400
     26        10700       14900     10126        -5       565       501      -164     -1465    -41764     13300
     27         9400       14300     10121        -5       555       501      -164      -804    -43360     12700
     28        11700       16500     10107       -14       548       501      -459       649    -42072     10000
     29        11700       20800     10090       -17       608       501      -557     -3353    -48723     12800
     30        11800       23600     10062       -28       557       500      -918      2062    -44633      9620
     31        11800       18700     10048       -14       579       500      -459      -542    -45707     12300

    TOTAL     349800      507990                         17189     15600                        -45708    373100






</pre>