
<pre>                                                                   BUREAU OF RECLAMATION
                                                                    LOWER COLORADO REGION
                                                                    BOULDER CITY, NEVADA

                                                               ACCUMULATIONS FOR MARCH 2019

    |GLEN CANYON    |                         HOOVER DAM         |             DAVIS DAM           |      MWD       |            PARKER DAM              |
    |               |  LAKE                                      |LAKE                             |                | LAKE                               |   C.A.P.
    |         ACCUM.|  MEAD    HOOVER RELEASE        GROSS  RATE |MOHAVE      DAVIS RELEASE   GROSS|DIVER. AT INTAKE| HAVASU     PARKER RELEASE     GROSS| DIVER. ACCUM.
DAY |   CFS    A.F. |  ELEV.   CFS    A.F.   ACCUM.   GEN  KWH/AF|ELEV   CFS   A.F.   ACCUM.  GEN  | A.F. ACCUM.    | ELEV    CFS    A.F.   ACCUM.  GEN. | A.F.   A.F.
----------------------------------------------------------------------------------------------------------------------------------------------------------------------
  1   13100   25983   1088.01  13295  26370   26370  10618  403  643.41   9980  19788   19788  2435     0      0    447.55   8580  17021    17021   1170   1647   1647
  2   12300   50380   1088.05  13235  26252   52622  10525  401  643.59   9970  19772   39560  2440     0      0    447.50   9200  18245    35266   1292   1649   3296
  3   11400   72992   1088.20  10475  20776   73398   8305  400  643.74   9970  19784   59344  2443     0      0    447.43   9590  19014    54280   1333   1659   4955
  4   13100   98975   1088.35  11174  22163   95561   8869  400  643.83   9970  19772   79116  2442     0      0    447.40  10690  21212    75492   1501   1657   6612
  5   13100  124959   1088.43  10344  20516  116077   8185  399  643.84   9980  19796   98912  2447     0      0    447.27   9200  18246    93738   1293   1954   8566
  6   13300  151339   1088.55  12182  24163  140240   9618  398  644.01  10570  20975  119887  2585     0      0    447.04  10600  21021   114759   1484   2256  10822
  7   13100  177322   1088.71  11604  23016  163257   9190  399  644.02  10680  21187  141074  2593     0      0    447.55   4890   9700   124459    629   2256  13078
  8   13200  203504   1088.89  10234  20298  183555   8069  398  643.94  10600  21016  162090  2597     0      0    447.54   9300  18455   142914   1304   2688  15766
  9   12600  228496   1089.06   9378  18602  202157   7444  400  643.85  11180  22183  184273  2755     0      0    447.32  10700  21219   164133   1493   2684  18450
 10   11500  251306   1089.20  10071  19976  222133   7996  400  643.78  12380  24549  208822  3055     0      0    447.16  11700  23203   187336   1624   2267  20717
 11   13200  277488   1089.27  13622  27019  249151  10802  400  643.76  12780  25348  234170  3150     0      0    447.12  11700  23199   210535   1624   2254  22971
 12   13200  303669   1089.23  13760  27292  276444  10920  400  643.66  12790  25364  259534  3135     0      0    447.48   9000  17845   228380   1249   1767  24738
 13   13200  329851   1089.28  13800  27373  303816  10960  400  643.93  12810  25407  284941  3126     0      0    447.72   9400  18644   247024   1317   1753  26491
 14   13100  355835   1089.31  13789  27350  331166  10966  401  644.01  12000  23807  308748  3007     0      0    448.21   7010  13897   260921    982   1755  28246
 15   13400  382413   1089.34  13868  27507  358673  11043  401  644.15  11200  22212  330960  2752     0      0    448.39   9010  17869   278790   1272   1753  29999
 16   12400  407008   1089.41  11466  22742  381415   9172  403  644.04  12010  23823  354783  3025     0      0    448.43   9810  19453   298243   1369   2273  32272
 17   11800  430413   1089.50  11648  23103  404518   9302  403  643.96  12000  23795  378578  3018     0      0    448.44  10700  21229   319472   1502   2260  34532
 18   13600  457388   1089.54  13004  25793  430310  10363  402  644.12  10990  21808  400386  2779     0      0    448.51  10210  20242   339714   1439   2271  36803
 19   12900  482975   1089.56  12243  24283  454593   9714  400  644.12  11970  23747  424133  3057     1      1    448.33  10700  21224   360938   1505   3343  40146
 20   13100  508959   1089.62  12516  24826  479419   9927  400  644.07  13390  26556  450689  3375   712    713    448.19  12010  23825   384763   1689   3269  43415
 21   13200  535140   1089.64  13240  26261  505680  10521  401  644.04  12410  24618  475307  3114  1031   1744    448.33   8800  17449   402212   1238   3075  46490
 22   12600  560132   1089.66  14194  28153  533833  11290  401  644.23  11790  23386  498693  2903   979   2723    448.28  10400  20629   422841   1455   3669  50159
 23   12800  585521   1089.70  11678  23163  556995   9252  399  644.21  12190  24170  522863  3012   956   3679    448.15  10410  20644   443485   1464   3669  53828
 24   11500  608331   1089.82  10488  20803  577798   8326  400  644.06  12990  25758  548621  3208   955   4634    447.79  13200  26176   469661   1835   3669  57497
 25   13100  634314   1089.91  10552  20929  598728   8345  399  643.81  13390  26562  575183  3315   951   5585    447.52  13000  25780   495441   1800   3520  61017
 26   13700  661488   1089.95  11765  23336  622064   9326  400  643.60  14190  28137  603320  3514   951   6536    447.38  13200  26178   521619   1840   2982  63999
 27   13300  687868   1089.99  12056  23912  645976   9624  402  643.45  14200  28167  631487  3514   951   7487    447.18  13580  26929   548548   1854   3366  67365
 28   13600  714843   1090.03  12862  25512  671488  10268  402  643.37  13790  27353  658840  3406   953   8440    447.51   8690  17231   565779   1175   3564  70929
 29   13400  741422   1090.11  12192  24183  695671   9726  402  643.17  15090  29921  688761  3730   943   9383    447.40  12500  24786   590565   1722   3567  74496
 30   12600  766413   1090.15  10832  21485  717156   8610  401  642.92  15180  30117  718878  3754   898  10281    447.78   8810  17469   608034   1222   4062  78558
 31   11800  789818   1090.24  10605  21035  738191   8441  401  642.57  15180  30113  748991  3744   896  11177    447.86  10900  21611   629645   1514   4116  82674

TOTAL                                               295717                                    93432                                                44191









                                                                    BUREAU OF RECLAMATION
                                                                    LOWER COLORADO REGION
                                                                    BOULDER CITY, NEVADA

                                                     AVAILABLE RESERVOIR ELEVATIONS AND CONTENTS FOR MARCH 2019

                                        LAKE MEAD                      LAKE MOHAVE                      LAKE HAVASU                        SENATOR WASH
  AVAILABLE CAPACITY IN A.F.            *26120000                        1809800                           619400                              9144
  ELEVATION IN FEET                        1219.6                          647.0                            450.0                             240.0

           TOTAL     TOTAL    |             HOOVER            |            DAVIS            |             PARKER            |             SENATOR WASH
          SYSTEM    AVAILABLE |ELEVATION    CONTENT   RELEASE |ELEVATION   CONTENT  RELEASE |ELEVATION    CONTENT   RELEASE | ELEVATION   CONTENT  PUMPED   RELEASE
     DAY  STORAGE**   SPACE   |  FEET       1000A.F.    ft3/s |  FEET      1000A.F.  ft3/s  |   FEET      1000A.F.  ft3/s   |  FEET        A.F.     ft3/s    ft3/s
-----------------------------------------------------------------------------------------------------------------------------------------------------------------------------
       1    26714.7  34410.3    1088.01      10686       13300   643.41     1709.8     9980    447.55      571.6     8580      237.36     8171        0        0
       2    26712.7  34412.3    1088.05      10689       13200   643.59     1715.0     9970    447.50      570.6     9200      235.90     7657       48      255
       3    26724.3  34400.8    1088.20      10702       10500   643.74     1719.0     9970    447.43      569.3     9590      237.15     8095      284        0
       4    26732.9  34392.2    1088.35      10715       11200   643.83     1721.4     9970    447.40      568.7    10700      236.74     7950        0        0
       5    26733.6  34391.4    1088.43      10722       10300   643.84     1721.9     9980    447.27      566.2     9200      237.24     8127      158        0
       6    26739.4  34385.6    1088.55      10732       12200   644.01     1726.4    10600    447.04      561.9    10600      237.19     8109       68        0
       7    26759.1  34366.0    1088.71      10746       11600   644.02     1726.8    10700    447.55      571.5     4890      236.80     7971        0        0
       8    26759.1  34366.0    1088.89      10761       10200   643.94     1724.4    10600    447.54      571.2     9300      236.39     7828        0        0
       9    26768.6  34356.5    1089.06      10776        9380   643.85     1722.0    11200    447.32      567.1    10700      234.09     7047        0      357
      10    26776.3  34348.7    1089.20      10788       10100   643.78     1720.2    12400    447.16      564.0    11700      234.86     7303      175        0
      11    26775.8  34349.3    1089.27      10794       13600   643.76     1719.5    12800    447.12      563.3    11700      232.13     6419        0      425
      12    26781.5  34343.6    1089.23      10791       13800   643.66     1716.9    12800    447.48      570.2     9000      232.09     6406      157      134
      13    26796.0  34329.1    1089.28      10795       13800   643.93     1724.3    12800    447.72      574.8     9400      236.73     7947      839        0
      14    26817.1  34308.0    1089.31      10798       13800   644.01     1726.5    12000    448.21      584.1     7010      236.71     7940       73        0
      15    26831.0  34294.1    1089.34      10800       13900   644.15     1730.2    11200    448.39      587.6     9010      236.32     7803        0        0
      16    26835.4  34289.7    1089.41      10806       11500   644.04     1727.4    12000    448.43      588.4     9810      235.94     7671        0        0
      17    26837.2  34287.8    1089.50      10814       11600   643.96     1725.0    12000    448.44      588.5    10700      235.60     7555        0        0
      18    26838.3  34286.7    1089.54      10817       13000   644.12     1729.5    11000    448.51      589.8    10200      235.26     7438        0        0
      19    26831.4  34293.6    1089.56      10819       12200   644.12     1729.7    12000    448.33      586.5    10700      234.93     7327        0        0
      20    26818.1  34307.0    1089.62      10824       12500   644.07     1728.1    13400    448.19      583.6    12000      234.62     7224        0        0
      21    26829.6  34295.4    1089.64      10826       13200   644.04     1727.3    12400    448.33      586.4     8800      234.29     7114        2        0
      22    26832.2  34292.9    1089.66      10828       14200   644.23     1732.7    11800    448.28      585.5    10400      233.98     7011        0        0
      23    26827.0  34298.1    1089.70      10831       11700   644.21     1732.0    12200    448.15      582.9    10400      234.78     7276      200        0
      24    26820.7  34304.4    1089.82      10841       10500   644.06     1727.8    13000    447.79      576.0    13200      236.90     8006      425        0
      25    26815.8  34309.3    1089.91      10849       10600   643.81     1720.9    13400    447.52      570.9    13000      236.48     7859        0        0
      26    26804.1  34321.0    1089.95      10853       11800   643.60     1715.3    14200    447.38      568.3    13200      232.05     6394        0      743
      27    26794.6  34330.5    1089.99      10856       12100   643.45     1711.2    14200    447.18      564.6    13600      231.58     6250      478      229
      28    26796.4  34328.7    1090.03      10860       12900   643.37     1708.8    13800    447.51      570.7     8690      230.99     6069      159      277
      29    26799.9  34325.2    1090.11      10867       12200   643.17     1703.5    15100    447.40      568.7    12500      233.71     6923      469        0
      30    26802.4  34322.7    1090.15      10870       10800   642.92     1696.4    15200    447.78      575.8     8810      236.87     7996      629        0
      31    26800.1  34325.0    1090.24      10878       10600   642.57     1687.1    15200    447.86      577.4    10900      238.79     8690      453        0

TOTAL                                                   372280                       377870                        317490                          4617     2420
AVE.                                                     12010                        12190                         10240                           149       78
AC FT                                                   738000                       749000                        630000                          9158     4800

      * BOTTOM OF EXCLUSIVE FLOOD CONTROL SPACE
     ** INCLUDES FONTENELLE AND CRYSTAL RESERVOIRS

                                                                      BUREAU OF RECLAMATION
                                                                      LOWER COLORADO REGION
                                                                      BOULDER CITY, NEVADA

                                             COLORADO RIVER STORAGE PROJECT DATA (operational) FOR MARCH 2019

                   LAKE POWELL          |        FLAMING GORGE        |          NAVAJO            |      BLUE MESA             |     MORROW POINT
             MAX. STORAGE 24322000 AF   |  MAX. STORAGE 3749000 AF    | MAX. STORAGE 1696000 AF    | MAX. STORAGE 829500 AF     | MAX. STORAGE 117025 AF  
    COMPUTED MAX. ELEV. 3700.0 FEET     |  MAX. ELEV. 6040.0 FEET     | MAX. ELEV. 6085.0 FEET     | MAX. ELEV. 7519.4 FEET     | MAX. ELEV. 7160.0 FEET
     INFLOW  ELEVATION CONTENT  RELEASE |  ELEVATION CONTENT  RELEASE | ELEVATION CONTENT  RELEASE | ELEVATION CONTENT  RELEASE | ELEVATION CONTENT  RELEASE
DATE FT3/S   (FEET)  (1000 AF)   FT3/S  |  (FEET)  (1000 AF)   FT3/   |(FEET)  (1000 AF)   FT3/S   | (FEET)  (1000 AF)   FT3/S  |(FEET)  (1000 AF)   FT3/S
------------------------------------------------------------------------------------------------------------------------------------------------------------
   1   5300   3571.71    9246    13100      6024.63   3150     2000      6014.92    870      290     7437.59    247.7     420     7147.42    107.1     490
   2   7600   3571.60    9237    12300      6024.62   3150     2010      6014.98    870      290     7437.64    247.9     340     7147.39    107.1     370
   3   8900   3571.54    9232    11400      6024.61   3150     2010      6015.22    870      290     7437.70    248.2     320     7147.35    107.0     370
   4   9800   3571.46    9226    13100      6024.59   3150     1480      6015.45    870      280     7437.66    248.0     440     7147.42    107.1     530
   5  11100   3571.41    9222    13100      6024.59   3150     1000      6015.58    870      280     7437.66    248.0     370     7147.43    107.1     360
   6  11300   3571.36    9217    13300      6024.59   3150      810      6015.65    870      280     7437.67    248.1     400     7147.03    106.8     490
   7  10700   3571.30    9213    13100      6024.61   3150      800      6015.75    870      280     7437.59    247.7     750     7146.45    106.3     980
   8   5900   3571.13    9199    13200      6024.63   3150      790      6015.89    870      280     7437.38    246.7     910     7147.50    107.1     430
   9  12800   3571.13    9199    12600      6024.65   3150      790      6016.06    880      280     7437.21    245.8     780     7148.63    108.0     450
  10  11200   3571.12    9198    11500      6024.69   3150      790      6016.17    880      280     7437.18    245.7     370     7148.81    108.2     360
  11   9900   3571.04    9191    13200      6024.71   3150      790      6016.36    880      290     7437.32    246.4       0     7148.26    107.7     250
  12   8100   3570.92    9182    13200      6024.73   3150      790      6018.00    890      290     7437.49    247.2      90     7146.95    106.7     400
  13   6300   3570.76    9169    13200      6024.75   3150      790      6019.19    900      310     7437.43    246.9     590     7147.70    107.3     480
  14  15100   3570.80    9172    13100      6024.79   3150      790      6019.51    910      290     7437.45    247.0     310     7147.89    107.4     410
  15  14900   3570.83    9174    13400      6024.81   3150      790      6019.72    910      290     7437.47    247.1     320     7147.47    107.1     440
  16  11700   3570.81    9173    12400      6024.85   3150      790      6019.89    910      290     7437.44    247.0     390     7147.54    107.2     340
  17   9400   3570.75    9168    11800      6024.87   3160      780      6020.07    910      290     7437.41    246.8     420     7147.77    107.4     350
  18   8400   3570.63    9158    13600      6024.89   3160      790      6020.28    910      290     7437.38    246.7     420     7147.43    107.1     510
  19   9100   3570.54    9151    12900      6024.91   3160      790      6020.48    920      290     7437.43    246.9     300     7147.04    106.8     490
  20   4100   3570.33    9134    13100      6024.95   3160      790      6020.74    920      280     7437.39    246.7     460     7146.91    106.7     500
  21  17000   3570.41    9140    13200      6024.96   3160      800      6020.97    920      290     7437.42    246.9     330     7146.74    106.6     340
  22   9200   3570.33    9134    12600      6024.99   3160      810      6021.23    920      290     7437.43    246.9     370     7146.84    106.6     350
  23   8500   3570.23    9126    12800      6025.03   3160      810      6021.41    920      290     7437.49    247.2     390     7146.84    106.6     400
  24   7200   3570.13    9118    11500      6025.05   3160      820      6021.63    930      290     7437.53    247.4     400     7146.94    106.7     410
  25  10200   3570.06    9112    13100      6025.13   3170      810      6021.89    930      280     7437.51    247.3     500     7147.36    107.0     410
  26   6900   3569.90    9099    13700      6025.21   3170      810      6022.27    930      280     7437.61    247.8     240     7146.71    106.5     400
  27   7300   3569.76    9088    13300      6025.27   3170      810      6022.72    940      290     7437.70    248.2     240     7146.46    106.4     340
  28   6300   3569.59    9074    13600      6025.35   3170      790      6023.27    940      290     7437.78    248.6     410     7146.42    106.3     400
  29   9200   3569.49    9066    13400      6025.51   3180      790      6023.84    950      290     7437.91    249.2     300     7146.52    106.4     370
  30   8400   3569.39    9058    12600      6025.59   3180      790      6024.24    950      290     7437.98    249.6     440     7146.61    106.5     460
  31   7200   3569.28    9049    11800      6025.67   3190      790      6024.61    960      290     7438.01    249.7     520     7146.93    106.7     420

TOT  289000                     398200                        29200                         8910                        12540                        13300
AVE    9323                      12850                          940                          290                          400                          430
A F  573200                     790000                        58000                        17700                        24900                        26400






                                          BUREAU OF RECLAMATION
                                          LOWER COLORADO REGION
                                          BOULDER CITY, NEVADA

                                     GLEN CANYON TO HOOVER DAM LOSSES

                                                MARCH 2019

                      |           | LAKE    |         |   LAKE|    LAKE   |  CHANGE |
               GLEN   |    HOOVER | MEAD    |  STORAGE|   MEAD|    MEAD   |   BANK  |       |          |
              RELEASE |    RELEASE| STORAGE |  CHANGE |PUMPING|EVAPORATION| STORAGE |  LOSS |  ACCUMUL.|  INFLOW
   DATE |      CFS    |     CFS   | 1000 AF |  1000 AF|    CFS|     CFS   |    CFS  |   CFS |     A.F. |   CFS
--------------------------------------------------------------------------------------------------------------------
      1        13100       13300     10686         4       443       514       131     -3315     -6574     16400
      2        12300       13200     10689         3       450       514        98      -760     -8082     15800
      3        11400       10500     10702        13       498       514       426     -5380    -18753     18500
      4        13100       11200     10715        13       473       514       426     -6872    -32384     19200
      5        13100       10300     10722         7       466       515       229     -3632    -39589     15000
      6        13300       12200     10732        10       483       515       328     -5448    -50396     18600
      7        13100       11600     10746        14       425       515       459     -6918    -64117     20100
      8        13200       10200     10761        15       512       515       492     -5954    -75926     19300
      9        12600        9380     10776        15       501       516       492     -5305    -86449     18500
     10        11500       10100     10788        12       425       516       393     -4263    -94903     17500
     11        13200       13600     10794         6       444       516       197     -5184   -105185     17800
     12        13200       13800     10791        -3       480       516       -98     -1698   -108554     13200
     13        13200       13800     10795         4       475       516       131     -3705   -115903     16900
     14        13100       13800     10798         3       543       516        98     -3269   -122387     16500
     15        13400       13900     10800         2       517       516        66     -2775   -127890     16000
     16        12400       11500     10806         6       498       516       197     -2633   -133114     15700
     17        11800       11600     10814         8       501       517       262     -3487   -140030     16900
     18        13600       13000     10817         3       498       517        98     -3234   -146444     15600
     19        12900       12200     10819         2       487       517        66     -2442   -151289     14300
     20        13100       12500     10824         5       494       517       164     -2631   -156508     16200
     21        13200       13200     10826         2       531       517        66     -2441   -161349     15300
     22        12600       14200     10828         2       540       517        66     -3200   -167696     16300
     23        12800       11700     10831         3       543       517        98     -1122   -169921     14400
     24        11500       10500     10841        10       526       517       328     -4330   -178510     16900
     25        13100       10600     10849         8       526       517       262     -3176   -184810     15900
     26        13700       11800     10853         4       545       518       131     -3545   -191842     15000
     27        13300       12100     10856         3       585       518        98     -1740   -195293     14800
     28        13600       12900     10860         4       599       518       131     -2442   -200138     16200
     29        13400       12200     10867         7       582       518       229     -3793   -207661     17100
     30        12600       10800     10870         3       548       518        98        74   -207515     13500
     31        11800       10600     10878         8       511       518       262     -2478   -212431     15900

    TOTAL     398400      372170                         15649     16005                       -212431    509200






</pre>