<pre>
                                                                    BUREAU OF RECLAMATION
                                                                    LOWER COLORADO REGION
                                                                    BOULDER CITY, NEVADA

                                                               ACCUMULATIONS FOR MARCH 2001

    |GLEN CANYON    |                         HOOVER DAM         |             DAVIS DAM           |      MWD       |            PARKER DAM              |
    |               |  LAKE                                      |LAKE                             |                | LAKE                               |   C.A.P.
    |         ACCUM.|  MEAD    HOOVER RELEASE        GROSS  RATE |MOHAVE      DAVIS RELEASE   GROSS|DIVER. AT INTAKE| HAVASU     PARKER RELEASE     GROSS| DIVER. ACCUM.
DAY |   CFS    A.F. |  ELEV.   CFS    A.F.   ACCUM.   GEN  KWH/AF|ELEV   CFS   A.F.   ACCUM.  GEN  | A.F. ACCUM.    | ELEV    CFS    A.F.   ACCUM.  GEN. | A.F.   A.F.
----------------------------------------------------------------------------------------------------------------------------------------------------------------------
  1   10900   21620   1196.51  21380  42407   42407  20776  490  642.18   8270  16406   16406  2060  2955   2955    449.34   2030   4030     4030    192   6089   6089
  2   10800   43041   1196.36  21517  42677   85085  20928  490  643.12   8030  15927   32333  2011  2975   5931    449.33   4510   8944    12974    570   5613  11702
  3   10100   63074   1196.29  18356  36409  121494  17690  486  644.14   8840  17534   49867  2235  3015   8945    449.29   5000   9914    22888    650   5613  17316
  4    9600   82116   1196.24  15723  31186  152680  15056  483  644.48   8890  17628   67495  2238  3491  12436    449.26   4990   9906    32794    641   5554  22869
  5   11200  104331   1196.14  18012  35725  188405  17316  485  644.79  12990  25766   93261  3297  3511  15947    449.21   6000  11892    44686    790   5574  28443
  6   10800  125752   1196.03  17368  34449  222855  16822  488  645.34  12100  24000  117261  3070  3451  19398    449.31   7520  14914    59600    993   5355  33798
  7   11000  147570   1195.94  14720  29198  252052  14060  482  645.20  10800  21421  138682  2735  3967  23365    449.43   5980  11860    71460    793   5494  39293
  8   10800  168992   1195.93  12543  24880  276932  11808  475  644.22  10710  21246  159928  2715  3947  27312    449.44   5980  11868    83328    774   6109  45402
  9   10700  190215   1195.98  10766  21354  298286  10021  469  644.46  11770  23345  183273  3006  3907  31220    449.42   5500  10916    94244    688   6129  51531
 10   10000  210050   1196.05   7550  14976  313261   6602  441  644.11  10140  20117  203390  2591  3233  34453    449.44   7520  14910   109154    990   6109  57640
 11    9800  229488   1196.11   8125  16116  329377   7255  450  644.02  11800  23405  226795  3010  3312  37765    449.28   7990  15844   124998   1030   6704  64344
 12   10200  249719   1196.09  13184  26150  355527  12311  471  643.52  12000  23802  250597  3070  3015  40780    449.00  11020  21850   146848   1432   6069  70413
 13   10900  271339   1196.08  13596  26968  382494  12690  471  643.52  13160  26101  276698  3385  3035  43815    448.72  10440  20700   167548   1331   5990  76403
 14   11000  293157   1196.03  13376  26532  409026  12528  472  643.82  14200  28165  304863  3636  3035  46850    448.82  10020  19882   187430   1292   3848  80251
 15   10900  314777   1195.98  15812  31364  440390  14970  477  643.98  15070  29898  334761  3863  3550  50400    448.89   7500  14884   202314    986   6188  86440
 16   10800  336198   1195.94  12998  25782  466171  12130  470  643.75  15590  30914  365675  3974  3788  54188    448.87  11460  22732   225046   1511   6109  92549
 17   10200  356430   1195.95   9523  18888  485059   8554  453  643.28  16230  32197  397872  4169  3947  58136    448.85  11000  21814   246860   1447   4106  96655
 18    9800  375868   1195.99   9009  17870  502929   8198  459  642.57  17700  35107  432979  4507  3888  62023    448.80  11470  22750   269610   1509   6704 103359
 19   14600  404826   1195.86  20222  40109  543038  19410  484  643.03  13170  26129  459108  3366  3074  65098    448.89  12010  23814   293424   1577   4106 107464
 20   14000  432595   1195.74  19649  38973  582011  18875  484  643.43  13180  26146  485254  3372  3134  68231    448.65  13510  26792   320216   1769   4106 111570
 21   11300  455008   1195.67  16015  31766  613777  15275  481  643.62  13350  26489  511743  3378  3471  71702    448.18  14280  28320   348536   1855   4939 116509
 22   10800  476430   1195.67  15242  30232  644009  14552  481  643.40  17700  35113  546856  4503  3471  75174    448.13  10480  20792   369328   1360   5990 122499
 23   10700  497653   1195.63  15176  30102  674110  14409  479  643.22  16900  33521  580377  4281  3828  79002    448.04  12990  25766   395094   1687   6684 129183
 24   10000  517488   1195.61  12461  24716  698826  11743  475  642.83  17830  35365  615742  4520  3927  82929    447.97  13000  25778   420872   1677   4483 133666
 25    9500  536331   1195.62   9808  19454  718279   9093  467  642.25  17850  35396  651138  4505  3888  86817    447.91  13440  26658   447530   1744   6367 140033
 26    9300  554777   1195.51  19400  38479  756759  18631  484  642.27  17800  35306  686444  4488  3808  90625    447.85  13500  26777   474307   1749   5990 146023
 27    9400  573421   1195.34  23100  45818  802577  22402  489  642.59  17900  35504  721948  4884  2936  93560    447.79  14350  28463   502770   2004   5990 152013
 28    9300  591868   1195.15  24100  47802  850379  23357  489  643.00  17900  35504  757452  4699  2955  96516    447.86  12980  25748   528518   1776   5831 157845
 29    9300  610314   1194.93  24010  47623  898002  23162  486  643.40  17900  35504  792956  4560  2975  99491    448.23   9490  18816   547334   1240   6089 163934
 30   10300  630744   1194.78  21671  42983  940985  20910  486  643.55  17900  35504  828460  4560  3035 102526    448.23  12950  25688   573022   1688   6446 170380
 31    9400  649388   1194.68  16800  33322  974307  16082  483  643.43  17900  35497  863957  4558  3788 106314    448.25  12980  25738   598760   1691   5673 176053

TOTAL                                               467616                                   111246                                                39433









                                                                    BUREAU OF RECLAMATION
                                                                    LOWER COLORADO REGION
                                                                    BOULDER CITY, NEVADA

                                                     AVAILABLE RESERVOIR ELEVATIONS AND CONTENTS FOR MARCH 2001

                                        LAKE MEAD                      LAKE MOHAVE                      LAKE HAVASU                        SENATOR WASH
  AVAILABLE CAPACITY IN A.F.            *25877000                        1809800                           619400                              9144
  ELEVATION IN FEET                        1219.6                          647.0                            450.0                             240.0

           TOTAL     TOTAL    |             HOOVER            |            DAVIS            |             PARKER            |             SENATOR WASH
          SYSTEM    AVAILABLE |ELEVATION    CONTENT   RELEASE |ELEVATION   CONTENT  RELEASE |ELEVATION    CONTENT   RELEASE | ELEVATION   CONTENT  PUMPED   RELEASE
     DAY  STORAGE**   SPACE   |  FEET       1000A.F.    ft3/s |  FEET      1000A.F.  ft3/s  |   FEET      1000A.F.  ft3/s   |  FEET        A.F.     ft3/s    ft3/s
-----------------------------------------------------------------------------------------------------------------------------------------------------------------------------
       1    48675.0  12207.0    1196.51      22414       21400   642.18     1676.3     8270    449.34      606.3     2030      231.97     6369        0        0
       2    48673.9  12208.2    1196.36      22392       21500   643.12     1701.9     8030    449.33      606.0     4510      231.83     6326        0        0
       3    48687.1  12195.0    1196.29      22382       18400   644.14     1730.1     8840    449.29      605.2     5000      230.82     6019        0       90
       4    48683.5  12198.5    1196.24      22375       15700   644.48     1739.4     8890    449.26      604.5     4990      228.12     5240        0      392
       5    48668.4  12213.7    1196.14      22361       18000   644.79     1748.2    13000    449.21      603.7     6000      227.95     5193        0        0
       6    48660.5  12221.5    1196.03      22345       17400   645.34     1763.5    12100    449.31      605.7     7520      228.22     5268      156      101
       7    48640.5  12241.5    1195.94      22332       14700   645.20     1759.5    10800    449.43      608.0     5980      232.79     6627      708        0
       8    48604.6  12277.5    1195.93      22331       12500   644.22     1732.3    10700    449.44      608.2     5980      232.99     6690       85        0
       9    48610.1  12272.0    1195.98      22338       10800   644.46     1738.9    11800    449.42      607.9     5500      232.69     6595        0        0
      10    48612.8  12269.2    1196.05      22348        7550   644.11     1729.2    10100    449.44      608.2     7520      233.10     6725      125        0
      11    48612.0  12270.0    1196.11      22357        8130   644.02     1726.8    11800    449.28      605.0     7990      233.46     6842      116        0
      12    48587.8  12294.2    1196.09      22354       13200   643.52     1712.9    12000    449.00      599.5    11000      233.12     6732        0        0
      13    48577.1  12305.0    1196.08      22352       13600   643.52     1712.9    13200    448.72      594.1    10400      231.78     6311        0      163
      14    48572.5  12309.6    1196.03      22345       13400   643.82     1721.2    14200    448.82      596.0    10000      230.17     5825        0      223
      15    48563.2  12318.9    1195.98      22338       15800   643.98     1725.7    15100    448.89      597.2     7500      230.26     5852       42        0
      16    48540.1  12342.0    1195.94      22332       13000   643.75     1719.4    15600    448.87      596.9    11500      231.50     6225      237        0
      17    48528.3  12353.8    1195.95      22334        9520   643.28     1706.4    16200    448.85      596.4    11000      232.22     6447      156        0
      18    48513.5  12368.5    1195.99      22340        9010   642.57     1687.0    17700    448.80      595.4    11500      233.10     6725      192        0
      19    48495.4  12386.7    1195.86      22321       20200   643.03     1699.6    13200    448.89      597.2    12000      232.75     6614        1        0
      20    48476.5  12405.6    1195.74      22304       19600   643.43     1710.6    13200    448.65      592.6    13500      229.58     5653        0      476
      21    48459.0  12423.0    1195.67      22294       16000   643.62     1715.8    13400    448.18      583.6    14300      224.60     4317        0      667
      22    48452.5  12429.5    1195.67      22294       15200   643.40     1709.6    17700    448.13      582.4    10500      219.05     3070        0      630
      23    48445.3  12436.7    1195.63      22288       15200   643.22     1704.7    16900    448.04      580.8    13000      223.43     4033      428       47
      24    48431.8  12450.2    1195.61      22286       12500   642.83     1693.9    17800    447.97      579.4    13000      228.94     5469      820        0
      25    48417.3  12464.7    1195.62      22287        9810   642.25     1678.3    17800    447.91      578.2    13400      234.53     7193      928        0
      26    48410.4  12471.7    1195.51      22272       19400   642.27     1678.8    17800    447.85      577.1    13500      234.40     7150       66        3
      27    48391.8  12490.2    1195.34      22247       23100   642.59     1687.5    17900    447.79      576.0    14300      234.19     7081       38        0
      28    48383.9  12498.1    1195.15      22220       24100   643.00     1698.7    17900    447.86      577.4    13000      233.75     9636        0        0
      29    48374.2  12507.9    1194.93      22189       24000   643.40     1709.6    17900    448.23      584.4     9490      233.35     6807        3        0
      30    48359.1  12522.9    1194.78      22168       21700   643.55     1713.9    17900    448.23      584.4    13000      234.72     7257      301        0
      31    48344.1  12537.9    1194.68      22154       16800   643.43     1710.6    17900    448.25      584.9    13000      234.25     7101        0        0

TOTAL                                                   491220                       435630                        301910                          4402     2792
AVE.                                                     15850                        14050                          9740                           142       90
AC FT                                                   974000                       864000                        599000                          8731     5538

      * BOTTOM OF EXCLUSIVE FLOOD CONTROL SPACE
     ** INCLUDES FONTENELLE AND CRYSTAL RESERVOIRS

                                                                      BUREAU OF RECLAMATION
                                                                      LOWER COLORADO REGION
                                                                      BOULDER CITY, NEVADA

                                             COLORADO RIVER STORAGE PROJECT DATA (operational) FOR MARCH 2001

                   LAKE POWELL          |        FLAMING GORGE        |          NAVAJO            |      BLUE MESA             |     MORROW POINT
             MAX. STORAGE 24322000 AF   |  MAX. STORAGE 3749000 AF    | MAX. STORAGE 1696000 AF    | MAX. STORAGE 829500 AF     | MAX. STORAGE 117025 AF  
    COMPUTED MAX. ELEV. 3700.0 FEET     |  MAX. ELEV. 6040.0 FEET     | MAX. ELEV. 6085.0 FEET     | MAX. ELEV. 7519.4 FEET     | MAX. ELEV. 7160.0 FEET
     INFLOW  ELEVATION CONTENT  RELEASE |  ELEVATION CONTENT  RELEASE | ELEVATION CONTENT  RELEASE | ELEVATION CONTENT  RELEASE | ELEVATION CONTENT  RELEASE
DATE FT3/S   (FEET)  (1000 AF)   FT3/S  |  (FEET)  (1000 AF)   FT3/   |(FEET)  (1000 AF)   FT3/S   | (FEET)  (1000 AF)   FT3/S  |(FEET)  (1000 AF)   FT3/S
------------------------------------------------------------------------------------------------------------------------------------------------------------
   1   7000   3663.98   19019    10900      6020.43   2990     1010      6052.87   1260      500     7477.58    488.5     490     7146.16    106.1     670
   2   7000   3663.95   19015    10800      6020.43   2990     1010      6052.83   1260      500     7477.56    488.4     510     7145.78    105.8     670
   3   6900   3663.93   19013    10100      6020.41   2990     1010      6052.79   1260      500     7477.57    488.4     410     7145.38    105.5     580
   4   6600   3663.90   19009     9600      6020.39   2990     1010      6052.78   1260      500     7477.60    488.7     450     7145.80    105.8     310
   5   6600   3663.84   19001    11200      6020.39   2990     1020      6052.76   1260      500     7477.52    488.1     660     7145.34    105.5     850
   6   6400   3663.78   18993    10800      6020.37   2990     1020      6052.75   1260      500     7477.48    487.8     560     7145.36    105.5     570
   7   6100   3663.74   18987    11000      6020.36   2990     1010      6052.80   1260      500     7477.45    487.6     510     7145.29    105.5     570
   8   6000   3663.68   18979    10800      6020.36   2990     1010      6052.90   1260      500     7477.44    487.5     480     7144.94    105.2     630
   9   6100   3663.61   18970    10700      6020.40   2990     1010      6052.96   1260      500     7477.38    487.1     720     7144.70    105.0     820
  10   6400   3663.61   18970    10000      6020.44   3000     1010      6053.05   1260      500     7477.37    487.0     550     7144.43    104.8     680
  11   6700   3663.57   18965     9800      6020.48   3000     1010      6053.07   1260      500     7477.17    485.6    1370     7146.26    106.2     710
  12   6800   3663.55   18962    10200      6020.50   3000     1010      6053.12   1260      500     7477.02    484.4     990     7146.71    106.5     840
  13   7300   3663.52   18958    10900      6020.51   3000     1000      6053.14   1260      500     7476.93    483.9     730     7146.46    106.4     830
  14   7400   3663.46   18950    11000      6020.52   3000     1010      6053.16   1260      500     7476.84    483.2     790     7146.65    106.5     760
  15   7200   3663.40   18942    10900      6020.53   3000     1010      6053.18   1260      500     7476.73    482.4     840     7146.97    106.7     750
  16   7100   3663.32   18931    10800      6020.53   3000     1010      6053.21   1260      500     7476.62    481.7     810     7146.92    106.7     840
  17   7200   3663.32   18931    10200      6020.54   3000     1010      6053.23   1260      500     7476.60    481.5     560     7146.92    106.7     590
  18   7300   3663.32   18931     9800      6020.53   3000     1010      6053.26   1260      500     7476.57    481.3     750     7146.93    106.7     790
  19   7300   3663.21   18917    14600      6020.55   3000     1010      6053.29   1260      500     7476.48    480.7     760     7146.74    106.6     850
  20   7400   3663.12   18905    14000      6020.62   3000     1010      6053.41   1270      500     7476.38    480.0     850     7146.64    106.5     910
  21   7100   3663.06   18897    11300      6020.69   3000     1010      6053.56   1270      500     7476.33    479.6     770     7146.41    106.3     870
  22   6700   3663.01   18890    10800      6020.81   3010     1010      6053.80   1270      500     7476.24    479.0     990     7146.50    106.4    1010
  23   6700   3662.98   18886    10700      6020.96   3010     1010      6054.05   1270      500     7476.17    478.5    1050     7146.65    106.5    1060
  24   7000   3662.93   18879    10000      6021.07   3020     1010      6054.31   1280      500     7476.14    478.3    1010     7146.58    106.4    1090
  25   7200   3662.88   18873     9500      6021.16   3020     1010      6054.57   1280      500     7476.22    478.8     560     7146.56    106.4     640
  26   7600   3662.89   18874     9300      6021.22   3020     1010      6054.86   1280      500     7476.17    478.5    1210     7146.05    106.0    1460
  27   8000   3662.84   18867     9400      6021.23   3020     1010      6055.15   1290      500     7476.16    478.4     930     7146.17    106.1     940
  28   8100   3662.85   18869     9300      6021.26   3020     1010      6055.39   1290      500     7476.10    478.0     960     7146.06    106.0    1040
  29   8800   3662.84   18867     9300      6021.29   3030     1010      6055.60   1290      500     7476.03    477.5     980     7145.97    106.0    1050
  30   9000   3662.83   18866    10300      6021.29   3030     1010      6055.77   1290      500     7475.91    476.6    1170     7145.10    105.3    1550
  31   9100   3662.82   18865     9400      6021.29   3030     1010      6055.99   1300      500     7475.86    476.3     780     7144.97    105.2     860

TOT  222100                     327400                        31320                        15500                        24200                        25790
AVE    7165                      10560                         1010                          500                          780                          830
A F  440500                     649000                        62000                        30700                        48000                        51200






                                          BUREAU OF RECLAMATION
                                          LOWER COLORADO REGION
                                          BOULDER CITY, NEVADA

                                     GLEN CANYON TO HOOVER DAM LOSSES

                                                MARCH 2001

                      |           | LAKE    |         |   LAKE|    LAKE   |  CHANGE |
               GLEN   |    HOOVER | MEAD    |  STORAGE|   MEAD|    MEAD   |   BANK  |       |          |
              RELEASE |    RELEASE| STORAGE |  CHANGE |PUMPING|EVAPORATION| STORAGE |  LOSS |  ACCUMUL.|  INFLOW
   DATE |      CFS    |     CFS   | 1000 AF |  1000 AF|    CFS|     CFS   |    CFS  |   CFS |     A.F. |   CFS
--------------------------------------------------------------------------------------------------------------------
      1        10900       21400     22414       -16              -96759      -524                              
      2        10800       21500     22392       -22              -96759      -721                              
      3        10100       18400     22382       -10              -96759      -328                              
      4         9600       15700     22375        -7              -96759      -229                              
      5        11200       18000     22361       -14              -96759      -459                              
      6        10800       17400     22345       -16              -96759      -524                              
      7        11000       14700     22332       -13              -96759      -426                              
      8        10800       12500     22331        -1              -96759       -33                              
      9        10700       10800     22338         7              -96759       229                              
     10        10000        7550     22348        10              -96759       328                              
     11         9800        8130     22357         9              -96759       295                              
     12        10200       13200     22354        -3              -96759       -98                              
     13        10900       13600     22352        -2              -96759       -66                              
     14        11000       13400     22345        -7              -96759      -229                              
     15        10900       15800     22338        -7              -96759      -229                              
     16        10800       13000     22332        -6              -96759      -197                              
     17        10200        9520     22334         2              -96759        66                              
     18         9800        9010     22340         6              -96759       197                              
     19        14600       20200     22321       -19              -96759      -623                              
     20        14000       19600     22304       -17              -96759      -557                              
     21        11300       16000     22294       -10              -96759      -328                              
     22        10800       15200     22294         0              -96759         0                              
     23        10700       15200     22288        -6              -96759      -197                              
     24        10000       12500     22286        -2              -96759       -66                              
     25         9500        9810     22287         1              -96759        33                              
     26         9300       19400     22272       -15              -96759      -492                              
     27         9400       23100     22247       -25              -96759      -819                              
     28         9300       24100     22220       -27              -96759      -885                              
     29         9300       24000     22189       -31              -96759     -1016                              
     30        10300       21700     22168       -21              -96759      -688                              
     31         9400       16800     22154       -14              -96759      -459                              

    TOTAL     327500      491210                             0  -2999529                       -191919         0







</pre>