<pre>
                                                                    BUREAU OF RECLAMATION
                                                                    LOWER COLORADO REGION
                                                                    BOULDER CITY, NEVADA

                                                               ACCUMULATIONS FOR MARCH 2017

    |GLEN CANYON    |                         HOOVER DAM         |             DAVIS DAM           |      MWD       |            PARKER DAM              |
    |               |  LAKE                                      |LAKE                             |                | LAKE                               |   C.A.P.
    |         ACCUM.|  MEAD    HOOVER RELEASE        GROSS  RATE |MOHAVE      DAVIS RELEASE   GROSS|DIVER. AT INTAKE| HAVASU     PARKER RELEASE     GROSS| DIVER. ACCUM.
DAY |   CFS    A.F. |  ELEV.   CFS    A.F.   ACCUM.   GEN  KWH/AF|ELEV   CFS   A.F.   ACCUM.  GEN  | A.F. ACCUM.    | ELEV    CFS    A.F.   ACCUM.  GEN. | A.F.   A.F.
----------------------------------------------------------------------------------------------------------------------------------------------------------------------
  1   11900   23603   1089.64  16797  33316   33316  13222  397  642.97  11790  23386   23386  3025     0      0    448.53   7310  14492    14492   1034   4870   4870
  2   12000   47405   1089.56  15259  30265   63581  12028  397  643.16  11780  23358   46744  3027     0      0    448.74   7790  15459    29951   1108   4532   9402
  3   12000   71207   1089.47  16473  32673   96254  12957  397  643.41  11800  23396   70140  3037     0      0    448.65  10010  19847    49798   1418   4525  13927
  4   11500   94017   1089.46  11704  23214  119468   9180  395  643.30  12590  24976   95116  3236     0      0    448.61   9900  19638    69436   1397   4511  18438
  5   11900  117620   1089.46  11817  23439  142907   9288  396  643.24  12000  23798  118914  3077     0      0    448.66  10500  20827    90263   1483   4520  22958
  6   12000  141421   1089.43  14784  29323  172230  11590  395  643.44  12000  23794  142708  3070     0      0    448.53  10700  21222   111485   1518   4544  27502
  7   12100  165421   1089.28  18210  36119  208349  14331  397  643.79  11990  23788  166496  3067     0      0    448.37  11500  22813   134298   1629   4515  32017
  8   12000  189223   1089.21  15540  30824  239173  12218  396  643.99  12000  23810  190306  3076     0      0    448.10  11100  22018   156316   1539   4520  36537
  9   12000  213025   1089.16  15932  31601  270774  12604  399  644.13  13490  26758  217064  3456     0      0    448.05  10990  21789   178105   1551   4515  41052
 10   12000  236826   1089.10  13689  27152  297926  10799  398  644.16  13690  27152  244216  3508   531    531    447.92  12290  24384   202489   1722   4154  45206
 11   11000  258645   1089.15  10943  21705  319631   8634  398  643.85  14190  28150  272366  3636   975   1506    447.82  12300  24406   226895   1731   4137  49343
 12    9700  277884   1089.24   9130  18110  337741   7141  394  643.52  14190  28144  300510  3626   971   2477    447.73  12200  24190   251085   1721   4489  53832
 13   11900  301488   1089.16  16674  33073  370814  13168  398  643.60  14190  28148  328658  3619   970   3447    447.72  12500  24797   275882   1759   4106  57938
 14   12000  325289   1088.99  19029  37743  408557  15027  398  643.92  14200  28158  356816  3624   971   4418    447.84  11300  22412   298294   1581   3416  61354
 15   12200  349488   1088.83  17004  33726  442283  13422  398  644.12  14190  28146  384962  3625   933   5351    447.85  12190  24174   322468   1716   4111  65465
 16   11800  372893   1088.79  16667  33058  475341  13181  399  644.16  14490  28736  413698  3702   985   6336    448.15   8510  16872   339340   1192   4096  69561
 17   11400  395504   1088.75  15293  30333  505674  12081  398  644.16  14480  28728  442426  3699   984   7320    448.15  11600  23008   362348   1630   4132  73693
 18   11300  417917   1088.72  14762  29280  534954  11679  399  644.13  14490  28750  471176  3707   985   8305    448.21  11390  22595   384943   1610   4120  77813
 19   10200  438149   1088.70  14687  29131  564085  11636  399  644.16  14500  28766  499942  3711   979   9284    448.32  10500  20831   405774   1482   4519  82332
 20   12200  462347   1088.62  16952  33623  597708  13410  399  644.27  14300  28358  528300  3656  1473  10757    448.28  11890  23584   429358   1678   4143  86475
 21   11000  484165   1088.56  14484  28729  626437  11392  397  644.25  14280  28332  556632  3657  1416  12173    448.27  11900  23610   452968   1680   4144  90619
 22   11800  507570   1088.48  15047  29845  656282  11783  395  644.29  14110  27978  584610  3610   983  13156    448.35  11100  22009   474977   1570   4127  94746
 23   11900  531174   1088.55  13894  27558  683840  10944  397  644.23  14080  27922  612532  3604   978  14134    448.59   8980  17820   492797   1276   4139  98885
 24   12200  555372   1088.49  13739  27251  711091  10791  396  644.17  14290  28340  640872  3658   988  15122    448.32  13610  26999   519796   1911   4163 103048
 25   11800  578777   1088.57  11586  22980  734071   9096  396  643.93  14400  28562  669434  3680   984  16106    448.16  13600  26978   546774   1915   4147 107195
 26   10100  598810   1088.63  10326  20482  754553   8085  395  643.68  14000  27760  697194  3572   991  17097    448.06  12490  24777   571551   1749   4556 111751
 27   12400  623405   1088.57  15632  31005  785558  12323  397  643.67  14600  28954  726148  3720  1000  18097    448.17  11300  22406   593957   1579   4144 115895
 28   12600  648397   1088.51  14260  28285  813843  11255  398  643.64  14590  28948  755096  3726  1400  19497    448.12  11500  22801   616758   1629   4100 119995
 29   12100  672397   1088.44  15412  30570  844413  12129  397  643.54  14580  28926  784022  3718  1528  21025    448.07  12000  23794   640552   1691   4920 124915
 30   12100  696397   1088.28  16417  32563  876976  12967  398  643.72  14990  29730  813752  3819  1425  22450    448.12  10000  19830   660382   1413   5671 130586
 31   12300  720793   1088.26  17266  34247  911223  13605  397  643.70  15000  29758  843510  3833  1553  24003    447.83  13400  26578   686960   1854   5689 136275

TOTAL                                               361966                                   108780                                                48766









                                                                    BUREAU OF RECLAMATION
                                                                    LOWER COLORADO REGION
                                                                    BOULDER CITY, NEVADA

                                                     AVAILABLE RESERVOIR ELEVATIONS AND CONTENTS FOR MARCH 2017

                                        LAKE MEAD                      LAKE MOHAVE                      LAKE HAVASU                        SENATOR WASH
  AVAILABLE CAPACITY IN A.F.            *26120000                        1809800                           619400                              9144
  ELEVATION IN FEET                        1219.6                          647.0                            450.0                             240.0

           TOTAL     TOTAL    |             HOOVER            |            DAVIS            |             PARKER            |             SENATOR WASH
          SYSTEM    AVAILABLE |ELEVATION    CONTENT   RELEASE |ELEVATION   CONTENT  RELEASE |ELEVATION    CONTENT   RELEASE | ELEVATION   CONTENT  PUMPED   RELEASE
     DAY  STORAGE**   SPACE   |  FEET       1000A.F.    ft3/s |  FEET      1000A.F.  ft3/s  |   FEET      1000A.F.  ft3/s   |  FEET        A.F.     ft3/s    ft3/s
-----------------------------------------------------------------------------------------------------------------------------------------------------------------------------
       1    29616.4  31508.7    1089.64      10826       16800   642.97     1697.7    11800    448.53      590.3     7310      230.11     5808      491        0
       2    29610.9  31514.2    1089.56      10819       15300   643.16     1703.0    11800    448.74      594.4     7790      231.61     6259      255        0
       3    29601.0  31524.1    1089.47      10811       16500   643.41     1709.8    11800    448.65      592.6    10000      231.64     6268       37        0
       4    29587.5  31537.6    1089.46      10810       11700   643.30     1706.9    12600    448.61      591.9     9900      231.42     6200        0        0
       5    29578.6  31546.5    1089.46      10810       11800   643.24     1705.4    12000    448.66      592.8    10500      231.19     6130        0        0
       6    29575.9  31549.1    1089.43      10808       14800   643.44     1710.8    12000    448.53      590.2    10700      230.98     6066        0        0
       7    29558.9  31566.2    1089.28      10795       18200   643.79     1720.4    12000    448.37      587.2    11500      230.77     6004        0        0
       8    29543.0  31582.1    1089.21      10789       15500   643.99     1726.0    12000    448.10      581.9    11100      230.95     6057       60        0
       9    29536.1  31589.0    1089.16      10785       15900   644.13     1729.7    13500    448.05      580.9    11000      230.74     5995        0        0
      10    29526.9  31598.2    1089.10      10779       13700   644.16     1730.5    13700    447.92      578.5    12300      231.05     6088       78        0
      11    29528.1  31596.9    1089.15      10784       10900   643.85     1722.2    14200    447.82      576.6    12300      230.86     6030        4        0
      12    29542.1  31583.0    1089.24      10791        9130   643.52     1712.9    14200    447.73      574.9    12200      231.48     6219      124        0
      13    29549.5  31575.6    1089.16      10785       16700   643.60     1715.1    14200    447.72      574.7    12500      232.92     6667      264        0
      14    29563.1  31562.0    1088.99      10770       19000   643.92     1724.0    14200    447.84      577.1    11300      233.59     6884      152        0
      15    29570.1  31555.0    1088.83      10756       17000   644.12     1729.6    14200    447.85      577.2    12200      233.58     6881       45        0
      16    29594.2  31530.9    1088.79      10753       16700   644.16     1730.8    14500    448.15      582.9     8510      233.35     6807       10        0
      17    29612.4  31512.6    1088.75      10749       15300   644.16     1730.5    14500    448.15      582.9    11600      234.09     7047      170        0
      18    29635.0  31490.1    1088.72      10747       14800   644.13     1729.7    14500    448.21      584.0    11400      236.14     7740      415        0
      19    29665.4  31459.6    1088.70      10745       14700   644.16     1730.6    14500    448.32      586.3    10500      239.45     8937      725        0
      20    29685.1  31440.0    1088.62      10738       17000   644.27     1733.8    14300    448.28      585.5    11900      237.37     8174        0      274
      21    29701.8  31423.2    1088.56      10733       14500   644.25     1733.0    14300    448.27      585.2    11900      236.15     7744       25      180
      22    29717.4  31407.7    1088.48      10726       15000   644.29     1734.2    14100    448.35      586.8    11100      235.81     7626        0        0
      23    29759.7  31365.4    1088.55      10732       13900   644.23     1732.5    14100    448.59      591.5     8980      235.57     7545       22        0
      24    29781.2  31343.9    1088.49      10727       13700   644.17     1730.9    14300    448.32      586.1    13600      235.22     7425        0        0
      25    29809.5  31315.6    1088.57      10734       11600   643.93     1724.4    14400    448.16      583.2    13600      234.88     7310        0        0
      26    29833.8  31291.3    1088.63      10739       10300   643.68     1717.3    14000    448.06      581.1    12500      236.21     7765      276        0
      27    29854.7  31270.4    1088.57      10734       15600   643.67     1717.0    14600    448.17      583.3    11300      237.58     8249      321        0
      28    29864.7  31260.4    1088.51      10729       14300   643.64     1716.3    14600    448.12      582.3    11500      237.62     8263      112        0
      29    29874.8  31250.2    1088.44      10723       15400   643.54     1713.7    14600    448.07      581.3    12000      237.29     8145       30        0
      30    29885.7  31239.4    1088.28      10709       16400   643.72     1718.4    15000    448.12      582.4    10000      235.44     7500        0      277
      31    29899.2  31225.9    1088.26      10707       17300   643.70     1718.0    15000    447.83      576.8    13400      235.09     7381        0        0

TOTAL                                                   459430                       425500                        346390                          3616      731
AVE.                                                     14820                        13730                         11170                           117       24
AC FT                                                   911000                       844000                        687000                          7172     1450

      * BOTTOM OF EXCLUSIVE FLOOD CONTROL SPACE
     ** INCLUDES FONTENELLE AND CRYSTAL RESERVOIRS

                                                                      BUREAU OF RECLAMATION
                                                                      LOWER COLORADO REGION
                                                                      BOULDER CITY, NEVADA

                                             COLORADO RIVER STORAGE PROJECT DATA (operational) FOR MARCH 2017

                   LAKE POWELL          |        FLAMING GORGE        |          NAVAJO            |      BLUE MESA             |     MORROW POINT
             MAX. STORAGE 24322000 AF   |  MAX. STORAGE 3749000 AF    | MAX. STORAGE 1696000 AF    | MAX. STORAGE 829500 AF     | MAX. STORAGE 117025 AF  
    COMPUTED MAX. ELEV. 3700.0 FEET     |  MAX. ELEV. 6040.0 FEET     | MAX. ELEV. 6085.0 FEET     | MAX. ELEV. 7519.4 FEET     | MAX. ELEV. 7160.0 FEET
     INFLOW  ELEVATION CONTENT  RELEASE |  ELEVATION CONTENT  RELEASE | ELEVATION CONTENT  RELEASE | ELEVATION CONTENT  RELEASE | ELEVATION CONTENT  RELEASE
DATE FT3/S   (FEET)  (1000 AF)   FT3/S  |  (FEET)  (1000 AF)   FT3/   |(FEET)  (1000 AF)   FT3/S   | (FEET)  (1000 AF)   FT3/S  |(FEET)  (1000 AF)   FT3/S
------------------------------------------------------------------------------------------------------------------------------------------------------------
   1   9600   3594.28   11212    11900      6022.95   3090     2390      6059.36   1340      480     7488.59    570.4     840     7139.46    101.1    1240
   2   9700   3594.23   11208    12000      6022.89   3080     2920      6059.40   1340      480     7488.45    569.3     980     7138.75    100.6    1280
   3  10200   3594.19   11204    12000      6022.83   3080     2920      6059.44   1340      480     7488.24    567.7    1240     7138.45    100.4    1350
   4   9700   3594.15   11200    11500      6022.71   3080     2930      6059.49   1340      480     7488.09    566.6    1060     7137.97    100.0    1240
   5   7500   3594.06   11192    11900      6022.73   3080     3020      6059.57   1340      480     7487.88    565.0    1240     7138.20    100.2    1200
   6  13300   3594.08   11194    12000      6022.61   3070     3050      6059.62   1340      480     7487.74    563.9    1190     7138.30    100.3    1230
   7   9300   3594.02   11188    12100      6022.49   3070     3550      6059.68   1340      480     7487.46    561.7    1440     7139.00    100.8    1230
   8  10700   3593.99   11186    12000      6022.31   3060     4140      6059.73   1340      480     7487.27    560.3    1210     7139.52    101.2    1040
   9  10200   3593.95   11182    12000      6022.27   3060     4560      6059.78   1350      480     7487.05    558.6    1400     7140.33    101.8    1120
  10  10200   3593.91   11178    12000      6022.25   3060     4560      6059.89   1350      480     7486.79    556.6    1520     7141.45    102.6    1110
  11  10700   3593.90   11177    11000      6022.37   3060     4550      6060.05   1350      480     7486.65    555.6    1170     7141.58    102.7    1160
  12  12400   3593.95   11182     9700      6022.59   3070     4550      6060.29   1350      480     7486.47    554.2    1300     7142.00    103.0    1160
  13   9600   3593.90   11177    11900      6022.93   3080     4550      6060.55   1350      480     7486.31    553.0    1290     7142.43    103.3    1160
  14  10700   3593.87   11174    12000      6023.31   3100     4550      6060.87   1360      480     7486.18    552.0    1320     7143.21    103.9    1080
  15  11400   3593.85   11173    12200      6023.57   3110     4540      6061.23   1360      500     7485.96    550.3    1600     7144.36    104.8    1170
  16  13500   3593.88   11175    11800      6023.81   3120     4540      6061.65   1370      490     7485.91    549.9    1190     7145.13    105.3     990
  17  14100   3593.93   11180    11400      6023.95   3120     4530      6062.16   1380      490     7485.71    548.4    1910     7147.57    107.2    1080
  18  15000   3594.00   11187    11300      6024.07   3130     4530      6062.70   1380      480     7485.79    549.0     950     7147.57    107.2     960
  19  16400   3594.12   11198    10200      6024.09   3130     4530      6063.33   1390      480     7485.81    549.2    1410     7148.30    107.8    1250
  20  15900   3594.19   11204    12200      6024.07   3130     4530      6063.97   1400      490     7485.95    550.2    1260     7148.66    108.0    1250
  21  14700   3594.26   11211    11000      6024.13   3130     4530      6064.58   1410      480     7486.07    551.1    1200     7148.89    108.2    1220
  22  17600   3594.37   11221    11800      6024.07   3130     4530      6065.20   1420      490     7486.20    552.1    1240     7148.64    108.0    1360
  23  18700   3594.50   11233    11900      6024.37   3140     4530      6065.70   1420      490     7486.44    554.0    1020     7148.47    107.9    1220
  24  24000   3594.73   11254    12200      6024.47   3140     4530      6066.18   1430      500     7486.71    556.0    1040     7148.78    108.1    1090
  25  20100   3594.89   11269    11800      6024.73   3150     4520      6066.62   1430      490     7487.02    558.4     760     7148.39    107.8     980
  26  20500   3595.09   11288    10100      6024.85   3150     4520      6067.03   1440      490     7487.27    560.3     930     7148.75    108.1     950
  27  21800   3595.27   11304    12400      6024.97   3160     5910      6067.38   1440      490     7487.63    563.0     410     7148.41    107.8     720
  28  18900   3595.39   11316    12600      6025.09   3160     6600      6067.70   1450      490     7487.91    565.2     720     7148.13    107.6     850
  29  21400   3595.57   11332    12100      6025.13   3170     6600      6068.00   1450      480     7488.24    567.7     460     7148.11    107.6     740
  30  22000   3595.76   11350    12100      6025.13   3170     7920      6068.26   1460      490     7488.47    569.5     860     7148.13    107.6     960
  31  20200   3595.91   11364    12300      6025.25   3170     8590      6068.54   1460      490     7488.71    571.3     910     7148.96    108.3     810

TOT  450000                     363400                       142220                        15030                        35070                        34200
AVE   14516                      11720                         4590                          480                         1130                         1100
A F  892600                     721000                       282000                        29800                        69600                        67800






                                          BUREAU OF RECLAMATION
                                          LOWER COLORADO REGION
                                          BOULDER CITY, NEVADA

                                     GLEN CANYON TO HOOVER DAM LOSSES

                                                MARCH 2017

                      |           | LAKE    |         |   LAKE|    LAKE   |  CHANGE |
               GLEN   |    HOOVER | MEAD    |  STORAGE|   MEAD|    MEAD   |   BANK  |       |          |
              RELEASE |    RELEASE| STORAGE |  CHANGE |PUMPING|EVAPORATION| STORAGE |  LOSS |  ACCUMUL.|  INFLOW
   DATE |      CFS    |     CFS   | 1000 AF |  1000 AF|    CFS|     CFS   |    CFS  |   CFS |     A.F. |   CFS
--------------------------------------------------------------------------------------------------------------------
      1        11900       16800     10826       -12       422       517      -393      -562     -1114     11300
      2        12000       15300     10819        -7       467       517      -229     -1146     -3387     12500
      3        12000       16500     10811        -8       478       517      -262     -1348     -6060     13200
      4        11500       11700     10810        -1       463       517       -33      -119     -6297     12100
      5        11900       11800     10810         0       498       517         0      -849     -7980     12800
      6        12000       14800     10808        -2       498       517       -66     -3243    -14412     14700
      7        12100       18200     10795       -13       534       516      -426      -412    -15229     12300
      8        12000       15500     10789        -6       521       516      -197     -1278    -17764     13300
      9        12000       15900     10785        -4       603       516      -131     -2794    -23305     14900
     10        12000       13700     10779        -6       542       516      -197       458    -22397     11500
     11        11000       10900     10784         5       580       516       164     -2712    -27776     14700
     12         9700        9130     10791         7       481       516       229     -1847    -31438     13900
     13        11900       16700     10785        -6       571       516      -197     -3585    -38548     14600
     14        12000       19000     10770       -15       569       516      -492     -2339    -43187     12000
     15        12200       17000     10756       -14       593       516      -459      1262    -40685     10600
     16        11800       16700     10753        -3       506       515       -98     -4093    -48802     16100
     17        11400       15300     10749        -4       554       515      -131     -2014    -52796     14200
     18        11300       14800     10747        -2       568       515       -66     -3013    -58772     14800
     19        10200       14700     10745        -2       569       515       -66     -3311    -65340     14700
     20        12200       17000     10738        -7       543       515      -229     -3013    -71316     14300
     21        11000       14500     10733        -5       589       515      -164     -2763    -76796     12900
     22        11800       15000     10726        -7       586       515      -229      -188    -77169     12300
     23        11900       13900     10732         6       576       515       197     -7237    -91523     18200
     24        12200       13700     10727        -5       580       515      -164      -321    -92160     12100
     25        11800       11600     10734         7       574       515       229     -4580   -101245     16400
     26        10100       10300     10739         5       560       515       164     -1905   -105023     14100
     27        12400       15600     10734        -5       589       515      -164     -2231   -109448     14000
     28        12600       14300     10729        -5       599       515      -164     -2584   -114574     12700
     29        12100       15400     10723        -6       597       515      -197      -877   -116312     13300
     30        12100       16400     10709       -14       599       515      -459      2633   -111089     10000
     31        12300       17300     10707        -2       593       514       -66     -5251   -121504     17300

    TOTAL     363100      459410                         17002     15985                       -121505    422100






</pre>