<pre>
                                                                   BUREAU OF RECLAMATION
                                                                    LOWER COLORADO REGION
                                                                    BOULDER CITY, NEVADA

                                                               ACCUMULATIONS FOR MARCH 2020

    |GLEN CANYON    |                         HOOVER DAM         |             DAVIS DAM           |      MWD       |            PARKER DAM              |
    |               |  LAKE                                      |LAKE                             |                | LAKE                               |   C.A.P.
    |         ACCUM.|  MEAD    HOOVER RELEASE        GROSS  RATE |MOHAVE      DAVIS RELEASE   GROSS|DIVER. AT INTAKE| HAVASU     PARKER RELEASE     GROSS| DIVER. ACCUM.
DAY |   CFS    A.F. |  ELEV.   CFS    A.F.   ACCUM.   GEN  KWH/AF|ELEV   CFS   A.F.   ACCUM.  GEN  | A.F. ACCUM.    | ELEV    CFS    A.F.   ACCUM.  GEN. | A.F.   A.F.
----------------------------------------------------------------------------------------------------------------------------------------------------------------------
  1   10100   20033   1096.38  11218  22250   22250   9148  411  642.10  11970  23733   23733  2976  1523   1523    448.09   9910  19653    19653   1378   5148   5148
  2   11700   43240   1096.29  15023  29797   52047  12114  407  642.33  11970  23733   47466  2989  1521   3044    447.86  10590  21010    40663   1483   4479   9627
  3   11400   65851   1096.22  14623  29005   81052  11815  407  642.38  13370  26520   73986  3346  1518   4562    447.88   9520  18877    59540   1326   4848  14475
  4   11600   88859   1096.14  15420  30586  111638  12397  405  642.62  11270  22355   96341  2802   693   5255    447.95   9210  18275    77815   1284   4845  19320
  5   11600  111868   1096.07  15878  31494  143132  12726  404  642.86  12070  23945  120286  3020  1520   6775    448.51   1910   3781    81596    190   4856  24176
  6   11700  135074   1096.00  15097  29944  173076  12037  402  643.03  12170  24139  144425  3068  1519   8294    448.42   9600  19046   100642   1350   4851  29027
  7   10900  156694   1095.96  13377  26532  199608  10685  403  643.21  11950  23711  168136  3011  1517   9811    448.26   9600  19034   119676   1352   4858  33885
  8   10000  176529   1095.89  14760  29275  228883  11835  404  643.34  10770  21361  189497  2715  1516  11327    448.37   7400  14687   134363   1043   5252  39137
  9   11700  199736   1095.78  16421  32570  261453  13150  404  643.83   9570  18982  208479  2435  1361  12688    448.40   6100  12102   146465    847   4845  43982
 10   11700  222942   1095.75  13603  26982  288435  10914  404  644.15   9570  18988  227467  2432  1143  13831    448.56   6000  11901   158366    844   4458  48440
 11   11700  246149   1095.78  12185  24168  312603   9700  401  644.39   8680  17212  244679  2212  1023  14854    448.99   2800   5550   163916    336   4851  53291
 12   12000  269950   1095.78  12664  25119  337722  10132  403  644.99   5480  10868  255547  1396  1387  16241    449.45   1800   3570   167486    170   4498  57789
 13   12000  293752   1095.99   6605  13100  350822   5202  397  645.07   4580   9089  264636  1141  1536  17777    449.44   3490   6928   174414    436   3820  61609
 14   11500  316562   1096.24   4795   9510  360332   3542  372  645.06   4780   9475  274111  1204  1535  19312    449.40   3700   7334   181748    468   2096  63705
 15   10000  336397   1096.41   5785  11475  371807   4561  397  645.19   3370   6685  280796   816  1533  20845    449.31   3600   7131   188879    454   2085  65790
 16   11800  359802   1096.53   6949  13783  385590   5409  392  645.45   3570   7086  287882   837  1530  22375    449.22   3700   7339   196218    467    322  66112
 17   11700  383008   1096.66   6760  13408  398999   5306  396  645.73   3570   7089  294971   830  1528  23903    449.25   3010   5971   202189    360      0  66112
 18   11700  406215   1096.87   3944   7822  406821   2872  367  645.59   4360   8641  303612  1011  1504  25407    449.35   2990   5939   208128    355      0  66112
 19   12000  430017   1097.12   3004   5958  412779   2121  356  645.52   3790   7521  311133   849  1339  26746    449.43   2810   5580   213708    327      0  66112
 20   11800  453421   1097.41   2763   5481  418259   1948  355  645.40   3580   7103  318236   810  1357  28103    449.08   6500  12894   226602    915    821  66933
 21   11200  475636   1097.68   2330   4622  422881   1572  340  645.24   5380  10679  328915  1385  1360  29463    448.76   6700  13287   239889    911    824  67757
 22    9800  495074   1097.94   2683   5321  428202   1923  361  644.99   5370  10657  339572  1378  1359  30822    448.44   7790  15460   255349   1075    819  68576
 23   11700  518281   1098.09   6831  13549  441751   5311  392  645.13   5770  11451  351023  1484  1369  32191    448.00   8300  16461   271810   1147    824  69400
 24   11600  541289   1098.19   7509  14893  456644   5936  399  645.00   8770  17405  368428  2239  1403  33594    447.61   8600  17062   288872   1177   2124  71524
 25   11800  564694   1098.24   7834  15539  472183   6197  399  644.96   9480  18803  387231  2413  1483  35077    447.29   9700  19239   308111   1349   2110  73634
 26   11800  588099   1098.37   7551  14978  487161   5938  396  644.68  10090  20022  407253  2540  1134  36211    447.10   9700  19244   327355   1334   2274  75908
 27   11700  611306   1098.46   8024  15915  503076   6349  399  644.35  12530  24844  432097  3142   991  37202    446.73  12030  23853   351208   1641   3452  79360
 28   11300  633719   1098.56   8766  17387  520463   7057  406  643.97  13820  27410  459507  3462   993  38195    446.47  12810  25413   376621   1755   3458  82818
 29   10000  653554   1098.62  10382  20592  541055   8383  407  643.63  15120  29982  489489  3781  1373  39568    446.20  13590  26961   403582   1843   3452  86270
 30   11700  676760   1098.65  12496  24786  565841  10115  408  643.42  15420  30583  520072  3839  1510  41078    446.13  13700  27174   430756   1853   3452  89722
 31   11500  699570   1098.59  13695  27164  593005  11091  408  643.32  14810  29382  549454  3698  1543  42621    446.04  12300  24396   455152   1667   4334  94056

TOTAL                                               237486                                    69261                                                31135









                                                                    BUREAU OF RECLAMATION
                                                                    LOWER COLORADO REGION
                                                                    BOULDER CITY, NEVADA

                                                     AVAILABLE RESERVOIR ELEVATIONS AND CONTENTS FOR MARCH 2020

                                        LAKE MEAD                      LAKE MOHAVE                      LAKE HAVASU                        SENATOR WASH
  AVAILABLE CAPACITY IN A.F.            *26120000                        1809800                           619400                              9144
  ELEVATION IN FEET                        1219.6                          647.0                            450.0                             240.0

           TOTAL     TOTAL    |             HOOVER            |            DAVIS            |             PARKER            |             SENATOR WASH
          SYSTEM    AVAILABLE |ELEVATION    CONTENT   RELEASE |ELEVATION   CONTENT  RELEASE |ELEVATION    CONTENT   RELEASE | ELEVATION   CONTENT  PUMPED   RELEASE
     DAY  STORAGE**   SPACE   |  FEET       1000A.F.    ft3/s |  FEET      1000A.F.  ft3/s  |   FEET      1000A.F.  ft3/s   |  FEET        A.F.     ft3/s    ft3/s
-----------------------------------------------------------------------------------------------------------------------------------------------------------------------------
       1    31003.3  30121.7    1096.38      11414       11200   642.10     1674.1    12000    448.09      581.7     9910      234.55     7200       78        0
       2    30983.1  30142.0    1096.29      11406       15000   642.33     1680.5    12000    447.86      577.4    10600      234.54     7197       36        0
       3    30965.8  30159.3    1096.22      11400       14600   642.38     1681.8    13400    447.88      577.7     9520      234.42     7157       22        0
       4    30957.0  30168.0    1096.14      11393       15400   642.62     1688.4    11300    447.95      579.1     9210      235.01     7353      146        0
       5    30957.0  30168.1    1096.07      11387       15900   642.86     1694.9    12100    448.51      590.0     1910      237.17     8102      429        0
       6    30942.0  30183.1    1096.00      11381       15100   643.03     1699.5    12200    448.42      588.2     9600      237.75     8310      157        0
       7    30930.2  30194.8    1095.96      11377       13400   643.21     1704.4    12000    448.26      585.0     9600      235.38     7479        0      370
       8    30922.7  30202.3    1095.89      11371       14800   643.34     1707.9    10800    448.37      587.1     7400      232.69     6595        0      425
       9    30917.8  30207.2    1095.78      11362       16400   643.83     1721.5     9570    448.40      587.7     6100      233.12     6732      259      166
      10    30917.8  30207.3    1095.75      11359       13600   644.15     1730.3     9570    448.56      590.9     6000      235.81     7626      469        0
      11    30924.7  30200.3    1095.78      11362       12200   644.39     1737.0     8680    448.99      599.1     2800      238.81     8698      603        0
      12    30944.5  30180.6    1095.78      11362       12700   644.99     1753.5     5480    449.45      608.3     1800      239.63     9005        0        0
      13    30962.6  30162.5    1095.99      11380        6600   645.07     1755.9     4580    449.44      608.1     3490      239.10     8806        0        0
      14    30979.8  30145.3    1096.24      11402        4790   645.06     1755.6     4780    449.40      607.4     3700      238.62     8628        0        0
      15    30996.3  30128.8    1096.41      11417        5790   645.19     1759.3     3370    449.31      605.5     3600      238.19     8470        0        0
      16    31004.6  30120.4    1096.53      11428        6950   645.45     1766.3     3570    449.22      603.8     3700      237.81     8332        0        0
      17    31014.0  30111.0    1096.66      11439        6760   645.73     1774.2     3570    449.25      604.4     3010      237.44     8199        0        0
      18    31031.0  30094.1    1096.87      11457        3940   645.59     1770.3     4360    449.35      606.3     2990      237.21     8117        0        0
      19    31046.8  30078.3    1097.12      11480        3000   645.52     1768.3     3790    449.43      608.0     2810      236.89     8003        0        0
      20    31055.7  30069.3    1097.41      11505        2760   645.40     1765.1     3580    449.08      601.0     6500      236.58     7894        0        0
      21    31063.8  30061.2    1097.68      11529        2330   645.24     1760.6     5380    448.76      594.7     6700      236.29     7793        0        0
      22    31073.1  30051.9    1097.94      11552        2680   644.99     1753.6     5370    448.44      588.5     7790      236.01     7695        0        0
      23    31077.2  30047.8    1098.09      11565        6830   645.13     1757.6     5770    448.00      580.0     8300      235.73     7599        0        0
      24    31073.7  30051.4    1098.19      11574        7510   645.00     1753.9     8770    447.61      572.6     8600      235.46     7506        0        0
      25    31066.8  30058.3    1098.24      11579        7830   644.96     1752.8     9480    447.29      566.5     9700      235.20     7418        0        0
      26    31057.8  30067.3    1098.37      11590        7550   644.68     1745.2    10100    447.10      563.0     9700      234.91     7320        0        0
      27    31039.4  30085.6    1098.46      11598        8020   644.35     1735.9    12500    446.73      556.0    12000      232.89     6658        0      326
      28    31029.4  30095.6    1098.56      11607        8770   643.97     1725.3    13800    446.47      551.3    12800      232.54     6548        0       22
      29    31011.8  30113.3    1098.62      11612       10400   643.63     1716.1    15100    446.20      546.4    13600      232.35     6488        0        0
      30    30999.3  30125.8    1098.65      11615       12500   643.42     1710.4    15400    446.13      545.1    13700      232.14     6422        0        0
      31    30984.6  30140.5    1098.59      11610       13700   643.32     1707.5    14800    446.04      543.4    12300      231.94     6359        0        0

TOTAL                                                   299010                       277170                        229440                          2199     1309
AVE.                                                      9650                         8940                          7400                            71       42
AC FT                                                   593000                       550000                        455000                          4362     2596

      * BOTTOM OF EXCLUSIVE FLOOD CONTROL SPACE
     ** INCLUDES FONTENELLE AND CRYSTAL RESERVOIRS

                                                                      BUREAU OF RECLAMATION
                                                                      LOWER COLORADO REGION
                                                                      BOULDER CITY, NEVADA

                                             COLORADO RIVER STORAGE PROJECT DATA (operational) FOR MARCH 2020

                   LAKE POWELL          |        FLAMING GORGE        |          NAVAJO            |      BLUE MESA             |     MORROW POINT
             MAX. STORAGE 24322000 AF   |  MAX. STORAGE 3749000 AF    | MAX. STORAGE 1696000 AF    | MAX. STORAGE 829500 AF     | MAX. STORAGE 117025 AF  
    COMPUTED MAX. ELEV. 3700.0 FEET     |  MAX. ELEV. 6040.0 FEET     | MAX. ELEV. 6085.0 FEET     | MAX. ELEV. 7519.4 FEET     | MAX. ELEV. 7160.0 FEET
     INFLOW  ELEVATION CONTENT  RELEASE |  ELEVATION CONTENT  RELEASE | ELEVATION CONTENT  RELEASE | ELEVATION CONTENT  RELEASE | ELEVATION CONTENT  RELEASE
DATE FT3/S   (FEET)  (1000 AF)   FT3/S  |  (FEET)  (1000 AF)   FT3/   |(FEET)  (1000 AF)   FT3/S   | (FEET)  (1000 AF)   FT3/S  |(FEET)  (1000 AF)   FT3/S
------------------------------------------------------------------------------------------------------------------------------------------------------------
   1   8700   3602.69   12009    10100      6026.71   3220     1880      6055.73   1290      370     7484.18    536.9     570     7147.86    107.4     550
   2   5600   3602.57   11997    11700      6026.67   3220     1880      6055.71   1290      380     7484.14    536.6     570     7147.90    107.5     620
   3   5900   3602.46   11986    11400      6026.66   3220     1880      6055.67   1290      380     7484.12    536.4     510     7148.09    107.6     470
   4   7700   3602.38   11979    11600      6026.64   3220     1880      6055.65   1290      380     7484.14    536.6     410     7147.75    107.3     590
   5   7100   3602.29   11970    11600      6026.60   3220     1880      6055.65   1290      380     7484.12    536.4     470     7147.40    107.1     650
   6   6200   3602.18   11959    11700      6026.61   3220     1950      6055.63   1290      380     7484.12    536.4     470     7146.81    106.6     710
   7   6900   3602.10   11952    10900      6026.60   3220     1950      6055.59   1290      380     7484.10    536.3     470     7146.58    106.4     570
   8   6600   3602.03   11945    10000      6026.62   3220     1950      6055.58   1290      380     7484.12    536.4     480     7145.99    106.0     720
   9   7200   3601.94   11936    11700      6026.61   3220     1950      6055.60   1290      370     7484.15    536.7     480     7146.04    106.0     560
  10   6700   3601.84   11926    11700      6026.63   3220     1950      6055.61   1290      370     7484.17    536.8     480     7145.93    105.9     560
  11   7200   3601.75   11918    11700      6026.61   3220     1950      6055.58   1290      380     7484.20    537.0     440     7145.82    105.9     490
  12   8600   3601.68   11911    12000      6026.63   3220     1950      6055.61   1290      380     7484.26    537.5     440     7145.63    105.7     520
  13  10100   3601.64   11907    12000      6026.66   3220     1950      6055.65   1290      380     7484.28    537.6     670     7145.88    105.9     590
  14   9600   3601.60   11903    11500      6026.65   3220     1950      6055.70   1290      370     7484.32    537.9     520     7146.09    106.1     540
  15   9200   3601.58   11901    10000      6026.69   3220     1950      6055.72   1290      370     7484.38    538.4     520     7146.22    106.2     480
  16   7900   3601.50   11894    11800      6026.69   3220     1950      6055.73   1290      370     7484.43    538.8     530     7146.28    106.2     510
  17   5700   3601.38   11882    11700      6026.71   3220     1950      6055.74   1290      370     7484.48    539.1     510     7146.19    106.1     550
  18  12000   3601.38   11882    11700      6026.71   3220     1950      6055.73   1290      370     7484.53    539.5     400     7146.00    106.0     480
  19   7500   3601.29   11874    12000      6026.74   3220     1950      6055.80   1300      380     7484.58    539.9     600     7146.49    106.4     580
  20   8400   3601.22   11867    11800      6026.74   3220     1960      6055.83   1300      380     7484.56    539.7     670     7146.74    106.6     630
  21   8800   3601.17   11862    11200      6026.73   3220     1940      6055.86   1300      380     7484.55    539.7     570     7146.63    106.5     630
  22  10100   3601.17   11862     9800      6026.71   3220     1970      6055.87   1300      380     7484.60    540.0     460     7145.92    105.9     770
  23   9400   3601.12   11857    11700      6026.71   3220     1960      6055.89   1300      450     7484.61    540.1     480     7145.47    105.6     660
  24  10300   3601.09   11854    11600      6026.74   3220     1950      6055.87   1300      480     7484.66    540.5     360     7145.08    105.3     520
  25  10500   3601.06   11851    11800      6026.71   3220     1950      6055.86   1300      480     7484.62    540.2     740     7144.95    105.2     800
  26   7800   3600.98   11844    11800      6026.69   3220     1950      6055.81   1300      480     7484.44    538.8    1300     7145.89    105.9     970
  27   7800   3600.90   11836    11700      6026.67   3220     1950      6055.73   1290      470     7484.32    537.9    1030     7145.88    105.9    1110
  28  10000   3600.87   11833    11300      6026.67   3220     1950      6055.71   1290      470     7484.22    537.2     990     7146.06    106.0    1060
  29   6500   3600.80   11827    10000      6026.65   3220     1950      6055.69   1290      470     7484.07    536.1     950     7145.89    105.9    1030
  30   9400   3600.75   11822    11700      6026.59   3220     1950      6055.63   1290      480     7484.01    535.6     900     7146.31    106.2     940
  31   9700   3600.71   11818    11500      6026.61   3220     1960      6055.57   1290      480     7483.85    534.4    1110     7145.85    105.9    1180

TOT  255100                     352700                        60140                        12540                        19100                        21040
AVE    8229                      11380                         1940                          400                          620                          680
A F  506000                     700000                       119000                        24900                        37900                        41700






                                          BUREAU OF RECLAMATION
                                          LOWER COLORADO REGION
                                          BOULDER CITY, NEVADA

                                     GLEN CANYON TO HOOVER DAM LOSSES

                                                MARCH 2020

                      |           | LAKE    |         |   LAKE|    LAKE   |  CHANGE |
               GLEN   |    HOOVER | MEAD    |  STORAGE|   MEAD|    MEAD   |   BANK  |       |          |
              RELEASE |    RELEASE| STORAGE |  CHANGE |PUMPING|EVAPORATION| STORAGE |  LOSS |  ACCUMUL.|  INFLOW
   DATE |      CFS    |     CFS   | 1000 AF |  1000 AF|    CFS|     CFS   |    CFS  |   CFS |     A.F. |   CFS
--------------------------------------------------------------------------------------------------------------------
      1        10100       11200     11414         9       426       530       295     -4734     -9389     17000
      2        11700       15000     11406        -8       471       530      -262      -660    -10698     11700
      3        11400       14600     11400        -6       451       530      -197     -2288    -15237     12400
      4        11600       15400     11393        -7       473       529      -229      -988    -17197     12600
      5        11600       15900     11387        -6       497       529      -197     -2259    -21679     13700
      6        11700       15100     11381        -6       521       529      -197     -1299    -24255     12900
      7        10900       13400     11377        -4       513       529      -131      -678    -25599     12300
      8        10000       14800     11371        -6       460       529      -197      -828    -27240     12600
      9        11700       16400     11362        -9       509       529      -295     -1734    -30679     12600
     10        11700       13600     11359        -3       521       529       -98     -3048    -36725     13000
     11        11700       12200     11362         3       541       529        98     -3212    -43096     14900
     12        12000       12700     11362         0       501       529         0     -2062    -47185     13700
     13        12000        6600     11380        18       474       529       590     -5545    -58184     17300
     14        11500        4790     11402        22       445       529       721     -5530    -69151     17600
     15        10000        5790     11417        15       453       530       492     -2859    -74822     14800
     16        11800        6950     11428        11       473       530       360     -2360    -79503     13900
     17        11700        6760     11439        11       519       530       360     -3741    -86924     13700
     18        11700        3940     11457        18       461       530       590     -2755    -92388     14600
     19        12000        3000     11480        23       446       531       754     -4590   -101492     16300
     20        11800        2760     11505        25       420       531       819     -5394   -112192     17100
     21        11200        2330     11529        24       420       532       786     -4153   -120429     16200
     22         9800        2680     11552        23       455       533       754     -4208   -128775     16000
     23        11700        6830     11565        13       445       533       426     -3620   -135956     14800
     24        11600        7510     11574         9       409       533       295     -3457   -142812     13300
     25        11800        7830     11579         5       474       533       164       207   -142401     11500
     26        11800        7550     11590        11       496       534       360     -2887   -148127     14500
     27        11700        8020     11598         8       488       534       262     -1537   -151176     13300
     28        11300        8770     11607         9       488       534       295     -2847   -156824     14600
     29        10000       10400     11612         5       485       534       164     -2380   -161544     14100
     30        11700       12500     11615         3       512       534        98     -3867   -169214     15200
     31        11500       13700     11610        -5       498       534      -164     -2081   -173342     12000

    TOTAL     352900      298970                         14745     16459                       -173342    440300



</pre>


