<pre>
                                                                    BUREAU OF RECLAMATION
                                                                    LOWER COLORADO REGION
                                                                    BOULDER CITY, NEVADA

                                                               ACCUMULATIONS FOR MARCH 2021

    |GLEN CANYON    |                         HOOVER DAM         |             DAVIS DAM           |      MWD       |            PARKER DAM              |
    |               |  LAKE                                      |LAKE                             |                | LAKE                               |   C.A.P.
    |         ACCUM.|  MEAD    HOOVER RELEASE        GROSS  RATE |MOHAVE      DAVIS RELEASE   GROSS|DIVER. AT INTAKE| HAVASU     PARKER RELEASE     GROSS| DIVER. ACCUM.
DAY |   CFS    A.F. |  ELEV.   CFS    A.F.   ACCUM.   GEN  KWH/AF|ELEV   CFS   A.F.   ACCUM.  GEN  | A.F. ACCUM.    | ELEV    CFS    A.F.   ACCUM.  GEN. | A.F.   A.F.
----------------------------------------------------------------------------------------------------------------------------------------------------------------------
  1   11600   23008   1087.20  14379  28521   28521  11390  399  642.64  13800  27364   27364  3484  2467   2467    447.23  12200  24201    24201   1683   4644   4644
  2   11600   46017   1087.16  13248  26277   54798  10388  395  642.58  14600  28963   56327  3687  3394   5861    447.12  11000  21826    46027   1507   4633   9277
  3   11900   69620   1087.14  13527  26831   81629  10703  399  642.42  13770  27319   83646  3458  3377   9238    446.75  12500  24799    70826   1709   4332  13609
  4   11700   92826   1087.07  14251  28267  109896  11288  399  642.43  14990  29731  113377  3768  3381  12619    447.21   6600  13087    83913    862   4583  18192
  5   11500  115636   1087.01  13936  27641  137537  11038  399  642.28  15000  29745  143122  3774  3377  15996    447.03  12510  24808   108721   1736   4589  22781
  6   11500  138446   1087.03  11489  22788  160325   9075  398  642.16  13200  26184  169306  3332  3369  19365    446.83  12100  24005   132726   1680   4588  27369
  7   11500  161256   1087.07  12247  24292  184617   9674  398  642.05  12810  25400  194706  3225  3344  22709    446.71  10010  19845   152571   1394   6035  33404
  8   11600  184264   1086.88  16002  31740  216357  12673  399  642.06  15100  29948  224654  3792  3288  25997    446.40  10900  21623   174194   1499   4578  37982
  9   11700  207471   1086.79  16112  31957  248314  12814  401  642.09  15700  31137  255791  3995  2971  28968    446.60   9870  19583   193777   1362   4580  42562
 10   11600  230479   1086.65  17758  35223  283537  14065  399  642.18  15890  31527  287318  3999  2927  31895    446.90   9400  18641   212418   1280   4578  47140
 11   11600  253488   1086.51  19199  38080  321617  15210  399  642.42  15890  31515  318833  4005  2956  34851    447.66   5500  10908   223326    702   4592  51732
 12   11700  276694   1086.36  18452  36598  358215  14628  400  642.57  15890  31511  350344  4016  2977  37828    447.55  12500  24799   248125   1715   4593  56325
 13   11700  299901   1086.26  15100  29951  388166  11990  400  642.47  15890  31508  381852  4015  2992  40820    447.55  11600  23009   271134   1606   4588  60913
 14   11500  322711   1086.18  15056  29864  418030  11958  400  642.62  12780  25350  407202  3211  3005  43825    447.49  10700  21215   292349   1466   6047  66960
 15    5500  333620   1086.05  17157  34030  452060  13535  398  642.68  14990  29725  436927  3772  3355  47180    447.39  10600  21024   313373   1465   4645  71605
 16    4200  341950   1085.93  17719  35145  487205  14003  398  642.91  14990  29725  466652  3781  3452  50632    447.44  10100  20037   333410   1416   4641  76246
 17    4100  350083   1085.80  16787  33296  520501  13291  399  643.09  14960  29677  496329  3782  3432  54064    447.42  11790  23376   356786   1644   4634  80880
 18    4000  358017   1085.61  15695  31131  551632  12390  398  643.06  15000  29754  526083  3794  3422  57486    447.88   6700  13284   370070    898   4642  85522
 19    4000  365950   1085.29  16795  33313  584945  13221  397  643.17  14980  29719  555802  3787  3407  60893    447.86  10890  21603   391673   1515   4663  90185
 20    6300  378446   1085.12  13104  25991  610936  10319  397  642.97  15000  29751  585553  3792  3392  64285    447.89  11000  21827   413500   1544   4656  94841
 21   11800  401851   1084.97  11773  23351  634287   9255  396  642.85  15000  29753  615306  3793  3063  67348    447.79  10690  21198   434698   1503   6052 100893
 22   18200  437950   1084.67  16571  32868  667156  13000  396  642.83  14980  29718  645024  3783  2957  70305    447.74  10600  21020   455718   1496   4644 105537
 23   20000  477620   1084.39  16745  33214  700370  13157  396  643.08  13470  26719  671743  3399  2973  73278    447.59  12190  24172   479890   1700   4645 110182
 24   19800  516893   1084.33  16522  32770  733140  12930  395  643.05  14790  29329  701072  3749  2986  76264    447.19  13000  25788   505678   1783   4650 114832
 25   18000  552595   1084.37  18145  35990  769130  14218  395  643.23  15000  29743  730815  3784  3004  79268    447.65   7010  13896   519574    918   4639 119471
 26   13500  579372   1084.47  15896  31530  800660  12444  395  643.24  16200  32140  762955  4111  3020  82288    447.65  11710  23221   542795   1607   4637 124108
 27   11700  602579   1084.58  13743  27259  827919  10734  394  643.06  16190  32122  795077  4110  3366  85654    447.72  11300  22418   565213   1572   4661 128769
 28   11600  625587   1084.65  13315  26409  854328  10449  396  642.85  16180  32101  827178  4091  3465  89119    447.64  11910  23633   588846   1660   6047 134816
 29   12500  650380   1084.64  14320  28404  882732  11385  401  642.76  14980  29718  856896  3777  3437  92556    447.52  12610  25012   613858   1737   4649 139465
 30   12700  675570   1084.51  15132  30013  912745  11964  399  642.76  16000  31731  888627  4051  3399  95955    447.38  12710  25216   639074   1752   4550 144015
 31   11700  698777   1084.39  16407  32543  945288  13023  400  642.69  15790  31312  919939  4000  3387  99342    447.27  12200  24191   663265   1677   4639 148654

TOTAL                                               376212                                   117119                                                46090









                                                                    BUREAU OF RECLAMATION
                                                                    LOWER COLORADO REGION
                                                                    BOULDER CITY, NEVADA

                                                     AVAILABLE RESERVOIR ELEVATIONS AND CONTENTS FOR MARCH 2021

                                        LAKE MEAD                      LAKE MOHAVE                      LAKE HAVASU                        SENATOR WASH
  AVAILABLE CAPACITY IN A.F.            *26120000                        1809800                           619400                              9144
  ELEVATION IN FEET                        1219.6                          647.0                            450.0                             240.0

           TOTAL     TOTAL    |             HOOVER            |            DAVIS            |             PARKER            |             SENATOR WASH
          SYSTEM    AVAILABLE |ELEVATION    CONTENT   RELEASE |ELEVATION   CONTENT  RELEASE |ELEVATION    CONTENT   RELEASE | ELEVATION   CONTENT  PUMPED   RELEASE
     DAY  STORAGE**   SPACE   |  FEET       1000A.F.    ft3/s |  FEET      1000A.F.  ft3/s  |   FEET      1000A.F.  ft3/s   |  FEET        A.F.     ft3/s    ft3/s
-----------------------------------------------------------------------------------------------------------------------------------------------------------------------------
       1    26931.3  34193.7    1087.20      10617       14400   642.64     1688.9    13800    447.23      565.4    12200      231.16     6121        0        0
       2    26911.9  34213.2    1087.16      10613       13200   642.58     1687.2    14600    447.12      563.5    11000      232.38     6498      210        0
       3    26884.3  34240.7    1087.14      10611       13500   642.42     1683.0    13800    446.75      556.5    12500      233.23     6768      165        0
       4    26871.7  34253.4    1087.07      10605       14300   642.43     1683.1    15000    447.21      565.1     6600      234.95     7334      328        0
       5    26846.9  34278.1    1087.01      10600       13900   642.28     1679.0    15000    447.03      561.7    12500      238.69     8654      730        0
       6    26825.5  34299.6    1087.03      10602       11500   642.16     1675.7    13200    446.83      558.0    12100      239.84     9084      314        0
       7    26811.6  34313.5    1087.07      10605       12200   642.05     1672.8    12800    446.71      555.8    10000      239.70     9031       82        0
       8    26775.0  34350.1    1086.88      10589       16000   642.06     1673.1    15100    446.40      550.2    10900      239.48     8948       60        0
       9    26760.8  34364.3    1086.79      10582       16100   642.09     1673.7    15700    446.60      553.6     9870      239.00     8768        0        0
      10    26744.3  34380.8    1086.65      10570       17800   642.18     1676.3    15900    446.90      559.3     9400      238.56     8606        0        0
      11    26744.5  34380.5    1086.51      10558       19200   642.42     1682.9    15900    447.66      573.6     5500      238.17     8463        0        0
      12    26715.8  34409.3    1086.36      10545       18500   642.57     1686.8    15900    447.55      571.5    12500      237.54     8234        0       55
      13    26691.8  34433.2    1086.26      10536       15100   642.47     1684.3    15900    447.55      571.6    11600      234.11     7053        0      606
      14    26675.7  34449.4    1086.18      10530       15100   642.62     1688.5    12800    447.49      570.4    10700      239.15     8825      945        0
      15    26666.9  34458.2    1086.05      10519       17200   642.68     1689.9    15000    447.39      568.6    10600      238.77     8683       38       35
      16    26665.5  34459.5    1085.93      10508       17700   642.91     1696.2    15000    447.44      569.5    10100      239.00     8768      118        0
      17    26663.7  34461.4    1085.80      10497       16800   643.09     1701.2    15000    447.42      569.1    11800      236.45     7849        7      464
      18    26658.5  34466.6    1085.61      10481       15700   643.06     1700.4    15000    447.88      577.7     6700      236.20     7761        0        0
      19    26637.8  34487.3    1085.29      10454       16800   643.17     1703.3    15000    447.86      577.4    10900      235.92     7664        0        0
      20    26618.9  34506.1    1085.12      10440       13100   642.97     1697.9    15000    447.89      578.0    11000      234.31     7120       22      255
      21    26588.8  34536.2    1084.97      10427       11800   642.85     1694.5    15000    447.79      576.0    10700      237.89     8360      664        0
      22    26532.3  34592.8    1084.67      10402       16600   642.83     1693.9    15000    447.74      575.2    10600      237.56     8242        0        0
      23    26486.7  34638.4    1084.39      10378       16700   643.08     1700.8    13500    447.59      572.3    12200      237.20     8113        0        0
      24    26442.6  34682.5    1084.33      10373       16500   643.05     1700.1    14800    447.19      564.8    13000      236.87     7996        0        0
      25    26430.6  34694.5    1084.37      10376       18100   643.23     1705.1    15000    447.65      573.4     7010      233.79     6949        0      543
      26    26423.9  34701.1    1084.47      10385       15900   643.24     1705.2    16200    447.65      573.5    11700      233.57     6877        0        0
      27    26418.4  34706.7    1084.58      10394       13700   643.06     1700.3    16200    447.72      574.7    11300      233.37     6813        0        0
      28    26403.9  34721.1    1084.65      10400       13300   642.85     1694.6    16200    447.64      573.3    11900      235.52     7527      423       35
      29    26390.4  34734.7    1084.64      10399       14300   642.76     1692.2    15000    447.52      570.8    12600      233.93     6995        0      241
      30    26358.4  34766.6    1084.51      10388       15100   642.76     1692.0    16000    447.38      568.3    12700      233.71     6923       35       40
      31    26328.7  34796.4    1084.39      10378       16400   642.69     1690.2    15800    447.27      566.3    12200      231.79     6314        0      296

TOTAL                                                   476500                       464100                        334380                          4141     2570
AVE.                                                     15370                        14970                         10790                           134       83
AC FT                                                   945000                       921000                        663000                          8214     5098

      * BOTTOM OF EXCLUSIVE FLOOD CONTROL SPACE
     ** INCLUDES FONTENELLE AND CRYSTAL RESERVOIRS

                                                                      BUREAU OF RECLAMATION
                                                                      LOWER COLORADO REGION
                                                                      BOULDER CITY, NEVADA

                                             COLORADO RIVER STORAGE PROJECT DATA (operational) FOR MARCH 2021

                   LAKE POWELL          |        FLAMING GORGE        |          NAVAJO            |      BLUE MESA             |     MORROW POINT
             MAX. STORAGE 24322000 AF   |  MAX. STORAGE 3749000 AF    | MAX. STORAGE 1696000 AF    | MAX. STORAGE 829500 AF     | MAX. STORAGE 117025 AF  
    COMPUTED MAX. ELEV. 3700.0 FEET     |  MAX. ELEV. 6040.0 FEET     | MAX. ELEV. 6085.0 FEET     | MAX. ELEV. 7519.4 FEET     | MAX. ELEV. 7160.0 FEET
     INFLOW  ELEVATION CONTENT  RELEASE |  ELEVATION CONTENT  RELEASE | ELEVATION CONTENT  RELEASE | ELEVATION CONTENT  RELEASE | ELEVATION CONTENT  RELEASE
DATE FT3/S   (FEET)  (1000 AF)   FT3/S  |  (FEET)  (1000 AF)   FT3/   |(FEET)  (1000 AF)   FT3/S   | (FEET)  (1000 AF)   FT3/S  |(FEET)  (1000 AF)   FT3/S
------------------------------------------------------------------------------------------------------------------------------------------------------------
   1   3400   3571.27    9210    11600      6024.59   3150      850      6034.18   1050      390     7465.30    400.5     630     7147.05    106.8     390
   2   5600   3571.13    9199    11600      6024.59   3150      850      6034.11   1050      390     7465.37    400.9     410     7146.88    106.7     490
   3   4400   3570.96    9184    11900      6024.61   3150      850      6034.06   1050      390     7465.49    401.7       0     7145.97    106.0     370
   4   4100   3570.78    9170    11700      6024.61   3150      850      6034.01   1050      390     7465.49    401.7     390     7145.93    105.9     420
   5   5500   3570.64    9159    11500      6024.61   3150      850      6033.99   1050      390     7465.54    402.0     260     7145.68    105.8     370
   6   3300   3570.45    9143    11500      6024.61   3150      850      6033.97   1050      390     7465.58    402.3     280     7145.41    105.6     400
   7   5100   3570.30    9131    11500      6024.63   3150      850      6033.95   1050      400     7465.59    402.3     330     7145.22    105.4     410
   8   3900   3570.12    9117    11600      6024.65   3150      850      6033.89   1050      410     7465.61    402.5     280     7144.93    105.2     400
   9   6200   3569.99    9106    11700      6024.67   3150      850      6033.83   1050      410     7465.66    402.8     330     7144.90    105.2     360
  10   4700   3569.83    9093    11600      6024.69   3150      850      6033.82   1050      410     7465.66    402.8     460     7144.83    105.1     500
  11   7000   3569.72    9084    11600      6024.71   3150      850      6033.80   1050      410     7465.68    402.9     370     7144.80    105.1     400
  12   2700   3569.51    9068    11700      6024.71   3150      850      6033.75   1050      410     7465.72    403.2     320     7144.68    105.0     370
  13   4400   3569.34    9054    11700      6024.75   3150      850      6033.69   1050      410     7465.78    403.6     330     7144.55    104.9     390
  14   4700   3569.18    9041    11500      6024.79   3150      850      6033.64   1050      410     7465.79    403.6     340     7144.58    104.9     350
  15   7000   3569.21    9043     5500      6024.81   3150      850      6033.63   1050      410     7465.80    403.7     320     7144.66    105.0     320
  16   5200   3569.23    9045     4200      6024.83   3150      850      6033.55   1040      410     7465.87    404.2     320     7144.32    104.7     480
  17   6500   3569.28    9049     4100      6024.85   3150      850      6033.54   1040      410     7465.90    404.4     460     7144.45    104.8     440
  18   6000   3569.32    9052     4000      6024.87   3160      850      6033.54   1040      410     7465.88    404.2     480     7144.42    104.8     520
  19   6000   3569.36    9055     4000      6024.91   3160      850      6033.51   1040      410     7465.85    404.0     640     7144.25    104.7     730
  20   6100   3569.35    9055     6300      6024.97   3160      850      6033.45   1040      410     7465.81    403.8     630     7144.04    104.5     730
  21   4100   3569.17    9040    11800      6025.03   3160      850      6033.43   1040      410     7465.88    404.2     730     7144.11    104.6     720
  22   2600   3568.81    9011    18200      6025.05   3160      850      6033.39   1040      410     7465.73    403.2     730     7144.10    104.6     740
  23   5400   3568.47    8984    20000      6025.09   3160      850      6033.41   1040      410     7465.70    403.1     730     7144.15    104.6     720
  24   3000   3568.08    8953    19800      6025.11   3160      850      6033.43   1040      420     7465.63    402.6     750     7144.24    104.7     720
  25   2600   3567.72    8924    18000      6025.13   3170      850      6033.40   1040      420     7465.55    402.1     720     7144.14    104.6     770
  26   5400   3567.53    8909    13500      6025.15   3170      850      6033.38   1040      420     7465.47    401.6     740     7144.05    104.5     790
  27   5800   3567.39    8898    11700      6025.17   3170      850      6033.37   1040      420     7465.39    401.0     770     7144.00    104.5     800
  28   5300   3567.24    8886    11600      6025.15   3170      850      6033.36   1040      420     7465.31    400.5     770     7144.00    104.5     780
  29   7900   3567.13    8877    12500      6025.19   3170      850      6033.34   1040      400     7465.23    400.0     720     7143.89    104.4     770
  30   3800   3566.92    8860    12700      6025.17   3170      850      6033.32   1040      400     7465.15    399.5     720     7143.95    104.5     730
  31   2800   3566.71    8844    11700      6025.21   3170      850      6033.31   1040      400     7465.07    399.0    1060     7143.99    104.5    1070

TOT  150500                     352300                        26350                        12600                        16020                        17450
AVE    4855                      11360                          850                          410                          520                          560
A F  298500                     699000                        52000                        25000                        31800                        34600






                                          BUREAU OF RECLAMATION
                                          LOWER COLORADO REGION
                                          BOULDER CITY, NEVADA

                                     GLEN CANYON TO HOOVER DAM LOSSES

                                                MARCH 2021

                      |           | LAKE    |         |   LAKE|    LAKE   |  CHANGE |
               GLEN   |    HOOVER | MEAD    |  STORAGE|   MEAD|    MEAD   |   BANK  |       |          |
              RELEASE |    RELEASE| STORAGE |  CHANGE |PUMPING|EVAPORATION| STORAGE |  LOSS |  ACCUMUL.|  INFLOW
   DATE |      CFS    |     CFS   | 1000 AF |  1000 AF|    CFS|     CFS   |    CFS  |   CFS |     A.F. |   CFS
--------------------------------------------------------------------------------------------------------------------
      1        11600       14400     10617        -5       510       512      -164      -769     -1525     12700
      2        11600       13200     10613        -4       507       512      -131      -907     -3324     12100
      3        11900       13500     10611        -2       528       512       -66     -1818     -6929     13500
      4        11700       14300     10605        -6       558       512      -197      -533     -7987     12100
      5        11500       13900     10600        -5       539       512      -164      -340     -8663     12300
      6        11500       11500     10602         2       514       512        66     -1931    -12492     13600
      7        11500       12200     10605         3       494       512        98     -3289    -19016     14800
      8        11600       16000     10589       -16       564       512      -524      2977    -13112      8480
      9        11700       16100     10582        -7       556       512      -229     -1868    -16818     13400
     10        11600       17800     10570       -12       615       511      -393      -841    -18486     12500
     11        11600       19200     10558       -12       550       511      -393     -2076    -22604     13800
     12        11700       18500     10545       -13       558       511      -426     -1014    -24617     12600
     13        11700       15100     10536        -9       474       511      -295       369    -23885     11300
     14        11500       15100     10530        -6       456       510      -197     -1117    -26101     12800
     15         5500       17200     10519       -11       538       510      -360      -629    -27349     12300
     16         4200       17700     10508       -11       549       510      -360     -1347    -30020     12900
     17         4100       16800     10497       -11       536       510      -360     -6402    -42719     11900
     18         4000       15700     10481       -16       529       509      -524     -3996    -50645      8150
     19         4000       16800     10454       -27       564       509      -885       754    -49149      3380
     20         6300       13100     10440       -14       556       508      -459     -2630    -54364      6650
     21        11800       11800     10427       -13       532       508      -426     -1831    -57996      5860
     22        18200       16600     10402       -25       574       508      -819      2076    -53877      4260
     23        20000       16700     10378       -24       598       507      -786      6921    -40149      4920
     24        19800       16500     10373        -5       592       507      -164      3257    -33689     14900
     25        18000       18100     10376         3       669       507        98      -874    -35422     20900
     26        13500       15900     10385         9       622       507       295     -2066    -39521     21900
     27        11700       13700     10394         9       534       507       295     -1526    -42548     19600
     28        11600       13300     10400         6       528       507       197     -4054    -50589     17600
     29        12500       14300     10399        -1       602       507       -33     -3183    -56903     14900
     30        12700       15100     10388       -11       618       507      -360      1328    -54269     10300
     31        11700       16400     10378       -10       628       507      -328       344    -53587     12200

    TOTAL     352700      476580                         17192     15797                        -53588    378500






</pre>