<pre>
                                                                    BUREAU OF RECLAMATION
                                                                    LOWER COLORADO REGION
                                                                    BOULDER CITY, NEVADA

                                                               ACCUMULATIONS FOR MARCH 2018

    |GLEN CANYON    |                         HOOVER DAM         |             DAVIS DAM           |      MWD       |            PARKER DAM              |
    |               |  LAKE                                      |LAKE                             |                | LAKE                               |   C.A.P.
    |         ACCUM.|  MEAD    HOOVER RELEASE        GROSS  RATE |MOHAVE      DAVIS RELEASE   GROSS|DIVER. AT INTAKE| HAVASU     PARKER RELEASE     GROSS| DIVER. ACCUM.
DAY |   CFS    A.F. |  ELEV.   CFS    A.F.   ACCUM.   GEN  KWH/AF|ELEV   CFS   A.F.   ACCUM.  GEN  | A.F. ACCUM.    | ELEV    CFS    A.F.   ACCUM.  GEN. | A.F.   A.F.
----------------------------------------------------------------------------------------------------------------------------------------------------------------------
  1   12700   25190   1088.14  15861  31460   31460  12633  402  643.53  10010  19848   19848  2450     0      0    448.40   6990  13869    13869    983   5945   5945
  2   12800   50579   1088.14  14173  28112   59572  11278  401  643.68  12090  23980   43828  2984     0      0    448.12  10000  19844    33713   1412   6031  11976
  3   12400   75174   1088.12  12376  24548   84120   9904  403  643.73  12090  23978   67806  2987     0      0    448.02   9300  18454    52167   1309   5981  17957
  4   11600   98182   1088.18  11822  23448  107568   9432  402  643.62  12510  24818   92624  3098     0      0    447.95  10690  21200    73367   1508   6033  23990
  5   13400  124760   1088.14  14105  27977  135545  11258  402  643.77  12700  25198  117822  3148     0      0    447.69  10610  21043    94410   1484   5940  29930
  6   13700  151934   1088.13  13175  26133  161678  10493  402  643.82  11690  23188  141010  2895     0      0    447.47  10890  21605   116015   1527   6022  35952
  7   13600  178909   1088.11  13320  26419  188097  10571  400  643.91  11500  22804  163814  2844     0      0    447.10  11890  23586   139601   1662   5978  41930
  8   13500  205686   1088.10  13049  25882  213979  10372  401  643.97  12900  25580  189394  3202     0      0    447.50   5200  10306   149907    721   5918  47848
  9   13200  231868   1088.15  12551  24894  238873   9974  401  643.88  13100  25974  215368  3232  2002   2002    447.42   9400  18638   168545   1317   5494  53342
 10   12300  256264   1088.23  11101  22018  260891   8876  403  643.62  15490  30718  246086  3834  2489   4491    447.34   9500  18848   187393   1327   6018  59360
 11   11500  279074   1088.32  11466  22743  283634   9130  401  643.29  15300  30348  276434  3777  2737   7228    447.50   9300  18443   205836   1301   6022  65382
 12   13300  305454   1088.29  14765  29286  312920  11709  400  643.26  15290  30330  306764  3778  2984  10212    447.51  10200  20228   226064   1427   6020  71402
 13   12400  330050   1088.25  13883  27537  340457  11055  401  643.13  15300  30340  337104  3792  3004  13216    447.45  10790  21409   247473   1508   6025  77427
 14   13400  356628   1088.17  15711  31162  371619  12507  401  643.47  11010  21834  358938  2733  3011  16227    447.53   9200  18252   265725   1274   6030  83457
 15   13500  383405   1088.15  16602  32929  404548  13258  403  643.81  11190  22192  381130  2788  3344  19571    447.79   6010  11911   277636    807   3228  86685
 16   13400  409983   1088.04  15593  30928  435476  12411  401  644.00  12390  24584  405714  3093  3441  23012    447.47  13020  25815   303451   1807   2460  89145
 17   12700  435173   1088.12  12615  25022  460498  10007  400  644.02  13290  26358  432072  3320  3422  26434    447.33  12100  24009   327460   1674      0  89145
 18   11600  458182   1088.09  13316  26411  486909  10570  400  643.97  13390  26558  458630  3353  3407  29841    447.31  11690  23194   350654   1630      0  89145
 19   13300  484562   1088.08  14404  28569  515478  11398  399  644.01  13790  27358  485988  3453  2736  32577    447.64   9510  18857   369511   1320      0  89145
 20   13800  511934   1088.02  14168  28102  543580  11243  400  643.81  14790  29326  515314  3697  2477  35054    447.82  11010  21835   391346   1534      0  89145
 21   13600  538909   1088.03  13296  26372  569952  10580  401  643.82  14800  29352  544666  3695  2476  37530    447.85  12500  24790   416136   1738    949  90094
 22   13500  565686   1088.00  14484  28728  598680  11560  402  643.69  14510  28776  573442  3619  2372  39902    448.38   7110  14104   430240    996   2649  92743
 23   13600  592661   1088.02  14447  28655  627335  11451  400  643.72  14290  28348  601790  3562  2307  42209    448.23  12580  24956   455196   1757   4223  96966
 24   12700  617851   1088.03  13121  26026  653361  10421  400  643.62  14300  28368  630158  3561  2325  44534    447.98  12500  24802   479998   1738   4859 101825
 25   11900  641454   1088.16   8492  16843  670205   6668  396  643.21  14310  28378  658536  3553  2340  46874    447.85  11800  23402   503400   1644   5724 107549
 26   13400  668033   1088.17  12656  25102  695307  10052  400  643.16  14290  28338  686874  3559  2350  49224    447.73  11500  22818   526218   1595   5632 113181
 27   13400  694611   1088.13  14191  28148  723455  11238  399  643.07  13990  27758  714632  3491  2348  51572    447.61  11900  23597   549815   1645   2560 115741
 28   13500  721388   1088.10  13820  27412  750867  11015  402  643.01  14400  28554  743186  3584  2345  53917    447.29  13410  26595   576410   1861   5060 120801
 29   13500  748165   1088.08  14794  29343  780210  11757  401  642.98  14590  28932  772118  3629  2344  56261    447.39   9200  18249   594659   1289   6053 126854
 30   13400  774744   1088.08  14072  27911  808121  11174  400  642.85  15790  31328  803446  3923  2350  58611    447.37  11200  22217   616876   1560   6052 132906
 31   12700  799934   1088.11  12574  24941  833062   9937  398  642.57  16190  32110  835556  4006  2354  60965    447.46  10300  20428   637304   1414   6034 138940

TOTAL                                               333932                                   104641                                                44770









                                                                    BUREAU OF RECLAMATION
                                                                    LOWER COLORADO REGION
                                                                    BOULDER CITY, NEVADA

                                                     AVAILABLE RESERVOIR ELEVATIONS AND CONTENTS FOR MARCH 2018

                                        LAKE MEAD                      LAKE MOHAVE                      LAKE HAVASU                        SENATOR WASH
  AVAILABLE CAPACITY IN A.F.            *26120000                        1809800                           619400                              9144
  ELEVATION IN FEET                        1219.6                          647.0                            450.0                             240.0

           TOTAL     TOTAL    |             HOOVER            |            DAVIS            |             PARKER            |             SENATOR WASH
          SYSTEM    AVAILABLE |ELEVATION    CONTENT   RELEASE |ELEVATION   CONTENT  RELEASE |ELEVATION    CONTENT   RELEASE | ELEVATION   CONTENT  PUMPED   RELEASE
     DAY  STORAGE**   SPACE   |  FEET       1000A.F.    ft3/s |  FEET      1000A.F.  ft3/s  |   FEET      1000A.F.  ft3/s   |  FEET        A.F.     ft3/s    ft3/s
-----------------------------------------------------------------------------------------------------------------------------------------------------------------------------
       1    31573.0  29552.0    1088.14      10697       15900   643.53     1713.2    10000    448.40      587.8     6990      229.31     5576        0        0
       2    31554.4  29570.7    1088.14      10697       14200   643.68     1717.3    12100    448.12      582.3    10000      226.90     4908        0      288
       3    31537.8  29587.3    1088.12      10695       12400   643.73     1718.7    12100    448.02      580.3     9300      225.31     4495        0      175
       4    31527.9  29597.2    1088.18      10700       11800   643.62     1715.8    12500    447.95      579.0    10700      228.73     5410      498        0
       5    31511.0  29614.1    1088.14      10697       14100   643.77     1719.8    12700    447.69      574.1    10600      230.42     5900      313        0
       6    31490.3  29634.8    1088.13      10696       13200   643.82     1721.3    11700    447.47      570.1    10900      231.79     6314      289        0
       7    31466.8  29658.2    1088.11      10694       13300   643.91     1723.8    11500    447.10      562.9    11900      234.26     7104      494        0
       8    31459.3  29665.8    1088.10      10694       13000   643.97     1725.2    12900    447.50      570.5     5200      234.52     7190      147        0
       9    31445.1  29680.0    1088.15      10698       12600   643.88     1722.9    13100    447.42      569.1     9400      233.98     7011        0        0
      10    31431.9  29693.2    1088.23      10705       11100   643.62     1715.8    15500    447.34      567.6     9500      233.49     6852        0        0
      11    31428.5  29696.5    1088.32      10712       11500   643.29     1706.7    15300    447.50      570.5     9300      233.03     6703        0        0
      12    31405.9  29719.1    1088.29      10710       14800   643.26     1705.8    15300    447.51      570.7    10200      232.59     6564        0        0
      13    31386.6  29738.5    1088.25      10706       13900   643.13     1702.4    15300    447.45      569.5    10800      232.17     6431        0        0
      14    31368.6  29756.5    1088.17      10700       15700   643.47     1711.6    11000    447.53      571.0     9200      231.77     6308        0        2
      15    31371.0  29754.0    1088.15      10698       16600   643.81     1720.9    11200    447.79      576.0     6010      231.35     6179        0        0
      16    31344.2  29780.9    1088.04      10688       15600   644.00     1726.2    12400    447.47      570.0    13000      230.95     6057        0        0
      17    31334.4  29790.7    1088.12      10695       12600   644.02     1726.7    13300    447.33      567.4    12100      229.16     5532        0      225
      18    31320.9  29804.2    1088.09      10693       13300   643.97     1725.2    13400    447.31      567.0    11700      228.85     5444        0        0
      19    31314.6  29810.5    1088.08      10692       14400   644.01     1726.4    13800    447.64      573.2     9510      225.54     4553        0        0
      20    31290.6  29834.4    1088.02      10687       14200   643.81     1721.1    14800    447.82      576.6    11000      228.22     5268        0        0
      21    31273.2  29851.9    1088.03      10688       13300   643.82     1721.3    14800    447.85      577.2    12500      227.93     5187        0        0
      22    31265.2  29859.8    1088.00      10685       14500   643.69     1717.7    14500    448.38      587.3     7110      227.63     5105        0        0
      23    31252.4  29872.7    1088.02      10687       14400   643.72     1718.6    14300    448.23      584.5    12600      227.33     5024        0        0
      24    31230.2  29894.8    1088.03      10688       13100   643.62     1715.8    14300    447.98      579.7    12500      227.05     4948        0        0
      25    31213.3  29911.8    1088.16      10699        8490   643.21     1704.5    14300    447.85      577.2    11800      229.00     5486      312        0
      26    31203.1  29921.9    1088.17      10700       12700   643.16     1703.1    14300    447.73      575.0    11500      229.27     5564       89        0
      27    31178.2  29946.8    1088.13      10696       14200   643.07     1700.7    14000    447.61      572.6    11900      228.91     5461        0        0
      28    31154.8  29970.2    1088.10      10694       13800   643.01     1699.1    14400    447.29      566.6    13400      225.05     4429        0      492
      29    31140.8  29984.3    1088.08      10692       14800   642.98     1698.2    14600    447.39      568.5     9200      219.69     3201        0      635
      30    31116.9  30008.1    1088.08      10692       14100   642.85     1694.7    15800    447.37      568.1    11200      218.97     3053        0       68
      31    31098.1  30026.9    1088.11      10694       12600   642.57     1687.0    16200    447.46      569.8    10300      218.97     3053        0       68

TOTAL                                                   420190                       421400                        321320                          2142     1953
AVE.                                                     13550                        13590                         10370                            69       63
AC FT                                                   833000                       836000                        637000                          4249     3874

      * BOTTOM OF EXCLUSIVE FLOOD CONTROL SPACE
     ** INCLUDES FONTENELLE AND CRYSTAL RESERVOIRS

                                                                      BUREAU OF RECLAMATION
                                                                      LOWER COLORADO REGION
                                                                      BOULDER CITY, NEVADA

                                             COLORADO RIVER STORAGE PROJECT DATA (operational) FOR MARCH 2018

                   LAKE POWELL          |        FLAMING GORGE        |          NAVAJO            |      BLUE MESA             |     MORROW POINT
             MAX. STORAGE 24322000 AF   |  MAX. STORAGE 3749000 AF    | MAX. STORAGE 1696000 AF    | MAX. STORAGE 829500 AF     | MAX. STORAGE 117025 AF  
    COMPUTED MAX. ELEV. 3700.0 FEET     |  MAX. ELEV. 6040.0 FEET     | MAX. ELEV. 6085.0 FEET     | MAX. ELEV. 7519.4 FEET     | MAX. ELEV. 7160.0 FEET
     INFLOW  ELEVATION CONTENT  RELEASE |  ELEVATION CONTENT  RELEASE | ELEVATION CONTENT  RELEASE | ELEVATION CONTENT  RELEASE | ELEVATION CONTENT  RELEASE
DATE FT3/S   (FEET)  (1000 AF)   FT3/S  |  (FEET)  (1000 AF)   FT3/   |(FEET)  (1000 AF)   FT3/S   | (FEET)  (1000 AF)   FT3/S  |(FEET)  (1000 AF)   FT3/S
------------------------------------------------------------------------------------------------------------------------------------------------------------
   1   7300   3615.92   13335    12700      6025.89   3190     2280      6051.70   1250      330     7485.54    547.1     350     7148.83    108.2     500
   2   5200   3615.78   13321    12800      6025.87   3190     1780      6051.67   1250      330     7485.48    546.7     680     7149.04    108.3     610
   3   6400   3615.67   13310    12400      6025.85   3190     1690      6051.62   1240      330     7485.49    546.8     460     7148.63    108.0     620
   4   6800   3615.58   13300    11600      6025.87   3190     1690      6051.54   1240      330     7485.46    546.5     610     7148.83    108.2     540
   5   8600   3615.49   13291    13400      6025.85   3190     1700      6051.48   1240      330     7485.34    545.6     820     7149.48    108.7     610
   6   6100   3615.35   13276    13700      6025.83   3190     1690      6051.45   1240      330     7485.32    545.5     500     7149.28    108.5     610
   7   6000   3615.21   13262    13600      6025.81   3190     1690      6051.43   1240      330     7485.30    545.3     540     7149.11    108.4     570
   8   6400   3615.08   13248    13500      6025.81   3190     1690      6051.39   1240      330     7485.07    543.6    1240     7150.60    109.5     590
   9   6200   3614.95   13235    13200      6025.81   3190     1670      6051.37   1240      330     7484.90    542.3    1190     7151.96    110.6     610
  10   6900   3614.85   13225    12300      6025.81   3190     1690      6051.36   1240      330     7484.71    540.9    1130     7153.67    112.0     550
  11   9600   3614.81   13221    11500      6025.81   3190     1690      6051.35   1240      330     7484.51    539.4    1320     7155.59    113.5     620
  12   3400   3614.63   13202    13300      6025.81   3190     1670      6051.35   1240      330     7484.55    539.7     330     7154.76    112.8     680
  13   7100   3614.53   13192    12400      6025.81   3190     1690      6051.34   1240      330     7484.67    540.6       0     7153.62    111.9     460
  14   2400   3614.33   13171    13400      6025.79   3190     1670      6051.34   1240      330     7484.82    541.7       0     7151.92    110.6     610
  15   8100   3614.23   13161    13500      6025.81   3190     1680      6051.31   1240      330     7485.01    543.1       0     7150.40    109.4     630
  16   4700   3614.07   13144    13400      6025.81   3190     1710      6051.36   1240      330     7485.11    543.9       0     7148.58    108.0     800
  17   5700   3613.94   13131    12700      6025.81   3190     1690      6051.33   1240      330     7485.20    544.6       0     7147.05    106.8     580
  18   6800   3613.85   13122    11600      6025.83   3190     1720      6051.33   1240      330     7485.30    545.3       0     7145.58    105.7     660
  19   7400   3613.74   13110    13300      6025.81   3190     1720      6051.32   1240      330     7485.44    546.4       0     7143.55    104.2     840
  20   6300   3613.60   13096    13800      6025.79   3190     1720      6051.30   1240      320     7485.47    546.6     200     7141.63    102.7     950
  21   4400   3613.43   13079    13600      6025.79   3190     1700      6051.27   1240      320     7485.41    546.2     670     7141.04    102.3     930
  22   8700   3613.34   13069    13500      6025.75   3190     1720      6051.27   1240      320     7485.21    544.6    1280     7141.85    102.9     980
  23   7700   3613.23   13058    13600      6025.75   3190     1710      6051.22   1240      320     7485.10    543.8    1030     7141.94    102.9     990
  24   5700   3613.10   13045    12700      6025.71   3190     1700      6051.19   1240      320     7485.01    543.1    1020     7141.65    102.7    1110
  25   5400   3612.98   13033    11900      6025.67   3190     1700      6051.16   1240      320     7484.87    542.1     980     7141.52    102.6    1010
  26   9200   3612.90   13024    13400      6025.71   3190     1700      6051.13   1240      350     7484.72    541.0    1040     7141.86    102.9     980
  27   4700   3612.74   13008    13400      6025.73   3190     1710      6051.10   1240      410     7484.53    539.5    1210     7142.29    103.2    1030
  28   7700   3612.63   12997    13500      6025.71   3190     1720      6051.08   1240      400     7484.24    537.3    1520     7142.57    103.4    1420
  29   7600   3612.52   12986    13500      6025.69   3190     1700      6051.05   1240      400     7484.06    536.0    1330     7143.05    103.8    1190
  30   4300   3612.35   12968    13400      6025.67   3190     1700      6051.00   1240      400     7483.89    534.7    1150     7143.05    103.8    1160
  31   6300   3612.23   12956    12700      6025.65   3180     1700      6050.92   1240      400     7483.73    533.5    1070     7142.93    103.7    1070

TOT  199100                     403300                        53290                        10550                        21670                        24510
AVE    6423                      13010                         1720                          340                          700                          790
A F  394900                     800000                       106000                        20900                        43000                        48600






                                          BUREAU OF RECLAMATION
                                          LOWER COLORADO REGION
                                          BOULDER CITY, NEVADA

                                     GLEN CANYON TO HOOVER DAM LOSSES

                                                MARCH 2018

                      |           | LAKE    |         |   LAKE|    LAKE   |  CHANGE |
               GLEN   |    HOOVER | MEAD    |  STORAGE|   MEAD|    MEAD   |   BANK  |       |          |
              RELEASE |    RELEASE| STORAGE |  CHANGE |PUMPING|EVAPORATION| STORAGE |  LOSS |  ACCUMUL.|  INFLOW
   DATE |      CFS    |     CFS   | 1000 AF |  1000 AF|    CFS|     CFS   |    CFS  |   CFS |     A.F. |   CFS
--------------------------------------------------------------------------------------------------------------------
      1        12700       15900     10697        -6       490       514      -197      -438      -869     13700
      2        12800       14200     10697         0       489       514         0     -2263     -5357     15200
      3        12400       12400     10695        -2       489       514       -66       382     -4599     12300
      4        11600       11800     10700         5       435       514       164     -2633     -9821     15400
      5        13400       14100     10697        -3       509       514       -98     -1151    -12104     13500
      6        13700       13200     10696        -1       552       514       -33     -2154    -16375     13700
      7        13600       13300     10694        -2       538       514       -66       120    -16137     13300
      8        13500       13000     10694         0       580       514         0      -364    -16859     14100
      9        13200       12600     10698         4       559       514       131     -2208    -21239     15800
     10        12300       11100     10705         7       531       514       229     -2410    -26018     15900
     11        11500       11500     10712         7       480       514       229     -3018    -32005     16300
     12        13300       14800     10710        -2       538       514       -66     -2501    -36965     14800
     13        12400       13900     10706        -4       548       514      -131     -1267    -39479     12800
     14        13400       15700     10700        -6       469       514      -197      -191    -39858     13500
     15        13500       16600     10698        -2       521       514       -66     -4147    -48084     16600
     16        13400       15600     10688       -10       512       514      -328      2142    -43836     11300
     17        12700       12600     10695         7       546       514       229     -3956    -51681     17400
     18        11600       13300     10693        -2       480       514       -66       228    -51228     13200
     19        13300       14400     10692        -1       521       514       -33     -2187    -55566     14900
     20        13800       14200     10687        -5       534       514      -164      -985    -57521     12600
     21        13600       13300     10688         1       554       514        33     -1644    -60781     14900
     22        13500       14500     10685        -3       562       514       -98      -139    -61056     14000
     23        13600       14400     10687         2       572       514        66     -2915    -66839     16600
     24        12700       13100     10688         1       579       514        33     -1224    -69266     14700
     25        11900        8490     10699        11       492       514       360     -1782    -72800     15400
     26        13400       12700     10700         1       503       514        33     -1575    -75925     14300
     27        13400       14200     10696        -4       568       514      -131     -1261    -78425     13100
     28        13500       13800     10694        -2       569       514       -66      -387    -79192     13800
     29        13500       14800     10692        -2       608       514       -66     -1481    -82129     14800
     30        13400       14100     10692         0       589       514         0     -1680    -85461     15200
     31        12700       12600     10694         2       576       514        66     -1302    -88042     14800

    TOTAL     403300      420000                         16493     15934                        -88043    447800






</pre>