
<pre>                                                                   BUREAU OF RECLAMATION
                                                                    LOWER COLORADO REGION
                                                                    BOULDER CITY, NEVADA

                                                               ACCUMULATIONS FOR APRIL 2019

    |GLEN CANYON    |                         HOOVER DAM         |             DAVIS DAM           |      MWD       |            PARKER DAM              |
    |               |  LAKE                                      |LAKE                             |                | LAKE                               |   C.A.P.
    |         ACCUM.|  MEAD    HOOVER RELEASE        GROSS  RATE |MOHAVE      DAVIS RELEASE   GROSS|DIVER. AT INTAKE| HAVASU     PARKER RELEASE     GROSS| DIVER. ACCUM.
DAY |   CFS    A.F. |  ELEV.   CFS    A.F.   ACCUM.   GEN  KWH/AF|ELEV   CFS   A.F.   ACCUM.  GEN  | A.F. ACCUM.    | ELEV    CFS    A.F.   ACCUM.  GEN. | A.F.   A.F.
----------------------------------------------------------------------------------------------------------------------------------------------------------------------
  1   12100   24000   1090.23  16080  31894   31894  12943  406  642.74  12980  25747   25747  3206   970    970    447.95  11200  22214    22214   1551   3749   3749
  2   12400   48595   1090.11  17556  34822   66716  14112  405  643.03  12980  25750   51497  3190  1008   1978    447.56  13590  26961    49175   1880   4145   7894
  3   12200   72793   1090.02  17416  34544  101260  13972  404  643.39  12980  25744   77241  3199     0   1978    447.33  13780  27340    76515   1909   4847  12741
  4   11800   96198   1089.90  18208  36115  137375  14621  405  643.63  13580  26940  104181  3348     0   1978    447.63   6000  11891    88406    792   4847  17588
  5   12500  120992   1089.84  16348  32426  169801  13097  404  643.78  14580  28929  133110  3609     9   1987    447.32  13600  26976   115382   1864   4849  22437
  6   11400  143603   1089.84  13595  26966  196767  10915  405  643.57  16590  32908  166018  4126  1018   3005    447.19  13300  26375   141757   1822   4845  27282
  7   10900  165223   1089.85  11951  23704  220471   9560  403  643.24  16780  33281  199299  4164  1036   4041    447.10  13480  26731   168488   1857   4847  32129
  8   12500  190017   1089.82  15195  30138  250610  12152  403  643.10  16790  33307  232606  4162  1033   5074    447.21  12600  24994   193482   1729   4849  36978
  9   12300  214413   1089.74  16075  31885  282494  12853  403  643.18  14390  28540  261146  3543  1032   6106    447.20  13000  25784   219266   1783   4848  41826
 10   11800  237818   1089.62  15692  31125  313619  12602  405  643.22  15580  30907  292053  3854  1037   7143    447.09  12310  24415   243681   1681   4849  46675
 11   12200  262017   1089.55  16499  32726  346345  13249  405  643.23  15590  30932  322985  3866  1036   8179    447.76   5800  11502   255183    808   4889  51564
 12   12500  286810   1089.47  16462  32652  378997  13265  406  643.26  15600  30936  353921  3872  1036   9215    447.57  13400  26581   281764   1853   5757  57321
 13   11900  310413   1089.48  13504  26785  405782  10835  405  643.14  15590  30924  384845  3868  1034  10249    447.53  12000  23808   305572   1647   6052  63373
 14   11400  333025   1089.48  11762  23330  429112   9414  404  642.78  16220  32176  417021  4008  1032  11281    447.46  12310  24408   329980   1674   6051  69424
 15   12600  358016   1089.44  14399  28561  457673  11569  405  642.64  16210  32155  449176  3983  1031  12312    447.39  12410  24610   354590   1704   6049  75473
 16   12200  382215   1089.38  14643  29045  486718  11809  407  642.50  16200  32141  481317  3974  1029  13341    447.59  12200  24202   378792   1670   5002  80475
 17   12100  406215   1089.33  15651  31043  517761  12608  406  642.70  13800  27374  508691  3440  1029  14370    447.42  12700  25182   403974   1745   5250  85725
 18   12300  430612   1089.24  17177  34071  551832  13825  406  642.91  13790  27359  536050  3401  1028  15398    447.66   6500  12884   416858    847   6050  91775
 19   12600  455603   1089.20  15308  30363  582195  12313  406  642.76  16110  31947  567997  4014  1027  16425    447.58  12300  24400   441258   1695   6050  97825
 20   12000  479405   1089.19  12401  24596  606791   9956  405  642.54  15580  30904  598901  3881  1028  17453    447.57  12000  23811   465069   1648   6050 103875
 21   11700  502612   1089.25  11758  23322  630113   9467  406  642.29  15600  30937  629838  3877  1026  18479    447.50  12890  25572   490641   1777   6054 109929
 22   12700  527802   1089.24  14778  29312  659425  11883  405  642.21  15600  30942  660780  3899  1022  19501    447.48  12540  24874   515515   1741   6052 115981
 23   12500  552595   1089.19  14986  29725  689150  12036  405  642.08  15600  30947  691727  3911  1023  20524    447.49  12480  24746   540261   1728   4889 120870
 24   12500  577388   1089.11  16480  32687  721837  13281  406  642.18  14500  28760  720487  3652  1022  21546    447.48  12030  23867   564128   1681   6051 126921
 25   12600  602380   1089.06  16705  33134  754971  13450  406  642.28  14510  28780  749267  3656  1023  22569    447.86   7990  15853   579981   1107   4978 131899
 26   12000  626182   1089.01  14825  29405  784376  11908  405  642.31  14510  28774  778041  3656  1023  23592    447.64  14100  27966   607947   1949   2475 134374
 27   10800  647603   1089.02  14049  27865  812241  11280  405  642.18  14990  29736  807777  3769  1021  24613    447.62  13600  26972   634919   1868   1973 136347
 28   11700  670810   1089.01  14761  29278  841518  11881  406  642.33  13000  25776  833553  3282  1020  25633    447.64  12520  24829   659748   1702   2476 138823
 29   12500  695603   1089.01  15151  30051  871569  12231  407  642.45  12800  25384  858937  3216  1018  26651    447.26  13000  25789   685537   1818   2474 141297
 30   12200  719802   1088.95  15231  30210  901780  12305  407  642.52  13790  27348  886285  3467  1015  27666    447.29  13100  25987   711524   1824   2473 143770

TOTAL                                               365392                                   111091                                                49352










                                                                    BUREAU OF RECLAMATION
                                                                    LOWER COLORADO REGION
                                                                    BOULDER CITY, NEVADA

                                                     AVAILABLE RESERVOIR ELEVATIONS AND CONTENTS FOR APRIL 2019

                                        LAKE MEAD                      LAKE MOHAVE                      LAKE HAVASU                        SENATOR WASH
  AVAILABLE CAPACITY IN A.F.            *26120000                        1809800                           619400                              9144
  ELEVATION IN FEET                        1219.6                          647.0                            450.0                             240.0

           TOTAL     TOTAL    |             HOOVER            |            DAVIS            |             PARKER            |             SENATOR WASH
          SYSTEM    AVAILABLE |ELEVATION    CONTENT   RELEASE |ELEVATION   CONTENT  RELEASE |ELEVATION    CONTENT   RELEASE | ELEVATION   CONTENT  PUMPED   RELEASE
     DAY  STORAGE**   SPACE   |  FEET       1000A.F.    ft3/s |  FEET      1000A.F.  ft3/s  |   FEET      1000A.F.  ft3/s   |  FEET        A.F.     ft3/s    ft3/s
-----------------------------------------------------------------------------------------------------------------------------------------------------------------------------
       1    26804.7  34320.3    1090.23      10877       16100   642.74     1691.6    13000    447.95      579.1    11200      238.70     8658      102        0
       2    26800.5  34324.6    1090.11      10867       17600   643.03     1699.5    13000    447.56      571.7    13600      236.30     7796        8      397
       3    26793.1  34331.9    1090.02      10859       17400   643.39     1709.5    13000    447.33      567.4    13800      234.25     7101        0      311
       4    26798.7  34326.3    1089.90      10848       18200   643.63     1716.1    13600    447.63      573.1     6000      232.34     6485        0      290
       5    26794.1  34331.0    1089.84      10843       16300   643.78     1720.0    14600    447.32      567.1    13600      234.61     7220      431        0
       6    26796.2  34328.8    1089.84      10843       13600   643.57     1714.4    16600    447.19      564.6    13300      237.21     8117      523        0
       7    26792.5  34332.5    1089.85      10844       12000   643.24     1705.4    16800    447.10      563.0    13500      238.51     8588      329        0
       8    26795.6  34329.4    1089.82      10841       15200   643.10     1701.4    16800    447.21      565.1    12600      238.07     8426       16        0
       9    26805.9  34319.1    1089.74      10835       16100   643.18     1703.5    14400    447.20      564.8    13000      237.62     8263        0        0
      10    26802.2  34322.9    1089.62      10824       15700   643.22     1704.6    15600    447.09      562.9    12300      237.85     8346      124        0
      11    26826.3  34298.8    1089.55      10818       16500   643.23     1705.0    15600    447.76      575.4     5800      237.41     8189        0        0
      12    26828.7  34296.4    1089.47      10811       16500   643.26     1705.9    15600    447.57      571.9    13400      236.99     8038        0        0
      13    26839.5  34285.6    1089.48      10812       13500   643.14     1702.6    15600    447.53      571.1    12000      236.61     7905        0        0
      14    26839.0  34286.0    1089.48      10812       11800   642.78     1692.7    16200    447.46      569.9    12300      236.24     7775        0        0
      15    26843.3  34281.8    1089.44      10809       14400   642.64     1688.8    16200    447.39      568.4    12400      236.24     7775        0        0
      16    26850.8  34274.2    1089.38      10804       14600   642.50     1685.1    16200    447.59      572.2    12200      235.57     7545        0        0
      17    26860.6  34264.5    1089.33      10799       15700   642.70     1690.4    13800    447.42      569.1    12700      232.66     6586        0      471
      18    26874.7  34250.4    1089.24      10791       17200   642.91     1696.3    13800    447.66      573.5     6500      232.44     6516        0        0
      19    26878.6  34246.4    1089.20      10788       15300   642.76     1692.2    16100    447.58      572.0    12300      233.98     7011      298        0
      20    26886.1  34239.0    1089.19      10787       12400   642.54     1686.2    15600    447.57      571.9    12000      234.63     7227      154        0
      21    26901.0  34224.0    1089.25      10792       11800   642.29     1679.3    15600    447.50      570.5    12900      238.40     8547      779        0
      22    26926.7  34198.4    1089.24      10791       14800   642.21     1677.0    15600    447.48      570.2    12500      236.87     7996        0      256
      23    26942.8  34182.3    1089.19      10787       15000   642.08     1673.5    15600    447.49      570.5    12500      236.67     7926       34        0
      24    26968.4  34156.7    1089.11      10780       16500   642.18     1676.3    14500    447.48      570.1    12000      236.30     7796        0        0
      25    27005.0  34120.1    1089.06      10776       16700   642.28     1678.9    14500    447.86      577.4     7990      235.93     7667        0        0
      26    27044.5  34080.6    1089.01      10772       14800   642.31     1679.8    14500    447.64      573.3    14100      234.85     7300        0      128
      27    27080.7  34044.3    1089.02      10773       14000   642.18     1676.5    15000    447.62      572.8    13600      236.09     7723      364      112
      28    27131.3  33993.8    1089.01      10772       14800   642.33     1680.4    13000    447.64      573.2    12500      237.26     8135      279        0
      29    27174.4  33950.7    1089.01      10772       15200   642.45     1683.8    12800    447.26      566.1    13000      233.09     6722        0      714
      30    27237.5  33887.6    1088.95      10767       15200   642.52     1685.6    13800    447.29      566.6    13100      231.42     6200        0      239

TOTAL                                                   454900                       447000                        358690                          3441     2918
AVE.                                                     15160                        14900                         11960                           115       97
AC FT                                                   902000                       887000                        711000                          6825     5788

      * BOTTOM OF EXCLUSIVE FLOOD CONTROL SPACE
     ** INCLUDES FONTENELLE AND CRYSTAL RESERVOIRS


                                                                      BUREAU OF RECLAMATION
                                                                      LOWER COLORADO REGION
                                                                      BOULDER CITY, NEVADA

                                             COLORADO RIVER STORAGE PROJECT DATA (operational) FOR APRIL 2019

                   LAKE POWELL          |        FLAMING GORGE        |          NAVAJO            |      BLUE MESA             |     MORROW POINT
             MAX. STORAGE 24322000 AF   |  MAX. STORAGE 3749000 AF    | MAX. STORAGE 1696000 AF    | MAX. STORAGE 829500 AF     | MAX. STORAGE 117025 AF  
    COMPUTED MAX. ELEV. 3700.0 FEET     |  MAX. ELEV. 6040.0 FEET     | MAX. ELEV. 6085.0 FEET     | MAX. ELEV. 7519.4 FEET     | MAX. ELEV. 7160.0 FEET
     INFLOW  ELEVATION CONTENT  RELEASE |  ELEVATION CONTENT  RELEASE | ELEVATION CONTENT  RELEASE | ELEVATION CONTENT  RELEASE | ELEVATION CONTENT  RELEASE
DATE FT3/S   (FEET)  (1000 AF)   FT3/S  |  (FEET)  (1000 AF)   FT3/   |(FEET)  (1000 AF)   FT3/S   | (FEET)  (1000 AF)   FT3/S  |(FEET)  (1000 AF)   FT3/S
------------------------------------------------------------------------------------------------------------------------------------------------------------
   1   9400   3569.21    9043    12100      6025.73   3190      800      6024.90    960      290     7437.99    249.6     600     7147.06    106.8     600
   2  11800   3569.19    9042    12400      6025.85   3190      810      6025.17    960      290     7437.90    249.2     780     7147.90    107.5     540
   3   6400   3569.05    9031    12200      6025.93   3190      810      6025.45    960      300     7437.96    249.5     470     7148.52    107.9     390
   4   9100   3568.98    9025    11800      6026.09   3200      890      6025.72    970      370     7438.08    250.1     330     7148.82    108.2     390
   5   7500   3568.86    9015    12500      6026.29   3210      950      6026.07    970      310     7438.21    250.7     280     7148.76    108.1     600
   6  10900   3568.84    9014    11400      6026.45   3210      950      6026.44    970      290     7438.41    251.7     550     7149.09    108.4     560
   7   8200   3568.77    9008    10900      6026.57   3220      950      6026.86    980      290     7438.70    253.1     450     7149.37    108.6     550
   8   9700   3568.70    9002    12500      6026.69   3220      950      6027.38    980      310     7438.86    253.9     750     7150.33    109.3     670
   9  10000   3568.64    8998    12300      6026.91   3230      950      6028.17    990      330     7439.30    256.1     420     7149.90    109.0     680
  10   6400   3568.51    8987    11800      6027.07   3240      950      6028.94   1000      330     7439.74    258.3     360     7149.41    108.6     740
  11  14700   3568.56    8991    12200      6027.19   3240      910      6029.47   1000      330     7440.01    259.6     760     7149.61    108.8     780
  12  13600   3568.58    8993    12500      6027.31   3250      940      6029.81   1010      330     7440.16    260.4     750     7150.18    109.2     620
  13  15700   3568.66    8999    11900      6027.39   3250      950      6030.08   1010      330     7440.34    261.3     580     7150.04    109.1     760
  14  13900   3568.71    9003    11400      6027.45   3250      950      6030.35   1010      340     7440.52    262.2     550     7149.91    109.0     600
  15  13800   3568.73    9005    12600      6027.61   3260      940      6030.68   1020      340     7440.65    262.9     810     7150.36    109.4     700
  16  13400   3568.75    9006    12200      6027.75   3260      920      6031.05   1020      340     7440.91    264.2     740     7150.24    109.3     870
  17  12900   3568.76    9007    12100      6027.87   3270      920      6031.47   1020      340     7441.25    265.9     730     7150.24    109.3     920
  18  13100   3568.77    9008    12300      6027.95   3270      920      6031.95   1030      340     7441.57    267.5     840     7150.82    109.7     800
  19  13300   3568.78    9009    12600      6028.01   3270     1580      6032.55   1030      340     7442.06    270.0     790     7151.08    109.9     820
  20  12700   3568.79    9010    12000      6028.05   3270     1590      6033.31   1040      340     7442.70    273.3     650     7151.12    109.9     760
  21  13800   3568.83    9013    11700      6028.13   3280     1570      6033.94   1050      340     7443.43    277.1     550     7151.11    109.9     790
  22  19500   3568.98    9025    12700      6028.25   3280     1580      6034.59   1060      340     7444.08    280.5     630     7151.39    110.2     780
  23  16700   3569.07    9032    12500      6028.35   3290     1600      6035.18   1060      380     7444.84    284.5     540     7151.47    110.2     780
  24  20200   3569.24    9046    12500      6028.45   3290     1590      6035.72   1070      410     7445.74    289.3     460     7151.66    110.4     700
  25  21600   3569.44    9062    12600      6028.47   3290     1580      6036.35   1070      400     7446.52    293.5     950     7152.69    111.2     910
  26  26400   3569.76    9088    12000      6028.59   3290     1590      6037.09   1080      400     7447.64    299.5     460     7153.38    111.7     630
  27  21700   3570.00    9107    10800      6028.61   3300     1590      6037.87   1090      400     7449.07    307.4     170     7153.66    111.9     670
  28  25700   3570.31    9132    11700      6028.67   3300     1600      6038.62   1100      400     7450.71    316.5       0     7153.57    111.9     680
  29  26500   3570.62    9157    12500      6028.71   3300     1600      6039.40   1110      400     7452.23    325.1     480     7154.53    112.6     740
  30  34600   3571.12    9198    12200      6028.79   3300     1620      6040.36   1120      410     7453.91    334.8     110     7155.16    113.1     540

TOT  453200                     362900                        35550                        10360                        16540                        20570
AVE   15107                      12100                         1180                          350                          550                          690
A F  898900                     720000                        71000                        20500                        32800                        40800







                                          BUREAU OF RECLAMATION
                                          LOWER COLORADO REGION
                                          BOULDER CITY, NEVADA

                                     GLEN CANYON TO HOOVER DAM LOSSES

                                                APRIL 2019

                      |           | LAKE    |         |   LAKE|    LAKE   |  CHANGE |
               GLEN   |    HOOVER | MEAD    |  STORAGE|   MEAD|    MEAD   |   BANK  |       |          |
              RELEASE |    RELEASE| STORAGE |  CHANGE |PUMPING|EVAPORATION| STORAGE |  LOSS |  ACCUMUL.|  INFLOW
   DATE |      CFS    |     CFS   | 1000 AF |  1000 AF|    CFS|     CFS   |    CFS  |   CFS |     A.F. |   CFS
--------------------------------------------------------------------------------------------------------------------
      1        12100       16100     10877        -1       525       666       -33     -4139     -8209     16800
      2        12400       17600     10867       -10       551       665      -328     -1627    -11436     13400
      3        12200       17400     10859        -8       545       665      -262     -2191    -15782     14300
      4        11800       18200     10848       -11       534       665      -360     -1096    -17956     13500
      5        12500       16300     10843        -5       469       665      -164     -2520    -22954     14700
      6        11400       13600     10843         0       453       665         0     -2904    -28715     14700
      7        10900       12000     10844         1       483       665        33     -1208    -31111     13700
      8        12500       15200     10841        -3       537       665       -98     -3347    -37749     14800
      9        12300       16100     10835        -6       557       664      -197     -3172    -44041     14100
     10        11800       15700     10824       -11       525       664      -360      1517    -41031     11000
     11        12200       16500     10818        -6       565       664      -197     -2229    -45452     14500
     12        12500       16500     10811        -7       517       664      -229     -2140    -49697     13900
     13        11900       13500     10812         1       495       664        33     -2955    -55559     15200
     14        11400       11800     10812         0       469       664         0      -473    -56496     12900
     15        12600       14400     10809        -3       487       664       -98     -2053    -60569     13900
     16        12200       14600     10804        -5       565       664      -164     -1777    -64094     13100
     17        12100       15700     10799        -5       506       663      -164     -1606    -67280     14200
     18        12300       17200     10791        -8       563       663      -262     -1894    -71036     14100
     19        12600       15300     10788        -3       489       663       -98     -2721    -76434     14800
     20        12000       12400     10787        -1       569       663       -33      -777    -77975     13100
     21        11700       11800     10792         5       452       663       164     -2992    -83909     15600
     22        12700       14800     10791        -1       496       663       -33     -3459    -90770     15400
     23        12500       15000     10787        -4       541       663      -131     -2341    -95414     14100
     24        12500       16500     10780        -7       563       663      -229     -1287    -97966     14000
     25        12600       16700     10776        -4       616       663      -131     -3346   -104603     15800
     26        12000       14800     10772        -4       581       663      -131     -1399   -107377     13900
     27        10800       14000     10773         1       566       663        33     -3186   -113697     15800
     28        11700       14800     10772        -1       549       663       -33     -3462   -120564     15500
     29        12500       15200     10772         0       585       663         0     -5621   -131713     16400
     30        12200       15200     10767        -5       573       663      -164     -2011   -135701     13800

    TOTAL     363000      454650                         15926     19915                       -135702    431100




</pre>


