<pre>
                                                                    BUREAU OF RECLAMATION
                                                                    LOWER COLORADO REGION
                                                                    BOULDER CITY, NEVADA

                                                               ACCUMULATIONS FOR APRIL 2014

    |GLEN CANYON    |                         HOOVER DAM         |             DAVIS DAM           |      MWD       |            PARKER DAM              |
    |               |  LAKE                                      |LAKE                             |                | LAKE                               |   C.A.P.
    |         ACCUM.|  MEAD    HOOVER RELEASE        GROSS  RATE |MOHAVE      DAVIS RELEASE   GROSS|DIVER. AT INTAKE| HAVASU     PARKER RELEASE     GROSS| DIVER. ACCUM.
DAY |   CFS    A.F. |  ELEV.   CFS    A.F.   ACCUM.   GEN  KWH/AF|ELEV   CFS   A.F.   ACCUM.  GEN  | A.F. ACCUM.    | ELEV    CFS    A.F.   ACCUM.  GEN. | A.F.   A.F.
----------------------------------------------------------------------------------------------------------------------------------------------------------------------
  1    8600   17058   1101.49  16402  32534   32534  13295  409  641.46  18990  37671   37671  4672  3449   3449    447.17  14000  27777    27777   1907   5688   5688
  2    8700   34314   1101.31  18411  36518   69052  14929  409  641.35  19010  37712   75383  4655  3439   6888    447.38  12000  23793    51570   1647   6407  12095
  3    8700   51570   1101.06  17613  34935  103987  14405  412  641.11  18980  37648  113031  4652  3445  10333    447.82  10120  20072    71642   1407   5633  17728
  4    8600   68628   1100.73  23729  47066  151053  19356  411  641.55  17990  35690  148721  4396  3458  13791    447.96  12500  24794    96436   1696   5690  23418
  5    7800   84099   1100.59  15723  31186  182239  12788  410  641.33  18010  35720  184441  4401  3456  17247    448.05  12980  25752   122188   1759   5642  29060
  6    7500   98975   1100.38  17816  35338  217577  14524  411  641.32  17380  34472  218913  4244  3458  20705    447.99  13000  25781   147969   1764   7175  36235
  7    8700  116231   1100.14  20286  40236  257813  16537  411  641.47  18580  36850  255763  4553  3471  24176    447.81  14500  28753   176722   1956   5699  41934
  8    9700  135471   1099.86  21191  42032  299845  17200  409  641.57  18630  36956  292719  4560  3349  27525    447.71  14960  29670   206392   2004   5629  47563
  9    8600  152529   1099.52  22859  45340  345185  18504  408  641.81  19000  37692  330411  4670  3443  30968    447.44  15990  31725   238117   2113   6460  54023
 10    8700  169785   1099.24  22475  44578  389763  18111  406  642.00  19000  37680  368091  4688  3443  34411    447.60  12990  25767   263884   1758   5628  59651
 11    8700  187041   1098.93  21702  43046  432809  17533  407  642.10  19490  38654  406745  4808  3426  37837    447.67  14000  27766   291650   1919   5692  65343
 12    7800  202512   1098.81  12897  25580  458389  10444  408  641.73  18680  37058  443803  4598  3452  41289    447.76  13490  26766   318416   1836   5627  70970
 13    7500  217388   1098.77  11974  23750  482139   9657  407  641.45  16700  33118  476921  4093  3432  44721    447.72  13510  26789   345205   1842   7171  78141
 14    8700  234645   1098.43  21552  42748  524887  17425  408  641.68  16890  33500  510421  4139  3443  48164    447.59  13490  26759   371964   1840   5633  83774
 15    8700  251901   1098.16  21184  42018  566905  16984  404  641.88  17400  34506  544927  4260  3894  52058    447.62  13510  26789   398753   1851   5698  89472
 16    8600  268959   1097.86  21486  42616  609521  17341  407  642.04  18990  37666  582593  4669  3884  55942    447.51  11980  23766   422519   1641   6457  95929
 17    8600  286017   1097.45  24613  48820  658341  19841  406  642.35  18990  37668  620261  4713  3821  59763    447.82  10500  20830   443349   1446   5630 101559
 18    8800  303471   1097.15  23174  45966  704307  18672  406  642.56  18900  37478  657739  4674  3822  63585    448.09  11490  22797   466146   1582   5699 107258
 19    7900  319140   1096.95  18159  36018  740325  14710  408  642.58  17900  35500  693239  4430  3779  67364    448.21  12490  24780   490926   1728   5635 112893
 20    7500  334016   1096.71  18478  36650  776975  14896  406  642.59  17890  35476  728715  4449  3357  70721    448.29  12500  24799   515725   1729   6012 118905
 21    8900  351669   1096.42  21839  43316  820291  17277  399  642.80  17490  34684  763399  4353  3388  74109    448.27  12990  25768   541493   1792   4874 123779
 22    8700  368926   1096.27  19102  37888  858179  15096  398  642.72  18590  36872  800271  4604  3417  77526    448.45  13500  26780   568273   1863   5700 129479
 23    8500  385785   1096.02  16672  33068  891247  13091  396  642.66  18390  36478  836749  4553  3390  80916    448.35  13200  26181   594454   1820   6472 135951
 24    8600  402843   1095.88  15462  30668  921915  12349  403  642.50  16960  33630  870379  4205  3426  84342    448.63  10960  21739   616193   1522   5650 141601
 25    8700  420099   1095.66  17005  33728  955643  13578  403  642.50  16780  33290  903669  4181  3438  87780    448.50  12500  24785   640978   1729   5713 147314
 26    7800  435570   1095.56  12770  25330  980973  10270  405  642.28  15480  30700  934369  3832  3486  91266    448.50  12200  24191   665169   1680   5647 152961
 27    7400  450248   1095.42  14961  29674 1010647  11913  401  642.08  15980  31702  966071  3976  3351  94617    448.33  12190  24172   689341   1688   7186 160147
 28    8600  467306   1095.23  19081  37846 1048493  15054  398  642.24  15940  31626  997697  3970  3427  98044    448.39  11800  23409   712750   1645   5710 165857
 29    8700  484562   1094.84  22441  44512 1093005  17785  400  642.86  13150  26082 1023779  3244  3378 101422    448.30  11020  21856   734606   1539   5642 171499
 30    8600  501620   1094.55  20534  40728 1133734  16273  400  643.13  15380  30502 1054281  3852  3446 104868    448.11  10990  21791   756397   1530   6399 177898

TOTAL                                               459839                                   131093                                                52233










                                                                    BUREAU OF RECLAMATION
                                                                    LOWER COLORADO REGION
                                                                    BOULDER CITY, NEVADA

                                                     AVAILABLE RESERVOIR ELEVATIONS AND CONTENTS FOR APRIL 2014

                                        LAKE MEAD                      LAKE MOHAVE                      LAKE HAVASU                        SENATOR WASH
  AVAILABLE CAPACITY IN A.F.            *26120000                        1809800                           619400                              9144
  ELEVATION IN FEET                        1219.6                          647.0                            450.0                             240.0

           TOTAL     TOTAL    |             HOOVER            |            DAVIS            |             PARKER            |             SENATOR WASH
          SYSTEM    AVAILABLE |ELEVATION    CONTENT   RELEASE |ELEVATION   CONTENT  RELEASE |ELEVATION    CONTENT   RELEASE | ELEVATION   CONTENT  PUMPED   RELEASE
     DAY  STORAGE**   SPACE   |  FEET       1000A.F.    ft3/s |  FEET      1000A.F.  ft3/s  |   FEET      1000A.F.  ft3/s   |  FEET        A.F.     ft3/s    ft3/s
-----------------------------------------------------------------------------------------------------------------------------------------------------------------------------
       1    28149.6  32975.5    1101.49      11869       16400   641.46     1656.7    19000    447.17      564.3    14000      239.17     8832       20        0
       2    28129.4  32995.7    1101.31      11852       18400   641.35     1654.0    19000    447.38      568.3    12000      239.49     8952      172        0
       3    28108.5  33016.5    1101.06      11830       17600   641.11     1647.5    19000    447.82      576.5    10100      239.51     8960      110        0
       4    28092.6  33032.5    1100.73      11800       23700   641.55     1659.2    18000    447.96      579.3    12500      239.87     9095      169        0
       5    28075.1  33050.0    1100.59      11788       15700   641.33     1653.2    18000    448.05      580.9    13000      239.68     9024       68        0
       6    28053.1  33071.9    1100.38      11769       17800   641.32     1652.9    17400    447.99      579.9    13000      239.73     9042      108        0
       7    28030.5  33094.6    1100.14      11748       20300   641.47     1657.2    18600    447.81      576.3    14500      236.15     7744        0      629
       8    28001.1  33124.0    1099.86      11723       21200   641.57     1659.7    18600    447.71      574.5    15000      232.53     6450        0      666
       9    27968.0  33157.1    1099.52      11692       22900   641.81     1666.2    19000    447.44      569.5    16000      231.48     6219        0       94
      10    27956.5  33168.6    1099.24      11667       22500   642.00     1671.4    19000    447.60      572.5    13000      230.50     5923        0      128
      11    27933.2  33191.9    1098.93      11640       21700   642.10     1674.3    19500    447.67      573.8    14000      234.56     7203      721        0
      12    27920.1  33204.9    1098.81      11629       12900   641.73     1664.1    18700    447.76      575.4    13500      239.83     9080     1079        0
      13    27922.7  33202.3    1098.77      11626       12000   641.45     1656.4    16700    447.72      574.7    13500      239.40     8918       39        0
      14    27906.0  33219.0    1098.43      11595       21600   641.68     1662.9    16900    447.59      572.2    13500      238.97     8757       19        0
      15    27898.8  33226.2    1098.16      11572       21200   641.88     1668.1    17400    447.62      572.8    13500      237.80     8328        0      141
      16    27895.2  33229.9    1097.86      11545       21500   642.04     1672.6    19000    447.51      570.8    12000      236.03     7702        0      275
      17    27887.2  33237.9    1097.45      11509       24600   642.35     1681.0    19000    447.82      576.5    10500      232.79     6627        0      537
      18    27881.9  33243.2    1097.15      11482       23200   642.56     1686.6    18900    448.09      581.8    11500      233.99     7014      227        0
      19    27883.4  33241.6    1096.95      11465       18200   642.58     1687.1    17900    448.21      584.0    12500      236.28     7789      453        0
      20    27887.5  33237.6    1096.71      11443       18500   642.59     1687.6    17900    448.29      585.6    12500      237.89     8360      370        0
      21    27890.2  33234.8    1096.42      11418       21800   642.80     1693.3    17500    448.27      585.3    13000      234.02     7024        0      672
      22    27902.5  33222.6    1096.27      11405       19100   642.72     1691.2    18600    448.45      588.7    13500      233.75     6936        0        0
      23    27914.1  33210.9    1096.02      11383       16700   642.66     1689.3    18400    448.35      586.8    13200      233.45     6839        0        0
      24    27934.9  33190.2    1095.88      11370       15500   642.50     1685.1    17000    448.63      592.3    11000      233.16     6745        0        0
      25    27949.2  33175.9    1095.66      11351       17000   642.50     1685.1    16800    448.50      589.7    12500      233.10     6725       39        0
      26    27973.8  33151.3    1095.56      11342       12800   642.28     1679.1    15500    448.50      589.7    12200      235.92     7664      530        0
      27    27993.3  33131.8    1095.42      11330       15000   642.08     1673.4    16000    448.33      586.4    12200      235.57     7545       18        0
      28    28026.0  33099.0    1095.23      11313       19100   642.24     1678.1    15900    448.39      587.6    11800      235.20     7418        0        0
      29    28045.1  33079.9    1094.84      11279       22400   642.86     1694.9    13100    448.30      585.7    11000      234.84     7297        0        0
      30    28060.6  33064.5    1094.55      11254       20500   643.13     1702.4    15400    448.11      582.2    11000      234.78     7276       54        0

TOTAL                                                   571800                       531700                        381500                          4196     3142
AVE.                                                     19060                        17720                         12720                           140      105
AC FT                                                  1134000                      1055000                        757000                          8323     6232

      * BOTTOM OF EXCLUSIVE FLOOD CONTROL SPACE
     ** INCLUDES FONTENELLE AND CRYSTAL RESERVOIRS


                                                                      BUREAU OF RECLAMATION
                                                                      LOWER COLORADO REGION
                                                                      BOULDER CITY, NEVADA

                                             COLORADO RIVER STORAGE PROJECT DATA (operational) FOR APRIL 2014

                   LAKE POWELL          |        FLAMING GORGE        |          NAVAJO            |      BLUE MESA             |     MORROW POINT
             MAX. STORAGE 24322000 AF   |  MAX. STORAGE 3749000 AF    | MAX. STORAGE 1696000 AF    | MAX. STORAGE 829500 AF     | MAX. STORAGE 117025 AF  
    COMPUTED MAX. ELEV. 3700.0 FEET     |  MAX. ELEV. 6040.0 FEET     | MAX. ELEV. 6085.0 FEET     | MAX. ELEV. 7519.4 FEET     | MAX. ELEV. 7160.0 FEET
     INFLOW  ELEVATION CONTENT  RELEASE |  ELEVATION CONTENT  RELEASE | ELEVATION CONTENT  RELEASE | ELEVATION CONTENT  RELEASE | ELEVATION CONTENT  RELEASE
DATE FT3/S   (FEET)  (1000 AF)   FT3/S  |  (FEET)  (1000 AF)   FT3/   |(FEET)  (1000 AF)   FT3/S   | (FEET)  (1000 AF)   FT3/S  |(FEET)  (1000 AF)   FT3/S
------------------------------------------------------------------------------------------------------------------------------------------------------------
   1   8500   3574.75    9496     8600      6018.21   2920      830      6028.80   1000      240     7465.95    408.9     140     7146.78    106.6     190
   2   4000   3574.64    9487     8700      6018.31   2920      830      6028.88   1000      240     7466.09    409.9     190     7146.31    106.2     400
   3   6800   3574.59    9483     8700      6018.41   2920      830      6028.98   1000      290     7466.22    410.7     300     7146.11    106.1     400
   4   7500   3574.56    9481     8600      6018.46   2930      830      6029.08   1000      330     7466.25    410.9     570     7145.95    106.0     640
   5   7200   3574.54    9479     7800      6018.50   2930      830      6029.12   1000      320     7466.26    411.0     660     7145.93    105.9     690
   6   6000   3574.50    9476     7500      6018.54   2930      830      6029.17   1000      310     7466.28    411.1     740     7146.16    106.1     690
   7   7200   3574.46    9472     8700      6018.59   2930      830      6029.22   1000      320     7466.33    411.4     630     7146.23    106.2     620
   8   7300   3574.40    9467     9700      6018.60   2930      830      6029.21   1000      320     7466.41    411.9     720     7146.19    106.1     740
   9   4900   3574.31    9460     8600      6018.62   2930      830      6029.43   1000      320     7466.56    412.9     750     7146.04    106.0     840
  10   9000   3574.31    9460     8700      6018.63   2930      830      6029.71   1010      340     7466.87    415.0     620     7146.17    106.1     710
  11   6300   3574.25    9455     8700      6018.63   2930      830      6029.89   1010      350     7467.36    418.2     510     7146.32    106.2     600
  12   6300   3574.21    9452     7800      6018.70   2930      830      6030.13   1010      350     7467.94    422.0     580     7146.58    106.4     680
  13  11000   3574.28    9457     7500      6018.74   2940      830      6030.33   1010      340     7468.54    426.0     470     7146.89    106.7     600
  14  10900   3574.32    9461     8700      6018.75   2940      830      6030.53   1010      350     7468.97    428.9     490     7146.68    106.5     720
  15  11300   3574.37    9465     8700      6018.81   2940      830      6030.73   1020      350     7469.33    431.3     440     7146.30    106.2     680
  16  15700   3574.52    9477     8600      6018.93   2940      830      6030.91   1020      350     7469.63    433.3     560     7146.14    106.1     790
  17  13900   3574.63    9486     8600      6018.97   2940      830      6031.06   1020      350     7469.94    435.4     580     7145.99    106.0     730
  18  11300   3574.68    9491     8800      6019.02   2950      830      6031.27   1020      350     7470.33    438.0     640     7145.99    106.0     790
  19  12700   3574.78    9499     7900      6019.06   2950      820      6031.54   1020      350     7470.83    441.4     780     7146.66    106.5     810
  20  14600   3574.93    9511     7500      6019.11   2950      830      6031.85   1030      350     7471.57    446.5     510     7146.92    106.7     820
  21  14600   3575.05    9521     8900      6019.15   2950     1020      6032.19   1030      350     7472.44    452.4     640     7147.83    107.4     820
  22  14000   3575.16    9531     8700      6019.21   2950     1120      6032.50   1030      300     7473.57    460.2     250     7148.00    107.5     690
  23  20600   3575.42    9552     8500      6019.27   2950      820      6032.82   1040      250     7474.72    468.3     150     7148.12    107.6     670
  24  18400   3575.63    9570     8600      6019.31   2960      820      6033.13   1040      250     7475.73    475.4     160     7147.91    107.5     680
  25  22600   3575.93    9595     8700      6019.29   2950      820      6033.40   1040      250     7476.72    482.4     100     7147.14    106.9     870
  26  22200   3576.24    9621     7800      6019.31   2960      820      6033.65   1050      260     7477.79    490.0     150     7146.93    106.7     780
  27  20500   3576.52    9644     7400      6019.48   2960      820      6033.87   1050      260     7478.71    496.6     310     7147.02    106.8     720
  28  24500   3576.86    9673     8600      6019.65   2970      820      6034.03   1050      250     7479.44    501.9     330     7146.80    106.6     740
  29  25600   3577.22    9703     8700      6019.67   2970      820      6034.18   1050      260     7480.02    506.1     460     7146.27    106.2     930
  30  24600   3577.56    9732     8600      6019.75   2970      820      6034.32   1050      260     7480.43    509.1     710     7146.13    106.1     950

TOT  390000                     252900                        25290                         9210                        14140                        20990
AVE   13000                       8430                          840                          310                          470                          700
A F  773600                     502000                        50000                        18300                        28000                        41600







                                          BUREAU OF RECLAMATION
                                          LOWER COLORADO REGION
                                          BOULDER CITY, NEVADA

                                     GLEN CANYON TO HOOVER DAM LOSSES

                                                APRIL 2014

                      |           | LAKE    |         |   LAKE|    LAKE   |  CHANGE |
               GLEN   |    HOOVER | MEAD    |  STORAGE|   MEAD|    MEAD   |   BANK  |       |          |
              RELEASE |    RELEASE| STORAGE |  CHANGE |PUMPING|EVAPORATION| STORAGE |  LOSS |  ACCUMUL.|  INFLOW
   DATE |      CFS    |     CFS   | 1000 AF |  1000 AF|    CFS|     CFS   |    CFS  |   CFS |     A.F. |   CFS
--------------------------------------------------------------------------------------------------------------------
      1         8600       16400     11869       -19       562       695      -623       473       938      7460
      2         8700       18400     11852       -17       561       694      -557     -2363     -3748     10500
      3         8700       17600     11830       -22       553       693      -721      1564      -645      7030
      4         8600       23700     11800       -30       537       693      -983      -124      -890      8820
      5         7800       15700     11788       -12       524       692      -393     -1733     -4327     10500
      6         7500       17800     11769       -19       539       692      -623      -254     -4830      8830
      7         8700       20300     11748       -21       500       691      -688     -2426     -9642     10200
      8         9700       21200     11723       -25       551       690      -819     -1560    -12737      9020
      9         8600       22900     11692       -31       553       689     -1016      1232    -10293      7500
     10         8700       22500     11667       -25       582       689      -819      -608    -11499     10300
     11         8700       21700     11640       -27       628       688      -885       126    -11250      8520
     12         7800       12900     11629       -11       585       687      -360       408    -10439      8270
     13         7500       12000     11626        -3       570       687       -98     -2934    -16259     11600
     14         8700       21600     11595       -31       562       686     -1016      1624    -13038      6200
     15         8700       21200     11572       -23       587       685      -754     -2626    -18247     10100
     16         8600       21500     11545       -27       605       685      -885       453    -17347      8290
     17         8600       24600     11509       -36       665       684     -1180      2057    -13267      6620
     18         8800       23200     11482       -27       618       683      -885     -1392    -16029     10000
     19         7900       18200     11465       -17       603       682      -557     -1725    -19450     10400
     20         7500       18500     11443       -22       621       682      -721       778    -17908      7990
     21         8900       21800     11418       -25       590       681      -819     -1793    -21464      9650
     22         8700       19100     11405       -13       614       680      -426     -5903    -33172     13400
     23         8500       16700     11383       -22       608       680      -721      2690    -27836      6180
     24         8600       15500     11370       -13       619       680      -426     -1125    -30068      9820
     25         8700       17000     11351       -19       623       679      -623       407    -29262      8100
     26         7800       12800     11342        -9       642       679      -295      -735    -30720      9290
     27         7400       15000     11330       -12       620       678      -393     -1189    -33078      9850
     28         8600       19100     11313       -17       619       678      -557     -3494    -40009     11300
     29         8700       22400     11279       -34       618       677     -1114      1963    -36115      5440
     30         8600       20500     11254       -25       629       677      -819       255    -35609      8380

    TOTAL     252900      571590                         17688     20556                        -35610    269600







