<pre>
                                                                    BUREAU OF RECLAMATION
                                                                    LOWER COLORADO REGION
                                                                    BOULDER CITY, NEVADA

                                                               ACCUMULATIONS FOR APRIL 2021

    |GLEN CANYON    |                         HOOVER DAM         |             DAVIS DAM           |      MWD       |            PARKER DAM              |
    |               |  LAKE                                      |LAKE                             |                | LAKE                               |   C.A.P.
    |         ACCUM.|  MEAD    HOOVER RELEASE        GROSS  RATE |MOHAVE      DAVIS RELEASE   GROSS|DIVER. AT INTAKE| HAVASU     PARKER RELEASE     GROSS| DIVER. ACCUM.
DAY |   CFS    A.F. |  ELEV.   CFS    A.F.   ACCUM.   GEN  KWH/AF|ELEV   CFS   A.F.   ACCUM.  GEN  | A.F. ACCUM.    | ELEV    CFS    A.F.   ACCUM.  GEN. | A.F.   A.F.
----------------------------------------------------------------------------------------------------------------------------------------------------------------------
  1   10600   21025   1084.33  16746  33215   33215  13296  400  642.71  15790  31322   31322  4001  3391   3391    447.69   7000  13889    13889    939   5042   5042
  2   10600   42050   1084.23  16359  32447   65662  12914  398  642.54  16990  33693   65015  4279  3073   6464    447.58  13590  26959    40848   1861   5043  10085
  3   10500   62876   1084.12  15175  30099   95761  12035  400  642.40  16970  33669   98684  4268  2979   9443    447.64  12320  24429    65277   1700   5041  15126
  4   10200   83107   1084.01  15703  31147  126908  12360  397  642.44  15400  30537  129221  3882  2992  12435    447.59  12100  23993    89270   1676   6049  21175
  5   11100  105124   1083.83  16688  33100  160008  13174  398  642.46  15380  30515  159736  3883  3303  15738    447.58  11520  22843   112113   1603   5043  26218
  6   10500  125950   1083.72  16932  33585  193593  13383  398  642.60  15380  30508  190244  3889  3347  19085    447.30  13000  25782   137895   1805   5655  31873
  7   10500  146777   1083.56  17128  33973  227566  13498  397  642.57  16090  31909  222153  4063  3357  22442    447.30  10900  21619   159514   1467   5649  37522
  8   10700  168000   1083.40  18087  35874  263440  14258  397  642.59  16980  33689  255842  4277  3459  25901    447.68   8490  16839   176353   1170   5855  43377
  9   10500  188826   1083.23  17635  34978  298418  13868  396  642.62  16990  33695  289537  4279  3459  29360    447.41  14200  28169   204522   1961   6051  49428
 10   10300  209256   1083.09  16045  31825  330243  12593  396  642.54  17280  34282  323819  4348  3459  32819    447.29  13000  25787   230309   1794   6045  55473
 11   10100  229289   1083.04  12451  24697  354940   9682  392  642.20  17280  34278  358097  4347  3455  36274    447.26  12800  25387   255696   1755   6052  61525
 12   10900  250909   1082.86  17113  33944  388884  13434  396  642.15  17280  34277  392374  4341  3460  39734    447.02  13790  27362   283058   1860   6045  67570
 13   10800  272331   1082.74  16027  31789  420673  12591  396  641.89  17990  35675  428049  4496  3454  43188    446.70  14900  29547   312605   2008   6041  73611
 14   10800  293752   1082.48  19569  38815  459488  15157  390  642.04  17190  34088  462137  4309  3452  46640    446.79  12200  24208   336813   1658   5641  79252
 15   10500  314578   1082.33  18811  37312  496800  14434  387  642.01  18390  36469  498606  4601  3463  50103    447.42   7200  14279   351092    992   5655  84907
 16   11000  336397   1082.22  16901  33523  530323  12906  385  641.91  18580  36856  535462  4648  3463  53566    447.08  16690  33110   384202   2269   5042  89949
 17    9800  355835   1082.08  15233  30215  560538  11890  394  641.64  18580  36857  572319  4641  3457  57023    446.77  16900  33521   417723   2296   5039  94988
 18   10300  376264   1081.98  13705  27184  587722  10538  388  641.24  18190  36076  608395  4539  3458  60481    446.62  14000  27762   445485   1888   6045 101033
 19   10700  397488   1081.85  16085  31904  619626  12516  392  641.03  18190  36077  644472  4524  3455  63936    446.64  13500  26776   472261   1824   5035 106068
 20   10700  418711   1081.57  20843  41342  660968  16138  390  641.27  15990  31706  676178  3999  3458  67394    446.73  12400  24591   496852   1685   5034 111102
 21   10600  439735   1081.34  21204  42058  703026  16491  392  641.58  16390  32502  708680  4104  3461  70855    446.80  10610  21042   517894   1448   5245 116347
 22   10500  460562   1081.10  19523  38724  741750  15359  397  641.79  16590  32903  741583  4148  3466  74321    447.10   9180  18218   536112   1250   5240 121587
 23   10500  481388   1080.88  19308  38296  780046  15142  395  641.78  17990  35686  777269  4458  3465  77786    446.97  13800  27363   563475   1890   5236 126823
 24   10500  502215   1080.61  20475  40612  820658  15893  391  641.92  18000  35695  812964  4451  3461  81247    446.86  13800  27375   590850   1878   5246 132069
 25   10300  522645   1080.43  18565  36824  857482  14537  395  641.98  18000  35696  848660  4456  3459  84706    446.80  13500  26781   617631   1826   6038 138107
 26   10600  543669   1080.22  18865  37419  894901  14701  393  642.05  16790  33307  881967  4169  3460  88166    446.88  11900  23600   641231   1621   5033 143140
 27   10400  564297   1080.03  17734  35175  930076  13862  394  641.99  18490  36665  918632  4597  3463  91629    446.92  12800  25391   666622   1731   4900 148040
 28   10600  585322   1079.81  19329  38338  968414  14897  389  642.02  18490  36679  955311  4608  3465  95094    447.29  10800  21418   688040   1469   5039 153079
 29   10700  606545   1079.56  22007  43651 1012065  16810  385  642.24  18300  36293  991604  4562  3464  98558    447.98   7200  14281   702321    993   5045 158124
 30   10700  627768   1079.30  22550  44728 1056793  17126  383  642.37  18190  36074 1027678  4524  3461 102019    448.04  13010  25801   728122   1796   5051 163175

TOTAL                                               415483                                   129692                                                50116










                                                                    BUREAU OF RECLAMATION
                                                                    LOWER COLORADO REGION
                                                                    BOULDER CITY, NEVADA

                                                     AVAILABLE RESERVOIR ELEVATIONS AND CONTENTS FOR APRIL 2021

                                        LAKE MEAD                      LAKE MOHAVE                      LAKE HAVASU                        SENATOR WASH
  AVAILABLE CAPACITY IN A.F.            *26120000                        1809800                           619400                              9144
  ELEVATION IN FEET                        1219.6                          647.0                            450.0                             240.0

           TOTAL     TOTAL    |             HOOVER            |            DAVIS            |             PARKER            |             SENATOR WASH
          SYSTEM    AVAILABLE |ELEVATION    CONTENT   RELEASE |ELEVATION   CONTENT  RELEASE |ELEVATION    CONTENT   RELEASE | ELEVATION   CONTENT  PUMPED   RELEASE
     DAY  STORAGE**   SPACE   |  FEET       1000A.F.    ft3/s |  FEET      1000A.F.  ft3/s  |   FEET      1000A.F.  ft3/s   |  FEET        A.F.     ft3/s    ft3/s
-----------------------------------------------------------------------------------------------------------------------------------------------------------------------------
       1    26323.4  34801.7    1084.33      10373       16700   642.71     1690.9    15800    447.69      574.2     7000      231.60     6256        0        0
       2    26294.8  34830.3    1084.23      10365       16400   642.54     1686.1    17000    447.58      572.0    13600      234.07     7040      454        0
       3    26271.4  34853.7    1084.12      10355       15200   642.40     1682.3    17000    447.64      573.3    12300      235.96     7677      346        0
       4    26251.3  34873.7    1084.01      10346       15700   642.44     1683.4    15400    447.59      572.3    12100      237.88     8357      399        0
       5    26226.3  34898.7    1083.83      10331       16700   642.46     1683.8    15400    447.58      572.2    11500      238.08     8430      124        0
       6    26209.0  34916.0    1083.72      10322       16900   642.60     1687.8    15400    447.30      566.8    13000      238.08     8430       68        0
       7    26184.9  34940.1    1083.56      10308       17100   642.57     1687.0    16100    447.30      566.8    10900      237.08     8070        0      125
       8    26171.3  34953.7    1083.40      10295       18100   642.59     1687.4    17000    447.68      574.0     8490      236.66     7922        0        8
       9    26140.2  34984.9    1083.23      10280       17600   642.62     1688.4    17000    447.41      568.9    14200      236.35     7814        0        0
      10    26115.2  35009.9    1083.09      10269       16000   642.54     1686.3    17300    447.29      566.6    13000      236.90     8006      152        0
      11    26095.2  35029.8    1083.04      10264       12500   642.20     1676.9    17300    447.26      565.9    12800      239.55     8975      555        0
      12    26064.8  35060.3    1082.86      10249       17100   642.15     1675.4    17300    447.02      561.4    13800      238.51     8588        0      106
      13    26025.8  35099.2    1082.74      10239       16000   641.89     1668.5    18000    446.70      555.5    14900      235.29     7449        0      573
      14    25999.6  35125.4    1082.48      10218       19600   642.04     1672.5    17200    446.79      557.2    12200      235.05     7367        0        0
      15    25984.5  35140.5    1082.33      10205       18800   642.01     1671.5    18400    447.42      569.1     7200      234.82     7290       15        0
      16    25955.1  35169.9    1082.22      10196       16900   641.91     1668.8    18600    447.08      562.6    16700      237.77     8317      568        0
      17    25918.1  35207.0    1082.08      10184       15200   641.64     1661.7    18600    446.77      556.8    16900      239.49     8952      406        0
      18    25881.5  35243.5    1081.98      10176       13700   641.24     1650.9    18200    446.62      554.1    14000      239.77     9058      150        0
      19    25860.4  35264.6    1081.85      10165       16100   641.03     1645.1    18200    446.64      554.5    13500      236.16     7747        0      648
      20    25829.5  35295.6    1081.57      10141       20800   641.27     1651.6    16000    446.73      556.0    12400      235.78     7616        0       20
      21    25804.1  35321.0    1081.34      10122       21200   641.58     1660.0    16400    446.80      557.4    10600      235.52     7527        0        0
      22    25782.1  35343.0    1081.10      10102       19500   641.79     1665.8    16600    447.10      563.0     9180      235.25     7435        0        0
      23    25748.9  35376.1    1080.88      10084       19300   641.78     1665.6    18000    446.97      560.5    13800      235.00     7350        0        0
      24    25709.1  35416.0    1080.61      10062       20500   641.92     1669.3    18000    446.86      558.6    13800      234.78     7276        0        0
      25    25679.4  35445.6    1080.43      10047       18600   641.98     1671.0    18000    446.80      557.5    13500      235.12     7391      107        0
      26    25652.0  35473.0    1080.22      10029       18900   642.05     1672.8    16800    446.88      558.9    11900      233.80     6952        0      197
      27    25625.1  35500.0    1080.03      10013       17700   641.99     1671.2    18500    446.92      559.7    12800      233.57     6877        0        0
      28    25598.2  35526.8    1079.81       9995       19300   642.02     1672.0    18500    447.29      566.6    10800      233.98     7011      103        0
      29    25581.9  35543.1    1079.56       9975       22000   642.24     1677.9    18300    447.98      579.5     7200      233.73     6930        0        0
      30    25552.7  35572.3    1079.30       9953       22600   642.37     1681.6    18200    448.04      580.8    13000      233.53     6865        0        0

TOTAL                                                   532700                       518500                        367070                          3447     1677
AVE.                                                     17760                        17280                         12240                           115       56
AC FT                                                  1057000                      1028000                        728000                          6837     3326

      * BOTTOM OF EXCLUSIVE FLOOD CONTROL SPACE
     ** INCLUDES FONTENELLE AND CRYSTAL RESERVOIRS


                                                                      BUREAU OF RECLAMATION
                                                                      LOWER COLORADO REGION
                                                                      BOULDER CITY, NEVADA

                                             COLORADO RIVER STORAGE PROJECT DATA (operational) FOR APRIL 2021

                   LAKE POWELL          |        FLAMING GORGE        |          NAVAJO            |      BLUE MESA             |     MORROW POINT
             MAX. STORAGE 24322000 AF   |  MAX. STORAGE 3749000 AF    | MAX. STORAGE 1696000 AF    | MAX. STORAGE 829500 AF     | MAX. STORAGE 117025 AF  
    COMPUTED MAX. ELEV. 3700.0 FEET     |  MAX. ELEV. 6040.0 FEET     | MAX. ELEV. 6085.0 FEET     | MAX. ELEV. 7519.4 FEET     | MAX. ELEV. 7160.0 FEET
     INFLOW  ELEVATION CONTENT  RELEASE |  ELEVATION CONTENT  RELEASE | ELEVATION CONTENT  RELEASE | ELEVATION CONTENT  RELEASE | ELEVATION CONTENT  RELEASE
DATE FT3/S   (FEET)  (1000 AF)   FT3/S  |  (FEET)  (1000 AF)   FT3/   |(FEET)  (1000 AF)   FT3/S   | (FEET)  (1000 AF)   FT3/S  |(FEET)  (1000 AF)   FT3/S
------------------------------------------------------------------------------------------------------------------------------------------------------------
   1   6200   3566.60    8835    10600      6025.23   3170      860      6033.30   1040      380     7464.97    398.3    1100     7144.16    104.6    1070
   2   4500   3566.45    8823    10600      6025.23   3170      850      6033.27   1040      390     7464.86    397.6     990     7143.74    104.3    1170
   3   4300   3566.30    8811    10500      6025.25   3170      860      6033.28   1040      400     7464.76    397.0    1120     7143.81    104.3    1100
   4   4000   3566.15    8799    10200      6025.27   3170      860      6033.32   1040      400     7464.65    396.3    1130     7143.95    104.5    1090
   5   4900   3566.00    8788    11100      6025.29   3170      860      6033.40   1040      400     7464.57    395.8    1190     7144.21    104.6    1100
   6   5300   3565.87    8777    10500      6025.35   3170      840      6033.48   1040      400     7464.52    395.5    1110     7144.23    104.7    1120
   7   4800   3565.73    8766    10500      6025.35   3170      850      6033.55   1040      400     7464.47    395.1    1090     7144.26    104.7    1090
   8   6300   3565.62    8758    10700      6025.35   3170      860      6033.61   1050      400     7464.40    394.7     990     7144.05    104.5    1090
   9   3500   3565.45    8744    10500      6025.35   3170      850      6033.64   1050      470     7464.35    394.4    1110     7144.14    104.6    1090
  10   5000   3565.32    8734    10300      6025.37   3170      860      6033.68   1050      500     7464.28    393.9    1120     7144.27    104.7    1090
  11   6500   3565.23    8727    10100      6025.39   3170      860      6033.73   1050      500     7464.22    393.5    1130     7144.51    104.9    1070
  12   4800   3565.08    8715    10900      6025.39   3170      860      6033.84   1050      500     7464.34    394.3    1120     7144.78    105.1    1090
  13   2100   3564.87    8699    10800      6025.39   3170      850      6033.98   1050      500     7464.14    393.0    1110     7144.93    105.2    1090
  14   5600   3564.74    8689    10800      6025.39   3170      740      6034.00   1050      500     7464.12    392.9    1150     7145.00    105.2    1160
  15   4000   3564.58    8676    10500      6025.41   3180      720      6034.03   1050      500     7464.03    392.3     430     7142.51    103.4    1390
  16   5800   3564.45    8666    11000      6025.41   3180      860      6034.06   1050      500     7463.85    391.2    1480     7141.76    102.8    1770
  17   4100   3564.31    8655     9800      6025.41   3180      850      6034.08   1050      510     7463.64    389.8    1440     7140.80    102.1    1810
  18   3800   3564.15    8643    10300      6025.41   3180      850      6034.05   1050      510     7463.36    388.1    1540     7140.86    102.1    1520
  19   8900   3564.10    8639    10700      6025.45   3180      840      6034.01   1050      510     7463.02    385.9    1720     7140.77    102.1    1760
  20   3800   3563.93    8625    10700      6025.45   3180      860      6033.97   1050      510     7462.71    384.0    1620     7140.63    102.0    1670
  21   3600   3563.76    8612    10600      6025.45   3180      850      6033.91   1050      550     7462.40    382.0    1560     7140.31    101.7    1690
  22   4900   3563.62    8601    10500      6025.45   3180      860      6033.87   1050      610     7462.07    380.0    1710     7140.86    102.1    1520
  23   5700   3563.50    8592    10500      6025.43   3180      850      6033.85   1050      610     7461.78    378.2    1670     7141.04    102.3    1620
  24   1900   3563.29    8576    10500      6025.45   3180      860      6033.74   1050      680     7461.41    375.9    1620     7141.16    102.4    1600
  25   3400   3563.12    8562    10300      6025.47   3180      850      6033.66   1050      700     7461.12    374.1    1620     7141.22    102.4    1600
  26   5000   3562.98    8552    10600      6025.47   3180      850      6033.61   1050      700     7460.81    372.1    1590     7141.01    102.3    1740
  27   5700   3562.86    8542    10400      6025.47   3180      850      6033.62   1050      700     7460.59    370.8    1660     7141.35    102.5    1580
  28   2800   3562.67    8528    10600      6025.49   3180     1040      6033.60   1050      700     7460.18    368.3    1680     7141.68    102.8    1610
  29   4700   3562.52    8516    10700      6025.49   3180     1170      6033.56   1040      710     7459.80    365.9    1570     7141.57    102.7    1640
  30   4700   3562.37    8504    10700      6025.49   3180      860      6033.54   1040      710     7459.68    365.2    1540     7141.50    102.6    1590

TOT  140600                     316500                        25880                        15850                        39910                        41530
AVE    4687                      10550                          860                          530                         1330                         1380
A F  278900                     628000                        51000                        31400                        79200                        82400







                                          BUREAU OF RECLAMATION
                                          LOWER COLORADO REGION
                                          BOULDER CITY, NEVADA

                                     GLEN CANYON TO HOOVER DAM LOSSES

                                                APRIL 2021

                      |           | LAKE    |         |   LAKE|    LAKE   |  CHANGE |
               GLEN   |    HOOVER | MEAD    |  STORAGE|   MEAD|    MEAD   |   BANK  |       |          |
              RELEASE |    RELEASE| STORAGE |  CHANGE |PUMPING|EVAPORATION| STORAGE |  LOSS |  ACCUMUL.|  INFLOW
   DATE |      CFS    |     CFS   | 1000 AF |  1000 AF|    CFS|     CFS   |    CFS  |   CFS |     A.F. |   CFS
--------------------------------------------------------------------------------------------------------------------
      1        10600       16700     10373        -5       626       651      -164     -2558     -5072     15300
      2        10600       16400     10365        -8       627       651      -262     -1703     -8450     13400
      3        10500       15200     10355       -10       632       651      -328      -470     -9383     11100
      4        10200       15700     10346        -9       588       650      -295     -1481    -12320     12100
      5        11100       16700     10331       -15       642       650      -492       572    -11185      9940
      6        10500       16900     10322        -9       639       650      -295     -3169    -17470     13400
      7        10500       17100     10308       -14       655       649      -459       172    -17129     10900
      8        10700       18100     10295       -13       677       649      -426     -1901    -20900     12400
      9        10500       17600     10280       -15       680       649      -492      -390    -21674     10900
     10        10300       16000     10269       -11       683       648      -360      -749    -23159     11400
     11        10100       12500     10264        -5       583       648      -164      -525    -24200     11000
     12        10900       17100     10249       -15       685       648      -492       -87    -24373     10400
     13        10800       16000     10239       -10       676       647      -328     -1853    -28050     12000
     14        10800       19600     10218       -21       669       647      -688      1291    -25489      9640
     15        10500       18800     10205       -13       687       646      -426     -2338    -30126     13200
     16        11000       16900     10196        -9       652       646      -295     -2518    -35121     13400
     17         9800       15200     10184       -12       666       646      -393       434    -34260     10100
     18        10300       13700     10176        -8       628       645      -262       339    -33587     10700
     19        10700       16100     10165       -11       682       645      -360     -1708    -36975     11500
     20        10700       20800     10141       -24       660       645      -786      1059    -34875      9220
     21        10600       21200     10122       -19       703       644      -623     -1631    -38111     12300
     22        10500       19500     10102       -20       679       643      -655       620    -36882     10100
     23        10500       19300     10084       -18       666       643      -590      -380    -37635     10900
     24        10500       20500     10062       -22       684       642      -721       535    -36574     10000
     25        10300       18600     10047       -15       618       642      -492     -1289    -39131     11800
     26        10600       18900     10029       -18       680       641      -590       -49    -39229     10600
     27        10400       17700     10013       -16       666       641      -524       -81    -39389     10400
     28        10600       19300      9995       -18       723       640      -590      -404    -40190     11000
     29        10700       22000      9975       -20       675       640      -655     -2153    -44460     12600
     30        10700       22600      9953       -22       712       639      -721     -1580    -47594     12100

    TOTAL     316700      532800                         19843     19376                        -47595    343700




</pre>


