<pre>
                                                                    BUREAU OF RECLAMATION
                                                                    LOWER COLORADO REGION
                                                                    BOULDER CITY, NEVADA

                                                               ACCUMULATIONS FOR MAY 2017

    |GLEN CANYON    |                         HOOVER DAM         |             DAVIS DAM           |      MWD       |            PARKER DAM              |
    |               |  LAKE                                      |LAKE                             |                | LAKE                               |   C.A.P.
    |         ACCUM.|  MEAD    HOOVER RELEASE        GROSS  RATE |MOHAVE      DAVIS RELEASE   GROSS|DIVER. AT INTAKE| HAVASU     PARKER RELEASE     GROSS| DIVER. ACCUM.
DAY |   CFS    A.F. |  ELEV.   CFS    A.F.   ACCUM.   GEN  KWH/AF|ELEV   CFS   A.F.   ACCUM.  GEN  | A.F. ACCUM.    | ELEV    CFS    A.F.   ACCUM.  GEN. | A.F.   A.F.
----------------------------------------------------------------------------------------------------------------------------------------------------------------------
  1   10900   21620   1084.70  18722  37135   37135  14745  397  642.69  14690  29136   29136  3770  1517   1517    448.85  12200  24201    24201   1706   6077   6077
  2   11100   43636   1084.62  13623  27020   64155  10691  396  642.66  13690  27148   56284  3542  1522   3039    448.79  12190  24179    48380   1714   6082  12159
  3   11200   65851   1084.48  16659  33042   97197  13061  395  642.82  13700  27172   83456  3523  1023   4062    448.80   9900  19637    68017   1398   6082  18241
  4   11100   87868   1084.41  12672  25134  122331   9889  393  642.62  15200  30144  113600  3902  1038   5100    449.12   6810  13514    81531    959   6086  24327
  5   11300  110281   1084.36  11974  23750  146081   9362  394  642.26  16090  31906  145506  4083  1033   6133    448.98  12000  23800   105331   1689   5668  29995
  6   10100  130314   1084.34  11993  23787  169868   9429  396  642.01  13290  26368  171874  3356  1043   7176    448.95  12000  23809   129140   1691   4601  34596
  7    9100  148364   1084.35  11032  21881  191749   8667  396  641.96  13290  26366  198240  3363  1056   8232    448.78  12700  25185   154325   1773   6070  40666
  8   11000  170182   1084.23  17039  33797  225546  13462  398  642.11  13290  26362  224602  3358  1064   9296    448.58  11500  22811   177136   1606   5315  45981
  9   11200  192397   1084.02  18988  37662  263208  14805  393  642.64  13450  26678  251280  3337  1631  10927    448.65  10200  20233   197369   1421   6067  52048
 10   11200  214612   1083.90  13123  26030  289238  10222  393  642.57  11590  22990  274270  2899  1548  12475    449.08   5600  11104   208473    784   4907  56955
 11   10600  235636   1083.70  20904  41463  330701  16391  395  643.39   9000  17844  292114  2179  1614  14089    449.42   3510   6954   215427    458   6117  63072
 12   10700  256859   1083.58  13931  27631  358332  10879  394  643.48  12400  24588  316702  3055  1547  15636    448.91  10500  20817   236244   1478   5870  68942
 13    9800  276297   1083.53  12899  25585  383917  10072  394  643.52  12980  25748  342450  3195  1583  17219    448.71  10510  20846   257090   1473   6113  75055
 14    9300  294744   1083.53  11305  22424  406341   8829  394  643.39  13000  25784  368234  3202  1546  18765    448.48  10900  21626   278716   1521   6109  81164
 15   11000  316562   1083.47  13128  26040  432381  10285  395  643.15  15010  29770  398004  3708  1544  20309    448.57  10000  19836   298552   1409   2298  83462
 16   10900  338182   1083.38  14740  29236  461617  11504  393  643.26  11500  22808  420812  2802  1565  21874    448.80   9010  17877   316429   1277   3755  87217
 17   11000  360000   1083.30  12856  25500  487116  10030  393  643.51  10020  19876  440688  2435  1529  23403    448.86   8500  16855   333284   1195   6068  93285
 18   11100  382017   1083.08  17935  35574  522691  14037  395  644.00   8980  17818  458506  2203  1533  24936    448.96   5500  10914   344198    765   6071  99356
 19   11000  403835   1082.92  19230  38141  560832  15029  394  644.64  10400  20636  479142  2581  1524  26460    448.25  11100  22007   366205   1544   6070 105426
 20   10100  423868   1082.83  14266  28297  589129  11092  392  644.62  14890  29540  508682  3714  1502  27962    447.69  11980  23765   389970   1655   6063 111489
 21    9200  442116   1082.88   9784  19406  608535   7578  391  644.21  15780  31304  539986  3968  1482  29444    447.70  11490  22786   412756   1586   5304 116793
 22   10900  463736   1082.74  16677  33079  641614  13008  393  644.10  15990  31722  571708  4018  1434  30878    447.73  12020  23841   436597   1670   5284 122077
 23   11000  485554   1082.59  15248  30244  671858  11791  390  643.95  16770  33254  604962  4310  1001  31879    447.85  11900  23612   460209   1663   6059 128136
 24   11100  507570   1082.41  15725  31190  703048  12221  392  643.99  14290  28348  633310  3653  1034  32913    447.90  11210  22235   482444   1566   6058 134194
 25   11300  529983   1082.34  13895  27561  730608  10759  390  643.79  15570  30888  664198  3943  1530  34443    448.33   6500  12890   495334    904   6062 140256
 26   11200  552198   1082.22  13734  27240  757848  10644  391  643.60  16390  32518  696716  4097  1546  35989    448.14  13200  26176   521510   1825   6064 146320
 27   10100  572231   1082.21  13000  25785  783634  10075  391  643.35  16000  31740  728456  3980  1540  37529    448.11  12020  23842   545352   1677   6063 152383
 28    9300  590678   1082.17  12644  25079  808713   9784  390  643.02  16000  31730  760186  3987  1534  39063    448.24  11200  22220   567572   1575   6063 158446
 29    9300  609124   1082.11  13453  26684  835397  10387  389  642.86  15980  31698  791884  3976  1544  40607    448.26  11900  23601   591173   1666   6065 164511
 30   10700  630347   1081.86  19917  39504  874901  15504  392  643.27  13600  26982  818866  3374  1552  42159    448.33  11000  21810   612983   1547   5197 169708
 31   11100  652364   1081.56  20976  41606  916507  16317  392  643.74  13600  26976  845842  3379  2040  44199    448.31  10700  21216   634199   1476   4904 174612

TOTAL                                               360549                                   106892                                                44668









                                                                    BUREAU OF RECLAMATION
                                                                    LOWER COLORADO REGION
                                                                    BOULDER CITY, NEVADA

                                                     AVAILABLE RESERVOIR ELEVATIONS AND CONTENTS FOR MAY 2017

                                        LAKE MEAD                      LAKE MOHAVE                      LAKE HAVASU                        SENATOR WASH
  AVAILABLE CAPACITY IN A.F.            *26120000                        1809800                           619400                              9144
  ELEVATION IN FEET                        1219.6                          647.0                            450.0                             240.0

           TOTAL     TOTAL    |             HOOVER            |            DAVIS            |             PARKER            |             SENATOR WASH
          SYSTEM    AVAILABLE |ELEVATION    CONTENT   RELEASE |ELEVATION   CONTENT  RELEASE |ELEVATION    CONTENT   RELEASE | ELEVATION   CONTENT  PUMPED   RELEASE
     DAY  STORAGE**   SPACE   |  FEET       1000A.F.    ft3/s |  FEET      1000A.F.  ft3/s  |   FEET      1000A.F.  ft3/s   |  FEET        A.F.     ft3/s    ft3/s
-----------------------------------------------------------------------------------------------------------------------------------------------------------------------------
       1    30453.6  30671.5    1084.70      10404       18700   642.69     1690.3    14700    448.85      596.5    12200      229.31     5576       33        0
       2    30465.8  30659.3    1084.62      10397       13600   642.66     1689.3    13700    448.79      595.3    12200      232.14     6422      469        0
       3    30473.3  30651.8    1084.48      10386       16700   642.82     1693.8    13700    448.80      595.5     9900      232.41     6507       97        0
       4    30481.8  30643.2    1084.41      10380       12700   642.62     1688.3    15200    449.12      601.7     6810      232.96     6680      137        0
       5    30482.0  30643.0    1084.36      10376       12000   642.26     1678.5    16100    448.98      599.0    12000      232.62     6573        0        0
       6    30488.1  30637.0    1084.34      10374       12000   642.01     1671.6    13300    448.95      598.4    12000      232.56     6554       41        0
       7    30503.5  30621.6    1084.35      10375       11000   641.96     1670.2    13300    448.78      595.2    12700      231.01     6075        0      202
       8    30537.2  30587.9    1084.23      10365       17000   642.11     1674.3    13300    448.58      591.3    11500      230.74     5995        0        0
       9    30579.5  30545.5    1084.02      10347       19000   642.64     1688.9    13500    448.65      592.5    10200      230.48     5917        0        0
      10    30627.8  30497.3    1083.90      10337       13100   642.57     1687.0    11600    449.08      601.0     5600      233.83     6962      572        0
      11    30707.5  30417.6    1083.70      10320       20900   643.39     1709.5     9000    449.42      607.7     3510      238.81     8698     1015        0
      12    30751.6  30373.4    1083.58      10310       13900   643.48     1712.0    12400    448.91      597.7    10500      239.23     8854      247        0
      13    30817.4  30307.7    1083.53      10306       12900   643.52     1712.9    13000    448.71      593.7    10500      237.35     8167        0      259
      14    30886.1  30239.0    1083.53      10306       11300   643.39     1709.4    13000    448.48      589.3    10900      236.87     7996        0        0
      15    30952.6  30172.4    1083.47      10301       13100   643.15     1702.7    15000    448.57      591.1    10000      236.40     7831        0        0
      16    31033.3  30091.8    1083.38      10293       14700   643.26     1705.7    11500    448.80      595.5     9010      235.98     7684        0        0
      17    31123.9  30001.2    1083.30      10286       12900   643.51     1712.8    10000    448.86      596.7     8500      237.36     8171      330        0
      18    31195.4  29929.7    1083.08      10268       17900   644.00     1726.2     8980    448.96      598.6     5500      237.71     8296      154        0
      19    31259.6  29865.5    1082.92      10254       19200   644.64     1744.0    10400    448.25      584.8    11100      235.76     7609        0      282
      20    31307.3  29817.8    1082.83      10247       14300   644.62     1743.5    14900    447.69      574.1    12000      233.46     6842        0      350
      21    31360.4  29764.7    1082.88      10251        9780   644.21     1732.0    15800    447.70      574.2    11500      229.03     5495        0      697
      22    31391.1  29734.0    1082.74      10239       16700   644.10     1729.0    16000    447.73      574.9    12000      228.45     5332        0       80
      23    31411.0  29714.0    1082.59      10227       15200   643.95     1724.7    16800    447.85      577.1    11900      229.79     5714      211        0
      24    31425.9  29699.1    1082.41      10212       15700   643.99     1725.9    14300    447.90      578.2    11200      231.51     6228      291        0
      25    31462.5  29662.6    1082.34      10206       13900   643.79     1720.6    15600    448.33      586.4     6500      232.09     6406      137        0
      26    31474.3  29650.8    1082.22      10196       13700   643.60     1715.3    16400    448.14      582.7    13200      235.75     7606      673        0
      27    31514.2  29610.9    1082.21      10195       13000   643.35     1708.2    16000    448.11      582.2    12000      235.34     7466      205      169
      28    31556.6  29568.4    1082.17      10192       12600   643.02     1699.1    16000    448.24      584.7    11200      234.29     7114        0      161
      29    31606.7  29518.4    1082.11      10187       13500   642.86     1694.9    16000    448.26      585.0    11900      237.22     8120      587        0
      30    31653.8  29471.3    1081.86      10166       19900   643.27     1706.0    13600    448.33      586.4    11000      237.25     8131       98        0
      31    31705.9  29419.2    1081.56      10141       21000   643.74     1719.1    13600    448.31      586.0    10700      236.75     7954        1        0

TOTAL                                                   461880                       426680                        319730                          5298     2200
AVE.                                                     14900                        13760                         10310                           171       71
AC FT                                                   916000                       846000                        634000                         10508     4364

      * BOTTOM OF EXCLUSIVE FLOOD CONTROL SPACE
     ** INCLUDES FONTENELLE AND CRYSTAL RESERVOIRS

                                                                      BUREAU OF RECLAMATION
                                                                      LOWER COLORADO REGION
                                                                      BOULDER CITY, NEVADA

                                             COLORADO RIVER STORAGE PROJECT DATA (operational) FOR MAY 2017

                   LAKE POWELL          |        FLAMING GORGE        |          NAVAJO            |      BLUE MESA             |     MORROW POINT
             MAX. STORAGE 24322000 AF   |  MAX. STORAGE 3749000 AF    | MAX. STORAGE 1696000 AF    | MAX. STORAGE 829500 AF     | MAX. STORAGE 117025 AF  
    COMPUTED MAX. ELEV. 3700.0 FEET     |  MAX. ELEV. 6040.0 FEET     | MAX. ELEV. 6085.0 FEET     | MAX. ELEV. 7519.4 FEET     | MAX. ELEV. 7160.0 FEET
     INFLOW  ELEVATION CONTENT  RELEASE |  ELEVATION CONTENT  RELEASE | ELEVATION CONTENT  RELEASE | ELEVATION CONTENT  RELEASE | ELEVATION CONTENT  RELEASE
DATE FT3/S   (FEET)  (1000 AF)   FT3/S  |  (FEET)  (1000 AF)   FT3/   |(FEET)  (1000 AF)   FT3/S   | (FEET)  (1000 AF)   FT3/S  |(FEET)  (1000 AF)   FT3/S
------------------------------------------------------------------------------------------------------------------------------------------------------------
   1  25700   3604.41   12176    10900      6022.81   3080     8610      6078.19   1600     1080     7499.64    658.4    1420     7149.59    108.8    1570
   2  27000   3604.70   12204    11100      6022.65   3070     8630      6078.25   1600     1060     7499.65    658.5    1690     7149.96    109.0    1620
   3  23900   3604.93   12227    11200      6022.55   3070     8630      6078.10   1600     1280     7499.65    658.5    1810     7150.10    109.2    1920
   4  23300   3605.15   12248    11100      6022.41   3070     8630      6078.14   1600     1850     7499.53    657.5    2410     7152.09    110.7    1710
   5  23500   3605.37   12270    11300      6022.33   3060     8630      6078.20   1600     2770     7499.63    658.3    1770     7152.63    111.1    1730
   6  21800   3605.58   12291    10100      6022.21   3060     8630      6078.10   1600     3220     7499.81    659.8    2170     7154.76    112.8    1580
   7  18700   3605.75   12307     9100      6022.19   3060     8630      6078.10   1600     3170     7500.20    663.0    1690     7155.66    113.5    1700
   8  32400   3606.14   12346    11000      6022.17   3060     8630      6078.10   1600     3350     7500.89    668.7    1090     7155.47    113.4    1610
   9  29400   3606.47   12378    11200      6022.31   3060     8640      6078.10   1600     3070     7501.55    674.1    1190     7155.87    113.7    1490
  10  35900   3606.92   12423    11200      6022.27   3060     8640      6078.10   1600     2760     7502.33    680.6     760     7154.80    112.9    1650
  11  38100   3607.42   12472    10600      6022.39   3060     7840      6078.37   1600     3670     7502.89    685.3    1340     7155.23    113.2    1620
  12  37200   3607.90   12520    10700      6022.53   3070     6640      6078.28   1600     3980     7503.60    691.2    1150     7155.10    113.1    1560
  13  40100   3608.45   12575     9800      6022.77   3080     6630      6078.08   1600     4190     7504.46    698.5    1350     7155.39    113.3    1700
  14  39700   3609.00   12630     9300      6022.99   3090     6630      6078.04   1600     4210     7505.39    706.3    1250     7155.59    113.5    1760
  15  42500   3609.57   12687    11000      6023.17   3090     6630      6077.94   1590     4340     7506.21    713.3    1840     7155.48    113.4    2370
  16  44800   3610.18   12748    10900      6023.39   3100     6620      6077.86   1590     4450     7506.90    719.2    2380     7155.64    113.5    2770
  17  53300   3610.94   12825    11000      6023.61   3110     6620      6077.70   1590     4510     7507.11    721.0    3020     7155.16    113.1    3680
  18  45800   3611.56   12888    11100      6023.85   3120     6620      6077.53   1590     4620     7507.29    722.5    3690     7154.69    112.8    4280
  19  47500   3612.21   12954    11000      6024.05   3130     6610      6077.30   1580     4280     7507.55    724.7    4540     7153.72    112.0    5200
  20  47300   3612.87   13021    10100      6024.27   3130     6610      6077.08   1580     3920     7507.05    720.4    5590     7152.31    110.9    6370
  21  46400   3613.53   13089     9200      6024.45   3140     6610      6076.85   1580     3930     7506.20    713.2    6970     7150.74    109.7    7690
  22  42200   3614.08   13145    10900      6024.67   3150     6600      6076.53   1570     4130     7504.93    702.4    8860     7149.39    108.6    9490
  23  40600   3614.60   13199    11000      6024.83   3150     6600      6076.13   1570     4510     7503.26    688.4   10760     7148.77    108.1   11080
  24  39100   3615.09   13249    11100      6024.97   3160     6600      6075.73   1560     4650     7501.14    670.7   12000     7148.78    108.1   12130
  25  43300   3615.65   13307    11300      6025.19   3170     6590      6075.42   1560     4720     7498.87    652.1   12490     7149.17    108.4   12430
  26  36500   3616.09   13353    11200      6025.35   3170     6590      6075.14   1550     4770     7497.08    637.5   11230     7149.08    108.4   11690
  27  42900   3616.66   13412    10100      6025.49   3180     6580      6074.88   1550     4790     7495.64    625.9   10080     7147.84    107.4   11170
  28  43900   3617.26   13475     9300      6025.65   3180     6590      6074.62   1550     4800     7494.36    615.7    9110     7145.23    105.4   10210
  29  45700   3617.89   13541     9300      6025.81   3190     6580      6074.37   1540     4790     7493.41    608.1    8470     7145.49    105.6    8860
  30  44400   3618.47   13602    10700      6025.93   3190     6580      6074.16   1540     4790     7492.61    601.8    7940     7147.45    107.1    7700
  31  47100   3619.09   13667    11100      6026.15   3200     6580      6073.94   1540     4800     7491.98    596.8    7530     7149.70    108.8    6940

TOT 1170000                     328900                       226250                        116460                       147590                       157280
AVE   37742                      10610                         7300                         3760                         4760                         5070
A F 2320700                     652000                       449000                       231000                        292700                       312000






                                          BUREAU OF RECLAMATION
                                          LOWER COLORADO REGION
                                          BOULDER CITY, NEVADA

                                     GLEN CANYON TO HOOVER DAM LOSSES

                                                MAY 2017

                      |           | LAKE    |         |   LAKE|    LAKE   |  CHANGE |
               GLEN   |    HOOVER | MEAD    |  STORAGE|   MEAD|    MEAD   |   BANK  |       |          |
              RELEASE |    RELEASE| STORAGE |  CHANGE |PUMPING|EVAPORATION| STORAGE |  LOSS |  ACCUMUL.|  INFLOW
   DATE |      CFS    |     CFS   | 1000 AF |  1000 AF|    CFS|     CFS   |    CFS  |   CFS |     A.F. |   CFS
--------------------------------------------------------------------------------------------------------------------
      1        10900       18700     10404       -16       656       727      -524     -1664     -3301     11500
      2        11100       13600     10397        -7       659       727      -229     -2215     -7695     11200
      3        11200       16700     10386       -11       668       727      -360     -1265    -10204     12200
      4        11100       12700     10380        -6       740       726      -197       177     -9854     10900
      5        11300       12000     10376        -4       783       726      -131      -178    -10207     11400
      6        10100       12000     10374        -2       794       726       -66     -1385    -12954     12400
      7         9100       11000     10375         1       704       726        33     -1680    -16285     13000
      8        11000       17000     10365       -10       754       726      -328     -3013    -22262     13100
      9        11200       19000     10347       -18       685       725      -590     -1614    -25463     10700
     10        11200       13100     10337       -10       746       725      -328      1794    -21905      9200
     11        10600       20900     10320       -17       676       725      -557     -1999    -25869     13200
     12        10700       13900     10310       -10       710       724      -328      1187    -23514      9960
     13         9800       12900     10306        -4       682       724      -131     -1544    -26575     12200
     14         9300       11300     10306         0       659       724         0     -1945    -30433     12700
     15        11000       13100     10301        -5       803       724      -164     -2123    -34644     11900
     16        10900       14700     10293        -8       721       723      -262     -2559    -39719     11800
     17        11000       12900     10286        -7       754       723      -229       335    -39055     10600
     18        11100       17900     10268       -18       732       723      -590      1211    -36653      9690
     19        11000       19200     10254       -14       732       722      -459     -2106    -40830     13100
     20        10100       14300     10247        -7       729       722      -229      -893    -42602     12000
     21         9200        9780     10251         4       706       722       131     -2357    -47277     13400
     22        10900       16700     10239       -12       771       722      -393     -1602    -50455     11700
     23        11000       15200     10227       -12       766       721      -393     -1069    -52576     10200
     24        11100       15700     10212       -15       771       721      -492      1786    -49035      9140
     25        11300       13900     10206        -6       766       721      -197     -1166    -51348     12200
     26        11200       13700     10196       -10       766       720      -328      1301    -48769      9820
     27        10100       13000     10195        -1       781       720       -33     -2683    -54090     14000
     28         9300       12600     10192        -3       743       720       -98     -1277    -56623     12500
     29         9300       13500     10187        -5       784       720      -164     -2180    -60946     12300
     30        10700       19900     10166       -21       766       720      -688      -780    -62494     10100
     31        11100       21000     10141       -25       772       719      -819       195    -62108      9070

    TOTAL     328900      462070                         22779     22421                        -62108    357300






</pre>