<pre>
                                                                    BUREAU OF RECLAMATION
                                                                    LOWER COLORADO REGION
                                                                    BOULDER CITY, NEVADA

                                                               ACCUMULATIONS FOR MAY 2021

    |GLEN CANYON    |                         HOOVER DAM         |             DAVIS DAM           |      MWD       |            PARKER DAM              |
    |               |  LAKE                                      |LAKE                             |                | LAKE                               |   C.A.P.
    |         ACCUM.|  MEAD    HOOVER RELEASE        GROSS  RATE |MOHAVE      DAVIS RELEASE   GROSS|DIVER. AT INTAKE| HAVASU     PARKER RELEASE     GROSS| DIVER. ACCUM.
DAY |   CFS    A.F. |  ELEV.   CFS    A.F.   ACCUM.   GEN  KWH/AF|ELEV   CFS   A.F.   ACCUM.  GEN  | A.F. ACCUM.    | ELEV    CFS    A.F.   ACCUM.  GEN. | A.F.   A.F.
----------------------------------------------------------------------------------------------------------------------------------------------------------------------
  1    9400   18645   1079.07  18323  36343   36343  13949  384  642.42  18500  36704   36704  4602  3461   3461    448.02  12720  25237    25237   1756   5250   5250
  2    9300   37091   1078.92  16294  32319   68662  12450  385  642.25  18490  36679   73383  4594  3461   6922    448.19  12310  24424    49661   1694   6058  11308
  3   11000   58909   1078.73  19752  39178  107840  15053  384  642.19  18490  36669  110052  4594  3462  10384    448.35  12000  23801    73462   1665   5261  16569
  4   11100   80926   1078.46  21584  42811  150651  16401  383  642.54  15360  30461  140513  3815  3462  13846    448.45  12010  23822    97284   1669   5246  21815
  5   11100  102942   1078.21  19569  38814  189465  14945  385  642.79  15360  30476  170989  3837  3460  17306    448.28  12600  24998   122282   1722   5249  27064
  6   11100  124959   1077.98  20789  41235  230700  15841  384  642.97  17170  34051  205040  4319  3451  20757    448.74   6600  13091   135373    896   5254  32318
  7   11100  146975   1077.70  20607  40873  271573  15574  381  643.17  17170  34049  239089  4326  3465  24222    448.66  12800  25381   160754   1749   5258  37576
  8    9300  165421   1077.56  18082  35866  307439  13787  384  643.15  18350  36406  275495  4645  3463  27685    448.70  12800  25390   186144   1772   5269  42845
  9    9400  184066   1077.49  14252  28269  335708  10785  382  642.85  17360  34426  309921  4377  3462  31147    448.60  13500  26786   212930   1869   6064  48909
 10   10900  205686   1077.32  18346  36389  372096  14087  387  642.74  18360  36412  346333  4632  3459  34606    448.54  13610  26986   239916   1878   5262  54171
 11   10900  227306   1077.15  16250  32231  404328  12584  390  642.86  15170  30082  376415  3806  3455  38061    448.44  13610  27003   266919   1888   5254  59425
 12   11000  249124   1076.95  16929  33578  437906  13160  392  642.92  15370  30476  406891  3896  3450  41511    448.14  13600  26980   293899   1868   5256  64681
 13   11100  271140   1076.80  16280  32291  470197  12599  390  642.81  17560  34827  441718  4420  3451  44962    448.61   7000  13888   307787    976   5260  69941
 14   11100  293157   1076.60  18433  36562  506759  14241  390  642.76  17960  35630  477348  4518  3451  48413    448.45  14200  28160   335947   1964   5270  75211
 15    9500  312000   1076.46  15489  30722  537481  11963  389  642.58  18580  36848  514196  4674  3447  51860    448.30  14110  27984   363931   1944   5261  80472
 16    9400  330645   1076.41  13447  26671  564152  10357  388  642.23  18370  36433  550629  4608  3446  55306    448.25  13510  26800   390731   1863   6064  86536
 17   11100  352661   1076.32  14594  28946  593098  11240  388  641.96  15960  31666  582295  3978  3446  58752    448.33  13200  26183   416914   1823   5254  91790
 18   10900  374281   1076.13  16465  32658  625756  12705  389  641.87  18560  36815  619110  4650  3444  62196    448.30  12600  24988   441902   1739   5253  97043
 19   11000  396099   1075.86  19248  38178  663934  14855  389  642.04  14980  29703  648813  3719  3442  65638    448.08  13600  26973   468875   1874   5257 102300
 20   10900  417719   1075.65  17114  33946  697880  13265  391  641.98  17970  35637  684450  4490  3444  69082    448.44   8000  15870   484745   1101   5257 107557
 21   10300  438149   1075.48  17476  34663  732542  13511  390  641.92  18870  37423  721873  4718  3447  72529    448.58  12500  24794   509539   1736   5266 112823
 22    9100  456198   1075.35  15432  30609  763152  11916  389  641.64  18860  37414  759287  4713  3448  75977    448.65  12800  25385   534924   1756   5261 118084
 23    8600  473256   1075.28  12986  25758  788910   9985  388  641.38  16570  32871  792158  4109  3453  79430    448.91  11500  22805   557729   1571   6069 124153
 24   10800  494678   1075.02  20636  40931  829841  15916  389  642.02  11170  22161  814319  2719  3451  82881    448.67  11300  22418   580147   1584   5258 129411
 25   10600  515702   1074.74  19676  39026  868867  15143  388  642.26  15180  30106  844425  3758  3443  86324    448.19  12500  24797   604944   1739   5264 134675
 26   10100  535735   1074.48  18541  36776  905643  14269  388  642.27  18320  36332  880757  4479  3440  89764    448.22  11210  22230   627174   1559   5251 139926
 27   10500  556562   1074.21  21540  42724  948367  16549  387  642.70  14600  28956  909713  3535  3446  93210    448.64   7010  13905   641079    953   5257 145183
 28    9800  576000   1074.00  18862  37412  985779  14439  386  642.72  18490  36667  946380  4566  3444  96654    448.57  12430  24646   665725   1723   5262 150445
 29    8000  591868   1073.82  17399  34510 1020289  13354  387  642.61  18680  37058  983438  4612  3444 100098    448.45  14330  28415   694140   1979   5268 155713
 30    8000  607735   1073.67  16008  31752 1052041  12248  386  642.47  18900  37480 1020918  4660  3443 103541    448.39  14010  27782   721922   1939   6066 161779
 31    8200  624000   1073.50  16956  33632 1085673  12969  386  642.32  17410  34524 1055442  4286  3443 106984    448.51  12110  24011   745933   1683   6067 167846

TOTAL                                               420140                                   132654                                                51933









                                                                    BUREAU OF RECLAMATION
                                                                    LOWER COLORADO REGION
                                                                    BOULDER CITY, NEVADA

                                                     AVAILABLE RESERVOIR ELEVATIONS AND CONTENTS FOR MAY 2021

                                        LAKE MEAD                      LAKE MOHAVE                      LAKE HAVASU                        SENATOR WASH
  AVAILABLE CAPACITY IN A.F.            *26120000                        1809800                           619400                              9144
  ELEVATION IN FEET                        1219.6                          647.0                            450.0                             240.0

           TOTAL     TOTAL    |             HOOVER            |            DAVIS            |             PARKER            |             SENATOR WASH
          SYSTEM    AVAILABLE |ELEVATION    CONTENT   RELEASE |ELEVATION   CONTENT  RELEASE |ELEVATION    CONTENT   RELEASE | ELEVATION   CONTENT  PUMPED   RELEASE
     DAY  STORAGE**   SPACE   |  FEET       1000A.F.    ft3/s |  FEET      1000A.F.  ft3/s  |   FEET      1000A.F.  ft3/s   |  FEET        A.F.     ft3/s    ft3/s
-----------------------------------------------------------------------------------------------------------------------------------------------------------------------------
       1    25526.1  35599.0    1079.07       9934       18300   642.42     1682.8    18500    448.02      580.4    12700      233.24     6771        0        0
       2    25503.4  35621.7    1078.92       9922       16300   642.25     1678.2    18500    448.19      583.7    12300      234.18     7077      196        0
       3    25478.2  35646.9    1078.73       9906       19800   642.19     1676.5    18500    448.35      586.7    12000      232.58     6561        8      260
       4    25456.4  35668.6    1078.46       9884       21600   642.54     1686.2    15400    448.45      588.8    12000      232.36     6491        0        0
       5    25430.2  35694.8    1078.21       9863       19600   642.79     1693.1    15400    448.28      585.4    12600      232.13     6419        0        0
       6    25413.3  35711.7    1077.98       9844       20800   642.97     1697.7    17200    448.74      594.4     6600      231.89     6344        0        0
       7    25388.0  35737.1    1077.70       9821       20600   643.17     1703.3    17200    448.66      592.8    12800      231.66     6274        0        0
       8    25372.8  35752.2    1077.56       9810       18100   643.15     1702.7    18400    448.70      593.6    12800      231.43     6203        0        0
       9    25350.2  35774.8    1077.49       9804       14300   642.85     1694.6    17400    448.60      591.6    13500      234.29     7114      489        0
      10    25321.9  35803.2    1077.32       9790       18300   642.74     1691.7    18400    448.54      590.5    13600      231.71     6289        0      416
      11    25303.0  35822.1    1077.15       9776       16200   642.86     1694.8    15200    448.44      588.5    13600      230.00     5775        0      246
      12    25276.2  35848.9    1076.95       9760       16900   642.92     1696.5    15400    448.14      582.7    13600      229.81     5720        0        0
      13    25261.2  35863.9    1076.80       9748       16300   642.81     1693.4    17600    448.61      591.7     7000      231.54     6237      392      106
      14    25232.4  35892.7    1076.60       9731       18400   642.76     1692.1    18000    448.45      588.8    14200      231.21     6136      633        0
      15    25207.9  35917.1    1076.46       9720       15500   642.58     1687.2    18600    448.30      585.8    14100      234.90     7317        7        0
      16    25185.5  35939.5    1076.41       9716       13400   642.23     1677.6    18400    448.25      584.9    13500      234.98     7343       72        0
      17    25165.1  35960.0    1076.32       9708       14600   641.96     1670.3    16000    448.33      586.3    13200      234.64     7230        0        0
      18    25143.2  35981.8    1076.13       9693       16500   641.87     1667.9    18600    448.30      585.8    12600      234.32     7124        0        0
      19    25113.6  36011.4    1075.86       9671       19200   642.04     1672.5    15000    448.08      581.6    13600      234.02     7024        0        0
      20    25103.4  36021.6    1075.65       9654       17100   641.98     1670.9    18000    448.44      588.5     8000      233.69     6917        0        0
      21    25083.6  36041.5    1075.48       9640       17500   641.92     1669.2    18900    448.58      591.2    12500      233.39     6820        0        0
      22    25072.2  36052.9    1075.35       9629       15400   641.64     1661.7    18900    448.65      592.6    12800      233.11     6728        0        0
      23    25058.2  36066.8    1075.28       9624       13000   641.38     1654.6    16600    448.91      597.6    11500      235.90     7657      518        0
      24    25049.7  36075.4    1075.02       9603       20600   642.02     1671.9    11200    448.67      593.1    11300      235.51     7524        0        0
      25    25023.9  36101.2    1074.74       9580       19700   642.26     1678.5    15200    448.19      583.7    12500      235.16     7404        0        0
      26    25008.2  36116.8    1074.48       9559       18500   642.27     1678.8    18300    448.22      584.2    11200      234.13     7060        0       73
      27    25010.6  36114.5    1074.21       9537       21500   642.70     1690.6    14600    448.64      592.5     7010      232.76     6617        0      250
      28    24997.7  36127.3    1074.00       9520       18900   642.72     1691.0    18500    448.57      591.0    12400      232.52     6541        0        0
      29    24991.6  36133.4    1073.82       9505       17400   642.61     1688.1    18700    448.45      588.7    14300      230.38     5888        0      312
      30    24997.5  36127.6    1073.67       9493       16000   642.47     1684.1    18900    448.39      587.5    14000      232.76     6617      418        0
      31    25001.3  36123.8    1073.50       9480       17000   642.32     1680.0    17400    448.51      589.8    12100      232.72     6604        4        0

TOTAL                                                   547300                       532900                        375910                          2737     1663
AVE.                                                     17650                        17190                         12130                            88       54
AC FT                                                  1086000                      1057000                        746000                          5429     3299

      * BOTTOM OF EXCLUSIVE FLOOD CONTROL SPACE
     ** INCLUDES FONTENELLE AND CRYSTAL RESERVOIRS

                                                                      BUREAU OF RECLAMATION
                                                                      LOWER COLORADO REGION
                                                                      BOULDER CITY, NEVADA

                                             COLORADO RIVER STORAGE PROJECT DATA (operational) FOR MAY 2021

                   LAKE POWELL          |        FLAMING GORGE        |          NAVAJO            |      BLUE MESA             |     MORROW POINT
             MAX. STORAGE 24322000 AF   |  MAX. STORAGE 3749000 AF    | MAX. STORAGE 1696000 AF    | MAX. STORAGE 829500 AF     | MAX. STORAGE 117025 AF  
    COMPUTED MAX. ELEV. 3700.0 FEET     |  MAX. ELEV. 6040.0 FEET     | MAX. ELEV. 6085.0 FEET     | MAX. ELEV. 7519.4 FEET     | MAX. ELEV. 7160.0 FEET
     INFLOW  ELEVATION CONTENT  RELEASE |  ELEVATION CONTENT  RELEASE | ELEVATION CONTENT  RELEASE | ELEVATION CONTENT  RELEASE | ELEVATION CONTENT  RELEASE
DATE FT3/S   (FEET)  (1000 AF)   FT3/S  |  (FEET)  (1000 AF)   FT3/   |(FEET)  (1000 AF)   FT3/S   | (FEET)  (1000 AF)   FT3/S  |(FEET)  (1000 AF)   FT3/S
------------------------------------------------------------------------------------------------------------------------------------------------------------
   1   5100   3562.26    8496     9400      6025.51   3180      850      6033.63   1050      630     7459.40    363.5    1570     7141.39    102.5    1650
   2   3700   3562.12    8485     9300      6025.51   3180      850      6033.79   1050      600     7459.37    363.3    1650     7141.61    102.7    1620
   3   4200   3561.95    8472    11000      6025.51   3180      850      6034.02   1050      600     7459.25    362.6    1750     7141.89    102.9    1720
   4   4700   3561.79    8460    11100      6025.53   3180      860      6034.14   1050      600     7459.00    361.1    1660     7142.63    103.5    1450
   5   6400   3561.67    8451    11100      6025.53   3180      850      6034.21   1050      600     7458.81    359.9    1760     7142.98    103.7    1680
   6   5200   3561.52    8439    11100      6025.53   3180      860      6034.29   1050      600     7458.55    358.4    1760     7143.59    104.2    1590
   7   7700   3561.43    8432    11100      6025.53   3180      850      6034.41   1050      530     7458.39    357.4    1700     7144.09    104.6    1580
   8   7100   3561.37    8428     9300      6025.53   3180      850      6034.62   1060      430     7458.09    355.6    1790     7144.79    105.1    1570
   9   5500   3561.27    8420     9400      6025.53   3180      850      6034.80   1060      400     7457.88    354.3    1720     7145.15    105.4    1610
  10   5300   3561.13    8409    10900      6025.53   3180      850      6034.93   1060      400     7457.63    352.9    1740     7145.55    105.7    1640
  11   7900   3561.05    8403    10900      6025.55   3180      860      6034.99   1060      560     7457.34    351.1    1710     7146.17    106.1    1510
  12   8400   3560.98    8398    11000      6025.55   3180      860      6035.04   1060      540     7456.86    348.3    2300     7148.06    107.6    1590
  13   7200   3560.88    8390    11100      6025.55   3180      860      6035.12   1060      510     7456.00    343.3    3270     7152.38    110.9    1610
  14   7300   3560.78    8382    11100      6025.55   3180      860      6035.21   1060      510     7455.16    338.4    3410     7157.06    114.7    1560
  15   6900   3560.71    8377     9500      6025.57   3180      850      6035.36   1060      440     7454.43    334.2    3140     7160.08    117.1    1920
  16   5200   3560.60    8369     9400      6025.57   3180      860      6035.54   1070      410     7454.17    332.7    1990     7160.29    117.3    1920
  17   6500   3560.48    8360    11100      6025.57   3180      860      6035.78   1070      410     7454.47    334.4     320     7157.82    115.3    1480
  18   7500   3560.39    8353    10900      6025.59   3180      860      6036.01   1070      360     7454.91    336.9       0     7154.49    112.6    1510
  19   5900   3560.26    8343    11000      6025.59   3180      860      6036.16   1070      340     7455.28    339.1     200     7151.88    110.5    1310
  20  10400   3560.24    8341    10900      6025.61   3180      860      6036.30   1070      340     7455.56    340.7     400     7149.94    109.0    1260
  21   3600   3560.07    8328    10300      6025.63   3180      850      6036.60   1080      340     7455.61    341.0    1140     7149.92    109.0    1310
  22   8200   3560.04    8326     9100      6025.63   3180     1270      6036.94   1080      340     7455.39    339.7    2850     7154.02    112.2    1290
  23   5200   3559.95    8319     8600      6025.47   3180     4660      6037.29   1080      340     7455.20    338.6    1690     7155.08    113.1    1430
  24   9900   3559.92    8317    10800      6025.33   3170     4250      6037.56   1090      340     7455.22    338.7    1610     7156.13    113.9    1310
  25   9700   3559.89    8315    10600      6025.19   3170     3820      6037.81   1090      340     7455.35    339.5    1330     7156.01    113.8    1430
  26  12100   3559.93    8318    10100      6025.05   3160     3500      6038.07   1090      340     7455.58    340.8    1260     7155.93    113.8    1330
  27  12500   3559.97    8321    10500      6024.93   3160     3100      6038.29   1090      340     7455.77    341.9    1330     7155.76    113.6    1410
  28  11700   3560.01    8324     9800      6024.85   3150     2820      6038.50   1100      340     7455.99    343.2    1330     7155.67    113.5     990
  29  14600   3560.16    8335     8000      6024.79   3150     2480      6038.59   1100      340     7456.36    345.4    1150     7155.26    113.2    1380
  30  17900   3560.39    8353     8000      6024.73   3150     2110      6038.97   1100      340     7456.77    347.8    1150     7155.07    113.1     970
  31  15900   3560.57    8366     8200      6024.69   3150     1750      6039.27   1100      340     7457.14    350.0    1240     7155.08    113.1    1290

TOT  249400                     314600                        47720                        13550                        49920                        45920
AVE    8045                      10150                         1540                          440                         1610                         1480
A F  494700                     624000                        95000                        26900                        99000                        91100






                                          BUREAU OF RECLAMATION
                                          LOWER COLORADO REGION
                                          BOULDER CITY, NEVADA

                                     GLEN CANYON TO HOOVER DAM LOSSES

                                                MAY 2021

                      |           | LAKE    |         |   LAKE|    LAKE   |  CHANGE |
               GLEN   |    HOOVER | MEAD    |  STORAGE|   MEAD|    MEAD   |   BANK  |       |          |
              RELEASE |    RELEASE| STORAGE |  CHANGE |PUMPING|EVAPORATION| STORAGE |  LOSS |  ACCUMUL.|  INFLOW
   DATE |      CFS    |     CFS   | 1000 AF |  1000 AF|    CFS|     CFS   |    CFS  |   CFS |     A.F. |   CFS
--------------------------------------------------------------------------------------------------------------------
      1         9400       18300      9934       -19       669       712      -623      1213      2405      9480
      2         9300       16300      9922       -12       622       711      -393      -519      1375     11200
      3        11000       19800      9906       -16       707       711      -524     -3252     -5075     12600
      4        11100       21600      9884       -22       742       710      -721     -1974     -8991     11200
      5        11100       19600      9863       -21       760       709      -688      1249     -6514      9790
      6        11100       20800      9844       -19       814       709      -623     -1065     -8626     12100
      7        11100       20600      9821       -23       788       708      -754      1377     -5895      9750
      8         9300       18100      9810       -11       811       707      -360     -2592    -11036     13700
      9         9400       14300      9804        -6       666       707      -197     -1355    -13723     12500
     10        10900       18300      9790       -14       723       707      -459     -2938    -19550     12200
     11        10900       16200      9776       -14       788       706      -459      -798    -21132     10200
     12        11000       16900      9760       -16       735       705      -524      1114    -18921      9750
     13        11100       16300      9748       -12       793       705      -393      -424    -19762     11400
     14        11100       18400      9731       -17       731       704      -557       267    -19232     10700
     15         9500       15500      9720       -11       720       704      -360        48    -19137     11000
     16         9400       13400      9716        -4       633       704      -131     -1495    -22103     12600
     17        11100       14600      9708        -8       700       703      -262     -2218    -26503     11700
     18        10900       16500      9693       -15       744       703      -492      -445    -27386      9890
     19        11000       19200      9671       -22       738       702      -721      2302    -22819      8830
     20        10900       17100      9654       -17       741       702      -557      1507    -19831      9420
     21        10300       17500      9640       -14       760       701      -459      -449    -20722     11400
     22         9100       15400      9629       -11       724       701      -360        16    -20690     10900
     23         8600       13000      9624        -5       557       700      -164     -1245    -23160     11600
     24        10800       20600      9603       -21       783       700      -688     -1707    -26546     10800
     25        10600       19700      9580       -23       739       699      -754      -224    -26990      8790
     26        10100       18500      9559       -21       727       698      -688      2191    -22644      8650
     27        10500       21500      9537       -22       761       698      -721      -522    -23679     11100
     28         9800       18900      9520       -17       729       697      -557     -1061    -25783     11200
     29         8000       17400      9505       -15       742       696      -492      -295    -26368     10800
     30         8000       16000      9493       -12       677       696      -393     -1170    -28688     10900
     31         8200       17000      9480       -13       720       695      -426     -3390    -35411     11400

    TOTAL     314700      547360                         22544     21810                        -35412    337700



</pre>


