<pre>
                                                                    BUREAU OF RECLAMATION
                                                                    LOWER COLORADO REGION
                                                                    BOULDER CITY, NEVADA

                                                               ACCUMULATIONS FOR MAY 2014

    |GLEN CANYON    |                         HOOVER DAM         |             DAVIS DAM           |      MWD       |            PARKER DAM              |
    |               |  LAKE                                      |LAKE                             |                | LAKE                               |   C.A.P.
    |         ACCUM.|  MEAD    HOOVER RELEASE        GROSS  RATE |MOHAVE      DAVIS RELEASE   GROSS|DIVER. AT INTAKE| HAVASU     PARKER RELEASE     GROSS| DIVER. ACCUM.
DAY |   CFS    A.F. |  ELEV.   CFS    A.F.   ACCUM.   GEN  KWH/AF|ELEV   CFS   A.F.   ACCUM.  GEN  | A.F. ACCUM.    | ELEV    CFS    A.F.   ACCUM.  GEN. | A.F.   A.F.
----------------------------------------------------------------------------------------------------------------------------------------------------------------------
  1    8400   16661   1094.40  14114  27994   27994  11306  404  642.89  16800  33324   33324  4189  3376   3376    448.14  10190  20217    20217   1425   5703   5703
  2    8400   33322   1094.17  18702  37094   65088  14953  403  642.92  16780  33278   66602  4181  3410   6786    448.17  11680  23168    43385   1617   5610  11313
  3    7700   48595   1093.91  18151  36002  101090  14541  404  642.88  17170  34058  100660  4288  3485  10271    448.05  13490  26757    70142   1870   5634  16947
  4    7300   63074   1093.77  14892  29538  130628  11848  401  642.61  18170  36042  136702  4536  3425  13696    447.83  14000  27771    97913   1927   7164  24111
  5    8500   79934   1093.54  17670  35048  165676  14093  402  642.62  17740  35188  171890  4532  3444  17140    447.80  13600  26981   124894   1877   5447  29558
  6    8500   96793   1093.32  15660  31062  196738  12511  403  642.34  18200  36098  207988  4519  3488  20628    447.92  12590  24981   149875   1738   5510  35068
  7    8400  113455   1093.21  14539  28838  225576  11466  398  642.07  18400  36498  244486  4526  3516  24144    447.81  14190  28138   178013   1962   6411  41479
  8    8400  130116   1092.98  16549  32824  258400  13136  400  641.90  16730  33190  277676  4130  3492  27636    448.35   7950  15761   193774   1109   5636  47115
  9    8500  146975   1092.90  13247  26276  284676  10529  401  641.72  16650  33018  310694  4058  3473  31109    448.20  12740  25263   219037   1802   5544  52659
 10    7700  162248   1092.77  15034  29820  314496  12062  404  641.95  16420  32570  343264  3989  3596  34705    448.21  12190  24185   243222   1705   5691  58350
 11    7400  176926   1092.64  10658  21140  335636   8462  400  641.18  16390  32518  375782  3982  3842  38547    447.88  13100  25975   269197   1876   7168  65518
 12    8400  193587   1092.47  16505  32738  368374  12907  394  641.14  16890  33510  409292  4090  3891  42438    447.69  13000  25782   294979   1836   5633  71151
 13    8400  210248   1092.19  18144  35988  404362  14252  396  641.18  16180  32098  441390  3932  3818  46256    447.58  12440  24677   319656   1759   5693  76844
 14    8400  226909   1091.90  22016  43668  448030  17174  393  641.60  15410  30568  471958  3762  3833  50089    447.39  12990  25766   345422   1840   5689  82533
 15    8500  243769   1091.55  20919  41492  489522  16509  398  641.97  15390  30518  502476  3750  3853  53942    447.62   7100  14074   359496    997   5691  88224
 16    8700  261025   1091.21  23301  46218  535740  18366  397  642.34  16800  33324  535800  4099  3787  57729    447.61  11290  22388   381884   1601   5630  93854
 17    7800  276496   1091.01  18712  37114  572854  14841  400  642.44  17210  34134  569934  4209  3401  61130    447.65  11270  22347   404231   1594   5693  99547
 18    7200  290777   1090.83  13744  27260  600114  10986  403  642.14  17170  34058  603992  4198  3409  64539    447.58  11920  23634   427865   1673   7160 106707
 19    8200  307041   1090.65  15283  30314  630428  12137  400  641.99  17410  34538  638530  4249  3407  67946    447.68  11500  22810   450675   1599   5626 112333
 20    8100  323107   1090.43  15965  31666  662094  12535  396  641.88  16890  33508  672038  4116  3432  71378    447.77  10990  21802   472477   1533   5694 118027
 21    8200  339372   1090.12  22835  45292  707386  17785  393  642.14  16900  33514  705552  4115  3449  74827    447.87  11500  22806   495283   1608   5682 123709
 22    8000  355240   1089.70  25174  49932  757317  19758  396  642.84  16490  32710  738262  4041  3506  78333    448.30   7990  15848   511131   1121   5635 129344
 23    8100  371306   1089.43  19730  39134  796452  15258  390  642.97  16310  32350  770612  3993  3490  81823    448.55   8790  17443   528574   1234   5700 135044
 24    7500  386182   1089.29  14823  29400  825852  11643  396  642.97  15520  30774  801386  3780  3469  85292    448.71   9470  18785   547359   1337   5874 140918
 25    7200  400463   1089.04  17163  34042  859894  13416  394  643.08  15440  30622  832008  3757  3451  88743    448.69   9470  18791   566150   1331   7183 148101
 26    7300  414942   1088.82  16667  33058  892952  12963  392  643.10  15250  30242  862250  3709  3508  92251    448.62  10970  21751   587901   1537   5703 153804
 27    8100  431008   1088.65  14646  29050  922002  11487  395  643.03  15110  29976  892226  3675  3457  95708    448.60  11430  22675   610576   1594   5645 159449
 28    7900  446678   1088.37  19389  38458  960460  15242  396  643.16  16410  32556  924782  3987  3498  99206    448.41  10670  21160   631736   1515   6409 165858
 29    8100  462744   1088.03  22451  44530 1004990  17461  392  643.53  16210  32162  956944  3946  3525 102731    448.59   9580  19011   650747   1351   5705 171563
 30    8100  478810   1087.65  24330  48258 1053248  18819  390  644.10  16230  32198  989142  3965  3866 106597    448.61  10790  21410   672157   1521   5610 177173
 31    7500  493686   1087.46  16299  32328 1085576  12604  390  644.01  16620  32972 1022114  4069  3890 110487    448.48  11260  22333   694490   1590   6430 183603

TOTAL                                               431049                                   126373                                                49081









                                                                    BUREAU OF RECLAMATION
                                                                    LOWER COLORADO REGION
                                                                    BOULDER CITY, NEVADA

                                                     AVAILABLE RESERVOIR ELEVATIONS AND CONTENTS FOR MAY 2014

                                        LAKE MEAD                      LAKE MOHAVE                      LAKE HAVASU                        SENATOR WASH
  AVAILABLE CAPACITY IN A.F.            *26120000                        1809800                           619400                              9144
  ELEVATION IN FEET                        1219.6                          647.0                            450.0                             240.0

           TOTAL     TOTAL    |             HOOVER            |            DAVIS            |             PARKER            |             SENATOR WASH
          SYSTEM    AVAILABLE |ELEVATION    CONTENT   RELEASE |ELEVATION   CONTENT  RELEASE |ELEVATION    CONTENT   RELEASE | ELEVATION   CONTENT  PUMPED   RELEASE
     DAY  STORAGE**   SPACE   |  FEET       1000A.F.    ft3/s |  FEET      1000A.F.  ft3/s  |   FEET      1000A.F.  ft3/s   |  FEET        A.F.     ft3/s    ft3/s
-----------------------------------------------------------------------------------------------------------------------------------------------------------------------------
       1    28072.2  33052.9    1094.40      11240       14100   642.89     1695.8    16800    448.14      582.8    10200      233.26     6777        0      217
       2    28083.9  33041.2    1094.17      11220       18700   642.92     1696.6    16800    448.17      583.3    11700      227.86     5168        0      848
       3    28086.2  33038.9    1093.91      11197       18200   642.88     1695.4    17200    448.05      580.9    13500      221.85     3668        0      778
       4    28095.1  33030.0    1093.77      11185       14900   642.61     1688.2    18200    447.83      576.8    14000      219.47     3156        0      269
       5    28102.6  33022.5    1093.54      11165       17700   642.62     1688.2    17700    447.80      576.1    13600      216.74     2626      187      478
       6    28104.6  33020.5    1093.32      11146       15700   642.34     1680.5    18200    447.92      578.6    12600      221.54     3599      513        0
       7    28114.6  33010.4    1093.21      11136       14500   642.07     1673.4    18400    447.81      576.5    14200      229.58     5653     1056        0
       8    28137.7  32987.4    1092.98      11116       16500   641.90     1668.7    16700    448.35      586.8     7950      230.31     5867      151        0
       9    28162.4  32962.6    1092.90      11109       13200   641.72     1663.8    16600    448.20      584.0    12700      233.76     6939      620        0
      10    28201.8  32923.3    1092.77      11098       15000   641.95     1670.1    16400    448.21      584.1    12200      235.19     7415      321        0
      11    28208.8  32916.3    1092.64      11086       10700   641.18     1649.3    16400    447.88      577.7    13100      237.90     8364      592        0
      12    28240.3  32884.8    1092.47      11071       16500   641.14     1648.2    16900    447.69      574.2    13000      237.99     8396      139        0
      13    28253.1  32871.9    1092.19      11047       18100   641.18     1649.2    16200    447.58      572.1    12400      238.35     8529      178        0
      14    28278.7  32846.3    1091.90      11022       22000   641.60     1660.5    15400    447.39      568.4    13000      238.90     8731      215        0
      15    28299.7  32825.3    1091.55      10991       20900   641.97     1670.7    15400    447.62      572.8     7100      239.79     9065      276        0
      16    28313.0  32812.1    1091.21      10962       23300   642.34     1680.7    16800    447.61      572.6    11300      239.76     9054       99        0
      17    28332.3  32792.7    1091.01      10944       18700   642.44     1683.5    17200    447.65      573.5    11300      239.46     8941       44        0
      18    28340.3  32784.7    1090.83      10929       13700   642.14     1675.1    17200    447.58      572.1    11900      239.67     9020      192       60
      19    28356.5  32768.5    1090.65      10913       15300   641.99     1671.2    17400    447.68      574.0    11500      237.82     8335        0      281
      20    28368.2  32756.9    1090.43      10894       16000   641.88     1668.1    16900    447.77      575.7    11000      238.85     8713      277        0
      21    28387.8  32737.3    1090.12      10867       22800   642.14     1675.2    16900    447.87      577.5    11500      239.39     8877      169        0
      22    28425.8  32699.3    1089.70      10831       25200   642.84     1694.4    16500    448.30      585.9     7990      238.81     8698        0        0
      23    28472.4  32652.7    1089.43      10808       19700   642.97     1697.8    16300    448.55      590.7     8790      239.90     9106      341       43
      24    28527.5  32597.5    1089.29      10796       14800   642.97     1698.0    15500    448.71      593.8     9470      239.40     8918        0        0
      25    28585.9  32539.2    1089.04      10774       17200   643.08     1700.8    15400    448.69      593.3     9470      239.53     8967      113        0
      26    28639.1  32486.0    1088.82      10755       16700   643.10     1701.3    15200    448.62      592.1    11000      239.05     8787        0        0
      27    28700.4  32424.6    1088.65      10741       14600   643.03     1699.4    15100    448.60      591.6    11400      233.72     6926        0      965
      28    28771.4  32353.6    1088.37      10717       19400   643.16     1703.0    16400    448.41      588.0    10700      232.53     6545        0      163
      29    28848.9  32276.1    1088.03      10688       22500   643.53     1713.4    16200    448.59      591.5     9580      231.02     6078       12      223
      30    28941.8  32183.2    1087.65      10655       24300   644.10     1729.0    16200    448.61      591.8    10800      230.78     6007        0        0
      31    29037.9  32087.1    1087.46      10639       16300   644.01     1726.4    16600    448.48      589.3    11300      230.61     5956       14        0

TOTAL                                                   547200                       515100                        350250                          5509     4325
AVE.                                                     17650                        16620                         11300                           178      140
AC FT                                                  1085000                      1022000                        695000                         10927     8579

      * BOTTOM OF EXCLUSIVE FLOOD CONTROL SPACE
     ** INCLUDES FONTENELLE AND CRYSTAL RESERVOIRS

                                                                      BUREAU OF RECLAMATION
                                                                      LOWER COLORADO REGION
                                                                      BOULDER CITY, NEVADA

                                             COLORADO RIVER STORAGE PROJECT DATA (operational) FOR MAY 2014

                   LAKE POWELL          |        FLAMING GORGE        |          NAVAJO            |      BLUE MESA             |     MORROW POINT
             MAX. STORAGE 24322000 AF   |  MAX. STORAGE 3749000 AF    | MAX. STORAGE 1696000 AF    | MAX. STORAGE 829500 AF     | MAX. STORAGE 117025 AF  
    COMPUTED MAX. ELEV. 3700.0 FEET     |  MAX. ELEV. 6040.0 FEET     | MAX. ELEV. 6085.0 FEET     | MAX. ELEV. 7519.4 FEET     | MAX. ELEV. 7160.0 FEET
     INFLOW  ELEVATION CONTENT  RELEASE |  ELEVATION CONTENT  RELEASE | ELEVATION CONTENT  RELEASE | ELEVATION CONTENT  RELEASE | ELEVATION CONTENT  RELEASE
DATE FT3/S   (FEET)  (1000 AF)   FT3/S  |  (FEET)  (1000 AF)   FT3/   |(FEET)  (1000 AF)   FT3/S   | (FEET)  (1000 AF)   FT3/S  |(FEET)  (1000 AF)   FT3/S
------------------------------------------------------------------------------------------------------------------------------------------------------------
   1  21700   3577.84    9756     8400      6019.83   2970      850      6034.41   1050      260     7480.76    511.5     780     7146.03    106.0     990
   2  22100   3578.13    9780     8400      6019.89   2980      820      6034.48   1050      270     7481.04    513.6     800     7146.03    106.0    1020
   3  19600   3578.38    9801     7700      6019.95   2980      820      6034.57   1060      270     7481.40    516.2     790     7146.20    106.2     980
   4  19700   3578.64    9823     7300      6020.01   2980      820      6034.69   1060      270     7481.86    519.6     750     7146.56    106.4    1000
   5  16300   3578.80    9837     8500      6020.09   2980      820      6034.87   1060      270     7482.58    525.0     540     7147.03    106.8     740
   6  14900   3578.93    9848     8500      6020.17   2990      820      6035.08   1060      270     7483.37    530.8     400     7147.24    106.9     850
   7  15700   3579.08    9861     8400      6020.25   2990      820      6035.37   1060      260     7484.25    537.4     340     7147.20    106.9     820
   8  20900   3579.34    9883     8400      6020.35   2990      820      6035.64   1070      260     7485.06    543.5     400     7146.95    106.7     930
   9  21900   3579.62    9907     8500      6020.53   3000      820      6035.86   1070      260     7485.72    548.5     560     7146.59    106.4    1020
  10  25300   3579.99    9939     7700      6020.71   3000      820      6035.98   1070      260     7486.25    552.5     640     7145.92    105.9    1150
  11  25500   3580.37    9971     7400      6020.89   3010      820      6036.10   1070      260     7486.81    556.8     760     7145.82    105.9    1170
  12  30300   3580.83   10011     8400      6021.03   3020      820      6036.33   1070      260     7487.36    561.0     640     7145.68    105.8     970
  13  25200   3581.18   10041     8400      6021.17   3020      820      6036.52   1080      260     7487.79    564.3     880     7146.02    106.0    1040
  14  27100   3581.57   10075     8400      6021.43   3030      820      6036.65   1080      260     7488.20    567.4     710     7145.84    105.9     960
  15  24900   3581.91   10104     8500      6021.67   3040      820      6036.71   1080      270     7488.49    569.7    1000     7146.08    106.1    1150
  16  23200   3582.21   10130     8700      6021.91   3050      820      6036.74   1080      280     7488.82    572.2     810     7145.96    106.0    1050
  17  21800   3582.50   10155     7800      6022.13   3060      820      6036.83   1080      280     7489.12    574.5    1070     7146.10    106.1    1270
  18  20400   3582.77   10179     7200      6022.33   3060      820      6036.94   1080      270     7489.53    577.7    1130     7146.97    106.7    1160
  19  19500   3583.00   10199     8200      6022.54   3070      820      6037.16   1080      270     7490.00    581.3    1330     7148.38    107.8    1200
  20  16600   3583.17   10214     8100      6022.75   3080      820      6037.48   1090      270     7490.68    586.6    1150     7150.16    109.2     960
  21  17600   3583.36   10230     8200      6023.01   3090      820      6037.84   1090      270     7491.73    594.9     370     7150.88    109.8     650
  22  19800   3583.60   10251     8000      6023.35   3100      820      6038.32   1090      270     7492.87    603.9     240     7151.51    110.3     530
  23  29000   3584.03   10289     8100      6023.63   3110      820      6038.76   1100      270     7494.06    613.3     240     7151.80    110.5     680
  24  29400   3584.48   10328     7500      6023.89   3120      820      6039.21   1100      270     7495.16    622.1     730     7151.84    110.5    1230
  25  36300   3585.08   10381     7200      6024.13   3130      820      6039.61   1110      280     7496.28    631.1    1100     7151.71    110.4    1770
  26  34600   3585.64   10430     7300      6024.39   3140      820      6039.99   1110      280     7497.12    637.9    1680     7151.06    109.9    2380
  27  39300   3586.28   10487     8100      6024.63   3150      820      6040.29   1120      300     7497.81    643.4    2470     7151.02    109.9    2980
  28  44600   3587.03   10554     7900      6024.91   3160      820      6040.71   1120      320     7498.59    649.8    3070     7152.48    111.0    3080
  29  40500   3587.69   10613     8100      6025.13   3170      810      6041.26   1130      320     7499.66    658.6    3060     7153.20    111.6    3620
  30  47500   3588.49   10684     8100      6025.39   3170     1040      6042.00   1130      320     7500.78    667.8    3440     7152.86    111.3    4290
  31  51500   3589.38   10764     7500      6025.67   3190     1790      6042.68   1140      320     7501.73    675.6    4490     7152.55    111.1    5290

TOT  822700                     248900                        26630                         8550                        36370                        46930
AVE   26539                       8030                          860                          280                         1170                         1510
A F 1631800                     494000                        53000                        17000                        72100                        93100






                                          BUREAU OF RECLAMATION
                                          LOWER COLORADO REGION
                                          BOULDER CITY, NEVADA

                                     GLEN CANYON TO HOOVER DAM LOSSES

                                                MAY 2014

                      |           | LAKE    |         |   LAKE|    LAKE   |  CHANGE |
               GLEN   |    HOOVER | MEAD    |  STORAGE|   MEAD|    MEAD   |   BANK  |       |          |
              RELEASE |    RELEASE| STORAGE |  CHANGE |PUMPING|EVAPORATION| STORAGE |  LOSS |  ACCUMUL.|  INFLOW
   DATE |      CFS    |     CFS   | 1000 AF |  1000 AF|    CFS|     CFS   |    CFS  |   CFS |     A.F. |   CFS
--------------------------------------------------------------------------------------------------------------------
      1         8400       14100     11240       -14       541       754      -459       841      1668      7880
      2         8400       18700     11220       -20       685       753      -655      -765       151      9400
      3         7700       18200     11197       -23       692       753      -754      1101      2335      7300
      4         7300       14900     11185       -12       699       752      -393     -1514      -667      9910
      5         8500       17700     11165       -20       695       752      -655      -678     -2012      8410
      6         8500       15700     11146       -19       701       751      -623       346     -1326      6950
      7         8400       14500     11136       -10       726       750      -328     -2117     -5525     10600
      8         8400       16500     11116       -20       709       750      -655      1244     -3057      7220
      9         8500       13200     11109        -7       732       750      -229     -2516     -8048     10900
     10         7700       15000     11098       -11       721       749      -360     -2117    -12248     10600
     11         7400       10700     11086       -12       724       749      -393      2762     -6770      5730
     12         8400       16500     11071       -15       712       749      -492     -2216    -11165      9910
     13         8400       18100     11047       -24       702       748      -786       711     -9755      6660
     14         8400       22000     11022       -25       715       747      -819     -1643    -13015     10000
     15         8500       20900     10991       -31       720       746     -1016      2630     -7798      5720
     16         8700       23300     10962       -29       724       745      -950      -789     -9363      9200
     17         7800       18700     10944       -18       705       745      -590     -2029    -13388     10500
     18         7200       13700     10929       -15       675       744      -492      1599    -10217      7060
     19         8200       15300     10913       -16       717       744      -524      -420    -11049      8170
     20         8100       16000     10894       -19       695       743      -623       -54    -11156      7240
     21         8200       22800     10867       -27       747       742      -885     -1630    -14389      9790
     22         8000       25200     10831       -36       800       741     -1180       709    -12983      7410
     23         8100       19700     10808       -23       784       740      -754      -671    -14314      8870
     24         7500       14800     10796       -12       801       740      -393     -1871    -18025      9900
     25         7200       17200     10774       -22       797       739      -721      1203    -15640      6920
     26         7300       16700     10755       -19       771       739      -623      -467    -16566      8010
     27         8100       14600     10741       -14       676       738      -459     -1296    -19137      8500
     28         7900       19400     10717       -24       711       737      -786      -694    -20515      7960
     29         8100       22500     10688       -29       672       737      -950      -261    -21032      8340
     30         8100       24300     10655       -33       682       736     -1081       -63    -21156      8000
     31         7500       16300     10639       -16       675       735      -524     -1053    -23243      9120

    TOTAL     248700      547310                         22106     23098                        -23244    262200






