<pre>
                                                                    BUREAU OF RECLAMATION
                                                                    LOWER COLORADO REGION
                                                                    BOULDER CITY, NEVADA

                                                               ACCUMULATIONS FOR MAY 2000

    |GLEN CANYON    |                         HOOVER DAM         |             DAVIS DAM           |      MWD       |            PARKER DAM              |
    |               |  LAKE                                      |LAKE                             |                | LAKE                               |   C.A.P.
    |         ACCUM.|  MEAD    HOOVER RELEASE        GROSS  RATE |MOHAVE      DAVIS RELEASE   GROSS|DIVER. AT INTAKE| HAVASU     PARKER RELEASE     GROSS| DIVER. ACCUM.
DAY |   CFS    A.F. |  ELEV.   CFS    A.F.   ACCUM.   GEN  KWH/AF|ELEV   CFS   A.F.   ACCUM.  GEN  | A.F. ACCUM.    | ELEV    CFS    A.F.   ACCUM.  GEN. | A.F.   A.F.
----------------------------------------------------------------------------------------------------------------------------------------------------------------------
  1   16300   32331   1208.67  23695  46999   46999  23207  494  643.21  17720  35154   35154  4411  3515   3515    447.84  14470  28695    28695   1865   5361   5361
  2   17000   66050   1208.56  22806  45234   92234  22210  491  643.44  17740  35190   70344  4418  3535   7050    447.88  14490  28741    57436   1862   5792  11153
  3   29000  123570   1208.51  20343  40350  132584  19957  495  643.42  19900  39471  109815  4415  3307  10357    447.85  14970  29696    87132   1933   5994  17147
  4   30100  183273   1208.48  19280  38240  170824  18800  492  643.56  17740  35177  144992  4402  2975  13332    448.45  11460  22740   109872   1431   5543  22690
  5   30100  242975   1208.63  16671  33067  203891  16118  487  643.29  19200  38083  183075  4404  3929  17261    448.34  15480  30697   140569   1987   5997  28687
  6   29800  302083   1208.76  18710  37111  241002  18238  491  643.25  19000  37686  220761  4374  3595  20856    448.19  15460  30663   171232   1923   6244  34931
  7   19500  340760   1208.91  14693  29144  270146  14142  485  643.00  19000  37686  258447  4411  3473  24329    448.15  14510  28776   200008   1877   6240  41171
  8   19000  378446   1209.01  20200  40065  310211  19445  485  643.11  17750  35211  293658  4414  3507  27836    448.09  13960  27696   227704   1784   5879  47050
  9   17000  412165   1208.95  24485  48565  358777  24020  495  643.39  18000  35702  329360  4402  3527  31363    448.03  13970  27709   255413   1810   6042  53092
 10   17000  445884   1208.77  24295  48188  406965  23977  498  643.89  17700  35105  364465  4394  3472  34835    447.98  13980  27728   283141   1822   5962  59054
 11   16900  479405   1208.77  19161  38004  444969  18691  492  643.99  17630  34961  399426  4401  3534  38369    448.05  11990  23783   306924   1556   5878  64932
 12   17000  513124   1208.70  19759  39191  484161  19366  494  644.07  18000  35702  435128  4401  3527  41896    447.96  13970  27702   334626   1801   6001  70933
 13   17000  546843   1208.73  14651  29060  513220  14071  484  643.77  18000  35702  470830  4393  3530  45426    447.83  14020  27817   362443   1825   6203  77136
 14   17000  580562   1208.77  12537  24868  538088  11773  473  643.32  18000  35702  506532  4374  3509  48935    447.66  14480  28725   391168   1866   6235  83371
 15   17000  614281   1208.69  20707  41072  579160  20158  491  643.36  17730  35161  541693  4397  3799  52734    447.65  13510  26801   417969   1742   5323  88694
 16   16900  647802   1208.62  20361  40386  619547  19835  491  643.53  17740  35185  576878  4406  3805  56539    447.61  14000  27764   445733   1792   5587  94281
 17   17000  681521   1208.55  21065  41781  661328  20600  493  643.72  18600  36893  613771  4416  3922  60461    447.53  14520  28800   474533   1869   5781 100062
 18   17000  715240   1208.47  22988  45596  706925  22555  495  644.09  17440  34585  648356  4338  3840  64301    447.87   9450  18742   493275   1215   5790 105852
 19   12800  740628   1208.39  23633  46875  753800  23142  494  644.06  17740  35195  683551  4437  3695  67996    447.85  13500  26775   520050   1753   5795 111647
 20   17000  774347   1208.32  20674  41005  794805  20199  493  644.39  18100  35901  719452  3717  3516  71512    447.81  13460  26702   546752   1754   5993 117640
 21   17000  808066   1208.25  22539  44706  839512  22004  492  644.55  18800  37289  756741  3353  3499  75011    447.82  13470  26708   573460   1753   5122 122762
 22   17000  841785   1208.15  25657  50890  890402  25204  495  644.90  14610  28979  785720  3572  2950  77961    447.81  13980  27732   601192   1813   4799 127561
 23   19000  879471   1208.02  22549  44725  935127  21980  491  645.00  21300  42248  827968  4385  3456  81417    447.92  13960  27688   628880   1814   5696 133257
 24   18900  916959   1208.02  16744  33212  968339  16047  483  644.64  17970  35643  863611  4518  3514  84931    448.10  13980  27727   656607   1820   6242 139499
 25   19000  954645   1208.01  20246  40157 1008496  19662  490  644.68  19600  38876  902487  4550  3524  88455    448.67   9470  18791   675398   1202   6242 145741
 26   18900  992132   1207.95  20512  40684 1049181  19975  491  644.78  17900  35504  937991  4477  3526  91981    448.74  12980  25740   701138   1678   6256 151997
 27   16800 1025454   1207.88  22554  44735 1093916  21981  491  645.09  17590  34889  972880  4407  3970  95951    448.68  13500  26769   727907   1753   6198 158195
 28   13500 1052231   1207.84  19300  38281 1132197  18457  482  645.07  18900  37488 1010368  4740  3945  99896    448.58  13490  26762   754669   1752   5983 164178
 29   13500 1079008   1207.81  17937  35578 1167775  17260  485  645.11  18800  37289 1047657  4745  3950 103846    448.57  13500  26777   781446   1759   6254 170432
 30   13400 1105587   1207.77  16031  31797 1199572  15349  483  644.75                        5017  3465 107311    448.54  13500  26782   808228   1773   6007 176439
 31   12900 1131173   1207.67  18086  35873 1235445  17535  489  644.75  17700  35107          4404  3455 110766    448.67  13450  26683   834911   1760   5919 182358

TOTAL                                               605958                                   135493                                                54342









                                                                    BUREAU OF RECLAMATION
                                                                    LOWER COLORADO REGION
                                                                    BOULDER CITY, NEVADA

                                                     AVAILABLE RESERVOIR ELEVATIONS AND CONTENTS FOR MAY 2000

                                        LAKE MEAD                      LAKE MOHAVE                      LAKE HAVASU                        SENATOR WASH
  AVAILABLE CAPACITY IN A.F.            *25877000                        1809800                           619400                              9144
  ELEVATION IN FEET                        1219.6                          647.0                            450.0                             240.0

           TOTAL     TOTAL    |             HOOVER            |            DAVIS            |             PARKER            |             SENATOR WASH
          SYSTEM    AVAILABLE |ELEVATION    CONTENT   RELEASE |ELEVATION   CONTENT  RELEASE |ELEVATION    CONTENT   RELEASE | ELEVATION   CONTENT  PUMPED   RELEASE
     DAY  STORAGE**   SPACE   |  FEET       1000A.F.    ft3/s |  FEET      1000A.F.  ft3/s  |   FEET      1000A.F.  ft3/s   |  FEET        A.F.     ft3/s    ft3/s
-----------------------------------------------------------------------------------------------------------------------------------------------------------------------------
       1    52704.5   8177.5    1208.67      24197       23700   643.21     1704.4    17700    447.84      576.9    14500      229.55     5645        4        0
       2    52701.4   8180.7    1208.56      24180       22800   643.44     1710.7    17700    447.88      577.8    14500      229.19     5541        0        0
       3    52676.7   8205.3    1208.51      24173       20300   643.42     1710.4    19900    447.85      577.2    15000      227.48     5065        0      200
       4    52678.7   8203.3    1208.48      24168       19300   643.56     1714.2    17700    448.45      588.8    11500      224.87     4384        0      311
       5    52689.1   8193.0    1208.63      24190       16700   643.29     1706.7    19200    448.34      586.7    15500      228.12     5240      463        0
       6    52700.6   8181.5    1208.76      24210       18700   643.25     1705.6    19000    448.19      583.6    15500      229.55     5645      233        0
       7    52745.0   8137.0    1208.91      24233       14700   643.00     1698.6    19000    448.15      582.8    14500      229.77     5708       82        0
       8    52796.4   8085.6    1209.01      24248       20200   643.11     1701.6    17800    448.09      581.8    14000      229.40     5602        1        0
       9    52828.0   8054.1    1208.95      24238       24500   643.39     1709.6    18000    448.03      580.6    14000      229.02     5492        0        0
      10    52847.8   8034.3    1208.77      24212       24300   643.89     1723.3    17700    447.98      579.6    14000      229.69     5685      145        0
      11    52891.6   7990.4    1208.77      24212       19200   643.99     1725.9    17600    448.05      580.9    12000      225.30     4492        0      625
      12    52916.5   7965.5    1208.70      24201       19800   644.07     1728.2    18000    447.96      579.3    14000      223.58     4069       98      269
      13    52933.2   7948.8    1208.73      24205       14700   643.77     1720.0    18000    447.83      576.7    14000      226.35     4763      381        0
      14    52949.3   7932.7    1208.77      24212       12500   643.32     1707.5    18000    447.66      573.7    14500      229.85     5732      485        0
      15    52957.2   7924.8    1208.69      24199       20700   643.36     1708.5    17700    447.65      573.4    13500      229.42     5608        0        0
      16    52963.8   7918.3    1208.62      24189       20400   643.53     1713.3    17700    447.61      572.6    14000      229.05     5501        0        0
      17    52962.7   7919.3    1208.55      24179       21100   643.72     1718.5    18600    447.53      571.2    14500      228.69     5399        0        0
      18    52976.8   7905.3    1208.47      24166       23000   644.09     1728.7    17400    447.87      577.5     9450      229.84     5792      208        0
      19    52963.7   7918.3    1208.39      24155       23600   644.06     1728.0    17700    447.85      577.2    13500      229.46     5619        0        0
      20    52959.8   7922.2    1208.32      24144       20700   644.39     1736.9    18100    447.81      576.5    13500      229.11     5518        0        0
      21    52949.7   7932.4    1208.25      24133       22500   644.55     1741.4    18800    447.82      576.5    13500      229.88     5740      156        0
      22    52947.0   7935.1    1208.15      24119       25700   644.90     1751.1    14600    447.81      576.4    14000      229.47     5622        0        0
      23    52931.7   7950.4    1208.02      24099       22500   645.00     1753.8    21300    447.92      578.6    14000      229.05     5501        0        0
      24    52926.7   7955.4    1208.02      24099       16700   644.64     1744.0    18000    448.10      582.0    14000      228.72     5508        0        0
      25    52955.3   7926.8    1208.01      24098       20200   644.68     1744.9    19600    448.67      593.1     9470      228.35     5304        0        0
      26    52976.6   7905.4    1207.95      24088       20500   644.78     1747.9    17900    448.74      594.3    13000      229.19     5541      168        0
      27    53002.8   7879.3    1207.88      24078       22600   645.09     1756.5    17600    448.68      593.3    13500      229.60     5659       98        0
      28    53037.1   7844.9    1207.84      24072       19300   645.07     1756.0    18900    448.58      591.3    13500      229.26     5561        0        0
      29    53082.9   7799.2    1207.81      24068       17900   645.11     1756.8    18800    448.57      591.1    13500      230.00     5775      164        0
      30    53111.6   7770.5    1207.77      24062       16000   644.75     1746.8             448.54      590.6    13500      229.61     5662        0        0
      31    53148.3   7733.8    1207.67      24047       18100   644.75     1746.9    17700    448.67      593.1    13500      229.23     5553        0        0

TOTAL                                                   622900                       545700                        421420                          2686     1405
AVE.                                                     20090                        17600                         13590                            87       45
AC FT                                                  1236000                      1082000                        836000                          5328     2787

      * BOTTOM OF EXCLUSIVE FLOOD CONTROL SPACE
     ** INCLUDES FONTENELLE AND CRYSTAL RESERVOIRS

                                                                      BUREAU OF RECLAMATION
                                                                      LOWER COLORADO REGION
                                                                      BOULDER CITY, NEVADA

                                             COLORADO RIVER STORAGE PROJECT DATA (operational) FOR MAY 2000

                   LAKE POWELL          |        FLAMING GORGE        |          NAVAJO            |      BLUE MESA             |     MORROW POINT
             MAX. STORAGE 24322000 AF   |  MAX. STORAGE 3749000 AF    | MAX. STORAGE 1696000 AF    | MAX. STORAGE 829500 AF     | MAX. STORAGE 117025 AF  
    COMPUTED MAX. ELEV. 3700.0 FEET     |  MAX. ELEV. 6040.0 FEET     | MAX. ELEV. 6085.0 FEET     | MAX. ELEV. 7519.4 FEET     | MAX. ELEV. 7160.0 FEET
     INFLOW  ELEVATION CONTENT  RELEASE |  ELEVATION CONTENT  RELEASE | ELEVATION CONTENT  RELEASE | ELEVATION CONTENT  RELEASE | ELEVATION CONTENT  RELEASE
DATE FT3/S   (FEET)  (1000 AF)   FT3/S  |  (FEET)  (1000 AF)   FT3/   |(FEET)  (1000 AF)   FT3/S   | (FEET)  (1000 AF)   FT3/S  |(FEET)  (1000 AF)   FT3/S
------------------------------------------------------------------------------------------------------------------------------------------------------------
   1  19900   3676.02   20684    16300      6025.99   3200     1840      6073.40   1530      500     7488.13    566.9    1290     7155.29    113.2    1440
   2  20400   3676.03   20686    17000      6025.99   3200     1850      6073.52   1530      500     7488.44    569.3    1290     7155.78    113.6    1360
   3  19000   3675.87   20663    29000      6025.98   3200     1770      6073.70   1530      500     7488.94    573.1    1060     7155.95    113.8    1300
   4  18600   3675.74   20644    30100      6026.00   3200     1850      6073.92   1540      500     7489.64    578.5     730     7155.70    113.6    1150
   5  20000   3675.64   20630    30100      6026.02   3200     1910      6074.16   1540      500     7490.43    584.7     810     7155.53    113.4    1230
   6  22700   3675.53   20614    29800      6025.97   3200     1850      6074.44   1540      500     7491.27    591.3     960     7155.74    113.6    1320
   7  24400   3675.64   20630    19500      6026.00   3200     1850      6074.66   1550      500     7492.21    598.6     340     7154.74    112.8    1190
   8  25700   3675.77   20649    19000      6026.00   3200     1870      6074.88   1550      500     7493.19    606.4    1170     7156.27    114.0    1170
   9  26900   3675.92   20670    17000      6025.99   3200     1860      6075.08   1550      500     7494.15    614.0     280     7155.29    113.2    1160
  10  28300   3676.08   20693    17000      6026.02   3200     1850      6075.22   1550      500     7494.94    620.3     350     7155.78    113.6     590
  11  30800   3676.30   20724    16900      6026.00   3200     1860      6075.35   1560      500     7495.78    627.0       0     7154.27    112.4    1050
  12  30100   3676.48   20750    17000      6026.00   3200     1860      6075.48   1560      500     7496.60    633.7     110     7151.90    110.6    1480
  13  28100   3676.59   20766    17000      6025.99   3200     1870      6075.64   1560      500     7497.27    639.1     180     7150.01    109.1    1260
  14  27800   3676.73   20786    17000      6025.99   3200     1870      6075.74   1560      500     7497.79    643.3     500     7148.24    107.7    1490
  15  27000   3676.84   20802    17000      6025.97   3200     1870      6075.82   1560      500     7498.04    645.3    1430     7148.87    108.2    1430
  16  24600   3676.92   20813    16900      6025.94   3200     2320      6075.88   1560      500     7498.24    646.9    1430     7149.41    108.6    1480
  17  22300   3676.96   20819    17000      6025.89   3190     3070      6075.92   1560      500     7498.61    650.0     910     7148.65    108.0    1500
  18  22300   3677.04   20830    17000      6025.80   3190     3130      6075.98   1570      500     7498.71    650.8    1930     7147.42    107.1    2790
  19  20800   3677.07   20834    12800      6025.73   3190     3110      6076.02   1570      500     7498.71    650.8    1750     7146.16    106.1    2270
  20  19800   3677.10   20839    17000      6025.65   3180     3130      6076.04   1570      500     7498.60    649.9    2600     7145.66    105.7    2970
  21  19200   3677.11   20840    17000      6025.57   3180     3140      6076.10   1570      500     7498.34    647.8    3160     7144.35    104.8    3900
  22  18400   3677.15   20846    17000      6025.48   3180     3440      6076.16   1570      500     7497.95    644.6    4510     7147.75    107.3    3440
  23  18700   3677.17   20849    19000      6025.34   3170     4230      6076.28   1570      500     7497.93    644.4    3220     7147.56    107.2    3430
  24  20000   3677.16   20847    18900      6025.17   3170     4610      6076.46   1570      500     7498.21    646.7    3160     7151.62    110.3    2190
  25  21500   3677.23   20857    19000      6025.05   3160     4590      6076.60   1570      500     7498.79    651.4    2430     7154.81    112.9    1740
  26  23500   3677.35   20875    18900      6024.92   3160     4600      6076.74   1580      500     7499.50    657.2     910     7154.29    112.4    1570
  27  27300   3677.50   20896    16800      6024.76   3150     4600      6076.82   1580      500     7500.01    661.4    1110     7154.76    112.8    1280
  28  28600   3677.74   20931    13500      6024.60   3150     4590      6076.94   1580      500     7500.53    665.7    1250     7155.15    113.1    1520
  29  28400   3678.00   20968    13500      6024.50   3140     4600      6077.08   1580      500     7501.34    672.4     870     7155.13    113.1    1370
  30  28400   3678.24   21003    13400      6024.34   3140     4600      6077.16   1580     1340     7502.24    679.9     830     7156.16    113.9     940
  31  31300   3678.53   21045    12900      6024.17   3130     4580      6077.04   1580     2350     7503.23    688.1     310     7156.13    113.9     800

TOT  744800                     570300                        90170                        18190                        40880                        51810
AVE   24026                      18400                         2910                          590                         1320                         1670
A F 1477300                    1131000                       179000                        36100                        81100                       102800






                                          BUREAU OF RECLAMATION
                                          LOWER COLORADO REGION
                                          BOULDER CITY, NEVADA

                                     GLEN CANYON TO HOOVER DAM LOSSES

                                                MAY 2000

                      |           | LAKE    |         |   LAKE|    LAKE   |  CHANGE |
               GLEN   |    HOOVER | MEAD    |  STORAGE|   MEAD|    MEAD   |   BANK  |       |          |
              RELEASE |    RELEASE| STORAGE |  CHANGE |PUMPING|EVAPORATION| STORAGE |  LOSS |  ACCUMUL.|  INFLOW
   DATE |      CFS    |     CFS   | 1000 AF |  1000 AF|    CFS|     CFS   |    CFS  |   CFS |     A.F. |   CFS
--------------------------------------------------------------------------------------------------------------------
      1        16300       23700     24197       -16                1293      -524                              
      2        17000       22800     24180       -17                1293      -557                              
      3        29000       20300     24173        -7                1293      -229                              
      4        30100       19300     24168        -5                1293      -164                              
      5        30100       16700     24190        22                1293       721                              
      6        29800       18700     24210        20                1293       655                              
      7        19500       14700     24233        23                1293       754                              
      8        19000       20200     24248        15                1293       492                              
      9        17000       24500     24238       -10                1293      -328                              
     10        17000       24300     24212       -26                1293      -852                              
     11        16900       19200     24212         0                1293         0                              
     12        17000       19800     24201       -11                1293      -360                              
     13        17000       14700     24205         4                1293       131                              
     14        17000       12500     24212         7                1293       229                              
     15        17000       20700     24199       -13                1293      -426                              
     16        16900       20400     24189       -10                1293      -328                              
     17        17000       21100     24179       -10                1293      -328                              
     18        17000       23000     24166       -13                1293      -426                              
     19        12800       23600     24155       -11                1293      -360                              
     20        17000       20700     24144       -11                1293      -360                              
     21        17000       22500     24133       -11                1293      -360                              
     22        17000       25700     24119       -14                1293      -459                              
     23        19000       22500     24099       -20                1293      -655                              
     24        18900       16700     24099         0                1293         0                              
     25        19000       20200     24098        -1                1293       -33                              
     26        18900       20500     24088       -10                1293      -328                              
     27        16800       22600     24078       -10                1293      -328                              
     28        13500       19300     24072        -6                1293      -197                              
     29        13500       17900     24068        -4                1293      -131                              
     30        13400       16000     24062        -6                1293      -197                              
     31        12900       18100     24047       -15                1293      -492                              

    TOTAL     570000      622870                             0     40083                       -191919         0







</pre>