<pre>
                                                                    BUREAU OF RECLAMATION
                                                                    LOWER COLORADO REGION
                                                                    BOULDER CITY, NEVADA

                                                               ACCUMULATIONS FOR MAY 2020

    |GLEN CANYON    |                         HOOVER DAM         |             DAVIS DAM           |      MWD       |            PARKER DAM              |
    |               |  LAKE                                      |LAKE                             |                | LAKE                               |   C.A.P.
    |         ACCUM.|  MEAD    HOOVER RELEASE        GROSS  RATE |MOHAVE      DAVIS RELEASE   GROSS|DIVER. AT INTAKE| HAVASU     PARKER RELEASE     GROSS| DIVER. ACCUM.
DAY |   CFS    A.F. |  ELEV.   CFS    A.F.   ACCUM.   GEN  KWH/AF|ELEV   CFS   A.F.   ACCUM.  GEN  | A.F. ACCUM.    | ELEV    CFS    A.F.   ACCUM.  GEN. | A.F.   A.F.
----------------------------------------------------------------------------------------------------------------------------------------------------------------------
  1   10200   20231   1096.22  18052  35805   35805  14561  407  642.81  18470  36635   36635  4553  1528   1528    447.42  14100  27965    27965   1924   6037   6037
  2   10000   40066   1096.15  14062  27892   63697  11361  407  642.51  18480  36664   73299  4523  1536   3064    447.48  13800  27376    55341   1905   6045  12082
  3   10000   59901   1096.08  14543  28846   92543  11701  406  642.45  14800  29361  102660  3633  1543   4607    447.43  13800  27364    82705   1906   6044  18126
  4   10500   80727   1095.90  18992  37671  130214  15371  408  642.66  16000  31732  134392  3944  1550   6157    447.25  13000  25785   108490   1790   5835  23961
  5   10500  101554   1095.70  19401  38482  168696  15636  406  642.78  16790  33311  167703  4131  1557   7714    447.29  11500  22815   131305   1595   6039  30000
  6   10500  122380   1095.52  17865  35434  204130  14344  405  642.81  17310  34328  202031  4245  1938   9652    447.53  11400  22621   153926   1575   6049  36049
  7   10600  143405   1095.29  19839  39349  243479  15921  405  643.01  17310  34332  236363  4259  2059  11711    447.82   9500  18841   172767   1311   6046  42095
  8   10400  164033   1095.06  20015  39700  283179  15849  399  643.31  16000  31739  268102  3944  2053  13764    447.85  11810  23416   196183   1628   6058  48153
  9   10000  183868   1094.92  16563  32853  316033  13309  405  643.28  16100  31926  300028  3971  2046  15810    447.46  14390  28542   224725   1955   6051  54204
 10   10000  203702   1094.82  15540  30823  346856  12533  407  643.25  16110  31944  331972  3976  2038  17848    447.18  14010  27779   252504   1896   5947  60151
 11   10500  224529   1094.62  15929  31595  378450  12751  404  643.03  16600  32921  364893  4091  2030  19878    447.01  13300  26379   278883   1799   5663  65814
 12   10600  245554   1094.49  16636  32997  411448  13296  403  643.08  16390  32504  397397  4011  2023  21901    446.76  13900  27572   306455   1879   5747  71561
 13   10400  266182   1094.37  15895  31527  442975  12751  404  643.10  16390  32508  429905  4013  2015  23916    446.78  11690  23194   329649   1596   6038  77599
 14   10400  286810   1094.21  16309  32349  475323  12919  399  642.99  16650  33032  462937  4089  2010  25926    447.19   9210  18267   347916   1252   6045  83644
 15   10500  307636   1094.09  15987  31710  507034  12700  401  642.96  16570  32861  495798  4059  2004  27930    447.04  12300  24398   372314   1676   6035  89679
 16   10000  327471   1094.00  14135  28037  535070  11335  404  642.76  16600  32926  528724  4084  1996  29926    446.99  13200  26178   398492   1779   6031  95710
 17   10000  347306   1093.90  14275  28314  563384  11418  403  642.59  16620  32956  561680  4083  1989  31915    446.99  11490  22799   421291   1586   6028 101738
 18   10400  367934   1093.74  15957  31650  595034  12773  404  642.60  15770  31280  592960  3866  1631  33546    447.25  12230  24251   445542   1651   1807 103545
 19   10300  388364   1093.60  15621  30984  626018  12488  403  642.60  15790  31321  624281  3866  1518  35064    447.27  12880  25556   471098   1751   4031 107576
 20   10800  409785   1093.45  15117  29984  656002  12034  401  642.45  16000  31739  656020  3923  1524  36588    447.03  13200  26176   497274   1783   6038 113614
 21   10400  430413   1093.29  18525  36743  692745  14741  401  642.53  16390  32515  688535  4020  1531  38119    447.56   7400  14677   511951   1007   6044 119658
 22   10600  451438   1093.13  16164  32061  724806  12785  399  642.45  16400  32527  721062  4024  1564  39683    447.47  12300  24389   536340   1695   6045 125703
 23    9600  470479   1093.01  16027  31788  756594  12732  401  642.35  17000  33712  754774  4172  2018  41701    447.39  12900  25581   561921   1760   6044 131747
 24    9600  489521   1092.87  15716  31172  787766  12415  398  642.32  17000  33716  788490  4169  2012  43713    447.20  13700  27168   589089   1857   6041 137788
 25    9600  508562   1092.68  17902  35508  823274  14078  396  642.28  17000  33712  822202  4159  1955  45668    447.24  12000  23798   612887   1647   5944 143732
 26   10100  528595   1092.45  20431  40524  863798  16150  399  642.64  15990  31721  853923  3919  2277  47945    447.19  12300  24389   637276   1693   5760 149492
 27   10300  549025   1092.13  21410  42467  906265  16745  394  642.86  17000  33717  887640  4178  2397  50342    447.16  11790  23395   660671   1601   6041 155533
 28   10200  569256   1091.88  21070  41792  948057  16591  397  643.13  16980  33683  921323  4178  2392  52734    447.82   6510  12909   673580    896   6054 161587
 29   10400  589884   1091.63  20997  41648  989705  16530  397  643.31  17400  34514  955837  4298  2717  55451    447.70  12900  25580   699160   1756   6051 167638
 30    9900  609521   1091.47  17087  33892 1023597  13490  398  643.26  17990  35692  991529  4430  2843  58294    447.61  12700  25194   724354   1749   6055 173693
 31    9900  629157   1091.32  16802  33327 1056924  13075  392  643.17  16990  33703 1025232  4183  2854  61148    447.51  13790  27344   751698   1896   6053 179746

TOTAL                                               424383                                   126995                                                51794









                                                                    BUREAU OF RECLAMATION
                                                                    LOWER COLORADO REGION
                                                                    BOULDER CITY, NEVADA

                                                     AVAILABLE RESERVOIR ELEVATIONS AND CONTENTS FOR MAY 2020

                                        LAKE MEAD                      LAKE MOHAVE                      LAKE HAVASU                        SENATOR WASH
  AVAILABLE CAPACITY IN A.F.            *26120000                        1809800                           619400                              9144
  ELEVATION IN FEET                        1219.6                          647.0                            450.0                             240.0

           TOTAL     TOTAL    |             HOOVER            |            DAVIS            |             PARKER            |             SENATOR WASH
          SYSTEM    AVAILABLE |ELEVATION    CONTENT   RELEASE |ELEVATION   CONTENT  RELEASE |ELEVATION    CONTENT   RELEASE | ELEVATION   CONTENT  PUMPED   RELEASE
     DAY  STORAGE**   SPACE   |  FEET       1000A.F.    ft3/s |  FEET      1000A.F.  ft3/s  |   FEET      1000A.F.  ft3/s   |  FEET        A.F.     ft3/s    ft3/s
-----------------------------------------------------------------------------------------------------------------------------------------------------------------------------
       1    30636.8  30488.3    1096.22      11400       18100   642.81     1693.4    18500    447.42      569.1    14100      239.73     9042       67        0
       2    30635.4  30489.6    1096.15      11394       14100   642.51     1685.3    18500    447.48      570.3    13800      238.82     8701       42      142
       3    30640.6  30484.5    1096.08      11388       14500   642.45     1683.7    14800    447.43      569.3    13800      237.99     8396       51      142
       4    30648.2  30476.9    1095.90      11372       19000   642.66     1689.6    16000    447.25      565.8    13000      237.61     8260        0        0
       5    30659.3  30465.7    1095.70      11355       19400   642.78     1692.7    16800    447.29      566.6    11500      237.25     8131        0        0
       6    30673.8  30451.3    1095.52      11339       17900   642.81     1693.4    17300    447.53      571.2    11400      236.96     8027       10        0
       7    30692.6  30432.4    1095.29      11319       19800   643.01     1698.9    17300    447.82      576.7     9500      236.61     7905        0        2
       8    30713.8  30411.2    1095.06      11298       20000   643.31     1707.1    16000    447.85      577.2    11800      236.29     7793        0        0
       9    30726.8  30398.3    1094.92      11286       16600   643.28     1706.4    16100    447.46      569.8    14400      235.97     7681        0        0
      10    30744.8  30380.2    1094.82      11277       15500   643.25     1705.5    16100    447.18      564.5    14000      235.66     7575        0        0
      11    30747.4  30377.6    1094.62      11260       15900   643.03     1699.5    16600    447.01      561.3    13300      235.35     7469        0        0
      12    30753.0  30372.1    1094.49      11248       16600   643.08     1701.0    16400    446.76      556.8    13900      235.04     7364        0        0
      13    30766.0  30359.1    1094.37      11238       15900   643.10     1701.4    16400    446.78      557.0    11700      234.76     7270        0        0
      14    30781.4  30343.6    1094.21      11224       16300   642.99     1698.3    16700    447.19      564.6     9210      234.49     7180        0        0
      15    30790.8  30334.3    1094.09      11213       16000   642.96     1697.5    16600    447.04      561.9    12300      234.22     7091        0        0
      16    30801.1  30323.9    1094.00      11205       14100   642.76     1692.2    16600    446.99      560.9    13200      235.99     7688      363        0
      17    30811.6  30313.5    1093.90      11196       14300   642.59     1687.4    16600    446.99      561.0    11500      239.76     9054      779        0
      18    30824.2  30300.9    1093.74      11182       16000   642.60     1687.7    15800    447.25      565.8    12200      236.36     7817        0      595
      19    30827.3  30297.8    1093.60      11170       15600   642.60     1687.8    15800    447.27      566.3    12900      234.91     7320        0      214
      20    30840.5  30284.6    1093.45      11157       15100   642.45     1683.7    16000    447.03      561.7    13200      234.66     7237        0        0
      21    30870.8  30254.2    1093.29      11143       18500   642.53     1686.0    16400    447.56      571.7     7400      234.44     7163       11        0
      22    30883.5  30241.6    1093.13      11129       16200   642.45     1683.7    16400    447.47      569.9    12300      234.97     7340      485        0
      23    30910.5  30214.5    1093.01      11119       16000   642.35     1681.1    17000    447.39      568.4    12900      236.72     7943       12        0
      24    30926.8  30198.3    1092.87      11106       15700   642.32     1680.0    17000    447.20      564.8    13700      239.91     9110      685        0
      25    30943.8  30181.3    1092.68      11090       17900   642.28     1679.0    17000    447.24      565.7    12000      238.40     8547        0      197
      26    30965.3  30159.8    1092.45      11070       20400   642.64     1689.0    16000    447.19      564.7    12300      235.55     7538        0      498
      27    30964.0  30161.0    1092.13      11042       21400   642.86     1694.9    17000    447.16      564.1    11800      237.30     8149      364        0
      28    30970.8  30154.3    1091.88      11020       21100   643.13     1702.2    17000    447.82      576.6     6510      237.68     8285      136        0
      29    30957.5  30167.6    1091.63      10998       21000   643.31     1707.1    17400    447.70      574.3    12900      237.30     8149        0        0
      30    30958.9  30166.2    1091.47      10984       17100   643.26     1706.0    18000    447.61      572.7    12700      236.92     8013        0        0
      31    30954.7  30170.4    1091.32      10971       16800   643.17     1703.3    17000    447.51      570.8    13800      236.58     7894        0        0

TOTAL                                                   532800                       517100                        379020                          3005     1790
AVE.                                                     17190                        16680                         12230                            97       58
AC FT                                                  1057000                      1026000                        752000                          5960     3550

      * BOTTOM OF EXCLUSIVE FLOOD CONTROL SPACE
     ** INCLUDES FONTENELLE AND CRYSTAL RESERVOIRS

                                                                      BUREAU OF RECLAMATION
                                                                      LOWER COLORADO REGION
                                                                      BOULDER CITY, NEVADA

                                             COLORADO RIVER STORAGE PROJECT DATA (operational) FOR MAY 2020

                   LAKE POWELL          |        FLAMING GORGE        |          NAVAJO            |      BLUE MESA             |     MORROW POINT
             MAX. STORAGE 24322000 AF   |  MAX. STORAGE 3749000 AF    | MAX. STORAGE 1696000 AF    | MAX. STORAGE 829500 AF     | MAX. STORAGE 117025 AF  
    COMPUTED MAX. ELEV. 3700.0 FEET     |  MAX. ELEV. 6040.0 FEET     | MAX. ELEV. 6085.0 FEET     | MAX. ELEV. 7519.4 FEET     | MAX. ELEV. 7160.0 FEET
     INFLOW  ELEVATION CONTENT  RELEASE |  ELEVATION CONTENT  RELEASE | ELEVATION CONTENT  RELEASE | ELEVATION CONTENT  RELEASE | ELEVATION CONTENT  RELEASE
DATE FT3/S   (FEET)  (1000 AF)   FT3/S  |  (FEET)  (1000 AF)   FT3/   |(FEET)  (1000 AF)   FT3/S   | (FEET)  (1000 AF)   FT3/S  |(FEET)  (1000 AF)   FT3/S
------------------------------------------------------------------------------------------------------------------------------------------------------------
   1   8000   3599.27   11681    10200      6026.35   3210      950      6056.19   1300      520     7480.64    510.7    1280     7147.38    107.1    1360
   2  10000   3599.26   11680    10000      6026.43   3210      950      6056.52   1300      530     7480.92    512.7    1110     7147.50    107.1    1310
   3  10400   3599.26   11680    10000      6026.54   3220      950      6056.84   1310      520     7481.24    515.1    1020     7147.34    107.0    1240
   4  15100   3599.34   11687    10500      6026.63   3220      950      6057.15   1310      510     7481.57    517.5    1230     7147.65    107.3    1300
   5  18200   3599.48   11701    10500      6026.69   3220      950      6057.43   1320      520     7481.83    519.4    1180     7147.66    107.3    1370
   6  19200   3599.64   11716    10500      6026.75   3230      950      6057.67   1320      510     7482.03    520.9    1180     7147.90    107.5    1300
   7  21900   3599.85   11736    10600      6026.79   3230      950      6057.90   1320      520     7482.25    522.5    1060     7147.55    107.2    1360
   8  23800   3600.10   11760    10400      6026.85   3230      950      6058.13   1320      520     7482.36    523.3    1410     7148.02    107.5    1360
   9  23400   3600.35   11783    10000      6026.95   3230      950      6058.34   1330      540     7482.47    524.2    1270     7148.21    107.7    1350
  10  24000   3600.61   11808    10000      6027.03   3240      950      6058.51   1330      510     7482.63    525.3    1190     7148.05    107.6    1330
  11  21300   3600.81   11828    10500      6027.11   3240      950      6058.77   1330      520     7482.85    527.0    1320     7148.56    108.0    1290
  12  17800   3600.94   11840    10600      6027.17   3240      950      6058.87   1330      510     7483.06    528.5    1270     7148.96    108.3    1260
  13  17600   3601.07   11852    10400      6027.27   3240      950      6059.04   1340      500     7483.28    530.2    1150     7149.29    108.5    1240
  14  19200   3601.23   11868    10400      6027.35   3250      950      6059.23   1340      500     7483.43    531.3    1270     7149.58    108.7    1340
  15  19300   3601.39   11883    10500      6027.43   3250      950      6059.40   1340      490     7483.49    531.7    1570     7150.16    109.2    1520
  16  20400   3601.58   11901    10000      6027.51   3250      950      6059.53   1340      490     7483.59    532.5    1640     7148.90    108.2    2270
  17  20400   3601.77   11920    10000      6027.60   3260      950      6059.71   1340      500     7483.70    533.3    1640     7146.81    106.6    2580
  18  20300   3601.95   11937    10400      6027.65   3260      950      6059.92   1350      490     7483.57    532.3    2720     7145.76    105.8    3270
  19  16000   3602.05   11947    10300      6027.73   3260      950      6060.18   1350      500     7483.30    530.3    3530     7146.08    106.1    3550
  20  27500   3602.36   11977    10800      6027.81   3270      950      6060.34   1350      500     7482.99    528.0    3880     7147.30    107.0    3680
  21  24100   3602.61   12001    10400      6027.89   3270      950      6060.48   1350      500     7482.86    527.0    3480     7148.03    107.6    3320
  22  23700   3602.85   12024    10600      6027.97   3270      950      6060.61   1360      500     7482.81    526.7    2830     7149.41    108.6    2320
  23  29600   3603.22   12060     9600      6028.03   3270      950      6060.71   1360      510     7482.96    527.8    1940     7148.07    107.6    2580
  24  24800   3603.50   12087     9600      6028.11   3280      950      6060.78   1360      510     7483.19    529.5    1410     7147.17    106.9    1910
  25  25400   3603.79   12115     9600      6028.17   3280      950      6060.87   1360      500     7483.44    531.4    1150     7146.31    106.2    1660
  26  26500   3604.09   12145    10100      6028.21   3280     1920      6060.91   1360      490     7483.68    533.2    1050     7145.65    105.7    1370
  27  25600   3604.37   12172    10300      6027.99   3270     6780      6060.99   1360      500     7483.88    534.6    1290     7146.14    106.1    1230
  28  20200   3604.55   12190    10200      6027.69   3260     8290      6061.06   1360      500     7484.16    536.7    1330     7146.33    106.3    1350
  29  19400   3604.71   12205    10400      6027.33   3250     8630      6061.15   1360      510     7484.55    539.7    1240     7146.50    106.4    1350
  30  23200   3604.95   12229     9900      6026.99   3230     8250      6061.29   1360      510     7485.15    544.2    1190     7146.71    106.5    1270
  31  15700   3605.05   12239     9900      6026.79   3230     7420      6061.48   1370      510     7485.88    549.7    1080     7146.72    106.5    1280

TOT  632000                     317200                        65040                        15740                        49910                        54920
AVE   20387                      10230                         2100                          510                         1610                         1770
A F 1253600                     629000                       129000                        31200                        99000                       108900






                                          BUREAU OF RECLAMATION
                                          LOWER COLORADO REGION
                                          BOULDER CITY, NEVADA

                                     GLEN CANYON TO HOOVER DAM LOSSES

                                                MAY 2020

                      |           | LAKE    |         |   LAKE|    LAKE   |  CHANGE |
               GLEN   |    HOOVER | MEAD    |  STORAGE|   MEAD|    MEAD   |   BANK  |       |          |
              RELEASE |    RELEASE| STORAGE |  CHANGE |PUMPING|EVAPORATION| STORAGE |  LOSS |  ACCUMUL.|  INFLOW
   DATE |      CFS    |     CFS   | 1000 AF |  1000 AF|    CFS|     CFS   |    CFS  |   CFS |     A.F. |   CFS
--------------------------------------------------------------------------------------------------------------------
      1        10200       18100     11400       -15       688       759      -492      -587     -1163     11500
      2        10000       14100     11394        -6       688       758      -197     -1395     -3931     12300
      3        10000       14500     11388        -6       651       758      -197     -2501     -8890     12700
      4        10500       19000     11372       -16       657       758      -524     -1783    -12427     11800
      5        10500       19400     11355       -17       722       757      -557     -1779    -15956     11800
      6        10500       17900     11339       -16       736       757      -524      -318    -16586     10800
      7        10600       19800     11319       -20       749       756      -655       -86    -16757     10600
      8        10400       20000     11298       -21       769       756      -688       239    -16284     10200
      9        10000       16600     11286       -12       815       755      -393     -1125    -18515     11700
     10        10000       15500     11277        -9       704       755      -295     -1736    -21959     12100
     11        10500       15900     11260       -17       753       754      -557      1685    -18616      8280
     12        10600       16600     11248       -12       763       754      -393     -1695    -21978     11700
     13        10400       15900     11238       -10       745       754      -328     -1559    -25071     12000
     14        10400       16300     11224       -14       798       753      -459       235    -24605     10300
     15        10500       16000     11213       -11       719       753      -360     -1161    -26907     11600
     16        10000       14100     11205        -8       782       753      -262      -983    -28857     11300
     17        10000       14300     11196        -9       697       752      -295      -465    -29779     10900
     18        10400       16000     11182       -14       752       752      -459        30    -29720      9990
     19        10300       15600     11170       -12       770       752      -393      -670    -31048     10700
     20        10800       15100     11157       -13       406       751      -426      1144    -28780      9280
     21        10400       18500     11143       -14       786       751      -459     -2259    -33261     12500
     22        10600       16200     11129       -14       789       750      -459       579    -32112     10200
     23         9600       16000     11119       -10       730       750      -328     -1663    -35411     12100
     24         9600       15700     11106       -13       714       750      -426       377    -34663     10200
     25         9600       17900     11090       -16       730       749      -524     -1223    -37090     10800
     26        10100       20400     11070       -20       772       749      -655     -1632    -40326     11200
     27        10300       21400     11042       -28       798       748      -918      1663    -37029      7910
     28        10200       21100     11020       -22       767       747      -721      -653    -38323     10800
     29        10400       21000     10998       -22       836       746      -721      -459    -39234     10800
     30         9900       17100     10984       -14       794       746      -459      -946    -41111     11100
     31         9900       16800     10971       -13       734       745      -426      -902    -42899     11300

    TOTAL     317000      532870                         22814     23328                        -42900    340500





</pre>
