<pre>
                                                                    BUREAU OF RECLAMATION
                                                                    LOWER COLORADO REGION
                                                                    BOULDER CITY, NEVADA

                                                               ACCUMULATIONS FOR MAY 2016

    |GLEN CANYON    |                         HOOVER DAM         |             DAVIS DAM           |      MWD       |            PARKER DAM              |
    |               |  LAKE                                      |LAKE                             |                | LAKE                               |   C.A.P.
    |         ACCUM.|  MEAD    HOOVER RELEASE        GROSS  RATE |MOHAVE      DAVIS RELEASE   GROSS|DIVER. AT INTAKE| HAVASU     PARKER RELEASE     GROSS| DIVER. ACCUM.
DAY |   CFS    A.F. |  ELEV.   CFS    A.F.   ACCUM.   GEN  KWH/AF|ELEV   CFS   A.F.   ACCUM.  GEN  | A.F. ACCUM.    | ELEV    CFS    A.F.   ACCUM.  GEN. | A.F.   A.F.
----------------------------------------------------------------------------------------------------------------------------------------------------------------------
  1   10100   20033   1076.10  13140  26062   26062  10181  391  644.46  15100  29950   29950  3800  2993   2993    448.82  11790  23384    23384   1659   6073   6073
  2   11800   43438   1075.90  19890  39451   65513  15324  388  644.81  15100  29954   59904  3796  2943   5936    448.66  12300  24391    47775   1721   5305  11378
  3   11900   67041   1075.78  16234  32200   97713  12545  390  644.93  14090  27944   87848  3555  2974   8910    448.62  11400  22610    70385   1600   5293  16671
  4   11900   90645   1075.68  15514  30772  128485  11922  387  644.91  15400  30542  118390  3866  2932  11842    448.36  12600  24986    95371   1764   5287  21958
  5   12200  114843   1075.57  15357  30460  158945  11834  389  644.88  15790  31318  149708  3968  2945  14787    448.69   7310  14496   109867   1035   5287  27245
  6   11800  138248   1075.44  16434  32596  191541  12677  389  644.89  15790  31318  181026  3969  3006  17793    448.55  12300  24400   134267   1722   5287  32532
  7   11000  160066   1075.50   9865  19568  211109   7527  385  644.47  15590  30932  211958  3914  2905  20698    448.58  11500  22812   157079   1606   5654  38186
  8   10100  180099   1075.55   9668  19177  230286   7364  384  643.92  15600  30948  242906  3898  2980  23678    448.59  11030  21870   178949   1546   6064  44250
  9   11900  203702   1075.48  14837  29429  259715  11427  388  643.90  15000  29748  272654  3739  2999  26677    448.53  11200  22219   201168   1568   6066  50316
 10   11900  227306   1075.34  17892  35488  295203  13849  390  644.05  14990  29730  302384  3744  2984  29661    448.53  10700  21227   222395   1497   5288  55604
 11   11800  250711   1075.19  17074  33866  329069  13234  391  644.20  14190  28152  330536  3549  3064  32725    448.54  10700  21230   243625   1499   5295  60899
 12   11800  274116   1075.14  13483  26743  355812  10298  385  644.16  14180  28134  358670  3549  3436  36161    448.81   6910  13699   257324    978   5680  66579
 13   11900  297719   1075.08  14085  27938  383750  10911  391  644.04  15190  30128  388798  3795  3452  39613    448.68  11010  21830   279154   1551   5700  72279
 14   11000  319537   1075.01  14055  27878  411628  10871  390  643.96  14590  28944  417742  3640  3376  42989    448.64  10500  20828   299982   1484   5689  77968
 15    9900  339174   1074.96  12453  24701  436329   9587  388  643.81  14590  28946  446688  3637  3427  46416    448.41  11500  22816   322798   1608   6073  84041
 16   11700  362380   1074.95  14911  29576  465905  11489  388  643.78  15590  30928  477616  3891  3371  49787    448.33  11110  22031   344829   1554   5686  89727
 17   11900  385983   1074.82  15703  31147  497052  12075  388  643.78  14570  28892  506508  3632  3362  53149    448.30  11000  21822   366651   1536   5679  95406
 18   11800  409388   1074.68  15344  30435  527487  11844  389  643.75  14580  28914  535422  3637  2931  56080    448.21  11210  22230   388881   1561   5717 101123
 19   11800  432793   1074.52  18096  35892  563379  13929  388  643.95  15190  30128  565550  3787  2918  58998    448.64   5610  11125   400006    785   5730 106853
 20   12000  456595   1074.35  16679  33082  596461  12813  387  644.02  15190  30124  595674  3791  2975  61973    448.69   9810  19460   419466   1382   5688 112541
 21   11000  478413   1074.32  11496  22803  619264   8690  381  643.72  14990  29738  625412  3739  3025  64998    448.68  10010  19854   439320   1412   5737 118278
 22   10000  498248   1074.37   9817  19472  638735   7443  382  643.34  15000  29750  655162  3731  2922  67920    448.77   9910  19653   458973   1390   6075 124353
 23   11800  521653   1074.28  14090  27947  666682  10792  386  643.34  13800  27370  682532  3450  3027  70947    449.11   8020  15899   474872   1132   5685 130038
 24   11800  545058   1074.17  15069  29889  696571  11485  384  643.53  13000  25780  708312  3254  3442  74389    449.01   9710  19266   494138   1104   5693 135731
 25   11900  568661   1074.03  14702  29162  725733  11348  389  643.67  11990  23776  732088  3011  3426  77815    448.84   8980  17807   511945   1259   5715 141446
 26   11800  592066   1074.04  12860  25507  751240   9860  387  643.67  12000  23798  755886  2987  3409  81224    448.90   6930  13753   525698    960   5699 147145
 27   11800  615471   1073.99  13532  26840  778080  10322  385  643.54  14210  28182  784068  3536  3380  84604    448.72   9520  18882   544580   1341   5685 152830
 28   10900  637091   1073.98  12307  24410  802490   9462  388  643.33  15000  29754  813822  3727  3389  87993    448.62  10400  20635   565215   1433   5690 158520
 29    9900  656727   1073.98  11960  23722  826212   9144  385  643.15  14990  29732  843554  3723  3354  91347    448.43  11820  23437   588652   1657   6183 164703
 30   10100  676760   1073.94  12771  25332  851544   9802  387  643.00  14990  29726  873280  3718  2916  94263    448.39  11790  23386   612038   1659   5698 170401
 31   11900  700364   1073.80  17705  35117  886661  13523  385  643.07  15190  30128  903408  3768  2950  97213    448.08  12200  24206   636244   1686   5706 176107

TOTAL                                               343572                                   113798                                                44692









                                                                    BUREAU OF RECLAMATION
                                                                    LOWER COLORADO REGION
                                                                    BOULDER CITY, NEVADA

                                                     AVAILABLE RESERVOIR ELEVATIONS AND CONTENTS FOR MAY 2016

                                        LAKE MEAD                      LAKE MOHAVE                      LAKE HAVASU                        SENATOR WASH
  AVAILABLE CAPACITY IN A.F.            *26120000                        1809800                           619400                              9144
  ELEVATION IN FEET                        1219.6                          647.0                            450.0                             240.0

           TOTAL     TOTAL    |             HOOVER            |            DAVIS            |             PARKER            |             SENATOR WASH
          SYSTEM    AVAILABLE |ELEVATION    CONTENT   RELEASE |ELEVATION   CONTENT  RELEASE |ELEVATION    CONTENT   RELEASE | ELEVATION   CONTENT  PUMPED   RELEASE
     DAY  STORAGE**   SPACE   |  FEET       1000A.F.    ft3/s |  FEET      1000A.F.  ft3/s  |   FEET      1000A.F.  ft3/s   |  FEET        A.F.     ft3/s    ft3/s
-----------------------------------------------------------------------------------------------------------------------------------------------------------------------------
       1    28632.6  32492.5    1076.10       9690       13100   644.46     1739.0    15100    448.82      595.9    11800      237.08     8070        0        0
       2    28636.1  32488.9    1075.90       9674       19900   644.81     1748.7    15100    448.66      592.8    12300      236.58     7894        0        0
       3    28642.4  32482.6    1075.78       9664       16200   644.93     1751.9    14100    448.62      592.0    11400      236.18     7754        0        0
       4    28641.6  32483.4    1075.68       9656       15500   644.91     1751.4    15400    448.36      586.9    12600      235.94     7671       25        0
       5    28645.0  32480.0    1075.57       9647       15400   644.88     1750.5    15800    448.69      593.3     7310      235.56     7541        0        0
       6    28642.6  32482.4    1075.44       9637       16400   644.89     1750.9    15800    448.55      590.7    12300      235.22     7425        0        0
       7    28657.6  32467.5    1075.50       9642        9870   644.47     1739.1    15600    448.58      591.2    11500      234.89     7314        0        0
       8    28679.1  32446.0    1075.55       9646        9670   643.92     1724.0    15600    448.59      591.5    11000      236.21     7765      290        0
       9    28714.4  32410.7    1075.48       9640       14800   643.90     1723.5    15000    448.53      590.2    11200      236.11     7730       51        0
      10    28750.5  32374.6    1075.34       9629       17900   644.05     1727.6    15000    448.53      590.3    10700      236.19     7758       81        1
      11    28775.5  32349.5    1075.19       9616       17100   644.20     1731.6    14200    448.54      590.4    10700      235.86     7643        8        0
      12    28812.6  32312.4    1075.14       9612       13500   644.16     1730.8    14200    448.81      595.7     6910      235.50     7520        0        0
      13    28848.0  32277.0    1075.08       9607       14100   644.04     1727.3    15200    448.68      593.1    11000      235.15     7401        0        0
      14    28885.6  32239.5    1075.01       9602       14100   643.96     1725.0    14600    448.64      592.5    10500      234.82     7290        0        0
      15    28933.3  32191.7    1074.96       9598       12500   643.81     1721.0    14600    448.41      587.9    11500      234.50     7183        0        0
      16    28975.2  32149.9    1074.95       9597       14900   643.78     1720.2    15600    448.33      586.5    11100      234.05     7034        0       25
      17    29016.7  32108.4    1074.82       9586       15700   643.78     1720.0    14600    448.30      585.8    11000      233.76     6939        0        0
      18    29059.1  32066.0    1074.68       9575       15300   643.75     1719.2    14600    448.21      584.1    11200      235.48     7513      347        0
      19    29113.6  32011.4    1074.52       9562       18100   643.95     1724.8    15200    448.64      592.4     5610      235.70     7589       94        0
      20    29167.2  31957.8    1074.35       9548       16700   644.02     1726.6    15200    448.69      593.3     9810      235.32     7459        0        0
      21    29214.4  31910.7    1074.32       9546       11500   643.72     1718.5    15000    448.68      593.3    10000      238.30     8510      618        0
      22    29279.5  31845.6    1074.37       9550        9820   643.34     1707.9    15000    448.77      594.8     9910      239.50     8956      342        0
      23    29346.5  31778.6    1074.28       9543       14100   643.34     1708.2    13800    449.11      601.7     8020      239.29     8877      119       38
      24    29414.2  31710.9    1074.17       9534       15100   643.53     1713.2    13000    449.01      599.6     9710      237.99     8396       99      263
      25    29474.7  31650.4    1074.03       9522       14700   643.67     1717.2    12000    448.84      596.3     8980      237.21     8117        0      135
      26    29559.7  31565.3    1074.04       9523       12900   643.67     1717.0    12000    448.90      597.6     6930      236.86     7992        0      136
      27    29627.9  31497.2    1073.99       9519       13500   643.54     1713.6    14200    448.72      594.0     9520      235.76     7609        0        0
      28    29688.6  31436.4    1073.98       9518       12300   643.33     1707.8    15000    448.62      592.1    10400      235.43     7496        0        0
      29    29741.6  31383.5    1073.98       9518       12000   643.15     1702.7    15000    448.43      588.4    11800      235.12     7391        0        0
      30    29787.0  31338.1    1073.94       9515       12800   643.00     1698.6    15000    448.39      587.5    11800      234.81     7286        0        0
      31    29825.1  31299.9    1073.80       9504       17700   643.07     1700.5    15200    448.08      581.5    12200      234.51     7186        0      208

TOTAL                                                   447160                       455700                        320710                          2074      806
AVE.                                                     14420                        14700                         10350                            67       26
AC FT                                                   887000                       904000                        636000                          4114     1599

      * BOTTOM OF EXCLUSIVE FLOOD CONTROL SPACE
     ** INCLUDES FONTENELLE AND CRYSTAL RESERVOIRS

                                                                      BUREAU OF RECLAMATION
                                                                      LOWER COLORADO REGION
                                                                      BOULDER CITY, NEVADA

                                             COLORADO RIVER STORAGE PROJECT DATA (operational) FOR MAY 2016

                   LAKE POWELL          |        FLAMING GORGE        |          NAVAJO            |      BLUE MESA             |     MORROW POINT
             MAX. STORAGE 24322000 AF   |  MAX. STORAGE 3749000 AF    | MAX. STORAGE 1696000 AF    | MAX. STORAGE 829500 AF     | MAX. STORAGE 117025 AF  
    COMPUTED MAX. ELEV. 3700.0 FEET     |  MAX. ELEV. 6040.0 FEET     | MAX. ELEV. 6085.0 FEET     | MAX. ELEV. 7519.4 FEET     | MAX. ELEV. 7160.0 FEET
     INFLOW  ELEVATION CONTENT  RELEASE |  ELEVATION CONTENT  RELEASE | ELEVATION CONTENT  RELEASE | ELEVATION CONTENT  RELEASE | ELEVATION CONTENT  RELEASE
DATE FT3/S   (FEET)  (1000 AF)   FT3/S  |  (FEET)  (1000 AF)   FT3/   |(FEET)  (1000 AF)   FT3/S   | (FEET)  (1000 AF)   FT3/S  |(FEET)  (1000 AF)   FT3/S
------------------------------------------------------------------------------------------------------------------------------------------------------------
   1  17500   3592.26   11026    10100      6026.50   3220      810      6070.86   1490      390     7488.62    570.7    1130     7152.57    111.1    1220
   2  17700   3592.37   11036    11800      6026.53   3220      710      6070.96   1490      390     7488.63    570.7    1090     7152.58    111.1    1190
   3  17800   3592.48   11047    11900      6026.57   3220      740      6071.08   1500      380     7488.58    570.3    1330     7152.63    111.1    1450
   4  17300   3592.58   11056    11900      6026.61   3220      800      6071.22   1500      380     7488.57    570.3    1190     7152.58    111.1    1330
   5  12700   3592.58   11056    12200      6026.69   3220      810      6071.41   1500      380     7488.66    571.0    1150     7152.59    111.1    1290
   6  12800   3592.59   11057    11800      6026.79   3230      810      6071.59   1500      380     7488.85    572.4    1060     7152.72    111.2    1250
   7  14400   3592.65   11062    11000      6026.95   3230      810      6071.81   1510      380     7489.14    574.7    1020     7153.02    111.4    1230
   8  15000   3592.74   11070    10100      6027.31   3250      810      6072.00   1510      380     7489.43    576.9     870     7153.06    111.5    1050
   9  19300   3592.88   11083    11900      6027.81   3270      810      6072.19   1510      380     7489.62    578.4    1050     7153.29    111.7    1260
  10  24300   3593.12   11105    11900      6028.07   3280      810      6072.36   1510      380     7489.91    580.6     980     7153.18    111.6    1370
  11  21700   3593.31   11123    11800      6028.23   3280      810      6072.52   1520      370     7490.18    582.7    1010     7152.57    111.1    1520
  12  27200   3593.61   11150    11800      6028.31   3280      810      6072.66   1520      370     7490.21    583.0    1750     7152.40    111.0    2050
  13  32000   3594.00   11187    11900      6028.47   3290      810      6072.88   1520      360     7490.02    581.5    2490     7152.85    111.3    2470
  14  31100   3594.39   11223    11000      6028.61   3300      810      6073.20   1530      360     7489.81    579.9    2990     7153.01    111.4    3120
  15  35600   3594.89   11269     9900      6028.81   3300      810      6073.63   1530      360     7489.58    578.1    3330     7152.15    110.8    3970
  16  27800   3595.20   11298    11700      6029.03   3310      810      6074.11   1540      350     7489.50    577.5    3340     7150.05    109.1    4590
  17  34100   3595.63   11338    11900      6029.23   3320      810      6074.50   1540      370     7489.30    575.9    3540     7147.54    107.2    4820
  18  37200   3596.12   11384    11800      6029.43   3330      810      6074.77   1550      920     7489.00    573.6    3770     7145.30    105.5    4860
  19  38300   3596.63   11431    11800      6029.57   3330      810      6074.94   1550     1700     7488.66    571.0    4000     7142.95    103.7    5100
  20  42000   3597.21   11486    12000      6029.89   3340      810      6074.92   1550     2710     7488.23    567.7    4310     7140.61    102.0    5430
  21  40600   3597.78   11540    11000      6030.03   3350      810      6074.83   1550     3470     7487.86    564.8    4320     7138.29    100.3    5380
  22  43900   3598.43   11601    10000      6030.23   3360      810      6074.74   1550     3980     7487.65    563.2    4330     7135.98     98.6    5400
  23  44700   3599.06   11661    11800      6030.41   3360      810      6074.61   1550     4570     7487.58    562.7    4020     7133.23     96.6    5310
  24  47500   3599.74   11725    11800      6030.67   3370      800      6074.46   1540     4590     7487.50    562.0    4020     7131.21     95.2    5040
  25  47100   3600.41   11789    11900      6030.83   3380      810      6074.44   1540     3880     7487.44    561.6    4020     7131.22     95.2    4300
  26  50900   3601.15   11860    11800      6031.03   3390      800      6074.62   1550     2060     7487.59    562.7    3010     7131.24     95.2    3340
  27  48400   3601.84   11926    11800      6031.25   3400      800      6074.79   1550     2040     7487.75    564.0    2770     7131.48     95.4    2920
  28  43900   3602.46   11986    10900      6031.45   3410      800      6074.81   1550     2600     7487.85    564.7    2790     7132.62     96.2    2650
  29  37800   3602.98   12037     9900      6031.69   3410      800      6074.80   1550     2690     7488.05    566.3    2530     7133.81     97.0    2350
  30  34300   3603.43   12080    10100      6031.87   3420      800      6074.81   1550     2690     7488.32    568.3    2140     7135.05     97.9    2020
  31  35700   3603.87   12123    11900      6032.01   3430     2040      6074.87   1550     2730     7488.74    571.6    1790     7136.53     99.0    1520

TOT  970600                     353100                        26100                        46990                        77140                        90800
AVE   31310                      11390                          840                         1520                         2490                         2930
A F 1925200                     700000                        52000                        93200                        153000                       180100






                                          BUREAU OF RECLAMATION
                                          LOWER COLORADO REGION
                                          BOULDER CITY, NEVADA

                                     GLEN CANYON TO HOOVER DAM LOSSES

                                                MAY 2016

                      |           | LAKE    |         |   LAKE|    LAKE   |  CHANGE |
               GLEN   |    HOOVER | MEAD    |  STORAGE|   MEAD|    MEAD   |   BANK  |       |          |
              RELEASE |    RELEASE| STORAGE |  CHANGE |PUMPING|EVAPORATION| STORAGE |  LOSS |  ACCUMUL.|  INFLOW
   DATE |      CFS    |     CFS   | 1000 AF |  1000 AF|    CFS|     CFS   |    CFS  |   CFS |     A.F. |   CFS
--------------------------------------------------------------------------------------------------------------------
      1        10100       13100      9690        -3       478       703       -98     -1090     -2162     12700
      2        11800       19900      9674       -16       546       702      -524     -1988     -6106     12600
      3        11900       16200      9664       -10       538       702      -328     -1948     -9969     12100
      4        11900       15500      9656        -8       559       702      -262      -650    -11258     12500
      5        12200       15400      9647        -9       576       701      -295        21    -11216     11800
      6        11800       16400      9637       -10       585       701      -328      -438    -12086     12300
      7        11000        9870      9642         5       514       701       164     -1523    -15107     13800
      8        10100        9670      9646         4       571       701       131     -1252    -17589     13100
      9        11900       14800      9640        -6       617       701      -197     -1921    -21400     12900
     10        11900       17900      9629       -11       551       701      -360     -3133    -27614     13200
     11        11800       17100      9616       -13       662       700      -426       397    -26827     11500
     12        11800       13500      9612        -4       661       700      -131      -835    -28483     12700
     13        11900       14100      9607        -5       676       700      -164      -997    -30460     12800
     14        11000       14100      9602        -5       619       700      -164      -975    -32393     12700
     15         9900       12500      9598        -4       603       699      -131       269    -31860     11700
     16        11700       14900      9597        -1       648       699       -33     -4721    -41223     15700
     17        11900       15700      9586       -11       670       699      -360     -1227    -43656     11200
     18        11800       15300      9575       -11       709       699      -360       889    -41894     10800
     19        11800       18100      9562       -13       699       698      -426      -638    -43159     12500
     20        12000       16700      9548       -14       668       698      -459      1281    -40619     10500
     21        11000       11500      9546        -2       667       698       -66        33    -40553     11800
     22        10000        9820      9550         4       576       698       131     -1285    -43102     13200
     23        11800       14100      9543        -7       668       697      -229      -723    -44537     11700
     24        11800       15100      9534        -9       641       697      -295     -1602    -47715     11600
     25        11900       14700      9522       -12       659       697      -393      2162    -43427      9610
     26        11800       12900      9523         1       625       697        33     -2915    -49208     14800
     27        11800       13500      9519        -4       671       697      -131      -864    -50921     12700
     28        10900       12300      9518        -1       662       696       -33     -1304    -53508     13100
     29         9900       12000      9518         0       617       696         0     -1487    -56458     13300
     30        10100       12800      9515        -3       583       696       -98     -1614    -59660     12500
     31        11900       17700      9504       -11       679       696      -360     -3267    -66140     13200

    TOTAL     353000      447020                         19198     21672                        -66140    386500






</pre>