
<pre>                                                                   BUREAU OF RECLAMATION
                                                                    LOWER COLORADO REGION
                                                                    BOULDER CITY, NEVADA

                                                               ACCUMULATIONS FOR MAY 2019

    |GLEN CANYON    |                         HOOVER DAM         |             DAVIS DAM           |      MWD       |            PARKER DAM              |
    |               |  LAKE                                      |LAKE                             |                | LAKE                               |   C.A.P.
    |         ACCUM.|  MEAD    HOOVER RELEASE        GROSS  RATE |MOHAVE      DAVIS RELEASE   GROSS|DIVER. AT INTAKE| HAVASU     PARKER RELEASE     GROSS| DIVER. ACCUM.
DAY |   CFS    A.F. |  ELEV.   CFS    A.F.   ACCUM.   GEN  KWH/AF|ELEV   CFS   A.F.   ACCUM.  GEN  | A.F. ACCUM.    | ELEV    CFS    A.F.   ACCUM.  GEN. | A.F.   A.F.
----------------------------------------------------------------------------------------------------------------------------------------------------------------------
  1   12000   23802   1088.89  15587  30916   30916  12531  405  642.64  13800  27375   27375  3479  1351   1351    447.18  13000  25791    25791   1809   2475   2475
  2   11900   47405   1088.86  15310  30367   61283  12339  406  642.58  15530  30808   58183  4104  1526   2877    447.17  11010  21840    47631   1521   2475   4950
  3   12100   71405   1088.79  16975  33670   94953  13650  405  642.53  16400  32525   90708  4130  1527   4404    447.35  12020  23835    71466   1647   2267   7217
  4   10900   93025   1088.70  17089  33896  128850  13757  406  642.78  13390  26562  117270  3350  1527   5931    447.62  10000  19829    91295   1395   3845  11062
  5   10800  114446   1088.67  14312  28388  157238  11471  404  642.63  15800  31343  148613  3975  1527   7458    447.68  10010  19845   111140   1373   4908  15970
  6   11900  138050   1088.59  15784  31308  188546  12737  407  642.60  15210  30159  178772  3835  1526   8984    447.83  11500  22805   133945   1599   4150  20120
  7   12100  162050   1088.52  17106  33929  222475  13735  405  642.81  15600  30939  209711  3938  1527  10511    447.72  13200  26183   160128   1833   3696  23816
  8   12100  186050   1088.36  17432  34576  257051  13928  403  642.79  15600  30935  240646  3942  1525  12036    447.90  11900  23599   183727   1667   3696  27512
  9   12100  210050   1088.15  19195  38072  295123  15225  400  643.18  15590  30928  271574  3927  1527  13563    448.67   4800   9526   193253    656   4204  31716
 10   12200  234248   1088.20  17654  35017  330140  14087  402  643.15  15600  30943  302517  3905  1529  15092    448.47  13810  27398   220651   1915   4504  36220
 11   10800  255669   1088.20  13756  27284  357424  10966  402  642.97  15610  30959  333476  3904  1522  16614    448.35  13000  25782   246433   1806   6067  42287
 12   10800  277091   1088.23  12522  24837  382261   9791  394  642.68  15600  30951  364427  3895  1518  18132    448.18  12800  25379   271812   1772   6065  48352
 13   12000  300893   1088.19  15342  30431  412692  12257  403  642.63  15100  29954  394381  3768   775  18907    448.24  11600  23010   294822   1611   6065  54417
 14   11900  324496   1088.10  15455  30655  443347  12204  398  642.64  15210  30170  424551  3737   522  19429    448.14  12610  25016   319838   1748   6065  60482
 15   12200  348694   1087.98  16545  32817  476164  13149  401  642.74  15230  30207  454758  3779   525  19954    447.99  13340  26464   346302   1791   4889  65371
 16   12100  372694   1087.91  15941  31619  507783  12635  400  642.70  15760  31265  486023  3913  1283  21237    448.32   8490  16843   363145   1175   6065  71436
 17   12100  396694   1087.86  14594  28946  536729  11506  397  642.45  17000  33722  519745  4229  1839  23076    448.20  12690  25177   388322   1757   6065  77501
 18   10900  418314   1087.79  14787  29329  566057  11757  401  642.32  15790  31321  551066  3946  2028  25104    448.23  11820  23444   411766   1629   6066  83567
 19   10800  439736   1087.76  13254  26289  592346  10578  402  642.17  15200  30150  581216  3795  2030  27134    448.30  10990  21799   433565   1513   6069  89636
 20   12100  463736   1087.71  15180  30110  622456  12146  403  642.09  15200  30147  611363  3798  2028  29162    448.43  12000  23801   457366   1668   1324  90960
 21   12100  487736   1087.64  16188  32108  654565  12992  405  642.15  15190  30125  641488  3751  2026  31188    448.41  11800  23410   480776   1638   4451  95411
 22   11900  511339   1087.53  16656  33037  687602  13406  406  642.38  14600  28953  670441  3644  2024  33212    448.55   9840  19510   500286   1373   6070 101481
 23   12200  535537   1087.31  19456  38590  726192  15634  405  642.60  14200  28169  698610  3550  2024  35236    449.09   5000   9915   510201    686   6073 107554
 24   12000  559339   1087.15  20523  40707  766899  16386  403  642.97  15000  29757  728367  3764  2023  37259    448.88  12300  24389   534590   1719   6074 113628
 25   10800  580760   1087.09  14844  29442  796341  11916  405  642.95  14990  29734  758101  3768  2017  39276    448.65  12600  24986   559576   1769   6070 119698
 26   10800  602182   1087.01  14639  29035  825376  11728  404  642.90  15010  29775  787876  3763  2013  41289    448.41  12700  25191   584767   1777   6070 125768
 27   10700  623405   1086.97  14278  28320  853696  11437  404  642.77  15600  30933  818809  3906  2010  43299    448.28  12500  24803   609570   1755   6066 131834
 28   12000  647207   1086.84  18291  36279  889975  14455  398  642.98  16180  32091  850900  4036  2006  45305    448.43  10510  20846   630416   1471   6063 137897
 29   12100  671207   1086.70  17803  35312  925287  14214  403  643.12  14400  28554  879454  3626  2005  47310    448.51  11390  22590   653006   1591   4892 142789
 30   12200  695405   1086.56  17205  34126  959413  13566  398  643.25  14380  28529  907983  3627  2001  49311    448.86   7000  13878   666884    981   6069 148858
 31   12200  719603   1086.48  15156  30061  989474  12030  400  643.32  14400  28555  936538  3630  1870  51181    448.62  13090  25966   692850   1834   4893 153751

TOTAL                                               398213                                   118415                                                48479









                                                                    BUREAU OF RECLAMATION
                                                                    LOWER COLORADO REGION
                                                                    BOULDER CITY, NEVADA

                                                     AVAILABLE RESERVOIR ELEVATIONS AND CONTENTS FOR MAY 2019

                                        LAKE MEAD                      LAKE MOHAVE                      LAKE HAVASU                        SENATOR WASH
  AVAILABLE CAPACITY IN A.F.            *26120000                        1809800                           619400                              9144
  ELEVATION IN FEET                        1219.6                          647.0                            450.0                             240.0

           TOTAL     TOTAL    |             HOOVER            |            DAVIS            |             PARKER            |             SENATOR WASH
          SYSTEM    AVAILABLE |ELEVATION    CONTENT   RELEASE |ELEVATION   CONTENT  RELEASE |ELEVATION    CONTENT   RELEASE | ELEVATION   CONTENT  PUMPED   RELEASE
     DAY  STORAGE**   SPACE   |  FEET       1000A.F.    ft3/s |  FEET      1000A.F.  ft3/s  |   FEET      1000A.F.  ft3/s   |  FEET        A.F.     ft3/s    ft3/s
-----------------------------------------------------------------------------------------------------------------------------------------------------------------------------
       1    27297.5  33827.6    1088.89      10761       15600   642.64     1689.0    13800    447.18      564.5    13000      234.26     7104      506        0
       2    27356.9  33768.1    1088.86      10759       15300   642.58     1687.2    15500    447.17      564.4    11000      236.81     7975      508        0
       3    27425.3  33699.8    1088.79      10753       17000   642.53     1685.7    16400    447.35      567.7    12000      237.24     8127      156        0
       4    27496.8  33628.3    1088.70      10745       17100   642.78     1692.7    13400    447.62      572.8    10000      237.32     8156       95        0
       5    27544.5  33580.6    1088.67      10742       14300   642.63     1688.7    15800    447.68      574.0    10000      238.66     8643      362        0
       6    27580.3  33544.7    1088.59      10736       15800   642.60     1687.9    15200    447.83      576.7    11500      237.01     8045       13      243
       7    27628.7  33496.4    1088.52      10730       17100   642.81     1693.4    15600    447.72      574.8    13200      234.92     7324        0      637
       8    27660.7  33464.4    1088.36      10716       17400   642.79     1693.1    15600    447.90      578.1    11900      234.64     7230        0        0
       9    27711.0  33414.1    1088.15      10698       19200   643.18     1703.6    15600    448.67      593.0     4800      234.34     7130        0        0
      10    27755.0  33370.1    1088.20      10702       17700   643.15     1702.9    15600    448.47      589.1    13800      236.13     7737      378        0
      11    27791.5  33333.5    1088.20      10702       13800   642.97     1697.9    15600    448.35      586.7    13000      236.58     7894      163       40
      12    27823.0  33302.0    1088.23      10705       12500   642.68     1689.9    15600    448.18      583.6    12800      234.24     7097        0      362
      13    27864.9  33260.1    1088.19      10701       15300   642.63     1688.7    15100    448.24      584.7    11600      233.94     6998        0        0
      14    27903.6  33221.5    1088.10      10694       15500   642.64     1689.0    15200    448.14      582.7    12600      234.20     7084       97        0
      15    27933.1  33191.9    1087.98      10683       16500   642.74     1691.6    15200    447.99      579.9    13300      233.89     6982        0        0
      16    27978.4  33146.7    1087.91      10677       15900   642.70     1690.5    15800    448.32      586.2     8490      233.57     6877        0        0
      17    28016.1  33108.9    1087.86      10673       14600   642.45     1683.6    17000    448.20      583.9    12700      233.88     6978      413      301
      18    28066.7  33058.4    1087.79      10667       14800   642.32     1680.1    15800    448.23      584.4    11800      237.81     8332      767        0
      19    28125.9  32999.1    1087.76      10664       13300   642.17     1676.0    15200    448.30      585.8    11000      238.32     8517      199        0
      20    28179.3  32945.7    1087.71      10660       15200   642.09     1674.0    15200    448.43      588.4    12000      238.70     8658      183        0
      21    28236.3  32888.8    1087.64      10654       16200   642.15     1675.6    15200    448.41      588.0    11800      238.17     8463        0        0
      22    28297.2  32827.9    1087.53      10645       16700   642.38     1681.7    14600    448.55      590.6     9840      238.36     8532      126        0
      23    28350.4  32774.6    1087.31      10626       19500   642.60     1687.7    14200    449.09      601.2     5000      237.92     8371       94      135
      24    28392.4  32732.6    1087.15      10612       20500   642.97     1697.8    15000    448.88      597.1    12300      237.49     8217        0        0
      25    28426.5  32698.6    1087.09      10607       14800   642.95     1697.2    15000    448.65      592.6    12600      237.08     8070        0        0
      26    28452.5  32672.6    1087.01      10600       14600   642.90     1695.9    15000    448.41      587.9    12700      236.88     7999        0        0
      27    28494.6  32630.4    1086.97      10597       14300   642.77     1692.5    15600    448.28      585.5    12500      237.32     8156      145        0
      28    28533.4  32591.6    1086.84      10586       18300   642.98     1698.1    16200    448.43      588.3    10500      236.92     8013        3        3
      29    28566.4  32558.7    1086.70      10574       17800   643.12     1702.1    14400    448.51      589.8    11400      236.80     7971       49        0
      30    28604.8  32520.3    1086.56      10562       17200   643.25     1705.7    14400    448.86      596.6     7000      237.80     8328      257        0
      31    28635.9  32489.1    1086.48      10555       15200   643.32     1707.5    14400    448.62      592.0    13100      237.36     8171        0        0

TOTAL                                                   499000                       472200                        349230                          4514     1721
AVE.                                                     16100                        15230                         11270                           146       56
AC FT                                                   990000                       937000                        693000                          8953     3414

      * BOTTOM OF EXCLUSIVE FLOOD CONTROL SPACE
     ** INCLUDES FONTENELLE AND CRYSTAL RESERVOIRS

                                                                      BUREAU OF RECLAMATION
                                                                      LOWER COLORADO REGION
                                                                      BOULDER CITY, NEVADA

                                             COLORADO RIVER STORAGE PROJECT DATA (operational) FOR MAY 2019

                   LAKE POWELL          |        FLAMING GORGE        |          NAVAJO            |      BLUE MESA             |     MORROW POINT
             MAX. STORAGE 24322000 AF   |  MAX. STORAGE 3749000 AF    | MAX. STORAGE 1696000 AF    | MAX. STORAGE 829500 AF     | MAX. STORAGE 117025 AF  
    COMPUTED MAX. ELEV. 3700.0 FEET     |  MAX. ELEV. 6040.0 FEET     | MAX. ELEV. 6085.0 FEET     | MAX. ELEV. 7519.4 FEET     | MAX. ELEV. 7160.0 FEET
     INFLOW  ELEVATION CONTENT  RELEASE |  ELEVATION CONTENT  RELEASE | ELEVATION CONTENT  RELEASE | ELEVATION CONTENT  RELEASE | ELEVATION CONTENT  RELEASE
DATE FT3/S   (FEET)  (1000 AF)   FT3/S  |  (FEET)  (1000 AF)   FT3/   |(FEET)  (1000 AF)   FT3/S   | (FEET)  (1000 AF)   FT3/S  |(FEET)  (1000 AF)   FT3/S
------------------------------------------------------------------------------------------------------------------------------------------------------------
   1  35900   3571.65    9241    12000      6028.85   3300     1640      6041.14   1130      410     7455.39    343.5       0     7155.84    113.7     380
   2  39500   3572.26    9291    11900      6028.87   3310     1620      6041.73   1130      410     7456.53    350.2       0     7155.20    113.2     710
   3  45100   3572.99    9351    12100      6028.91   3310     1600      6042.24   1140      410     7457.42    355.5     230     7153.89    112.1    1160
   4  41300   3573.66    9406    10900      6028.97   3310     1590      6042.72   1140      410     7457.83    358.0    1600     7155.07    113.1    1450
   5  34600   3574.18    9449    10800      6028.99   3310     1620      6043.17   1150      400     7458.30    360.9    1450     7156.81    114.5    1130
   6  28500   3574.54    9479    11900      6029.01   3310     1590      6043.59   1150      400     7459.10    365.7     890     7157.01    114.6    1220
   7  32300   3574.98    9516    12100      6029.08   3310     1590      6044.09   1160      400     7459.97    371.1     700     7157.08    114.7    1130
   8  27400   3575.31    9543    12100      6029.15   3320     1600      6044.58   1160      400     7460.99    377.4     330     7156.41    114.1    1120
   9  28000   3575.65    9571    12100      6029.19   3320     1620      6045.12   1170      410     7461.69    381.7    1160     7157.12    114.7    1340
  10  29400   3576.02    9602    12200      6029.23   3320     1600      6045.62   1170      410     7462.39    386.1     890     7157.14    114.7    1250
  11  29000   3576.41    9635    10800      6029.27   3320     1590      6046.00   1180      410     7462.90    389.4    1250     7157.49    115.0    1430
  12  29000   3576.80    9668    10800      6029.31   3320     1620      6046.05   1180      410     7463.64    394.1     520     7156.50    114.2    1310
  13  27900   3577.14    9697    12000      6029.35   3320     1600      6046.86   1190      410     7464.43    399.1     830     7156.89    114.5    1150
  14  29800   3577.52    9729    11900      6029.39   3330     1590      6047.44   1200      400     7465.48    405.9     620     7156.88    114.5    1190
  15  24600   3577.78    9751    12200      6029.43   3330     1620      6048.08   1200      400     7466.67    413.6     720     7157.31    114.9    1080
  16  25800   3578.07    9775    12100      6029.48   3330     1590      6048.77   1210      400     7468.00    422.4     780     7157.03    114.6    1430
  17  26300   3578.37    9801    12100      6029.53   3330     1620      6049.60   1220      410     7469.59    433.0     410     7156.55    114.2    1280
  18  29700   3578.77    9835    10900      6029.61   3330     1590      6050.26   1230      410     7470.89    441.8     900     7157.09    114.7    1270
  19  34800   3579.28    9878    10800      6029.69   3340     1590      6050.71   1230      410     7472.00    449.4     730     7156.55    114.2    1290
  20  33400   3579.73    9916    12100      6029.75   3340     1590      6051.14   1240      410     7472.74    454.5    1610     7157.23    114.8    1660
  21  36300   3580.24    9960    12100      6029.81   3340     1590      6051.58   1240      420     7473.47    459.5    1460     7158.44    115.8    1290
  22  38500   3580.80   10008    11900      6029.83   3340     1620      6051.94   1250      420     7474.13    464.1    1230     7158.21    115.6    1690
  23  34700   3581.27   10049    12200      6029.95   3350     1620      6052.28   1250      410     7474.51    466.8    1790     7158.27    115.6    2160
  24  34500   3581.74   10089    12000      6029.99   3350     1610      6052.58   1260      410     7474.61    467.5    2500     7157.95    115.4    2880
  25  30000   3582.14   10124    10800      6030.11   3350     1590      6052.86   1260      410     7474.49    466.6    3190     7157.81    115.3    3470
  26  28700   3582.51   10156    10800      6030.19   3360     1590      6053.12   1260      410     7474.25    465.0    3690     7158.15    115.5    3770
  27  35800   3583.03   10201    10700      6030.27   3360     1590      6053.39   1270      410     7474.20    464.6    3070     7156.18    114.0    4170
  28  30900   3583.42   10235    12000      6030.39   3360     1590      6053.68   1270      410     7473.81    461.9    4340     7156.22    114.0    4680
  29  31500   3583.82   10270    12100      6030.47   3370     1610      6053.94   1270      410     7473.25    458.0    4790     7155.71    113.6    5350
  30  32200   3584.23   10306    12200      6030.57   3370     1590      6054.18   1280      410     7472.54    453.1    5400     7155.55    113.4    5760
  31  32700   3584.65   10343    12200      6030.71   3380     1610      6054.45   1280      410     7471.68    447.2    5840     7154.68    112.8    6660

TOT  998100                     362800                        49680                        12660                        52920                        65860
AVE   32197                      11700                         1600                          410                         1710                         2120
A F 1979700                     720000                        99000                        25100                        105000                       130600






                                          BUREAU OF RECLAMATION
                                          LOWER COLORADO REGION
                                          BOULDER CITY, NEVADA

                                     GLEN CANYON TO HOOVER DAM LOSSES

                                                MAY 2019

                      |           | LAKE    |         |   LAKE|    LAKE   |  CHANGE |
               GLEN   |    HOOVER | MEAD    |  STORAGE|   MEAD|    MEAD   |   BANK  |       |          |
              RELEASE |    RELEASE| STORAGE |  CHANGE |PUMPING|EVAPORATION| STORAGE |  LOSS |  ACCUMUL.|  INFLOW
   DATE |      CFS    |     CFS   | 1000 AF |  1000 AF|    CFS|     CFS   |    CFS  |   CFS |     A.F. |   CFS
--------------------------------------------------------------------------------------------------------------------
      1        12000       15600     10761        -6       573       739      -197     -1190     -2359     13700
      2        11900       15300     10759        -2       623       738       -66     -3380     -9062     15600
      3        12100       17000     10753        -6       540       738      -197     -3041    -15094     15100
      4        10900       17100     10745        -8       545       738      -262     -2142    -19342     14100
      5        10800       14300     10742        -3       501       738       -98     -1806    -22925     13900
      6        11900       15800     10736        -6       606       738      -197     -3034    -28943     13900
      7        12100       17100     10730        -6       634       738      -197     -4433    -37736     15300
      8        12100       17400     10716       -14       647       737      -459       601    -36543     11300
      9        12100       19200     10698       -18       644       737      -590      1154    -34255     10900
     10        12200       17700     10702         4       592       737       131     -9115    -52334     21200
     11        10800       13800     10702         0       531       737         0     -2922    -58130     15100
     12        10800       12500     10705         3       550       737        98     -3245    -64567     15400
     13        12000       15300     10701        -4       618       737      -131     -3708    -71921     14500
     14        11900       15500     10694        -7       608       736      -229     -2266    -76416     13100
     15        12200       16500     10683       -11       628       736      -360        30    -76357     12000
     16        12100       15900     10677        -6       604       736      -197     -2083    -80488     14000
     17        12100       14600     10673        -4       583       736      -131     -1552    -83567     13800
     18        10900       14800     10667        -6       619       736      -197      -880    -85313     12900
     19        10800       13300     10664        -3       547       735       -98      -910    -87117     13000
     20        12100       15200     10660        -4       574       735      -131     -3509    -94076     14400
     21        12100       16200     10654        -6       633       735      -197     -3534   -101085     14300
     22        11900       16700     10645        -9       589       735      -295     -1064   -103194     13200
     23        12200       19500     10626       -19       642       734      -623      1465   -100289     10700
     24        12000       20500     10612       -14       622       734      -459     -2466   -105179     14300
     25        10800       14800     10607        -5       589       734      -164     -1216   -107591     13400
     26        10800       14600     10600        -7       569       733      -229      -127   -107843     12100
     27        10700       14300     10597        -3       580       733       -98     -3220   -114230     14000
     28        12000       18300     10586       -11       650       733      -360     -2965   -120112     13800
     29        12100       17800     10574       -12       586       733      -393     -1946   -123973     12700
     30        12200       17200     10562       -12       635       732      -393      -114   -124198     12100
     31        12200       15200     10555        -7       634       732      -229      -733   -125652     12800

    TOTAL     362900      498860                         18496     22807                       -125653    426500




</pre>

