<pre>
                                                                    BUREAU OF RECLAMATION
                                                                    LOWER COLORADO REGION
                                                                    BOULDER CITY, NEVADA

                                                               ACCUMULATIONS FOR JUNE 2017

    |GLEN CANYON    |                         HOOVER DAM         |             DAVIS DAM           |      MWD       |            PARKER DAM              |
    |               |  LAKE                                      |LAKE                             |                | LAKE                               |   C.A.P.
    |         ACCUM.|  MEAD    HOOVER RELEASE        GROSS  RATE |MOHAVE      DAVIS RELEASE   GROSS|DIVER. AT INTAKE| HAVASU     PARKER RELEASE     GROSS| DIVER. ACCUM.
DAY |   CFS    A.F. |  ELEV.   CFS    A.F.   ACCUM.   GEN  KWH/AF|ELEV   CFS   A.F.   ACCUM.  GEN  | A.F. ACCUM.    | ELEV    CFS    A.F.   ACCUM.  GEN. | A.F.   A.F.
----------------------------------------------------------------------------------------------------------------------------------------------------------------------
  1   12900   25587   1081.40  15406  30558   30558  11913  390  643.88  13500  26784   26784  3380  2061   2061    448.78   5900  11693    11693    775   4065   4065
  2   13100   51570   1081.30  14883  29520   60078  11380  386  643.92  13890  27548   54332  3474  2402   4463    448.60  12100  24006    35699   1702   4071   8136
  3   12000   75372   1081.25  12668  25127   85205   9710  386  643.75  14700  29166   83498  3664  2046   6509    448.57  11500  22805    58504   1619   3807  11943
  4   11000   97190   1081.30  11108  22033  107238   8535  387  643.46  14490  28736  112234  3573  2011   8520    448.34  12690  25177    83681   1776   3973  15916
  5   12900  122777   1081.26  14553  28866  136104  11276  391  643.48  14490  28734  140968  3571  2023  10543    448.27  12500  24793   108474   1724   2511  18427
  6   12900  148364   1081.18  13931  27632  163736  10785  390  643.49  12990  25770  166738  3185  1991  12534    448.20  12000  23808   132282   1660   2473  20900
  7   12800  173752   1081.08  15302  30351  194087  11801  389  643.63  13000  25778  192516  3187  2013  14547    448.14  11020  21849   154131   1530   2472  23372
  8   13100  199736   1081.03  12694  25179  219266   9806  389  643.50  13900  27564  220080  3421  2005  16552    448.38   8230  16333   170464   1144   2473  25845
  9   13000  225521   1080.98  13344  26468  245734  10248  387  643.32  14890  29542  249622  3670  1957  18509    448.41  11600  23008   193472   1607   2476  28321
 10   12000  249322   1081.01  11339  22491  268225   8716  388  643.04  14680  29126  278748  3609  1987  20496    448.28  12500  24791   218263   1731   2476  30797
 11   11200  271537   1081.00   9678  19196  287421   7368  384  642.64  14690  29146  307894  3603  1972  22468    448.19  12500  24788   243051   1727   2474  33271
 12   12900  297124   1081.03  11519  22847  310268   8703  381  642.40  14690  29144  337038  3594  1512  23980    448.15  12800  25391   268442   1771   2475  35746
 13   13000  322909   1081.01  13354  26488  336756  10278  388  642.37  13490  26752  363790  3293  1528  25508    448.07  13300  26373   294815   1816   2475  38221
 14   13300  349289   1080.94  14444  28650  365406  11151  389  642.32  13520  26808  390598  3298  1518  27026    447.89  13110  26006   320821   1810   2473  40694
 15   13100  375273   1080.87  14895  29544  394950  11464  388  642.30  14390  28540  419138  3519  1550  28576    448.35   8290  16451   337272   1139   2473  43167
 16   12900  400859   1080.78  16881  33482  428432  13027  389  642.63  13500  26768  445906  3288  1547  30123    448.10  13400  26585   363857   1880   2474  45641
 17   11700  424066   1080.75  13030  25844  454276  10104  391  642.56  12690  25168  471074  3085  1573  31696    447.92  12310  24416   388273   1713   2472  48113
 18   11100  446083   1080.76  14107  27981  482257  10807  386  642.53  13530  26842  497916  3312  2093  33789    447.62  12810  25403   413676   1768   2472  50585
 19   13200  472264   1080.61  19703  39080  521337  15017  384  642.79  15510  30758  528674  3822  2098  35887    447.77  10610  21040   434716   1457   2474  53059
 20   13700  499438   1080.43  17763  35232  556569  13585  386  642.96  15510  30764  559438  3819  2032  37919    448.12  10900  21613   456329   1514   2474  55533
 21   12800  524826   1080.28  16906  33532  590101  12982  387  643.05  14510  28784  588222  3574  2064  39983    448.24  10600  21028   477357   1461   2474  58007
 22   13000  550612   1080.17  16889  33499  623600  13019  389  643.15  14790  29336  617558  3643  2063  42046    448.51   8310  16487   493844   1116   2476  60483
 23   13100  576595   1080.12  15388  30522  654122  11889  390  643.19  14400  28558  646116  3548  2051  44097    448.45  13000  25791   519635   1810   2320  62803
 24   11800  600000   1080.06  14318  28400  682522  11015  388  643.17  14990  29738  675854  3705  2071  46168    448.38  13100  25992   545627   1829   2322  65125
 25   11100  622016   1080.03  12580  24952  707474   9650  387  642.96  14990  29728  705582  3691  2033  48201    448.22  12790  25369   570996   1775   2321  67446
 26   13100  648000   1079.93  15963  31662  739136  12179  385  642.89  15220  30186  735768  3743  2039  50240    448.18  12870  25528   596524   1781   2320  69766
 27   12900  673587   1079.82  15061  29873  769009  11586  388  643.03  12810  25404  761172  3128  2029  52269    448.08  12890  25572   622096   1782   2322  72088
 28   12600  698578   1079.70  15805  31349  800358  12050  384  642.99  14990  29732  790904  3690  2017  54286    447.90  12700  25197   647293   1755   2319  74407
 29   12800  723967   1079.61  15776  31292  831650  12057  385  642.86  15590  30930  821834  3839  1996  56282    448.32   7900  15679   662972   1098   2319  76726
 30   12900  749554   1079.52  16529  32784  864434  12870  393  643.01  15600  30934  852768  3844  1517  57799    448.41  12900  25584   688556   1784   2321  79047

TOTAL                                               334971                                   105774                                                48053










                                                                    BUREAU OF RECLAMATION
                                                                    LOWER COLORADO REGION
                                                                    BOULDER CITY, NEVADA

                                                     AVAILABLE RESERVOIR ELEVATIONS AND CONTENTS FOR JUNE 2017

                                        LAKE MEAD                      LAKE MOHAVE                      LAKE HAVASU                        SENATOR WASH
  AVAILABLE CAPACITY IN A.F.            *26120000                        1809800                           619400                              9144
  ELEVATION IN FEET                        1219.6                          647.0                            450.0                             240.0

           TOTAL     TOTAL    |             HOOVER            |            DAVIS            |             PARKER            |             SENATOR WASH
          SYSTEM    AVAILABLE |ELEVATION    CONTENT   RELEASE |ELEVATION   CONTENT  RELEASE |ELEVATION    CONTENT   RELEASE | ELEVATION   CONTENT  PUMPED   RELEASE
     DAY  STORAGE**   SPACE   |  FEET       1000A.F.    ft3/s |  FEET      1000A.F.  ft3/s  |   FEET      1000A.F.  ft3/s   |  FEET        A.F.     ft3/s    ft3/s
-----------------------------------------------------------------------------------------------------------------------------------------------------------------------------
       1    31758.7  29366.3    1081.40      10127       15400   643.88     1722.8    13500    448.78      595.1     5900      236.30     7796        0        0
       2    31809.7  29315.3    1081.30      10119       14900   643.92     1723.9    13900    448.60      591.7    12100      235.89     7654        0        0
       3    31865.5  29259.5    1081.25      10115       12700   643.75     1719.2    14700    448.57      591.1    11500      234.78     7276        0      133
       4    31927.1  29197.9    1081.30      10119       11100   643.46     1711.4    14500    448.34      586.6    12700      234.43     7160        0        0
       5    32003.0  29122.0    1081.26      10116       14600   643.48     1711.8    14500    448.27      585.2    12500      232.69     6595        0      257
       6    32080.3  29044.7    1081.18      10109       13900   643.49     1712.2    13000    448.20      583.8    12000      232.41     6507        0        0
       7    32164.6  28960.4    1081.08      10101       15300   643.63     1716.1    13000    448.14      582.7    11000      232.13     6419        0        0
       8    32258.4  28866.7    1081.03      10096       12700   643.50     1712.3    13900    448.38      587.3     8230      231.86     6335        0        0
       9    32357.8  28767.3    1080.98      10092       13300   643.32     1707.4    14900    448.41      588.0    11600      231.58     6250        0        0
      10    32450.3  28674.7    1081.01      10095       11300   643.04     1699.9    14700    448.28      585.4    12500      229.69     5685        0      264
      11    32548.1  28577.0    1081.00      10094        9680   642.64     1688.8    14700    448.19      583.7    12500      230.59     5950      330      168
      12    32643.3  28481.7    1081.03      10096       11500   642.40     1682.4    14700    448.15      582.9    12800      225.94     4655        0      667
      13    32744.8  28380.3    1081.01      10095       13400   642.37     1681.4    13500    448.07      581.3    13300      226.99     4931      272      106
      14    32827.7  28297.3    1080.94      10089       14400   642.32     1680.0    13500    447.89      577.9    13100      230.84     6025      579        0
      15    32920.9  28204.2    1080.87      10083       14900   642.30     1679.6    14400    448.35      586.8     8290      230.92     6048      175      128
      16    32999.5  28125.5    1080.78      10076       16900   642.63     1688.5    13500    448.10      581.9    13400      231.42     6200      115        0
      17    33067.8  28057.3    1080.75      10073       13000   642.56     1686.6    12700    447.92      578.5    12300      233.48     6849      375        0
      18    33131.2  27993.9    1080.76      10074       14100   642.53     1686.0    13500    447.62      572.8    12800      237.52     8227      793        0
      19    33191.5  27933.6    1080.61      10062       19700   642.79     1693.0    15500    447.77      575.7    10600      236.89     8003        0        0
      20    33259.5  27865.5    1080.43      10047       17800   642.96     1697.5    15500    448.12      582.3    10900      238.64     8636      435        0
      21    33326.6  27798.4    1080.28      10034       16900   643.05     1700.1    14500    448.24      584.7    10600      239.46     8941      305        0
      22    33396.4  27728.6    1080.17      10025       16900   643.15     1702.9    14800    448.51      589.8     8310      237.24     8127        0      330
      23    33458.8  27666.3    1080.12      10021       15400   643.19     1703.8    14400    448.45      588.6    13000      236.56     7887        0       38
      24    33511.3  27613.8    1080.06      10016       14300   643.17     1703.4    15000    448.38      587.3    13100      236.01     7695        0       21
      25    33559.9  27565.2    1080.03      10013       12600   642.96     1697.6    15000    448.22      584.2    12800      236.08     7719       89        0
      26    33594.1  27530.9    1079.93      10005       16000   642.89     1695.6    15200    448.18      583.6    12900      235.64     7569        0        0
      27    33631.0  27494.1    1079.82       9996       15100   643.03     1699.7    12800    448.08      581.6    12900      236.22     7768      172        0
      28    33652.4  27472.7    1079.70       9986       15800   642.99     1698.5    15000    447.90      578.0    12700      235.79     7620        0        0
      29    33685.5  27439.5    1079.61       9979       15800   642.86     1694.8    15600    448.32      586.2     7900      235.38     7479        0        0
      30    33704.8  27420.3    1079.52       9971       16500   643.01     1698.9    15600    448.41      588.0    12900      235.03     7360        5        0

TOTAL                                                   435880                       430000                        347130                          3645     2112
AVE.                                                     14530                        14330                         11570                           122       70
AC FT                                                   865000                       853000                        689000                          7230     4189

      * BOTTOM OF EXCLUSIVE FLOOD CONTROL SPACE
     ** INCLUDES FONTENELLE AND CRYSTAL RESERVOIRS


                                                                      BUREAU OF RECLAMATION
                                                                      LOWER COLORADO REGION
                                                                      BOULDER CITY, NEVADA

                                             COLORADO RIVER STORAGE PROJECT DATA (operational) FOR JUNE 2017

                   LAKE POWELL          |        FLAMING GORGE        |          NAVAJO            |      BLUE MESA             |     MORROW POINT
             MAX. STORAGE 24322000 AF   |  MAX. STORAGE 3749000 AF    | MAX. STORAGE 1696000 AF    | MAX. STORAGE 829500 AF     | MAX. STORAGE 117025 AF  
    COMPUTED MAX. ELEV. 3700.0 FEET     |  MAX. ELEV. 6040.0 FEET     | MAX. ELEV. 6085.0 FEET     | MAX. ELEV. 7519.4 FEET     | MAX. ELEV. 7160.0 FEET
     INFLOW  ELEVATION CONTENT  RELEASE |  ELEVATION CONTENT  RELEASE | ELEVATION CONTENT  RELEASE | ELEVATION CONTENT  RELEASE | ELEVATION CONTENT  RELEASE
DATE FT3/S   (FEET)  (1000 AF)   FT3/S  |  (FEET)  (1000 AF)   FT3/   |(FEET)  (1000 AF)   FT3/S   | (FEET)  (1000 AF)   FT3/S  |(FEET)  (1000 AF)   FT3/S
------------------------------------------------------------------------------------------------------------------------------------------------------------
   1  43600   3619.61   13722    12900      6026.29   3210     6580      6073.68   1530     4790     7491.63    594.1    6790     7151.02    109.9    6500
   2  44500   3620.14   13778    13100      6026.49   3220     6570      6073.48   1530     4720     7491.59    593.8    6010     7151.63    110.3    6150
   3  43400   3620.67   13834    12000      6026.67   3220     6570      6073.32   1530     4650     7491.62    594.0    6080     7153.02    111.4    5920
   4  43700   3621.22   13893    11000      6026.81   3230     6570      6073.19   1530     4650     7491.79    595.3    6090     7154.43    112.6    5900
   5  46900   3621.79   13954    12900      6027.03   3240     8020      6073.09   1520     4690     7492.37    599.9    5260     7154.71    112.8    5530
   6  47500   3622.37   14016    12900      6027.21   3240     8610      6073.06   1520     4730     7493.25    606.9    4590     7154.03    112.2    5170
   7  51100   3623.01   14085    12800      6027.33   3250     8610      6072.97   1520     4730     7494.26    614.9    4240     7153.61    111.9    4840
   8  53300   3623.68   14157    13100      6027.53   3250     8600      6072.87   1520     4740     7495.27    623.0    4020     7153.16    111.6    4660
   9  55700   3624.39   14234    13000      6027.85   3270     8600      6072.75   1520     4730     7496.33    631.5    4000     7152.61    111.1    4670
  10  55500   3625.11   14312    12000      6027.95   3270     8590      6072.58   1520     4740     7497.32    639.5    3990     7152.01    110.6    4680
  11  58400   3625.89   14398    11200      6028.15   3280     8590      6072.38   1510     4730     7498.30    647.4    3970     7151.47    110.2    4690
  12  55000   3626.58   14473    12900      6028.39   3290     8590      6072.08   1510     4730     7499.26    655.3    3530     7150.65    109.6    4260
  13  60600   3627.36   14559    13000      6028.61   3300     8580      6071.72   1500     4730     7500.18    662.8    3200     7150.54    109.5    3690
  14  56900   3628.07   14638    13300      6028.79   3300     8580      6071.31   1500     4720     7500.95    669.2    3090     7151.99    110.6    2880
  15  54400   3628.74   14712    13100      6029.03   3310     8570      6070.84   1490     4720     7501.88    676.9    1980     7151.45    110.2    2570
  16  51300   3629.36   14781    12900      6029.23   3320     8570      6070.39   1490     4770     7502.98    686.0    1370     7152.08    110.7    1380
  17  48500   3629.95   14847    11700      6029.43   3330     8560      6069.94   1480     4780     7504.16    695.9    1310     7152.29    110.9    1550
  18  43700   3630.47   14906    11100      6029.63   3330     8560      6069.44   1470     4760     7505.47    707.0    1220     7152.58    111.1    1490
  19  40400   3630.90   14954    13200      6029.79   3340     8550      6069.00   1470     4760     7506.82    718.5    1140     7152.55    111.1    1550
  20  41000   3631.33   15002    13700      6030.05   3350     7880      6068.55   1460     4750     7508.05    729.0    1480     7153.24    111.6    1470
  21  42500   3631.80   15055    12800      6030.27   3360     6560      6068.04   1450     4750     7509.25    739.3    1340     7153.39    111.7    1560
  22  42200   3632.26   15107    13000      6030.47   3370     7900      6067.51   1450     4750     7510.42    749.5    1190     7153.14    111.5    1590
  23  41800   3632.71   15159    13100      6030.63   3370     8540      6066.99   1440     4490     7511.44    758.4    1330     7153.23    111.6    1610
  24  37400   3633.11   15204    11800      6030.75   3380     8540      6066.47   1430     4260     7512.26    765.6    1590     7153.46    111.8    1740
  25  37400   3633.52   15251    11100      6030.91   3380     8540      6065.90   1420     4250     7513.00    772.1    1480     7153.53    111.8    1750
  26  33300   3633.83   15286    13100      6031.03   3390     8490      6065.40   1420     3840     7513.58    777.3    1660     7153.53    111.8    1940
  27  33100   3634.14   15322    12900      6031.21   3400     8530      6064.93   1410     3460     7514.15    782.3    1580     7152.15    110.8    1980
  28  31600   3634.43   15355    12600      6031.27   3400     8530      6064.51   1410     3070     7514.61    786.4    1750     7152.14    110.7    1890
  29  31800   3634.72   15388    12800      6031.37   3400     8530      6064.15   1400     2550     7514.96    789.6    1790     7152.14    110.7    1960
  30  24400   3634.89   15408    12900      6031.41   3400     8540      6063.90   1400     1980     7515.35    793.0    1380     7151.34    110.1    1850

TOT 1350900                     377900                       245050                        132020                        88450                        97420
AVE   45030                      12600                         8170                         4400                         2950                         3250
A F 2679500                     750000                       486000                       261900                        175400                       193200







                                          BUREAU OF RECLAMATION
                                          LOWER COLORADO REGION
                                          BOULDER CITY, NEVADA

                                     GLEN CANYON TO HOOVER DAM LOSSES

                                                JUNE 2017

                      |           | LAKE    |         |   LAKE|    LAKE   |  CHANGE |
               GLEN   |    HOOVER | MEAD    |  STORAGE|   MEAD|    MEAD   |   BANK  |       |          |
              RELEASE |    RELEASE| STORAGE |  CHANGE |PUMPING|EVAPORATION| STORAGE |  LOSS |  ACCUMUL.|  INFLOW
   DATE |      CFS    |     CFS   | 1000 AF |  1000 AF|    CFS|     CFS   |    CFS  |   CFS |     A.F. |   CFS
--------------------------------------------------------------------------------------------------------------------
      1        12900       15400     10127       -14       769       896      -459      1167      2314      9550
      2        13100       14900     10119        -8       750       896      -262     -1166         1     12300
      3        12000       12700     10115        -4       738       895      -131       731      1451     12200
      4        11000       11100     10119         4       614       895       131     -1655     -1831     14800
      5        12900       14600     10116        -3       633       895       -98     -2527     -6843     14500
      6        12900       13900     10109        -7       676       895      -229      -730     -8290     11700
      7        12800       15300     10101        -8       701       895      -262       307     -7681     12600
      8        13100       12700     10096        -5       723       895      -164      1227     -5247     11600
      9        13000       13300     10092        -4       732       895      -131        39     -5170     12800
     10        12000       11300     10095         3       707       894        98     -1437     -8019     14500
     11        11200        9680     10094        -1       687       895       -33      2234     -3589     10700
     12        12900       11500     10096         2       670       895        66     -2106     -7766     14100
     13        13000       13400     10095        -1       692       895       -33     -3253    -14218     14500
     14        13300       14400     10089        -6       716       894      -197       112    -13997     12800
     15        13100       14900     10083        -6       706       894      -197      -311    -14613     13300
     16        12900       16900     10076        -7       698       894      -229     -1451    -17491     14700
     17        11700       13000     10073        -3       732       894       -98        35    -17421     13000
     18        11100       14100     10074         1       699       894        33     -3377    -24120     16200
     19        13200       19700     10062       -12       709       893      -393     -3154    -30376     14900
     20        13700       17800     10047       -15       788       893      -492      -363    -31097     11400
     21        12800       16900     10034       -13       798       892      -426      1554    -28014     11600
     22        13000       16900     10025        -9       801       892      -295       -16    -28046     13800
     23        13100       15400     10021        -4       789       892      -131     -2182    -32375     14900
     24        11800       14300     10016        -5       812       891      -164      -320    -33010     13300
     25        11100       12600     10013        -3       786       891       -98       412    -32193     12700
     26        13100       16000     10005        -8       752       891      -262     -1577    -35320     13300
     27        12900       15100      9996        -9       788       891      -295      -846    -36997     11900
     28        12600       15800      9986       -10       797       890      -328      1017    -34980     12100
     29        12800       15800      9979        -7       814       890      -229      -866    -36697     13700
     30        12900       16500      9971        -8       814       889      -262     -1280    -39235     13900

    TOTAL     377600      435820                         22091     26801                        -39235    393500







</pre>