
<pre>                                                                   BUREAU OF RECLAMATION
                                                                    LOWER COLORADO REGION
                                                                    BOULDER CITY, NEVADA

                                                               ACCUMULATIONS FOR JUNE 2019

    |GLEN CANYON    |                         HOOVER DAM         |             DAVIS DAM           |      MWD       |            PARKER DAM              |
    |               |  LAKE                                      |LAKE                             |                | LAKE                               |   C.A.P.
    |         ACCUM.|  MEAD    HOOVER RELEASE        GROSS  RATE |MOHAVE      DAVIS RELEASE   GROSS|DIVER. AT INTAKE| HAVASU     PARKER RELEASE     GROSS| DIVER. ACCUM.
DAY |   CFS    A.F. |  ELEV.   CFS    A.F.   ACCUM.   GEN  KWH/AF|ELEV   CFS   A.F.   ACCUM.  GEN  | A.F. ACCUM.    | ELEV    CFS    A.F.   ACCUM.  GEN. | A.F.   A.F.
----------------------------------------------------------------------------------------------------------------------------------------------------------------------
  1   10200   20231   1086.40  16509  32746   32746  13052  399  643.41  14410  28583   28583  3615  1761   1761    448.29  12710  25213    25213   1765   6064   6064
  2   10000   40066   1086.42  12719  25228   57974   9999  396  643.20  15200  30153   58736  3809  1201   2962    448.08  12890  25571    50784   1783   6061  12125
  3   14200   68231   1086.26  19668  39010   96984  15371  394  643.43  14400  28558   87294  3613  1017   3979    448.25  11200  22217    73001   1568   3069  15194
  4   13900   95802   1086.07  19556  38788  135772  15217  392  643.77  14400  28559  115853  3619  1029   5008    448.22  12400  24594    97595   1728   2360  17554
  5   14200  123967   1085.94  18354  36404  172176  14245  391  644.00  14410  28576  144429  3613  1790   6798    448.26  12600  24990   122585   1749   3645  21199
  6   13900  151537   1085.79  18697  37084  209260  14857  401  644.29  14190  28155  172584  3548  2050   8848    448.38   8500  16850   139435   1187   3649  24848
  7   14400  180099   1085.69  17205  34126  243386  13533  397  644.44  14800  29347  201931  3739  2045  10893    448.27  13000  25783   165218   1804   2455  27303
  8   10000  199934   1085.73  14379  28520  271906  11304  396  644.36  14810  29369  231300  3738  2039  12932    448.24  12680  25149   190367   1756   3646  30949
  9   10000  219769   1085.71  13080  25944  297850  10254  395  644.23  14600  28958  260258  3690  2038  14970    448.24  11690  23196   213563   1634   3647  34596
 10   14100  247736   1085.69  15816  31370  329220  12432  396  644.17  15590  30927  291185  3937  2034  17004    448.01  13990  27758   241321   1941   3647  38243
 11   13900  275306   1085.56  16227  32187  361407  12676  394  644.15  15600  30946  322131  3985  2027  19031    447.91  14000  27761   269082   1937   2467  40710
 12   14200  303471   1085.46  15843  31424  392831  12257  390  644.04  15560  30853  352984  3939  2024  21055    447.95  13500  26786   295868   1872   3645  44355
 13   14000  331240   1085.39  15767  31273  424104  12501  400  644.11  15530  30806  383790  3912  2022  23077    448.16  10010  19850   315718   1403   2449  46804
 14   14200  359405   1085.42  13316  26413  450517  10506  398  643.78  17200  34114  417904  4316  2017  25094    447.98  14400  28570   344288   1988   3645  50449
 15   10000  379240   1085.45  12232  24261  474778   9606  396  643.47  16090  31918  449822  4044  2011  27105    448.20  12000  23797   368085   1673   3646  54095
 16   10000  399074   1085.51  11309  22432  497210   8812  393  643.27  16090  31909  481731  4026  2010  29115    448.16  13090  25973   394058   1819   3645  57740
 17   14200  427240   1085.45  15282  30311  527521  11849  391  643.15  14020  27811  509542  3533  2005  31120    448.29  11380  22574   416632   1573   3648  61388
 18   14500  456000   1085.28  17330  34374  561895  13386  389  643.41  13990  27751  537293  3528  2000  33120    448.42  10800  21413   438045   1516   2452  63840
 19   14300  484364   1085.12  16517  32760  594655  12853  392  643.51  14000  27777  565070  3513  1997  35117    448.27  12200  24189   462234   1693   3649  67489
 20   14200  512529   1085.05  16847  33416  628072  13082  391  643.54  14010  27792  592862  3486  1997  37114    448.92   5400  10710   472944    736   2470  69959
 21   14600  541488   1085.03  15424  30594  658665  12086  395  643.70  13820  27405  620267  3447  2002  39116    448.67  12190  24183   497127   1710   3652  73611
 22   10300  561917   1085.05  12254  24306  682972   9617  396  643.51  14400  28557  648824  3599  1266  40382    448.59  12610  25006   522133   1759   3650  77261
 23   10300  582347   1085.10  11403  22617  705588   8966  396  643.25  14790  29329  678153  3723  1018  41400    448.46  12900  25589   547722   1800   3648  80909
 24   14400  610909   1085.04  15159  30068  735656  11724  390  643.29  14000  27772  705925  3499  1028  42428    448.39  12800  25385   573107   1789   3647  84556
 25   14400  639471   1084.90  16211  32154  767810  12697  395  643.34  13790  27345  733270  3415  1038  43466    448.20  13710  27190   600297   1902   2450  87006
 26   14400  668033   1084.77  15128  30006  797817  11726  391  643.38  13780  27330  760600  3424  1781  45247    447.90  13900  27563   627860   1929   3646  90652
 27   14200  696198   1084.72  16328  32387  830204  12599  389  643.31  16390  32502  793102  4093  2060  47307    448.52   6600  13095   640955    916   2251  92903
 28   14100  724165   1084.65  15587  30917  861120  12102  391  643.28  16200  32130  825232  4038  2056  49363    448.32  13900  27566   668521   1940   3650  96553
 29   10300  744595   1084.63  13983  27735  888855  10823  390  643.09  15200  30139  855371  3803  2050  51413    448.41  12300  24398   692919   1718   3650 100203
 30   10200  764826   1084.71  11686  23179  912034   8904  384  642.89  15410  30566  885937  3824  2045  53458    448.47  12010  23821   716740   1673   3647 103850

TOTAL                                               359036                                   112069                                                50260










                                                                    BUREAU OF RECLAMATION
                                                                    LOWER COLORADO REGION
                                                                    BOULDER CITY, NEVADA

                                                     AVAILABLE RESERVOIR ELEVATIONS AND CONTENTS FOR JUNE 2019

                                        LAKE MEAD                      LAKE MOHAVE                      LAKE HAVASU                        SENATOR WASH
  AVAILABLE CAPACITY IN A.F.            *26120000                        1809800                           619400                              9144
  ELEVATION IN FEET                        1219.6                          647.0                            450.0                             240.0

           TOTAL     TOTAL    |             HOOVER            |            DAVIS            |             PARKER            |             SENATOR WASH
          SYSTEM    AVAILABLE |ELEVATION    CONTENT   RELEASE |ELEVATION   CONTENT  RELEASE |ELEVATION    CONTENT   RELEASE | ELEVATION   CONTENT  PUMPED   RELEASE
     DAY  STORAGE**   SPACE   |  FEET       1000A.F.    ft3/s |  FEET      1000A.F.  ft3/s  |   FEET      1000A.F.  ft3/s   |  FEET        A.F.     ft3/s    ft3/s
-----------------------------------------------------------------------------------------------------------------------------------------------------------------------------
       1    28663.6  32461.4    1086.40      10548       16500   643.41     1710.0    14400    448.29      585.6    12700      236.96     8027        0        0
       2    28702.0  32423.1    1086.42      10550       12700   643.20     1704.3    15200    448.08      581.6    12900      236.74     7950       28        0
       3    28742.1  32382.9    1086.26      10536       19700   643.43     1710.6    14400    448.25      584.8    11200      237.37     8174      260       65
       4    28777.3  32347.8    1086.07      10520       19600   643.77     1719.7    14400    448.22      584.2    12400      239.83     9080      553        0
       5    28817.8  32307.3    1085.94      10509       18400   644.00     1726.1    14400    448.26      585.0    12600      239.29     8877        0        0
       6    28866.4  32258.7    1085.79      10497       18700   644.29     1734.1    14200    448.38      587.4     8500      237.27     8138        0      325
       7    28939.7  32185.4    1085.69      10488       17200   644.44     1738.4    14800    448.27      585.2    13000      234.59     7214      104      559
       8    29031.2  32093.9    1085.73      10491       14400   644.36     1736.2    14800    448.24      584.8    12700      234.88     7310       90        0
       9    29148.1  31977.0    1085.71      10490       13100   644.23     1732.5    14600    448.24      584.7    11700      235.50     7520      152        0
      10    29268.1  31857.0    1085.69      10488       15800   644.17     1730.8    15600    448.01      580.1    14000      231.16     6121        0      726
      11    29385.7  31739.4    1085.56      10477       16200   644.15     1730.4    15600    447.91      578.3    14000      228.58     5368        0      379
      12    29500.6  31624.5    1085.46      10469       15800   644.04     1727.4    15600    447.95      579.0    13500      229.21     5547      194       90
      13    29630.7  31494.4    1085.39      10463       15800   644.11     1729.2    15500    448.16      583.1    10000      231.71     6289      420        0
      14    29749.2  31375.9    1085.42      10465       13300   643.78     1720.0    17200    447.98      579.6    14400      236.40     7831      846        0
      15    29897.8  31227.3    1085.45      10468       12200   643.47     1711.5    16100    448.20      583.9    12000      239.82     9076      777        0
      16    30044.5  31080.5    1085.51      10473       11300   643.27     1706.1    16100    448.16      583.1    13100      239.65     9013       96        0
      17    30185.5  30939.6    1085.45      10468       15300   643.15     1702.7    14000    448.29      585.5    11400      239.67     9020      111        0
      18    30329.3  30795.8    1085.28      10453       17300   643.41     1709.9    14000    448.42      588.1    10800      238.36     8532        0      169
      19    30446.4  30678.7    1085.12      10440       16500   643.51     1712.8    14000    448.27      585.3    12200      237.84     8342       71       93
      20    30583.8  30541.3    1085.05      10434       16800   643.54     1713.5    14000    448.92      597.9     5400      237.48     8213       10        0
      21    30721.9  30403.1    1085.03      10432       15400   643.70     1717.9    13800    448.67      592.9    12200      237.06     8063        0        0
      22    30851.7  30273.3    1085.05      10434       12300   643.51     1712.7    14400    448.59      591.4    12600      236.67     7926        0        0
      23    30979.8  30145.2    1085.10      10438       11400   643.25     1705.5    14800    448.46      589.0    12900      237.73     8303      261        0
      24    31097.4  30027.6    1085.04      10433       15200   643.29     1706.8    14000    448.39      587.6    12800      235.85     7640        0      284
      25    31191.7  29933.3    1084.90      10421       16200   643.34     1708.2    13800    448.20      583.9    13700      233.02     6699        0      462
      26    31270.2  29854.8    1084.77      10410       15100   643.38     1709.1    13800    447.90      578.1    13900      231.12     6109        0      245
      27    31368.0  29757.1    1084.72      10406       16300   643.31     1707.3    16400    448.52      590.0     6600      228.11     5237        0      463
      28    31443.6  29681.4    1084.65      10400       15600   643.28     1706.3    16200    448.32      586.2    13900      231.63     6265      561        0
      29    31537.2  29587.8    1084.63      10398       14000   643.09     1701.3    15200    448.41      588.0    12300      235.47     7510      689        0
      30    31640.1  29485.0    1084.71      10405       11700   642.89     1695.8    15400    448.47      589.1    12000      237.84     8342      511        0

TOTAL                                                   459800                       446700                        361400                          5734     3860
AVE.                                                     15330                        14890                         12050                           191      129
AC FT                                                   912000                       886000                        717000                         11373     7656

      * BOTTOM OF EXCLUSIVE FLOOD CONTROL SPACE
     ** INCLUDES FONTENELLE AND CRYSTAL RESERVOIRS


                                                                      BUREAU OF RECLAMATION
                                                                      LOWER COLORADO REGION
                                                                      BOULDER CITY, NEVADA

                                             COLORADO RIVER STORAGE PROJECT DATA (operational) FOR JUNE 2019

                   LAKE POWELL          |        FLAMING GORGE        |          NAVAJO            |      BLUE MESA             |     MORROW POINT
             MAX. STORAGE 24322000 AF   |  MAX. STORAGE 3749000 AF    | MAX. STORAGE 1696000 AF    | MAX. STORAGE 829500 AF     | MAX. STORAGE 117025 AF  
    COMPUTED MAX. ELEV. 3700.0 FEET     |  MAX. ELEV. 6040.0 FEET     | MAX. ELEV. 6085.0 FEET     | MAX. ELEV. 7519.4 FEET     | MAX. ELEV. 7160.0 FEET
     INFLOW  ELEVATION CONTENT  RELEASE |  ELEVATION CONTENT  RELEASE | ELEVATION CONTENT  RELEASE | ELEVATION CONTENT  RELEASE | ELEVATION CONTENT  RELEASE
DATE FT3/S   (FEET)  (1000 AF)   FT3/S  |  (FEET)  (1000 AF)   FT3/   |(FEET)  (1000 AF)   FT3/S   | (FEET)  (1000 AF)   FT3/S  |(FEET)  (1000 AF)   FT3/S
------------------------------------------------------------------------------------------------------------------------------------------------------------
   1  30500   3585.06   10379    10200      6030.79   3380     1610      6054.83   1280      410     7470.87    441.7    5950     7152.57    111.1    7390
   2  33200   3585.53   10421    10000      6030.83   3380     1600      6055.44   1290      410     7470.30    437.8    5940     7150.33    109.3    7600
   3  34600   3585.94   10457    14200      6030.91   3380     2440      6055.98   1300     1250     7469.99    435.7    5970     7148.03    107.6    7770
   4  37700   3586.42   10500    13900      6030.75   3380     6920      6056.50   1300     2440     7469.82    434.6    6010     7145.40    105.5    7850
   5  41500   3586.97   10548    14200      6030.51   3370     8440      6056.76   1310     3620     7469.73    434.0    6030     7142.93    103.7    7920
   6  44700   3587.59   10604    13900      6030.21   3360     7940      6056.89   1310     4350     7469.81    434.5    6030     7140.87    102.2    7930
   7  49100   3588.29   10666    14400      6030.29   3360     7110      6057.26   1310     4660     7470.24    437.4    6030     7139.04    100.8    7920
   8  54300   3589.18   10746    10000      6030.05   3350     6050      6057.78   1320     4680     7470.87    441.7    6020     7138.16    100.2    7660
   9  64300   3590.27   10845    10000      6029.95   3350     6540      6058.47   1330     4230     7471.69    447.3    6000     7137.72     99.8    7440
  10  72700   3591.44   10951    14100      6029.77   3340     7850      6059.14   1340     4160     7472.41    452.2    6050     7138.25    100.2    6810
  11  77900   3592.71   11068    13900      6029.59   3330     8530      6059.55   1340     4720     7473.07    456.8    6050     7140.46    101.9    6060
  12  76100   3593.93   11180    14200      6029.47   3330     8550      6060.00   1350     5060     7473.75    461.5    6030     7145.41    105.6    5020
  13  75300   3595.13   11291    14000      6029.47   3330     8500      6060.60   1360     4410     7474.83    469.0    5480     7150.05    109.1    4380
  14  72800   3596.27   11398    14200      6029.45   3330     8630      6061.33   1360     3080     7476.63    481.7    3560     7152.38    110.9    3250
  15  76100   3597.55   11518    10000      6029.47   3330     8630      6062.35   1380     1560     7478.88    497.9    1880     7152.18    110.8    2620
  16  75000   3598.80   11636    10000      6029.49   3330     8630      6063.26   1390      500     7481.05    513.7    1450     7151.62    110.3    2290
  17  78100   3600.02   11752    14200      6029.53   3330     8290      6064.06   1400      500     7483.29    530.2    1310     7151.68    110.4    1890
  18  78300   3601.23   11868    14500      6029.65   3340     6940      6064.81   1410      500     7485.21    544.6    1520     7152.72    111.2    1660
  19  68500   3602.25   11966    14300      6029.81   3340     5930      6065.45   1420      500     7487.15    559.4     960     7153.10    111.5    1270
  20  68200   3603.26   12064    14200      6029.97   3350     4950      6066.08   1430      490     7489.09    574.3     880     7154.10    112.3     940
  21  72000   3604.33   12168    14600      6030.21   3360     3930      6066.73   1440      490     7491.25    591.1      60     7153.98    112.2     690
  22  65500   3605.35   12268    10300      6030.47   3370     3390      6067.38   1440      600     7493.14    606.0     670     7154.66    112.7    1010
  23  68900   3606.43   12374    10300      6030.71   3380     2920      6067.88   1450      600     7494.90    620.0     100     7153.36    111.7    1050
  24  69100   3607.43   12473    14400      6031.01   3390     2440      6068.28   1460      600     7496.25    630.8     830     7152.94    111.4    1330
  25  62800   3608.31   12561    14400      6031.29   3400     1950      6068.70   1460      600     7497.45    640.5     740     7152.19    110.8    1390
  26  54900   3609.04   12634    14400      6031.61   3410     1940      6069.08   1470      600     7498.54    649.4    1250     7153.27    111.6    1170
  27  53800   3609.75   12705    14200      6031.87   3420     2020      6069.54   1470      600     7499.72    659.0    1250     7153.44    111.8    1540
  28  50500   3610.40   12771    14100      6032.07   3430     2030      6070.06   1480      600     7501.07    670.2    1320     7154.07    112.3    1500
  29  50600   3611.12   12843    10300      6032.31   3440     2040      6070.68   1490      610     7502.47    681.8    1610     7155.52    113.4    1450
  30  49700   3611.82   12914    10200      6032.55   3450     2040      6071.44   1500      610     7504.14    695.8     740     7155.10    113.1    1370

TOT 1806700                     385600                       158780                        57440                        97720                       118170
AVE   60223                      12850                         5290                         1910                         3260                         3940
A F 3583500                     765000                       315000                       113900                        193800                       234400







                                          BUREAU OF RECLAMATION
                                          LOWER COLORADO REGION
                                          BOULDER CITY, NEVADA

                                     GLEN CANYON TO HOOVER DAM LOSSES

                                                JUNE 2019

                      |           | LAKE    |         |   LAKE|    LAKE   |  CHANGE |
               GLEN   |    HOOVER | MEAD    |  STORAGE|   MEAD|    MEAD   |   BANK  |       |          |
              RELEASE |    RELEASE| STORAGE |  CHANGE |PUMPING|EVAPORATION| STORAGE |  LOSS |  ACCUMUL.|  INFLOW
   DATE |      CFS    |     CFS   | 1000 AF |  1000 AF|    CFS|     CFS   |    CFS  |   CFS |     A.F. |   CFS
--------------------------------------------------------------------------------------------------------------------
      1        10200       16500     10548        -7       634       913      -229     -2055     -4075     14300
      2        10000       12700     10550         2       635       913        66     -3084    -10191     15300
      3        14200       19700     10536       -14       632       913      -459     -3537    -17208     13700
      4        13900       19600     10520       -16       637       912      -524     -2540    -22246     12600
      5        14200       18400     10509       -11       690       912      -360       130    -21989     14100
      6        13900       18700     10497       -12       756       911      -393       -46    -22079     13900
      7        14400       17200     10488        -9       784       911      -295       156    -21771     14100
      8        10000       14400     10491         3       764       911        98     -3737    -29182     17700
      9        10000       13100     10490        -1       683       911       -33       212    -28761     14200
     10        14100       15800     10488        -2       724       911       -66     -6318    -41293     16400
     11        13900       16200     10477       -11       768       910      -360     -1954    -45169     12000
     12        14200       15800     10469        -8       795       910      -262       868    -43448     13200
     13        14000       15800     10463        -6       816       910      -197      -362    -44166     14300
     14        14200       13300     10465         2       761       910        66     -1872    -47878     16000
     15        10000       12200     10468         3       774       910        98     -1471    -50797     15500
     16        10000       11300     10473         5       698       910       164     -1437    -53648     15600
     17        14200       15300     10468        -5       744       910      -164     -4315    -62207     14300
     18        14500       17300     10453       -15       794       909      -492      -915    -64021     10900
     19        14300       16500     10440       -13       777       909      -426      3012    -58046     11200
     20        14200       16800     10434        -6       782       908      -197      -787    -59607     15300
     21        14600       15400     10432        -2       832       908       -66     -1780    -63138     16100
     22        10300       12300     10434         2       784       908        66      -848    -64820     15100
     23        10300       11400     10438         4       676       908       131      -564    -65938     15100
     24        14400       15200     10433        -5       785       908      -164     -3862    -73598     14200
     25        14400       16200     10421       -12       831       908      -393     -1234    -76046     11500
     26        14400       15100     10410       -11       820       908      -360      3521    -69062     10900
     27        14200       16300     10406        -4       819       907      -131     -1492    -72022     15900
     28        14100       15600     10400        -6       820       907      -197       265    -71495     14100
     29        10300       14000     10398        -2       778       907       -66      -385    -72259     14600
     30        10200       11700     10405         7       711       907       229     -3001    -78211     17100

    TOTAL     385700      459820                         22504     27290                        -78212    429100




</pre>


