<pre>
                                                                    BUREAU OF RECLAMATION
                                                                    LOWER COLORADO REGION
                                                                    BOULDER CITY, NEVADA

                                                               ACCUMULATIONS FOR JUNE 2018

    |GLEN CANYON    |                         HOOVER DAM         |             DAVIS DAM           |      MWD       |            PARKER DAM              |
    |               |  LAKE                                      |LAKE                             |                | LAKE                               |   C.A.P.
    |         ACCUM.|  MEAD    HOOVER RELEASE        GROSS  RATE |MOHAVE      DAVIS RELEASE   GROSS|DIVER. AT INTAKE| HAVASU     PARKER RELEASE     GROSS| DIVER. ACCUM.
DAY |   CFS    A.F. |  ELEV.   CFS    A.F.   ACCUM.   GEN  KWH/AF|ELEV   CFS   A.F.   ACCUM.  GEN  | A.F. ACCUM.    | ELEV    CFS    A.F.   ACCUM.  GEN. | A.F.   A.F.
----------------------------------------------------------------------------------------------------------------------------------------------------------------------
  1   14100   27967   1079.90  16920  33561   33561  12735  379  643.11  15980  31702   31702  3951  2990   2990    448.09  13510  26800    26800   1861   5788   5788
  2    9900   47603   1079.88  13727  27228   60789  10385  381  642.88  15980  31704   63406  3950  2973   5963    447.81  13500  26778    53578   1843   5790  11578
  3   10000   67438   1079.89  12489  24772   85561   9356  378  642.59  16000  31728   95134  3946  2960   8923    447.62  13900  27572    81150   1896   5799  17377
  4   14100   95405   1079.73  18916  37519  123080  14391  384  642.79  15400  30554  125688  3802  2949  11872    447.54  13210  26202   107352   1804   2591  19968
  5   13800  122777   1079.56  16750  33223  156303  12752  384  642.78  15990  31722  157410  3960  2610  14482    447.36  14190  28144   135496   1933   2446  22414
  6   13900  150347   1079.36  17897  35499  191802  13794  389  642.85  16590  32908  190318  4111  2498  16980    447.35  14000  27766   163262   1914   2598  25012
  7   14100  178314   1079.22  18588  36869  228671  14404  391  642.99  16790  33294  223612  4144  2516  19496    447.71  10400  20628   183890   1437   2598  27610
  8   13900  205884   1079.13  18184  36067  264738  13953  387  643.10  16790  33300  256912  4146  2532  22028    447.97  11100  22016   205906   1522   2520  30130
  9    9900  225521   1079.10  14285  28334  293072  10850  383  642.78  16590  32910  289822  4100  2545  24573    448.24  11700  23202   229108   1615   2589  32719
 10    9900  245157   1079.12  12424  24643  317715   9422  382  642.54  16590  32910  322732  4088  2557  27130    448.30  12200  24206   253314   1678   2745  35464
 11   14000  272926   1079.03  17272  34258  351973  13162  384  642.44  16190  32116  354848  3983  2567  29697    448.47  12000  23792   277106   1657   2745  38209
 12   14200  301091   1078.78  20433  40529  392502  15644  386  642.86  14200  28158  383006  3484  2917  32614    448.53  11000  21814   298920   1520   2746  40955
 13   14000  328859   1078.50  21314  42276  434778  16115  381  643.24  14370  28512  411518  3555  3029  35643    448.70  10000  19842   318762   1400   2746  43701
 14   14100  356826   1078.38  18368  36433  471211  14172  389  643.49  14810  29374  440892  3665  3338  38981    448.70  11590  22979   341741   1613   2443  46144
 15   14000  384595   1078.31  15800  31339  502551  12166  388  643.38  15570  30886  471778  3863  3436  42417    448.50  13010  25807   367548   1794   2746  48890
 16    9800  404033   1078.31  12829  25446  527997   9870  388  643.15  15580  30912  502690  3865  3414  45831    448.32  13490  26764   394312   1868   2747  51637
 17    9700  423273   1078.32  12107  24013  552010   9258  386  642.92  15580  30902  533592  3859  3397  49228    448.32  12220  24237   418549   1691   3661  55298
 18   14000  451041   1078.24  16303  32336  584346  12410  384  642.95  14990  29734  563326  3701  3385  52613    448.33  12000  23792   442341   1657   2444  57742
 19   14200  479207   1078.05  17308  34331  618677  13044  380  643.03  15190  30122  593448  3748  3375  55988    448.39  11600  23000   465341   1603   2444  60186
 20   13900  506777   1077.85  20088  39843  658520  15201  382  643.30  14600  28960  622408  3616  3316  59304    448.43  11110  22042   487383   1539   2442  62628
 21   14000  534545   1077.67  20418  40499  699019  15455  382  643.72  13590  26952  649360  3379  3028  62332    448.99   6510  12920   500303    908   2444  65072
 22   14000  562314   1077.55  19166  38014  737033  14433  380  644.03  13990  27752  677112  3483  2976  65308    448.85  11900  23598   523901   1653   2446  67518
 23   10100  582347   1077.50  13845  27461  764495  10679  389  643.83  15600  30936  708048  3890  2991  68299    448.68  12790  25378   549279   1781   2446  69964
 24   10100  602380   1077.53  12501  24796  789291   9597  387  643.64  14990  29740  737788  3721  3002  71301    448.57  13100  25992   575271   1807   3666  73630
 25   14100  630347   1077.44  16779  33281  822572  12782  384  643.70  15200  30152  767940  3780  3014  74315    448.59  11900  23608   598879   1652   2443  76073
 26   13900  657917   1077.19  20267  40199  862771  15433  384  644.21  12980  25742  793682  3240  3026  77341    448.66  11190  22198   621077   1557   2443  78516
 27   14000  685686   1076.97  17525  34761  897532  13292  382  644.43  13000  25778  819460  3252  3351  80692    448.65  10000  19834   640911   1403   2137  80653
 28   13900  713256   1076.87  16411  32550  930082  12467  383  644.53  14990  29740  849200  3740  3343  84035    448.83   8400  16667   657578   1167   2445  83098
 29   13900  740826   1076.83  15149  30047  960129  11511  383  644.41  14980  29704  878904  3737  3424  87459    448.58  13890  27555   685133   1935   2446  85544
 30   10000  760661   1076.81  12940  25667  985796   9900  386  644.29  14990  29734  908638  3739  3400  90859    448.43  13310  26397   711530   1856   2448  87992

TOTAL                                               378633                                   113498                                                49563










                                                                    BUREAU OF RECLAMATION
                                                                    LOWER COLORADO REGION
                                                                    BOULDER CITY, NEVADA

                                                     AVAILABLE RESERVOIR ELEVATIONS AND CONTENTS FOR JUNE 2018

                                        LAKE MEAD                      LAKE MOHAVE                      LAKE HAVASU                        SENATOR WASH
  AVAILABLE CAPACITY IN A.F.            *26120000                        1809800                           619400                              9144
  ELEVATION IN FEET                        1219.6                          647.0                            450.0                             240.0

           TOTAL     TOTAL    |             HOOVER            |            DAVIS            |             PARKER            |             SENATOR WASH
          SYSTEM    AVAILABLE |ELEVATION    CONTENT   RELEASE |ELEVATION   CONTENT  RELEASE |ELEVATION    CONTENT   RELEASE | ELEVATION   CONTENT  PUMPED   RELEASE
     DAY  STORAGE**   SPACE   |  FEET       1000A.F.    ft3/s |  FEET      1000A.F.  ft3/s  |   FEET      1000A.F.  ft3/s   |  FEET        A.F.     ft3/s    ft3/s
-----------------------------------------------------------------------------------------------------------------------------------------------------------------------------
       1    30611.8  30513.2    1079.90      10003       16900   643.11     1701.7    16000    448.09      581.7    13500      225.33     4500        0      703
       2    30619.1  30506.0    1079.88      10001       13700   642.88     1695.5    16000    447.81      576.4    13500      221.25     3535        0      476
       3    30637.2  30487.9    1079.89      10002       12500   642.59     1687.6    16000    447.62      572.7    13900      226.46     4792      636        0
       4    30645.5  30479.6    1079.73       9989       18900   642.79     1692.9    15400    447.54      571.3    13200      226.54     4813       94       60
       5    30646.5  30478.6    1079.56       9975       16700   642.78     1692.8    16000    447.36      567.8    14200      226.32     4755        0        0
       6    30643.5  30481.5    1079.36       9958       17900   642.85     1694.7    16600    447.35      567.8    14000      226.11     4700        0        0
       7    30653.1  30472.0    1079.22       9946       18600   642.99     1698.5    16800    447.71      574.5    10400      225.89     4643        0        0
       8    30663.2  30461.9    1079.13       9939       18200   643.10     1701.6    16800    447.97      579.5    11100      230.05     5790      608        0
       9    30670.2  30454.8    1079.10       9937       14300   642.78     1692.7    16600    448.24      584.6    11700      234.55     7200      806        0
      10    30682.9  30442.1    1079.12       9938       12400   642.54     1686.1    16600    448.30      585.9    12200      238.05     8419      754        0
      11    30677.7  30447.3    1079.03       9931       17300   642.44     1683.4    16200    448.47      589.0    12000      237.60     8256       57        0
      12    30669.6  30455.4    1078.78       9910       20400   642.86     1694.9    14200    448.53      590.3    11000      236.74     7950        0       52
      13    30653.8  30471.3    1078.50       9887       21300   643.24     1705.2    14400    448.70      593.5    10000      236.25     7779        0        0
      14    30650.4  30474.6    1078.38       9877       18400   643.49     1712.2    14800    448.70      593.6    11600      235.76     7609        0        0
      15    30623.8  30501.2    1078.31       9871       15800   643.38     1709.1    15600    448.50      589.7    13000      234.40     7150        0      167
      16    30613.6  30511.5    1078.31       9871       12800   643.15     1702.9    15600    448.32      586.3    13500      234.40     7150        0      167
      17    30604.2  30520.8    1078.32       9872       12100   642.92     1696.5    15600    448.32      586.2    12200      235.32     7459      505        0
      18    30590.9  30534.2    1078.24       9866       16300   642.95     1697.3    15000    448.33      586.5    12000      236.38     7824      287       17
      19    30584.3  30540.7    1078.05       9850       17300   643.03     1699.5    15200    448.39      587.5    11600      236.96     8027      194        0
      20    30575.1  30550.0    1077.85       9834       20100   643.30     1706.8    14600    448.43      588.3    11100      236.46     7852        0        0
      21    30580.4  30544.6    1077.67       9819       20400   643.72     1718.6    13600    448.99      599.1     6510      235.99     7688        0        0
      22    30574.8  30550.3    1077.55       9809       19200   644.03     1727.2    14000    448.85      596.4    11900      235.54     7534        0        0
      23    30561.5  30563.6    1077.50       9805       13800   643.83     1721.5    15600    448.68      593.2    12800      235.11     7387        0        0
      24    30551.1  30573.9    1077.53       9807       12500   643.64     1716.4    15000    448.57      591.0    13100      234.71     7253        0        0
      25    30526.4  30598.6    1077.44       9800       16800   643.70     1717.8    15200    448.59      591.4    11900      234.31     7120        0        0
      26    30505.7  30619.3    1077.19       9780       20300   644.21     1732.1    13000    448.66      592.9    11200      235.97     7681      349        0
      27    30476.1  30648.9    1076.97       9762       17500   644.43     1738.1    13000    448.65      592.6    10000      235.52     7527        0        0
      28    30454.2  30670.9    1076.87       9753       16400   644.53     1740.9    15000    448.83      596.1     8400      235.09     7381        0        0
      29    30420.3  30704.7    1076.83       9750       15100   644.41     1737.7    15000    448.58      591.3    13900      234.68     7243        0        0
      30    30399.8  30725.3    1076.81       9748       12900   644.29     1734.3    15000    448.43      588.4    13300      231.43     6203        0      507

TOTAL                                                   496800                       458400                        358710                          4290     2149
AVE.                                                     16560                        15280                         11960                           143       72
AC FT                                                   985000                       909000                        711000                          8509     4262

      * BOTTOM OF EXCLUSIVE FLOOD CONTROL SPACE
     ** INCLUDES FONTENELLE AND CRYSTAL RESERVOIRS


                                                                      BUREAU OF RECLAMATION
                                                                      LOWER COLORADO REGION
                                                                      BOULDER CITY, NEVADA

                                             COLORADO RIVER STORAGE PROJECT DATA (operational) FOR JUNE 2018

                   LAKE POWELL          |        FLAMING GORGE        |          NAVAJO            |      BLUE MESA             |     MORROW POINT
             MAX. STORAGE 24322000 AF   |  MAX. STORAGE 3749000 AF    | MAX. STORAGE 1696000 AF    | MAX. STORAGE 829500 AF     | MAX. STORAGE 117025 AF  
    COMPUTED MAX. ELEV. 3700.0 FEET     |  MAX. ELEV. 6040.0 FEET     | MAX. ELEV. 6085.0 FEET     | MAX. ELEV. 7519.4 FEET     | MAX. ELEV. 7160.0 FEET
     INFLOW  ELEVATION CONTENT  RELEASE |  ELEVATION CONTENT  RELEASE | ELEVATION CONTENT  RELEASE | ELEVATION CONTENT  RELEASE | ELEVATION CONTENT  RELEASE
DATE FT3/S   (FEET)  (1000 AF)   FT3/S  |  (FEET)  (1000 AF)   FT3/   |(FEET)  (1000 AF)   FT3/S   | (FEET)  (1000 AF)   FT3/S  |(FEET)  (1000 AF)   FT3/S
------------------------------------------------------------------------------------------------------------------------------------------------------------
   1  22000   3611.67   12899    14100      6028.69   3300     4150      6049.72   1220      640     7480.84    512.1    1530     7154.07    112.3    1550
   2  16100   3611.77   12909     9900      6028.83   3300     3770      6049.63   1220      640     7480.78    511.7    1440     7153.97    112.2    1560
   3  19000   3611.92   12925    10000      6029.01   3310     3390      6049.54   1220      640     7480.87    512.4    1530     7154.13    112.3    1510
   4  18200   3611.98   12931    14100      6029.21   3320     3050      6049.45   1220      640     7480.81    511.9    1580     7154.06    112.3    1620
   5  19500   3612.07   12940    13800      6029.43   3330     2790      6049.33   1220      640     7480.71    511.2    1960     7154.79    112.8    1680
   6  16900   3612.11   12944    13900      6029.69   3340     2480      6049.08   1210     1400     7480.66    510.8    1470     7154.77    112.8    1530
   7  14900   3612.11   12944    14100      6030.00   3350     2170      6048.94   1210      660     7480.57    510.2    1540     7155.70    113.6    1180
   8  16400   3612.14   12947    13900      6030.20   3360     1810      6048.78   1210      630     7480.45    509.3    1600     7155.58    113.5    1670
   9  12900   3612.18   12951     9900      6030.47   3370     1810      6048.62   1210      650     7480.28    508.0    1780     7155.81    113.7    1720
  10  14500   3612.25   12958     9900      6030.77   3380     1810      6048.43   1210      650     7480.15    507.1    1450     7156.16    113.9    1320
  11  12000   3612.20   12953    14000      6031.01   3390     1810      6048.24   1210      650     7480.02    506.1    1540     7155.98    113.8    1620
  12  11100   3612.13   12946    14200      6031.27   3400     1810      6048.06   1200      650     7479.82    504.7    1650     7156.32    114.1    1530
  13   8600   3612.02   12935    14000      6031.53   3410     1810      6047.83   1200      650     7479.58    502.9    1770     7156.39    114.1    1760
  14  13200   3611.99   12932    14100      6031.79   3420     1790      6047.61   1200      630     7479.35    501.3    1710     7156.68    114.4    1600
  15   6400   3611.84   12916    14000      6032.05   3430     1750      6047.40   1200      630     7479.18    500.0    1550     7155.70    113.6    1960
  16   8300   3611.80   12912     9800      6032.33   3440     1790      6047.29   1190      500     7479.00    498.7    1590     7155.58    113.5    1650
  17   6100   3611.72   12904     9700      6032.59   3450     1770      6047.15   1190      490     7479.13    499.7     570     7153.24    111.6    1540
  18   7000   3611.58   12890    14000      6032.79   3460     1750      6047.00   1190      490     7478.89    497.9    2070     7154.00    112.2    1790
  19   9900   3611.49   12881    14200      6033.15   3470     1800      6046.81   1190      490     7478.66    496.3    1710     7153.77    112.0    1830
  20   6900   3611.35   12867    13900      6033.39   3480     1760      6046.61   1190      610     7478.41    494.5    1770     7153.94    112.2    1720
  21   5900   3611.19   12850    14000      6033.63   3490     1750      6046.42   1180      640     7478.08    492.1    1640     7153.88    112.1    1680
  22   9300   3611.09   12840    14000      6033.81   3500     1790      6046.22   1180      640     7477.80    490.1    1730     7153.89    112.1    1770
  23   7500   3611.03   12834    10100      6034.05   3510     1740      6046.01   1180      640     7477.51    488.0    1730     7154.12    112.3    1650
  24   7500   3610.97   12828    10100      6034.23   3520     1770      6045.81   1180      720     7477.24    486.1    1490     7153.59    111.9    1700
  25   4400   3610.78   12809    14100      6034.43   3520     1780      6045.58   1170      750     7476.92    483.8    1760     7153.62    111.9    1760
  26   5900   3610.62   12793    13900      6034.65   3530     1810      6045.32   1170      940     7476.56    481.2    1760     7153.70    112.0    1740
  27   5900   3610.46   12777    14000      6034.81   3540     1790      6045.04   1170      940     7476.09    477.9    2190     7153.90    112.1    2120
  28   4200   3610.27   12757    13900      6034.95   3540     1780      6044.78   1170      940     7475.74    475.4    1750     7154.29    112.4    1620
  29   3700   3610.07   12737    13900      6035.03   3550     1790      6044.51   1160      940     7475.40    473.0    1750     7154.54    112.6    1660
  30   5800   3609.98   12728    10000      6035.09   3550     1780      6044.23   1160      940     7475.06    470.6    1630     7154.16    112.3    1780

TOT  320000                     383500                        62850                        21070                        49240                        49820
AVE   10667                      12780                         2090                          700                         1640                         1660
A F  634700                     761000                       125000                        41800                        97700                        98800







                                          BUREAU OF RECLAMATION
                                          LOWER COLORADO REGION
                                          BOULDER CITY, NEVADA

                                     GLEN CANYON TO HOOVER DAM LOSSES

                                                JUNE 2018

                      |           | LAKE    |         |   LAKE|    LAKE   |  CHANGE |
               GLEN   |    HOOVER | MEAD    |  STORAGE|   MEAD|    MEAD   |   BANK  |       |          |
              RELEASE |    RELEASE| STORAGE |  CHANGE |PUMPING|EVAPORATION| STORAGE |  LOSS |  ACCUMUL.|  INFLOW
   DATE |      CFS    |     CFS   | 1000 AF |  1000 AF|    CFS|     CFS   |    CFS  |   CFS |     A.F. |   CFS
--------------------------------------------------------------------------------------------------------------------
      1        14100       16900     10003        -8       752       891      -262     -1862     -3692     14200
      2         9900       13700     10001        -2       749       891       -66     -1848     -7358     14300
      3        10000       12500     10002         1       661       891        33      -533     -8414     14600
      4        14100       18900      9989       -13       733       890      -426     -3688    -15729     13500
      5        13800       16700      9975       -14       752       890      -459      -871    -17457     10800
      6        13900       17900      9958       -17       726       889      -557      3692    -10133     10400
      7        14100       18600      9946       -12       755       888      -393       -21    -10175     13800
      8        13900       18200      9939        -7       723       888      -229     -2166    -14472     16100
      9         9900       14300      9937        -2       668       888       -66      -676    -15812     14800
     10         9900       12400      9938         1       648       888        33      -542    -16887     14500
     11        14000       17300      9931        -7       701       888      -229     -5210    -27221     15100
     12        14200       20400      9910       -21       755       887      -688      -881    -28967     10800
     13        14000       21300      9887       -23       743       886      -754      3450    -22124     10600
     14        14100       18400      9877       -10       771       885      -328      -466    -23048     14700
     15        14000       15800      9871        -6       758       885      -197      -253    -23550     14200
     16         9800       12800      9871         0       752       885         0      -349    -24242     14400
     17         9700       12100      9872         1       695       885        33      -237    -24711     14200
     18        14000       16300      9866        -6       740       885      -197     -4939    -34507     14700
     19        14200       17300      9850       -16       774       884      -524      -631    -35759     10400
     20        13900       20100      9834       -16       775       884      -524       823    -34127     13200
     21        14000       20400      9819       -15       764       883      -492       165    -33800     14000
     22        14000       19200      9809       -10       747       882      -328     -1586    -36945     15500
     23        10100       13800      9805        -4       783       882      -131       670    -35616     13300
     24        10100       12500      9807         2       706       882        66     -1131    -37860     15200
     25        14100       16800      9800        -7       747       882      -229     -4616    -47016     14700
     26        13900       20300      9780       -20       803       881      -655     -1192    -49380     11200
     27        14000       17500      9762       -18       781       880      -590      4588    -40281      9500
     28        13900       16400      9753        -9       839       880      -295       649    -38993     13300
     29        13900       15100      9750        -3       800       880       -98     -1205    -41384     15200
     30        10000       12900      9748        -2       822       879       -66       336    -40716     13500

    TOTAL     383100      497010                         22423     26559                        -40717    404600







</pre>