<pre>
                                                                    BUREAU OF RECLAMATION
                                                                    LOWER COLORADO REGION
                                                                    BOULDER CITY, NEVADA

                                                               ACCUMULATIONS FOR JUNE 2013

    |GLEN CANYON    |                         HOOVER DAM         |             DAVIS DAM           |      MWD       |            PARKER DAM              |
    |               |  LAKE                                      |LAKE                             |                | LAKE                               |   C.A.P.
    |         ACCUM.|  MEAD    HOOVER RELEASE        GROSS  RATE |MOHAVE      DAVIS RELEASE   GROSS|DIVER. AT INTAKE| HAVASU     PARKER RELEASE     GROSS| DIVER. ACCUM.
DAY |   CFS    A.F. |  ELEV.   CFS    A.F.   ACCUM.   GEN  KWH/AF|ELEV   CFS   A.F.   ACCUM.  GEN  | A.F. ACCUM.    | ELEV    CFS    A.F.   ACCUM.  GEN. | A.F.   A.F.
----------------------------------------------------------------------------------------------------------------------------------------------------------------------
  1   13000   25785   1108.32  10306  20442   20442   8359  409  643.81  15190  30128   30128  3781  3023   3023    448.74  12000  23810    23810   1651   4080   4080
  2   12800   51174   1108.28   8488  16836   37278   6895  410  643.28  15230  30207   60335  3776  3076   6099    448.59  12000  23807    47617   1647   4840   8920
  3   14000   78942   1108.14  13813  27398   64676  11256  411  643.26  15000  29754   90089  3702  3945  10044    448.43  12300  24403    72020   1681   4467  13386
  4   13600  105917   1108.05  15493  30730   95406  12667  412  643.29  15140  30026  120115  3733  3850  13894    448.27  12400  24594    96614   1695   4463  17849
  5   13800  133289   1108.06  13457  26692  122098  11047  414  643.01  15080  29920  150035  3713  3900  17794    448.17  11810  23415   120029   1613   4463  22312
  6   13800  160661   1108.13  10716  21254  143352   8721  410  642.65  15300  30350  180385  3779  3812  21606    448.35   9110  18065   138094   1249   4465  26777
  7   13800  188033   1108.07  15167  30084  173436  12240  407  642.54  16800  33321  213706  4149  3396  25002    448.29  11900  23610   161704   1619   4463  31240
  8   13000  213818   1108.10  12423  24640  198076  10116  411  642.15  16180  32097  245803  3985  3459  28461    448.27  12290  24384   186088   1671   4465  35704
  9   12600  238810   1108.19   9708  19256  217332   7910  411  641.68  16180  32093  277896  3970  3427  31888    448.23  11990  23787   209875   1640   4875  40580
 10   13800  266182   1108.04  17294  34302  251634  14019  409  641.85  15590  30929  308825  3814  3404  35292    448.22  12500  24792   234667   1702   4469  45049
 11   13700  293355   1107.86  20715  41088  292722  16741  407  642.03  15590  30913  339738  3818  3832  39124    448.17  12190  24177   258844   1661   4469  49517
 12   13700  320529   1107.76  17137  33990  326712  14069  414  642.16  15380  30514  370252  3772  3663  42787    448.04  11800  23401   282245   1602   4469  53986
 13   13700  347702   1107.65  18233  36164  362876  15183  420  642.30  15390  30531  400783  3773  3709  46497    448.37   8010  15888   298133   1103   4469  58455
 14   13600  374678   1107.46  20934  41522  404398  17409  419  642.66  15400  30554  431337  3839  3326  49823    448.51  10990  21806   319939   1503   4471  62926
 15   13000  400463   1107.44  13754  27280  431678  11664  428  642.52  15380  30512  461849  3821  3392  53215    448.51  11100  22017   341956   1520   4469  67394
 16   12600  425455   1107.37  14681  29120  460798  12083  415  642.48  15380  30513  492362  3786  3443  56658    448.24  12580  24958   366914   1723   4869  72264
 17   13800  452826   1107.25  17943  35590  496388  14614  411  642.63  15370  30490  522852  3787  3398  60056    448.18  11500  22803   389717   1565   4471  76735
 18   13700  480000   1107.13  17243  34202  530590  14088  412  642.66  15390  30532  553384  3794  3437  63493    448.16  11490  22795   412512   1565   4469  81203
 19   13800  507372   1107.06  15129  30008  560598  13123  437  642.63  15380  30508  583892  3781  3302  66795    448.08  11990  23790   436302   1628   4469  85672
 20   13800  534744   1106.93  20158  39982  600580  16207  405  642.88  15800  31340  615232  3897  3382  70177    448.13  11000  21828   458130   1503   4425  90097
 21   13800  562116   1106.74  20329  40322  640902  16373  406  643.02  16390  32502  647734  4038  3364  73541    448.09  11990  23784   481914   1625   4467  94564
 22   13000  587901   1106.63  17556  34822  675724  14121  406  643.16  14900  29554  677288  3740  3471  77012    448.08  12490  24783   506697   1699   4467  99031
 23   12500  612694   1106.61  13408  26594  702318  10783  405  642.94  16580  32892  710180  4103  3318  80331    447.91  12500  24784   531481   1695   4865 103896
 24   13500  639471   1106.57  16255  32242  734560  13058  405  642.80  16600  32933  743113  4100  3467  83798    447.89  12000  23803   555284   1625   4463 108359
 25   13900  667041   1106.43  18572  36838  771397  14736  400  642.98  14990  29724  772837  3704  3420  87217    447.96  11800  23412   578696   1612   4449 112808
 26   13800  694413   1106.29  18912  37512  808909  15031  401  643.12  16300  32325  805162  4026  3108  90325    447.99  11010  21839   600535   1488   3880 116688
 27   13600  721388   1106.18  20184  40034  848943  15924  398  643.27  15860  31459  836621  3927  3425  93751    448.41   8850  17546   618081   1197   2497 119185
 28   13700  748562   1106.08  18376  36448  885391  14468  397  643.37  15300  30350  866971  3799  3429  97180    448.65  11020  21854   639935   1509   2408 121593
 29   13100  774545   1106.04  15179  30108  915499  12185  405  643.38  15290  30323  897294  3780  3410 100590    448.66  12000  23806   663741   1646   3088 124681
 30   12600  799537   1105.98  16225  32182  947681  12966  403  643.45  15290  30324  927618  3786  3269 103859    448.45  11990  23790   687531   1632   4867 129548

TOTAL                                               388055                                   115473                                                47268










                                                                    BUREAU OF RECLAMATION
                                                                    LOWER COLORADO REGION
                                                                    BOULDER CITY, NEVADA

                                                     AVAILABLE RESERVOIR ELEVATIONS AND CONTENTS FOR JUNE 2013

                                        LAKE MEAD                      LAKE MOHAVE                      LAKE HAVASU                        SENATOR WASH
  AVAILABLE CAPACITY IN A.F.            *26120000                        1809800                           619400                              9144
  ELEVATION IN FEET                        1219.6                          647.0                            450.0                             240.0

           TOTAL     TOTAL    |             HOOVER            |            DAVIS            |             PARKER            |             SENATOR WASH
          SYSTEM    AVAILABLE |ELEVATION    CONTENT   RELEASE |ELEVATION   CONTENT  RELEASE |ELEVATION    CONTENT   RELEASE | ELEVATION   CONTENT  PUMPED   RELEASE
     DAY  STORAGE**   SPACE   |  FEET       1000A.F.    ft3/s |  FEET      1000A.F.  ft3/s  |   FEET      1000A.F.  ft3/s   |  FEET        A.F.     ft3/s    ft3/s
-----------------------------------------------------------------------------------------------------------------------------------------------------------------------------
       1    31214.6  29910.4    1108.32      12491       10300   643.81     1721.0    15200    448.74      594.3    12000      228.45     5332        0        0
       2    31200.6  29924.5    1108.28      12487        8490   643.28     1706.5    15200    448.59      591.4    12000      229.92     5752      267        0
       3    31186.7  29938.4    1108.14      12474       13800   643.26     1705.8    15000    448.43      588.3    12300      229.51     5633        0        0
       4    31178.6  29946.4    1108.05      12466       15500   643.29     1706.7    15100    448.27      585.2    12400      229.12     5521        0        0
       5    31175.7  29949.4    1108.06      12467       13500   643.01     1698.8    15100    448.17      583.2    11800      228.74     5413        0        0
       6    31181.5  29943.6    1108.13      12473       10700   642.65     1689.3    15300    448.35      586.8     9110      228.39     5315        0        0
       7    31177.0  29948.1    1108.07      12468       15200   642.54     1686.3    16800    448.29      585.7    11900      228.05     5220        0        0
       8    31176.8  29948.3    1108.10      12471       12400   642.15     1675.5    16200    448.27      585.3    12300      229.06     5503      189        0
       9    31181.9  29943.1    1108.19      12479        9710   641.68     1662.8    16200    448.23      584.4    12000      229.83     5726      166        0
      10    31188.7  29936.4    1108.04      12465       17300   641.85     1667.3    15600    448.22      584.3    12500      231.89     6344      384        0
      11    31188.2  29936.9    1107.86      12448       20700   642.03     1672.3    15600    448.17      583.2    12200      231.88     6341       76        0
      12    31195.2  29929.8    1107.76      12439       17100   642.16     1675.8    15400    448.04      580.7    11800      231.92     6353       79        0
      13    31210.5  29914.6    1107.65      12429       18200   642.30     1679.6    15400    448.37      587.1     8010      233.97     7007      433        0
      14    31220.6  29904.4    1107.46      12412       20900   642.66     1689.5    15400    448.51      589.8    11000      233.98     7011       97        0
      15    31228.7  29896.4    1107.44      12410       13800   642.52     1685.7    15400    448.51      589.9    11100      233.89     6982       75        0
      16    31230.4  29894.7    1107.37      12403       14700   642.48     1684.5    15400    448.24      584.6    12600      235.98     7684      471        0
      17    31230.6  29894.4    1107.25      12392       17900   642.63     1688.6    15400    448.18      583.6    11500      236.00     7691      111        0
      18    31224.2  29900.9    1107.13      12381       17200   642.66     1689.3    15400    448.16      583.0    11500      235.75     7606       47        0
      19    31214.1  29910.9    1107.06      12375       15100   642.63     1688.5    15400    448.08      581.5    12000      237.82     8335      497        0
      20    31203.5  29921.6    1106.93      12363       20200   642.88     1695.5    15800    448.13      582.6    11000      234.36     7137       23      586
      21    31181.4  29943.6    1106.74      12345       20300   643.02     1699.2    16400    448.09      581.7    12000      236.20     7761      398        0
      22    31165.6  29959.4    1106.63      12335       17600   643.16     1703.1    14900    448.08      581.6    12500      237.98     8393      420        0
      23    31143.4  29981.6    1106.61      12333       13400   642.94     1697.1    16600    447.91      578.3    12500      237.99     8396      110        0
      24    31124.1  30001.0    1106.57      12330       16300   642.80     1693.3    16600    447.89      578.0    12000      238.02     8407      107        0
      25    31099.9  30025.1    1106.43      12317       18600   642.98     1698.2    15000    447.96      579.2    11800      239.80     9069      457        0
      26    31077.0  30048.0    1106.29      12304       18900   643.12     1702.0    16300    447.99      579.9    11000      239.90     9106      137        0
      27    31064.5  30060.6    1106.18      12294       20200   643.27     1706.2    15900    448.41      587.9     8850      239.87     9095      101        0
      28    31046.9  30078.2    1106.08      12285       18400   643.37     1708.8    15300    448.65      592.6    11000      237.66     8278       41      387
      29    31027.7  30097.4    1106.04      12281       15200   643.38     1709.2    15300    448.66      592.8    12000      235.69     7586        0      301
      30    30997.6  30127.5    1105.98      12276       16200   643.45     1711.1    15300    448.45      588.7    12000      235.30     7452        0        0

TOTAL                                                   477800                       467900                        346670                          4686     1274
AVE.                                                     15930                        15600                         11560                           156       42
AC FT                                                   948000                       928000                        688000                          9295     2527

      * BOTTOM OF EXCLUSIVE FLOOD CONTROL SPACE
     ** INCLUDES FONTENELLE AND CRYSTAL RESERVOIRS


                                                                      BUREAU OF RECLAMATION
                                                                      LOWER COLORADO REGION
                                                                      BOULDER CITY, NEVADA

                                             COLORADO RIVER STORAGE PROJECT DATA (operational) FOR JUNE 2013

                   LAKE POWELL          |        FLAMING GORGE        |          NAVAJO            |      BLUE MESA             |     MORROW POINT
             MAX. STORAGE 24322000 AF   |  MAX. STORAGE 3749000 AF    | MAX. STORAGE 1696000 AF    | MAX. STORAGE 829500 AF     | MAX. STORAGE 117025 AF  
    COMPUTED MAX. ELEV. 3700.0 FEET     |  MAX. ELEV. 6040.0 FEET     | MAX. ELEV. 6085.0 FEET     | MAX. ELEV. 7519.4 FEET     | MAX. ELEV. 7160.0 FEET
     INFLOW  ELEVATION CONTENT  RELEASE |  ELEVATION CONTENT  RELEASE | ELEVATION CONTENT  RELEASE | ELEVATION CONTENT  RELEASE | ELEVATION CONTENT  RELEASE
DATE FT3/S   (FEET)  (1000 AF)   FT3/S  |  (FEET)  (1000 AF)   FT3/   |(FEET)  (1000 AF)   FT3/S   | (FEET)  (1000 AF)   FT3/S  |(FEET)  (1000 AF)   FT3/S
------------------------------------------------------------------------------------------------------------------------------------------------------------
   1  21000   3599.58   11710    13000      6020.45   3000     4510      6028.31    990      250     7464.67    400.7     660     7153.31    111.7    1080
   2  18600   3599.68   11720    12800      6020.25   2990     4510      6028.45    990      250     7464.98    402.7     880     7153.26    111.6    1040
   3  17800   3599.74   11725    14000      6020.03   2980     4510      6028.60    990      250     7465.41    405.4     890     7153.23    111.6    1020
   4  16900   3599.79   11730    13600      6019.81   2970     5330      6028.78   1000      250     7465.78    407.8    1230     7153.67    112.0    1240
   5  19700   3599.89   11740    13800      6019.55   2960     5210      6028.91   1000      250     7466.31    411.3     920     7153.82    112.1    1120
   6  17600   3599.95   11745    13800      6019.37   2960     4500      6029.00   1000      250     7466.91    415.2     910     7153.94    112.2    1110
   7  17600   3600.01   11751    13800      6019.19   2950     4130      6029.09   1000      250     7467.50    419.1     940     7154.27    112.4    1010
   8  18300   3600.10   11760    13000      6019.03   2950     3750      6029.14   1000      250     7468.07    422.9     840     7154.36    112.5    1070
   9  19000   3600.21   11770    12600      6018.87   2940     3370      6029.17   1000      250     7468.70    427.1     850     7154.57    112.7     980
  10  22300   3600.36   11784    13800      6018.75   2940     3100      6029.20   1000      250     7469.33    431.3     790     7154.26    112.4    1120
  11  19600   3600.46   11794    13700      6018.65   2930     2750      6029.22   1000      250     7469.89    435.1     820     7154.16    112.3    1040
  12  21700   3600.60   11807    13700      6018.51   2930     2440      6029.21   1000      250     7470.40    438.5     860     7154.12    112.3    1030
  13  20700   3600.72   11819    13700      6018.43   2920     2050      6029.17   1000      250     7470.85    441.6     870     7154.17    112.3     980
  14  20100   3600.83   11829    13600      6018.41   2920     1710      6029.09   1000      500     7471.20    443.9     880     7154.34    112.5     950
  15  20000   3600.95   11841    13000      6018.35   2920     1350      6028.94   1000      500     7471.52    446.1     940     7154.41    112.5    1030
  16  19600   3601.07   11852    12600      6018.33   2920     1110      6028.81   1000      500     7471.81    448.1     940     7154.10    112.3    1140
  17  17600   3601.13   11858    13800      6018.33   2920     1100      6028.66   1000      650     7472.03    449.6     990     7153.84    112.1    1190
  18  17000   3601.18   11863    13700      6018.29   2920     1100      6028.44    990      800     7472.21    450.8    1100     7153.69    112.0    1200
  19  14000   3601.17   11862    13800      6018.29   2920     1090      6028.18    990      800     7472.31    451.5    1150     7153.79    112.0    1160
  20  12400   3601.13   11858    13800      6018.25   2920     1100      6027.90    990      800     7472.32    451.6    1350     7153.84    112.1    1370
  21  11900   3601.08   11853    13800      6018.23   2920     1100      6027.63    980      800     7472.25    451.1    1460     7153.64    111.9    1560
  22  10600   3601.02   11848    13000      6018.19   2920     1100      6027.35    980      800     7472.15    450.4    1540     7153.62    111.9    1550
  23   9100   3600.94   11840    12500      6018.17   2920     1100      6027.06    980      800     7472.02    449.5    1550     7153.72    112.0    1520
  24   9000   3600.84   11830    13500      6018.21   2920     1100      6026.73    980      800     7471.82    448.2    1760     7154.40    112.5    1500
  25   8400   3600.72   11819    13900      6018.15   2910     1100      6026.41    970      800     7471.65    447.0    1580     7154.43    112.6    1580
  26   8800   3600.61   11808    13800      6018.15   2910     1100      6026.10    970      800     7471.45    445.6    1590     7154.30    112.5    1650
  27   8600   3600.50   11798    13600      6018.15   2910     1100      6025.83    970      800     7471.24    444.2    1610     7154.26    112.4    1630
  28   8200   3600.38   11786    13700      6018.15   2910     1100      6025.54    960     1000     7471.05    442.9    1540     7154.23    112.4    1550
  29   7600   3600.26   11775    13100      6018.15   2910     1100      6025.20    960     1000     7470.81    441.3    1670     7154.35    112.5    1620
  30   3400   3600.07   11757    12600      6018.15   2910     1100      6024.88    960     1000     7470.58    439.7    1650     7154.41    112.5    1630

TOT  457100                     403100                        69720                        16400                        34760                        37670
AVE   15237                      13440                         2320                          550                         1160                         1260
A F  906600                     800000                       138000                        32500                        68900                        74700







                                          BUREAU OF RECLAMATION
                                          LOWER COLORADO REGION
                                          BOULDER CITY, NEVADA

                                     GLEN CANYON TO HOOVER DAM LOSSES

                                                JUNE 2013

                      |           | LAKE    |         |   LAKE|    LAKE   |  CHANGE |
               GLEN   |    HOOVER | MEAD    |  STORAGE|   MEAD|    MEAD   |   BANK  |       |          |
              RELEASE |    RELEASE| STORAGE |  CHANGE |PUMPING|EVAPORATION| STORAGE |  LOSS |  ACCUMUL.|  INFLOW
   DATE |      CFS    |     CFS   | 1000 AF |  1000 AF|    CFS|     CFS   |    CFS  |   CFS |     A.F. |   CFS
--------------------------------------------------------------------------------------------------------------------
      1        13000       10300     12491        -4       627       993      -131     -1688     -3348      9770
      2        12800        8490     12487        -4       607       993      -131       148     -3054      7940
      3        14000       13800     12474       -13       617       993      -426      4617      6104      8430
      4        13600       15500     12466        -8       678       993      -262      -111      5885     12900
      5        13800       13500     12467         1       652       993        33     -1730      2452     15700
      6        13800       10700     12473         6       672       993       197     -1957     -1430     15600
      7        13800       15200     12468        -5       643       993      -164      -328     -2080     14200
      8        13000       12400     12471         3       647       993        98     -1866     -5780     15700
      9        12600        9710     12479         8       652       993       262     -1877     -9503     15700
     10        13800       17300     12465       -14       681       993      -459      1497     -6533     11500
     11        13700       20700     12448       -17       691       993      -557      -656     -7834     13300
     12        13700       17100     12439        -9       699       993      -295      -209     -8248     14000
     13        13700       18200     12429       -10       714       993      -328      -817     -9869     14500
     14        13600       20900     12412       -17       705       993      -557       204     -9464     13500
     15        13000       13800     12410        -2       711       993       -66      -727    -10906     14400
     16        12600       14700     12403        -7       692       993      -229      1011     -8902     12600
     17        13800       17900     12392       -11       698       993      -360      -649    -10188     13700
     18        13700       17200     12381       -11       699       993      -360      -391    -10963     13000
     19        13800       15100     12375        -6       673       993      -197       231    -10505     13500
     20        13800       20200     12363       -12       674       993      -393     -1714    -13906     15400
     21        13800       20300     12345       -18       693       993      -590      1452    -11025     12300
     22        13000       17600     12335       -10       694       993      -328      -112    -11247     13900
     23        12500       13400     12333        -2       681       993       -66      -168    -11581     14000
     24        13500       16300     12330        -3       724       993       -98     -3362    -18250     16400
     25        13900       18600     12317       -13       729       993      -426      -809    -19854     13300
     26        13800       18900     12304       -13       727       993      -426      -126    -20104     13600
     27        13600       20200     12294       -10       778       993      -328     -2660    -25380     16600
     28        13700       18400     12285        -9       755       993      -295     -1484    -28324     15300
     29        13100       15200     12281        -4       746       993      -131     -1150    -30605     14800
     30        12600       16200     12276        -5       726       993      -164     -1506    -33593     15200

    TOTAL     403300      477790                         20685     29790                        -33594    410700







