<pre>
                                                                    BUREAU OF RECLAMATION
                                                                    LOWER COLORADO REGION
                                                                    BOULDER CITY, NEVADA

                                                               ACCUMULATIONS FOR JUNE 2016

    |GLEN CANYON    |                         HOOVER DAM         |             DAVIS DAM           |      MWD       |            PARKER DAM              |
    |               |  LAKE                                      |LAKE                             |                | LAKE                               |   C.A.P.
    |         ACCUM.|  MEAD    HOOVER RELEASE        GROSS  RATE |MOHAVE      DAVIS RELEASE   GROSS|DIVER. AT INTAKE| HAVASU     PARKER RELEASE     GROSS| DIVER. ACCUM.
DAY |   CFS    A.F. |  ELEV.   CFS    A.F.   ACCUM.   GEN  KWH/AF|ELEV   CFS   A.F.   ACCUM.  GEN  | A.F. ACCUM.    | ELEV    CFS    A.F.   ACCUM.  GEN. | A.F.   A.F.
----------------------------------------------------------------------------------------------------------------------------------------------------------------------
  1   13800   27372   1073.63  15089  29928   29928  11487  384  643.02  14800  29348   29348  3684  2968   2968    448.18  11300  22415    22415   1571   3374   3374
  2   13800   54744   1073.37  21045  41743   71671  16002  383  643.41  15190  30132   59480  3790  2992   5960    448.40   9200  18253    40668   1292   3658   7032
  3   13800   82116   1073.29  16614  32953  104624  12540  381  643.44  16570  32864   92344  4142  3032   8992    448.57  10390  20617    61285   1459   3273  10305
  4   13000  107901   1073.20  16151  32035  136659  12315  384  643.51  13610  27000  119344  3390  3007  11999    448.85   9510  18860    80145   1334   2791  13096
  5   12400  132496   1073.25  12391  24578  161237   9508  387  643.39  13380  26530  145874  3336  3439  15438    448.86  10390  20618   100763   1459   3277  16373
  6   13700  159669   1073.20  14613  28985  190222  11166  385  643.35  14990  29726  175600  3747  3437  18875    448.70  11600  23018   123781   1623   3277  19650
  7   13600  186645   1073.15  13500  26777  216999  10216  382  643.24  13590  26954  202554  3385  3380  22255    448.66  11400  22614   146395   1593   3278  22928
  8   13800  214017   1073.07  15401  30548  247547  11801  386  643.33  14380  28532  231086  3592  3421  25676    448.51  10790  21408   167803   1514   3267  26195
  9   13700  241190   1072.94  16997  33714  281261  12994  385  643.40  14400  28564  259650  3593  3367  29043    448.68   9710  19262   187065   1362   3279  29474
 10   13800  268562   1072.85  16589  32904  314165  12659  385  643.45  14700  29162  288812  3671  3310  32353    448.81   9800  19447   206512   1375   3281  32755
 11   12800  293950   1072.79  16435  32599  346764  12503  384  643.52  14690  29130  317942  3672  3240  35593    448.83  11100  22018   228530   1564   3278  36033
 12   12300  318347   1072.74  14553  28866  375630  11016  382  643.52  14880  29510  347452  3718  3253  38846    448.81  11310  22440   250970   1599   3665  39698
 13   13500  345124   1072.70  13454  26686  402316  10082  378  643.37  15060  29878  377330  3763  3195  42041    448.75  12130  24051   275021   1705   3278  42976
 14   13800  372496   1072.70  12583  24958  427274   9483  380  643.22  13600  26970  404300  3387  3300  45341    448.74  11310  22429   297450   1594   3277  46253
 15   13800  399868   1072.65  13104  25992  453266   9940  382  643.17  12990  25766  430066  3230  2943  48284    448.65  10710  21244   318694   1510   3265  49518
 16   13900  427438   1072.60  15139  30028  483294  11367  379  643.24  14340  28450  458516  3576  2983  51267    448.76   8610  17071   335765   1208   3281  52799
 17   13800  454810   1072.51  16941  33603  516897  12673  377  643.28  14390  28550  487066  3584  2980  54247    448.79  10810  21436   357201   1515   3277  56076
 18   13000  480595   1072.49  13191  26165  543062   9790  374  643.23  14400  28556  515622  3585  3002  57249    448.82  11100  22022   379223   1558   3278  59354
 19   12300  504992   1072.49  15316  30378  573440  11340  373  643.22  13780  27342  542964  3432  3008  60257    449.14   8420  16694   395917   1157   2456  61810
 20   13700  532165   1072.35  19000  37686  611126  14323  380  643.69  12480  24762  567726  3116  2543  62800    449.15  10700  21218   417135   1512   2407  64217
 21   13800  559537   1072.24  15010  29772  640898  11424  384  643.81  11990  23784  591510  3002  3442  66242    449.05  10630  21075   438210   1484   2152  66369
 22   13700  586711   1072.17  16093  31921  672819  12069  378  644.15  11980  23766  615276  2991  3438  69680    448.67  11900  23613   461823   1652   2446  68815
 23   13700  613884   1072.10  15519  30781  703600  11713  381  644.18  12380  24560  639836  3096  3418  73098    448.87   7210  14291   476114   1005   2431  71246
 24   13800  641256   1072.03  15742  31223  734823  11738  376  644.31  13180  26152  665988  3309  3379  76477    448.60  12200  24198   500312   1698   2430  73676
 25   12900  666843   1072.02  13848  27468  762291  10390  378  644.08  15970  31676  697664  4017  3384  79861    448.51  11700  23215   523527   1627   2455  76131
 26   12300  691240   1072.01  13518  26812  789103  10092  376  643.83  15790  31320  728984  3961  2953  82814    448.54  12110  24024   547551   1683   2851  78982
 27   13700  718413   1071.89  17656  35020  824122  13189  377  644.11  13980  27728  756712  3498  2966  85780    448.54  12490  24767   572318   1736   2336  81318
 28   13800  745785   1071.83  14493  28746  852869  10722  373  644.15  13990  27748  784460  3510  3026  88806    448.46  11900  23607   595925   1653   2429  83747
 29   13700  772959   1071.78  19613  38901  891770  14557  374  644.46  13380  26546  811006  3362  2958  91764    448.35  11900  23601   619526   1650   2428  86175
 30   13700  800132   1071.64  14202  28170  919940  10636  378  644.53  13780  27324  838330  3463  3012  94776    448.81   6700  13280   632806    938   2428  88603

TOTAL                                               349735                                   105603                                                44631










                                                                    BUREAU OF RECLAMATION
                                                                    LOWER COLORADO REGION
                                                                    BOULDER CITY, NEVADA

                                                     AVAILABLE RESERVOIR ELEVATIONS AND CONTENTS FOR JUNE 2016

                                        LAKE MEAD                      LAKE MOHAVE                      LAKE HAVASU                        SENATOR WASH
  AVAILABLE CAPACITY IN A.F.            *26120000                        1809800                           619400                              9144
  ELEVATION IN FEET                        1219.6                          647.0                            450.0                             240.0

           TOTAL     TOTAL    |             HOOVER            |            DAVIS            |             PARKER            |             SENATOR WASH
          SYSTEM    AVAILABLE |ELEVATION    CONTENT   RELEASE |ELEVATION   CONTENT  RELEASE |ELEVATION    CONTENT   RELEASE | ELEVATION   CONTENT  PUMPED   RELEASE
     DAY  STORAGE**   SPACE   |  FEET       1000A.F.    ft3/s |  FEET      1000A.F.  ft3/s  |   FEET      1000A.F.  ft3/s   |  FEET        A.F.     ft3/s    ft3/s
-----------------------------------------------------------------------------------------------------------------------------------------------------------------------------
       1    29854.2  31270.8    1073.63       9490       15100   643.02     1699.2    14800    448.18      583.5    11300      233.03     6703        0        0
       2    29885.3  31239.7    1073.37       9469       21000   643.41     1709.9    15200    448.40      587.7     9200      232.77     6620        0        0
       3    29925.7  31199.3    1073.29       9463       16600   643.44     1710.8    16600    448.57      591.1    10400      232.47     6526        0        0
       4    29975.8  31149.3    1073.20       9455       16200   643.51     1712.7    13600    448.85      596.4     9510      232.31     6475       11        0
       5    30036.5  31088.5    1073.25       9460       12400   643.39     1709.4    13400    448.86      596.7    10400      235.88     7650      738        0
       6    30100.8  31024.3    1073.20       9455       14600   643.35     1708.2    15000    448.70      593.6    11600      236.04     7705      102        0
       7    30184.1  30941.0    1073.15       9451       13500   643.24     1705.4    13600    448.66      592.8    11400      235.18     7411        0       87
       8    30277.8  30847.3    1073.07       9445       15400   643.33     1707.7    14400    448.51      589.9    10800      234.84     7297        0        1
       9    30369.7  30755.3    1072.94       9435       17000   643.40     1709.7    14400    448.68      593.2     9710      234.52     7190        3        0
      10    30463.5  30661.5    1072.85       9427       16600   643.45     1711.0    14700    448.81      595.7     9800      234.60     7217       68        0
      11    30561.7  30563.3    1072.79       9422       16400   643.52     1712.9    14700    448.83      596.0    11100      235.69     7586      254        0
      12    30654.7  30470.4    1072.74       9418       14600   643.52     1712.9    14900    448.81      595.6    11300      237.42     8192      394        0
      13    30739.6  30385.5    1072.70       9415       13500   643.37     1708.8    15100    448.75      594.6    12100      236.92     8013        3        1
      14    30824.4  30300.6    1072.70       9415       12600   643.22     1704.9    13600    448.74      594.4    11300      236.47     7856        3        0
      15    30904.8  30220.3    1072.65       9411       13100   643.17     1703.4    13000    448.65      592.6    10700      236.16     7747       19        0
      16    30976.7  30148.4    1072.60       9407       15100   643.24     1705.3    14300    448.76      594.8     8610      236.20     7761       78        0
      17    31036.7  30088.4    1072.51       9400       16900   643.28     1706.3    14400    448.79      595.2    10800      235.91     7660       20        0
      18    31094.3  30030.8    1072.49       9398       13200   643.23     1704.9    14400    448.82      595.9    11100      235.64     7569       15        0
      19    31155.8  29969.2    1072.49       9398       15300   643.22     1704.9    13800    449.14      602.2     8420      236.21     7765      164        0
      20    31204.4  29920.7    1072.35       9387       19000   643.69     1717.8    12500    449.15      602.3    10700      235.81     7626        0        0
      21    31239.3  29885.8    1072.24       9378       15000   643.81     1721.0    12000    449.05      600.3    10600      235.43     7496        0        0
      22    31276.5  29848.6    1072.17       9373       16100   644.15     1730.3    12000    448.67      592.9    11900      235.08     7377        0        0
      23    31311.5  29813.5    1072.10       9367       15500   644.18     1731.2    12400    448.87      596.8     7210      234.74     7263        0        0
      24    31338.9  29786.1    1072.03       9361       15700   644.31     1734.7    13200    448.60      591.7    12200      233.49     6852        0      165
      25    31365.8  29759.2    1072.02       9361       13800   644.08     1728.3    16000    448.51      589.9    11700      234.88     7310      279        0
      26    31385.6  29739.5    1072.01       9360       13500   643.83     1721.5    15800    448.54      590.5    12100      234.55     7200        0        0
      27    31406.1  29718.9    1071.89       9350       17700   644.11     1729.3    14000    448.54      590.4    12500      234.39     7147      152      136
      28    31423.5  29701.6    1071.83       9345       14500   644.15     1730.4    14000    448.46      588.8    11900      235.65     7572      267        0
      29    31440.1  29684.9    1071.78       9341       19600   644.46     1738.9    13400    448.35      586.8    11900      237.68     8285      486        0
      30    31445.5  29679.6    1071.64       9330       14200   644.53     1741.0    13800    448.81      595.7     6700      235.65     7572      267        0

TOTAL                                                   463700                       423000                        318960                          3323      390
AVE.                                                     15460                        14100                         10630                           111       13
AC FT                                                   920000                       839000                        633000                          6591      774

      * BOTTOM OF EXCLUSIVE FLOOD CONTROL SPACE
     ** INCLUDES FONTENELLE AND CRYSTAL RESERVOIRS


                                                                      BUREAU OF RECLAMATION
                                                                      LOWER COLORADO REGION
                                                                      BOULDER CITY, NEVADA

                                             COLORADO RIVER STORAGE PROJECT DATA (operational) FOR JUNE 2016

                   LAKE POWELL          |        FLAMING GORGE        |          NAVAJO            |      BLUE MESA             |     MORROW POINT
             MAX. STORAGE 24322000 AF   |  MAX. STORAGE 3749000 AF    | MAX. STORAGE 1696000 AF    | MAX. STORAGE 829500 AF     | MAX. STORAGE 117025 AF  
    COMPUTED MAX. ELEV. 3700.0 FEET     |  MAX. ELEV. 6040.0 FEET     | MAX. ELEV. 6085.0 FEET     | MAX. ELEV. 7519.4 FEET     | MAX. ELEV. 7160.0 FEET
     INFLOW  ELEVATION CONTENT  RELEASE |  ELEVATION CONTENT  RELEASE | ELEVATION CONTENT  RELEASE | ELEVATION CONTENT  RELEASE | ELEVATION CONTENT  RELEASE
DATE FT3/S   (FEET)  (1000 AF)   FT3/S  |  (FEET)  (1000 AF)   FT3/   |(FEET)  (1000 AF)   FT3/S   | (FEET)  (1000 AF)   FT3/S  |(FEET)  (1000 AF)   FT3/S
------------------------------------------------------------------------------------------------------------------------------------------------------------
   1  32000   3604.20   12155    13800      6032.07   3430     4040      6074.93   1550     3220     7489.41    576.8    1270     7138.33    100.3     970
   2  31000   3604.51   12186    13800      6032.03   3430     6080      6074.94   1550     3840     7490.11    582.2    1520     7141.17    102.4     870
   3  33700   3604.87   12221    13800      6031.95   3420     6590      6074.96   1550     4040     7491.00    589.1    1270     7143.72    104.3     710
   4  34600   3605.26   12259    13000      6031.93   3420     6590      6075.01   1550     4230     7492.00    597.0    1040     7145.48    105.6     760
   5  37200   3605.71   12303    12400      6031.89   3420     6600      6075.11   1550     4370     7493.21    606.5    1130     7148.35    107.8     480
   6  42900   3606.24   12356    13700      6031.85   3420     6600      6075.33   1560     4100     7494.72    618.6     630     7150.23    109.3     420
   7  50400   3606.91   12422    13600      6031.93   3420     6590      6075.47   1560     4130     7496.12    629.8     680     7152.48    111.0     260
   8  57200   3607.70   12500    13800      6031.89   3420     6600      6075.62   1560     4180     7497.70    642.6       0     7152.58    111.1     450
   9  55700   3608.46   12576    13700      6031.85   3420     8090      6075.65   1560     4350     7499.19    654.7       0     7152.89    111.3     350
  10  56500   3609.23   12653    13800      6031.79   3420     8580      6075.63   1560     4430     7500.72    667.3       0     7153.38    111.7     300
  11  58900   3610.06   12736    12800      6031.71   3420     8580      6075.58   1560     4430     7502.22    679.7       0     7153.82    112.1     300
  12  55400   3610.83   12814    12300      6031.75   3420     8590      6075.49   1560     4440     7503.68    691.9       0     7153.69    112.0     450
  13  55100   3611.57   12889    13500      6031.83   3420     8580      6075.34   1560     4400     7505.16    704.4       0     7153.03    111.4     610
  14  57700   3612.35   12968    13800      6031.81   3420     8580      6075.12   1550     4290     7506.31    714.1      30     7151.95    110.6     770
  15  57300   3613.12   13047    13800      6031.85   3420     8580      6074.80   1550     4200     7507.16    721.4     940     7152.53    111.1    1000
  16  51500   3613.78   13115    13900      6031.87   3420     8580      6074.43   1540     4210     7507.97    728.3     710     7152.70    111.2     950
  17  50400   3614.42   13180    13800      6031.85   3420     8580      6074.11   1540     4210     7508.74    734.9     670     7152.65    111.1     910
  18  48600   3615.04   13244    13000      6031.87   3420     8580      6073.57   1530     4210     7509.44    741.0     710     7152.68    111.2     920
  19  46300   3615.63   13305    12300      6031.83   3420     8580      6073.14   1520     4210     7510.10    746.7     840     7153.15    111.5     860
  20  43300   3616.14   13358    13700      6031.79   3420     8580      6072.72   1520     4220     7510.79    752.7     620     7153.00    111.4     890
  21  41200   3616.61   13407    13800      6031.73   3420     8570      6072.33   1510     4220     7511.54    759.3     700     7152.90    111.3     930
  22  41700   3617.09   13457    13700      6031.67   3410     8580      6071.76   1510     4230     7512.19    765.0     660     7152.49    111.0    1050
  23  38400   3617.51   13501    13700      6031.57   3410     8580      6071.29   1500     4240     7512.78    770.2     990     7152.44    111.0    1200
  24  39700   3617.95   13547    13800      6031.41   3400     8590      6070.74   1490     4280     7513.27    774.5    1070     7152.54    111.1    1190
  25  40000   3618.41   13595    12900      6031.25   3400     8590      6070.21   1480     4300     7513.71    778.4    1020     7152.69    111.2    1140
  26  36000   3618.81   13638    12300      6031.05   3390     8590      6069.66   1480     4310     7514.02    781.2    1280     7152.63    111.1    1410
  27  35100   3619.17   13675    13700      6030.85   3380     8590      6069.09   1470     4320     7514.29    783.6    1250     7152.67    111.2    1350
  28  36400   3619.55   13716    13800      6030.59   3370     8600      6068.49   1460     4310     7514.48    785.3    1330     7152.43    111.0    1490
  29  30600   3619.83   13745    13700      6030.37   3360     8200      6067.87   1450     4320     7514.64    786.7    1480     7152.51    111.0    1530
  30  24900   3620.01   13764    13700      6030.17   3360     7190      6067.29   1440     4330     7514.84    788.5    1460     7152.31    110.9    1590

TOT 1319700                     403400                       236250                        126570                        23300                        26110
AVE   43990                      13450                         7870                         4220                          780                          870
A F 2617600                     800000                       469000                       251000                        46200                        51800







                                          BUREAU OF RECLAMATION
                                          LOWER COLORADO REGION
                                          BOULDER CITY, NEVADA

                                     GLEN CANYON TO HOOVER DAM LOSSES

                                                JUNE 2016

                      |           | LAKE    |         |   LAKE|    LAKE   |  CHANGE |
               GLEN   |    HOOVER | MEAD    |  STORAGE|   MEAD|    MEAD   |   BANK  |       |          |
              RELEASE |    RELEASE| STORAGE |  CHANGE |PUMPING|EVAPORATION| STORAGE |  LOSS |  ACCUMUL.|  INFLOW
   DATE |      CFS    |     CFS   | 1000 AF |  1000 AF|    CFS|     CFS   |    CFS  |   CFS |     A.F. |   CFS
--------------------------------------------------------------------------------------------------------------------
      1        13800       15100      9490       -14       625       868      -459       993      1970      9080
      2        13800       21000      9469       -21       630       867      -688       695      3348     11200
      3        13800       16600      9463        -6       668       867      -197     -1134      1098     14900
      4        13000       16200      9455        -8       664       866      -262       341      1776     13400
      5        12400       12400      9460         5       607       866       164     -2754     -3686     16600
      6        13700       14600      9455        -5       642       866      -164      -413     -4506     13400
      7        13600       13500      9451        -4       724       866      -131      -541     -5580     12900
      8        13800       15400      9445        -6       710       866      -197       -47     -5673     13800
      9        13700       17000      9435       -10       701       865      -328       442     -4797     13200
     10        13800       16600      9427        -8       702       865      -262       -81     -4958     13900
     11        12800       16400      9422        -5       713       865      -164     -1556     -8044     15300
     12        12300       14600      9418        -4       658       865      -131      -168     -8377     14000
     13        13500       13500      9415        -3       721       864       -98      -689     -9745     13500
     14        13800       12600      9415         0       706       864         0     -1867    -13448     14200
     15        13800       13100      9411        -4       692       864      -131      1018    -11430     12500
     16        13900       15100      9407        -4       659       864      -131      -705    -12827     14500
     17        13800       16900      9400        -7       732       864      -229      -978    -14767     14700
     18        13000       13200      9398        -2       698       864       -66       223    -14324     13700
     19        12300       15300      9398         0       702       864         0     -3098    -20468     16900
     20        13700       19000      9387       -11       721       863      -360     -1702    -23844     14700
     21        13800       15000      9378        -9       803       863      -295       420    -23011     11800
     22        13700       16100      9373        -5       772       863      -164     -1339    -25667     15100
     23        13700       15500      9367        -6       791       862      -197      -122    -25909     13900
     24        13800       15700      9361        -6       761       862      -197      -402    -26706     14100
     25        12900       13800      9361         0       752       862         0     -1710    -30098     15400
     26        12300       13500      9360        -1       682       862       -33      -708    -31502     14500
     27        13700       17700      9350       -10       769       862      -328     -1084    -33652     14000
     28        13800       14500      9345        -5       763       861      -164     -1111    -35855     13400
     29        13700       19600      9341        -4       721       861      -131     -5349    -46465     19000
     30        13700       14200      9330       -11       774       861      -360      3857    -38814      9930

    TOTAL     403300      463800                         21263     25922                        -38815    417500







</pre>