<pre>
                                                                    BUREAU OF RECLAMATION
                                                                    LOWER COLORADO REGION
                                                                    BOULDER CITY, NEVADA

                                                               ACCUMULATIONS FOR JUNE 2011

    |GLEN CANYON    |                         HOOVER DAM         |             DAVIS DAM           |      MWD       |            PARKER DAM              |
    |               |  LAKE                                      |LAKE                             |                | LAKE                               |   C.A.P.
    |         ACCUM.|  MEAD    HOOVER RELEASE        GROSS  RATE |MOHAVE      DAVIS RELEASE   GROSS|DIVER. AT INTAKE| HAVASU     PARKER RELEASE     GROSS| DIVER. ACCUM.
DAY |   CFS    A.F. |  ELEV.   CFS    A.F.   ACCUM.   GEN  KWH/AF|ELEV   CFS   A.F.   ACCUM.  GEN  | A.F. ACCUM.    | ELEV    CFS    A.F.   ACCUM.  GEN. | A.F.   A.F.
----------------------------------------------------------------------------------------------------------------------------------------------------------------------
  1   22700   45025   1098.04  14375  28512   28512  11252  395  643.93  14960  29682   29682  3710  3227   3227    448.72  10290  20409    20409   1394   5397   5397
  2   23000   90645   1098.21  15869  31476   59988  12504  397  643.98  14990  29727   59409  3714  3197   6424    448.92   8700  17250    37659   1192   5040  10437
  3   22300  134876   1098.33  17807  35320   95308  14019  397  644.04  14980  29717   89126  3714  3239   9663    448.75  12490  24777    62436   1702   5389  15826
  4   22400  179306   1098.58  12021  23844  119152   9336  392  643.79  15390  30517  119643  3813  3241  12904    448.53  12290  24376    86812   1661   5282  21108
  5   22300  223537   1098.78  12965  25716  144868  10044  391  643.58  15980  31703  151346  3965  3239  16143    448.48  11700  23215   110027   1584   5094  26202
  6   21800  266777   1098.87  17256  34226  179094  13557  396  643.68  15980  31705  183051  3966  3255  19398    448.36  12600  24985   135012   1698   5260  31462
  7   21600  309620   1099.02  16858  33438  212532  13184  394  643.77  16000  31731  214782  3970  2346  21745    448.30  12300  24401   159413   1658   5236  36698
  8   22000  353256   1099.18  15068  29886  242418  11800  395  643.77  15410  30560  245342  3822  2672  24417    448.51  10000  19840   179253   1352   5238  41937
  9   21800  396496   1099.27  16981  33682  276100  13253  393  643.86  15990  31709  277051  3984  3255  27671    448.70   9300  18451   197704   1263   5242  47179
 10   21800  439735   1099.37  17880  35464  311564  14000  395  643.79  16180  32088  309139  4015  3253  30924    448.55  12830  25443   223147   1712   5288  52467
 11   22000  483372   1099.58  11088  21992  333556   8605  391  643.48  16000  31735  340874  3968  3243  34167    448.60  10990  21802   244949   1454   5290  57757
 12   22900  528793   1099.82  10637  21098  354654   8206  389  643.15  15390  30519  371393  3801  3257  37424    448.53  12010  23825   268774   1607   5048  62805
 13   23000  574413   1099.84  20434  40530  395184  16230  400  643.46  15790  31313  402706  3902  3267  40691    448.52  11790  23389   292163   1574   5240  68045
 14   22900  619835   1100.00  16629  32984  428168  13162  399  643.44  15300  30356  433062  3811  3275  43966    448.56  11090  21994   314157   1491   5167  73212
 15   22900  665256   1100.11  16948  33616  461784  13298  396  643.41  14390  28538  461600  3595  3275  47240    448.56  10810  21450   335607   1457   5248  78460
 16   23100  711074   1100.20  18683  37058  498842  14794  399  643.65  15990  31712  493312  3940  3287  50527    448.71   8710  17277   352884   1180   5248  83708
 17   23300  757289   1100.28  17396  34504  533346  13655  396  643.63  16970  33661  526973  4219  3241  53768    448.50  13490  26749   379633   1794   5242  88951
 18   23400  803702   1100.46  14150  28066  561412  11078  395  643.38  16790  33310  560283  4168  3249  57017    448.44  12600  24993   404626   1673   5246  94197
 19   23500  850314   1100.71  10654  21132  582544   8258  391  643.00  16390  32519  592802  4059  3263  60280    448.51  12200  24202   428828   1618   5248  99445
 20   23600  897124   1100.83  18685  37062  619606  14706  397  643.01  16000  31728  624530  3952  3257  63537    448.38  12490  24768   453596   1666   5238 104684
 21   23500  943736   1100.96  16593  32912  652518  13219  402  643.00  16210  32160  656690  4018  3269  66805    448.21  13600  26976   480572   1800   5240 109924
 22   23900  991140   1101.14  16146  32024  684542  12749  398  642.95  16190  32109  688799  4058  3277  70082    448.30  12000  23800   504372   1569   4858 114781
 23   24100 1038942   1101.32  14195  28156  712698  11154  396  642.83  16200  32130  720929  4051  3176  73258    448.47  10800  21418   525790   1437   4568 119349
 24   24200 1086942   1101.47  16197  32126  744824  12661  394  642.71  16390  32512  753441  4094  3201  76459    448.14  15000  29755   555545   1964   4522 123872
 25   24100 1134744   1101.63  15442  30628  775452  12097  395  642.60  16380  32487  785928  4050  3217  79676    448.00  13990  27741   583286   1832   4524 128396
 26   24000 1182347   1101.83  14734  29224  804676  11599  397  642.50  16370  32474  818402  4056  3187  82863    447.84  13500  26772   610058   1784   5252 133648
 27   24300 1230545   1101.91  19611  38898  843575  15576  400  642.61  16390  32517  850919  4039  3217  86081    447.57  13400  26571   636629   1761   5246 138895
 28   24500 1279140   1101.96  19620  38916  882490  15567  400  642.82  16990  33699  884618  4197  3253  89334    447.47  12840  25461   662090   1679   5234 144129
 29   24600 1327934   1102.09  14796  29348  911838  11717  399  642.65  17180  34070  918688  4244  3360  92694    447.53  12010  23812   685902   1577   5248 149377
 30   24600 1376727   1102.38  13851  27474  939312  10853  395  642.27  17550  34818  953506  4334  3364  96058    447.73  11300  22411   708313   1499   5238 154616

TOTAL                                               372131                                   119232                                                47632










                                                                    BUREAU OF RECLAMATION
                                                                    LOWER COLORADO REGION
                                                                    BOULDER CITY, NEVADA

                                                     AVAILABLE RESERVOIR ELEVATIONS AND CONTENTS FOR JUNE 2011

                                        LAKE MEAD                      LAKE MOHAVE                      LAKE HAVASU                        SENATOR WASH
  AVAILABLE CAPACITY IN A.F.            *25877000                        1809800                           619400                              9144
  ELEVATION IN FEET                        1219.6                          647.0                            450.0                             240.0

           TOTAL     TOTAL    |             HOOVER            |            DAVIS            |             PARKER            |             SENATOR WASH
          SYSTEM    AVAILABLE |ELEVATION    CONTENT   RELEASE |ELEVATION   CONTENT  RELEASE |ELEVATION    CONTENT   RELEASE | ELEVATION   CONTENT  PUMPED   RELEASE
     DAY  STORAGE**   SPACE   |  FEET       1000A.F.    ft3/s |  FEET      1000A.F.  ft3/s  |   FEET      1000A.F.  ft3/s   |  FEET        A.F.     ft3/s    ft3/s
-----------------------------------------------------------------------------------------------------------------------------------------------------------------------------
       1    33149.6  27732.4    1098.04      11317       14400   643.93     1724.3    15000    448.72      594.0    10300      239.34     8896       52        0
       2    33270.4  27611.7    1098.21      11332       15900   643.98     1725.7    15000    448.92      597.8     8700      239.34     8540       23      104
       3    33371.0  27511.1    1098.33      11342       17800   644.04     1727.3    15000    448.75      594.5    12500      235.68     7582        0      480
       4    33475.0  27407.0    1098.58      11365       12000   643.79     1720.4    15400    448.53      590.3    12300      231.04     6084        0      774
       5    33588.5  27293.6    1098.78      11382       13000   643.58     1714.7    16000    448.48      589.3    11700      235.04     7364      733       19
       6    33694.5  27187.5    1098.87      11390       17300   643.68     1717.4    16000    448.36      587.0    12600      235.05     7367       39        0
       7    33819.8  27062.2    1099.02      11404       16900   643.77     1719.9    16000    448.30      585.8    12300      239.18     8836      797        0
       8    33951.7  26930.4    1099.18      11418       15100   643.77     1719.9    15400    448.51      589.9    10000      239.50     8956      175        0
       9    34095.3  26786.8    1099.27      11426       17000   643.86     1722.3    16000    448.70      593.6     9300      239.89     9102      167        0
      10    34231.7  26650.4    1099.37      11435       17900   643.79     1720.4    16200    448.55      590.7    12800      239.62     9001       46        0
      11    34380.1  26501.9    1099.58      11454       11100   643.48     1711.9    16000    448.60      591.6    11000      235.70     7589        0      671
      12    34524.9  26357.1    1099.82      11475       10600   643.15     1702.8    15400    448.53      590.3    12000      238.61     8625      580        0
      13    34667.5  26214.6    1099.84      11477       20400   643.46     1711.3    15800    448.52      590.1    11800      239.88     9099      329        0
      14    34813.0  26069.1    1100.00      11491       16600   643.44     1710.8    15300    448.56      590.9    11100      239.39     8914        1        8
      15    34949.8  25932.3    1100.11      11501       16900   643.41     1710.0    14400    448.56      590.9    10800      239.77     9058      154        0
      16    35110.9  25771.1    1100.20      11509       18700   643.65     1716.6    16000    448.71      593.8     8710      237.72     8299        0      338
      17    35236.8  25645.3    1100.28      11516       17400   643.63     1716.0    17000    448.50      589.7    13500      232.39     6501        0      955
      18    35371.7  25510.4    1100.46      11532       14100   643.38     1709.2    16800    448.44      588.5    12600      226.85     4895        0      834
      19    35518.4  25363.6    1100.71      11555       10700   643.00     1698.7    16400    448.51      589.9    12200      229.95     5761      586      138
      20    35656.4  25225.6    1100.83      11566       18700   643.01     1699.0    16000    448.38      587.4    12500      229.26     5561       65      141
      21    35782.9  25099.2    1100.96      11577       16600   643.00     1698.7    16200    448.21      584.1    13600      229.53     5639       74       10
      22    35911.3  24970.8    1101.14      11594       16100   642.95     1697.3    16200    448.30      585.8    12000      230.06     5793       88        0
      23    36036.3  24845.7    1101.32      11610       14200   642.83     1694.1    16200    448.47      589.1    10800      228.16     5251        0      246
      24    36145.1  24737.0    1101.47      11623       16200   642.71     1690.8    16400    448.14      582.7    15000      230.13     5814      319        0
      25    36258.1  24624.0    1101.63      11638       15400   642.60     1687.8    16400    448.00      580.0    14000      231.25     6149      201        0
      26    36379.2  24502.8    1101.83      11656       14700   642.50     1685.1    16400    447.84      577.0    13500      235.24     7432      717        0
      27    36496.2  24385.9    1101.91      11663       19600   642.61     1688.1    16400    447.57      571.9    13400      236.27     7786      284        0
      28    36618.2  24263.9    1101.96      11667       19600   642.82     1693.8    17000    447.47      570.0    12800      238.95     8750      608        0
      29    36730.7  24151.4    1102.09      11679       14800   642.65     1689.1    17200    447.53      571.1    12000      239.75     9050      295        0
      30    36864.2  24017.9    1102.38      11705       13900   642.27     1678.8    17600    447.73      574.9    11300      238.88     8724       11      104

TOTAL                                                   473600                       481100                        357110                          6344     4822
AVE.                                                     15790                        16040                         11900                           211      161
AC FT                                                   939000                       954000                        708000                         12583     9564

      * BOTTOM OF EXCLUSIVE FLOOD CONTROL SPACE
     ** INCLUDES FONTENELLE AND CRYSTAL RESERVOIRS


                                                                      BUREAU OF RECLAMATION
                                                                      LOWER COLORADO REGION
                                                                      BOULDER CITY, NEVADA

                                             COLORADO RIVER STORAGE PROJECT DATA (operational) FOR JUNE 2011

                   LAKE POWELL          |        FLAMING GORGE        |          NAVAJO            |      BLUE MESA             |     MORROW POINT
             MAX. STORAGE 24322000 AF   |  MAX. STORAGE 3749000 AF    | MAX. STORAGE 1696000 AF    | MAX. STORAGE 829500 AF     | MAX. STORAGE 117025 AF  
    COMPUTED MAX. ELEV. 3700.0 FEET     |  MAX. ELEV. 6040.0 FEET     | MAX. ELEV. 6085.0 FEET     | MAX. ELEV. 7519.4 FEET     | MAX. ELEV. 7160.0 FEET
     INFLOW  ELEVATION CONTENT  RELEASE |  ELEVATION CONTENT  RELEASE | ELEVATION CONTENT  RELEASE | ELEVATION CONTENT  RELEASE | ELEVATION CONTENT  RELEASE
DATE FT3/S   (FEET)  (1000 AF)   FT3/S  |  (FEET)  (1000 AF)   FT3/   |(FEET)  (1000 AF)   FT3/S   | (FEET)  (1000 AF)   FT3/S  |(FEET)  (1000 AF)   FT3/S
------------------------------------------------------------------------------------------------------------------------------------------------------------
   1  64900   3623.88   14179    22700      6024.89   3160     4530      6066.42   1430      510     7478.98    498.6    2350     7155.93    113.8    2990
   2  69900   3624.63   14260    23000      6025.17   3170     4520      6066.79   1440      510     7479.78    504.4    2690     7157.06    114.7    2840
   3  67200   3625.35   14339    22300      6025.31   3170     4550      6067.14   1440      510     7480.72    511.3    2840     7158.18    115.6    3040
   4  65500   3626.07   14417    22400      6025.51   3180     4600      6067.53   1450      500     7481.62    517.9    2840     7158.15    115.5    3450
   5  66300   3626.85   14503    22300      6025.75   3190     4600      6067.99   1450      500     7482.55    524.7    3360     7157.63    115.1    4180
   6  69700   3627.60   14586    21800      6025.97   3200     4580      6068.35   1460     1370     7483.35    530.7    4590     7157.93    115.4    5120
   7  70700   3628.45   14680    21600      6026.19   3200     4500      6068.61   1460     2560     7484.06    536.0    5570     7158.60    115.9    5970
   8  73800   3629.36   14781    22000      6026.37   3210     4500      6068.59   1460     4080     7484.63    540.3    5880     7158.44    115.8    6530
   9  79800   3630.40   14898    21800      6026.56   3220     5000      6068.43   1460     5400     7485.31    545.4    5210     7158.00    115.4    5900
  10  86100   3631.44   15015    21800      6026.75   3230     6520      6068.25   1460     5290     7486.16    551.8    4400     7157.75    115.2    5050
  11  91600   3632.57   15143    22000      6026.75   3230     7010      6068.05   1450     5250     7487.19    559.7    3540     7157.45    115.0    4220
  12  94000   3633.66   15267    22900      6026.77   3230     8480      6067.86   1450     5240     7488.24    567.7    3250     7158.12    115.5    3520
  13  93600   3634.74   15390    23000      6026.75   3230     8490      6067.65   1450     5250     7489.50    577.5    2230     7157.88    115.3    2880
  14  92600   3635.81   15514    22900      6026.75   3230     8480      6067.34   1440     5250     7490.73    587.0    2060     7157.46    115.0    2740
  15  93200   3636.83   15632    22900      6026.79   3230     8480      6067.16   1440     4430     7492.09    597.7    1530     7155.41    113.3    2890
  16  93500   3637.92   15759    23100      6026.97   3230     8480      6067.15   1440     2940     7493.30    607.3    2400     7154.94    113.0    3130
  17  91900   3638.82   15864    23300      6027.05   3240     8480      6067.33   1440     1700     7494.64    617.9    2140     7154.93    113.0    2700
  18  88900   3639.71   15969    23400      6027.19   3240     8480      6067.62   1450      500     7495.88    627.9    1890     7155.19    113.2    2250
  19  87300   3640.64   16079    23500      6027.41   3250     8480      6067.83   1450      480     7497.11    637.8    1580     7154.58    112.7    2290
  20  86800   3641.57   16189    23600      6027.59   3260     7750      6067.99   1450      480     7498.19    646.5    1510     7154.28    112.4    2070
  21  84900   3642.44   16293    23500      6027.73   3260     8460      6068.11   1450      490     7499.05    653.6    1600     7153.36    111.7    2330
  22  82700   3643.27   16393    23900      6027.83   3270     8470      6068.23   1460      480     7499.87    660.3    1780     7153.04    111.5    2230
  23  80400   3644.05   16486    24100      6027.97   3270     8460      6068.31   1460      480     7500.78    667.8    1800     7153.69    112.0    1950
  24  77100   3644.77   16573    24200      6028.09   3280     8460      6068.40   1460      490     7501.94    677.4    1300     7154.52    112.6    1400
  25  74700   3645.46   16657    24100      6028.19   3280     8460      6068.50   1460      490     7503.14    687.4    1200     7155.50    113.4    1250
  26  74300   3646.16   16742    24000      6028.33   3290     8460      6068.58   1460      490     7504.36    697.6     800     7155.68    113.6    1110
  27  73500   3646.87   16829    24300      6028.49   3290     8460      6068.63   1460      490     7505.52    707.4     820     7155.93    113.8    1150
  28  72700   3647.58   16916    24500      6028.71   3300     8460      6068.65   1460      500     7506.58    716.4     800     7155.82    113.7    1220
  29  71900   3648.26   17000    24600      6028.79   3300     8460      6068.66   1460      500     7507.66    725.7     810     7155.37    113.3    1370
  30  70400   3648.95   17085    24600      6029.11   3310     8460      6068.65   1460      500     7508.73    734.9     800     7155.72    113.6    1070

TOT 2389900                     694100                       215120                        57660                        73570                        88840
AVE   79663                      23140                         7170                         1920                         2450                         2960
A F 4740300                    1377000                       427000                       114400                        145900                       176200







                                          BUREAU OF RECLAMATION
                                          LOWER COLORADO REGION
                                          BOULDER CITY, NEVADA

                                     GLEN CANYON TO HOOVER DAM LOSSES

                                                JUNE 2011

                      |           | LAKE    |         |   LAKE|    LAKE   |  CHANGE |
               GLEN   |    HOOVER | MEAD    |  STORAGE|   MEAD|    MEAD   |   BANK  |       |          |
              RELEASE |    RELEASE| STORAGE |  CHANGE |PUMPING|EVAPORATION| STORAGE |  LOSS |  ACCUMUL.|  INFLOW
   DATE |      CFS    |     CFS   | 1000 AF |  1000 AF|    CFS|     CFS   |    CFS  |   CFS |     A.F. |   CFS
--------------------------------------------------------------------------------------------------------------------
      1        22700       14400     11317        13       584       948       426      -490      -971     22900
      2        23000       15900     11332        15       595       948       492     -2917     -6757     25500
      3        22300       17800     11342        10       575       948       328     -1968    -10660     24700
      4        22400       12000     11365        23       570       948       754     -2874    -16361     25900
      5        22300       13000     11382        17       516       948       557     -1289    -18918     23600
      6        21800       17300     11390         8       573       948       262      -697    -20299     23100
      7        21600       16900     11404        14       608       948       459     -3685    -27608     26000
      8        22000       15100     11418        14       622       948       459     -2421    -32411     24200
      9        21800       17000     11426         8       618       948       262     -1308    -35006     22900
     10        21800       17900     11435         9       596       948       295     -2299    -39566     24300
     11        22000       11100     11454        19       637       948       623     -1066    -41680     22900
     12        22900       10600     11475        21       625       948       688     -1601    -44856     23400
     13        23000       20400     11477         2       583       948        66     -1000    -46840     23000
     14        22900       16600     11491        14       604       948       459     -2779    -52353     25700
     15        22900       16900     11501        10       652       948       328      -823    -53985     23900
     16        23100       18700     11509         8       680       948       262     -1682    -57320     24600
     17        23300       17400     11516         7       687       948       229        57    -57208     22800
     18        23400       14100     11532        16       682       948       524     -1220    -59628     24300
     19        23500       10700     11555        23       656       948       754     -1368    -62341     24700
     20        23600       18700     11566        11       673       948       360     -2855    -68004     26200
     21        23500       16600     11577        11       664       948       360      -576    -69147     24100
     22        23900       16100     11594        17       664       948       557     -3283    -75660     26800
     23        24100       14200     11610        16       671       948       524      -889    -77423     24400
     24        24200       16200     11623        13       669       948       426      -921    -79249     24800
     25        24100       15400     11638        15       668       948       492      -923    -81080     25100
     26        24000       14700     11656        18       666       948       590     -1787    -84625     26000
     27        24300       19600     11663         7       661       948       229      -864    -86339     25000
     28        24500       19600     11667         4       696       948       131       595    -85159     23400
     29        24600       14800     11679        12       739       948       393      1327    -82527     22900
     30        24600       13900     11705        26       767       948       852     -5066    -92574     29600

    TOTAL     694100      473570                         19201     28440                        -92575    736600







