<pre>
                                                                   BUREAU OF RECLAMATION
                                                                    LOWER COLORADO REGION
                                                                    BOULDER CITY, NEVADA

                                                               ACCUMULATIONS FOR JULY 2018

    |GLEN CANYON    |                         HOOVER DAM         |             DAVIS DAM           |      MWD       |            PARKER DAM              |
    |               |  LAKE                                      |LAKE                             |                | LAKE                               |   C.A.P.
    |         ACCUM.|  MEAD    HOOVER RELEASE        GROSS  RATE |MOHAVE      DAVIS RELEASE   GROSS|DIVER. AT INTAKE| HAVASU     PARKER RELEASE     GROSS| DIVER. ACCUM.
DAY |   CFS    A.F. |  ELEV.   CFS    A.F.   ACCUM.   GEN  KWH/AF|ELEV   CFS   A.F.   ACCUM.  GEN  | A.F. ACCUM.    | ELEV    CFS    A.F.   ACCUM.  GEN. | A.F.   A.F.
----------------------------------------------------------------------------------------------------------------------------------------------------------------------
  1   11200   22215   1076.88  10957  21734   21734   8304  382  643.90  14980  29704   29704  3716  3385   3385    448.37  12210  24212    24212   1692   2449   2449
  2   15400   52760   1076.84  14805  29366   51100  11205  382  643.88  13990  27752   57456  3477  3374   6759    448.48  10710  21239    45451   1499   2445   4894
  3   15400   83306   1076.69  14993  29738   80838  11245  378  643.88  13600  26984   84440  3389  3363  10122    448.26  12800  25388    70839   1772   2349   7243
  4   11200  105521   1076.63  13233  26247  107085   9923  378  643.90  13200  26176  110616  3307  3042  13164    448.18  12300  24401    95240   1695   2440   9683
  5   15300  135868   1076.58  16985  33689  140774  12904  383  644.08  13180  26138  136754  3286  2979  16143    448.66   5500  10901   106141    711   2440  12123
  6   15500  166612   1076.51  17047  33812  174586  12929  382  644.27  14000  27768  164522  3491  3251  19394    448.46  11800  23401   129542   1649   2440  14563
  7   11200  188826   1076.47  14364  28490  203076  10930  384  644.30  13790  27352  191874  3440  3437  22831    448.49  10800  21424   150966   1523   2443  17006
  8   11200  211041   1076.60   9656  19152  222228   7287  380  643.98  13890  27548  219422  3457  3412  26243    448.29  11800  23403   174369   1652   3666  20672
  9   15400  241587   1076.65  15912  31562  253790  12091  383  644.12  13900  27562  246984  3501  3390  29633    448.27  11200  22205   196574   1547   2147  22819
 10   15300  271934   1076.52  14840  29434  283224  11291  384  644.12  13680  27141  274125  3417  3373  33006    448.21  11000  21809   218383   1524   2348  25167
 11   15300  302281   1076.38  13953  27676  310900  10705  387  644.08  13480  26728  300853  3440  3361  36367    448.24  10400  20630   239013   1446   2442  27609
 12   15200  332430   1076.56  13790  27353  338253  10573  387  644.09  13550  26881  327734  3393  3362  39729    448.89   6000  11901   250914    838   2349  29958
 13   15400  362975   1076.67  11963  23729  361982   9100  383  643.99  13200  26187  353921  3289  3016  42745    448.83  11310  22426   273340   1574   2444  32402
 14   11300  385388   1076.70  11217  22249  384231   8531  383  643.89  13400  26577  380498  3330  2970  45715    448.57  12690  25179   298519   1760   2445  34847
 15   11300  407802   1076.95   9909  19655  403886   7513  382  643.55  13600  26967  407465  3375  2983  48698    448.46  11300  22411   320930   1569   2445  37292
 16   15400  438347   1076.97  14290  28344  432230  10949  386  643.52  13600  26974  434439  3371  2993  51691    448.47  10700  21232   342162   1488   2295  39587
 17   15200  468496   1076.89  17054  33826  466056  12967  383  643.77  13590  26947  461386  3372  3002  54693    448.38  11890  23593   365755   1649   2439  42026
 18   15300  498843   1076.84  13597  26970  493026  10332  383  643.69  13620  27017  488403  3380  3008  57701    448.14  13110  26007   391762   1800   2151  44177
 19   15300  529190   1076.92  11925  23653  516679   9080  384  643.81  13410  26599  515002  3306  3341  61042    448.42   7010  13904   405666    973   2449  46626
 20   15100  559140   1077.07  12345  24487  541166   9428  385  643.52  13400  26588  541590  3302  3443  64485    448.62   9900  19637   425303   1383   2445  49071
 21   11300  581554   1077.26   8626  17109  558275   6528  382  643.16  13610  26986  568576  3345  3422  67907    448.47  10500  20832   446135   1470   2445  51516
 22   11400  604165   1077.39  11029  21876  580151   8370  383  642.95  13200  26184  594760  3259  3405  71312    448.49  10400  20627   466762   1458   2448  53964
 23   15400  634711   1077.42  14207  28179  608330  10757  382  643.00  13190  26169  620929  3242  3379  74691    448.52  10010  19846   486608   1397   2446  56410
 24   15200  664859   1077.33  17081  33879  642209  12888  380  643.24  13000  25786  646715  3194  3373  78064    448.62   9100  18048   504656   1275   2349  58759
 25   15300  695207   1077.25  14687  29131  671339  11043  379  643.42  11780  23369  670084  2908  3176  81240    448.70   8780  17413   522069   1231   2350  61109
 26   15300  725554   1077.35  13610  26995  698334  10266  380  643.44  11800  23414  693498  2914  3175  84415    448.70   9110  18077   540146   1281   2312  63421
 27   15100  755504   1077.30  13720  27214  725548  10294  378  643.44  12810  25403  718901  3143  3162  87577    448.39  11810  23424   563570   1641   1659  65080
 28   11200  777719   1077.38  10502  20831  746379   7886  379  643.11  13990  27752  746653  3428  3371  90948    448.27  12500  24787   588357   1729   1648  66728
 29   11200  799934   1077.47  11458  22726  769105   8545  376  643.07  13000  25786  772439  3199  3365  94313    448.12  11300  22413   610770   1554   1651  68379
 30   14900  829488   1077.45  13185  26152  795257   9945  380  643.04  14000  27769  800208  3428  3361  97674    447.93  11300  22410   633180   1556   1588  69967
 31   15400  860033   1077.43  12515  24822  820079   9425  380  642.91  13400  26579  826787  3279  3356 101030    448.00  11410  22638   655818   1576   1644  71611

TOTAL                                               313234                                   103377                                                45912









                                                                    BUREAU OF RECLAMATION
                                                                    LOWER COLORADO REGION
                                                                    BOULDER CITY, NEVADA

                                                     AVAILABLE RESERVOIR ELEVATIONS AND CONTENTS FOR JULY 2018

                                        LAKE MEAD                      LAKE MOHAVE                      LAKE HAVASU                        SENATOR WASH
  AVAILABLE CAPACITY IN A.F.            *26120000                        1809800                           619400                              9144
  ELEVATION IN FEET                        1219.6                          647.0                            450.0                             240.0

           TOTAL     TOTAL    |             HOOVER            |            DAVIS            |             PARKER            |             SENATOR WASH
          SYSTEM    AVAILABLE |ELEVATION    CONTENT   RELEASE |ELEVATION   CONTENT  RELEASE |ELEVATION    CONTENT   RELEASE | ELEVATION   CONTENT  PUMPED   RELEASE
     DAY  STORAGE**   SPACE   |  FEET       1000A.F.    ft3/s |  FEET      1000A.F.  ft3/s  |   FEET      1000A.F.  ft3/s   |  FEET        A.F.     ft3/s    ft3/s
-----------------------------------------------------------------------------------------------------------------------------------------------------------------------------
       1    30373.1  30752.0    1076.88       9754       11000   643.90     1723.4    15000    448.37      587.1    12200      230.99     6069        0       25
       2    30345.7  30779.3    1076.84       9751       14800   643.88     1722.9    14000    448.48      589.3    10700      232.03     6387      219        0
       3    30307.5  30817.5    1076.69       9739       15000   643.88     1722.8    13600    448.26      585.0    12800      235.01     7353      542        0
       4    30283.5  30841.6    1076.63       9734       13200   643.90     1723.6    13200    448.18      583.6    12300      234.58     7210        0        0
       5    30267.4  30857.7    1076.58       9730       17000   644.08     1728.4    13200    448.66      592.9     5500      233.80     6952        0       71
       6    30237.8  30887.3    1076.51       9724       17000   644.27     1733.8    14000    448.46      589.0    11800      233.44     6836        0        0
       7    30216.1  30909.0    1076.47       9721       14400   644.30     1734.5    13800    448.49      589.5    10800      235.24     7432      373        0
       8    30193.1  30932.0    1076.60       9731        9660   643.98     1725.7    13900    448.29      585.6    11800      234.81     7286        0        0
       9    30173.7  30951.3    1076.65       9735       15900   644.12     1729.6    13900    448.27      585.3    11200      234.45     7167        0        0
      10    30135.9  30989.1    1076.52       9725       14800   644.12     1729.6    13700    448.21      584.0    11000      232.93     6671        0      198
      11    30095.9  31029.2    1076.38       9713       14000   644.08     1728.4    13500    448.24      584.7    10400      232.61     6570        0        0
      12    30098.8  31026.2    1076.56       9728       13800   644.09     1728.8    13600    448.89      597.2     6000      232.28     6466        0        0
      13    30078.9  31046.2    1076.67       9737       12000   643.99     1726.0    13200    448.83      596.1    11300      231.94     6359        0        0
      14    30057.2  31067.9    1076.70       9739       11200   643.89     1723.1    13400    448.57      591.1    12700      231.62     6262        0        0
      15    30045.2  31079.8    1076.95       9760        9910   643.55     1713.9    13600    448.46      588.8    11300      231.29     6161        0        0
      16    30021.2  31103.9    1076.97       9762       14300   643.52     1713.0    13600    448.47      589.1    10700      228.09     5231        0      476
      17    29996.2  31128.8    1076.89       9755       17100   643.77     1720.0    13600    448.38      587.3    11900      227.86     5168        0        0
      18    29960.4  31164.6    1076.84       9751       13600   643.69     1717.7    13600    448.14      582.6    13100      227.63     5105        0        0
      19    29949.6  31175.5    1076.92       9757       11900   643.81     1720.9    13400    448.42      588.1     7010      227.40     5043        0        0
      20    29933.3  31191.8    1077.07       9770       12300   643.52     1713.0    13400    448.62      592.0     9900      229.33     5582      309        0
      21    29919.1  31205.9    1077.26       9785        8630   643.16     1703.0    13600    448.47      589.1    10500      235.26     7438     1055        0
      22    29905.9  31219.2    1077.39       9796       11000   642.95     1697.3    13200    448.49      589.5    10400      238.90     8731      865        0
      23    29883.3  31241.8    1077.42       9798       14200   643.00     1698.6    13200    448.52      590.1    10000      238.14     8452        0        0
      24    29856.6  31268.4    1077.33       9791       17100   643.24     1705.4    13000    448.62      592.0     9100      237.56     8242        0        0
      25    29824.0  31301.1    1077.25       9784       14700   643.42     1710.1    11800    448.70      593.5     8780      237.02     8048        0        0
      26    29805.0  31320.1    1077.35       9793       13600   643.44     1710.7    11800    448.70      593.5     9110      236.53     7877        0        0
      27    29766.9  31358.1    1077.30       9789       13700   643.44     1710.7    12800    448.39      587.6    11800      236.06     7712        0        0
      28    29736.0  31389.0    1077.38       9795       10500   643.11     1701.8    14000    448.27      585.2    12500      233.61     6890        0      370
      29    29710.5  31414.6    1077.47       9802       11500   643.07     1700.7    13000    448.12      582.3    11300      234.19     7081      149        0
      30    29681.8  31443.3    1077.45       9801       13200   643.04     1699.7    14000    447.93      578.7    11300      233.80     6952        0        0
      31    29647.3  31477.8    1077.43       9799       12500   642.91     1696.2    13400    448.00      580.1    11400      233.43     6833        0        0

TOTAL                                                   413500                       417000                        330600                          3512     1140
AVE.                                                     13340                        13450                         10660                           113       37
AC FT                                                   820000                       827000                        656000                          6966     2261

      * BOTTOM OF EXCLUSIVE FLOOD CONTROL SPACE
     ** INCLUDES FONTENELLE AND CRYSTAL RESERVOIRS

                                                                      BUREAU OF RECLAMATION
                                                                      LOWER COLORADO REGION
                                                                      BOULDER CITY, NEVADA

                                             COLORADO RIVER STORAGE PROJECT DATA (operational) FOR JULY 2018

                   LAKE POWELL          |        FLAMING GORGE        |          NAVAJO            |      BLUE MESA             |     MORROW POINT
             MAX. STORAGE 24322000 AF   |  MAX. STORAGE 3749000 AF    | MAX. STORAGE 1696000 AF    | MAX. STORAGE 829500 AF     | MAX. STORAGE 117025 AF  
    COMPUTED MAX. ELEV. 3700.0 FEET     |  MAX. ELEV. 6040.0 FEET     | MAX. ELEV. 6085.0 FEET     | MAX. ELEV. 7519.4 FEET     | MAX. ELEV. 7160.0 FEET
     INFLOW  ELEVATION CONTENT  RELEASE |  ELEVATION CONTENT  RELEASE | ELEVATION CONTENT  RELEASE | ELEVATION CONTENT  RELEASE | ELEVATION CONTENT  RELEASE
DATE FT3/S   (FEET)  (1000 AF)   FT3/S  |  (FEET)  (1000 AF)   FT3/   |(FEET)  (1000 AF)   FT3/S   | (FEET)  (1000 AF)   FT3/S  |(FEET)  (1000 AF)   FT3/S
------------------------------------------------------------------------------------------------------------------------------------------------------------
   1   2700   3609.81   12711    11200      6035.15   3550     1790      6043.97   1160      940     7474.74    468.4    1620     7154.30    112.5    1570
   2   3700   3609.58   12688    15400      6035.21   3550     1780      6043.71   1150      940     7474.35    465.7    1810     7153.96    112.2    1960
   3   5400   3609.38   12668    15400      6035.27   3560     1800      6043.43   1150     1030     7474.00    463.2    1730     7154.15    112.3    1660
   4   3800   3609.23   12653    11200      6035.27   3560     1810      6043.14   1150     1030     7473.65    460.8    1710     7154.46    112.6    1610
   5   4200   3609.01   12631    15300      6035.25   3560     1810      6042.86   1140     1030     7473.37    458.8    1470     7154.28    112.4    1540
   6   4300   3608.79   12609    15500      6035.23   3560     1890      6042.67   1140     1030     7473.02    456.4    1640     7153.83    112.1    1770
   7   3900   3608.64   12594    11200      6035.19   3550     1950      6042.44   1140      960     7472.69    454.1    1660     7153.75    112.0    1630
   8   3300   3608.48   12578    11200      6035.13   3550     2010      6042.20   1140      960     7472.37    451.9    1750     7153.72    112.0    1780
   9   3200   3608.24   12554    15400      6035.13   3550     1980      6041.97   1130      960     7471.99    449.3    1760     7153.95    112.2    1620
  10   4300   3608.02   12532    15300      6035.09   3550     1930      6041.74   1130      960     7471.66    447.1    1690     7154.06    112.3    1620
  11   4300   3607.80   12510    15300      6035.01   3550     1930      6041.44   1130      860     7471.24    444.2    1880     7154.55    112.7    1650
  12   4200   3607.58   12488    15200      6034.97   3540     1930      6041.18   1130      860     7470.91    442.0    1740     7154.98    113.0    1590
  13   3800   3607.35   12465    15400      6034.95   3540     1930      6040.96   1120      860     7470.54    439.4    1820     7155.20    113.2    1750
  14   5100   3607.22   12453    11300      6034.91   3540     1930      6040.75   1120      860     7470.17    436.9    1770     7155.58    113.5    1620
  15   3000   3607.05   12436    11300      6034.87   3540     1930      6040.51   1120      860     7469.86    434.9    1540     7155.58    113.5    1580
  16   3800   3606.82   12413    15400      6034.83   3540     1930      6040.41   1120      810     7469.55    432.8    1690     7155.64    113.5    1690
  17   5600   3606.62   12394    15200      6034.79   3540     1940      6040.19   1110      760     7469.23    430.6    1710     7155.59    113.5    1710
  18   5700   3606.43   12374    15300      6034.73   3540     1930      6040.07   1110      670     7468.89    428.3    1590     7155.29    113.2    1670
  19   4300   3606.21   12353    15300      6034.71   3530     1930      6039.91   1110      670     7468.54    426.0    1690     7155.27    113.2    1650
  20   5200   3606.01   12333    15100      6034.69   3530     1930      6039.72   1110      670     7468.23    423.9    1560     7155.05    113.1    1640
  21   6300   3605.90   12322    11300      6034.65   3530     1930      6039.52   1110      670     7467.88    421.6    1620     7154.93    113.0    1620
  22   4200   3605.75   12307    11400      6034.65   3530     1930      6039.31   1110      670     7467.53    419.3    1690     7154.89    112.9    1730
  23   4500   3605.53   12286    15400      6034.63   3530     1970      6039.06   1100      670     7467.21    417.2    1540     7154.88    112.9    1540
  24   4300   3605.31   12264    15200      6034.59   3530     2060      6038.82   1100      670     7466.83    414.7    1670     7155.10    113.1    1600
  25   2200   3605.05   12239    15300      6034.55   3530     2060      6038.54   1100      820     7466.51    412.6    1590     7154.86    112.9    1620
  26   4200   3604.82   12216    15300      6034.53   3530     2060      6038.31   1090      800     7466.12    410.0    1770     7154.88    112.9    1670
  27   3900   3604.60   12194    15100      6034.53   3530     2060      6037.99   1090      820     7465.80    408.0    1470     7154.79    112.8    1550
  28   1400   3604.40   12175    11200      6034.49   3530     2060      6037.77   1090      870     7465.46    405.8    1620     7154.82    112.9    1610
  29   2000   3604.21   12156    11200      6034.37   3520     2060      6037.52   1090      840     7465.14    403.7    1500     7154.94    113.0    1430
  30   6200   3604.03   12139    14900      6034.39   3520     2040      6037.23   1080      840     7464.76    401.2    1660     7155.48    113.4    1590
  31   4000   3603.80   12116    15400      6034.33   3520     2060      6036.94   1080      840     7464.43    399.1    1640     7155.49    113.4    1560

TOT  127000                     433600                        60350                        26230                        51600                        50830
AVE    4097                      13990                         1950                          850                         1660                         1640
A F  251900                     860000                       120000                        52000                        102300                       100800






                                          BUREAU OF RECLAMATION
                                          LOWER COLORADO REGION
                                          BOULDER CITY, NEVADA

                                     GLEN CANYON TO HOOVER DAM LOSSES

                                                JULY 2018

                      |           | LAKE    |         |   LAKE|    LAKE   |  CHANGE |
               GLEN   |    HOOVER | MEAD    |  STORAGE|   MEAD|    MEAD   |   BANK  |       |          |
              RELEASE |    RELEASE| STORAGE |  CHANGE |PUMPING|EVAPORATION| STORAGE |  LOSS |  ACCUMUL.|  INFLOW
   DATE |      CFS    |     CFS   | 1000 AF |  1000 AF|    CFS|     CFS   |    CFS  |   CFS |     A.F. |   CFS
--------------------------------------------------------------------------------------------------------------------
      1        11200       11000      9754         6       701      1064       197     -2059     -4083     16000
      2        15400       14800      9751        -3       811      1064       -98     -5081    -14162     15100
      3        15400       15000      9739       -12       845      1064      -393       697    -12780     10500
      4        11200       13200      9734        -5       815      1063      -164      2980     -6869     12400
      5        15300       17000      9730        -4       812      1063      -131     -1306     -9460     16700
      6        15500       17000      9724        -6       843      1063      -197     -4532    -18450     15700
      7        11200       14400      9721        -3       814      1062       -98       656    -17149     14700
      8        11200        9660      9731        10       707      1063       328     -1338    -19803     16800
      9        15400       15900      9735         4       803      1063       131     -8670    -37000     19900
     10        15300       14800      9725       -10       784      1063      -328       -91    -37181     11300
     11        15300       14000      9713       -12       774      1062      -393      6000    -25281      9390
     12        15200       13800      9728        15       740      1062       492     -8323    -41789     23700
     13        15400       12000      9737         9       690      1063       295     -3257    -48248     18600
     14        11300       11200      9739         2       671      1063        66      1220    -45827     14000
     15        11300        9910      9760        21       682      1064       688     -7528    -60760     22900
     16        15400       14300      9762         2       695      1064        66     -5818    -72300     17100
     17        15200       17100      9755        -7       723      1064      -229     -3829    -79896     15100
     18        15300       13600      9751        -4       747      1064      -131      2120    -75690     13300
     19        15300       11900      9757         6       764      1064       197     -1712    -79086     16900
     20        15100       12300      9770        13       757      1065       426     -5804    -90598     21100
     21        11300        8630      9785        15       763      1065       492     -3235    -97014     18500
     22        11400       11000      9796        11       698      1066       360     -3593   -104141     18700
     23        15400       14200      9798         2       781      1066        66     -5817   -115678     17100
     24        15200       17100      9791        -7       806      1066      -229     -3850   -123314     15200
     25        15300       14700      9784        -7       798      1066      -229      2632   -118093     12800
     26        15300       13600      9793         9       797      1066       295     -5078   -128164     20300
     27        15100       13700      9789        -4       777      1066      -131      1886   -124423     13400
     28        11200       10500      9795         6       783      1066       197      -252   -124924     15600
     29        11200       11500      9802         7       715      1067       229     -1943   -128778     17000
     30        14900       13200      9801        -1       788      1067       -33     -3312   -135348     14500
     31        15400       12500      9799        -2       764      1067       -66     -2030   -139375     13300

    TOTAL     433700      413460                         23648     32995                       -139375    497500



</pre>




