
<pre>                                                                    BUREAU OF RECLAMATION
                                                                    LOWER COLORADO REGION
                                                                    BOULDER CITY, NEVADA

                                                               ACCUMULATIONS FOR JULY 2020

    |GLEN CANYON    |                         HOOVER DAM         |             DAVIS DAM           |      MWD       |            PARKER DAM              |
    |               |  LAKE                                      |LAKE                             |                | LAKE                               |   C.A.P.
    |         ACCUM.|  MEAD    HOOVER RELEASE        GROSS  RATE |MOHAVE      DAVIS RELEASE   GROSS|DIVER. AT INTAKE| HAVASU     PARKER RELEASE     GROSS| DIVER. ACCUM.
DAY |   CFS    A.F. |  ELEV.   CFS    A.F.   ACCUM.   GEN  KWH/AF|ELEV   CFS   A.F.   ACCUM.  GEN  | A.F. ACCUM.    | ELEV    CFS    A.F.   ACCUM.  GEN. | A.F.   A.F.
----------------------------------------------------------------------------------------------------------------------------------------------------------------------
  1   13300   26380   1086.88  15455  30655   30655  12111  395  643.48  14750  29259   29259  3825  2711   2711    447.82  11290  22393    22393   1542   3120   3120
  2   13100   52364   1086.72  16469  32665   63320  12944  396  643.51  15410  30574   59833  3825  2868   5579    448.29   7300  14473    36866   1015   3120   6240
  3   13100   78347   1086.63  15461  30666   93986  11956  390  643.44  16000  31738   91571  3934  2904   8483    448.12  13920  27604    64470   1920   3122   9362
  4    9400   96992   1086.62  13709  27192  121178  10651  392  643.18  16010  31756  123327  3941  2922  11405    448.14  12700  25190    89660   1768   3119  12481
  5    9300  115438   1086.63  13181  26144  147322  10212  391  643.01  16000  31735  155062  3934  2935  14340    448.07  12220  24244   113904   1695   3121  15602
  6   13200  141620   1086.55  16120  31973  179295  12392  388  643.09  13600  26980  182042  3335  3232  17572    448.11  11810  23416   137320   1634   2550  18152
  7   13200  167802   1086.36  14775  29307  208601  11460  391  643.08  13610  26999  209041  3337  3314  20886    447.97  11920  23643   160963   1656   2240  20392
  8   12900  193388   1086.21  14992  29736  238337  11670  392  643.28  13600  26981  236022  3331  3293  24179    447.85  11700  23201   184164   1592   2238  22630
  9   13000  219174   1086.12  16451  32630  270967  12690  389  643.41  13590  26956  262978  3336  3276  27455    448.06   8100  16064   200228   1128   2240  24870
 10   13100  245157   1086.06  15462  30668  301635  11995  391  643.50  13990  27759  290737  3443  3267  30722    447.83  13200  26177   226405   1825   2080  26950
 11    9300  263603   1086.02  14070  27907  329542  10786  386  643.41  14400  28558  319295  3543  3240  33962    447.57  13090  25970   252375   1809   2078  29028
 12    9300  282050   1086.02  12677  25144  354686   9590  381  643.29  14390  28540  347835  3552  3187  37149    447.53  12000  23801   276176   1667   2234  31262
 13   13200  308231   1085.95  14390  28542  383228  11105  389  643.24  14370  28498  376333  3552  2932  40081    447.56  11300  22408   298584   1564    938  32200
 14   13200  334413   1085.80  15119  29988  413216  11832  395  643.15  14340  28450  404783  3563  2881  42962    447.64  11000  21815   320399   1516   1138  33338
 15   13000  360198   1085.67  13898  27566  440782  10785  391  643.10  14360  28491  433274  3552  2898  45860    447.83  11000  21818   342217   1509   2079  35417
 16   13200  386380   1085.58  15444  30633  471415  12004  392  643.15  14410  28579  461853  3553  2916  48776    448.24   6300  12491   354708    878   1933  37350
 17   13300  412760   1085.54  14822  29399  500814  11468  390  643.14  14380  28528  490381  3575  2925  51701    448.10  12890  25568   380276   1787   1935  39285
 18    9300  431207   1085.54  12740  25270  526084   9899  392  642.93  14390  28544  518925  3570  2934  54635    447.94  12900  25593   405869   1775   1938  41223
 19    9300  449653   1085.55  12667  25124  551209   9762  389  642.85  14390  28544  547469  3567  3225  57860    447.69  13700  27167   433036   1897   2248  43471
 20   13300  476033   1085.56  11643  23093  574301   9011  390  642.66  14390  28550  576019  3571  3302  61162    447.55  12690  25180   458216   1743   1936  45407
 21   13500  502810   1085.41  15450  30644  604945  11967  391  642.62  14400  28565  604584  3560  3281  64443    447.37  12000  23796   482012   1649   3345  48752
 22   13300  529190   1085.24  15828  31394  636339  12117  386  642.69  14400  28559  633143  3558  3264  67707    447.21  12590  24972   506984   1705   2247  50999
 23   13300  555570   1085.16  15216  30181  666520  11614  385  642.72  14380  28519  661662  3543  3255  70962    447.83   5410  10740   517724    720   2247  53246
 24   13400  582149   1085.12  14942  29637  696157  11519  389  642.70  14400  28563  690225  3566  3244  74206    447.59  13220  26223   543947   1807   2236  55482
 25    9300  600595   1085.10  13210  26201  722358  10247  391  642.52  14420  28592  718817  3573  2953  77159    447.45  13020  25818   569765   1767   2236  57718
 26    9300  619041   1085.11  13716  27205  749563  10592  389  642.43  14390  28550  747367  3565  2873  80032    447.36  12310  24423   594188   1661   2482  60200
 27   13300  645421   1085.04  15268  30283  779846  11726  387  642.50  13810  27400  774767  3422  2887  82919    447.35  11400  22616   616804   1542   2189  62389
 28   13200  671603   1084.91  15087  29924  809770  11607  388  642.60  13410  26599  801366  3317  2901  85820    447.32  11540  22889   639693   1560   1993  64382
 29   13200  697785   1084.73  16455  32638  842408  12757  391  642.88  13380  26547  827913  3314  2913  88733    447.35  10600  21021   660714   1435   1786  66168
 30   13200  723967   1084.67  14050  27868  870276  10834  389  642.78  14200  28168  856081  3515  3208  91941    447.35  10500  20817   681531   1435   1787  67955
 31   13100  749950   1084.63  15894  31526  901802  12325  391  642.91  14000  27768  883849  3479  3288  95229    447.58   9500  18843   700374   1308   1367  69322

TOTAL                                               351628                                   110251                                                48511









                                                                    BUREAU OF RECLAMATION
                                                                    LOWER COLORADO REGION
                                                                    BOULDER CITY, NEVADA

                                                     AVAILABLE RESERVOIR ELEVATIONS AND CONTENTS FOR JULY 2020

                                        LAKE MEAD                      LAKE MOHAVE                      LAKE HAVASU                        SENATOR WASH
  AVAILABLE CAPACITY IN A.F.            *26120000                        1809800                           619400                              9144
  ELEVATION IN FEET                        1219.6                          647.0                            450.0                             240.0

           TOTAL     TOTAL    |             HOOVER            |            DAVIS            |             PARKER            |             SENATOR WASH
          SYSTEM    AVAILABLE |ELEVATION    CONTENT   RELEASE |ELEVATION   CONTENT  RELEASE |ELEVATION    CONTENT   RELEASE | ELEVATION   CONTENT  PUMPED   RELEASE
     DAY  STORAGE**   SPACE   |  FEET       1000A.F.    ft3/s |  FEET      1000A.F.  ft3/s  |   FEET      1000A.F.  ft3/s   |  FEET        A.F.     ft3/s    ft3/s
-----------------------------------------------------------------------------------------------------------------------------------------------------------------------------
       1    31314.6  29810.4    1086.88      10589       15500   643.48     1712.0    14800    447.82      576.6    11300      234.83     7293        0        0
       2    31295.7  29829.4    1086.72      10576       16500   643.51     1712.6    15400    448.29      585.6     7300      234.53     7193        0        0
       3    31287.9  29837.1    1086.63      10568       15500   643.44     1710.7    16000    448.12      582.3    13900      236.11     7730      319        0
       4    31273.1  29852.0    1086.62      10567       13700   643.18     1703.5    16000    448.14      582.7    12700      236.47     7856      126        0
       5    31266.0  29859.1    1086.63      10568       13200   643.01     1698.9    16000    448.07      581.4    12200      236.10     7726        0        0
       6    31249.5  29875.6    1086.55      10561       16100   643.09     1701.2    13600    448.11      582.1    11800      235.75     7606        0        0
       7    31214.6  29910.5    1086.36      10545       14800   643.08     1701.0    13600    447.97      579.4    11900      235.42     7493        0        0
       8    31185.0  29940.1    1086.21      10532       15000   643.28     1706.5    13600    447.85      577.2    11700      235.11     7387        0        0
       9    31168.8  29956.2    1086.12      10525       16500   643.41     1710.1    13600    448.06      581.1     8100      234.81     7286        0        0
      10    31143.9  29981.1    1086.06      10519       15500   643.50     1712.5    14000    447.83      576.7    13200      234.51     7186        0        0
      11    31121.4  30003.7    1086.02      10516       14100   643.41     1710.1    14400    447.57      571.9    13100      235.58     7548      238        0
      12    31106.7  30018.3    1086.02      10516       12700   643.29     1706.6    14400    447.53      571.1    12000      237.22     8120      348        0
      13    31077.7  30047.4    1085.95      10510       14400   643.24     1705.3    14400    447.56      571.7    11300      236.87     7996       18        0
      14    31042.5  30082.5    1085.80      10497       15100   643.15     1702.8    14300    447.64      573.2    11000      236.47     7856        0        0
      15    31013.5  30111.6    1085.67      10486       13900   643.10     1701.5    14400    447.83      576.7    11000      236.10     7726        0        0
      16    30991.0  30134.1    1085.58      10479       15400   643.15     1702.9    14400    448.24      584.7     6300      235.76     7609        0        0
      17    30963.2  30161.9    1085.54      10475       14800   643.14     1702.6    14400    448.10      581.9    12900      235.43     7496        0        0
      18    30938.6  30186.5    1085.54      10475       12700   642.93     1696.8    14400    447.94      578.8    12900      235.13     7394        0        0
      19    30915.7  30209.4    1085.55      10476       12700   642.85     1694.7    14400    447.69      574.1    13700      235.52     7527        0        0
      20    30884.3  30240.8    1085.56      10477       11600   642.66     1689.4    14400    447.55      571.5    12700      232.60     6567        0      478
      21    30841.6  30283.4    1085.41      10464       15400   642.62     1688.5    14400    447.37      568.2    12000      230.52     5929        0      329
      22    30805.9  30319.2    1085.24      10450       15800   642.69     1690.3    14400    447.21      565.0    12600      228.49     5343        3      155
      23    30790.6  30334.4    1085.16      10443       15200   642.72     1691.0    14400    447.83      576.7     5410      228.32     5296        0        0
      24    30763.4  30361.7    1085.12      10440       14900   642.70     1690.5    14400    447.59      572.2    13200      228.11     5237        0        0
      25    30737.6  30387.4    1085.10      10438       13200   642.52     1685.5    14400    447.45      569.6    13000      225.90     4645        0      349
      26    30722.3  30402.7    1085.11      10439       13700   642.43     1683.2    14400    447.36      567.8    12300      221.16     3514        0      569
      27    30712.5  30412.6    1085.04      10433       15300   642.50     1685.2    13800    447.35      567.7    11400      218.64     2988        0      431
      28    30686.2  30438.9    1084.91      10422       15100   642.60     1687.8    13400    447.32      567.1    11500      211.80     1824      126        0
      29    30659.4  30465.6    1084.73      10407       16500   642.88     1695.5    13400    447.35      567.7    10600      226.16     4713      595        0
      30    30632.3  30492.8    1084.67      10402       14100   642.78     1692.8    14200    447.35      567.6    10500      227.86     5168      288        0
      31    30614.1  30511.0    1084.63      10398       15900   642.91     1696.3    14000    447.58      572.1     9500      227.63     5105        0        0

TOTAL                                                   454800                       445700                        353010                          2061     2311
AVE.                                                     14670                        14380                         11390                            66       75
AC FT                                                   902000                       884000                        700000                          4088     4584

      * BOTTOM OF EXCLUSIVE FLOOD CONTROL SPACE
     ** INCLUDES FONTENELLE AND CRYSTAL RESERVOIRS

                                                                      BUREAU OF RECLAMATION
                                                                      LOWER COLORADO REGION
                                                                      BOULDER CITY, NEVADA

                                             COLORADO RIVER STORAGE PROJECT DATA (operational) FOR JULY 2020

                   LAKE POWELL          |        FLAMING GORGE        |          NAVAJO            |      BLUE MESA             |     MORROW POINT
             MAX. STORAGE 24322000 AF   |  MAX. STORAGE 3749000 AF    | MAX. STORAGE 1696000 AF    | MAX. STORAGE 829500 AF     | MAX. STORAGE 117025 AF  
    COMPUTED MAX. ELEV. 3700.0 FEET     |  MAX. ELEV. 6040.0 FEET     | MAX. ELEV. 6085.0 FEET     | MAX. ELEV. 7519.4 FEET     | MAX. ELEV. 7160.0 FEET
     INFLOW  ELEVATION CONTENT  RELEASE |  ELEVATION CONTENT  RELEASE | ELEVATION CONTENT  RELEASE | ELEVATION CONTENT  RELEASE | ELEVATION CONTENT  RELEASE
DATE FT3/S   (FEET)  (1000 AF)   FT3/S  |  (FEET)  (1000 AF)   FT3/   |(FEET)  (1000 AF)   FT3/S   | (FEET)  (1000 AF)   FT3/S  |(FEET)  (1000 AF)   FT3/S
------------------------------------------------------------------------------------------------------------------------------------------------------------
   1   9200   3610.53   12784    13300      6027.87   3270     1090      6060.29   1350      780     7491.52    593.2    1500     7151.91    110.6    1660
   2   1900   3610.31   12762    13100      6027.98   3270     1090      6060.10   1350      820     7491.40    592.3    1390     7151.62    110.3    1510
   3  14000   3610.31   12762    13100      6028.09   3280     1090      6059.90   1350      790     7491.24    591.0    1470     7151.78    110.5    1410
   4   4700   3610.21   12751     9400      6028.19   3280     1090      6059.74   1340      790     7491.13    590.2    1440     7151.45    110.2    1580
   5   8500   3610.18   12748     9300      6028.29   3280     1030      6059.58   1340      790     7490.98    589.0    1540     7151.81    110.5    1410
   6   7500   3610.06   12736    13200      6028.37   3290     1030      6059.40   1340      790     7490.82    587.7    1590     7151.48    110.2    1730
   7   5900   3609.91   12721    13200      6028.45   3290     1090      6059.21   1340      800     7490.63    586.3    1440     7151.68    110.4    1370
   8   3900   3609.73   12703    12900      6028.51   3290     1080      6058.99   1340      800     7490.42    584.6    1600     7151.78    110.5    1570
   9   5700   3609.58   12688    13000      6028.59   3290     1130      6058.77   1330      810     7490.22    583.1    1600     7151.78    110.5    1600
  10   5200   3609.42   12672    13100      6028.65   3300     1230      6058.56   1330      820     7490.00    581.3    1470     7151.70    110.4    1510
  11   5300   3609.33   12663     9300      6028.69   3300     1190      6058.33   1330      810     7489.78    579.6    1590     7151.50    110.2    1670
  12   6300   3609.26   12656     9300      6028.73   3300     1220      6058.11   1320      810     7489.55    577.8    1530     7151.86    110.5    1400
  13   3100   3609.06   12636    13200      6028.77   3300     1370      6057.91   1320      810     7489.37    576.5    1610     7151.69    110.4    1700
  14   4200   3608.88   12618    13200      6028.80   3300     1330      6057.69   1320      800     7489.16    574.8    1450     7151.81    110.5    1420
  15   4600   3608.71   12601    13000      6028.82   3300     1330      6057.46   1320      800     7488.96    573.3    1560     7151.80    110.5    1570
  16   3700   3608.52   12582    13200      6028.79   3300     1560      6057.23   1310      850     7488.76    571.7    1460     7151.29    110.1    1660
  17   5500   3608.36   12566    13300      6028.77   3300     1690      6056.95   1310      860     7488.54    570.0    1600     7151.36    110.1    1580
  18   2500   3608.22   12552     9300      6028.81   3300     1720      6056.79   1310      860     7488.34    568.5    1600     7151.37    110.1    1600
  19   3600   3608.10   12540     9300      6028.79   3300     1780      6056.59   1310      860     7488.11    566.7    1610     7151.77    110.5    1460
  20   3600   3607.91   12521    13300      6028.77   3300     1790      6056.40   1300      850     7487.90    565.1    1570     7151.92    110.6    1520
  21   3800   3607.71   12501    13500      6028.75   3300     1800      6056.10   1300      810     7487.74    563.9    1310     7151.72    110.4    1400
  22   5500   3607.55   12485    13300      6028.75   3300     1800      6055.90   1300      810     7487.55    562.4    1470     7151.77    110.5    1460
  23   5500   3607.39   12469    13300      6028.73   3300     1740      6055.71   1290      720     7487.33    560.7    1510     7151.92    110.6    1470
  24   5600   3607.23   12453    13400      6028.73   3300     1730      6055.51   1290      690     7487.20    559.8    1480     7152.15    110.8    1420
  25   3200   3607.10   12441     9300      6028.69   3300     1730      6055.39   1290      700     7487.10    559.0    1410     7151.75    110.4    1590
  26   4800   3607.00   12431     9300      6028.67   3300     1730      6055.32   1290      710     7487.01    558.3    1450     7152.14    110.7    1310
  27  10400   3606.93   12424    13300      6028.63   3300     1750      6055.44   1290      700     7487.13    559.2    1500     7152.05    110.7    1560
  28   5300   3606.77   12408    13200      6028.63   3300     1740      6055.38   1290      550     7487.04    558.5    1370     7152.00    110.6    1400
  29   5300   3606.60   12392    13200      6028.59   3290     1750      6055.26   1290      490     7486.91    557.5    1480     7152.12    110.7    1440
  30   5500   3606.45   12376    13200      6028.57   3290     1750      6055.11   1290      490     7486.76    556.4    1450     7152.03    110.7    1500
  31   3400   3606.25   12357    13100      6028.55   3290     1740      6054.99   1290      490     7486.61    555.3    1450     7152.06    110.7    1450

TOT  167200                     378100                        45190                        23460                        46500                        46930
AVE    5394                      12200                         1460                          760                         1500                         1510
A F  331600                     750000                        90000                        46500                        92200                        93100






                                          BUREAU OF RECLAMATION
                                          LOWER COLORADO REGION
                                          BOULDER CITY, NEVADA

                                     GLEN CANYON TO HOOVER DAM LOSSES

                                                JULY 2020

                      |           | LAKE    |         |   LAKE|    LAKE   |  CHANGE |
               GLEN   |    HOOVER | MEAD    |  STORAGE|   MEAD|    MEAD   |   BANK  |       |          |
              RELEASE |    RELEASE| STORAGE |  CHANGE |PUMPING|EVAPORATION| STORAGE |  LOSS |  ACCUMUL.|  INFLOW
   DATE |      CFS    |     CFS   | 1000 AF |  1000 AF|    CFS|     CFS   |    CFS  |   CFS |     A.F. |   CFS
--------------------------------------------------------------------------------------------------------------------
      1        13300       15500     10589       -16       846      1107      -524      2838      5630      8860
      2        13100       16500     10576       -13       851      1106      -426       430      6484     11500
      3        13100       15500     10568        -8       847      1106      -262        97      6675     13200
      4         9400       13700     10567        -1       803      1105       -33     -1973      2763     15100
      5         9300       13200     10568         1       754      1105        33     -2498     -2191     15600
      6        13200       16100     10561        -7       801      1105      -229     -4897    -11904     14200
      7        13200       14800     10545       -16       814      1105      -524      1192     -9539      8130
      8        12900       15000     10532       -13       903      1104      -426      3212     -3169     10000
      9        13000       16500     10525        -7       888      1103      -229     -1502     -6148     14700
     10        13100       15500     10519        -6       886      1103      -197     -1341     -8807     14300
     11         9300       14100     10516        -3       892      1103       -98     -1498    -11778     14500
     12         9300       12700     10516         0       733      1103         0     -1435    -14625     14500
     13        13200       14400     10510        -6       832      1103      -197     -3794    -22151     13100
     14        13200       15100     10497       -13       895      1102      -426      -854    -23845     10100
     15        13000       13900     10486       -11       892      1102      -360      3182    -17534      9990
     16        13200       15400     10479        -7       890      1101      -229      -442    -18412     13600
     17        13300       14800     10475        -4       884      1101      -131     -1604    -21594     14600
     18         9300       12700     10475         0       806      1101         0     -1432    -24434     14600
     19         9300       12700     10476         1       786      1101        33     -1820    -28043     15100
     20        13300       11600     10477         1       797      1101        33     -4772    -37508     14000
     21        13500       15400     10464       -13       903      1101      -426     -1134    -39758     10400
     22        13300       15800     10450       -14       900      1100      -459      3035    -33739     10300
     23        13300       15200     10443        -7       881      1099      -229        52    -33636     13400
     24        13400       14900     10440        -3       882      1099       -98     -1992    -37588     15300
     25         9300       13200     10438        -2       809      1099       -66      -751    -39077     14000
     26         9300       13700     10439         1       750      1099        33     -2660    -44353     16100
     27        13300       15300     10433        -6       845      1099      -197     -4679    -53633     14000
     28        13200       15100     10422       -11       897      1098      -360     -1874    -57351     11200
     29        13200       16500     10407       -15       899      1098      -492      2859    -51681     10400
     30        13200       14100     10402        -5       891      1097      -164      -194    -52066     13400
     31        13100       15900     10398        -4       905      1097      -131     -2562    -57148     15800

    TOTAL     378100      454660                         26362     34153                        -57149    404200






</pre>