<pre>                                                                   BUREAU OF RECLAMATION
                                                                    LOWER COLORADO REGION
                                                                    BOULDER CITY, NEVADA

                                                               ACCUMULATIONS FOR JULY 2019

    |GLEN CANYON    |                         HOOVER DAM         |             DAVIS DAM           |      MWD       |            PARKER DAM              |
    |               |  LAKE                                      |LAKE                             |                | LAKE                               |   C.A.P.
    |         ACCUM.|  MEAD    HOOVER RELEASE        GROSS  RATE |MOHAVE      DAVIS RELEASE   GROSS|DIVER. AT INTAKE| HAVASU     PARKER RELEASE     GROSS| DIVER. ACCUM.
DAY |   CFS    A.F. |  ELEV.   CFS    A.F.   ACCUM.   GEN  KWH/AF|ELEV   CFS   A.F.   ACCUM.  GEN  | A.F. ACCUM.    | ELEV    CFS    A.F.   ACCUM.  GEN. | A.F.   A.F.
----------------------------------------------------------------------------------------------------------------------------------------------------------------------
  1   14300   28364   1084.65  15229  30206   30206  11663  386  642.88  14200  28169   28169  3522  2045   2045    448.42  12400  24587    24587   1735   3650   3650
  2   14200   56529   1084.53  15236  30220   60426  11881  393  642.89  14210  28185   56354  3525  2037   4082    448.32  12490  24770    49357   1741   2472   6122
  3   14500   85289   1084.41  15011  29774   90200  11683  392  642.89  14200  28157   84511  3521  2031   6113    448.06  13600  26977    76334   1883   3645   9767
  4   13500  112066   1084.39  13956  27681  117881  10902  394  642.85  14190  28151  112662  3517  2030   8143    448.61   6400  12691    89025    857   2049  11816
  5   14200  140231   1084.35  15184  30117  147998  11793  392  642.88  14190  28147  140809  3515  2028  10171    448.40  13000  25782   114807   1816   3649  15465
  6   13000  166017   1084.39  12607  25005  173003   9804  392  642.70  14210  28176  168985  3514  2022  12193    448.18  13000  25791   140598   1792   3650  19115
  7   12900  191603   1084.40  11136  22087  195090   8724  395  642.44  14190  28137  197122  3504  2017  14210    447.97  12890  25574   166172   1784   3645  22760
  8   14400  220165   1084.37  14263  28290  223380  11187  395  642.42  13790  27362  224484  3406  2011  16221    447.66  13690  27151   193323   1898   3643  26403
  9   13900  247736   1084.32  14738  29233  252613  11517  394  642.54  13810  27388  251872  3419  2015  18236    447.48  13300  26379   219702   1832   2447  28850
 10   14300  276099   1084.28  14418  28598  281211  11188  391  642.47  14420  28609  280481  3565  2019  20255    447.23  13400  26572   246274   1840   3637  32487
 11   14700  305256   1084.25  14322  28408  309619  11286  397  642.38  14800  29364  309845  3640  2017  22272    447.63   7400  14679   260953    986   2439  34926
 12   14400  333818   1084.21  15184  30117  339736  11868  394  642.40  14790  29329  339174  3640  2014  24286    447.56  13410  26589   287542   1853   2438  37364
 13   10900  355438   1084.23  13682  27139  366875  10759  396  642.43  13580  26940  366114  3326  2010  26296    447.51  12300  24405   311947   1687   2437  39801
 14   10900  377058   1084.27  12066  23932  390807   9392  392  642.23  14390  28544  394658  3523  2004  28300    447.34  12910  25608   337555   1761   2436  42237
 15   14700  406215   1084.20  17147  34010  424817  13284  391  642.20  15600  30936  425594  3828  2002  30302    447.38  12420  24629   362184   1694   2437  44674
 16   15400  436760   1084.01  17012  33743  458560  13193  391  642.30  15390  30529  456123  3780  1220  31522    447.35  13710  27197   389381   1864   2435  47109
 17   14400  465322   1083.84  16547  32821  491381  12848  391  642.44  14390  28550  484673  3556  1029  32551    447.21  14100  27967   417348   1914   2437  49546
 18   14800  494678   1083.78  16969  33657  525038  13353  397  642.50  15000  29745  514418  3735  1040  33591    447.43   9990  19823   437171   1375   3634  53180
 19   15100  524628   1083.72  16200  32133  557171  12648  394  642.46  16190  32120  546538  4008  1053  34644    447.28  13500  26772   463943   1857   3686  56866
 20   11000  546446   1083.73  13363  26505  583676  10511  397  642.22  16200  32136  578674  4007  1803  36447    447.36  12500  24785   488728   1720   3699  60565
 21   11000  568264   1083.76  12879  25546  609222  10055  394  641.92  16200  32123  610797  3996  2076  38523    447.44  12200  24202   512930   1688   3698  64263
 22   14700  597421   1083.70  15960  31657  640879  12334  390  642.08  13100  25978  636775  3268  2069  40592    447.55  12300  24393   537323   1700   2479  66742
 23   14900  626975   1083.54  16801  33325  674204  13092  393  642.23  15400  30539  667314  3791  2061  42653    447.36  12710  25205   562528   1736   3699  70441
 24   16600  659901   1083.45  17447  34605  708809  13509  390  642.22  15390  30528  697842  3814  2051  44704    447.34  12210  24222   586750   1660   3698  74139
 25   15800  691240   1083.32  18147  35994  744803  14034  390  642.44  15390  30526  728368  3817  2043  46747    447.90   8030  15923   602673   1102   2480  76619
 26   16200  723372   1083.25  18152  36004  780807  14047  390  642.65  15400  30546  758914  3821  2042  48789    447.98  11490  22791   625464   1582   3294  79913
 27   10900  744992   1083.27  15391  30528  811335  12011  393  642.59  15380  30507  789421  3820  2037  50826    448.11  11700  23205   648669   1616   3194  83107
 28   10900  766612   1083.30  14650  29057  840392  11471  395  642.59  14390  28550  817971  3577  2034  52860    448.25  11600  23003   671672   1611   2479  85586
 29   15200  796760   1083.17  18258  36215  876607  14233  393  642.88  13200  26178  844149  3275  2031  54891    448.30  10800  21424   693096   1508   1648  87234
 30   15200  826909   1082.97  17364  34441  911048  13561  394  643.08  12970  25726  869875  3216  2029  56920    448.23  11410  22632   715728   1602   2477  89711
 31   15200  857058   1082.82  17650  35008  946056  13843  395  643.47  12380  24565  894440  3068  2019  58939    448.12  11490  22782   738510   1602   2485  92196

TOTAL                                               371674                                   111514                                                51297









                                                                    BUREAU OF RECLAMATION
                                                                    LOWER COLORADO REGION
                                                                    BOULDER CITY, NEVADA

                                                     AVAILABLE RESERVOIR ELEVATIONS AND CONTENTS FOR JULY 2019

                                        LAKE MEAD                      LAKE MOHAVE                      LAKE HAVASU                        SENATOR WASH
  AVAILABLE CAPACITY IN A.F.            *26120000                        1809800                           619400                              9144
  ELEVATION IN FEET                        1219.6                          647.0                            450.0                             240.0

           TOTAL     TOTAL    |             HOOVER            |            DAVIS            |             PARKER            |             SENATOR WASH
          SYSTEM    AVAILABLE |ELEVATION    CONTENT   RELEASE |ELEVATION   CONTENT  RELEASE |ELEVATION    CONTENT   RELEASE | ELEVATION   CONTENT  PUMPED   RELEASE
     DAY  STORAGE**   SPACE   |  FEET       1000A.F.    ft3/s |  FEET      1000A.F.  ft3/s  |   FEET      1000A.F.  ft3/s   |  FEET        A.F.     ft3/s    ft3/s
-----------------------------------------------------------------------------------------------------------------------------------------------------------------------------
       1    31731.0  29394.0    1084.65      10400       15200   642.88     1695.5    14200    448.42      588.2    12400      237.53     8231       45        0
       2    31820.0  29305.1    1084.53      10390       15200   642.89     1695.6    14200    448.32      586.2    12500      237.07     8066        0        0
       3    31909.4  29215.7    1084.41      10380       15000   642.89     1695.7    14200    448.06      581.2    13600      236.64     7915        2        2
       4    32020.3  29104.7    1084.39      10378       14000   642.85     1694.5    14200    448.61      591.8     6400      236.25     7779        0        0
       5    32112.8  29012.2    1084.35      10375       15200   642.88     1695.3    14200    448.40      587.7    13000      236.48     7859      111        0
       6    32195.0  28930.1    1084.39      10378       12600   642.70     1690.6    14200    448.18      583.6    13000      236.08     7719        0        0
       7    32268.3  28856.8    1084.40      10379       11100   642.44     1683.4    14200    447.97      579.5    12900      235.71     7592        0        0
       8    32332.7  28792.3    1084.37      10376       14300   642.42     1682.9    13800    447.66      573.6    13700      235.35     7469        1        0
       9    32394.3  28730.7    1084.32      10372       14700   642.54     1686.1    13800    447.48      570.2    13300      235.02     7357        0        0
      10    32442.0  28683.0    1084.28      10369       14400   642.47     1684.3    14400    447.23      565.5    13400      234.01     7020        0      130
      11    32502.4  28622.6    1084.25      10366       14300   642.38     1681.9    14800    447.63      573.0     7400      232.07     6400        0      288
      12    32536.9  28588.1    1084.21      10363       15200   642.40     1682.2    14800    447.56      571.7    13400      232.07     6400       35        0
      13    32592.4  28532.6    1084.23      10365       13700   642.43     1683.2    13600    447.51      570.7    12300      235.28     7445      591        0
      14    32618.9  28506.1    1084.27      10368       12100   642.23     1677.6    14400    447.34      567.6    12900      238.77     8683      745        0
      15    32650.1  28475.0    1084.20      10362       17100   642.20     1676.9    15600    447.38      568.2    12400      238.46     8569       61        0
      16    32662.7  28462.4    1084.01      10346       17000   642.30     1679.5    15400    447.35      567.7    13700      236.62     7908        0      264
      17    32676.3  28448.8    1083.84      10332       16500   642.44     1683.3    14400    447.21      565.1    14100      232.70     6598        0      672
      18    32699.1  28426.0    1083.78      10327       17000   642.50     1685.0    15000    447.43      569.2     9990      228.70     5402        0      695
      19    32713.1  28412.0    1083.72      10322       16200   642.46     1684.0    16200    447.28      566.4    13500      228.47     5338      339      368
      20    32732.7  28392.4    1083.73      10322       13400   642.22     1677.3    16200    447.36      567.9    12500      235.65     7572     1208        0
      21    32752.2  28372.9    1083.76      10325       12900   641.92     1669.2    16200    447.44      569.5    12200      239.58     8986      883        0
      22    32765.6  28359.4    1083.70      10320       16000   642.08     1673.7    13100    447.55      571.6    12300      239.84     9084      177        0
      23    32759.7  28365.4    1083.54      10306       16800   642.23     1677.6    15400    447.36      567.9    12700      239.38     8911       20        0
      24    32756.5  28368.6    1083.45      10299       17400   642.22     1677.3    15400    447.34      567.5    12200      239.11     8810       69       27
      25    32762.5  28362.5    1083.32      10288       18100   642.44     1683.4    15400    447.90      578.2     8030      238.21     8478        0       87
      26    32770.9  28354.1    1083.25      10282       18200   642.65     1689.0    15400    447.98      579.6    11500      237.15     8095        0      131
      27    32779.2  28345.8    1083.27      10284       15400   642.59     1687.5    15400    448.11      582.2    11700      236.78     7964        0        0
      28    32800.0  28325.0    1083.30      10286       14600   642.59     1687.6    14400    448.25      584.8    11600      237.83     8339      276        0
      29    32796.0  28329.0    1083.17      10275       18300   642.88     1695.3    13200    448.30      585.8    10800      236.17     7751        0      239
      30    32779.8  28345.3    1082.97      10259       17400   643.08     1700.8    13000    448.23      584.4    11400      235.84     7637        0        0
      31    32773.1  28351.9    1082.82      10246       17600   643.47     1711.8    12400    448.12      582.4    11500      235.84     7637        0        0

TOTAL                                                   476900                       451100                        372320                          4563     2903
AVE.                                                     15380                        14550                         12010                           147       94
AC FT                                                   946000                       895000                        738000                          9051     5758

      * BOTTOM OF EXCLUSIVE FLOOD CONTROL SPACE
     ** INCLUDES FONTENELLE AND CRYSTAL RESERVOIRS

                                                                      BUREAU OF RECLAMATION
                                                                      LOWER COLORADO REGION
                                                                      BOULDER CITY, NEVADA

                                             COLORADO RIVER STORAGE PROJECT DATA (operational) FOR JULY 2019

                   LAKE POWELL          |        FLAMING GORGE        |          NAVAJO            |      BLUE MESA             |     MORROW POINT
             MAX. STORAGE 24322000 AF   |  MAX. STORAGE 3749000 AF    | MAX. STORAGE 1696000 AF    | MAX. STORAGE 829500 AF     | MAX. STORAGE 117025 AF  
    COMPUTED MAX. ELEV. 3700.0 FEET     |  MAX. ELEV. 6040.0 FEET     | MAX. ELEV. 6085.0 FEET     | MAX. ELEV. 7519.4 FEET     | MAX. ELEV. 7160.0 FEET
     INFLOW  ELEVATION CONTENT  RELEASE |  ELEVATION CONTENT  RELEASE | ELEVATION CONTENT  RELEASE | ELEVATION CONTENT  RELEASE | ELEVATION CONTENT  RELEASE
DATE FT3/S   (FEET)  (1000 AF)   FT3/S  |  (FEET)  (1000 AF)   FT3/   |(FEET)  (1000 AF)   FT3/S   | (FEET)  (1000 AF)   FT3/S  |(FEET)  (1000 AF)   FT3/S
------------------------------------------------------------------------------------------------------------------------------------------------------------
   1  52800   3612.50   12984    14300      6032.75   3460     2060      6072.00   1510      600     7505.81    709.9    1010     7155.61    113.5    1260
   2  53500   3613.19   13054    14200      6032.97   3470     2020      6072.56   1520      770     7507.43    723.7     900     7155.73    113.6    1250
   3  57300   3613.94   13131    14500      6033.13   3470     2050      6073.04   1520      800     7508.86    736.0    1110     7155.76    113.6    1470
   4  57500   3614.71   13210    13500      6033.25   3480     2020      6073.46   1530      810     7510.26    748.1     540     7154.53    112.6    1430
   5  57300   3615.46   13288    14200      6033.39   3480     2030      6073.79   1530      810     7511.39    758.0    1140     7154.21    112.4    1610
   6  52300   3616.14   13358    13000      6033.49   3490     2050      6074.04   1540      810     7512.45    767.3    1050     7152.44    111.0    2030
   7  51300   3616.80   13427    12900      6033.61   3490     2020      6074.26   1540      820     7513.22    774.1    1730     7153.15    111.5    1630
   8  45500   3617.33   13482    14400      6033.81   3500     1500      6074.47   1540      820     7514.01    781.1    1750     7153.84    112.1    1720
   9  42800   3617.82   13534    13900      6033.89   3500     1500      6074.76   1550      810     7514.82    788.3    1510     7153.18    111.6    1890
  10  39800   3618.25   13579    14300      6033.97   3500     1490      6074.91   1550     1000     7515.49    794.3    1510     7152.77    111.2    2270
  11  41400   3618.70   13626    14700      6034.03   3510     1500      6075.00   1550     1060     7515.99    798.8    2300     7152.71    111.2    2450
  12  32000   3618.99   13657    14400      6034.03   3510     1500      6075.11   1550     1060     7516.40    802.5    2510     7152.76    111.2    2680
  13  36000   3619.41   13701    10900      6034.09   3510     1490      6075.20   1550      760     7516.75    805.6    2510     7152.89    111.3    2690
  14  26200   3619.66   13727    10900      6034.09   3510     1500      6075.19   1550     1060     7517.08    808.6    2510     7153.34    111.7    2530
  15  31200   3619.93   13756    14700      6034.13   3510     1500      6075.24   1550     1060     7517.42    811.7    2510     7153.70    112.0    2570
  16  27300   3620.12   13776    15400      6034.11   3510     1490      6075.27   1560     1050     7517.73    814.5    2510     7153.75    112.0    2650
  17  26900   3620.32   13797    14400      6034.11   3510     1500      6075.18   1550     1040     7518.04    817.4    2510     7154.04    112.2    2600
  18  25600   3620.49   13815    14800      6034.09   3510     1490      6075.13   1550     1040     7518.29    819.6    2500     7154.21    112.4    2590
  19  26500   3620.67   13834    15100      6034.09   3510     1500      6075.07   1550     1040     7518.47    821.3    2500     7154.07    112.3    2710
  20  24100   3620.88   13857    11000      6034.05   3510     1490      6075.00   1550     1040     7518.64    822.8    2500     7154.11    112.3    2660
  21  23600   3621.08   13878    11000      6034.03   3510     1500      6074.91   1550     1040     7518.79    824.2    2500     7153.84    112.1    2770
  22  22600   3621.20   13891    14700      6033.97   3500     1490      6074.79   1550     1040     7518.88    825.0    2500     7152.85    111.3    3000
  23  19900   3621.27   13898    14900      6033.95   3500     1510      6074.62   1550     1050     7518.98    825.9    2500     7152.48    111.0    2740
  24  19200   3621.30   13901    16600      6033.97   3500     1490      6074.54   1540     1050     7519.07    826.8    2500     7152.15    110.8    2670
  25  16700   3621.30   13901    15800      6033.95   3500     1500      6074.43   1540     1050     7519.15    827.5    2680     7152.47    111.0    2710
  26  21300   3621.37   13909    16200      6033.95   3500     1490      6074.30   1540     1040     7519.13    827.3    3080     7153.71    112.0    2760
  27  15400   3621.43   13915    10900      6033.93   3500     1490      6074.17   1540     1050     7519.15    827.5    3300     7154.88    112.9    2950
  28  20600   3621.58   13931    10900      6033.93   3500     1510      6074.05   1540     1040     7519.12    827.2    3300     7155.63    113.5    3100
  29  17300   3621.60   13933    15200      6033.89   3500     1520      6073.89   1540     1050     7518.99    826.0    3300     7154.45    112.6    3810
  30  16100   3621.60   13933    15200      6033.89   3500     1500      6073.70   1530     1040     7518.80    824.3    3300     7153.60    111.9    3740
  31  16200   3621.60   13933    15200      6033.89   3500     1510      6073.56   1530     1050     7518.61    822.6    3310     7154.18    112.4    3120

TOT 1016200                     432100                        50210                        29760                        69380                        76060
AVE   32781                      13940                         1620                          960                         2240                         2450
A F 2015600                     857000                       100000                        59000                        137600                       150900






                                          BUREAU OF RECLAMATION
                                          LOWER COLORADO REGION
                                          BOULDER CITY, NEVADA

                                     GLEN CANYON TO HOOVER DAM LOSSES

                                                JULY 2019

                      |           | LAKE    |         |   LAKE|    LAKE   |  CHANGE |
               GLEN   |    HOOVER | MEAD    |  STORAGE|   MEAD|    MEAD   |   BANK  |       |          |
              RELEASE |    RELEASE| STORAGE |  CHANGE |PUMPING|EVAPORATION| STORAGE |  LOSS |  ACCUMUL.|  INFLOW
   DATE |      CFS    |     CFS   | 1000 AF |  1000 AF|    CFS|     CFS   |    CFS  |   CFS |     A.F. |   CFS
--------------------------------------------------------------------------------------------------------------------
      1        14300       15200     10400        -5       842      1097      -164     -4189     -8309     14500
      2        14200       15200     10390       -10       853      1097      -328     -1540    -11363     11800
      3        14500       15000     10380       -10       828      1096      -328      2707     -5994     11600
      4        13500       14000     10378        -2       818      1096       -66      -631     -7245     14800
      5        14200       15200     10375        -3       820      1096       -98      -998     -9224     15500
      6        13000       12600     10378         3       807      1096        98     -2630    -14440     16100
      7        12900       11100     10379         1       684      1096        33       745    -12963     13400
      8        14400       14300     10376        -3       799      1096       -98     -1581    -16099     14600
      9        13900       14700     10372        -4       822      1096      -131     -1524    -19121     14500
     10        14300       14400     10369        -3       780      1096       -98      -246    -19609     14700
     11        14700       14300     10366        -3       840      1096       -98      -701    -21000     14600
     12        14400       15200     10363        -3       862      1095       -98     -1198    -23375     15500
     13        10900       13700     10365         2       814      1095        66     -2009    -27360     16700
     14        10900       12100     10368         3       721      1095        98     -1117    -29575     15500
     15        14700       17100     10362        -6       819      1095      -197     -4888    -39271     15800
     16        15400       17000     10346       -16       811      1095      -524       613    -38055     10300
     17        14400       16500     10332       -14       900      1094      -459      3683    -30749     11000
     18        14800       17000     10327        -5       873      1094      -164      -870    -32475     16300
     19        15100       16200     10322        -5       896      1093      -164     -1131    -34720     15500
     20        11000       13400     10322         0       854      1093         0      -559    -35828     15300
     21        11000       12900     10325         3       771      1093        98     -1251    -38309     16400
     22        14700       16000     10320        -5       823      1093      -164     -4281    -46800     15200
     23        14900       16800     10306       -14       852      1093      -459      -191    -47178     11200
     24        16600       17400     10299        -7       845      1092      -229      -862    -48888     15600
     25        15800       18100     10288       -11       852      1092      -360       723    -47453     14100
     26        16200       18200     10282        -6       804      1091      -197      -311    -48069     16900
     27        10900       15400     10284         2       852      1091        66     -2628    -53282     18400
     28        10900       14600     10286         2       689      1091        66     -1213    -55688     17500
     29        15200       18300     10275       -11       817      1091      -360     -3357    -62346     14300
     30        15200       17400     10259       -16       828      1091      -524       209    -61932     10700
     31        15200       17600     10246       -13                1090      -426                              

    TOTAL     432200      476970                         24576     33915                       -191919    438300





</pre>
