<pre>
                                                                    BUREAU OF RECLAMATION
                                                                    LOWER COLORADO REGION
                                                                    BOULDER CITY, NEVADA

                                                               ACCUMULATIONS FOR JULY 2014

    |GLEN CANYON    |                         HOOVER DAM         |             DAVIS DAM           |      MWD       |            PARKER DAM              |
    |               |  LAKE                                      |LAKE                             |                | LAKE                               |   C.A.P.
    |         ACCUM.|  MEAD    HOOVER RELEASE        GROSS  RATE |MOHAVE      DAVIS RELEASE   GROSS|DIVER. AT INTAKE| HAVASU     PARKER RELEASE     GROSS| DIVER. ACCUM.
DAY |   CFS    A.F. |  ELEV.   CFS    A.F.   ACCUM.   GEN  KWH/AF|ELEV   CFS   A.F.   ACCUM.  GEN  | A.F. ACCUM.    | ELEV    CFS    A.F.   ACCUM.  GEN. | A.F.   A.F.
----------------------------------------------------------------------------------------------------------------------------------------------------------------------
  1   13500   26777   1082.52  15023  29798   29798  11425  383  642.76  16580  32880   32880  4091  3385   3385    447.87  13630  27027    27027   1855   2898   2898
  2   13500   53554   1082.34  17837  35380   65178  13503  382  642.72  16840  33394   66274  4148  3412   6797    447.85  13140  26059    53086   1799   2902   5800
  3   13400   80132   1082.08  19520  38718  103896  14834  383  642.88  16670  33058   99332  4087  3399  10196    447.96  11570  22950    76036   1604   2904   8704
  4   12000  103934   1082.11  11285  22384  126280   8495  380  642.43  16660  33051  132383  4109  3492  13688    448.23  11130  22086    98122   1548   2778  11482
  5   12400  128529   1082.13  14103  27972  154252  10760  385  642.39  14640  29031  161414  3579  3328  17016    448.49  10120  20070   118192   1396   2903  14385
  6   12200  152727   1082.12  12768  25326  179578   9845  389  642.23  14480  28720  190134  3516  3414  20430    448.69  10590  20999   139191   1474   3304  17689
  7   13400  179306   1081.89  17526  34762  214340  13457  387  642.56  14480  28721  218855  3546  3411  23841    448.57  11120  22057   161248   1541   2902  20591
  8   13200  205488   1081.90  15140  30030  244370  11630  387  642.53  13990  27747  246602  3419  3390  27231    448.48  12650  25096   186344   1737   2901  23492
  9   13400  232066   1081.85  15533  30810  275180  11879  386  642.48  15190  30124  276726  3723  3390  30621    448.29  13140  26065   212409   1805   2897  26389
 10   13400  258645   1081.87  13733  27239  302419  10504  386  642.37  15170  30094  306820  3716  3392  34013    448.46  10150  20124   232533   1404   2897  29286
 11   13400  285223   1081.77  18474  36643  339061  14112  385  642.51  14800  29352  336172  3624  3410  37423    448.48  11640  23081   255614   1603   2900  32186
 12   12400  309818   1081.83  11480  22770  361831   8884  390  642.25  14800  29364  365536  3618  3412  40835    448.56  10510  20856   276470   1470   2900  35086
 13   11900  333421   1081.90  13686  27146  388977  10373  382  642.20  14000  27778  393314  3424  3408  44243    448.48  11140  22098   298568   1539   3300  38386
 14   13300  359802   1081.70  17202  34120  423097  13427  394  642.43  14360  28491  421805  3510  3371  47614    448.54  11260  22337   320905   1559   2907  41293
 15   13400  386380   1081.60  16814  33350  456447  12970  389  642.52  14450  28666  450471  3551  3395  51009    448.49  11710  23233   344138   1617   2752  44045
 16   13400  412959   1081.54  13899  27568  484015  10702  388  642.41  14210  28176  478647  3477  3374  54383    448.35  12070  23933   368071   1661   2898  46943
 17   13400  439537   1081.47  14226  28217  512232  10856  385  642.38  14480  28728  507375  3538  3410  57793    448.39  10510  20846   388917   1430   2890  49833
 18   13500  466314   1081.41  16543  32813  545045  12723  388  642.51  14660  29073  536448  3592  3398  61191    448.29  11810  23425   412342   1633   2895  52728
 19   12400  490909   1081.36  15541  30826  575871  11943  387  642.46  14660  29069  565517  3590  3387  64578    448.23  11820  23445   435787   1641   2933  55661
 20   12000  514711   1081.38  10878  21576  597447   8380  388  642.21  14650  29060  594577  3586  3369  67947    448.10  11810  23425   459212   1632   3722  59383
 21   13400  541289   1081.29  15942  31621  629068  12284  388  642.22  14730  29221  623798  3593  3357  71304    448.04  11520  22850   482062   1588   3320  62703
 22   13400  567868   1081.17  17593  34895  663963  13477  386  642.38  14640  29044  652842  3573  3433  74737    448.02  11500  22810   504872   1580   3311  66014
 23   13500  594645   1081.08  15444  30633  694596  11686  381  642.37  14650  29062  681904  3576  3417  78154    448.03  11020  21858   526730   1529   2918  68932
 24   13500  621421   1081.03  15879  31495  726091  12171  386  642.43  14360  28492  710396  3503  3418  81572    448.33   8010  15888   542618   1130   2905  71837
 25   13300  647802   1080.98  15603  30949  757040  11969  387  642.49  13370  26528  736924  3259  3384  84956    448.26  10760  21342   563960   1505   2900  74737
 26   12300  672198   1080.89  15936  31609  788649  12168  385  642.75  13390  26566  763490  3296  3432  88388    448.34  10010  19855   583815   1408   2894  77631
 27   11800  695603   1080.93  12091  23982  812631   9143  381  642.66  13770  27313  790803  3398  3416  91804    448.31  10510  20846   604661   1473   3302  80933
 28   13200  721785   1080.85  15728  31196  843827  11767  377  642.77  13760  27285  818088  3399  3403  95207    448.24  11000  21818   626479   1547   2900  83833
 29   13300  748165   1080.78  15410  30566  874393  11831  387  642.83  13800  27364  845452  3421  3403  98610    448.20  10510  20846   647325   1477   2888  86721
 30   13200  774347   1080.69  16081  31897  906290  12249  384  642.84  14000  27774  873226  3464  3429 102039    448.18  10600  21019   668344   1463   2896  89617
 31   13000  800132   1080.60  18417  36529  942819  14185  388  643.09  13590  26960  900186  3360  3389 105428    448.27   8200  16264   684608   1155   2900  92517

TOTAL                                               363631                                   111287                                                47805









                                                                    BUREAU OF RECLAMATION
                                                                    LOWER COLORADO REGION
                                                                    BOULDER CITY, NEVADA

                                                     AVAILABLE RESERVOIR ELEVATIONS AND CONTENTS FOR JULY 2014

                                        LAKE MEAD                      LAKE MOHAVE                      LAKE HAVASU                        SENATOR WASH
  AVAILABLE CAPACITY IN A.F.            *26120000                        1809800                           619400                              9144
  ELEVATION IN FEET                        1219.6                          647.0                            450.0                             240.0

           TOTAL     TOTAL    |             HOOVER            |            DAVIS            |             PARKER            |             SENATOR WASH
          SYSTEM    AVAILABLE |ELEVATION    CONTENT   RELEASE |ELEVATION   CONTENT  RELEASE |ELEVATION    CONTENT   RELEASE | ELEVATION   CONTENT  PUMPED   RELEASE
     DAY  STORAGE**   SPACE   |  FEET       1000A.F.    ft3/s |  FEET      1000A.F.  ft3/s  |   FEET      1000A.F.  ft3/s   |  FEET        A.F.     ft3/s    ft3/s
-----------------------------------------------------------------------------------------------------------------------------------------------------------------------------
       1    30643.2  30481.9    1082.52      10221       15000   642.76     1692.1    16600    447.87      577.6    13600      237.42     8192        0        0
       2    30642.0  30483.1    1082.34      10206       17800   642.72     1690.9    16800    447.85      577.2    13100      236.89     8003        0        0
       3    30643.8  30481.3    1082.08      10184       19500   642.88     1695.4    16700    447.96      579.3    11600      237.40     8185      183        0
       4    30654.7  30470.4    1082.11      10187       11300   642.43     1683.2    16700    448.23      584.5    11100      238.90     8731      396        0
       5    30667.4  30457.7    1082.13      10188       14100   642.39     1682.0    14600    448.49      589.6    10100      239.49     8952      221        0
       6    30676.5  30448.6    1082.12      10187       12800   642.23     1677.7    14500    448.69      593.4    10600      239.23     8854       53        0
       7    30676.8  30448.3    1081.89      10168       17500   642.56     1686.7    14500    448.57      591.1    11100      237.65     8274        0      223
       8    30675.6  30449.5    1081.90      10169       15100   642.53     1686.0    14000    448.48      589.4    12700      232.64     6579        0      869
       9    30676.0  30449.0    1081.85      10165       15500   642.48     1684.6    15200    448.29      585.6    13100      232.30     6472        0       14
      10    30690.5  30434.5    1081.87      10167       13700   642.37     1681.5    15200    448.46      589.0    10100      232.00     6378        0        0
      11    30687.1  30438.0    1081.77      10158       18500   642.51     1685.2    14800    448.48      589.2    11600      234.20     7084      406        0
      12    30687.4  30437.6    1081.83      10163       11500   642.25     1678.2    14800    448.56      590.9    10500      237.17     8102      615        0
      13    30693.6  30431.5    1081.90      10169       13700   642.20     1676.7    14000    448.48      589.4    11100      237.17     8102      615        0
      14    30683.5  30441.5    1081.70      10152       17200   642.43     1683.2    14400    448.54      590.5    11300      236.52     7873        0       60
      15    30672.4  30452.7    1081.60      10144       16800   642.52     1685.6    14500    448.49      589.4    11700      235.68     7582        0       83
      16    30666.6  30458.4    1081.54      10139       13900   642.41     1682.7    14200    448.35      586.7    12100      235.28     7445        0        0
      17    30657.1  30468.0    1081.47      10133       14200   642.38     1681.7    14500    448.39      587.6    10500      233.91     6988        0      176
      18    30648.7  30476.4    1081.41      10128       16500   642.51     1685.4    14700    448.29      585.6    11800      232.20     6441        0      244
      19    30637.6  30487.5    1081.36      10124       15500   642.46     1684.0    14700    448.23      584.5    11800      231.90     6347        0        0
      20    30625.1  30500.0    1081.38      10126       10900   642.21     1677.0    14700    448.10      581.9    11800      231.60     6256        0        0
      21    30610.6  30514.5    1081.29      10118       15900   642.22     1677.5    14700    448.04      580.9    11500      232.20     6441      139        0
      22    30594.2  30530.9    1081.17      10108       17600   642.38     1681.8    14600    448.02      580.4    11500      232.69     6595      127        0
      23    30573.6  30551.5    1081.08      10101       15400   642.37     1681.6    14700    448.03      580.5    11000      233.63     6897      207        0
      24    30565.1  30560.0    1081.03      10096       15900   642.43     1683.1    14400    448.33      586.3     8010      234.08     7043      136        0
      25    30543.4  30581.7    1080.98      10092       15600   642.49     1684.9    13400    448.26      585.0    10800      234.08     7043      136        0
      26    30536.4  30588.6    1080.89      10085       15900   642.75     1691.8    13400    448.34      586.6    10000      237.40     8185      507        0
      27    30517.9  30607.2    1080.93      10088       12100   642.66     1689.4    13800    448.31      586.0    10500      236.90     8006       18        0
      28    30503.3  30621.8    1080.85      10082       15700   642.77     1692.3    13800    448.24      584.7    11000      237.36     8171      168        0
      29    30480.0  30645.1    1080.78      10076       15400   642.83     1693.9    13800    448.20      583.8    10500      236.91     8010       13        0
      30    30462.3  30662.8    1080.69      10068       16100   642.84     1694.3    14000    448.18      583.5    10600      236.44     7845        0        0
      31    30446.6  30678.5    1080.60      10061       18400   643.09     1701.3    13600    448.27      585.2     8200                                       

TOTAL                                                   475000                       454300                        344910                          3940     1669
AVE.                                                     15320                        14650                         11130                           127       54
AC FT                                                   942000                       901000                        684000                          7815     3310

      * BOTTOM OF EXCLUSIVE FLOOD CONTROL SPACE
     ** INCLUDES FONTENELLE AND CRYSTAL RESERVOIRS

                                                                      BUREAU OF RECLAMATION
                                                                      LOWER COLORADO REGION
                                                                      BOULDER CITY, NEVADA

                                             COLORADO RIVER STORAGE PROJECT DATA (operational) FOR JULY 2014

                   LAKE POWELL          |        FLAMING GORGE        |          NAVAJO            |      BLUE MESA             |     MORROW POINT
             MAX. STORAGE 24322000 AF   |  MAX. STORAGE 3749000 AF    | MAX. STORAGE 1696000 AF    | MAX. STORAGE 829500 AF     | MAX. STORAGE 117025 AF  
    COMPUTED MAX. ELEV. 3700.0 FEET     |  MAX. ELEV. 6040.0 FEET     | MAX. ELEV. 6085.0 FEET     | MAX. ELEV. 7519.4 FEET     | MAX. ELEV. 7160.0 FEET
     INFLOW  ELEVATION CONTENT  RELEASE |  ELEVATION CONTENT  RELEASE | ELEVATION CONTENT  RELEASE | ELEVATION CONTENT  RELEASE | ELEVATION CONTENT  RELEASE
DATE FT3/S   (FEET)  (1000 AF)   FT3/S  |  (FEET)  (1000 AF)   FT3/   |(FEET)  (1000 AF)   FT3/S   | (FEET)  (1000 AF)   FT3/S  |(FEET)  (1000 AF)   FT3/S
------------------------------------------------------------------------------------------------------------------------------------------------------------
   1  18200   3609.26   12656    13500      6028.45   3290     1690      6045.64   1180      400     7499.75    659.3    3060     7142.58    103.4    1860
   2  18700   3609.34   12664    13500      6028.47   3290     1710      6045.49   1170      400     7499.70    658.9    3060     7146.89    106.7    1540
   3  20300   3609.45   12675    13400      6028.47   3290     1760      6045.35   1170      400     7499.62    658.2    2950     7151.03    109.9    1470
   4  17200   3609.53   12683    12000      6028.51   3290     1760      6045.22   1170      400     7499.59    658.0    2670     7154.02    112.2    1570
   5  14400   3609.55   12685    12400      6028.47   3290     1760      6045.12   1170      400     7499.56    657.7    2730     7156.86    114.5    1670
   6  14700   3609.58   12688    12200      6028.49   3290     1760      6045.05   1170      400     7499.76    659.4    1610     7156.95    114.6    1630
   7  19200   3609.67   12697    13400      6028.45   3290     1760      6044.92   1170      400     7500.00    661.3    1400     7156.40    114.1    1700
   8  10800   3609.61   12691    13200      6028.47   3290     1760      6044.84   1170      400     7500.23    663.2    1290     7155.30    113.2    1810
   9  16500   3609.65   12695    13400      6028.49   3290     1760      6044.73   1160      400     7500.45    665.0    1190     7154.03    112.2    1780
  10  18100   3609.72   12702    13400      6028.51   3290     1690      6044.64   1160      390     7500.57    666.0    1570     7153.94    112.2    1670
  11  12100   3609.68   12698    13400      6028.51   3290     1690      6044.59   1160      360     7500.71    667.2    1490     7153.74    112.0    1650
  12  11600   3609.65   12695    12400      6028.47   3290     1630      6044.50   1160      360     7500.83    668.2    1680     7153.90    112.1    1700
  13  11200   3609.62   12692    11900      6028.51   3290     1660      6044.39   1160      360     7501.11    670.5     980     7152.06    110.7    1790
  14  10900   3609.56   12686    13300      6028.51   3290     1680      6044.32   1160      360     7501.13    670.7    2060     7152.28    110.9    2000
  15   9400   3609.47   12677    13400      6028.51   3290     1690      6044.30   1160      360     7501.07    670.2    2200     7154.92    112.9    1170
  16  13700   3609.46   12676    13400      6028.51   3290     1680      6044.36   1160      350     7501.16    670.9    1520     7155.59    113.5    1270
  17  10400   3609.39   12669    13400      6028.49   3290     1690      6044.32   1160      350     7501.25    671.7    1500     7154.66    112.7    1900
  18  10500   3609.32   12662    13500      6028.47   3290     1690      6044.23   1160      350     7501.24    671.6    1740     7153.80    112.1    2100
  19  10600   3609.27   12657    12400      6028.45   3290     1680      6044.12   1160      340     7501.17    671.0    1920     7153.95    112.2    1880
  20  10700   3609.23   12653    12000      6028.43   3290     1690      6044.00   1160      340     7501.17    671.0    1560     7153.39    111.7    1800
  21  11000   3609.17   12647    13400      6028.45   3290     1690      6043.89   1160      340     7501.17    671.0    1500     7152.75    111.2    1770
  22   9300   3609.08   12638    13400      6028.45   3290     1680      6043.71   1150      440     7501.06    670.1    1870     7152.99    111.4    1780
  23   8300   3608.97   12627    13500      6028.43   3290     1690      6043.57   1150      540     7500.92    668.9    1930     7152.78    111.3    2010
  24   8900   3608.87   12617    13500      6028.45   3290     1690      6043.37   1150      500     7500.70    667.1    2400     7152.73    111.2    2420
  25   6600   3608.73   12603    13300      6028.41   3290     1680      6043.18   1150      510     7500.49    665.4    2380     7153.06    111.5    2260
  26  10500   3608.68   12598    12300      6028.41   3290     1690      6042.97   1150      630     7500.31    663.9    2280     7152.99    111.4    2330
  27   4000   3608.52   12582    11800      6028.43   3290     1690      6042.73   1140      650     7500.20    663.0    1950     7153.11    111.5    1940
  28  10300   3608.45   12575    13200      6028.43   3290     1680      6042.60   1140      660     7500.13    662.4    1980     7153.29    111.7    1930
  29   5400   3608.29   12559    13300      6028.45   3290     1760      6042.40   1140      750     7500.17    662.7    1730     7153.38    111.7    1720
  30   9700   3608.21   12551    13200      6028.47   3290     1810      6042.19   1140      720     7500.16    662.7    1830     7153.81    112.1    1680
  31   5200   3608.05   12535    13000      6028.51   3290     1860      6042.03   1130      710     7500.15    662.6    1700     7153.91    112.1    1690

TOT  368400                     403400                        53110                        13970                        59730                        55490
AVE   11884                      13010                         1710                          450                         1930                         1790
A F  730700                     800000                       105000                        27700                        118500                       110100






                                          BUREAU OF RECLAMATION
                                          LOWER COLORADO REGION
                                          BOULDER CITY, NEVADA

                                     GLEN CANYON TO HOOVER DAM LOSSES

                                                JULY 2014

                      |           | LAKE    |         |   LAKE|    LAKE   |  CHANGE |
               GLEN   |    HOOVER | MEAD    |  STORAGE|   MEAD|    MEAD   |   BANK  |       |          |
              RELEASE |    RELEASE| STORAGE |  CHANGE |PUMPING|EVAPORATION| STORAGE |  LOSS |  ACCUMUL.|  INFLOW
   DATE |      CFS    |     CFS   | 1000 AF |  1000 AF|    CFS|     CFS   |    CFS  |   CFS |     A.F. |   CFS
--------------------------------------------------------------------------------------------------------------------
      1        13500       15000     10221       -12       713      1089      -393     -1849     -3668     10400
      2        13500       17800     10206       -15       715      1088      -492      -943     -5537     11500
      3        13400       19500     10184       -22       721      1087      -721      3970      2336      9500
      4        12000       11300     10187         3       695      1087        98     -1233      -108     14700
      5        12400       14100     10188         1       640      1087        33     -2975     -6009     16400
      6        12200       12800     10187        -1       729      1087       -33     -2109    -10192     14100
      7        13400       17500     10168       -19       683      1086      -623      3357     -3533      9070
      8        13200       15100     10169         1       725      1086        33     -5249    -13944     17400
      9        13400       15500     10165        -4       682      1086      -131     -1717    -17350     15100
     10        13400       13700     10167         2       686      1086        66     -3317    -23929     16500
     11        13400       18500     10158        -9       652      1085      -295     -2010    -27917     15400
     12        12400       11500     10163         5       623      1085       164     -2447    -32770     15900
     13        11900       13700     10169         6       651      1086       197     -5284    -43251     18700
     14        13300       17200     10152       -17       660      1085      -557      2574    -38145      9820
     15        13400       16800     10144        -8       655      1085      -262     -2298    -42703     14200
     16        13400       13900     10139        -5       697      1084      -164       312    -42085     13000
     17        13400       14200     10133        -6       731      1084      -197       621    -40853     12800
     18        13500       16500     10128        -5       726      1084      -164     -2214    -45244     15600
     19        12400       15500     10124        -4       705      1084      -131     -1775    -48765     15100
     20        12000       10900     10126         2       709      1084        66      -310    -49381     13800
     21        13400       15900     10118        -8       701      1083      -262      -977    -51318     13400
     22        13400       17600     10108       -10       701      1083      -328     -2033    -55350     14000
     23        13500       15400     10101        -7       728      1083      -229       -70    -55488     13500
     24        13500       15900     10096        -5       747      1082      -164     -1661    -58783     15000
     25        13300       15600     10092        -4       771      1082      -131     -1846    -62445     15300
     26        12300       15900     10085        -7       722      1082      -229      -449    -63336     13900
     27        11800       12100     10088         3       735      1082        98     -2192    -67683     15500
     28        13200       15700     10082        -6       707      1082      -197     -1933    -71516     14300
     29        13300       15400     10076        -6       691      1081      -197     -2110    -75702     14000
     30        13200       16100     10068        -8       656      1081      -262      -327    -76352     13500
     31        13000       18400     10061        -7       679      1081      -229     -3143    -82585     16400

    TOTAL     403300      475340                         21636     33617                        -82586    437900






