<pre>
                                                                   BUREAU OF RECLAMATION
                                                                    LOWER COLORADO REGION
                                                                    BOULDER CITY, NEVADA

                                                               ACCUMULATIONS FOR JULY 2017

    |GLEN CANYON    |                         HOOVER DAM         |             DAVIS DAM           |      MWD       |            PARKER DAM              |
    |               |  LAKE                                      |LAKE                             |                | LAKE                               |   C.A.P.
    |         ACCUM.|  MEAD    HOOVER RELEASE        GROSS  RATE |MOHAVE      DAVIS RELEASE   GROSS|DIVER. AT INTAKE| HAVASU     PARKER RELEASE     GROSS| DIVER. ACCUM.
DAY |   CFS    A.F. |  ELEV.   CFS    A.F.   ACCUM.   GEN  KWH/AF|ELEV   CFS   A.F.   ACCUM.  GEN  | A.F. ACCUM.    | ELEV    CFS    A.F.   ACCUM.  GEN. | A.F.   A.F.
----------------------------------------------------------------------------------------------------------------------------------------------------------------------
  1   13000   25785   1079.55  10418  20663   20663   7966  386  642.62  14890  29536   29536  3656  1533   1533    448.48  12390  24580    24580   1726   2320   2320
  2   12600   50777   1079.59  10281  20393   41056   7745  380  642.25  14890  29538   59074  3651  1528   3061    448.40  12800  25398    49978   1767   2321   4641
  3   14200   78942   1079.58  13238  26257   67313  10066  383  642.22  13800  27374   86448  3372  1540   4601    448.48  12000  23811    73789   1664   2321   6962
  4   12700  104132   1079.59  11832  23469   90782   8957  382  642.03  13800  27368  113816  3370  1586   6187    448.29  13800  27366   101155   1916   2319   9281
  5   14400  132694   1079.47  16939  33597  124379  13008  387  642.25  12100  24002  137818  2932  2033   8220    448.29  11600  23009   124164   1613   2319  11600
  6   14300  161058   1079.41  16072  31878  156257  12459  391  642.44  13000  25782  163600  3164  2054  10274    448.45   7390  14664   138828   1030   2318  13918
  7   14300  189421   1079.39  16325  32381  188638  12600  389  642.72  12000  23804  187404  2902  2047  12321    448.30  12200  24206   163034   1687   2320  16238
  8   13100  215405   1079.37  12921  25628  214266   9856  385  642.63  12600  25000  212404  3074  2037  14358    448.13  12490  24783   187817   1725   2320  18558
  9   12600  240397   1079.42  10015  19865  234131   7579  382  642.45  12610  25008  237412  3067  2022  16380    447.79  12210  24224   212041   1671   2316  20874
 10   14400  268959   1079.37  16104  31941  266072  12253  384  642.55  14190  28148  265560  3479  2017  18397    447.60  12390  24578   236619   1693   2317  23191
 11   14300  297322   1079.42  12508  24810  290882   9537  384  642.41  14390  28548  294108  3524  1990  20387    447.56  12390  24576   261195   1696   2315  25506
 12   14200  325488   1079.38  14702  29161  320043  11232  385  642.41  14190  28144  322252  3470  2007  22394    447.67   9900  19641   280836   1352   2314  27820
 13   14200  353653   1079.29  16284  32299  352342  12501  387  642.55  13680  27136  349388  3338  2018  24412    448.19   6700  13297   294133    933   2317  30137
 14   14400  382215   1079.29  13005  25795  378137   9955  386  642.48  13510  26788  376176  3294  2025  26437    448.15  11520  22846   316979   1595   2318  32455
 15   13200  408397   1079.26  14166  28097  406234  10938  389  642.33  13490  26756  402932  3290  1989  28426    448.13  11500  22819   339798   1594   2317  34772
 16   13000  434182   1079.33  13692  27157  433390  10469  386  642.50  13500  26778  429710  3293  1513  29939    448.11  12010  23819   363617   1660   2317  37089
 17   14400  462744   1079.17  17712  35132  468523  13663  389  642.68  13300  26388  456098  3246  1540  31479    447.96  11790  23381   386998   1626   2163  39252
 18   14500  491504   1079.19  12732  25253  493775   9669  383  642.63  13980  27732  483830  3421  1551  33030    447.76  13000  25790   412788   1786   2317  41569
 19   14200  519669   1079.17  13374  26527  520302  10244  386  642.69  13320  26426  510256  3250  1549  34579    447.71  11820  23445   436233   1622   2316  43885
 20   14400  548231   1079.19  13588  26951  547253  10408  386  642.54  13660  27104  537360  3333  1592  36171    448.19   7010  13899   450132    972   2315  46200
 21   14200  576397   1079.17  14180  28126  575379  10860  386  642.56  13810  27394  564754  3374  2054  38225    448.33  10000  19827   469959   1376   2273  48473
 22   13200  602578   1079.17  15090  29931  605311  11587  387  642.52  13790  27352  592106  3374  2074  40299    448.36  11300  22410   492369   1566   2272  50745
 23   12600  627570   1079.13  14788  29331  634641  11242  383  642.65  13800  27366  619472  3371  2019  42318    448.28  11500  22818   515187   1584   2160  52905
 24   14400  656132   1079.01  18605  36903  671544  14238  386  642.93  13190  26172  645644  3223  2067  44385    448.48   9500  18837   534024   1319   2317  55222
 25   14400  684694   1079.11  17611  34930  706475  13488  386  643.58  10030  19894  665538  2418  2025  46410    448.77   8000  15867   549891   1114   2320  57542
 26   14400  713256   1079.09  15613  30967  737442  12056  389  643.95  10020  19868  685406  2421  2047  48457    448.72   8010  15897   565788   1123   2191  59733
 27   14200  741422   1079.12  13815  27402  764843  10469  382  644.01  12790  25364  710770  3123  2031  50488    448.75   7790  15450   581238   1069   2325  62058
 28   14400  769984   1079.12  13999  27767  792610  10736  387  643.89  13790  27356  738126  3397  2005  52493    448.47  12510  24817   606055   1735   2291  64349
 29   13100  795967   1079.18  11999  23799  816409   9202  387  643.83  13400  26574  764700  3305  2009  54502    448.35  11800  23406   629461   1638   2270  66619
 30   12600  820959   1079.18  14026  27820  844229  10665  383  644.05  10990  21804  786504  2677  1993  56495    448.45  10210  20249   649710   1415   2319  68938
 31   14400  849521   1079.03  20533  40727  884956  15461  380  644.65  11380  22580  809084  2792  1509  58004    448.63   8200  16268   665978   1110   2321  71259

TOTAL                                               341109                                    99602                                                46380









                                                                    BUREAU OF RECLAMATION
                                                                    LOWER COLORADO REGION
                                                                    BOULDER CITY, NEVADA

                                                     AVAILABLE RESERVOIR ELEVATIONS AND CONTENTS FOR JULY 2017

                                        LAKE MEAD                      LAKE MOHAVE                      LAKE HAVASU                        SENATOR WASH
  AVAILABLE CAPACITY IN A.F.            *26120000                        1809800                           619400                              9144
  ELEVATION IN FEET                        1219.6                          647.0                            450.0                             240.0

           TOTAL     TOTAL    |             HOOVER            |            DAVIS            |             PARKER            |             SENATOR WASH
          SYSTEM    AVAILABLE |ELEVATION    CONTENT   RELEASE |ELEVATION   CONTENT  RELEASE |ELEVATION    CONTENT   RELEASE | ELEVATION   CONTENT  PUMPED   RELEASE
     DAY  STORAGE**   SPACE   |  FEET       1000A.F.    ft3/s |  FEET      1000A.F.  ft3/s  |   FEET      1000A.F.  ft3/s   |  FEET        A.F.     ft3/s    ft3/s
-----------------------------------------------------------------------------------------------------------------------------------------------------------------------------
       1    33720.1  27404.9    1079.55       9974       10400   642.62     1688.2    14900    448.48      589.2    12400      235.77     7613      197        0
       2    33728.2  27396.9    1079.59       9977       10300   642.25     1678.2    14900    448.40      587.7    12800      235.36     7472        0        0
       3    33737.8  27387.3    1079.58       9976       13200   642.22     1677.4    13800    448.48      589.4    12000      235.36     7472        0        0
       4    33743.0  27382.1    1079.59       9977       11800   642.03     1672.2    13800    448.29      585.6    13800      234.63     7227        0        0
       5    33747.6  27377.5    1079.47       9967       16900   642.25     1678.3    12100    448.29      585.5    11600      234.92     7324      124        0
       6    33764.4  27360.6    1079.41       9962       16100   642.44     1683.5    13000    448.45      588.7     7390      235.27     7442      123        0
       7    33766.2  27358.8    1079.39       9961       16300   642.72     1691.0    12000    448.30      585.8    12200      236.77     7961      354        0
       8    33774.9  27350.2    1079.37       9959       12900   642.63     1688.6    12600    448.13      582.5    12500      237.35     8167      202        0
       9    33778.0  27347.1    1079.42       9963       10000   642.45     1683.6    12600    447.79      576.0    12200      236.86     7992        0        0
      10    33783.5  27341.6    1079.37       9959       16100   642.55     1686.4    14200    447.60      572.5    12400      236.24     7775        5       38
      11    33799.4  27325.6    1079.42       9963       12500   642.41     1682.6    14400    447.56      571.7    12400      237.51     8224      311        0
      12    33802.2  27322.9    1079.38       9960       14700   642.41     1682.6    14200    447.67      573.8     9900      237.45     8203       80        0
      13    33817.8  27307.2    1079.29       9952       16300   642.55     1686.3    13700    448.19      583.7     6700      236.98     8034        0        0
      14    33818.8  27306.3    1079.29       9952       13000   642.48     1684.6    13500    448.15      583.0    11500      236.87     7996       65        0
      15    33816.3  27308.7    1079.26       9950       14200   642.33     1680.4    13500    448.13      582.4    11500      236.74     7950       58        0
      16    33830.8  27294.3    1079.33       9956       13700   642.50     1685.1    13500    448.11      582.2    12000      236.33     7807        0        0
      17    33811.0  27314.1    1079.17       9942       17700   642.68     1689.9    13300    447.96      579.3    11800      235.94     7671        0        0
      18    33810.1  27315.0    1079.19       9944       12700   642.63     1688.5    14000    447.76      575.4    13000      232.99     6690        0      474
      19    33803.8  27321.2    1079.17       9942       13400   642.69     1690.3    13300    447.71      574.6    11800      232.75     6614        0        0
      20    33816.2  27308.9    1079.19       9944       13600   642.54     1686.1    13700    448.19      583.8     7010      232.48     6529        0        0
      21    33821.1  27304.0    1079.17       9942       14200   642.56     1686.8    13800    448.33      586.5    10000      235.83     7633      631        0
      22    33802.8  27322.3    1079.17       9942       15100   642.52     1685.5    13800    448.36      587.0    11300      237.67     8281      432        0
      23    33795.1  27330.0    1079.13       9939       14800   642.65     1689.0    13800    448.28      585.4    11500      237.12     8084        0        0
      24    33791.9  27333.1    1079.01       9929       18600   642.93     1696.8    13200    448.48      589.4     9500      234.86     7303        0      350
      25    33824.4  27300.7    1079.11       9937       17600   643.58     1714.8    10000    448.77      594.8     8000      234.57     7207        0        0
      26    33829.1  27296.0    1079.09       9936       15600   643.95     1724.9    10000    448.72      594.0     8010      234.29     7114        0        0
      27    33827.1  27297.9    1079.12       9938       13800   644.01     1726.5    12800    448.75      594.6     7790      233.97     7007        0        0
      28    33813.2  27311.9    1079.12       9938       14000   643.89     1723.3    13800    448.47      589.1    12500      230.00     5775        0      639
      29    33812.9  27312.2    1079.18       9943       12000   643.83     1721.6    13400    448.35      586.7    11800      225.20     4467        0      662
      30    33818.8  27306.2    1079.18       9943       14000   644.05     1727.5    11000    448.45      588.8    10200      230.89     6039      817        0
      31    33817.6  27307.4    1079.03       9931       20500   644.65     1744.3    11400    448.63      592.2     8200      234.85     7300      695        0

TOTAL                                                   446000                       408000                        335700                          4094     2163
AVE.                                                     14390                        13160                         10830                           132       70
AC FT                                                   885000                       809000                        666000                          8120     4290

      * BOTTOM OF EXCLUSIVE FLOOD CONTROL SPACE
     ** INCLUDES FONTENELLE AND CRYSTAL RESERVOIRS

                                                                      BUREAU OF RECLAMATION
                                                                      LOWER COLORADO REGION
                                                                      BOULDER CITY, NEVADA

                                             COLORADO RIVER STORAGE PROJECT DATA (operational) FOR JULY 2017

                   LAKE POWELL          |        FLAMING GORGE        |          NAVAJO            |      BLUE MESA             |     MORROW POINT
             MAX. STORAGE 24322000 AF   |  MAX. STORAGE 3749000 AF    | MAX. STORAGE 1696000 AF    | MAX. STORAGE 829500 AF     | MAX. STORAGE 117025 AF  
    COMPUTED MAX. ELEV. 3700.0 FEET     |  MAX. ELEV. 6040.0 FEET     | MAX. ELEV. 6085.0 FEET     | MAX. ELEV. 7519.4 FEET     | MAX. ELEV. 7160.0 FEET
     INFLOW  ELEVATION CONTENT  RELEASE |  ELEVATION CONTENT  RELEASE | ELEVATION CONTENT  RELEASE | ELEVATION CONTENT  RELEASE | ELEVATION CONTENT  RELEASE
DATE FT3/S   (FEET)  (1000 AF)   FT3/S  |  (FEET)  (1000 AF)   FT3/   |(FEET)  (1000 AF)   FT3/S   | (FEET)  (1000 AF)   FT3/S  |(FEET)  (1000 AF)   FT3/S
------------------------------------------------------------------------------------------------------------------------------------------------------------
   1  25400   3635.07   15428    13000      6031.49   3410     8530      6063.66   1400     1680     7515.52    794.6    2030     7151.71    110.4    2000
   2  23000   3635.22   15446    12600      6031.57   3410     8500      6063.43   1390     1670     7515.67    795.9    1890     7151.79    110.5    2010
   3  21500   3635.32   15457    14200      6031.65   3410     8530      6063.17   1390     1480     7515.80    797.1    2020     7152.22    110.8    1940
   4  21900   3635.45   15472    12700      6031.71   3420     8520      6063.03   1390      990     7515.91    798.1    2010     7152.70    111.2    1970
   5  20500   3635.53   15481    14400      6031.75   3420     7820      6062.92   1390      580     7516.04    799.2    1880     7152.70    111.2    1990
   6  21700   3635.63   15493    14300      6031.81   3420     6830      6062.85   1380      480     7516.14    800.1    1770     7152.56    111.1    1890
   7  15400   3635.63   15493    14300      6031.79   3420     5790      6062.73   1380      490     7516.21    800.8    1970     7152.42    111.0    2040
   8  19200   3635.71   15502    13100      6031.97   3430     4670      6062.64   1380      490     7516.23    801.0    2130     7153.12    111.5    1880
   9  14300   3635.72   15503    12600      6032.21   3440     3290      6062.58   1380      490     7516.26    801.2    1860     7152.23    110.8    2210
  10  16700   3635.74   15506    14400      6032.37   3440     2440      6062.50   1380      490     7516.29    801.5    2030     7152.21    110.8    2040
  11  19100   3635.80   15513    14300      6032.49   3450     2250      6062.45   1380      480     7516.37    802.2    1790     7152.57    111.1    1700
  12  11500   3635.74   15506    14200      6032.63   3450     2340      6062.36   1380      480     7516.61    804.4    1510     7152.43    111.0    1650
  13  15800   3635.75   15507    14200      6032.71   3450     2420      6062.29   1380      480     7516.78    805.9    1840     7153.14    111.5    1600
  14  12300   3635.70   15501    14400      6032.83   3460     2410      6062.21   1380      480     7516.99    807.8    1490     7153.11    111.5    1600
  15  12900   3635.68   15499    13200      6032.91   3460     2400      6062.12   1370      480     7517.17    809.4    1590     7153.09    111.5    1650
  16  13400   3635.67   15498    13000      6032.97   3470     2400      6062.05   1370      480     7517.27    810.4    1760     7153.43    111.8    1650
  17   8600   3635.56   15485    14400      6033.03   3470     2390      6061.96   1370      480     7517.34    811.0    1740     7153.72    112.0    1650
  18  12400   3635.51   15479    14500      6033.21   3470     2420      6061.88   1370      480     7517.39    811.4    1840     7154.28    112.4    1620
  19   9000   3635.41   15468    14200      6033.29   3480     2390      6061.81   1370      480     7517.62    813.5    1580     7154.12    112.3    1700
  20  15500   3635.41   15468    14400      6033.41   3480     2400      6061.72   1370      490     7517.63    813.6    1890     7154.56    112.7    1720
  21  12700   3635.37   15463    14200      6033.57   3490     2400      6061.64   1370      500     7517.70    814.3    1830     7154.47    112.6    1940
  22   3000   3635.19   15442    13200      6033.65   3490     2380      6061.54   1370      500     7517.73    814.5    1810     7154.14    112.3    2000
  23   8600   3635.11   15433    12600      6033.75   3500     2400      6061.44   1370      490     7517.73    814.5    1800     7153.69    112.0    2000
  24  10500   3635.03   15424    14400      6033.87   3500     2390      6061.42   1370      500     7517.73    814.5    1840     7153.44    111.8    2000
  25  14200   3635.01   15422    14400      6033.99   3510     2380      6061.35   1370      490     7517.80    815.2    1810     7153.18    111.6    2000
  26  12900   3634.97   15417    14400      6034.09   3510     2410      6061.25   1360      490     7517.81    815.3    1990     7153.39    111.7    2000
  27  10300   3634.89   15408    14200      6034.23   3520     2390      6061.15   1360      490     7517.82    815.3    2010     7153.89    112.1    1850
  28  12300   3634.84   15402    14400      6034.33   3520     2400      6061.05   1360      490     7517.86    815.7    1740     7154.17    112.3    1750
  29  12900   3634.82   15400    13100      6034.41   3520     2400      6060.99   1360      490     7518.02    817.2    1730     7154.51    112.6    1750
  30   9900   3634.76   15393    12600      6034.55   3530     2380      6061.04   1360      490     7518.21    818.9    1770     7154.84    112.9    1750
  31  11000   3634.69   15385    14400      6034.61   3530     2420      6061.00   1360      490     7518.20    818.8    1770     7155.13    113.1    1750

TOT  448400                     428300                       115090                        19070                        56720                        57300
AVE   14465                      13820                         3710                          620                         1830                         1850
A F  889400                     850000                       228000                        37800                        112500                       113700






                                          BUREAU OF RECLAMATION
                                          LOWER COLORADO REGION
                                          BOULDER CITY, NEVADA

                                     GLEN CANYON TO HOOVER DAM LOSSES

                                                JULY 2017

                      |           | LAKE    |         |   LAKE|    LAKE   |  CHANGE |
               GLEN   |    HOOVER | MEAD    |  STORAGE|   MEAD|    MEAD   |   BANK  |       |          |
              RELEASE |    RELEASE| STORAGE |  CHANGE |PUMPING|EVAPORATION| STORAGE |  LOSS |  ACCUMUL.|  INFLOW
   DATE |      CFS    |     CFS   | 1000 AF |  1000 AF|    CFS|     CFS   |    CFS  |   CFS |     A.F. |   CFS
--------------------------------------------------------------------------------------------------------------------
      1        13000       10400      9974         3       791      1076        98     -1049     -2079     13900
      2        12600       10300      9977         3       771      1076        98      -863     -3790     13800
      3        14200       13200      9976        -1       733      1076       -33     -1427     -6620     14500
      4        12700       11800      9977         1       817      1076        33     -1653     -9899     14200
      5        14400       16900      9967       -10       774      1076      -328       785     -8343     13400
      6        14300       16100      9962        -5       791      1075      -164     -2540    -13380     15300
      7        14300       16300      9961        -1       774      1075       -33     -3186    -19699     17600
      8        13100       12900      9959        -2       805      1075       -66       636    -18437     13700
      9        12600       10000      9963         4       775      1075       131       333    -17776     14000
     10        14400       16100      9959        -4       755      1075      -131     -2669    -23070     15800
     11        14300       12500      9963         4       812      1075       131     -3950    -30906     16500
     12        14200       14700      9960        -3       842      1075       -98      -602    -32100     15000
     13        14200       16300      9952        -8       848      1075      -262       377    -31353     13900
     14        14400       13000      9952         0       823      1075         0      -693    -32726     14900
     15        13200       14200      9950        -2       795      1075       -66      -820    -34354     15000
     16        13000       13700      9956         6       675      1075       197     -4231    -42746     18700
     17        14400       17700      9942       -14       817      1075      -459      1083    -40597     12100
     18        14500       12700      9944         2       761      1074        66     -2591    -45736     15600
     19        14200       13400      9942        -2       781      1074       -66       252    -45235     14200
     20        14400       13600      9944         2       749      1074        66     -2004    -49210     16500
     21        14200       14200      9942        -2       743      1074       -66      -716    -50631     14900
     22        13200       15100      9942         0       723      1074         0     -2486    -55562     16900
     23        12600       14800      9939        -3       696      1074       -98      -785    -57118     15000
     24        14400       18600      9929       -10       730      1074      -328     -1801    -60690     15000
     25        14400       17600      9937         8       713      1074       262    -11114    -82735     23700
     26        14400       15600      9936        -1       743      1074       -33     -2439    -87573     16900
     27        14200       13800      9938         2       775      1074        66     -2282    -92100     16700
     28        14400       14000      9938         0       778      1074         0     -1443    -94962     15900
     29        13100       12000      9943         5       783      1074       164     -2310    -99544     16500
     30        12600       14000      9943         0       668      1074         0     -1368   -102257     15700
     31        14400       20500      9931       -12       794      1074      -393     -2805   -107820     15900

    TOTAL     428600      446170                         23835     33316                       -107821    481700






</pre>