<pre>
                                                                   BUREAU OF RECLAMATION
                                                                    LOWER COLORADO REGION
                                                                    BOULDER CITY, NEVADA

                                                               ACCUMULATIONS FOR AUGUST 2018

    |GLEN CANYON    |                         HOOVER DAM         |             DAVIS DAM           |      MWD       |            PARKER DAM              |
    |               |  LAKE                                      |LAKE                             |                | LAKE                               |   C.A.P.
    |         ACCUM.|  MEAD    HOOVER RELEASE        GROSS  RATE |MOHAVE      DAVIS RELEASE   GROSS|DIVER. AT INTAKE| HAVASU     PARKER RELEASE     GROSS| DIVER. ACCUM.
DAY |   CFS    A.F. |  ELEV.   CFS    A.F.   ACCUM.   GEN  KWH/AF|ELEV   CFS   A.F.   ACCUM.  GEN  | A.F. ACCUM.    | ELEV    CFS    A.F.   ACCUM.  GEN. | A.F.   A.F.
----------------------------------------------------------------------------------------------------------------------------------------------------------------------
  1   15700   31140   1077.38  13951  27672   27672  10591  383  643.00  12800  25385   25385  3135  3092   3092    448.10  10000  19830    19830   1392   1651   1651
  2   15700   62281   1077.46  12636  25064   52736   9669  386  643.06  12800  25392   50777  3138  3142   6234    448.05  10000  19835    39665   1384   1649   3300
  3   15800   93620   1077.51  12414  24623   77359   9467  384  642.90  12800  25386   76163  3136  3213   9447    447.93  11700  23201    62866   1619   1650   4950
  4   11500  116430   1077.64   9740  19320   96679   7367  381  642.62  12990  25774  101937  3209  3409  12856    447.86  11400  22609    85475   1575   1650   6600
  5   11500  139240   1077.78   9497  18838  115517   7191  382  642.34  12020  23845  125782  2949  3396  16252    447.74  10910  21635   107110   1508   1651   8251
  6   15700  170380   1077.80  13473  26723  142240  10172  381  642.42  12020  23838  149620  2946  2942  19194    447.88   9000  17856   124966   1250    733   8984
  7   15800  201719   1077.75  13362  26504  168744  10137  382  642.49  12010  23812  173432  2940  3143  22337    447.78  10410  20638   145604   1440    312   9296
  8   15600  232661   1077.72  11782  23369  192113   8852  379  642.44  11210  22226  195658  2748  2953  25290    447.59  12000  23803   169407   1654      0   9296
  9   15700  263802   1077.76  13331  26441  218554   9939  376  642.59  11600  23009  218667  2851  2957  28247    447.59  10040  19908   189315   1370      0   9296
 10   15800  295140   1077.86  11252  22319  240873   8560  384  642.47  11590  22997  241664  2865  2964  31211    447.52  10700  21226   210541   1473    106   9402
 11   11500  317950   1078.00  10059  19951  260824   7646  383  642.36  13800  27373  269037  3420  3399  34610    447.47  11310  22425   232966   1548    418   9820
 12    9800  337388   1078.18  10241  20313  281137   7856  387  642.04  11030  21870  290907  2743  3391  38001    447.45  10310  20444   253410   1424    419  10239
 13   15800  368727   1078.16  12334  24465  305602   9474  387  642.12  11210  22226  313133  2747  3384  41385    447.48   8930  17712   271122   1238    314  10553
 14   15600  399669   1078.17  10552  20929  326531   8053  385  642.11  11220  22254  335387  2755  3379  44764    447.20   9810  19457   290579   1353    103  10656
 15   15800  431008   1078.18  11065  21947  348478   8377  382  642.02  11200  22217  357604  2766  3362  48126    447.23   9300  18452   309031   1281    389  11045
 16   15800  462347   1078.18  13939  27648  376126  10602  383  642.17  11210  22230  379834  2763  3238  51364    447.51   7500  14874   323905   1038    363  11408
 17   15700  493488   1078.24  13072  25928  402054   9971  385  642.18  11000  21828  401662  2714  3038  54402    447.44  11110  22027   345932   1539    416  11824
 18   11600  516496   1078.34  11456  22722  424776   8729  384  642.30  10390  20615  422277  2570  2942  57344    447.09  11790  23384   369316   1622    416  12240
 19   11500  539306   1078.45  10768  21358  446134   8217  385  642.22  11400  22609  444886  2814  2955  60299    447.08  10190  20220   389536   1403    417  12657
 20   15900  570843   1078.47  12883  25552  471686   9826  385  642.22  11400  22605  467491  2813  2965  63264    447.10   8400  16655   406191   1161    419  13076
 21   15800  602182   1078.41  12043  23887  495574   9159  383  642.21  12100  23997  491488  2973  2992  66256    447.24   8300  16471   422662   1153    419  13495
 22   15900  633719   1078.45  11834  23473  519047   9094  387  642.15  12090  23985  515473  2970  3005  69261    447.40   8540  16946   439608   1180    420  13915
 23   16000  665455   1078.58  12354  24504  543551   9454  386  642.11  12100  23993  539466  2971  3350  72611    447.64   7710  15289   454897   1068    420  14335
 24   15900  696992   1078.69  12499  24792  568343   9582  386  642.14  12080  23969  563435  2964  3443  76054    447.35  12400  24594   479491   1703    518  14853
 25   11500  719802   1078.83   9941  19717  588060   7627  387  641.90  11700  23201  586636  2867  3424  79478    447.22  10910  21632   501123   1509    831  15684
 26   11500  742612   1078.90  13330  26440  614500  10216  386  641.85  12700  25184  611820  3110  3406  82884    447.02  11100  22007   523130   1533    734  16418
 27   15900  774149   1078.96  12167  24133  638633   9352  388  641.80  12390  24582  636402  3034  3392  86276    447.07  10200  20230   543360   1389    831  17249
 28   15900  805686   1078.88  12777  25342  663975   9782  386  641.92  11600  23016  659418  2833  3382  89658    447.13   9300  18441   561801   1280    419  17668
 29   15800  837025   1078.85  13750  27272  691247  10426  382  642.00  11390  22596  682014  2797  3374  93032    447.30   7800  15472   577273   1078    418  18086
 30   15800  868364   1078.88  14189  28144  719391  10829  385  642.12  11590  22994  705008  2841  3370  96402    447.60   6300  12493   589766    873   1028  19114
 31   15800  899702   1078.88  14753  29262  748653  11148  381  642.29  12390  24584  729592  3092  3046  99448    447.53  10500  20819   610585   1457   2467  21581

TOTAL                                               287365                                    90474                                                42493









                                                                    BUREAU OF RECLAMATION
                                                                    LOWER COLORADO REGION
                                                                    BOULDER CITY, NEVADA

                                                     AVAILABLE RESERVOIR ELEVATIONS AND CONTENTS FOR AUGUST 2018

                                        LAKE MEAD                      LAKE MOHAVE                      LAKE HAVASU                        SENATOR WASH
  AVAILABLE CAPACITY IN A.F.            *26120000                        1809800                           619400                              9144
  ELEVATION IN FEET                        1219.6                          647.0                            450.0                             240.0

           TOTAL     TOTAL    |             HOOVER            |            DAVIS            |             PARKER            |             SENATOR WASH
          SYSTEM    AVAILABLE |ELEVATION    CONTENT   RELEASE |ELEVATION   CONTENT  RELEASE |ELEVATION    CONTENT   RELEASE | ELEVATION   CONTENT  PUMPED   RELEASE
     DAY  STORAGE**   SPACE   |  FEET       1000A.F.    ft3/s |  FEET      1000A.F.  ft3/s  |   FEET      1000A.F.  ft3/s   |  FEET        A.F.     ft3/s    ft3/s
-----------------------------------------------------------------------------------------------------------------------------------------------------------------------------
       1    29618.3  31506.8    1077.38       9795       14000   643.00     1698.8    12800    448.10      581.9    10000      233.06     6712        0        0
       2    29593.1  31532.0    1077.46       9802       12600   643.06     1700.3    12800    448.05      581.0    10000      232.71     6601        0        0
       3    29560.8  31564.2    1077.51       9806       12400   642.90     1695.9    12800    447.93      578.7    11700      232.38     6498        0        0
       4    29542.8  31582.2    1077.64       9816        9740   642.62     1688.5    13000    447.86      577.4    11400      232.03     6387        0        0
       5    29518.4  31606.7    1077.78       9828        9500   642.34     1680.8    12000    447.74      575.1    10900      231.70     6286        0        0
       6    29495.2  31629.9    1077.80       9830       13500   642.42     1682.8    12000    447.88      577.8     9000      231.70     6286        0        0
       7    29457.4  31667.6    1077.75       9825       13400   642.49     1684.8    12000    447.78      575.9    10400      232.11     6412      196        0
       8    29421.6  31703.4    1077.72       9823       11800   642.44     1683.5    11200    447.59      572.3    12000      231.75     6302        0        0
       9    29393.6  31731.5    1077.76       9826       13300   642.59     1687.6    11600    447.59      572.2    10000      231.40     6194        0        0
      10    29366.9  31758.1    1077.86       9834       11300   642.47     1684.4    11600    447.52      570.9    10700      231.40     6194        0        0
      11    29346.8  31778.2    1078.00       9846       10100   642.36     1681.4    13800    447.47      569.9    11300      230.75     5998        0        0
      12    29329.4  31795.7    1078.18       9861       10200   642.04     1672.5    11000    447.45      569.6    10300      233.31     6793      483        0
      13    29295.8  31829.3    1078.16       9859       12300   642.12     1674.7    11200    447.48      570.1     8930      237.98     8393      967        0
      14    29264.6  31860.5    1078.17       9860       10600   642.11     1674.3    11200    447.20      564.8     9810      237.35     8167        2        0
      15    29230.0  31895.1    1078.18       9861       11100   642.02     1671.9    11200    447.23      565.5     9300      236.79     7968        0        0
      16    29205.4  31919.7    1078.18       9861       13900   642.17     1676.2    11200    447.51      570.8     7500      236.31     7800        0        0
      17    29175.4  31949.6    1078.24       9866       13100   642.18     1676.4    11000    447.44      569.4    11100      235.54     7534        0       66
      18    29157.6  31967.4    1078.34       9874       11500   642.30     1679.6    10400    447.09      562.7    11800      234.45     7167      292      451
      19    29139.6  31985.5    1078.45       9883       10800   642.22     1677.5    11400    447.08      562.6    10200      235.42     7493      227        0
      20    29107.5  32017.6    1078.47       9885       12900   642.22     1677.4    11400    447.10      563.0     8400      237.90     8364      531        0
      21    29077.4  32047.7    1078.41       9880       12000   642.21     1677.1    12100    447.24      565.6     8300      237.50     8220       30        0
      22    29055.9  32069.1    1078.45       9883       11800   642.15     1675.4    12100    447.40      568.8     8540      238.18     8467      316       72
      23    29041.2  32083.8    1078.58       9894       12400   642.11     1674.4    12100    447.64      573.3     7710      233.54     6868        0      802
      24    29020.3  32104.8    1078.69       9903       12500   642.14     1675.2    12100    447.35      567.7    12400      228.50     5346        0      780
      25    28996.3  32128.8    1078.83       9914        9940   641.90     1668.6    11700    447.22      565.3    10900      228.08     5228        0       34
      26    28970.4  32154.7    1078.90       9920       13300   641.85     1667.3    12700    447.02      561.5    11100      228.15     5248       36        0
      27    28948.4  32176.7    1078.96       9925       12200   641.80     1666.0    12400    447.07      562.5    10200      233.02     6699      765        0
      28    28917.3  32207.7    1078.88       9918       12800   641.92     1669.3    11600    447.13      563.6     9300      232.64     6579        0        0
      29    28891.0  32234.1    1078.85       9916       13700   642.00     1671.4    11400    447.30      566.8     7800      234.88     7310      429        0
      30    28871.4  32253.7    1078.88       9918       14200   642.12     1674.7    11600    447.60      572.5     6300      236.45     7849      357        0
      31    28850.5  32274.6    1078.88       9918       14800   642.29     1679.3    12400    447.53      571.2    10500      235.97     7681        0        0

TOTAL                                                   377680                       367800                        307790                          4631     2205
AVE.                                                     12180                        11860                          9930                           149       71
AC FT                                                   749000                       730000                        610000                          9185     4374

      * BOTTOM OF EXCLUSIVE FLOOD CONTROL SPACE
     ** INCLUDES FONTENELLE AND CRYSTAL RESERVOIRS

                                                                      BUREAU OF RECLAMATION
                                                                      LOWER COLORADO REGION
                                                                      BOULDER CITY, NEVADA

                                             COLORADO RIVER STORAGE PROJECT DATA (operational) FOR AUGUST 2018

                   LAKE POWELL          |        FLAMING GORGE        |          NAVAJO            |      BLUE MESA             |     MORROW POINT
             MAX. STORAGE 24322000 AF   |  MAX. STORAGE 3749000 AF    | MAX. STORAGE 1696000 AF    | MAX. STORAGE 829500 AF     | MAX. STORAGE 117025 AF  
    COMPUTED MAX. ELEV. 3700.0 FEET     |  MAX. ELEV. 6040.0 FEET     | MAX. ELEV. 6085.0 FEET     | MAX. ELEV. 7519.4 FEET     | MAX. ELEV. 7160.0 FEET
     INFLOW  ELEVATION CONTENT  RELEASE |  ELEVATION CONTENT  RELEASE | ELEVATION CONTENT  RELEASE | ELEVATION CONTENT  RELEASE | ELEVATION CONTENT  RELEASE
DATE FT3/S   (FEET)  (1000 AF)   FT3/S  |  (FEET)  (1000 AF)   FT3/   |(FEET)  (1000 AF)   FT3/S   | (FEET)  (1000 AF)   FT3/S  |(FEET)  (1000 AF)   FT3/S
------------------------------------------------------------------------------------------------------------------------------------------------------------
   1   3800   3603.56   12093    15700      6034.32   3520     2030      6036.67   1080      840     7464.08    396.9    1550     7155.60    113.5    1510
   2   2800   3603.30   12068    15700      6034.29   3520     2040      6036.37   1070      840     7463.75    394.8    1490     7155.32    113.3    1610
   3   3900   3603.06   12044    15800      6034.26   3520     2060      6036.12   1070      840     7463.60    393.8     960     7154.26    112.4    1390
   4   6000   3602.94   12033    11500      6034.19   3510     2060      6035.84   1070      850     7463.36    392.3    1270     7153.52    111.8    1580
   5   2800   3602.76   12015    11500      6034.11   3510     2060      6035.56   1070      840     7463.16    391.0    1180     7152.51    111.0    1590
   6   4900   3602.54   11994    15700      6034.05   3510     2030      6035.28   1060      840     7462.76    388.5    1670     7152.71    111.2    1600
   7   2400   3602.27   11968    15800      6034.01   3510     2000      6034.98   1060      840     7462.41    386.3    1540     7152.99    111.4    1440
   8   5400   3602.06   11948    15600      6033.95   3500     2030      6034.69   1060      850     7462.05    384.0    1630     7153.19    111.6    1560
   9   1300   3601.77   11920    15700      6033.91   3500     1770      6034.43   1050      850     7461.72    381.9    1540     7153.16    111.6    1550
  10   4600   3601.54   11898    15800      6033.85   3500     1800      6034.16   1050      850     7461.38    379.8    1530     7153.18    111.6    1530
  11   1400   3601.33   11877    11500      6033.81   3500     2000      6033.89   1050      850     7461.14    378.3    1240     7152.54    111.1    1500
  12   2800   3601.18   11863     9800      6033.75   3500     2000      6033.63   1050      840     7460.73    375.8    1600     7152.57    111.1    1600
  13   2000   3600.90   11836    15800      6033.70   3490     2000      6033.38   1040      840     7460.40    373.7    1530     7152.62    111.1    1530
  14   6500   3600.71   11818    15600      6033.65   3490     2000      6033.14   1040      840     7460.00    371.2    1540     7152.33    110.9    1660
  15   3000   3600.45   11793    15800      6033.59   3490     2010      6032.85   1040      870     7459.59    368.7    1690     7152.62    111.1    1580
  16   2600   3600.18   11767    15800      6033.53   3490     2000      6032.58   1030      900     7459.24    366.6    1650     7152.77    111.2    1590
  17   2500   3599.91   11741    15700      6033.49   3490     2030      6032.28   1030      900     7458.92    364.6    1460     7152.53    111.1    1560
  18   5600   3599.78   11729    11600      6033.40   3480     2030      6032.00   1030      910     7458.55    362.4    1530     7152.70    111.2    1470
  19   3500   3599.61   11713    11500      6033.35   3480     2030      6031.69   1030      900     7458.22    360.4    1460     7152.57    111.1    1520
  20   2700   3599.34   11687    15900      6033.30   3480     2040      6031.40   1020      900     7457.78    357.7    1860     7153.23    111.6    1590
  21   6300   3599.14   11668    15800      6033.25   3480     2040      6031.09   1020      900     7457.51    356.1    1340     7153.16    111.6    1380
  22   6400   3598.94   11649    15900      6033.20   3470     2040      6030.87   1020      900     7457.12    353.7    1580     7153.11    111.5    1610
  23   5500   3598.72   11628    16000      6033.15   3470     2030      6030.56   1010      900     7456.76    351.6    1560     7153.20    111.6    1520
  24   7400   3598.54   11611    15900      6033.10   3470     2030      6030.24   1010      870     7456.39    349.4    1630     7153.43    111.8    1540
  25   2200   3598.34   11593    11500      6033.05   3470     2030      6029.95   1010      830     7456.02    347.2    1580     7153.27    111.6    1650
  26   2200   3598.15   11574    11500      6033.01   3470     2040      6029.65   1010      830     7455.63    344.9    1490     7152.89    111.3    1640
  27   6600   3597.95   11556    15900      6032.95   3460     2040      6029.39   1000      800     7455.26    342.7    1640     7153.10    111.5    1570
  28   5900   3597.74   11536    15900      6032.87   3460     2040      6029.11   1000      730     7454.90    340.6    1490     7153.21    111.6    1460
  29   5300   3597.52   11515    15800      6032.81   3460     2030      6028.82   1000      720     7454.54    338.5    1440     7153.87    112.1    1150
  30   4300   3597.28   11492    15800      6032.75   3460     2050      6028.54    990      720     7454.17    336.3    1520     7153.99    112.2    1440
  31   8400   3597.12   11477    15800      6032.67   3450     2040      6028.27    990      710     7453.77    334.0    1610     7153.96    112.2    1540

TOT  131000                     453600                        62430                        26100                        46800                        47460
AVE    4226                      14630                         2010                          840                         1510                         1530
A F  259800                     900000                       124000                        51800                        92800                        94100






                                          BUREAU OF RECLAMATION
                                          LOWER COLORADO REGION
                                          BOULDER CITY, NEVADA

                                     GLEN CANYON TO HOOVER DAM LOSSES

                                                AUGUST 2018

                      |           | LAKE    |         |   LAKE|    LAKE   |  CHANGE |
               GLEN   |    HOOVER | MEAD    |  STORAGE|   MEAD|    MEAD   |   BANK  |       |          |
              RELEASE |    RELEASE| STORAGE |  CHANGE |PUMPING|EVAPORATION| STORAGE |  LOSS |  ACCUMUL.|  INFLOW
   DATE |      CFS    |     CFS   | 1000 AF |  1000 AF|    CFS|     CFS   |    CFS  |   CFS |     A.F. |   CFS
--------------------------------------------------------------------------------------------------------------------
      1        15700       14000      9795        -4       757      1133      -131      1208      2395     13700
      2        15700       12600      9802         7       788      1133       229     -2913     -3382     18300
      3        15800       12400      9806         4       795      1133       131      -763     -4896     16500
      4        11500        9740      9816        10       760      1134       328     -1260     -7395     17000
      5        11500        9500      9828        12       718      1135       393     -2028    -11417     17800
      6        15700       13500      9830         2       764      1135        66     -4940    -21215     16500
      7        15800       13400      9825        -5       801      1135      -164     -1179    -23553     12700
      8        15600       11800      9823        -2       757      1135       -66      3058    -17487     12600
      9        15700       13300      9826         3       781      1135        98     -1033    -19535     16800
     10        15800       11300      9834         8       771      1135       262     -1852    -23208     17500
     11        11500       10100      9846        12       794      1136       393     -2787    -28736     18500
     12         9800       10200      9861        15       706      1136       492     -4293    -37252     20100
     13        15800       12300      9859        -2       800      1137       -66     -1619    -40462     13200
     14        15600       10600      9860         1       767      1137        33     -3221    -46851     13000
     15        15800       11100      9861         1       767      1137        33      2224    -42439     13500
     16        15800       13900      9861         0       774      1137         0      -255    -42945     15800
     17        15700       13100      9866         5       746      1137       164     -1915    -46744     17700
     18        11600       11500      9874         8       754      1137       262     -1903    -50519     17700
     19        11500       10800      9883         9       704      1138       295     -1727    -53944     17500
     20        15900       12900      9885         2       777      1138        66     -4334    -62541     15900
     21        15800       12000      9880        -5       724      1138      -164       329    -61888     11200
     22        15900       11800      9883         3       764      1138        98       541    -60815     15300
     23        16000       12400      9894        11       766      1138       360     -4377    -69496     20200
     24        15900       12500      9903         9       764      1139       295     -3306    -76054     19200
     25        11500        9940      9914        11       766      1139       360     -1735    -79495     17800
     26        11500       13300      9920         6       746      1140       197     -2520    -84494     18400
     27        15900       12200      9925         5       740      1140       164     -5248    -94903     16800
     28        15900       12800      9918        -7       764      1140      -229       558    -93796     10900
     29        15800       13700      9916        -2       764      1140       -66      1381    -91058     14500
     30        15800       14200      9918         2       769      1140        66     -1249    -93534     17200
     31        15800       14800      9918         0       761      1140         0      -867    -95254     16700

    TOTAL     453700      377450                         23609     35245                        -95255    500400


</pre>



