<pre>
                                                                    BUREAU OF RECLAMATION
                                                                    LOWER COLORADO REGION
                                                                    BOULDER CITY, NEVADA

                                                               ACCUMULATIONS FOR AUGUST 2015

    |GLEN CANYON    |                         HOOVER DAM         |             DAVIS DAM           |      MWD       |            PARKER DAM              |
    |               |  LAKE                                      |LAKE                             |                | LAKE                               |   C.A.P.
    |         ACCUM.|  MEAD    HOOVER RELEASE        GROSS  RATE |MOHAVE      DAVIS RELEASE   GROSS|DIVER. AT INTAKE| HAVASU     PARKER RELEASE     GROSS| DIVER. ACCUM.
DAY |   CFS    A.F. |  ELEV.   CFS    A.F.   ACCUM.   GEN  KWH/AF|ELEV   CFS   A.F.   ACCUM.  GEN  | A.F. ACCUM.    | ELEV    CFS    A.F.   ACCUM.  GEN. | A.F.   A.F.
----------------------------------------------------------------------------------------------------------------------------------------------------------------------
  1   12300   24397   1078.32   9374  18593   18593   7124  383  642.34  12970  25734   25734  3161  3860   3860    448.16   8800  17456    17456   1225   2193   2193
  2   11700   47603   1078.55   7825  15520   34113   5822  375  641.92  13200  26182   51916  3207  3866   7726    448.21   8920  17701    35157   1249   2406   4599
  3   13500   74380   1078.57  11448  22707   56820   8679  382  641.91  11990  23786   75702  2962  3811  11537    448.17   9600  19051    54208   1342   2348   6947
  4   13500  101157   1078.54  12067  23934   80754   9184  384  641.98  11170  22156   97858  2767  3805  15342    448.10   9490  18829    73037   1328   2405   9352
  5   13500  127934   1078.42  17761  35228  115982  13634  387  642.31  10990  21800  119658  2728  3772  19114    448.01   9100  18048    91085   1276   2402  11754
  6   13500  154711   1078.33  21100  41852  157834  16250  388  643.06  11000  21814  141472  2732  2792  21906    447.93   9700  19235   110320   1352   1901  13655
  7   13500  181488   1078.15  17344  34401  192235  13156  382  643.23  11990  23786  165258  2986  3342  25248    447.94   8000  15858   126178   1118   2206  15861
  8   12400  206083   1078.19  11396  22604  214839   8681  384  642.98  14960  29682  194940  3734  3391  28639    448.18   9400  18646   144824   1316   2407  18268
  9   11700  229289   1078.29  10905  21629  236468   8305  384  642.86  12000  23804  218744  3012  3412  32051    448.11   9310  18457   163281   1302   3230  21498
 10   13500  256066   1078.28  13780  27333  263801  10435  382  642.97  12000  23796  242540  2990  3554  35605    447.85  10990  21806   185087   1519   2845  24343
 11   13500  282843   1078.26  13499  26775  290576  10232  382  643.00  11990  23782  266322  2993  3281  38886    447.72   9610  19062   204149   1341   2287  26630
 12   13400  309421   1078.20  16431  32590  323166  12434  382  643.26  12380  24560  290882  3088  3343  42229    447.73   9500  18849   222998   1327   2185  28815
 13   13400  336000   1078.17  14443  28648  351814  10979  383  643.41  12590  24964  315846  3139  3412  45641    447.92   7590  15059   238057   1061   1572  30387
 14   13400  362578   1078.16  15645  31031  382845  11941  385  643.47  12590  24970  340816  3133  2788  48429    447.89   9820  19468   257525   1351   1581  31968
 15   12400  387174   1078.21  12122  24044  406889   9279  386  643.40  12790  25364  366180  3182  3427  51856    447.96   9600  19042   276567   1342   1584  33552
 16   11700  410380   1078.24  12177  24153  431042   9205  381  643.29  12790  25378  391558  3183  3393  55249    447.95  10200  20236   296803   1415   1580  35132
 17   13400  436959   1078.25  12928  25643  456685   9669  377  643.37  11800  23396  414954  2941  3421  58670    447.54  12790  25365   322168   1765   1580  36712
 18   13500  463735   1078.24  11821  23447  480132   8902  380  643.20  12400  24590  439544  3088  3844  62514    447.38  10790  21411   343579   1500   1986  38698
 19   13500  490512   1078.27   9399  18642  498775   7112  382  642.98  12990  25768  465312  3254  3148  65662    447.52  10200  20238   363817   1417   2290  40988
 20   13500  517289   1078.27  12217  24233  523008   9361  386  642.79  13590  26956  492268  3358  3711  69373    447.46   9500  18837   382654   1316   2393  43381
 21   13500  544066   1078.17  15854  31445  554453  12215  388  642.90  13970  27712  519980  3450  3928  73301    447.34   9710  19259   401913   1346   2423  45804
 22   12300  568463   1078.16  14475  28711  583164  11099  387  642.79  13990  27756  547736  3458  3755  77056    447.52   8710  17281   419194   1211   2412  48216
 23   11700  591669   1078.09  15726  31192  614356  11970  384  642.93  13580  26940  574676  3355  3741  80797    447.63   9910  19649   438843   1384   2418  50634
 24   13400  618248   1078.07  12806  25401  639757   9759  384  642.97  12980  25738  600414  3214  3725  84522    447.69   9520  18890   457733   1330   2399  53033
 25   13400  644826   1078.09  13542  26861  666618  10221  381  642.85  12980  25748  626162  3214  2847  87369    447.64  10600  21021   478754   1465   2428  55461
 26   13500  671603   1078.08  12277  24352  690970   9316  383  642.88  12980  25740  651902  3217  3384  90753    447.72   9510  18853   497607   1310   2216  57677
 27   13500  698380   1078.05  15079  29909  720879  11453  383  642.90  12970  25720  677622  3206  3398  94151    448.01   6810  13498   511105    935   2201  59878
 28   13500  725157   1078.05  12596  24984  745863   9539  382  642.83  12600  24992  702614  3114  3416  97567    448.18   8500  16863   527968   1184   2433  62311
 29   12300  749554   1078.13   9921  19679  765542   7545  383  642.65  12400  24592  727206  3055  3415 100982    448.34   7400  14679   542647   1039   2451  64762
 30   11700  772760   1078.24   8557  16972  782514   6473  381  642.35  12000  23806  751012  2966  3468 104450    448.36   9000  17857   560504   1262   2422  67184
 31   13400  799339   1078.31  10210  20252  802766   7825  386  642.12  12800  25398  776410  3148  2836 107286    448.30   9990  19809   580313   1393   2413  69597

TOTAL                                               307799                                    97035                                                40720









                                                                    BUREAU OF RECLAMATION
                                                                    LOWER COLORADO REGION
                                                                    BOULDER CITY, NEVADA

                                                     AVAILABLE RESERVOIR ELEVATIONS AND CONTENTS FOR AUGUST 2015

                                        LAKE MEAD                      LAKE MOHAVE                      LAKE HAVASU                        SENATOR WASH
  AVAILABLE CAPACITY IN A.F.            *26120000                        1809800                           619400                              9144
  ELEVATION IN FEET                        1219.6                          647.0                            450.0                             240.0

           TOTAL     TOTAL    |             HOOVER            |            DAVIS            |             PARKER            |             SENATOR WASH
          SYSTEM    AVAILABLE |ELEVATION    CONTENT   RELEASE |ELEVATION   CONTENT  RELEASE |ELEVATION    CONTENT   RELEASE | ELEVATION   CONTENT  PUMPED   RELEASE
     DAY  STORAGE**   SPACE   |  FEET       1000A.F.    ft3/s |  FEET      1000A.F.  ft3/s  |   FEET      1000A.F.  ft3/s   |  FEET        A.F.     ft3/s    ft3/s
-----------------------------------------------------------------------------------------------------------------------------------------------------------------------------
       1    31356.9  29768.2    1078.32       9872        9370   642.34     1680.7    13000    448.16      583.2     8800      229.91     5749      609        0
       2    31359.1  29766.0    1078.55       9891        7820   641.92     1669.4    13200    448.21      584.1     8920      236.45     7849     1188        0
       3    31349.4  29775.7    1078.57       9893       11400   641.91     1669.0    12000    448.17      583.3     9600      236.40     7831      256      122
       4    31337.7  29787.3    1078.54       9890       12100   641.98     1670.9    11200    448.10      582.0     9490      235.29     7449        0      115
       5    31321.8  29803.3    1078.42       9881       17800   642.31     1679.8    11000    448.01      580.1     9100      234.38     7143        0       86
       6    31319.8  29805.3    1078.33       9873       21100   643.06     1700.4    11000    447.93      578.6     9700      233.99     7014        0        0
       7    31301.7  29823.4    1078.15       9858       17300   643.23     1705.0    12000    447.94      578.8     8000      234.72     7257      200        0
       8    31292.1  29833.0    1078.19       9862       11400   642.98     1698.2    15000    448.18      583.4     9400      235.40     7486      183        0
       9    31284.4  29840.7    1078.29       9870       10900   642.86     1694.9    12000    448.11      582.1     9310      237.57     8245      488        0
      10    31264.5  29860.6    1078.28       9869       13800   642.97     1698.0    12000    447.85      577.2    11000      234.26     7104        0      529
      11    31251.7  29873.4    1078.26       9867       13500   643.00     1698.8    12000    447.72      574.7     9610      233.75     6936        0        0
      12    31242.7  29882.3    1078.20       9862       16400   643.26     1705.7    12400    447.73      575.0     9500      233.02     6699        0       64
      13    31229.4  29895.7    1078.17       9860       14400   643.41     1709.8    12600    447.92      578.4     7590      232.68     6592        0        0
      14    31212.2  29912.9    1078.16       9859       15600   643.47     1711.7    12600    447.89      577.9     9820      232.93     6671      102        0
      15    31200.5  29924.5    1078.21       9863       12100   643.40     1709.7    12800    447.96      579.3     9600      232.57     6557        0        0
      16    31185.3  29939.8    1078.24       9866       12200   643.29     1706.8    12800    447.95      579.1    10200      232.23     6450        0        0
      17    31161.2  29963.9    1078.25       9867       12900   643.37     1708.9    11800    447.54      571.2    12800      231.89     6344        0        0
      18    31129.7  29995.3    1078.24       9866       11800   643.20     1704.2    12400    447.38      568.3    10800      226.62     4834        0      762
      19    31108.0  30017.1    1078.27       9868        9400   642.98     1698.2    13000    447.52      570.9    10200      224.84     4377       15      233
      20    31078.4  30046.6    1078.27       9868       12200   642.79     1693.1    13600    447.46      569.8     9500      229.27     5564      620        0
      21    31047.7  30077.3    1078.17       9860       15900   642.90     1695.9    14000    447.34      567.6     9710      230.66     5971      237        0
      22    31024.7  30100.4    1078.16       9859       14500   642.79     1693.1    14000    447.52      570.9     8710      230.59     5950       43        0
      23    31005.6  30119.4    1078.09       9853       15700   642.93     1696.8    13600    447.63      573.0     9910      234.92     7324      771        0
      24    30989.4  30135.7    1078.07       9852       12800   642.97     1697.8    13000    447.69      574.2     9520      234.42     7157        0        0
      25    30964.4  30160.6    1078.09       9853       13500   642.85     1694.6    13000    447.64      573.2    10600      234.00     7017        0        0
      26    30944.6  30180.4    1078.08       9853       12300   642.88     1695.5    13000    447.72      574.7     9510      233.59     6884        0        0
      27    30932.2  30192.8    1078.05       9850       15100   642.90     1695.9    13000    448.01      580.2     6810      233.68     6913       81        0
      28    30912.6  30212.4    1078.05       9850       12600   642.83     1694.1    12600    448.18      583.5     8500      234.71     7253      237        0
      29    30899.9  30225.2    1078.13       9857        9920   642.65     1689.2    12400    448.34      586.7     7400      234.27     7107        0        0
      30    30883.7  30241.4    1078.24       9866        8560   642.35     1681.1    12000    448.36      587.0     9000      233.86     6972        0        0
      31    30865.4  30259.6    1078.31       9871       10200   642.12     1674.7    12800    448.30      585.8     9990      233.86     6972        0        0

TOTAL                                                   404570                       391800                        292600                          5030     1911
AVE.                                                     13050                        12640                          9440                           162       62
AC FT                                                   802000                       777000                        580000                          9977     3790

      * BOTTOM OF EXCLUSIVE FLOOD CONTROL SPACE
     ** INCLUDES FONTENELLE AND CRYSTAL RESERVOIRS

                                                                      BUREAU OF RECLAMATION
                                                                      LOWER COLORADO REGION
                                                                      BOULDER CITY, NEVADA

                                             COLORADO RIVER STORAGE PROJECT DATA (operational) FOR AUGUST 2015

                   LAKE POWELL          |        FLAMING GORGE        |          NAVAJO            |      BLUE MESA             |     MORROW POINT
             MAX. STORAGE 24322000 AF   |  MAX. STORAGE 3749000 AF    | MAX. STORAGE 1696000 AF    | MAX. STORAGE 829500 AF     | MAX. STORAGE 117025 AF  
    COMPUTED MAX. ELEV. 3700.0 FEET     |  MAX. ELEV. 6040.0 FEET     | MAX. ELEV. 6085.0 FEET     | MAX. ELEV. 7519.4 FEET     | MAX. ELEV. 7160.0 FEET
     INFLOW  ELEVATION CONTENT  RELEASE |  ELEVATION CONTENT  RELEASE | ELEVATION CONTENT  RELEASE | ELEVATION CONTENT  RELEASE | ELEVATION CONTENT  RELEASE
DATE FT3/S   (FEET)  (1000 AF)   FT3/S  |  (FEET)  (1000 AF)   FT3/   |(FEET)  (1000 AF)   FT3/S   | (FEET)  (1000 AF)   FT3/S  |(FEET)  (1000 AF)   FT3/S
------------------------------------------------------------------------------------------------------------------------------------------------------------
   1   8200   3612.53   12987    12300      6034.53   3530     1700      6068.64   1460      670     7516.74    805.6    1540     7154.55    112.7    1690
   2  10900   3612.50   12984    11700      6034.51   3530     1700      6068.58   1460      670     7516.69    805.1    1800     7154.74    112.8    1730
   3  10200   3612.43   12976    13500      6034.49   3530     1700      6068.56   1460      670     7516.64    804.7    1790     7154.89    112.9    1740
   4  10300   3612.35   12968    13500      6034.49   3530     1700      6068.51   1460      660     7516.63    804.6    1750     7154.84    112.9    1770
   5   9400   3612.26   12959    13500      6034.47   3520     1700      6068.42   1460      650     7516.57    804.0    1690     7155.05    113.1    1600
   6   9400   3612.17   12950    13500      6034.45   3520     1700      6068.29   1460      650     7516.53    803.7    1460     7154.43    112.6    1710
   7  11800   3612.12   12945    13500      6034.45   3520     1700      6068.16   1460     1010     7516.43    802.8    1900     7154.75    112.8    1770
   8  10800   3612.08   12941    12400      6034.42   3520     1700      6067.94   1450     1310     7516.32    801.8    1820     7154.86    112.9    1790
   9   9300   3612.02   12935    11700      6034.41   3520     1700      6067.72   1450     1290     7516.24    801.0    1730     7154.88    112.9    1740
  10   6600   3611.88   12920    13500      6034.41   3520     1690      6067.65   1450      960     7516.19    800.6    1440     7154.16    112.3    1740
  11  12100   3611.84   12916    13500      6034.37   3520     1690      6067.54   1450      610     7516.15    800.2    1440     7153.51    111.8    1710
  12   9900   3611.76   12908    13400      6034.37   3520     1700      6067.43   1450      610     7516.05    799.3    1860     7153.81    112.1    1750
  13   6000   3611.61   12893    13400      6034.37   3520     1700      6067.34   1440      600     7515.90    798.0    2000     7154.33    112.5    1800
  14   7100   3611.48   12880    13400      6034.35   3520     1700      6067.24   1440      600     7515.76    796.7    1810     7154.53    112.6    1730
  15   7400   3611.38   12869    12400      6034.33   3520     1700      6067.16   1440      600     7515.63    795.6    1720     7154.44    112.6    1760
  16   6800   3611.27   12859    11700      6034.35   3520     1700      6067.01   1440      590     7515.47    794.1    1870     7154.78    112.8    1740
  17   6600   3611.13   12844    13400      6034.33   3520     1700      6066.89   1440      590     7515.44    793.9    1260     7153.93    112.2    1610
  18   5600   3610.97   12828    13500      6034.27   3520     1700      6066.75   1440      590     7515.26    792.2    1790     7154.08    112.3    1740
  19   6600   3610.83   12814    13500      6034.21   3510     1700      6066.61   1430      590     7515.08    790.6    1810     7154.25    112.4    1750
  20   5000   3610.66   12797    13500      6034.17   3510     1700      6066.46   1430      590     7514.90    789.0    1700     7154.17    112.3    1750
  21   5000   3610.49   12780    13500      6034.13   3510     1700      6066.33   1430      590     7514.76    787.8    1520     7153.67    112.0    1730
  22   3800   3610.32   12763    12300      6034.11   3510     1700      6066.18   1430      600     7514.58    786.2    1710     7153.76    112.0    1690
  23   5700   3610.20   12750    11700      6034.05   3510     1700      6066.06   1430      600     7514.40    784.6    1740     7153.72    112.0    1760
  24   7500   3610.07   12737    13400      6034.05   3510     1660      6065.93   1430      600     7514.21    782.9    1750     7153.64    111.9    1780
  25   5300   3609.91   12721    13400      6034.00   3510     1700      6065.83   1420      610     7514.00    781.0    1790     7153.83    112.1    1720
  26   5300   3609.74   12704    13500      6033.95   3500     1700      6065.79   1420      610     7513.81    779.3    1800     7154.01    112.2    1730
  27   7300   3609.61   12691    13500      6033.95   3500     1700      6065.74   1420      610     7513.64    777.8    1800     7153.88    112.1    1850
  28   5000   3609.44   12674    13500      6033.91   3500     1700      6065.71   1420      590     7513.49    776.5    1730     7153.85    112.1    1740
  29   6100   3609.31   12661    12300      6033.89   3500     1700      6065.63   1420      600     7513.31    774.9    1660     7153.99    112.2    1610
  30   6000   3609.19   12649    11700      6033.85   3500     1700      6065.54   1420      600     7513.16    773.5    1580     7153.80    112.1    1660
  31   7700   3609.07   12637    13400      6033.81   3500     1700      6065.52   1420      600     7512.97    771.9    1680     7153.74    112.0    1700

TOT  234700                     403000                        52640                        21120                        52940                        53590
AVE    7571                      13000                         1700                          680                         1710                         1730
A F  465500                     799000                       104000                        41900                        105000                       106300






                                          BUREAU OF RECLAMATION
                                          LOWER COLORADO REGION
                                          BOULDER CITY, NEVADA

                                     GLEN CANYON TO HOOVER DAM LOSSES

                                                AUGUST 2015

                      |           | LAKE    |         |   LAKE|    LAKE   |  CHANGE |
               GLEN   |    HOOVER | MEAD    |  STORAGE|   MEAD|    MEAD   |   BANK  |       |          |
              RELEASE |    RELEASE| STORAGE |  CHANGE |PUMPING|EVAPORATION| STORAGE |  LOSS |  ACCUMUL.|  INFLOW
   DATE |      CFS    |     CFS   | 1000 AF |  1000 AF|    CFS|     CFS   |    CFS  |   CFS |     A.F. |   CFS
--------------------------------------------------------------------------------------------------------------------
      1        12300        9370      9872        14       757      1137       459     -1396     -2768     18800
      2        11700        7820      9891        19       685      1138       623     -2553     -7832     19800
      3        13500       11400      9893         2       678      1139        66     -1959    -11718     14300
      4        13500       12100      9890        -3       746      1138       -98      -653    -13013     12400
      5        13500       17800      9881        -9       743      1138      -295     -1389    -15768     14800
      6        13500       21100      9873        -8       718      1138      -262     -5128    -25940     18700
      7        13500       17300      9858       -15       733      1137      -492      2405    -21169     11100
      8        12400       11400      9862         4       732      1137       131     -1962    -25061     15400
      9        11700       10900      9870         8       673      1137       262     -3554    -32110     17000
     10        13500       13800      9869        -1       726      1137       -33     -2731    -37527     15100
     11        13500       13500      9867        -2       726      1137       -66     -2565    -42614     14300
     12        13400       16400      9862        -5       696      1137      -164     -2082    -46743     15500
     13        13400       14400      9860        -2       715      1137       -66     -1718    -50151     15200
     14        13400       15600      9859        -1       679      1137       -33     -3440    -56975     16900
     15        12400       12100      9863         4       681      1137       131     -2636    -62203     16100
     16        11700       12200      9866         3       682      1137        98     -2207    -66581     15600
     17        13400       12900      9867         1       715      1137        33     -2931    -72395     15300
     18        13500       11800      9866        -1       732      1137       -33     -1399    -75171     13100
     19        13500        9400      9868         2       719      1137        66      1078    -73034     12300
     20        13500       12200      9868         0       706      1137         0      -552    -74128     14000
     21        13500       15900      9860        -8       746      1137      -262       -19    -74166     13500
     22        12300       14500      9859        -1       743      1137       -33     -2353    -78832     15800
     23        11700       15700      9853        -6       716      1136      -197      -844    -80506     14300
     24        13400       12800      9852        -1       741      1136       -33     -1829    -84134     14100
     25        13400       13500      9853         1       741      1136        33     -4212    -92488     15900
     26        13500       12300      9853         0       702      1136         0      -697    -93869     14100
     27        13500       15100      9850        -3       719      1136       -98     -1913    -97664     15300
     28        13500       12600      9850         0       664      1136         0      -936    -99520     14400
     29        12300        9920      9857         7       670      1136       229     -1949   -103385     15500
     30        11700        8560      9866         9       675      1137       295     -1752   -106861     15200
     31        13400       10200      9871         5       689      1137       164     -2413   -111647     14700

    TOTAL     403000      404730                         22048     35246                       -111648    468800






</pre>