<pre>
                                                                    BUREAU OF RECLAMATION
                                                                    LOWER COLORADO REGION
                                                                    BOULDER CITY, NEVADA

                                                               ACCUMULATIONS FOR AUGUST 2017

    |GLEN CANYON    |                         HOOVER DAM         |             DAVIS DAM           |      MWD       |            PARKER DAM              |
    |               |  LAKE                                      |LAKE                             |                | LAKE                               |   C.A.P.
    |         ACCUM.|  MEAD    HOOVER RELEASE        GROSS  RATE |MOHAVE      DAVIS RELEASE   GROSS|DIVER. AT INTAKE| HAVASU     PARKER RELEASE     GROSS| DIVER. ACCUM.
DAY |   CFS    A.F. |  ELEV.   CFS    A.F.   ACCUM.   GEN  KWH/AF|ELEV   CFS   A.F.   ACCUM.  GEN  | A.F. ACCUM.    | ELEV    CFS    A.F.   ACCUM.  GEN. | A.F.   A.F.
----------------------------------------------------------------------------------------------------------------------------------------------------------------------
  1   14900   29554   1078.95  17173  34063   34063  12849  377  644.98  11010  21832   21832  2696  1524   1524    448.80   7000  13879    13879    962   2322   2322
  2   15000   59306   1078.92  14312  28387   62450  10935  385  645.19  11190  22198   44030  2749  1538   3062    448.85   7800  15473    29352   1088   2031   4353
  3   14900   88859   1078.95  14226  28218   90668  10723  380  645.36  11590  22996   67026  2862  1563   4625    449.06   8300  16464    45816   1160   2164   6517
  4   14900  118413   1079.14   8344  16550  107218   6303  381  645.06  11790  23394   90420  2917  1586   6211    448.88  11200  22221    68037   1563   2325   8842
  5   13900  145983   1079.40   7180  14242  121460   5327  374  644.55  11990  23784  114204  2962  2051   8262    448.79  10200  20235    88272   1421   2323  11165
  6   13000  171769   1079.56   8454  16769  138229   6276  374  644.35  11590  22998  137202  2851  2060  10322    448.80   9610  19059   107331   1340   2323  13488
  7   14900  201322   1079.65   9626  19093  157322   7076  371  644.25  10600  21034  158236  2596  2058  12380    448.93   7600  15081   122412   1061   2302  15790
  8   15000  231074   1079.66  12842  25472  182794   9589  376  644.45   9590  19030  177266  2324  2026  14406    448.66  10410  20644   143056   1446   2170  17960
  9   15000  260826   1079.67  13658  27090  209884  10285  380  644.73   8800  17450  194716  2157  2009  16415    448.87   6000  11910   154966    792   2169  20129
 10   15000  290578   1079.68  13257  26295  236179  10079  383  644.97   8790  17444  212160  2146  2028  18443    448.66   8000  15863   170829   1098   2323  22452
 11   15100  320529   1079.79  10093  20019  256198   7621  381  644.93  11170  22150  234310  2769  2000  20443    448.32  10590  21014   191843   1462   2299  24751
 12   14200  348694   1079.94   8556  16971  273169   6493  383  644.66  11590  22994  257304  2876  1994  22437    448.06  10300  20430   212273   1422   1769  26520
 13   12900  374281   1080.08   8477  16814  289983   6476  385  644.43  11610  23030  280334  2876  1990  24427    448.00  10300  20436   232709   1426   2318  28838
 14   15000  404033   1080.19   8511  16881  306864   6398  379  644.15  12180  24160  304494  3015  1980  26407    447.70  11190  22197   254906   1542   2321  31159
 15   14800  433388   1080.26  10495  20817  327681   7835  376  643.87  12200  24200  328694  3003  1944  28351    447.43  11700  23198   278104   1595   2317  33476
 16   14700  462545   1080.29  11629  23065  350746   8931  387  643.98  11220  22246  350940  2758  1478  29829    447.45   9990  19820   297924   1380   2317  35793
 17   15100  492496   1080.34  12518  24830  375576   9615  387  643.98  11610  23026  373966  2849  1524  31353    447.91   4990   9902   307826    668   2187  37980
 18   14900  522050   1080.39  12321  24439  400015   9438  386  643.95  12700  25190  399156  3138  1510  32863    447.87  10020  19883   327709   1386   2319  40299
 19   14200  550215   1080.55   8827  17509  417524   6665  381  643.65  12500  24798  423954  3069  1540  34403    447.68  12310  24408   352117   1691   2020  42319
 20   13000  576000   1080.68   8646  17150  434674   6506  379  643.29  12990  25772  449726  3193  1561  35964    447.47  11500  22817   374934   1578   2316  44635
 21   14900  605554   1080.78  10905  21630  456304   8316  384  643.15  12980  25740  475466  3179  2027  37991    447.57  10110  20051   394985   1399   2316  46951
 22   15200  635702   1080.84  11084  21984  478288   8477  386  642.95  13000  25776  501242  3176  2048  40039    447.59  10400  20636   415621   1430   2317  49268
 23   15100  665653   1080.83  11257  22328  500616   8450  378  642.78  12990  25768  527010  3184  2020  42059    447.86   8400  16666   432287   1166   2303  51571
 24   15300  696000   1080.98  12252  24301  524917   9308  383  642.79  11800  23398  550408  2876  2019  44078    448.49   5400  10718   443005    727   2319  53890
 25   15000  725752   1081.00  15053  29858  554775  11444  383  642.98  11780  23374  573782  2888  2018  46096    448.36   9720  19273   462278   1345   2322  56212
 26   14400  754314   1081.13   9560  18963  573738   7276  384  642.74  11800  23400  597182  2898  1992  48088    448.32   9800  19444   481722   1363   2321  58533
 27   13200  780496   1081.29   7905  15679  589417   6026  384  642.48  11800  23400  620582  2892  1753  49841    448.35   9320  18485   500207   1292   2321  60854
 28   15100  810446   1081.31  13723  27218  616635  10541  387  642.63  11000  21824  642406  2685  2032  51873    448.45   9410  18672   518879   1316   2321  63175
 29   14800  839802   1081.33  13450  26678  643313  10379  389  642.77  10600  21024  663430  2586  2039  53912    448.31   9000  17861   536740   1248   2324  65499
 30   15200  869950   1081.31  10463  20754  664067   7963  384  642.87  10580  20976  684406  2580  2026  55938    448.23   8810  17473   554213   1223   2363  67862
 31   15100  899901   1081.44   9678  19196  683264   7388  385  642.64  11570  22950  707356  2828  2017  57955    448.28   7880  15639   569852   1095   2327  70189

TOTAL                                               260988                                    87580                                                39684









                                                                    BUREAU OF RECLAMATION
                                                                    LOWER COLORADO REGION
                                                                    BOULDER CITY, NEVADA

                                                     AVAILABLE RESERVOIR ELEVATIONS AND CONTENTS FOR AUGUST 2017

                                        LAKE MEAD                      LAKE MOHAVE                      LAKE HAVASU                        SENATOR WASH
  AVAILABLE CAPACITY IN A.F.            *26120000                        1809800                           619400                              9144
  ELEVATION IN FEET                        1219.6                          647.0                            450.0                             240.0

           TOTAL     TOTAL    |             HOOVER            |            DAVIS            |             PARKER            |             SENATOR WASH
          SYSTEM    AVAILABLE |ELEVATION    CONTENT   RELEASE |ELEVATION   CONTENT  RELEASE |ELEVATION    CONTENT   RELEASE | ELEVATION   CONTENT  PUMPED   RELEASE
     DAY  STORAGE**   SPACE   |  FEET       1000A.F.    ft3/s |  FEET      1000A.F.  ft3/s  |   FEET      1000A.F.  ft3/s   |  FEET        A.F.     ft3/s    ft3/s
-----------------------------------------------------------------------------------------------------------------------------------------------------------------------------
       1    33817.2  27307.8    1078.95       9924       17200   644.98     1753.4    11000    448.80      595.6     7000      235.57     7545      200        0
       2    33811.7  27313.4    1078.92       9922       14300   645.19     1759.3    11200    448.85      596.5     7800      235.19     7415        0        0
       3    33813.8  27311.2    1078.95       9924       14200   645.36     1764.0    11600    449.06      600.6     8300      233.15     6742        0      323
       4    33800.2  27324.9    1079.14       9940        8340   645.06     1755.6    11800    448.88      597.0    11200      230.17     5825        0      439
       5    33793.9  27331.1    1079.40       9961        7180   644.55     1741.3    12000    448.79      595.4    10200      229.71     5691        0       38
       6    33792.1  27333.0    1079.56       9975        8450   644.35     1736.0    11600    448.80      595.5     9610      233.73     6930      683        0
       7    33790.3  27334.8    1079.65       9982        9630   644.25     1733.2    10600    448.93      598.0     7600      235.04     7364      276        0
       8    33774.9  27350.1    1079.66       9983       12800   644.45     1738.6     9590    448.66      592.8    10400      237.74     8306      584        0
       9    33772.7  27352.4    1079.67       9984       13700   644.73     1746.5     8800    448.87      596.9     6000      236.14     7740        0      201
      10    33762.9  27362.1    1079.68       9984       13300   644.97     1753.2     8790    448.66      592.8     8000      231.90     6347        0      680
      11    33743.9  27381.1    1079.79       9994       10100   644.93     1752.0    11200    448.32      586.2    10600      227.76     5141        0      606
      12    33735.0  27390.0    1079.94      10006        8560   644.66     1744.4    11600    448.06      581.2    10300      224.45     4280        0      423
      13    33725.2  27399.9    1080.08      10018        8480   644.43     1738.0    11600    448.00      580.0    10300      227.98     5201      503       23
      14    33704.3  27420.7    1080.19      10027        8510   644.15     1730.3    12200    447.70      574.4    11200      231.40     6194      526        0
      15    33682.0  27443.1    1080.26      10033       10500   643.87     1722.6    12200    447.43      569.3    11700      232.32     6478      191        0
      16    33671.4  27453.7    1080.29      10035       11600   643.98     1725.7    11200    447.45      569.5     9990      234.35     7134      383        0
      17    33666.1  27459.0    1080.34      10039       12500   643.98     1725.7    11600    447.91      578.3     4990      234.89     7314      282      132
      18    33650.0  27475.1    1080.39      10043       12300   643.95     1724.7    12700    447.87      577.6    10000      238.35     8529      730        0
      19    33633.4  27491.6    1080.55      10057        8830   643.65     1716.5    12500    447.68      574.0    12300      237.01     8045      274      180
      20    33607.9  27517.2    1080.68      10067        8650   643.29     1706.6    13000    447.47      570.0    11500      232.96     6680        0      526
      21    33600.2  27524.9    1080.78      10076       10900   643.15     1702.9    13000    447.57      571.9    10100      231.87     6338      195      363
      22    33574.4  27550.7    1080.84      10081       11100   642.95     1697.4    13000    447.59      572.3    10400      236.77     7961      913        0
      23    33547.2  27577.8    1080.83      10080       11300   642.78     1692.6    13000    447.86      577.4     8400      239.65     9013      703        0
      24    33550.5  27574.6    1080.98      10092       12300   642.79     1693.0    11800    448.49      589.6     5400      239.39     8914       85        0
      25    33532.3  27592.8    1081.00      10094       15100   642.98     1698.1    11800    448.36      587.0     9720      239.67     9020      183        0
      26    33514.7  27610.4    1081.13      10105        9560   642.74     1691.5    11800    448.32      586.2     9800      239.07     8795        0        0
      27    33502.5  27622.6    1081.29      10118        7900   642.48     1684.5    11800    448.35      586.7     9320      238.32     8517       37       90
      28    33488.7  27636.4    1081.31      10120       13700   642.63     1688.5    11000    448.45      588.8     9410      238.15     8456       58        0
      29    33467.4  27657.6    1081.33      10121       13500   642.77     1692.4    10600    448.31      586.1     9000      239.79     9065      410        0
      30    33446.9  27678.2    1081.31      10120       10500   642.87     1695.2    10600    448.23      584.5     8810      239.48     8948       44        0
      31    33427.3  27697.8    1081.44      10131        9680   642.64     1688.8    11600    448.28      585.4     7880      237.65     8274        0      268

TOTAL                                                   344670                       356780                        287230                          7260     4292
AVE.                                                     11120                        11510                          9270                           234      138
AC FT                                                   684000                       708000                        570000                         14400     8513

      * BOTTOM OF EXCLUSIVE FLOOD CONTROL SPACE
     ** INCLUDES FONTENELLE AND CRYSTAL RESERVOIRS

                                                                      BUREAU OF RECLAMATION
                                                                      LOWER COLORADO REGION
                                                                      BOULDER CITY, NEVADA

                                             COLORADO RIVER STORAGE PROJECT DATA (operational) FOR AUGUST 2017

                   LAKE POWELL          |        FLAMING GORGE        |          NAVAJO            |      BLUE MESA             |     MORROW POINT
             MAX. STORAGE 24322000 AF   |  MAX. STORAGE 3749000 AF    | MAX. STORAGE 1696000 AF    | MAX. STORAGE 829500 AF     | MAX. STORAGE 117025 AF  
    COMPUTED MAX. ELEV. 3700.0 FEET     |  MAX. ELEV. 6040.0 FEET     | MAX. ELEV. 6085.0 FEET     | MAX. ELEV. 7519.4 FEET     | MAX. ELEV. 7160.0 FEET
     INFLOW  ELEVATION CONTENT  RELEASE |  ELEVATION CONTENT  RELEASE | ELEVATION CONTENT  RELEASE | ELEVATION CONTENT  RELEASE | ELEVATION CONTENT  RELEASE
DATE FT3/S   (FEET)  (1000 AF)   FT3/S  |  (FEET)  (1000 AF)   FT3/   |(FEET)  (1000 AF)   FT3/S   | (FEET)  (1000 AF)   FT3/S  |(FEET)  (1000 AF)   FT3/S
------------------------------------------------------------------------------------------------------------------------------------------------------------
   1  11600   3634.62   15377    14900      6034.71   3530     2420      6060.94   1360      490     7518.28    819.5    1770     7155.19    113.2    1800
   2  11700   3634.55   15369    15000      6034.75   3540     2420      6060.85   1360      490     7518.34    820.1    1610     7154.71    112.8    1850
   3  10900   3634.47   15359    14900      6034.83   3540     2420      6060.75   1360      490     7518.40    820.6    1850     7154.81    112.9    1850
   4   7200   3634.33   15343    14900      6034.87   3540     2410      6060.70   1360      490     7518.42    820.8    1800     7154.82    112.9    1850
   5   8700   3634.23   15332    13900      6034.93   3540     2410      6060.64   1360      500     7518.48    821.4    1960     7155.14    113.1    1870
   6   9700   3634.16   15324    13000      6034.97   3540     2410      6060.60   1360      490     7518.46    821.2    1930     7155.43    113.4    1870
   7  11600   3634.09   15316    14900      6035.01   3550     2430      6060.55   1350      490     7518.51    821.6    1750     7155.24    113.2    1930
   8   8000   3633.96   15301    15000      6035.03   3550     2400      6060.52   1350      490     7518.52    821.7    1930     7155.33    113.3    1950
   9   7900   3633.83   15286    15000      6035.08   3550     2420      6060.47   1350      490     7518.59    822.4    1660     7154.75    112.8    1970
  10   9200   3633.72   15274    15000      6035.13   3550     2420      6060.42   1350      480     7518.51    821.6    2120     7155.28    113.2    1950
  11   6100   3633.56   15255    15100      6035.15   3550     2420      6060.33   1350      490     7518.41    820.7    2230     7156.00    113.8    1970
  12  11500   3633.50   15249    14200      6035.17   3550     2420      6060.28   1350      480     7518.36    820.3    1890     7155.90    113.7    1980
  13   7700   3633.40   15237    12900      6035.19   3550     2420      6060.21   1350      480     7518.29    819.6    1960     7155.87    113.7    1990
  14   7900   3633.27   15222    15000      6035.23   3560     2420      6060.16   1350      480     7518.29    819.6    1520     7154.64    112.7    1880
  15   9600   3633.17   15211    14800      6035.21   3550     2420      6060.07   1350      480     7518.22    819.0    1790     7155.00    113.0    1820
  16   7700   3633.04   15196    14700      6035.25   3560     2410      6059.98   1350      570     7518.26    819.4    1210     7153.68    112.0    1810
  17   8100   3632.91   15181    15100      6035.25   3560     2410      6059.88   1350      600     7518.19    818.7    1740     7153.66    111.9    1790
  18   7900   3632.78   15167    14900      6035.25   3560     2410      6059.78   1350      600     7518.14    818.3    1560     7153.20    111.6    1780
  19   7800   3632.66   15153    14200      6035.25   3560     2420      6059.68   1340      600     7518.00    817.0    1860     7153.38    111.7    1770
  20   4800   3632.51   15136    13000      6035.23   3560     2420      6059.53   1340      600     7517.90    816.1    1800     7153.52    111.8    1780
  21   9700   3632.41   15124    14900      6035.23   3560     2420      6059.44   1340      600     7518.00    817.0    1530     7153.06    111.5    1760
  22   5200   3632.23   15104    15200      6035.21   3550     2420      6059.32   1340      710     7517.89    816.0    1880     7153.43    111.8    1770
  23   5000   3632.05   15084    15100      6035.19   3550     2420      6059.17   1340      720     7517.79    815.1    1830     7153.15    111.5    1750
  24   7000   3631.90   15067    15300      6035.19   3550     2410      6059.03   1340      720     7517.65    813.8    1930     7153.17    111.6    1850
  25   6800   3631.75   15050    15000      6035.15   3550     2410      6058.94   1330      710     7517.56    813.0    1550     7152.51    111.0    1910
  26   6800   3631.61   15034    14400      6035.13   3550     2410      6058.80   1330      710     7517.41    811.6    1810     7152.36    110.9    1910
  27   6800   3631.49   15020    13200      6035.11   3550     2080      6058.68   1330      720     7517.15    809.3    2280     7153.21    111.6    1930
  28   6900   3631.34   15003    15100      6035.11   3550     1780      6058.57   1330      710     7516.93    807.3    2030     7153.36    111.7    1950
  29   6000   3631.18   14985    14800      6035.09   3550     1520      6058.40   1330      710     7516.77    805.8    1790     7152.94    111.4    1950
  30   7600   3631.04   14970    15200      6035.09   3550     1780      6058.27   1330      700     7516.58    804.1    2000     7153.04    111.5    1930
  31   6300   3630.88   14952    15100      6035.05   3550     2040      6058.07   1320      700     7516.38    802.3    1740     7152.58    111.1    2010

TOT  249700                     453700                        72020                        17990                        56310                        58180
AVE    8055                      14640                         2320                          580                         1820                         1880
A F  495300                     900000                       143000                        35700                        111700                       115400






                                          BUREAU OF RECLAMATION
                                          LOWER COLORADO REGION
                                          BOULDER CITY, NEVADA

                                     GLEN CANYON TO HOOVER DAM LOSSES

                                                AUGUST 2017

                      |           | LAKE    |         |   LAKE|    LAKE   |  CHANGE |
               GLEN   |    HOOVER | MEAD    |  STORAGE|   MEAD|    MEAD   |   BANK  |       |          |
              RELEASE |    RELEASE| STORAGE |  CHANGE |PUMPING|EVAPORATION| STORAGE |  LOSS |  ACCUMUL.|  INFLOW
   DATE |      CFS    |     CFS   | 1000 AF |  1000 AF|    CFS|     CFS   |    CFS  |   CFS |     A.F. |   CFS
--------------------------------------------------------------------------------------------------------------------
      1        14900       17200      9924        -7       749      1141      -229     -2685     -5325     15300
      2        15000       14300      9922        -2       795      1140       -66      -785     -6881     15200
      3        14900       14200      9924         2       747      1140        66     -2259    -11362     17200
      4        14900        8340      9940        16       761      1141       524     -3818    -18935     18800
      5        13900        7180      9961        21       788      1142       688     -5524    -29891     20400
      6        13000        8450      9975        14       719      1143       459     -2943    -35729     17800
      7        14900        9630      9982         7       761      1143       229     -1399    -38504     15300
      8        15000       12800      9983         1       763      1144        33     -2200    -42867     15200
      9        15000       13700      9984         1       718      1144        33     -1180    -45206     16100
     10        15000       13300      9984         0       746      1144         0      -142    -45488     15200
     11        15100       10100      9994        10       721      1144       328     -2342    -50133     17300
     12        14200        8560     10006        12       743      1145       393     -1898    -53898     16900
     13        12900        8480     10018        12       744      1145       393     -1754    -57378     16800
     14        15000        8510     10027         9       761      1146       295     -1014    -59390     15200
     15        14800       10500     10033         6       740      1146       197     -2688    -64722     15600
     16        14700       11600     10035         2       767      1146        66       368    -63992     14600
     17        15100       12500     10039         4       757      1147       131     -1732    -67428     16600
     18        14900       12300     10043         4       706      1147       131     -1552    -70507     16300
     19        14200        8830     10057        14       738      1147       459     -3142    -76738     18200
     20        13000        8650     10067        10       698      1148       328      -975    -78671     15900
     21        14900       10900     10076         9       707      1148       295     -3355    -85326     17600
     22        15200       11100     10081         5       749      1149       164     -2664    -90609     15700
     23        15100       11300     10080        -1       715      1149       -33      2259    -86129     12600
     24        15300       12300     10092        12       692      1149       393     -5336    -96712     20600
     25        15000       15100     10094         2       709      1150        66     -2929   -102521     18000
     26        14400        9560     10105        11       701      1150       360     -2067   -106620     17300
     27        13200        7900     10118        13       692      1151       426     -1696   -109984     16700
     28        15100       13700     10120         2       685      1151        66     -2170   -114289     16600
     29        14800       13500     10121         1       695      1151        33     -2732   -119708     15900
     30        15200       10500     10120        -1       719      1151       -33      3295   -113173     11800
     31        15100        9680     10131        11       730      1151       360     -2688   -118504     17500

    TOTAL     453800      344480                         22716     35533                       -118504    510300






</pre>