<pre>
                                                                    BUREAU OF RECLAMATION
                                                                    LOWER COLORADO REGION
                                                                    BOULDER CITY, NEVADA

                                                               ACCUMULATIONS FOR AUGUST 2020

    |GLEN CANYON    |                         HOOVER DAM         |             DAVIS DAM           |      MWD       |            PARKER DAM              |
    |               |  LAKE                                      |LAKE                             |                | LAKE                               |   C.A.P.
    |         ACCUM.|  MEAD    HOOVER RELEASE        GROSS  RATE |MOHAVE      DAVIS RELEASE   GROSS|DIVER. AT INTAKE| HAVASU     PARKER RELEASE     GROSS| DIVER. ACCUM.
DAY |   CFS    A.F. |  ELEV.   CFS    A.F.   ACCUM.   GEN  KWH/AF|ELEV   CFS   A.F.   ACCUM.  GEN  | A.F. ACCUM.    | ELEV    CFS    A.F.   ACCUM.  GEN. | A.F.   A.F.
----------------------------------------------------------------------------------------------------------------------------------------------------------------------
  1   10600   21025   1084.56  14107  27980   27980  10766  385  642.96  13390  26555   26555  3288  3271   3271    447.64  10300  20422    20422   1407   1206   1206
  2   10600   42050   1084.57  12084  23969   51949   9388  392  642.83  13400  26581   53136  3282  3254   6525    447.72  10190  20217    40639   1407   2249   3455
  3   14800   71405   1084.48  15777  31293   83242  12266  392  642.97  13390  26561   79697  3280  3241   9766    447.64  10400  20632    61271   1427   1688   5143
  4   14900  100959   1084.34  15327  30400  113642  11863  390  642.97  13400  26571  106268  3303  3227  12993    447.34  12390  24573    85844   1668   1687   6830
  5   15000  130711   1084.23  14350  28463  142105  11045  388  642.99  14480  28720  134988  3581  3214  16207    447.07  12780  25345   111189   1732   1688   8518
  6   14700  159868   1084.21  14301  28365  170470  10945  386  642.83  15300  30340  165328  3769  2887  19094    447.18  10680  21187   132376   1441   2045  10563
  7   15000  189620   1084.19  14556  28872  199342  11169  387  642.77  15400  30547  195875  3801  2794  21888    447.20  12300  24395   156771   1668   2040  12603
  8   10700  210843   1084.23  13016  25817  225159   9951  385  642.53  14990  29736  225611  3703  2811  24699    447.28  11900  23603   180374   1625   2049  14652
  9   10800  232264   1084.32  11720  23247  248406   8878  382  642.30  13790  27354  252965  3411  2823  27522    447.23  12100  24000   204374   1656   2253  16905
 10   15100  262215   1084.26  15062  29875  278282  11460  384  642.34  14390  28535  281500  3551  2836  30358    447.47  10590  21010   225384   1459   2046  18951
 11   15100  292165   1084.14  15098  29946  308227  11670  390  642.40  13590  26959  308459  3325  2849  33207    447.37  10100  20034   245418   1394   2046  20997
 12   14800  321521   1084.02  16042  31818  340045  12331  388  642.56  12990  25772  334231  3158  3188  36395    447.77   7630  15131   260549   1052   1679  22676
 13   14900  351074   1083.95  17278  34270  374315  13300  388  642.90  12970  25724  359955  3153  3288  39683    448.16   5990  11881   272430    814   1681  24357
 14   15600  382016   1083.91  15909  31554  405870  12394  393  643.01  13000  25779  385734  3216  3270  42953    448.04  11600  23007   295437   1593   1689  26046
 15   10800  403438   1083.94  13664  27102  432972  10585  391  643.11  12990  25772  411506  3212  2431  45384    447.70  13390  26555   321992   1828   1685  27731
 16   10700  424661   1083.98  13981  27732  460703  10791  389  643.07  13000  25787  437293  3224  1857  47241    447.56  12200  24195   346187   1659   2252  29983
 17   15900  456198   1083.95  15469  30683  491386  11834  386  643.13  14000  27770  465063  3448  1853  49094    447.55  10560  20936   367123   1437   1673  31656
 18   15600  487140   1083.78  17270  34254  525640  13342  390  643.30  14080  27935  492998  3467  1632  50726    447.72  10740  21307   388430   1456   1674  33330
 19   14900  516694   1083.69  15041  29834  555475  11602  389  643.42  13600  26983  519981  3425  1329  52055    447.99  10110  20047   408477   1367   1518  34848
 20   15000  546446   1083.69  14675  29107  584581  11347  390  643.56  12970  25730  545711  3175  1330  53385    448.35   7600  15081   423558   1056   1517  36365
 21   14700  575603   1083.71  12243  24283  608865   9361  385  643.50  11990  23779  569490  2956  1332  54717    448.27  11900  23610   447168   1642   1519  37884
 22   10700  596826   1083.79  11399  22609  631474   8775  388  643.44  11980  23764  593254  2938  1335  56052    448.20  10900  21621   468789   1518   1510  39394
 23   10700  618049   1083.88  11838  23481  654955   9152  390  643.40  11990  23790  617044  2943  1342  57394    448.17  10790  21409   490198   1503   2247  41641
 24   14700  647206   1083.86  13202  26186  681141  10212  390  643.42  13000  25782  642826  3218  1418  58812    448.20  10000  19834   510032   1385   1413  43054
 25   14700  676363   1083.86  12103  24006  705147   9360  390  643.32  12780  25354  668180  3140  1862  60674    448.29   9920  19667   529699   1368   1512  44566
 26   14700  705520   1083.80  12720  25229  730376   9849  390  643.28  11990  23782  691962  2936  2634  63308    448.40   9300  18449   548148   1280   1957  46523
 27   14600  734479   1083.78  14600  28959  759335  11272  389  643.88   5490  10897  702859  1264  2878  66186    448.67   5910  11731   559879    803   1677  48200
 28   14700  763636   1083.81  12855  25497  784832   9910  389  643.73  14990  29732  732591  3705  2887  69073    447.98  11800  23413   583292   1629   1667  49867
 29   10700  784859   1083.90   9808  19454  804286   7446  383  643.17  16580  32893  765484  4105  2896  71969    447.94  11990  23779   607071   1660   1672  51539
 30   10600  805884   1084.02   8997  17846  822132   6831  383  642.51  16590  32904  798388  4083  3226  75195    448.01  11000  21809   628880   1530   4962  56501
 31   13800  833256   1084.04  12601  24993  847125   9664  387  642.61  12000  23804  822192  2951  3323  78518    448.03  10210  20243   649123   1417   4963  61464

TOTAL                                               328759                                   102013                                                44880









                                                                    BUREAU OF RECLAMATION
                                                                    LOWER COLORADO REGION
                                                                    BOULDER CITY, NEVADA

                                                     AVAILABLE RESERVOIR ELEVATIONS AND CONTENTS FOR AUGUST 2020

                                        LAKE MEAD                      LAKE MOHAVE                      LAKE HAVASU                        SENATOR WASH
  AVAILABLE CAPACITY IN A.F.            *26120000                        1809800                           619400                              9144
  ELEVATION IN FEET                        1219.6                          647.0                            450.0                             240.0

           TOTAL     TOTAL    |             HOOVER            |            DAVIS            |             PARKER            |             SENATOR WASH
          SYSTEM    AVAILABLE |ELEVATION    CONTENT   RELEASE |ELEVATION   CONTENT  RELEASE |ELEVATION    CONTENT   RELEASE | ELEVATION   CONTENT  PUMPED   RELEASE
     DAY  STORAGE**   SPACE   |  FEET       1000A.F.    ft3/s |  FEET      1000A.F.  ft3/s  |   FEET      1000A.F.  ft3/s   |  FEET        A.F.     ft3/s    ft3/s
-----------------------------------------------------------------------------------------------------------------------------------------------------------------------------
       1    30593.9  30531.2    1084.56      10392       14100   642.96     1697.7    13400    447.64      573.2    10300      231.35     6179      503        0
       2    30575.4  30549.7    1084.57      10393       12100   642.83     1694.1    13400    447.72      574.7    10200      234.21     7087      840        0
       3    30542.7  30582.4    1084.48      10386       15800   642.97     1697.9    13400    447.64      573.2    10400      213.57     2090      100        0
       4    30498.0  30627.1    1084.34      10374       15300   642.97     1697.8    13400    447.34      567.6    12400      233.47     6845        0        0
       5    30454.4  30670.7    1084.23      10365       14300   642.99     1698.6    14500    447.07      562.5    12800      233.16     6745        0        0
       6    30422.6  30702.4    1084.21      10363       14300   642.83     1694.1    15300    447.18      564.4    10700      232.48     6529        0       49
       7    30392.5  30732.5    1084.19      10361       14600   642.77     1692.3    15400    447.20      564.9    12300      232.21     6444        0        0
       8    30365.4  30759.7    1084.23      10365       13000   642.53     1686.0    15000    447.28      566.4    11900      232.16     6428       49        0
       9    30340.8  30784.2    1084.32      10372       11700   642.30     1679.6    13800    447.23      565.5    12100      234.35     7134      399        0
      10    30309.5  30815.6    1084.26      10367       15100   642.34     1680.5    14400    447.47      570.0    10600      235.76     7609      300        0
      11    30269.8  30855.2    1084.14      10357       15100   642.40     1682.2    13600    447.37      568.1    10100      238.46     8569      590        0
      12    30239.7  30885.4    1084.02      10347       16000   642.56     1686.7    13000    447.77      575.7     7630      239.66     9016      369        0
      13    30219.9  30905.2    1083.95      10341       17300   642.90     1696.0    13000    448.16      583.1     5990      239.63     9005      118        0
      14    30188.0  30937.1    1083.91      10338       15900   643.01     1699.1    13000    448.04      580.8    11600      239.72     9039      131        0
      15    30160.5  30964.6    1083.94      10340       13700   643.11     1701.7    13000    447.70      574.2    13400      235.69     7586        0      748
      16    30136.4  30988.6    1083.98      10343       14000   643.07     1700.5    13000    447.56      571.7    12200      235.48     7513      264      271
      17    30104.4  31020.6    1083.95      10341       15500   643.13     1702.3    14000    447.55      571.4    10600      237.03     8052      333        0
      18    30065.1  31060.0    1083.78      10327       17300   643.30     1707.0    14100    447.72      574.7    10700      239.89     9102      625        0
      19    30034.6  31090.5    1083.69      10319       15000   643.42     1710.3    13600    447.99      579.9    10100      239.49     8952       63        0
      20    30009.9  31115.2    1083.69      10319       14700   643.56     1714.2    13000    448.35      586.8     7600      239.33     8892       72        0
      21    29980.0  31145.1    1083.71      10321       12200   643.50     1712.5    12000    448.27      585.2    11900      237.75     8310        0      212
      22    29960.0  31165.0    1083.79      10328       11400   643.44     1710.8    12000    448.20      583.9    10900      237.62     8263       55        0
      23    29939.5  31185.6    1083.88      10335       11800   643.40     1709.6    12000    448.17      583.3    10800      239.36     8903      339        0
      24    29914.0  31211.0    1083.86      10333       13200   643.42     1710.2    13000    448.20      583.9    10000      239.30     8881      168        0
      25    29883.9  31241.1    1083.86      10333       12100   643.32     1707.5    12800    448.29      585.6     9920      239.53     8967       76        0
      26    29848.2  31276.9    1083.80      10328       12700   643.28     1706.5    12000    448.40      587.8     9300      239.48     8948       79        0
      27    29835.6  31289.5    1083.78      10327       14600   643.88     1722.9     5490    448.67      593.0     5910      239.06     8791       84      177
      28    29790.2  31334.8    1083.81      10329       12900   643.73     1718.9    15000    447.98      579.5    11800      237.76     8314        0      166
      29    29754.5  31370.6    1083.90      10337        9810   643.17     1703.3    16600    447.94      578.9    12000      233.75     6936        0      734
      30    29721.9  31403.1    1084.02      10347        9000   642.51     1685.3    16600    448.01      580.2    11000      232.23     6450        0      207
      31    29698.1  31426.9    1084.04      10349       12600   642.61     1688.0    12000    448.03      580.6    10200      232.02     6384        0        0

TOTAL                                                   427110                       414790                        327350                          5557     2564
AVE.                                                     13780                        13380                         10560                           179       83
AC FT                                                   847000                       823000                        649000                         11022     5086

      * BOTTOM OF EXCLUSIVE FLOOD CONTROL SPACE
     ** INCLUDES FONTENELLE AND CRYSTAL RESERVOIRS

                                                                      BUREAU OF RECLAMATION
                                                                      LOWER COLORADO REGION
                                                                      BOULDER CITY, NEVADA

                                             COLORADO RIVER STORAGE PROJECT DATA (operational) FOR AUGUST 2020

                   LAKE POWELL          |        FLAMING GORGE        |          NAVAJO            |      BLUE MESA             |     MORROW POINT
             MAX. STORAGE 24322000 AF   |  MAX. STORAGE 3749000 AF    | MAX. STORAGE 1696000 AF    | MAX. STORAGE 829500 AF     | MAX. STORAGE 117025 AF  
    COMPUTED MAX. ELEV. 3700.0 FEET     |  MAX. ELEV. 6040.0 FEET     | MAX. ELEV. 6085.0 FEET     | MAX. ELEV. 7519.4 FEET     | MAX. ELEV. 7160.0 FEET
     INFLOW  ELEVATION CONTENT  RELEASE |  ELEVATION CONTENT  RELEASE | ELEVATION CONTENT  RELEASE | ELEVATION CONTENT  RELEASE | ELEVATION CONTENT  RELEASE
DATE FT3/S   (FEET)  (1000 AF)   FT3/S  |  (FEET)  (1000 AF)   FT3/   |(FEET)  (1000 AF)   FT3/S   | (FEET)  (1000 AF)   FT3/S  |(FEET)  (1000 AF)   FT3/S
------------------------------------------------------------------------------------------------------------------------------------------------------------
   1   5000   3606.13   12345    10600      6028.51   3290     1730      6054.83   1280      500     7486.50    554.4    1320     7151.85    110.5    1400
   2   4500   3606.00   12332    10600      6028.47   3290     1730      6054.74   1280      500     7486.35    553.3    1230     7152.07    110.7    1150
   3   3300   3605.77   12309    14800      6028.44   3290     1740      6054.61   1280      580     7486.20    552.1    1270     7151.55    110.3    1480
   4   4000   3605.55   12288    14900      6028.40   3290     1740      6054.43   1280      600     7486.05    551.0    1520     7151.78    110.5    1430
   5   3000   3605.31   12264    15000      6028.35   3290     1750      6054.25   1280      650     7485.85    549.5    1430     7151.75    110.4    1450
   6   3900   3605.09   12243    14700      6028.31   3280     1750      6054.09   1270      600     7485.60    547.6    1590     7152.10    110.7    1460
   7   4300   3604.88   12222    15000      6028.29   3280     1800      6053.90   1270      680     7485.35    545.7    1550     7152.08    110.7    1570
   8   1800   3604.69   12204    10700      6028.23   3280     1790      6053.70   1270      690     7485.09    543.7    1550     7152.06    110.7    1580
   9   1800   3604.51   12186    10800      6028.19   3280     1810      6053.51   1270      680     7484.87    542.1    1450     7151.48    110.2    1710
  10   2600   3604.26   12161    15100      6028.14   3280     1800      6053.34   1270      670     7484.60    540.0    1550     7151.72    110.4    1480
  11   4200   3604.04   12140    15100      6028.09   3280     1820      6053.11   1260      740     7484.34    538.1    1540     7151.66    110.4    1600
  12   2400   3603.79   12115    14800      6028.05   3270     1800      6052.88   1260      780     7484.06    536.0    1540     7151.37    110.1    1650
  13   3000   3603.55   12092    14900      6028.02   3270     1790      6052.67   1260      870     7483.78    533.9    1560     7151.39    110.2    1570
  14   4800   3603.33   12071    15600      6027.97   3270     1830      6052.42   1250      890     7483.52    532.0    1610     7151.51    110.3    1570
  15   2200   3603.15   12053    10800      6027.91   3270     1860      6052.17   1250      990     7483.24    529.9    1610     7151.45    110.2    1650
  16   3100   3602.99   12038    10700      6027.85   3270     1860      6051.95   1250      980     7482.96    527.8    1640     7151.44    110.2    1650
  17   4100   3602.75   12014    15900      6027.81   3270     1870      6051.69   1250      980     7482.69    525.8    1560     7151.56    110.3    1530
  18   2700   3602.49   11989    15600      6027.79   3260     1880      6051.38   1240     1020     7482.38    523.5    1610     7151.15    110.0    1780
  19   3100   3602.25   11966    14900      6027.73   3260     1870      6051.14   1240     1030     7482.14    521.7    1610     7151.58    110.3    1440
  20   1100   3601.97   11939    15000      6027.67   3260     1880      6050.89   1240     1040     7481.87    519.7    1560     7151.88    110.5    1450
  21   4500   3601.76   11919    14700      6027.63   3260     1860      6050.61   1230     1010     7481.60    517.7    1610     7152.54    111.1    1360
  22   3100   3601.60   11903    10700      6027.58   3260     1860      6050.37   1230      980     7481.32    515.7    1610     7152.31    110.9    1700
  23   1600   3601.41   11885    10700      6027.53   3250     1870      6050.12   1230      980     7481.03    513.5    1620     7152.32    110.9    1630
  24   6700   3601.24   11869    14700      6027.48   3250     1860      6049.83   1220      980     7480.72    511.3    1640     7152.24    110.8    1680
  25   4600   3601.03   11849    14700      6027.43   3250     1860      6049.57   1220      990     7480.35    508.5    1640     7151.88    110.5    1730
  26   2500   3600.78   11825    14700      6027.38   3250     1860      6049.30   1220     1000     7480.04    506.3    1660     7151.54    110.3    1810
  27   2400   3600.53   11801    14600      6027.34   3250     1860      6049.01   1210     1000     7479.75    504.2    1620     7151.23    110.0    1710
  28   3600   3600.30   11779    14700      6027.29   3250     1860      6048.75   1210      990     7479.45    502.0    1620     7150.71    109.6    1860
  29   1600   3600.11   11761    10700      6027.22   3240     1870      6048.47   1210      910     7479.19    500.1    1630     7150.04    109.1    1860
  30   2100   3599.93   11743    10600      6027.16   3240     1870      6048.23   1200      880     7478.89    497.9    1600     7149.70    108.8    1690
  31   3700   3599.72   11723    13800      6027.10   3240     1880      6048.01   1200      860     7478.53    495.3    1630     7151.26    110.1    1030

TOT  101300                     420100                        56610                        26050                        48180                        48660
AVE    3268                      13550                         1830                          840                         1550                         1570
A F  200900                     833000                       112000                        51700                        95600                        96500






                                          BUREAU OF RECLAMATION
                                          LOWER COLORADO REGION
                                          BOULDER CITY, NEVADA

                                     GLEN CANYON TO HOOVER DAM LOSSES

                                                AUGUST 2020

                      |           | LAKE    |         |   LAKE|    LAKE   |  CHANGE |
               GLEN   |    HOOVER | MEAD    |  STORAGE|   MEAD|    MEAD   |   BANK  |       |          |
              RELEASE |    RELEASE| STORAGE |  CHANGE |PUMPING|EVAPORATION| STORAGE |  LOSS |  ACCUMUL.|  INFLOW
   DATE |      CFS    |     CFS   | 1000 AF |  1000 AF|    CFS|     CFS   |    CFS  |   CFS |     A.F. |   CFS
--------------------------------------------------------------------------------------------------------------------
      1        10600       14100     10392        -6       871      1165      -197       278       551     12900
      2        10600       12100     10393         1       744      1165        33     -1397     -2219     14500
      3        14800       15800     10386        -7       832      1165      -229     -3415     -8993     14000
      4        14900       15300     10374       -12       926      1165      -393      -353     -9693     10900
      5        15000       14300     10365        -9       944      1164      -295      3215     -3315     11600
      6        14700       14300     10363        -2       920      1164       -66      -412     -4132     15300
      7        15000       14600     10361        -2       902      1164       -66      -637     -5397     15600
      8        10700       13000     10365         4       846      1164       131     -2482    -10320     17200
      9        10800       11700     10372         7       701      1164       229     -2305    -14891     17300
     10        15100       15100     10367        -5       822      1164      -164     -3673    -22176     14400
     11        15100       15100     10357       -10       901      1164      -328     -1028    -24215     11800
     12        14800       16000     10347       -10       910      1163      -328      2392    -19470     12700
     13        14900       17300     10341        -6       916      1163      -197     -1073    -21599     16200
     14        15600       15900     10338        -3       885      1163       -98     -1540    -24652     16300
     15        10800       13700     10340         2       829      1163        66     -1835    -28293     16800
     16        10700       14000     10343         3       765      1163        98     -1979    -32218     17500
     17        15900       15500     10341        -2       862      1163       -66     -5602    -43330     16500
     18        15600       17300     10327       -14       893      1162      -459     -1165    -45641     11800
     19        14900       15000     10319        -8       922      1162      -262      3114    -39465     12800
     20        15000       14700     10319         0       876      1161         0     -1172    -41790     16700
     21        14700       12200     10321         2       893      1162        66      -468    -42719     15300
     22        10700       11400     10328         7       830      1162       229     -2171    -47025     17200
     23        10700       11800     10335         7       727      1162       229     -2764    -52506     17400
     24        14700       13200     10333        -2       801      1162       -66     -3433    -59316     14100
     25        14700       12100     10333         0       909      1162         0     -3492    -66241     14200
     26        14700       12700     10328        -5       892      1162      -164      2666    -60954     12100
     27        14600       14600     10327        -1       846      1162       -33     -1348    -63628     16100
     28        14700       12900     10329         2       806      1162        66     -1256    -66120     15900
     29        10700        9810     10337         8       784      1162       262     -1431    -68957     16100
     30        10600        9000     10347        10       762      1163       328     -1550    -72031     16300
     31        13800       12600     10349         2       778      1163        66     -4932    -81814     15600

    TOTAL     420000      427090                         26295     36055                        -81815    463200



</pre>


