<pre>
                                                                    BUREAU OF RECLAMATION
                                                                    LOWER COLORADO REGION
                                                                    BOULDER CITY, NEVADA

                                                               ACCUMULATIONS FOR AUGUST 2016

    |GLEN CANYON    |                         HOOVER DAM         |             DAVIS DAM           |      MWD       |            PARKER DAM              |
    |               |  LAKE                                      |LAKE                             |                | LAKE                               |   C.A.P.
    |         ACCUM.|  MEAD    HOOVER RELEASE        GROSS  RATE |MOHAVE      DAVIS RELEASE   GROSS|DIVER. AT INTAKE| HAVASU     PARKER RELEASE     GROSS| DIVER. ACCUM.
DAY |   CFS    A.F. |  ELEV.   CFS    A.F.   ACCUM.   GEN  KWH/AF|ELEV   CFS   A.F.   ACCUM.  GEN  | A.F. ACCUM.    | ELEV    CFS    A.F.   ACCUM.  GEN. | A.F.   A.F.
----------------------------------------------------------------------------------------------------------------------------------------------------------------------
  1   14900   29554   1072.78  12364  24523   24523   9221  376  643.94  11000  21810   21810  2750  3402   3402    448.78  10400  20633    20633   1458   2066   2066
  2   14900   59107   1072.83  10945  21710   46233   8166  376  643.82  10990  21794   43604  2750  3385   6787    448.66  10400  20627    41260   1457   2065   4131
  3   14900   88661   1072.89  11568  22945   69178   8732  381  644.04  11000  21816   65420  2739  3393  10180    448.41  10110  20043    61303   1410   2459   6590
  4   15000  118413   1073.03  11698  23203   92381   8764  378  643.85  11590  22998   88418  2899  2787  12967    448.47   8000  15861    77164   1121   2338   8928
  5   14900  147967   1073.21   9744  19326  111707   7297  378  643.54  13000  25780  114198  3240  3338  16305    448.40   9810  19454    96618   1375   1652  10580
  6   14400  176529   1073.29  11619  23046  134753   8814  382  643.42  12580  24958  139156  3133  2933  19238    448.52   9200  18249   114867   1295   1744  12324
  7   13400  203107   1073.38  11418  22648  157401   8545  377  643.43  11980  23762  162918  2981  2961  22199    448.58   9010  17873   132740   1260   2457  14781
  8   14900  232661   1073.54   9535  18912  176313   6982  369  643.18  11730  23274  186192  2923  2988  25187    448.56   9010  17875   150615   1262   2357  17138
  9   15000  262413   1073.60   9646  19133  195446   7111  372  642.96  12200  24198  210390  3036  2981  28168    448.39  10390  20606   171221   1447   2451  19589
 10   14900  291967   1073.63  12110  24020  219466   8985  374  642.87  12370  24542  234932  3074  3018  31186    448.23  10620  21066   192287   1484   2448  22037
 11   14800  321322   1073.73  12492  24777  244243   9366  378  642.84  12160  24110  259042  3018  3442  34628    448.48   7310  14505   206792   1028   2242  24279
 12   14900  350876   1073.79  13252  26285  270528   9989  380  642.76  13360  26502  285544  3322  3439  38067    448.41   9690  19228   226020   1357   2344  26623
 13   14300  379240   1073.92  10983  21784  292312   8275  380  642.42  15180  30114  315658  3774  3487  41554    448.60   9990  19819   245839   1397   2451  29074
 14   13400  405818   1073.96  12921  25629  317941   9657  377  642.49  12390  24582  340240  3079  3313  44867    448.65  10400  20627   266466   1455   2451  31525
 15   14900  435372   1073.96  12985  25755  343696   9737  378  642.51  11390  22592  362832  2822  3385  48252    448.16  12990  25765   292231   1788   2452  33977
 16   15000  465124   1074.10   8946  17744  361440   6611  373  642.28  11390  22596  385428  2820  3449  51701    447.85  11510  22830   315061   1585   2495  36472
 17   14400  493686   1074.08  13081  25947  387387   9809  378  642.32  11410  22638  408066  2827  2704  54405    447.85   8310  16480   331541   1157   2345  38817
 18   14500  522446   1074.09  14776  29307  416694  11117  379  642.52  11410  22634  430700  2834  3324  57729    448.06   6610  13101   344642    924   2344  41161
 19   14400  551008   1074.15  10877  21575  438269   8163  378  642.35  12390  24580  455280  3075  2901  60630    448.01   9000  17856   362498   1260   2344  43505
 20   14400  579570   1074.25   9154  18157  456426   6834  376  642.13  12390  24568  479848  3062  2430  63060    448.12   8500  16862   379360   1186   2346  45851
 21   13500  606347   1074.44   8432  16724  473150   6293  376  641.91  10180  20198  500046  2523  2896  65956    448.22   9900  19631   398991   1376      0  45851
 22   14900  635901   1074.62  10336  20501  493651   7860  383  641.88   9600  19036  519082  2375  1474  67430    448.41   8500  16860   415851   1188      9  45860
 23   15000  665653   1074.61  11810  23424  517075   8861  378  642.14   8800  17456  536538  2175  2033  69463    448.27   9000  17854   433705   1257    412  46272
 24   15200  695802   1074.58  14422  28605  545680  10970  383  642.47  10180  20190  556728  2520  2018  71481    448.04   8900  17653   451358   1242   2351  48623
 25   14900  725355   1074.57  15396  30538  576218  11569  379  642.60  12190  24176  580904  3030  2012  73493    448.26   5600  11102   462460    776   2352  50975
 26   15000  755107   1074.68  10779  21379  597597   8123  380  642.44  12390  24574  605478  3075  2003  75496    448.31   9600  19050   481510   1325   2243  53218
 27   14200  783273   1074.82   8877  17608  615205   6651  378  642.16  11580  22978  628456  2865  2012  77508    448.44   9000  17853   499363   1252   2243  55461
 28   13300  809653   1075.00   8351  16564  631769   6273  379  642.00  11180  22170  650626  2769  1994  79502    448.57   8980  17818   517181   1245   2351  57812
 29   15200  839802   1075.08  11103  22022  653792   8407  382  641.96  10590  20996  671622  2614  1993  81495    448.41   9780  19403   536584   1364   2352  60164
 30   15400  870347   1075.06  14347  28458  682249  10926  384  642.18  10590  21004  692626  2614  1999  83494    448.34   9400  18645   555229   1307   2244  62408
 31   14700  899504   1075.17   9345  18536  700785   7073  382  642.00  10610  21048  713674  2628  1612  85106    448.50   7200  14279   569508   1009   2350  64758

TOTAL                                               265181                                    89348                                                40043









                                                                    BUREAU OF RECLAMATION
                                                                    LOWER COLORADO REGION
                                                                    BOULDER CITY, NEVADA

                                                     AVAILABLE RESERVOIR ELEVATIONS AND CONTENTS FOR AUGUST 2016

                                        LAKE MEAD                      LAKE MOHAVE                      LAKE HAVASU                        SENATOR WASH
  AVAILABLE CAPACITY IN A.F.            *26120000                        1809800                           619400                              9144
  ELEVATION IN FEET                        1219.6                          647.0                            450.0                             240.0

           TOTAL     TOTAL    |             HOOVER            |            DAVIS            |             PARKER            |             SENATOR WASH
          SYSTEM    AVAILABLE |ELEVATION    CONTENT   RELEASE |ELEVATION   CONTENT  RELEASE |ELEVATION    CONTENT   RELEASE | ELEVATION   CONTENT  PUMPED   RELEASE
     DAY  STORAGE**   SPACE   |  FEET       1000A.F.    ft3/s |  FEET      1000A.F.  ft3/s  |   FEET      1000A.F.  ft3/s   |  FEET        A.F.     ft3/s    ft3/s
-----------------------------------------------------------------------------------------------------------------------------------------------------------------------------
       1    31156.1  29969.0    1072.78       9422       12400   643.94     1724.6    11000    448.78      595.1    10400      228.04     5217      357        0
       2    31128.1  29997.0    1072.83       9426       10900   643.82     1721.3    11000    448.66      592.7    10400      228.48     5340       88        0
       3    31109.9  30015.1    1072.89       9431       11600   644.04     1727.3    11000    448.41      587.9    10100      226.45     4789        0      259
       4    31092.2  30032.8    1073.03       9442       11700   643.85     1722.2    11600    448.47      589.0     8000      222.05     3713        0      544
       5    31092.9  30032.1    1073.21       9456        9740   643.54     1713.7    13000    448.40      587.8     9810      224.82     4372      439        1
       6    31087.8  30037.3    1073.29       9463       11600   643.42     1710.2    12600    448.52      590.1     9200      229.63     5668      880        0
       7    31090.0  30035.0    1073.38       9470       11400   643.43     1710.6    12000    448.58      591.3     9010      232.87     6652      728        0
       8    31083.4  30041.6    1073.54       9483        9530   643.18     1703.7    11700    448.56      590.9     9010      232.36     6491        0        0
       9    31058.3  30066.7    1073.60       9488        9650   642.96     1697.5    12200    448.39      587.5    10400      232.70     6598      142        0
      10    31042.8  30082.3    1073.63       9490       12100   642.87     1695.0    12400    448.23      584.4    10600      232.27     6463        0        0
      11    31032.9  30092.2    1073.73       9498       12500   642.84     1694.3    12200    448.48      589.3     7310      228.15     5248        0      597
      12    31014.9  30110.2    1073.79       9503       13300   642.76     1692.0    13400    448.41      587.9     9690      229.80     5717      306       40
      13    30998.1  30126.9    1073.92       9514       11000   642.42     1683.0    15200    448.60      591.7     9990      231.42     6200      300        0
      14    30984.0  30141.1    1073.96       9517       12900   642.49     1684.7    12400    448.65      592.6    10400      232.14     6422      167        0
      15    30949.9  30175.2    1073.96       9517       13000   642.51     1685.4    11400    448.16      583.1    13000      229.30     5573        0      394
      16    30923.6  30201.5    1074.10       9528        8950   642.28     1679.1    11400    447.85      577.1    11500      229.27     5564       74       42
      17    30894.2  30230.9    1074.08       9526       13100   642.32     1680.1    11400    447.85      577.1     8310      232.90     6661      598        0
      18    30879.2  30245.9    1074.09       9527       14800   642.52     1685.5    11400    448.06      581.2     6610      237.94     8378     1025        0
      19    30854.0  30271.0    1074.15       9532       10900   642.35     1680.9    12400    448.01      580.2     9000      238.38     8540      270        0
      20    30832.7  30292.3    1074.25       9540        9150   642.13     1674.9    12400    448.12      582.4     8500      237.85     8346       40        0
      21    30823.6  30301.5    1074.44       9556        8430   641.91     1668.9    10200    448.22      584.3     9900      237.27     8138        0        0
      22    30814.6  30310.5    1074.62       9570       10300   641.88     1668.2     9600    448.41      588.0     8500      236.70     7936        0        0
      23    30796.2  30328.8    1074.61       9569       11800   642.14     1675.1     8800    448.27      585.3     9000      236.21     7765        0        0
      24    30774.1  30350.9    1074.58       9567       14400   642.47     1684.1    10200    448.04      580.7     8900      235.74     7603        0        0
      25    30756.0  30369.0    1074.57       9566       15400   642.60     1687.7    12200    448.26      584.9     5600      235.29     7449        0        0
      26    30739.4  30385.6    1074.68       9575       10800   642.44     1683.4    12400    448.31      586.1     9600      235.48     7513      107        0
      27    30731.6  30393.5    1074.82       9586        8880   642.16     1675.8    11600    448.44      588.5     9000      235.53     7531       88        0
      28    30725.1  30400.0    1075.00       9601        8350   642.00     1671.4    11200    448.57      591.1     8980      235.09     7381        0        0
      29    30704.2  30420.8    1075.08       9607       11100   641.96     1670.4    10600    448.41      588.0     9780      234.67     7240        0        0
      30    30683.5  30441.5    1075.06       9606       14300   642.18     1676.3    10600    448.34      586.7     9400      234.94     7330      108        0
      31    30669.0  30456.1    1075.17       9615        9350   642.00     1671.5    10600    448.50      589.8     7200      235.17     7408       91        0

TOTAL                                                   353330                       360100                        287100                          5808     1877
AVE.                                                     11400                        11620                          9260                           187       61
AC FT                                                   701000                       714000                        569000                         11520     3723

      * BOTTOM OF EXCLUSIVE FLOOD CONTROL SPACE
     ** INCLUDES FONTENELLE AND CRYSTAL RESERVOIRS

                                                                      BUREAU OF RECLAMATION
                                                                      LOWER COLORADO REGION
                                                                      BOULDER CITY, NEVADA

                                             COLORADO RIVER STORAGE PROJECT DATA (operational) FOR AUGUST 2016

                   LAKE POWELL          |        FLAMING GORGE        |          NAVAJO            |      BLUE MESA             |     MORROW POINT
             MAX. STORAGE 24322000 AF   |  MAX. STORAGE 3749000 AF    | MAX. STORAGE 1696000 AF    | MAX. STORAGE 829500 AF     | MAX. STORAGE 117025 AF  
    COMPUTED MAX. ELEV. 3700.0 FEET     |  MAX. ELEV. 6040.0 FEET     | MAX. ELEV. 6085.0 FEET     | MAX. ELEV. 7519.4 FEET     | MAX. ELEV. 7160.0 FEET
     INFLOW  ELEVATION CONTENT  RELEASE |  ELEVATION CONTENT  RELEASE | ELEVATION CONTENT  RELEASE | ELEVATION CONTENT  RELEASE | ELEVATION CONTENT  RELEASE
DATE FT3/S   (FEET)  (1000 AF)   FT3/S  |  (FEET)  (1000 AF)   FT3/   |(FEET)  (1000 AF)   FT3/S   | (FEET)  (1000 AF)   FT3/S  |(FEET)  (1000 AF)   FT3/S
------------------------------------------------------------------------------------------------------------------------------------------------------------
   1   3300   3618.00   13552    14900      6028.97   3310     1680      6061.09   1360      820     7512.08    764.0    2030     7154.09    112.3    1770
   2   5600   3617.82   13534    14900      6028.91   3310     1690      6060.90   1360      810     7511.88    762.3    1980     7153.82    112.1    2090
   3   5000   3617.63   13514    14900      6028.89   3310     1750      6060.84   1360      670     7511.69    760.6    1970     7153.90    112.1    1920
   4   5100   3617.44   13494    15000      6028.85   3300     1800      6060.76   1360      620     7511.54    759.3    1990     7153.96    112.2    1980
   5  14700   3617.42   13492    14900      6028.79   3300     1800      6060.89   1360      500     7511.52    759.1    1750     7153.93    112.2    1850
   6  10200   3617.33   13482    14400      6028.75   3300     1820      6061.09   1360      420     7511.42    758.2    1880     7153.75    112.0    1990
   7  12000   3617.29   13478    13400      6028.73   3300     1800      6061.14   1360      410     7511.26    756.8    1950     7153.74    112.0    1950
   8  11300   3617.21   13470    14900      6028.69   3300     1800      6061.12   1360      410     7511.08    755.2    2000     7153.91    112.1    1960
   9   7900   3617.07   13455    15000      6028.63   3300     1800      6061.06   1360      400     7510.89    753.6    1970     7154.00    112.2    1950
  10  11800   3617.00   13448    14900      6028.57   3290     1800      6061.00   1360      400     7510.79    752.7    1730     7154.09    112.3    1750
  11   6600   3616.84   13431    14800      6028.53   3290     1800      6060.90   1360      400     7510.64    751.4    1740     7154.16    112.3    1720
  12   8400   3616.71   13418    14900      6028.49   3290     1810      6060.79   1360      410     7510.48    750.0    1710     7154.11    112.3    1720
  13   6700   3616.56   13402    14300      6028.43   3290     1800      6060.69   1360      390     7510.34    748.8    1600     7154.04    112.2    1640
  14   7000   3616.43   13388    13400      6028.37   3290     1800      6060.61   1360      390     7510.14    747.1    1750     7153.99    112.2    1750
  15   5700   3616.25   13370    14900      6028.31   3280     1800      6060.51   1350      390     7509.93    745.2    1770     7154.12    112.3    1740
  16   5200   3616.06   13350    15000      6028.29   3280     1800      6060.37   1350      580     7509.73    743.5    1810     7154.21    112.4    1760
  17   3500   3615.85   13328    14400      6028.23   3280     1810      6060.25   1350      670     7509.51    741.6    1820     7154.23    112.4    1800
  18   5300   3615.67   13310    14500      6028.17   3280     1810      6060.11   1350      700     7509.31    739.9    1810     7154.28    112.4    1780
  19   5200   3615.49   13291    14400      6028.13   3280     1800      6060.00   1350      760     7509.15    738.5    1700     7154.06    112.3    1730
  20   5100   3615.31   13272    14400      6028.07   3280     1800      6059.86   1350      760     7508.92    736.5    1810     7154.27    112.4    1730
  21   6500   3615.17   13258    13500      6028.03   3270     1810      6059.75   1340      760     7508.72    734.8    1690     7154.14    112.3    1770
  22   5100   3614.98   13238    14900      6027.97   3270     1800      6059.64   1340      760     7508.49    732.8    1750     7154.19    112.4    1750
  23   6900   3614.82   13222    15000      6027.93   3270     1800      6059.56   1340      770     7508.34    731.5    1750     7154.27    112.4    1750
  24   5400   3614.63   13202    15200      6027.90   3270     1810      6059.54   1340      690     7508.19    730.2    1650     7153.95    112.2    1770
  25   4600   3614.43   13181    14900      6027.87   3270     1810      6059.48   1340      560     7508.06    729.1    1580     7154.01    112.2    1570
  26   6900   3614.27   13165    15000      6027.81   3270     1810      6059.44   1340      540     7507.90    727.7    1560     7153.33    111.7    1850
  27  10600   3614.19   13157    14200      6027.75   3260     1810      6059.38   1340      550     7507.72    726.2    1790     7153.44    111.8    1770
  28   6900   3614.06   13143    13300      6027.69   3260     1810      6059.33   1340      550     7507.51    724.4    1770     7153.72    112.0    1730
  29   6000   3613.88   13125    15200      6027.65   3260     1800      6059.28   1340      550     7507.35    723.0    1780     7153.84    112.1    1740
  30   6800   3613.71   13107    15400      6027.59   3260     1810      6059.22   1340      540     7507.16    721.4    1740     7153.81    112.1    1700
  31   6700   3613.55   13091    14700      6027.55   3260     1810      6059.16   1340      540     7506.94    719.5    1810     7153.96    112.2    1780

TOT  218000                     453500                        55650                        17720                        55640                        55760
AVE    7032                      14630                         1800                          570                         1790                         1800
A F  432400                     900000                       110000                        35100                        110400                       110600






                                          BUREAU OF RECLAMATION
                                          LOWER COLORADO REGION
                                          BOULDER CITY, NEVADA

                                     GLEN CANYON TO HOOVER DAM LOSSES

                                                AUGUST 2016

                      |           | LAKE    |         |   LAKE|    LAKE   |  CHANGE |
               GLEN   |    HOOVER | MEAD    |  STORAGE|   MEAD|    MEAD   |   BANK  |       |          |
              RELEASE |    RELEASE| STORAGE |  CHANGE |PUMPING|EVAPORATION| STORAGE |  LOSS |  ACCUMUL.|  INFLOW
   DATE |      CFS    |     CFS   | 1000 AF |  1000 AF|    CFS|     CFS   |    CFS  |   CFS |     A.F. |   CFS
--------------------------------------------------------------------------------------------------------------------
      1        14900       12400      9422         3       733      1111        98     -1156     -2292     15900
      2        14900       10900      9426         4       777      1111       131     -1442     -5153     14900
      3        14900       11600      9431         5       757      1112       164     -1255     -7642     16200
      4        15000       11700      9442        11       767      1112       360     -4569    -16705     19500
      5        14900        9740      9456        14       772      1113       459     -4208    -25052     19100
      6        14400       11600      9463         7       710      1114       229     -2195    -29407     17200
      7        13400       11400      9470         7       693      1114       229     -2071    -33515     17000
      8        14900        9530      9483        13       710      1115       426     -3965    -41381     18300
      9        15000        9650      9488         5       743      1115       164      -827    -43022     14200
     10        14900       12100      9490         2       741      1115        66      -100    -43221     15000
     11        14800       12500      9498         8       760      1116       262     -3710    -50579     18700
     12        14900       13300      9503         5       774      1116       164     -2964    -56459     17900
     13        14300       11000      9514        11       743      1116       360     -3945    -64284     18800
     14        13400       12900      9517         3       757      1117        98     -1486    -67231     16400
     15        14900       13000      9517         0       764      1117         0      -555    -68332     14900
     16        15000        8950      9528        11       775      1117       360     -3341    -74958     16700
     17        14400       13100      9526        -2       789      1117       -66      1003    -72969     13900
     18        14500       14800      9527         1       788      1117        33     -2251    -77433     17200
     19        14400       10900      9532         5       771      1118       164     -1029    -79475     15500
     20        14400        9150      9540         8       761      1118       262      -800    -81062     15300
     21        13500        8430      9556        16       701      1119       524     -4425    -89839     18800
     22        14900       10300      9570        14       763      1120       459     -5314   -100378     19700
     23        15000       11800      9569        -1       741      1120       -33       332    -99720     13100
     24        15200       14400      9567        -2       699      1120       -66      -218   -100152     15100
     25        14900       15400      9566        -1       693      1120       -33     -1647   -103419     16700
     26        15000       10800      9575         9       664      1120       295     -2254   -107890     17400
     27        14200        8880      9586        11       690      1121       360     -1703   -111267     16600
     28        13300        8350      9601        15       644      1121       492     -3219   -117651     18200
     29        15200       11100      9607         6       644      1122       197     -1875   -121370     16100
     30        15400       14300      9606        -1       709      1122       -33     -2291   -125914     15600
     31        14700        9350      9615         9       772      1122       295      -893   -127685     16100

    TOTAL     453500      353310                         22805     34628                       -127685    516000






</pre>