<pre>
                                                                    BUREAU OF RECLAMATION
                                                                    LOWER COLORADO REGION
                                                                    BOULDER CITY, NEVADA

                                                               ACCUMULATIONS FOR AUGUST 2021

    |GLEN CANYON    |                         HOOVER DAM         |             DAVIS DAM           |      MWD       |            PARKER DAM              |
    |               |  LAKE                                      |LAKE                             |                | LAKE                               |   C.A.P.
    |         ACCUM.|  MEAD    HOOVER RELEASE        GROSS  RATE |MOHAVE      DAVIS RELEASE   GROSS|DIVER. AT INTAKE| HAVASU     PARKER RELEASE     GROSS| DIVER. ACCUM.
DAY |   CFS    A.F. |  ELEV.   CFS    A.F.   ACCUM.   GEN  KWH/AF|ELEV   CFS   A.F.   ACCUM.  GEN  | A.F. ACCUM.    | ELEV    CFS    A.F.   ACCUM.  GEN. | A.F.   A.F.
----------------------------------------------------------------------------------------------------------------------------------------------------------------------
  1   11400   22612   1067.83   8802  17459   17459   6364  365  642.95  14400  28559   28559  3576  3423   3423    448.19  10600  21026    21026   1460   3185   3185
  2   13400   49190   1067.85  15084  29918   47377  11261  376  643.11  11850  23499   52058  2947  3424   6847    448.37   9520  18881    39907   1305   1233   4418
  3   13400   75769   1067.89  13710  27193   74570  10241  377  643.26  10970  21763   73821  2742  3425  10272    448.44   9310  18460    58367   1288   1232   5650
  4   13600  102744   1067.81  16894  33509  108079  12631  377  643.66  10990  21804   95625  2725  3426  13698    448.42   9010  17877    76244   1240   1232   6882
  5   13600  129719   1067.70  17314  34342  142421  13009  379  644.01  11020  21863  117488  2736  3383  17081    448.44   7510  14891    91135   1022   1233   8115
  6   13200  155901   1067.66  14779  29314  171735  11051  377  644.34  10990  21801  139289  2737  3285  20366    448.25  11220  22255   113390   1552   1234   9349
  7   12900  181488   1067.73  10811  21443  193178   7962  371  644.12  11990  23784  163073  2987  3267  23633    447.92  11610  23021   136411   1580   1231  10580
  8   10800  202909   1067.81   9428  18701  211879   6821  365  643.80  13400  26578  189651  3335  3254  26887    447.52  11600  23012   159423   1569   3303  13883
  9   12700  228099   1067.87   9905  19647  231526   7219  367  643.50  13610  26986  216637  3372  3331  30218    447.55  10410  20646   180069   1408   1231  15114
 10   12800  253488   1067.85  11287  22387  253913   8200  366  643.36  14000  27763  244400  3463  3378  33596    447.55  10590  21013   201082   1448   1137  16251
 11   12800  278876   1067.78  13165  26112  280025   9765  374  643.45  10200  20236  264636  2512  3325  36921    448.04   6200  12297   213379    831   1230  17481
 12   12700  304066   1067.80  14203  28172  308197  10592  376  643.77  11000  21821  286457  2707  3015  39936    448.73   2000   3967   217346    203   1093  18574
 13   13000  329851   1067.67  14744  29245  337442  10924  374  643.86  12000  23792  310249  2987  2958  42894    448.53  10600  21034   238380   1458   1236  19810
 14   12600  354843   1067.66  12349  24493  361935   9133  373  643.70  13010  25797  336046  3239  2970  45864    448.45  10720  21257   259637   1477   1236  21046
 15   11300  377256   1067.68  10692  21207  383142   7867  371  643.57  12570  24927  360973  3120  2981  48845    448.40  10100  20032   279669   1365   3326  24372
 16   13400  403835   1067.67  14134  28034  411176  10466  373  643.70  12210  24219  385192  3026  2995  51840    448.52   9010  17874   297543   1245   1237  25609
 17   13400  430413   1067.60  14048  27864  439040  10405  373  643.78  11200  22214  407406  2774  3009  54849    448.51   9830  19499   317042   1363   1057  26666
 18   13700  457587   1067.53  12893  25573  464613   9594  375  643.98  11210  22227  429633  2772  3360  58209    448.13  11480  22777   339819   1568   1229  27895
 19   13700  484760   1067.55  11746  23298  487911   8566  368  643.91  12000  23803  453436  2969  3454  61663    448.30   7500  14870   354689   1040   1233  29128
 20   13800  512132   1067.62  11746  23299  511210   8621  370  643.76  12390  24582  478018  3083  3433  65096    448.14  11380  22576   377265   1562   1236  30364
 21   13100  538116   1067.73   9675  19190  530400   7058  368  643.53  12370  24544  502562  3072  3412  68508    447.93  11500  22802   400067   1583   1234  31598
 22   11600  561124   1067.85   9750  19339  549739   7069  366  643.35  12200  24203  526765  3025  3397  71905    447.73  10400  20619   420686   1432   3381  34979
 23   13700  588298   1067.99   8053  15973  565712   5767  361  642.99  12200  24191  550956  3012  3378  75283    447.66  10700  21217   441903   1455   1247  36226
 24   13700  615471   1068.05   5713  11332  577044   6755  596  642.80  12190  24187  575143  2976  3030  78313    447.66   9810  19461   461364   1345   1248  37474
 25   13700  642645   1068.05  12005  23812  600856   8944  376  642.83  11590  22996  598139  2835  2945  81258    447.81   8210  16288   477652   1119   1249  38723
 26   13700  669818   1068.00  14969  29690  630546  10633  358  642.99  11200  22213  620352  2766  2967  84225    448.18   5910  11719   489371    822   1250  39973
 27   13700  696992   1067.91  18115  35930  666476  12738  355  643.35  11180  22177  642529  2780  2983  87208    448.00  10810  21436   510807   1485   1252  41225
 28   13100  722975   1067.91  13587  26950  693426   9535  354  643.42  11200  22223  664752  2789  2994  90202    447.77  10800  21413   532220   1483   1252  42477
 29   11800  746380   1068.01  10037  19909  713334   7146  359  643.30  11210  22228  686980  2779  3002  93204    447.57   9300  18442   550662   1292   3341  45818
 30   13800  773752   1068.00  13438  26655  739989  10244  384  643.42  10900  21628  708608  2771  3343  96547    447.61   8290  16438   567100   1182   1243  47061
 31   13700  800926   1067.96  13281  26343  766332   9545  362  643.54  11210  22227  730835  2771  3434  99981    447.51   9600  19042   586142   1314   1245  48306

TOTAL                                               286126                                    91386                                                40497









                                                                    BUREAU OF RECLAMATION
                                                                    LOWER COLORADO REGION
                                                                    BOULDER CITY, NEVADA

                                                     AVAILABLE RESERVOIR ELEVATIONS AND CONTENTS FOR AUGUST 2021

                                        LAKE MEAD                      LAKE MOHAVE                      LAKE HAVASU                        SENATOR WASH
  AVAILABLE CAPACITY IN A.F.            *26120000                        1809800                           619400                              9144
  ELEVATION IN FEET                        1219.6                          647.0                            450.0                             240.0

           TOTAL     TOTAL    |             HOOVER            |            DAVIS            |             PARKER            |             SENATOR WASH
          SYSTEM    AVAILABLE |ELEVATION    CONTENT   RELEASE |ELEVATION   CONTENT  RELEASE |ELEVATION    CONTENT   RELEASE | ELEVATION   CONTENT  PUMPED   RELEASE
     DAY  STORAGE**   SPACE   |  FEET       1000A.F.    ft3/s |  FEET      1000A.F.  ft3/s  |   FEET      1000A.F.  ft3/s   |  FEET        A.F.     ft3/s    ft3/s
-----------------------------------------------------------------------------------------------------------------------------------------------------------------------------
       1    24052.3  37072.8    1067.83       9028        8800   642.95     1697.2    14400    448.19      583.6    10600      235.06     7370      297        0
       2    24046.1  37079.0    1067.85       9030       15100   643.11     1701.9    11800    448.37      587.1     9520      234.85     7300       27        0
       3    24040.9  37084.2    1067.89       9033       13700   643.26     1705.8    11000    448.44      588.6     9310      234.50     7183        0        0
       4    24031.1  37094.0    1067.81       9026       16900   643.66     1716.8    11000    448.42      588.1     9010      235.29     7449      227        0
       5    24017.4  37107.7    1067.70       9018       17300   644.01     1726.5    11000    448.44      588.6     7510      231.25     6149        0      664
       6    24001.9  37123.1    1067.66       9015       14800   644.34     1735.5    11000    448.25      584.9    11200      230.91     6045        0       21
       7    23974.7  37150.4    1067.73       9020       10800   644.12     1729.4    12000    447.92      578.5    11600      230.69     5980        0        0
       8    23949.3  37175.8    1067.81       9026        9430   643.80     1720.6    13400    447.52      570.9    11600      232.56     6554      345        0
       9    23925.7  37199.3    1067.87       9031        9910   643.50     1712.4    13600    447.55      571.4    10400      232.40     6504       18        0
      10    23901.0  37224.0    1067.85       9030       11300   643.36     1708.7    14000    447.55      571.5    10600      233.76     6939      295        0
      11    23884.7  37240.3    1067.78       9024       13200   643.45     1711.1    10200    448.04      580.8     6200      234.79     7280      252        0
      12    23885.0  37240.0    1067.80       9026       14200   643.77     1720.0    11000    448.73      594.2     2000      235.40     7486      147        0
      13    23852.3  37272.8    1067.67       9015       14700   643.86     1722.3    12000    448.53      590.2    10600      235.86     7643      152        0
      14    23822.6  37302.5    1067.66       9015       12300   643.70     1718.0    13000    448.45      588.7    10700      235.52     7527        0        0
      15    23799.3  37325.7    1067.68       9016       10700   643.57     1714.5    12600    448.40      587.7    10100      235.09     7381        0        0
      16    23778.9  37346.2    1067.67       9015       14100   643.70     1717.9    12200    448.52      590.0     9010      235.75     7606        0        0
      17    23749.6  37375.4    1067.60       9010       14000   643.78     1720.0    11200    448.51      590.0     9830      235.90     7657      271        0
      18    23726.1  37398.9    1067.53       9004       12900   643.98     1725.5    11200    448.13      582.5    11500      235.44     7500        7        0
      19    23747.9  37377.1    1067.55       9006       11700   643.91     1723.6    12000    448.30      585.9     7500      235.20     7418        0        0
      20    23746.3  37378.8    1067.62       9011       11700   643.76     1719.7    12400    448.14      582.7    11400      234.67     7240        0        0
      21    23734.6  37390.4    1067.73       9020        9670   643.53     1713.3    12400    447.93      578.7    11500      235.81     7626      261        0
      22    23726.9  37398.1    1067.85       9030        9750   643.35     1708.3    12200    447.73      575.0    10400      235.91     7660       81        0
      23    23711.8  37413.3    1067.99       9041        8050   642.99     1698.4    12200    447.66      573.6    10700      235.98     7684      114        0
      24    23694.9  37430.2    1068.05       9045        5710   642.80     1693.2    12200    447.66      573.6     9810      235.98     7684       91        0
      25    23678.7  37446.4    1068.05       9045       12000   642.83     1693.9    11600    447.81      576.4     8210      235.81     7626       50        0
      26    23665.0  37460.1    1068.00       9041       15000   642.99     1698.3    11200    448.18      583.6     5910      235.97     7681      100        0
      27    23643.7  37481.3    1067.91       9034       18100   643.35     1708.4    11200    448.00      579.9    10800      235.92     7664       37        0
      28    23621.8  37503.3    1067.91       9034       13600   643.42     1710.4    11200    447.77      575.7    10800      236.07     7716       89        0
      29    23602.7  37522.3    1068.01       9042       10000   643.30     1706.9    11200    447.57      571.8     9300      235.95     7674       62        0
      30    23580.7  37544.4    1068.00       9041       13400   643.42     1710.4    10900    447.61      572.7     8290      235.88     7650       49        0
      31    23554.9  37570.1    1067.96       9038       13300   643.54     1713.5    11200    447.51      570.6     9600      236.01     7695       91        0

TOTAL                                                   386120                       368500                        295510                          3063      685
AVE.                                                     12460                        11890                          9530                            99       22
AC FT                                                   766000                       731000                        586000                          6075     1359

      * BOTTOM OF EXCLUSIVE FLOOD CONTROL SPACE
     ** INCLUDES FONTENELLE AND CRYSTAL RESERVOIRS

                                                                      BUREAU OF RECLAMATION
                                                                      LOWER COLORADO REGION
                                                                      BOULDER CITY, NEVADA

                                             COLORADO RIVER STORAGE PROJECT DATA (operational) FOR AUGUST 2021

                   LAKE POWELL          |        FLAMING GORGE        |          NAVAJO            |      BLUE MESA             |     MORROW POINT
             MAX. STORAGE 24322000 AF   |  MAX. STORAGE 3749000 AF    | MAX. STORAGE 1696000 AF    | MAX. STORAGE 829500 AF     | MAX. STORAGE 117025 AF  
    COMPUTED MAX. ELEV. 3700.0 FEET     |  MAX. ELEV. 6040.0 FEET     | MAX. ELEV. 6085.0 FEET     | MAX. ELEV. 7519.4 FEET     | MAX. ELEV. 7160.0 FEET
     INFLOW  ELEVATION CONTENT  RELEASE |  ELEVATION CONTENT  RELEASE | ELEVATION CONTENT  RELEASE | ELEVATION CONTENT  RELEASE | ELEVATION CONTENT  RELEASE
DATE FT3/S   (FEET)  (1000 AF)   FT3/S  |  (FEET)  (1000 AF)   FT3/   |(FEET)  (1000 AF)   FT3/S   | (FEET)  (1000 AF)   FT3/S  |(FEET)  (1000 AF)   FT3/S
------------------------------------------------------------------------------------------------------------------------------------------------------------
   1   8700   3553.80    7860    11400      6023.01   3090     1500      6035.84   1070      400     7457.11    349.8    1590     7152.63    111.1    1540
   2   6800   3553.62    7847    13400      6022.97   3090     1530      6035.75   1070      400     7457.09    349.7    1500     7151.87    110.5    1810
   3   8000   3553.47    7836    13400      6022.93   3080     1530      6035.66   1070      400     7457.05    349.4    1550     7152.00    110.6    1510
   4   8600   3553.33    7826    13600      6022.87   3080     1530      6035.55   1070      400     7457.01    349.2    1530     7151.71    110.4    1660
   5   8200   3553.18    7815    13600      6022.81   3080     1560      6035.43   1060      400     7456.91    348.6    1520     7151.56    110.3    1590
   6   7500   3553.02    7803    13200      6022.73   3080     1500      6035.25   1060      490     7456.77    347.8    1540     7151.31    110.1    1640
   7   5600   3552.82    7789    12900      6022.67   3080     1560      6035.05   1060      570     7456.58    346.7    1530     7151.41    110.2    1500
   8   5800   3552.68    7779    10800      6022.61   3070     1570      6034.88   1060      710     7456.46    346.0    1460     7151.42    110.2    1470
   9   5400   3552.48    7764    12700      6022.53   3070     1560      6034.71   1060      710     7456.27    344.8    1570     7151.67    110.4    1500
  10   6200   3552.30    7751    12800      6022.47   3070     1570      6034.47   1050      700     7456.03    343.4    1060     7151.72    110.4    1060
  11   4700   3552.08    7735    12800      6022.41   3070     1530      6034.24   1050      700     7455.82    342.2    1210     7151.48    110.2    1320
  12   3800   3551.84    7718    12700      6022.35   3060     1570      6034.02   1050      780     7455.61    341.0    1570     7151.74    110.4    1470
  13   5300   3551.63    7702    13000      6022.29   3060     1630      6033.87   1050      810     7455.45    340.1    1350     7151.42    110.2    1480
  14   4100   3551.40    7686    12600      6022.22   3060     1630      6033.67   1050      870     7455.21    338.7    1520     7151.43    110.2    1520
  15   4800   3551.22    7673    11300      6022.15   3060     1630      6033.40   1040      890     7454.96    337.2    1550     7151.50    110.2    1530
  16   3800   3550.96    7654    13400      6022.09   3050     1630      6033.18   1040      890     7454.68    335.6    1540     7151.52    110.3    1540
  17   3400   3550.69    7635    13400      6022.03   3050     1610      6033.00   1040      770     7454.38    333.9    1620     7151.76    110.4    1530
  18   9200   3550.56    7625    13700      6021.95   3050     1610      6032.82   1040      700     7454.12    332.4    1600     7152.06    110.7    1490
  19  24800   3550.83    7645    13700      6022.01   3050     1620      6032.67   1040      700     7453.81    330.6    1730     7152.52    111.0    1550
  20  16300   3550.88    7648    13800      6022.01   3050     1600      6032.47   1030      690     7453.58    329.3    1480     7152.29    110.9    1590
  21  10500   3550.80    7643    13100      6021.99   3050     1610      6032.27   1030      690     7453.38    328.2    1430     7151.84    110.5    1620
  22  10200   3550.75    7639    11600      6021.95   3050     1610      6032.10   1030      690     7453.12    326.7    1480     7151.55    110.3    1600
  23   8800   3550.61    7629    13700      6021.91   3050     1610      6031.89   1030      690     7452.84    325.1    1600     7151.76    110.4    1530
  24   8000   3550.45    7617    13700      6021.87   3050     1620      6031.72   1030      690     7452.54    323.4    1580     7151.74    110.4    1590
  25   6800   3550.26    7604    13700      6021.81   3040     1610      6031.51   1020      680     7452.22    321.6    1540     7152.18    110.8    1370
  26   6000   3550.05    7589    13700      6021.75   3040     1610      6031.27   1020      680     7451.92    319.9    1500     7151.89    110.6    1620
  27   6000   3549.84    7574    13700      6021.71   3040     1620      6031.06   1020      720     7451.61    318.2    1440     7151.53    110.3    1590
  28   5800   3549.64    7559    13100      6021.67   3040     1620      6030.85   1020      730     7451.31    316.5    1510     7151.25    110.0    1630
  29   5300   3549.46    7547    11800      6021.61   3040     1620      6030.60   1010      730     7450.98    314.7    1570     7151.25    110.0    1570
  30   3900   3549.19    7527    13800      6021.55   3030     1620      6030.39   1010      730     7450.65    312.9    1510     7151.05    109.9    1590
  31   5300   3548.96    7511    13700      6021.49   3030     1620      6030.18   1010      740     7450.20    310.4    1520     7150.92    109.8    1580

TOT  227600                     403800                        49240                        20750                        46700                        47590
AVE    7342                      13030                         1590                          670                         1510                         1540
A F  451400                     801000                        98000                        41200                        92600                        94400






                                          BUREAU OF RECLAMATION
                                          LOWER COLORADO REGION
                                          BOULDER CITY, NEVADA

                                     GLEN CANYON TO HOOVER DAM LOSSES

                                                AUGUST 2021

                      |           | LAKE    |         |   LAKE|    LAKE   |  CHANGE |
               GLEN   |    HOOVER | MEAD    |  STORAGE|   MEAD|    MEAD   |   BANK  |       |          |
              RELEASE |    RELEASE| STORAGE |  CHANGE |PUMPING|EVAPORATION| STORAGE |  LOSS |  ACCUMUL.|  INFLOW
   DATE |      CFS    |     CFS   | 1000 AF |  1000 AF|    CFS|     CFS   |    CFS  |   CFS |     A.F. |   CFS
--------------------------------------------------------------------------------------------------------------------
      1        11400        8800      9028        14       673      1087       459     -5467    -10843     18100
      2        13400       15100      9030         2       765      1088        66     -5396    -21546     18000
      3        13400       13700      9033         3       757      1088        98     -5789    -33028     17200
      4        13600       16900      9026        -7       852      1088      -229     -1684    -36368     15100
      5        13600       17300      9018        -8       867      1087      -262     -1575    -39492     15000
      6        13200       14800      9015        -3       874      1087       -98     -1512    -42492     15200
      7        12900       10800      9020         5       831      1087       164     -1814    -46091     15400
      8        10800        9430      9026         6       675      1087       197     -1166    -48403     14400
      9        12700        9910      9031         5       836      1088       164     -1594    -51564     14500
     10        12800       11300      9030        -1       856      1088       -33     -1889    -55311     12700
     11        12800       13200      9024        -6       860      1087      -197       823    -53680     11900
     12        12700       14200      9026         2       866      1087        66     -4444    -62494     17200
     13        13000       14700      9015       -11       871      1087      -360      2091    -58346     10800
     14        12600       12300      9015         0       810      1087         0     -1475    -61271     14200
     15        11300       10700      9016         1       727      1087        33        -3    -61276     13100
     16        13400       14100      9015        -1       829      1087       -33     -2925    -67078     15500
     17        13400       14000      9010        -5       834      1086      -164     -1894    -70835     13200
     18        13700       12900      9004        -6       795      1086      -197      1860    -67145     11600
     19        13700       11700      9006         2       835      1086        66     -1296    -69715     14700
     20        13800       11700      9011         5       841      1086       164     -2582    -74837     16300
     21        13100        9670      9020         9       770      1087       295     -2692    -80177     16400
     22        11600        9750      9030        10       729      1087       328     -3147    -86418     16900
     23        13700        8050      9041        11       780      1088       360     -2744    -91861     15800
     24        13700        5710      9045         4       830      1088       131      1800    -88291      9780
     25        13700       12000      9045         0       823      1089         0      -204    -88696     13900
     26        13700       15000      9041        -4       852      1088      -131     -1075    -90829     14800
     27        13700       18100      9034        -7       858      1088      -229     -2605    -95995     16300
     28        13100       13600      9034         0       797      1088         0     -1835    -99635     15500
     29        11800       10000      9042         8       705      1088       262     -2409   -104413     16100
     30        13800       13400      9041        -1       796      1088       -33     -1680   -107746     14700
     31        13700       13300      9038        -3       803      1088       -98     -1815   -111347     13600

    TOTAL     403800      386360                         24997     33708                       -111347    457700




</pre>

