<pre>
                                                                    BUREAU OF RECLAMATION
                                                                    LOWER COLORADO REGION
                                                                    BOULDER CITY, NEVADA

                                                               ACCUMULATIONS FOR AUGUST 2014

    |GLEN CANYON    |                         HOOVER DAM         |             DAVIS DAM           |      MWD       |            PARKER DAM              |
    |               |  LAKE                                      |LAKE                             |                | LAKE                               |   C.A.P.
    |         ACCUM.|  MEAD    HOOVER RELEASE        GROSS  RATE |MOHAVE      DAVIS RELEASE   GROSS|DIVER. AT INTAKE| HAVASU     PARKER RELEASE     GROSS| DIVER. ACCUM.
DAY |   CFS    A.F. |  ELEV.   CFS    A.F.   ACCUM.   GEN  KWH/AF|ELEV   CFS   A.F.   ACCUM.  GEN  | A.F. ACCUM.    | ELEV    CFS    A.F.   ACCUM.  GEN. | A.F.   A.F.
----------------------------------------------------------------------------------------------------------------------------------------------------------------------
  1   13500   26777   1080.42  18656  37004   37004  14094  381  643.48  12430  24648   24648  3065  3449   3449    448.45   9300  18446    18446   1305   2905   2905
  2   12100   50777   1080.48  11496  22803   59807   8718  382  643.39  12710  25202   49850  3134  3377   6826    448.44   8990  17831    36277   1267   2902   5807
  3   11700   73983   1080.51  10682  21187   80994   8035  379  643.32  12100  24002   73852  2957  3402  10228    448.62   9040  17925    54202   1266   3296   9103
  4   13600  100959   1080.57  14827  29409  110403  11096  377  643.66   9990  19824   93676  2412  3439  13667    448.90   6040  11970    66172    842   2810  11913
  5   13700  128132   1080.57  13097  25978  136381   9722  374  643.81   9990  19822  113498  2418  3344  17011    448.78   7530  14932    81104   1063   2933  14846
  6   13600  155107   1080.53  14611  28981  165362  11164  385  643.99  12000  23808  137306  2936  3439  20450    448.62   8530  16921    98025   1200   3365  18211
  7   13500  181884   1080.49  13674  27122  192484  10366  382  644.05  12340  24476  161782  3026  3390  23840    448.57   8540  16932   114957   1202   3337  21548
  8   13400  208463   1080.40  17865  35434  227918  13646  385  644.41  11960  23732  185514  2935  3405  27245    448.46   9520  18886   133843   1332   3360  24908
  9   12300  232859   1080.33  15764  31268  259186  12008  384  644.48  13560  26900  212414  3352  3408  30653    448.45   9560  18965   152808   1342   3335  28243
 10   11800  256264   1080.28  17511  34733  293919  13278  382  644.75  12840  25468  237882  3179  3410  34063    448.53   8040  15952   168760   1127   3730  31973
 11   13500  283041   1080.30  12825  25439  319358   9511  374  644.79  12790  25364  263246  3161  3392  37455    448.57   8060  15987   184747   1134   3216  35189
 12   13500  309818   1080.19  13019  25823  345181   9883  383  644.75  12980  25738  288984  3211  3435  40890    448.93   8530  16923   201670   1193   2826  38015
 13   13500  336595   1080.29  12079  23959  369140   8989  375  644.62  12000  23794  312778  2955  3445  44335    449.14   7030  13934   215604    987   2923  40938
 14   13500  363372   1080.32  11812  23428  392567   8984  383  644.71  10400  20630  333408  2537  3450  47785    449.29   7030  13938   229542    994   3058  43996
 15   13500  390149   1080.30  13862  27494  420061  10369  377  644.86  11810  23426  356834  2904  3430  51215    449.17   8510  16879   246421   1203   3346  47342
 16   12300  414545   1080.35  11761  23327  443389   8764  376  644.87  11000  21828  378662  2699  3462  54677    449.11   8500  16867   263288   1190   3343  50685
 17   11800  437950   1080.39  11314  22442  465831   8411  375  644.80  11610  23026  401688  2854  3461  58138    448.86   9190  18229   281517   1284   3786  54471
 18   13500  464727   1080.38  13523  26823  492654  10195  380  644.78  12020  23832  425520  2957  3412  61550    448.78   8730  17307   298824   1214   3346  57817
 19   13500  491504   1080.52   7865  15599  508253   5838  374  644.56  12000  23808  449328  2957  3408  64958    448.67   9610  19053   317877   1341   3201  61018
 20   13600  518479   1080.65   8526  16912  525165   6340  375  644.30  11410  22632  471960  2793  3469  68427    448.69   8500  16863   334740   1192   2898  63916
 21   13400  545058   1080.61  13309  26398  551563  10098  383  644.52  11000  21812  493772  2686  3411  71838    449.04   5400  10711   345451    755   2908  66824
 22   13500  571835   1080.68  11115  22046  573608   8401  381  644.48   9410  18668  512440  2271  3425  75263    449.13   6410  12705   358156    904   2924  69748
 23   12400  596430   1080.80   8676  17209  590817   6568  382  644.37   9510  18868  531308  2297  3431  78694    449.05   6750  13381   371537    951   2906  72654
 24   11800  619835   1080.89   9594  19030  609847   7284  383  644.41   9610  19052  550360  2316  3445  82139    448.91   7500  14881   386418   1053   3306  75960
 25   13600  646810   1080.95   9390  18624  628471   7128  383  644.30   9630  19104  569464  2323  3411  85550    448.73   7210  14293   400711   1013   3015  78975
 26   13600  673785   1080.99   9863  19563  648034   7461  381  644.25  10670  21162  590626  2587  3499  89049    448.74   6900  13681   414392    967   3334  82309
 27   13600  700760   1081.04   9794  19426  667460   7415  382  644.15  10300  20428  611054  2504  3362  92411    448.75   7190  14267   428659   1011   3333  85642
 28   13400  727339   1081.14  11054  21926  689387   8335  380  644.25  10300  20424  631478  2505  3428  95839    448.93   5100  10108   438767    712   3334  88976
 29   13300  753719   1081.25  10198  20227  709614   7750  383  644.23  10330  20494  651972  2515  3418  99257    448.65   9290  18431   457198   1307   3334  92310
 30   12400  778314   1081.42   5622  11152  720766   4138  371  643.75  10970  21764  673736  2678  3411 102668    448.35   9390  18632   475830   1309   3335  95645
 31   11700  801521   1081.55   7288  14455  735220   5339  369  643.43  11740  23288  697024  2875  3451 106119    448.10   9740  19316   495146   1348   3739  99384

TOTAL                                               279328                                    86001                                                35007









                                                                    BUREAU OF RECLAMATION
                                                                    LOWER COLORADO REGION
                                                                    BOULDER CITY, NEVADA

                                                     AVAILABLE RESERVOIR ELEVATIONS AND CONTENTS FOR AUGUST 2014

                                        LAKE MEAD                      LAKE MOHAVE                      LAKE HAVASU                        SENATOR WASH
  AVAILABLE CAPACITY IN A.F.            *26120000                        1809800                           619400                              9144
  ELEVATION IN FEET                        1219.6                          647.0                            450.0                             240.0

           TOTAL     TOTAL    |             HOOVER            |            DAVIS            |             PARKER            |             SENATOR WASH
          SYSTEM    AVAILABLE |ELEVATION    CONTENT   RELEASE |ELEVATION   CONTENT  RELEASE |ELEVATION    CONTENT   RELEASE | ELEVATION   CONTENT  PUMPED   RELEASE
     DAY  STORAGE**   SPACE   |  FEET       1000A.F.    ft3/s |  FEET      1000A.F.  ft3/s  |   FEET      1000A.F.  ft3/s   |  FEET        A.F.     ft3/s    ft3/s
-----------------------------------------------------------------------------------------------------------------------------------------------------------------------------
       1    30443.3  30681.8    1080.42      10046       18700   643.48     1711.9    12400    448.45      588.6     9300      237.43     8196      229        0
       2    30442.0  30683.1    1080.48      10051       11500   643.39     1709.4    12700    448.44      588.5     8990      238.13     8448      223        0
       3    30441.1  30684.0    1080.51      10053       10700   643.32     1707.5    12100    448.62      592.1     9040      239.86     9091      390        0
       4    30455.1  30670.0    1080.57      10058       14800   643.66     1716.8     9990    448.90      597.4     6040      239.31     8885        0        0
       5    30446.3  30678.8    1080.57      10058       13100   643.81     1721.0     9990    448.78      595.1     7530      239.78     9061      189        0
       6    30438.9  30686.1    1080.53      10055       14600   643.99     1725.9    12000    448.62      592.0     8530      239.27     8870        0        0
       7    30428.6  30696.4    1080.49      10052       13700   644.05     1727.6    12300    448.57      591.1     8540      235.27     7442      713      713
       8    30422.6  30702.5    1080.40      10044       17900   644.41     1737.6    12000    448.46      588.9     9520      235.54     7534      105        0
       9    30415.0  30710.0    1080.33      10038       15800   644.48     1739.5    13600    448.45      588.7     9560      237.50     8220      425        0
      10    30404.1  30721.0    1080.28      10034       17500   644.75     1747.0    12800    448.53      590.3     8040      237.56     8242       94        0
      11    30392.5  30732.5    1080.30      10036       12800   644.79     1748.1    12800    448.57      591.1     8060      239.85     9088      554        0
      12    30377.1  30747.9    1080.19      10027       13000   644.75     1747.0    13000    448.93      598.0     8530      239.43     8929       20        0
      13    30382.1  30743.0    1080.29      10035       12100   644.62     1743.4    12000    449.14      602.2     7030      237.80     8328        0      239
      14    30379.8  30745.3    1080.32      10038       11800   644.71     1745.9    10400    449.29      605.2     7030      236.23     7772      129      311
      15    30370.4  30754.7    1080.30      10036       13900   644.86     1750.0    11800    449.17      602.8     8510      236.33     7807      171        0
      16    30363.6  30761.4    1080.35      10040       11800   644.87     1750.3    11000    449.11      601.6     8500      235.13     7394        0      160
      17    30348.2  30776.8    1080.39      10043       11300   644.80     1748.4    11600    448.86      596.7     9190      234.80     7283        0        0
      18    30329.6  30795.4    1080.38      10042       13500   644.78     1747.8    12000    448.78      595.1     8730      235.13     7394      163        0
      19    30312.3  30812.8    1080.52      10054        7860   644.56     1741.7    12000    448.67      593.0     9610      235.05     7367       45        0
      20    30307.3  30817.8    1080.65      10065        8530   644.30     1734.5    11400    448.69      593.4     8500      235.33     7462      108        0
      21    30298.6  30826.5    1080.61      10062       13300   644.52     1740.6    11000    449.04      600.2     5400      235.81     7626      127        0
      22    30291.5  30833.5    1080.68      10067       11100   644.48     1739.5     9410    449.13      602.0     6410      239.78     9061      861        0
      23    30282.4  30842.7    1080.80      10077        8680   644.37     1736.4     9510    449.05      600.4     6750      239.19     8839        0        0
      24    30270.1  30854.9    1080.89      10085        9590   644.41     1737.6     9610    448.91      597.7     7500      238.69     8654        0        0
      25    30254.1  30871.0    1080.95      10090        9390   644.30     1734.5     9630    448.73      594.2     7210      238.54     8599       61        0
      26    30238.6  30886.5    1080.99      10093        9860   644.25     1733.1    10700    448.74      594.4     6900      237.89     8360        7       44
      27    30237.5  30887.6    1081.04      10097        9790   644.15     1730.4    10300    448.75      594.5     7190      237.75     8310        0        0
      28    30246.5  30878.6    1081.14      10106       11100   644.25     1733.1    10300    448.93      598.0     5100      236.06     7712        0      208
      29    30239.5  30885.5    1081.25      10115       10200   644.23     1732.6    10300    448.65      592.6     9290      231.42     6200        0      783
      30    30227.1  30897.9    1081.42      10129        5620   643.75     1719.3    11000    448.35      586.8     9390      229.85     5732        0      228
      31    30219.3  30905.8    1081.55      10140        7290   643.43     1710.5    11700    448.10      581.9     9740      226.55     4816        0       74

TOTAL                                                   370810                       351340                        249660                          4614     2760
AVE.                                                     11960                        11330                          8050                           149       89
AC FT                                                   735000                       697000                        495000                          9152     5474

      * BOTTOM OF EXCLUSIVE FLOOD CONTROL SPACE
     ** INCLUDES FONTENELLE AND CRYSTAL RESERVOIRS

                                                                      BUREAU OF RECLAMATION
                                                                      LOWER COLORADO REGION
                                                                      BOULDER CITY, NEVADA

                                             COLORADO RIVER STORAGE PROJECT DATA (operational) FOR AUGUST 2014

                   LAKE POWELL          |        FLAMING GORGE        |          NAVAJO            |      BLUE MESA             |     MORROW POINT
             MAX. STORAGE 24322000 AF   |  MAX. STORAGE 3749000 AF    | MAX. STORAGE 1696000 AF    | MAX. STORAGE 829500 AF     | MAX. STORAGE 117025 AF  
    COMPUTED MAX. ELEV. 3700.0 FEET     |  MAX. ELEV. 6040.0 FEET     | MAX. ELEV. 6085.0 FEET     | MAX. ELEV. 7519.4 FEET     | MAX. ELEV. 7160.0 FEET
     INFLOW  ELEVATION CONTENT  RELEASE |  ELEVATION CONTENT  RELEASE | ELEVATION CONTENT  RELEASE | ELEVATION CONTENT  RELEASE | ELEVATION CONTENT  RELEASE
DATE FT3/S   (FEET)  (1000 AF)   FT3/S  |  (FEET)  (1000 AF)   FT3/   |(FEET)  (1000 AF)   FT3/S   | (FEET)  (1000 AF)   FT3/S  |(FEET)  (1000 AF)   FT3/S
------------------------------------------------------------------------------------------------------------------------------------------------------------
   1  13600   3608.03   12534    13500      6028.55   3290     1900      6041.88   1130      740     7500.16    662.7    1730     7153.84    112.1    1760
   2  12100   3608.02   12532    12100      6028.57   3290     1950      6041.71   1130      740     7500.13    662.4    1720     7154.02    112.2    1650
   3  12600   3608.02   12532    11700      6028.51   3290     1990      6041.55   1130      740     7500.13    662.4    1630     7153.95    112.2    1680
   4  11800   3607.97   12527    13600      6028.55   3290     1990      6041.44   1130      730     7500.07    661.9    1750     7154.00    112.2    1750
   5  10200   3607.89   12519    13700      6028.53   3290     2000      6041.34   1130      580     7500.03    661.6    1730     7154.04    112.2    1730
   6  10700   3607.82   12512    13600      6028.59   3290     2000      6041.23   1130      560     7499.99    661.3    1720     7153.98    112.2    1750
   7  10000   3607.74   12504    13500      6028.63   3300     2000      6041.13   1130      560     7499.91    660.6    1750     7154.02    112.2    1770
   8  11000   3607.68   12498    13400      6028.67   3300     2000      6040.98   1120      560     7499.82    659.9    1710     7154.09    112.3    1700
   9  13100   3607.68   12498    12300      6028.65   3300     1990      6040.84   1120      560     7499.71    659.0    1690     7154.00    112.2    1750
  10   6100   3607.56   12486    11800      6028.63   3300     1990      6040.69   1120      620     7499.60    658.1    1660     7153.98    112.2    1670
  11   7900   3607.44   12474    13500      6028.63   3300     1990      6040.57   1120      600     7499.49    657.2    1610     7153.63    111.9    1750
  12   8900   3607.34   12464    13500      6028.67   3300     1990      6040.40   1120      670     7499.36    656.1    1710     7153.71    112.0    1680
  13  14900   3607.35   12465    13500      6028.63   3300     1990      6040.27   1120      660     7499.22    654.9    1720     7153.77    112.0    1700
  14  10600   3607.28   12458    13500      6028.61   3300     1990      6040.19   1110      670     7499.07    653.7    1780     7153.80    112.1    1770
  15  11600   3607.23   12453    13500      6028.55   3290     2000      6040.12   1110      690     7498.92    652.5    1720     7153.75    112.0    1740
  16  10000   3607.17   12448    12300      6028.53   3290     1990      6039.99   1110      680     7498.74    651.0    1740     7153.88    112.1    1700
  17   8800   3607.10   12441    11800      6028.49   3290     2000      6039.87   1110      670     7498.53    649.3    1730     7153.89    112.1    1730
  18   8900   3607.00   12431    13500      6028.45   3290     2000      6039.68   1110      720     7498.39    648.2    1510     7153.50    111.8    1670
  19   5700   3606.84   12415    13500      6028.45   3290     2000      6039.48   1110      750     7498.15    646.2    1790     7153.63    111.9    1740
  20  11800   3606.79   12410    13600      6028.45   3290     2000      6039.34   1110      710     7497.93    644.4    1740     7153.99    112.2    1610
  21   6200   3606.64   12395    13400      6028.48   3290     2000      6039.14   1100      730     7497.71    642.6    1770     7154.03    112.2    1760
  22   8500   3606.53   12384    13500      6028.51   3290     2000      6038.97   1100      760     7497.53    641.2    1710     7153.97    112.2    1740
  23   7900   3606.43   12374    12400      6028.49   3290     1990      6038.80   1100      750     7497.33    639.6    1760     7154.01    112.2    1740
  24   5100   3606.29   12360    11800      6028.45   3290     1990      6038.68   1100      750     7497.17    638.3    1710     7153.91    112.1    1750
  25   8000   3606.17   12349    13600      6028.49   3290     1990      6038.46   1100      750     7496.96    636.6    1760     7154.01    112.2    1730
  26   5300   3606.00   12332    13600      6028.53   3290     1990      6038.34   1090      630     7496.72    634.6    1890     7154.33    112.5    1780
  27  14500   3606.00   12332    13600      6028.51   3290     1990      6038.22   1090      560     7496.59    633.6    1590     7154.42    112.5    1560
  28  11500   3605.95   12327    13400      6028.55   3290     2000      6038.10   1090      560     7496.46    632.5    1580     7154.37    112.5    1590
  29  10400   3605.88   12320    13300      6028.53   3290     2000      6038.01   1090      560     7496.31    631.3    1570     7154.52    112.6    1510
  30  10000   3605.82   12314    12400      6028.57   3290     2000      6037.89   1090      560     7496.18    630.3    1490     7154.28    112.4    1520
  31  12500   3605.82   12314    11700      6028.53   3290     2000      6037.72   1090      560     7496.00    628.8    1590     7154.34    112.5    1580

TOT  310200                     404100                        61710                        20380                        52560                        52560
AVE   10006                      13040                         1990                          660                         1700                         1700
A F  615300                     802000                       122000                        40400                        104300                       104300






                                          BUREAU OF RECLAMATION
                                          LOWER COLORADO REGION
                                          BOULDER CITY, NEVADA

                                     GLEN CANYON TO HOOVER DAM LOSSES

                                                AUGUST 2014

                      |           | LAKE    |         |   LAKE|    LAKE   |  CHANGE |
               GLEN   |    HOOVER | MEAD    |  STORAGE|   MEAD|    MEAD   |   BANK  |       |          |
              RELEASE |    RELEASE| STORAGE |  CHANGE |PUMPING|EVAPORATION| STORAGE |  LOSS |  ACCUMUL.|  INFLOW
   DATE |      CFS    |     CFS   | 1000 AF |  1000 AF|    CFS|     CFS   |    CFS  |   CFS |     A.F. |   CFS
--------------------------------------------------------------------------------------------------------------------
      1        13500       18700     10046       -15       666      1148      -492       730      1448     12500
      2        12100       11500     10051         5       673      1147       164     -2993     -4489     16000
      3        11700       10700     10053         2       631      1147        66       -42     -4573     13600
      4        13600       14800     10058         5       650      1148       164     -7190    -18834     19300
      5        13700       13100     10058         0       580      1148         0     -3104    -24991     14800
      6        13600       14600     10055        -3       603      1148       -98     -1115    -27202     14700
      7        13500       13700     10052        -3       644      1148       -98      -225    -27647     13900
      8        13400       17900     10044        -8       646      1147      -262     -1799    -31216     15400
      9        12300       15800     10038        -6       601      1147      -197      -852    -32905     14300
     10        11800       17500     10034        -4       671      1147      -131     -3734    -40311     17200
     11        13500       12800     10036         2       702      1147        66     -3440    -47133     15700
     12        13500       13000     10027        -9       682      1146      -295      1756    -43651     10000
     13        13500       12100     10035         8       713      1146       262     -4718    -53008     18300
     14        13500       11800     10038         3       690      1147        98     -1795    -56568     15200
     15        13500       13900     10036        -2       643      1147       -66     -1145    -58840     14600
     16        12300       11800     10040         4       603      1147       131     -2209    -63222     15700
     17        11800       11300     10043         3       690      1147        98     -1260    -65721     14700
     18        13500       13500     10042        -1       670      1147       -33     -2442    -70564     14800
     19        13500        7860     10054        12       689      1147       393     -4372    -79235     16100
     20        13600        8530     10065        11       683      1148       360     -2801    -84791     16300
     21        13400       13300     10062        -3       693      1148       -98       -52    -84894     13500
     22        13500       11100     10067         5       653      1148       164     -1972    -88805     15600
     23        12400        8680     10077        10       625      1149       328     -2407    -93580     15800
     24        11800        9590     10085         8       665      1149       262     -2162    -97869     15700
     25        13600        9390     10090         5       671      1149       164     -1496   -100837     13900
     26        13600        9860     10093         3       661      1150        98     -1502   -103816     13300
     27        13600        9790     10097         4       650      1150       131      -174   -104162     13700
     28        13400       11100     10106         9       653      1150       295     -4166   -112424     17700
     29        13300       10200     10115         9       675      1151       295     -3249   -118869     16900
     30        12400        5620     10129        14       645      1151       459     -1557   -121957     14900
     31        11700        7290     10140        11       665      1152       360     -1689   -125306     15000

    TOTAL     403900      370670                         20386     35591                       -125306    469200






