
<pre>                                                                   BUREAU OF RECLAMATION
                                                                    LOWER COLORADO REGION
                                                                    BOULDER CITY, NEVADA

                                                               ACCUMULATIONS FOR SEPTEMBER 2018

    |GLEN CANYON    |                         HOOVER DAM         |             DAVIS DAM           |      MWD       |            PARKER DAM              |
    |               |  LAKE                                      |LAKE                             |                | LAKE                               |   C.A.P.
    |         ACCUM.|  MEAD    HOOVER RELEASE        GROSS  RATE |MOHAVE      DAVIS RELEASE   GROSS|DIVER. AT INTAKE| HAVASU     PARKER RELEASE     GROSS| DIVER. ACCUM.
DAY |   CFS    A.F. |  ELEV.   CFS    A.F.   ACCUM.   GEN  KWH/AF|ELEV   CFS   A.F.   ACCUM.  GEN  | A.F. ACCUM.    | ELEV    CFS    A.F.   ACCUM.  GEN. | A.F.   A.F.
----------------------------------------------------------------------------------------------------------------------------------------------------------------------
  1   11100   22017   1078.99  11813  23430   23430   9000  384  642.03  13890  27557   27557  3438  2952   2952    447.50   9180  18207    18207   1290   5275   5275
  2   10100   42050   1079.17  10084  20001   43431   7668  383  641.71  14100  27976   55533  3483  2970   5922    447.42   9270  18392    36599   1281   5277  10552
  3   10200   62281   1079.28   9851  19540   62971   7488  383  641.54  13680  27143   82676  3368  2983   8905    447.55   8500  16865    53464   1191   5476  16028
  4   11800   85686   1079.20  15899  31536   94507  12255  389  641.51  13510  26788  109464  3307  2999  11904    447.43   9490  18829    72293   1318   5478  21506
  5   11600  108694   1079.07  14732  29221  123728  11365  389  641.65  13390  26566  136030  3264  3009  14913    447.39   8990  17834    90127   1248   5477  26983
  6   11700  131901   1078.95  15159  30067  153795  11556  384  641.76  13380  26547  162577  3263  3016  17929    447.59   6820  13520   103647    943   5484  32467
  7   11700  155107   1078.93  14051  27870  181665  10780  387  641.76  14200  28160  190737  3468  3360  21289    447.38  11000  21819   125466   1515   5484  37951
  8   11100  177124   1078.91  12474  24742  206407   9568  387  641.48  14630  29009  219746  3562  3451  24740    447.49   8510  16873   142339   1183   5484  43435
  9   10000  196959   1078.93  11250  22314  228721   8625  387  641.20  14610  28973  248719  3553  3433  28173    447.59   8320  16494   158833   1158   5483  48918
 10   11700  220165   1078.86  13400  26578  255299  10356  390  641.11  14590  28945  277664  3549  3419  31592    447.68   9200  18246   177079   1262   5481  54399
 11   11800  243570   1078.79  12933  25653  280952   9982  389  640.98  14600  28956  306620  3546  3405  34997    447.73   9100  18047   195126   1263   5482  59881
 12   11700  266777   1078.69  12975  25736  306688   9928  386  640.74  14600  28955  335575  3543  3395  38392    447.91   8210  16275   211401   1144   5494  65375
 13   11800  290182   1078.66  11797  23399  330087   9061  387  640.60  13500  26786  362361  3274  3388  41780    448.14   7800  15472   226873   1088   5497  70872
 14   11700  313388   1078.65  11744  23294  353381   9025  387  640.50  13480  26746  389107  3267  3074  44854    448.02  10000  19836   246709   1391   5483  76355
 15   11200  335603   1078.64  10263  20357  373738   7796  383  640.16  13520  26819  415926  3267  2982  47836    448.01   9090  18022   264731   1270   5494  81849
 16   10000  355438   1078.66  10506  20838  394577   8037  386  639.86  13800  27365  443291  3332  3332  51168    447.95   9400  18640   283371   1317   5491  87340
 17   11900  379041   1078.64  12197  24192  418769   9309  385  639.76  13790  27359  470650  3327  3445  54613    447.84  10100  20033   303404   1403   5483  92823
 18   11600  402050   1078.58  13002  25789  444558   9873  383  639.69  14000  27769  498419  3371  3422  58035    447.72  10500  20831   324235   1456   5494  98317
 19   11600  425058   1078.48  12708  25207  469764   9547  379  639.51  13800  27364  525783  3318  3402  61437    447.63   9300  18444   342679   1280   5487 103804
 20   11700  448264   1078.46  13185  26152  495916   9963  381  639.47  13950  27663  553446  3356  3385  64822    447.89   6820  13520   356199    942   5483 109287
 21   11700  471471   1078.45  11365  22542  518458   8657  384  639.28  13900  27574  581020  3346  3377  68199    447.89   9810  19449   375648   1342   5495 114782
 22   11200  493686   1078.50   9244  18336  536794   6968  380  638.83  13890  27542  608562  3325  3034  71233    447.84   9800  19434   395082   1356   5487 120269
 23   10000  513521   1078.55   9669  19179  555973   7342  383  638.60  13300  26389  634951  3186  2935  74168    447.78  10210  20255   415337   1416   5493 125762
 24   11500  536331   1078.51  12305  24406  580379   9366  384  638.52  13000  25777  660728  3110  2952  77120    447.66   9600  19050   434387   1327   5492 131254
 25   11700  559537   1078.48  12158  24115  604494   9262  384  638.37  13000  25782  686510  3111  2966  80086    447.57   9510  18859   453246   1323   5469 136723
 26   11600  582545   1078.39  13589  26954  631448  10285  382  638.35  13000  25792  712302  3075  2978  83064    447.62   8290  16447   469693   1154   5528 142251
 27   11600  605554   1078.32  14675  29108  660556  11107  382  638.39  12980  25752  738054  3100  2946  86010    448.13   3600   7140   476833    469   5491 147742
 28   11700  628760   1078.24  13172  26126  686682  10005  383  638.35  12990  25770  763824  3099  2983  88993    448.49   4700   9314   486147    626   5481 153223
 29   11200  650975   1078.27  10087  20007  706689   7664  383  638.03  13390  26562  790386  3194  2976  91969    448.62   7020  13923   500070    963   5488 158711
 30   10100  671008   1078.29   9029  17909  724598   6915  386  637.87  11990  23789  814175  2874  2970  94939    448.95   6010  11928   511998    811   5498 164209

TOTAL                                               278753                                    99275                                                35732










                                                                    BUREAU OF RECLAMATION
                                                                    LOWER COLORADO REGION
                                                                    BOULDER CITY, NEVADA

                                                     AVAILABLE RESERVOIR ELEVATIONS AND CONTENTS FOR SEPTEMBER 2018

                                        LAKE MEAD                      LAKE MOHAVE                      LAKE HAVASU                        SENATOR WASH
  AVAILABLE CAPACITY IN A.F.            *26120000                        1809800                           619400                              9144
  ELEVATION IN FEET                        1219.6                          647.0                            450.0                             240.0

           TOTAL     TOTAL    |             HOOVER            |            DAVIS            |             PARKER            |             SENATOR WASH
          SYSTEM    AVAILABLE |ELEVATION    CONTENT   RELEASE |ELEVATION   CONTENT  RELEASE |ELEVATION    CONTENT   RELEASE | ELEVATION   CONTENT  PUMPED   RELEASE
     DAY  STORAGE**   SPACE   |  FEET       1000A.F.    ft3/s |  FEET      1000A.F.  ft3/s  |   FEET      1000A.F.  ft3/s   |  FEET        A.F.     ft3/s    ft3/s
-----------------------------------------------------------------------------------------------------------------------------------------------------------------------------
       1    28825.3  32299.8    1078.99       9927       11800   642.03     1672.1    13900    447.50      570.6     9180      235.53     7531        0        0
       2    28815.3  32309.7    1079.17       9942       10100   641.71     1663.5    14100    447.42      568.9     9270      235.12     7391        0        0
       3    28799.9  32325.2    1079.28       9951        9850   641.54     1659.0    13700    447.55      571.6     8500      235.72     7596      237        0
       4    28766.5  32358.6    1079.20       9945       15900   641.51     1658.1    13500    447.43      569.2     9490      236.60     7901      233        0
       5    28735.6  32389.5    1079.07       9934       14700   641.65     1661.8    13400    447.39      568.5     8990      236.13     7737        0        0
       6    28711.5  32413.6    1078.95       9924       15200   641.76     1664.8    13400    447.59      572.3     6820      235.69     7586        0        0
       7    28683.3  32441.7    1078.93       9923       14100   641.76     1664.9    14200    447.38      568.3    11000      233.75     6936        0      287
       8    28653.5  32471.6    1078.91       9921       12500   641.48     1657.5    14600    447.49      570.4     8510      233.44     6836        0        0
       9    28627.9  32497.2    1078.93       9923       11200   641.20     1649.9    14600    447.59      572.3     8320      233.47     6845       58        0
      10    28596.7  32528.3    1078.86       9917       13400   641.11     1647.4    14600    447.68      574.0     9200      233.16     6745        2        0
      11    28564.7  32560.4    1078.79       9911       12900   640.98     1643.9    14600    447.73      574.8     9100      232.83     6639        0        0
      12    28527.0  32598.1    1078.69       9903       13000   640.74     1637.3    14600    447.91      578.4     8210      232.50     6535        0        0
      13    28500.8  32624.2    1078.66       9900       11800   640.60     1633.8    13500    448.14      582.7     7800      232.19     6438        0        0
      14    28470.5  32654.6    1078.65       9899       11700   640.50     1630.9    13500    448.02      580.3    10000      231.90     6347        4        0
      15    28436.0  32689.0    1078.64       9899       10300   640.16     1621.7    13500    448.01      580.1     9090      232.11     6412       80        0
      16    28407.3  32717.8    1078.66       9900       10500   639.86     1613.9    13800    447.95      579.1     9400      235.21     7421      567        0
      17    28377.7  32747.4    1078.64       9899       12200   639.76     1611.1    13800    447.84      577.0    10100      234.77     7273        0        0
      18    28344.1  32781.0    1078.58       9894       13000   639.69     1609.1    14000    447.72      574.7    10500      234.39     7147        0        0
      19    28308.8  32816.2    1078.48       9885       12700   639.51     1604.4    13800    447.63      573.0     9300      234.01     7020        0        0
      20    28287.4  32837.6    1078.46       9884       13200   639.47     1603.3    13900    447.89      578.0     6820      230.51     5926        0      544
      21    28256.8  32868.2    1078.45       9883       11400   639.28     1598.1    13900    447.89      577.9     9810      230.32     5870       10        0
      22    28223.5  32901.6    1078.50       9887        9240   638.83     1586.4    13900    447.84      577.0     9800      230.06     5793        0        0
      23    28197.7  32927.4    1078.55       9891        9670   638.60     1580.1    13300    447.78      575.9    10200      233.38     6816      561        0
      24    28166.7  32958.3    1078.51       9888       12300   638.52     1578.1    13000    447.66      573.6     9600      233.27     6780       49        0
      25    28133.2  32991.8    1078.48       9885       12200   638.37     1574.1    13000    447.57      571.9     9510      235.12     7391      376        0
      26    28099.2  33025.8    1078.39       9878       13600   638.35     1573.4    13000    447.62      572.9     8290      237.84     8342      581        0
      27    28079.7  33045.3    1078.32       9872       14700   638.39     1574.7    13000    448.13      582.5     3600      237.39     8181       33        0
      28    28054.5  33070.5    1078.24       9866       13200   638.35     1573.6    13000    448.49      589.6     4700      234.58     7210        0      434
      29    28025.5  33099.5    1078.27       9868       10100   638.03     1564.9    13400    448.62      592.1     7020      231.90     6347        0      409
      30    28009.9  33115.2    1078.29       9870        9030   637.87     1560.8    12000    448.95      598.4     6010      231.66     6274        0        0

TOTAL                                                   365490                       410500                        258140                          2791     1674
AVE.                                                     12180                        13680                          8600                            93       56
AC FT                                                   725000                       814000                        512000                          5536     3320

      * BOTTOM OF EXCLUSIVE FLOOD CONTROL SPACE
     ** INCLUDES FONTENELLE AND CRYSTAL RESERVOIRS


                                                                      BUREAU OF RECLAMATION
                                                                      LOWER COLORADO REGION
                                                                      BOULDER CITY, NEVADA

                                             COLORADO RIVER STORAGE PROJECT DATA (operational) FOR SEPTEMBER 2018

                   LAKE POWELL          |        FLAMING GORGE        |          NAVAJO            |      BLUE MESA             |     MORROW POINT
             MAX. STORAGE 24322000 AF   |  MAX. STORAGE 3749000 AF    | MAX. STORAGE 1696000 AF    | MAX. STORAGE 829500 AF     | MAX. STORAGE 117025 AF  
    COMPUTED MAX. ELEV. 3700.0 FEET     |  MAX. ELEV. 6040.0 FEET     | MAX. ELEV. 6085.0 FEET     | MAX. ELEV. 7519.4 FEET     | MAX. ELEV. 7160.0 FEET
     INFLOW  ELEVATION CONTENT  RELEASE |  ELEVATION CONTENT  RELEASE | ELEVATION CONTENT  RELEASE | ELEVATION CONTENT  RELEASE | ELEVATION CONTENT  RELEASE
DATE FT3/S   (FEET)  (1000 AF)   FT3/S  |  (FEET)  (1000 AF)   FT3/   |(FEET)  (1000 AF)   FT3/S   | (FEET)  (1000 AF)   FT3/S  |(FEET)  (1000 AF)   FT3/S
------------------------------------------------------------------------------------------------------------------------------------------------------------
   1   1600   3596.92   11459    11100      6032.63   3450     2020      6027.99    990      710     7453.23    330.9    1920     7155.78    113.6    1210
   2   6700   3596.84   11451    10100      6032.59   3450     2020      6027.76    990      710     7452.87    328.8    1470     7155.77    113.6    1460
   3   3300   3596.69   11437    10200      6032.53   3450     2010      6027.48    980      710     7452.41    326.2    1700     7156.30    114.0    1480
   4   4400   3596.53   11422    11800      6032.47   3450     1870      6027.20    980      720     7451.90    323.3    1820     7157.29    114.8    1430
   5   4200   3596.37   11407    11600      6032.41   3440     1840      6026.97    980      740     7451.38    320.3    1830     7158.22    115.6    1480
   6   5900   3596.24   11395    11700      6032.35   3440     2040      6026.68    980      740     7450.91    317.6    1590     7158.40    115.7    1490
   7   4800   3596.09   11381    11700      6032.29   3440     2030      6026.41    970      740     7450.47    315.2    1550     7159.06    116.3    1270
   8   4200   3595.94   11367    11100      6032.23   3440     2030      6026.14    970      740     7450.09    313.0    1370     7158.40    115.7    1510
   9   3100   3595.79   11353    10000      6032.18   3430     2030      6025.92    970      730     7449.63    310.5    1590     7159.31    116.5    1250
  10   3800   3595.62   11337    11700      6032.11   3430     2050      6025.67    970      730     7449.47    309.6     720     7157.43    115.0    1530
  11   4400   3595.46   11322    11800      6032.05   3430     2040      6025.39    960      730     7449.23    308.3     900     7156.02    113.8    1560
  12   2800   3595.27   11304    11700      6031.98   3430     2030      6025.13    960      730     7448.99    306.9     900     7154.85    112.9    1440
  13   3900   3595.10   11289    11800      6031.91   3420     2010      6024.88    960      770     7448.74    305.6     900     7153.64    111.9    1510
  14   3900   3594.93   11273    11700      6031.85   3420     2000      6024.61    960      790     7448.50    304.2     900     7152.63    111.1    1380
  15   3400   3594.76   11257    11200      6031.79   3420     2020      6024.37    950      780     7448.25    302.9     900     7151.14    110.0    1530
  16   3700   3594.62   11244    10000      6031.72   3420     2030      6024.13    950      780     7447.99    301.4     900     7150.16    109.2    1320
  17   4500   3594.46   11229    11900      6031.66   3410     2000      6023.90    950      780     7447.72    300.0     900     7149.09    108.4    1400
  18   3800   3594.29   11213    11600      6031.59   3410     2000      6023.67    950      780     7447.49    298.7     900     7148.41    107.8    1210
  19   4800   3594.14   11199    11600      6031.53   3410     2010      6023.44    940      780     7447.51    298.8     900     7147.19    106.9    1440
  20   3700   3593.97   11183    11700      6031.47   3410     2020      6023.17    940      840     7447.27    297.5     900     7146.25    106.2    1400
  21   3700   3593.79   11167    11700      6031.40   3400     2010      6022.93    940      840     7447.02    296.2     900     7145.04    105.3    1460
  22   3300   3593.62   11151    11200      6031.33   3400     2020      6022.68    940      840     7446.77    294.8     900     7143.70    104.3    1440
  23   3200   3593.47   11138    10000      6031.26   3400     2010      6022.45    930      840     7446.50    293.4     900     7142.77    103.6    1260
  24   4200   3593.31   11123    11500      6031.19   3400     2000      6022.19    930      840     7446.32    292.4     790     7140.97    102.2    1490
  25   3400   3593.13   11106    11700      6031.12   3390     1960      6021.93    930      840     7446.18    291.6     650     7138.80    100.6    1440
  26   2300   3592.93   11088    11600      6031.05   3390     2010      6021.70    930      810     7446.05    290.9     650     7136.81     99.2    1320
  27   3900   3592.76   11072    11600      6030.97   3390     2010      6021.47    930      780     7445.75    289.3    1040     7135.43     98.2    1440
  28   3400   3592.58   11056    11700      6030.91   3380     2020      6021.23    920      780     7445.28    286.8    1500     7135.27     98.1    1530
  29   3000   3592.40   11039    11200      6030.82   3380     2010      6021.02    920      750     7444.86    284.6    1500     7135.59     98.3    1350
  30   4600   3592.27   11028    10100      6030.75   3380     2010      6020.80    920      750     7444.44    282.4    1500     7135.77     98.4    1390

TOT  115900                     338300                        60160                        23100                        34890                        42420
AVE    3863                      11280                         2010                          770                         1160                         1410
A F  229900                     671000                       119000                        45800                        69200                        84100







                                          BUREAU OF RECLAMATION
                                          LOWER COLORADO REGION
                                          BOULDER CITY, NEVADA

                                     GLEN CANYON TO HOOVER DAM LOSSES

                                                SEPTEMBER 2018

                      |           | LAKE    |         |   LAKE|    LAKE   |  CHANGE |
               GLEN   |    HOOVER | MEAD    |  STORAGE|   MEAD|    MEAD   |   BANK  |       |          |
              RELEASE |    RELEASE| STORAGE |  CHANGE |PUMPING|EVAPORATION| STORAGE |  LOSS |  ACCUMUL.|  INFLOW
   DATE |      CFS    |     CFS   | 1000 AF |  1000 AF|    CFS|     CFS   |    CFS  |   CFS |     A.F. |   CFS
--------------------------------------------------------------------------------------------------------------------
      1        11100       11800      9927         9       766       970       295     -2522     -5002     18400
      2        10100       10100      9942        15       689       971       492     -4006    -12947     19800
      3        10200        9850      9951         9       696       972       295     -5296    -23451     16400
      4        11800       15900      9945        -6       761       972      -197     -4359    -32097     14400
      5        11600       14700      9934       -11       760       971      -360      -374    -32839     10500
      6        11700       15200      9924       -10       690       971      -328       275    -32294     11500
      7        11700       14100      9923        -1       730       970       -33     -3661    -39556     15300
      8        11100       12500      9921        -2       710       970       -66     -1387    -42306     13100
      9        10000       11200      9923         2       648       970        66     -2164    -46599     13900
     10        11700       13400      9917        -6       718       970      -197      -813    -48213     11900
     11        11800       12900      9911        -6       715       970      -197     -1359    -50909     11400
     12        11700       13000      9903        -8       712       970      -262      1329    -48273     10400
     13        11800       11800      9900        -3       713       969       -98       -92    -48455     11900
     14        11700       11700      9899        -1       716       969       -33     -1129    -50695     12800
     15        11200       10300      9899         0       676       969         0      -169    -51030     11900
     16        10000       10500      9900         1       706       969        33      -994    -53001     12700
     17        11900       12200      9899        -1       719       969       -33     -2153    -57272     13400
     18        11600       13000      9894        -5       710       969      -164     -2012    -61262     12000
     19        11600       12700      9885        -9       718       969      -295      2296    -56708      9550
     20        11700       13200      9884        -1       729       968       -33     -2725    -62112     14400
     21        11700       11400      9883        -1       767       968       -33      -959    -64014     12600
     22        11200        9240      9887         4       727       969       131     -1402    -66796     13100
     23        10000        9670      9891         4       639       969       131     -1769    -70305     13400
     24        11500       12300      9888        -3       682       969       -98     -1112    -72510     12300
     25        11700       12200      9885        -3       690       969       -98     -2274    -77021     12200
     26        11600       13600      9878        -7       690       968      -229       -30    -77080     11500
     27        11600       14700      9872        -6       696       968      -197     -1477    -80010     13100
     28        11700       13200      9866        -6       689       968      -197       -54    -80118     11600
     29        11200       10100      9868         2       662       968        66     -1167    -82432     12800
     30        10100        9030      9870         2       642       968        66       -28    -82487     11700

    TOTAL     338000      365320                         21166     29082                        -82487    390000








</pre>