<pre>
                                                                    BUREAU OF RECLAMATION
                                                                    LOWER COLORADO REGION
                                                                    BOULDER CITY, NEVADA

                                                               ACCUMULATIONS FOR SEPTEMBER 2017

    |GLEN CANYON    |                         HOOVER DAM         |             DAVIS DAM           |      MWD       |            PARKER DAM              |
    |               |  LAKE                                      |LAKE                             |                | LAKE                               |   C.A.P.
    |         ACCUM.|  MEAD    HOOVER RELEASE        GROSS  RATE |MOHAVE      DAVIS RELEASE   GROSS|DIVER. AT INTAKE| HAVASU     PARKER RELEASE     GROSS| DIVER. ACCUM.
DAY |   CFS    A.F. |  ELEV.   CFS    A.F.   ACCUM.   GEN  KWH/AF|ELEV   CFS   A.F.   ACCUM.  GEN  | A.F. ACCUM.    | ELEV    CFS    A.F.   ACCUM.  GEN. | A.F.   A.F.
----------------------------------------------------------------------------------------------------------------------------------------------------------------------
  1   11700   23207   1081.54  12187  24172   24172   9323  386  642.54  11600  23006   23006  2855  1672   1672    448.23   9510  18865    18865   1322   3282   3282
  2   11600   46215   1081.59  11514  22838   47010   8913  390  642.53  11980  23764   46770  2953  1998   3670    448.02  10100  20026    38891   1404   3281   6563
  3    9700   65455   1081.60  13191  26165   73175  10152  388  642.58  12020  23844   70614  2960  1521   5191    447.96   9710  19264    58155   1360   3278   9841
  4   10100   85488   1081.63   9730  19299   92474   7490  388  642.35  12010  23816   94430  2956  1537   6728    447.86  10810  21436    79591   1513   3278  13119
  5   11800  108893   1081.56  14140  28047  120521  10866  387  642.55  11600  23016  117446  2843  1551   8279    447.85   8100  16065    95656   1124   4516  17635
  6   11900  132496   1081.50  12365  24525  145046   9517  388  642.54  11590  22996  140442  2842  1538   9817    448.05   6900  13684   109340    966   4504  22139
  7   11700  155702   1081.41  13076  25936  170982   9902  382  642.65  11600  23016  163458  2843  1603  11420    448.41   4900   9710   119050    669   3998  26137
  8   11500  178512   1081.47   9801  19441  190423   7482  385  642.53  11410  22640  186098  2798  2105  13525    448.45   8500  16856   135906   1185   4518  30655
  9    9900  198149   1081.54  10200  20232  210655   7815  386  642.50   9000  17852  203950  2177  2106  15631    448.83   5000   9917   145823    672   4520  35175
 10    9400  216793   1081.47  12777  25342  235997   9764  385  642.89   8400  16668  220618  2027  2041  17672    448.66   7020  13915   159738    990   4917  40092
 11   11800  240198   1081.41  14821  29398  265395  11414  388  643.22   8990  17836  238454  2189  2045  19717    448.62   6200  12292   172030    863   3592  43684
 12   11700  263405   1081.38  11094  22005  287400   8516  387  643.30  10000  19826  258280  2441  2039  21756    448.36   8210  16277   188307   1150   3824  47508
 13   11700  286612   1081.35  10443  20714  308114   7840  378  643.29   9990  19812  278092  2450  2000  23756    448.26   7700  15265   203572   1069   4527  52035
 14   11300  309025   1081.31  11834  23472  331586   8859  377  643.29   9980  19804  297896  2433  2014  25770    448.52   4000   7940   211512    524   4528  56563
 15   11500  331835   1081.36   8985  17822  349408   6741  378  643.19  10600  21016  318912  2592  1996  27766    448.34   8400  16661   228173   1175   4527  61090
 16   10200  352066   1081.44   8465  16791  366199   6441  384  642.96  10590  21014  339926  2591  1973  29739    448.03   9400  18641   246814   1311   5705  66795
 17    9800  371504   1081.48   9564  18970  385169   7349  387  642.90   9990  19824  359750  2432  1498  31237    447.71  10010  19847   266661   1384   5557  72352
 18   11800  394909   1081.54   9365  18575  403744   7096  382  642.66  11690  23192  382942  2875  1517  32754    447.52   8700  17252   283913   1213   4519  76871
 19   11600  417917   1081.53   7487  14850  418594   5683  383  642.34  11700  23204  406146  2866  1528  34282    447.49   9000  17858   301771   1255   4231  81102
 20   11600  440926   1081.53   8248  16360  434954   6263  383  641.96  12190  24184  430330  2992  1550  35832    447.47   8500  16862   318633   1185   4540  85642
 21   11600  463934   1081.56   7873  15615  450569   5895  378  641.82  11390  22596  452926  2791  1619  37451    448.02   4200   8327   326960    541   4540  90182
 22   11900  487537   1081.64   8215  16295  466864   6272  385  641.55  11010  21834  474760  2679  2031  39482    447.85   9350  18537   345497   1282   4537  94719
 23   10600  508562   1081.71   6176  12250  479114   4652  380  641.20  10790  21400  496160  2636  2064  41546    447.58  10210  20247   365744   1412   5693 100412
 24    9900  528198   1081.80   7696  15265  494379   5851  383  640.81  12070  23950  520110  2949  2027  43573    447.03  10990  21797   387541   1515   5603 106015
 25   11700  551405   1081.85   8318  16498  510877   6370  386  640.36  13790  27348  547458  3409  2010  45583    447.08   9520  18887   406428   1300   3705 109720
 26   11700  574612   1081.86   9016  17883  528760   6953  389  640.10  12580  24960  572418  3086  2004  47587    447.27   8910  17663   424091   1236   4881 114601
 27   11700  597818   1081.87   9285  18417  547177   7117  386  640.02   9690  19218  591636  2336  2010  49597    447.15   8310  16478   440569   1157   4881 119482
 28   11700  621025   1081.90   9616  19073  566250   7394  388  639.94   9820  19468  611104  2351  1993  51590    447.39   4590   9103   449672    606   4484 123966
 29   11600  644033   1081.94  10061  19956  586206   7680  385  639.82  11370  22556  633660  2762  1998  53588    447.19   8590  17033   466705   1193   4511 128477
 30    9700  663273   1082.05   6725  13339  599545   5089  382  639.47  11390  22596  656256  2752  1968  55556    447.17   7400  14686   481391   1032   5597 134074

TOTAL                                               230699                                    80868                                                33610










                                                                    BUREAU OF RECLAMATION
                                                                    LOWER COLORADO REGION
                                                                    BOULDER CITY, NEVADA

                                                     AVAILABLE RESERVOIR ELEVATIONS AND CONTENTS FOR SEPTEMBER 2017

                                        LAKE MEAD                      LAKE MOHAVE                      LAKE HAVASU                        SENATOR WASH
  AVAILABLE CAPACITY IN A.F.            *26120000                        1809800                           619400                              9144
  ELEVATION IN FEET                        1219.6                          647.0                            450.0                             240.0

           TOTAL     TOTAL    |             HOOVER            |            DAVIS            |             PARKER            |             SENATOR WASH
          SYSTEM    AVAILABLE |ELEVATION    CONTENT   RELEASE |ELEVATION   CONTENT  RELEASE |ELEVATION    CONTENT   RELEASE | ELEVATION   CONTENT  PUMPED   RELEASE
     DAY  STORAGE**   SPACE   |  FEET       1000A.F.    ft3/s |  FEET      1000A.F.  ft3/s  |   FEET      1000A.F.  ft3/s   |  FEET        A.F.     ft3/s    ft3/s
-----------------------------------------------------------------------------------------------------------------------------------------------------------------------------
       1    33413.5  27711.6    1081.54      10139       12200   642.54     1686.2    11600    448.23      584.4     9510      234.15     7067        0      592
       2    33394.1  27731.0    1081.59      10143       11500   642.53     1685.8    12000    448.02      580.4    10100      231.31     6167        0      444
       3    33379.5  27745.6    1081.60      10144       13200   642.58     1687.3    12000    447.96      579.2     9710      236.34     7810      887        0
       4    33356.4  27768.6    1081.63      10146        9730   642.35     1680.9    12000    447.86      577.4    10800      237.84     8342      346        0
       5    33334.8  27790.2    1081.56      10141       14100   642.55     1686.5    11600    447.85      577.2     8100      239.81     9073      495        0
       6    33312.9  27812.1    1081.50      10136       12400   642.54     1686.2    11600    448.05      581.0     6900      239.85     9088      120        0
       7    33291.8  27833.3    1081.41      10128       13100   642.65     1689.1    11600    448.41      587.9     4900      239.85     9088      108        0
       8    33276.9  27848.2    1081.47      10133        9800   642.53     1685.7    11400    448.45      588.7     8500      239.76     9054       77        0
       9    33272.0  27853.0    1081.54      10139       10200   642.50     1685.1     9000    448.83      596.1     5000      237.81     8332       47      531
      10    33263.6  27861.5    1081.47      10133       12800   642.89     1695.8     8400    448.66      592.8     7020      239.82     9076      447        0
      11    33247.2  27877.9    1081.41      10128       14800   643.22     1704.8     8990    448.62      592.0     6200      239.89     9102      110        0
      12    33224.0  27901.0    1081.38      10126       11100   643.30     1707.0    10000    448.36      587.0     8210      239.47     8945       11        0
      13    33201.8  27923.3    1081.35      10123       10400   643.29     1706.8     9990    448.26      585.1     7700      239.70     9031      131        0
      14    33187.3  27937.8    1081.31      10120       11800   643.29     1706.7     9980    448.52      590.0     4000      237.87     8353       38      316
      15    33182.9  27942.1    1081.36      10124        8990   643.19     1704.0    10600    448.34      586.6     8400      238.27     8499      161       26
      16    33162.5  27962.5    1081.44      10131        8470   642.96     1697.6    10600    448.03      580.5     9400      238.29     8506      257      244
      17    33141.7  27983.3    1081.48      10134        9560   642.90     1696.1     9990    447.71      574.5    10000      236.09     7723       32      401
      18    33116.9  28008.2    1081.54      10139        9360   642.66     1689.3    11700    447.52      571.0     8700      235.75     7606      224      264
      19    33092.7  28032.4    1081.53      10138        7490   642.34     1680.8    11700    447.49      570.4     9000      238.34     8525      529        0
      20    33069.9  28055.2    1081.53      10138        8250   641.96     1670.4    12200    447.47      570.0     8500      238.74     8672      169        0
      21    33063.0  28062.1    1081.56      10141        7870   641.82     1666.4    11400    448.02      580.3     4200      238.37     8536      168      153
      22    33037.8  28087.3    1081.64      10147        8220   641.55     1659.3    11000    447.85      577.1     9350      236.64     7915        0      258
      23    33012.4  28112.6    1081.71      10153        6180   641.20     1649.8    10800    447.58      572.1    10200      235.85     7640       67      153
      24    32992.6  28132.5    1081.80      10161        7700   640.81     1639.4    12100    447.03      561.7    11000      232.42     6510        0      560
      25    32970.5  28154.5    1081.85      10165        8320   640.36     1627.2    13800    447.08      562.5     9520      231.25     6149      152      325
      26    32954.0  28171.1    1081.86      10166        9020   640.10     1620.2    12600    447.27      566.3     8910      234.41     7153      532        0
      27    32943.6  28181.5    1081.87      10167        9290   640.02     1617.9     9690    447.15      564.0     8310      237.22     8120      542        0
      28    32936.5  28188.6    1081.90      10169        9620   639.94     1616.0     9820    447.39      568.5     4590      239.79     9065      584        0
      29    32925.8  28199.3    1081.94      10172       10100   639.82     1612.8    11400    447.19      564.7     8590      239.75     9050      108        0
      30    32918.3  28206.8    1082.05      10182        6730   639.47     1603.2    11400    447.17      564.3     7400      239.70     9031      115       20

TOTAL                                                   302300                       330960                        242720                          6457     4287
AVE.                                                     10080                        11030                          8090                           215      143
AC FT                                                   600000                       656000                        481000                         12807     8503

      * BOTTOM OF EXCLUSIVE FLOOD CONTROL SPACE
     ** INCLUDES FONTENELLE AND CRYSTAL RESERVOIRS


                                                                      BUREAU OF RECLAMATION
                                                                      LOWER COLORADO REGION
                                                                      BOULDER CITY, NEVADA

                                             COLORADO RIVER STORAGE PROJECT DATA (operational) FOR SEPTEMBER 2017

                   LAKE POWELL          |        FLAMING GORGE        |          NAVAJO            |      BLUE MESA             |     MORROW POINT
             MAX. STORAGE 24322000 AF   |  MAX. STORAGE 3749000 AF    | MAX. STORAGE 1696000 AF    | MAX. STORAGE 829500 AF     | MAX. STORAGE 117025 AF  
    COMPUTED MAX. ELEV. 3700.0 FEET     |  MAX. ELEV. 6040.0 FEET     | MAX. ELEV. 6085.0 FEET     | MAX. ELEV. 7519.4 FEET     | MAX. ELEV. 7160.0 FEET
     INFLOW  ELEVATION CONTENT  RELEASE |  ELEVATION CONTENT  RELEASE | ELEVATION CONTENT  RELEASE | ELEVATION CONTENT  RELEASE | ELEVATION CONTENT  RELEASE
DATE FT3/S   (FEET)  (1000 AF)   FT3/S  |  (FEET)  (1000 AF)   FT3/   |(FEET)  (1000 AF)   FT3/S   | (FEET)  (1000 AF)   FT3/S  |(FEET)  (1000 AF)   FT3/S
------------------------------------------------------------------------------------------------------------------------------------------------------------
   1   5300   3630.76   14938    11700      6035.03   3550     2440      6057.90   1320      750     7516.13    800.1    2250     7153.66    111.9    1860
   2   5900   3630.65   14926    11600      6034.97   3540     2430      6057.74   1320      760     7515.95    798.4    1790     7153.51    111.8    1850
   3   5800   3630.57   14917     9700      6034.91   3540     2410      6057.61   1320      760     7515.75    796.6    1800     7153.42    111.8    1840
   4   6100   3630.49   14908    10100      6034.85   3540     2410      6057.40   1320      760     7515.45    793.9    2020     7153.91    112.1    1830
   5   4800   3630.36   14893    11800      6034.79   3540     2160      6057.30   1310      760     7515.20    791.7    1990     7153.95    112.2    1990
   6   5500   3630.24   14880    11900      6034.75   3540     2090      6057.12   1310      760     7514.90    789.0    2170     7153.89    112.1    2200
   7   4100   3630.10   14864    11700      6034.69   3530     2380      6056.96   1310      760     7514.60    786.3    1960     7154.04    112.2    1900
   8   6900   3630.01   14854    11500      6034.63   3530     2380      6056.82   1310      760     7514.31    783.8    2040     7153.96    112.2    2070
   9   5400   3629.92   14844     9900      6034.59   3530     2380      6056.63   1310      760     7514.09    781.8    1710     7153.51    111.8    1890
  10   8600   3629.89   14841     9400      6034.53   3530     2380      6056.51   1300      760     7513.84    779.6    1910     7153.52    111.8    1920
  11   6100   3629.78   14828    11800      6034.47   3520     2380      6056.37   1300      760     7513.55    777.0    2060     7153.73    112.0    1990
  12   7200   3629.69   14818    11700      6034.41   3520     2380      6056.20   1300      770     7513.24    774.2    2040     7153.88    112.1    1980
  13   7200   3629.60   14808    11700      6034.35   3520     2380      6056.05   1300      780     7512.95    771.7    1850     7153.46    111.8    2020
  14   6800   3629.51   14798    11300      6034.31   3520     2380      6055.94   1300      770     7512.70    769.5    1890     7153.62    111.9    1800
  15  14300   3629.54   14801    11500      6034.27   3520     2380      6055.82   1300      780     7512.45    767.3    1940     7153.76    112.0    1900
  16   6300   3629.46   14792    10200      6034.23   3520     2380      6055.70   1290      780     7512.22    765.2    1800     7153.78    112.0    1810
  17   5300   3629.37   14782     9800      6034.17   3510     2380      6055.57   1290      790     7511.97    763.0    1850     7154.10    112.3    1730
  18   6000   3629.26   14770    11800      6034.09   3510     2380      6055.44   1290      790     7511.80    761.6    1540     7152.75    111.2    2000
  19   7700   3629.18   14761    11600      6034.07   3510     2380      6055.32   1290      660     7511.36    757.7    2620     7153.15    111.5    2380
  20   6500   3629.08   14750    11600      6034.14   3510     2380      6055.22   1290      630     7511.07    755.2    1890     7154.03    112.2    1540
  21   7700   3629.00   14741    11600      6034.06   3510     2380      6055.09   1290      630     7510.78    752.6    1970     7154.93    113.0    1540
  22   5000   3628.87   14727    11900      6033.98   3510     2380      6055.00   1290      630     7510.52    750.4    1660     7154.31    112.5    1890
  23   5500   3628.77   14716    10600      6033.91   3500     2380      6054.92   1280      630     7510.27    748.2    1910     7154.22    112.4    1930
  24   9000   3628.74   14712     9900      6033.87   3500     2380      6054.89   1280      630     7510.07    746.5    1530     7153.51    111.8    1860
  25   6000   3628.63   14700    11700      6033.85   3500     2380      6054.86   1280      640     7509.81    744.2    1820     7153.82    112.1    1700
  26   7200   3628.54   14690    11700      6033.81   3500     2380      6054.78   1280      610     7509.38    740.5    2540     7154.26    112.4    2330
  27   9000   3628.48   14683    11700      6033.81   3500     2330      6054.86   1280      620     7509.14    738.4    1990     7153.85    112.1    2170
  28   7800   3628.40   14674    11700      6033.75   3500     2390      6054.93   1280      620     7508.88    736.2    1860     7155.26    113.2    1300
  29   9500   3628.35   14669    11600      6033.71   3490     2380      6055.07   1290      630     7508.62    733.9    1980     7155.52    113.4    1840
  30   8200   3628.31   14664     9700      6033.63   3490     2380      6055.28   1290      620     7508.43    732.3    1690     7155.62    113.5    1560

TOT  206700                     334400                        71020                        21360                        58070                        56620
AVE    6890                      11150                         2370                          710                         1940                         1890
A F  410000                     663000                       141000                        42400                        115200                       112300







                                          BUREAU OF RECLAMATION
                                          LOWER COLORADO REGION
                                          BOULDER CITY, NEVADA

                                     GLEN CANYON TO HOOVER DAM LOSSES

                                                SEPTEMBER 2017

                      |           | LAKE    |         |   LAKE|    LAKE   |  CHANGE |
               GLEN   |    HOOVER | MEAD    |  STORAGE|   MEAD|    MEAD   |   BANK  |       |          |
              RELEASE |    RELEASE| STORAGE |  CHANGE |PUMPING|EVAPORATION| STORAGE |  LOSS |  ACCUMUL.|  INFLOW
   DATE |      CFS    |     CFS   | 1000 AF |  1000 AF|    CFS|     CFS   |    CFS  |   CFS |     A.F. |   CFS
--------------------------------------------------------------------------------------------------------------------
      1        11700       12200     10139         8       749       980       262     -3047     -6043     18200
      2        11600       11500     10143         4       732       980       131      -266     -6571     15400
      3         9700       13200     10144         1       701       981        33     -3683    -13877     15400
      4        10100        9730     10146         2       681       981        66      -832    -15528     12500
      5        11800       14100     10141        -5       701       981      -164     -3363    -22199     13100
      6        11900       12400     10136        -5       721       980      -164     -1361    -24899     11400
      7        11700       13100     10128        -8       693       980      -262      1292    -22336     10500
      8        11500        9800     10133         5       664       980       164     -2252    -26803     14100
      9         9900       10200     10139         6       597       980       197     -3336    -33420     15000
     10         9400       12800     10133        -6       569       980      -197       350    -32726     11100
     11        11800       14800     10128        -5       633       980      -164     -3784    -40232     13700
     12        11700       11100     10126        -2       644       980       -66     -2200    -44597     11700
     13        11700       10400     10123        -3       576       980       -98      1471    -41679     10300
     14        11300       11800     10120        -3       665       980       -98      -134    -41944     11800
     15        11500        8990     10124         4       639       980       131     -1062    -44050     12800
     16        10200        8470     10131         7       594       980       229     -2475    -48959     13800
     17         9800        9560     10134         3       588       980        98     -1253    -51444     12700
     18        11800        9360     10139         5       610       980       164     -3449    -58285     13600
     19        11600        7490     10138        -1       637       980       -33      1200    -55904      8570
     20        11600        8250     10138         0       622       980         0      1906    -52124      9850
     21        11600        7870     10141         3       628       980        98       493    -51146     11100
     22        11900        8220     10147         6       624       981       197     -1442    -54007     13000
     23        10600        6180     10153         6       596       981       197       594    -52829     11000
     24         9900        7700     10161         8       583       981       262     -1632    -56065     13600
     25        11700        8320     10165         4       579       981       131     -1439    -58919     12000
     26        11700        9020     10166         1       645       982        33     -1323    -61543     11200
     27        11700        9290     10167         1       603       982        33       285    -60978     11400
     28        11700        9620     10169         2       627       982        66      -601    -62171     12300
     29        11600       10100     10172         3       607       982        98     -1609    -65361     13300
     30         9700        6730     10182        10       605       982       328     -1955    -69240     13700

    TOTAL     334300      302270                         19113     29417                        -69240    378200







</pre>