<pre>
                                                                    BUREAU OF RECLAMATION
                                                                    LOWER COLORADO REGION
                                                                    BOULDER CITY, NEVADA

                                                               ACCUMULATIONS FOR SEPTEMBER 2021

    |GLEN CANYON    |                         HOOVER DAM         |             DAVIS DAM           |      MWD       |            PARKER DAM              |
    |               |  LAKE                                      |LAKE                             |                | LAKE                               |   C.A.P.
    |         ACCUM.|  MEAD    HOOVER RELEASE        GROSS  RATE |MOHAVE      DAVIS RELEASE   GROSS|DIVER. AT INTAKE| HAVASU     PARKER RELEASE     GROSS| DIVER. ACCUM.
DAY |   CFS    A.F. |  ELEV.   CFS    A.F.   ACCUM.   GEN  KWH/AF|ELEV   CFS   A.F.   ACCUM.  GEN  | A.F. ACCUM.    | ELEV    CFS    A.F.   ACCUM.  GEN. | A.F.   A.F.
----------------------------------------------------------------------------------------------------------------------------------------------------------------------
  1   10700   21223   1067.92   9700  19239   19239   7723  401  643.49  11890  23583   23583  2940  3412   3412    447.79   6810  13505    13505    944   2416   2416
  2   10900   42843   1067.95  11476  22762   42001   8901  391  643.31  13090  25967   49550  3237  3400   6812    448.23   3600   7139    20644    470   2425   4841
  3   10700   64066   1067.94  11890  23584   65585   9397  398  643.28  12910  25616   75166  3191  3391  10203    448.37   8700  17265    37909   1218   2427   7268
  4   10700   85289   1067.96   9566  18975   84560   7164  378  643.03  12900  25595  100761  3194  3380  13583    448.43   8800  17454    55363   1228   2429   9697
  5    9100  103339   1067.93  12798  25385  109945   9939  392  643.06  12320  24430  125191  3047  3288  16871    448.45   9100  18046    73409   1255   3283  12980
  6   10700  124562   1067.86  11331  22474  132419   9263  412  643.09  12330  24453  149644  3049  3308  20179    448.39   9510  18870    92279   1319   3288  16268
  7   10800  145983   1067.80  13125  26034  158453  10024  385  643.14  12320  24428  174072  3039  3048  23227    448.26   9510  18870   111149   1316   4044  20312
  8   10800  167405   1067.72  11277  22367  180820   8574  383  643.02  12300  24397  198469  3038  2958  26185    448.15  10010  19846   130995   1374   3261  23573
  9   10800  188826   1067.64  13652  27079  207899  10143  375  643.08  12900  25595  224064  3187  2976  29161    448.46   6110  12119   143114    842   3783  27356
 10   10700  210050   1067.60  11179  22174  230073   8283  374  642.87  13190  26171  250235  3261  2994  32155    448.33  10010  19845   162959   1378   4058  31414
 11   10700  231273   1067.66   9023  17897  247970   6631  371  642.56  13200  26186  276421  3261  3005  35160    448.33   9510  18854   181813   1315   4069  35483
 12    9100  249322   1067.72   8047  15962  263932   5872  368  642.17  13200  26179  302600  3242  3016  38176    448.26   9390  18631   200444   1296   5012  40495
 13   10600  270347   1067.60  13594  26964  290896  10166  377  642.30  12530  24853  327453  3099  3367  41543    448.13  10640  21113   221557   1449   4054  44549
 14   10700  291570   1067.59  10819  21460  312356   8040  375  642.06  12590  24981  352434  3087  3462  45005    447.92  10300  20432   241989   1405   4304  48853
 15   10700  312793   1067.57   8964  17779  330135   6620  372  641.82  12000  23793  376227  2916  3437  48442    447.72  10000  19838   261827   1368   4503  53356
 16   10700  334016   1067.56   9909  19654  349789   7229  368  641.63  12000  23799  400026  2889  3418  51860    447.85   6600  13098   274925    866   4505  57861
 17   10600  355041   1067.56  10867  21554  371343   7960  369  641.47  12600  24988  425014  3075  3381  55241    447.67  10010  19856   294781   1372   4141  62002
 18   10700  376264   1067.61   8366  16593  387936   6156  371  641.18  12600  24988  450002  3073  3362  58603    447.55   9900  19635   314416   1356   4139  66141
 19    9100  394314   1067.63   9087  18024  405960   6677  370  640.86  13000  25782  475784  3160  3037  61640    447.31  10300  20431   334847   1401   4839  70980
 20   10600  415339   1067.64   9032  17915  423875   6507  363  640.62  13200  26186  501970  3199  2945  64585    447.20  10510  20837   355684   1423   3849  74829
 21   10600  436364   1067.61  10639  21103  444977   7879  373  640.60  13220  26222  528192  3204  2963  67548    447.13  11400  22609   378293   1538   3137  77966
 22   10500  457190   1067.49  13120  26024  471001   9769  375  640.33  12580  24961  553153  3048  2980  70528    447.61   4300   8526   386819    559   3331  81297
 23   10600  478215   1067.48  11959  23721  494723   8786  370  640.27  12190  24188  577341  2955  3002  73530    448.20   3810   7551   394370    487   3331  84628
 24   10600  499240   1067.50   9138  18124  512847   6654  367  639.98  12300  24401  601742  2978  3336  76866    447.92  10890  21599   415969   1498   3334  87962
 25   10600  520264   1067.52   9302  18450  531297   6756  366  639.77  12210  24226  625968  2949  3424  80290    447.41  13790  27362   443331   1886   3437  91399
 26    9100  538314   1067.53   9681  19202  550499   7067  368  639.56  12200  24197  650165  2940  3400  83690    447.10  10500  20826   464157   1428   3435  94834
 27   10600  559339   1067.56   8523  16906  567405   6080  360  639.22  12990  25760  675925  3122  3382  87072    447.57   5000   9922   474079    658   3434  98268
 28   10500  580165   1067.65   8218  16301  583706   7732  474  638.83  13570  26908  702833  3245  3376  90448    447.67   9180  18209   492288   1232   2420 100688
 29   10500  600992   1067.66   8844  17542  601248   6399  365  638.56  13600  26972  729805  3255  3370  93818    448.05   6600  13090   505378    913   2937 103625
 30   10600  622016   1067.68   7616  15107  616355   5483  363  638.04  13000  25782  755587  3103  3041  96859    448.49   5400  10708   516086    713   2743 106368

TOTAL                                               233874                                    92986                                                35509










                                                                    BUREAU OF RECLAMATION
                                                                    LOWER COLORADO REGION
                                                                    BOULDER CITY, NEVADA

                                                     AVAILABLE RESERVOIR ELEVATIONS AND CONTENTS FOR SEPTEMBER 2021

                                        LAKE MEAD                      LAKE MOHAVE                      LAKE HAVASU                        SENATOR WASH
  AVAILABLE CAPACITY IN A.F.            *26120000                        1809800                           619400                              9144
  ELEVATION IN FEET                        1219.6                          647.0                            450.0                             240.0

           TOTAL     TOTAL    |             HOOVER            |            DAVIS            |             PARKER            |             SENATOR WASH
          SYSTEM    AVAILABLE |ELEVATION    CONTENT   RELEASE |ELEVATION   CONTENT  RELEASE |ELEVATION    CONTENT   RELEASE | ELEVATION   CONTENT  PUMPED   RELEASE
     DAY  STORAGE**   SPACE   |  FEET       1000A.F.    ft3/s |  FEET      1000A.F.  ft3/s  |   FEET      1000A.F.  ft3/s   |  FEET        A.F.     ft3/s    ft3/s
-----------------------------------------------------------------------------------------------------------------------------------------------------------------------------
       1    23560.8  37564.3    1067.92       9035        9700   643.49     1712.1    11900    447.79      576.0     6810      236.12     7733       70        0
       2    23565.0  37560.0    1067.95       9037       11500   643.31     1707.3    13100    448.23      584.4     3600      236.17     7751       75        0
       3    23568.4  37556.6    1067.94       9037       11900   643.28     1706.4    12900    448.37      587.2     8700      236.14     7740       69        0
       4    23552.7  37572.3    1067.96       9038        9570   643.03     1699.4    12900    448.43      588.4     8800      236.07     7716      125       83
       5    23542.2  37582.9    1067.93       9036       12800   643.06     1700.2    12300    448.45      588.8     9100      236.12     7733       63        0
       6    23520.8  37604.3    1067.86       9030       11300   643.09     1701.1    12300    448.39      587.6     9510      237.17     8102      269        0
       7    23499.8  37625.3    1067.80       9026       13100   643.14     1702.6    12300    448.26      584.9     9510      237.00     8041       53        0
       8    23472.0  37653.0    1067.72       9019       11300   643.02     1699.2    12300    448.15      582.9    10000      236.94     8020       68        0
       9    23455.7  37669.3    1067.64       9013       13700   643.08     1701.0    12900    448.46      589.0     6110      236.89     8003       63        0
      10    23426.8  37698.3    1067.60       9010       11200   642.87     1695.2    13200    448.33      586.3    10000      236.99     8038       92        0
      11    23407.2  37717.9    1067.66       9015        9020   642.56     1686.7    13200    448.33      586.4     9510      236.93     8017       66        0
      12    23383.2  37741.9    1067.72       9019        8050   642.17     1676.0    13200    448.26      585.1     9390      236.89     8003       68        0
      13    23355.1  37770.0    1067.60       9010       13600   642.30     1679.6    12500    448.13      582.5    10600      236.83     7982       64        0
      14    23325.1  37799.9    1067.59       9009       10800   642.06     1672.9    12600    447.92      578.5    10300      236.87     7996       86        0
      15    23294.8  37830.2    1067.57       9008        8960   641.82     1666.6    12000    447.72      574.6    10000      236.97     8031       76        0
      16    23272.5  37852.6    1067.56       9007        9910   641.63     1661.4    12000    447.85      577.1     6600      237.45     8203      155        0
      17    23245.5  37879.5    1067.56       9007       10900   641.47     1657.0    12600    447.67      573.7    10000      238.17     8463      219        0
      18    23220.4  37904.6    1067.61       9011        8370   641.18     1649.2    12600    447.55      571.6     9900      238.12     8444       85        0
      19    23190.8  37934.3    1067.63       9012        9090   640.86     1640.7    13000    447.31      567.0    10300      238.12     8444       82        0
      20    23163.8  37961.3    1067.64       9013        9030   640.62     1634.2    13200    447.20      564.8    10500      238.06     8422       70        0
      21    23139.6  37985.4    1067.61       9011       10600   640.60     1633.6    13200    447.13      563.5    11400      237.90     8364       51        0
      22    23114.4  38010.7    1067.49       9001       13100   640.33     1626.4    12600    447.61      572.7     4300      237.94     8378      102        0
      23    23104.6  38020.5    1067.48       9000       12000   640.27     1624.7    12200    448.20      583.9     3810      237.82     8335       41        0
      24    23075.4  38049.7    1067.50       9002        9140   639.98     1617.0    12300    447.92      578.5    10900      237.94     8378       93        0
      25    23043.9  38081.2    1067.52       9004        9300   639.77     1611.4    12200    447.41      568.8    13800      237.87     8353       66        0
      26    23015.9  38109.2    1067.53       9004        9680   639.56     1605.8    12200    447.10      562.9    10500      237.92     8371       90        0
      27    23001.8  38123.2    1067.56       9007        8520   639.22     1596.8    13000    447.57      571.9     5000      238.18     8467      114        0
      28    22983.1  38141.9    1067.65       9014        8220   638.83     1586.3    13600    447.67      573.7     9180      239.05     8787      234        0
      29    22967.7  38157.4    1067.66       9015        8840   638.56     1579.1    13600    448.05      581.0     6600      238.91     8735       77        0
      30    22947.4  38177.6    1067.68       9016        7620   638.04     1565.3    13000    448.49      589.5     5400      238.98     8761       89        0

TOTAL                                                   310820                       380900                        260130                          2875       83
AVE.                                                     10360                        12700                          8670                            96        3
AC FT                                                   617000                       756000                        516000                          5702      165

      * BOTTOM OF EXCLUSIVE FLOOD CONTROL SPACE
     ** INCLUDES FONTENELLE AND CRYSTAL RESERVOIRS


                                                                      BUREAU OF RECLAMATION
                                                                      LOWER COLORADO REGION
                                                                      BOULDER CITY, NEVADA

                                             COLORADO RIVER STORAGE PROJECT DATA (operational) FOR SEPTEMBER 2021

                   LAKE POWELL          |        FLAMING GORGE        |          NAVAJO            |      BLUE MESA             |     MORROW POINT
             MAX. STORAGE 24322000 AF   |  MAX. STORAGE 3749000 AF    | MAX. STORAGE 1696000 AF    | MAX. STORAGE 829500 AF     | MAX. STORAGE 117025 AF  
    COMPUTED MAX. ELEV. 3700.0 FEET     |  MAX. ELEV. 6040.0 FEET     | MAX. ELEV. 6085.0 FEET     | MAX. ELEV. 7519.4 FEET     | MAX. ELEV. 7160.0 FEET
     INFLOW  ELEVATION CONTENT  RELEASE |  ELEVATION CONTENT  RELEASE | ELEVATION CONTENT  RELEASE | ELEVATION CONTENT  RELEASE | ELEVATION CONTENT  RELEASE
DATE FT3/S   (FEET)  (1000 AF)   FT3/S  |  (FEET)  (1000 AF)   FT3/   |(FEET)  (1000 AF)   FT3/S   | (FEET)  (1000 AF)   FT3/S  |(FEET)  (1000 AF)   FT3/S
------------------------------------------------------------------------------------------------------------------------------------------------------------
   1  17100   3549.11    7522    10700      6021.43   3030     1620      6029.99   1010      760     7449.97    309.1    1580     7151.02    109.9    1550
   2  13300   3549.16    7525    10900      6021.37   3030     1620      6029.88   1010      770     7449.62    307.2    1620     7151.16    110.0    1570
   3  15500   3549.27    7533    10700      6021.31   3030     1620      6029.73   1010      750     7449.27    305.3    1610     7151.23    110.0    1590
   4   8500   3549.20    7528    10700      6021.25   3020     1610      6029.53   1000      750     7448.87    303.1    1610     7151.32    110.1    1580
   5   8100   3549.16    7525     9100      6021.19   3020     1620      6029.31   1000      760     7448.47    301.0    1620     7151.49    110.2    1560
   6   6600   3549.04    7517    10700      6021.13   3020     1620      6029.09   1000      780     7448.06    298.8    1520     7151.36    110.1    1580
   7   6600   3548.92    7508    10800      6021.07   3020     1640      6028.89   1000      780     7447.64    296.5    1620     7151.48    110.2    1580
   8   6300   3548.79    7499    10800      6021.01   3020     1600      6028.69   1000      790     7447.18    294.1    1630     7151.76    110.4    1530
   9   5500   3548.64    7488    10800      6020.95   3010     1610      6028.47    990      800     7446.74    291.8    1520     7151.64    110.4    1570
  10   5800   3548.50    7478    10700      6020.89   3010     1610      6028.22    990      800     7446.27    289.3    1600     7151.72    110.4    1580
  11   6600   3548.38    7470    10700      6020.83   3010     1610      6027.97    990      790     7445.81    286.9    1570     7151.72    110.4    1570
  12   4600   3548.25    7461     9100      6020.77   3010     1620      6027.72    990      780     7445.23    283.8    1760     7152.11    110.7    1610
  13   4200   3548.07    7448    10600      6020.71   3000     1590      6027.49    980      790     7444.78    281.5    1590     7152.20    110.8    1560
  14   5000   3547.91    7437    10700      6020.65   3000     1620      6027.27    980      850     7444.31    279.1    1560     7152.18    110.8    1570
  15   5100   3547.75    7425    10700      6020.59   3000     1610      6027.03    980      860     7443.86    276.8    1510     7152.20    110.8    1500
  16   5100   3547.59    7414    10700      6020.53   3000     1610      6026.78    980      870     7443.37    274.3    1580     7152.24    110.8    1570
  17   4600   3547.42    7402    10600      6020.47   3000     1610      6026.53    970      920     7442.89    271.8    1650     7152.41    111.0    1580
  18   4900   3547.26    7390    10700      6020.41   2990     1610      6026.26    970      940     7442.41    269.4    1580     7152.55    111.1    1530
  19   3400   3547.09    7379     9100      6020.35   2990     1620      6026.09    970      950     7442.00    267.4    1350     7152.01    110.6    1570
  20   4800   3546.93    7367    10600      6020.29   2990     1580      6025.83    970      950     7441.47    264.7    1580     7152.05    110.7    1570
  21   4300   3546.75    7355    10600      6020.23   2990     1610      6025.57    960      950     7441.01    262.4    1600     7152.15    110.8    1570
  22   5300   3546.60    7344    10500      6020.17   2990     1610      6025.34    960      950     7440.52    260.0    1570     7152.08    110.7    1610
  23   5000   3546.44    7333    10600      6020.11   2980     1610      6025.11    960      900     7440.03    257.6    1470     7151.86    110.5    1560
  24   5000   3546.28    7322    10600      6020.05   2980     1610      6024.94    960      900     7439.52    255.1    1600     7151.95    110.6    1570
  25   5200   3546.12    7311    10600      6019.99   2980     1610      6024.74    960      900     7438.98    252.5    1630     7152.14    110.7    1560
  26   4000   3545.98    7301     9100      6019.93   2980     1610      6024.55    950      900     7438.48    250.1    1510     7152.08    110.7    1530
  27   5500   3545.83    7290    10600      6019.87   2980     1610      6024.43    950      900     7438.00    247.8    1500     7151.88    110.5    1580
  28   5300   3545.68    7280    10500      6019.81   2970     1610      6024.27    950      810     7437.50    245.4    1540     7151.82    110.5    1570
  29   5400   3545.53    7270    10500      6019.75   2970     1560      6024.15    950      760     7437.02    243.1    1550     7152.07    110.7    1460
  30   4700   3545.36    7258    10600      6019.69   2970     1520      6024.10    950      680     7436.58    241.1    1540     7152.50    111.0    1370

TOT  191300                     313600                        48210                        25090                        47170                        46700
AVE    6377                      10450                         1610                          840                         1570                         1560
A F  379400                     622000                        96000                        49800                        93600                        92600







                                          BUREAU OF RECLAMATION
                                          LOWER COLORADO REGION
                                          BOULDER CITY, NEVADA

                                     GLEN CANYON TO HOOVER DAM LOSSES

                                                SEPTEMBER 2021

                      |           | LAKE    |         |   LAKE|    LAKE   |  CHANGE |
               GLEN   |    HOOVER | MEAD    |  STORAGE|   MEAD|    MEAD   |   BANK  |       |          |
              RELEASE |    RELEASE| STORAGE |  CHANGE |PUMPING|EVAPORATION| STORAGE |  LOSS |  ACCUMUL.|  INFLOW
   DATE |      CFS    |     CFS   | 1000 AF |  1000 AF|    CFS|     CFS   |    CFS  |   CFS |     A.F. |   CFS
--------------------------------------------------------------------------------------------------------------------
      1        10700        9700      9035        -3       781       926       -98      3985      7904      9800
      2        10900       11500      9037         2       763       926        66      -548      6817     14300
      3        10700       11900      9037         0       793       926         0     -2886      1093     13600
      4        10700        9570      9038         1       724       926        33      -903      -697     11800
      5         9100       12800      9036        -2       647       926       -66     -2565     -5784     13300
      6        10700       11300      9030        -6       768       926      -197       910     -3980      9770
      7        10800       13100      9026        -4       691       925      -131     -3482    -10885     12600
      8        10800       11300      9019        -7       719       925      -229      1550     -7812      9190
      9        10800       13700      9013        -6       743       925      -197     -1379    -10546     12100
     10        10700       11200      9010        -3       742       925       -98      -422    -11383     11300
     11        10700        9020      9015         5       791       925       164     -2624    -16587     13400
     12         9100        8050      9019         4       706       925       131     -1158    -18885     11800
     13        10600       13600      9010        -9       760       925      -295       237    -18415     10500
     14        10700       10800      9009        -1       762       924       -33     -2892    -24150     11900
     15        10700        8960      9008        -1       730       924       -33       555    -23050     10100
     16        10700        9910      9007        -1       709       924       -33      -320    -23684     11000
     17        10600       10900      9007         0       684       924         0     -1766    -27188     12500
     18        10700        8370      9011         4       678       924       131     -1413    -29990     12100
     19         9100        9090      9012         1       680       925        33      -665    -31308     11200
     20        10600        9030      9013         1       682       925        33      -519    -32336     11200
     21        10600       10600      9011        -2       680       925       -66     -2030    -36364     11100
     22        10500       13100      9001       -10       685       924      -328      1222    -33940      9340
     23        10600       12000      9000        -1       747       924       -33     -2492    -38881     13100
     24        10600        9140      9002         2       676       924        66     -1265    -41391     11800
     25        10600        9300      9004         2       673       924        66     -1338    -44045     12000
     26         9100        9680      9004         0       631       924         0      -658    -45349     11200
     27        10600        8520      9007         3       651       924        98     -1120    -47571     11700
     28        10500        8220      9014         7       653       924       229     -4433    -56364     13600
     29        10500        8840      9015         1       654       925        33      -368    -57095     11000
     30        10600        7620      9016         1       658       925        33       763    -55582      9740

    TOTAL     313600      310750                         21261     27744                        -55582    348000



</pre>



