<pre>
                                                                   BUREAU OF RECLAMATION
                                                                    LOWER COLORADO REGION
                                                                    BOULDER CITY, NEVADA

                                                               ACCUMULATIONS FOR SEPTEMBER 2019

    |GLEN CANYON    |                         HOOVER DAM         |             DAVIS DAM           |      MWD       |            PARKER DAM              |
    |               |  LAKE                                      |LAKE                             |                | LAKE                               |   C.A.P.
    |         ACCUM.|  MEAD    HOOVER RELEASE        GROSS  RATE |MOHAVE      DAVIS RELEASE   GROSS|DIVER. AT INTAKE| HAVASU     PARKER RELEASE     GROSS| DIVER. ACCUM.
DAY |   CFS    A.F. |  ELEV.   CFS    A.F.   ACCUM.   GEN  KWH/AF|ELEV   CFS   A.F.   ACCUM.  GEN  | A.F. ACCUM.    | ELEV    CFS    A.F.   ACCUM.  GEN. | A.F.   A.F.
----------------------------------------------------------------------------------------------------------------------------------------------------------------------
  1   10300   20430   1083.51  11441  22693   22693   8801  388  641.76  13200  26181   26181  3246  2440   2440    447.22   9600  19036    19036   1321   6049   6049
  2   10600   41455   1083.57  13533  26842   49535  10409  388  642.14  13400  26585   52766  3297  2352   4792    447.07   9600  19046    38082   1331   6052  12101
  3   11700   64661   1083.51  13204  26189   75724  10098  386  641.99  14200  28173   80939  3489  2367   7159    447.04   9500  18840    56922   1296   6054  18155
  4   12700   89851   1083.38  13600  26975  102699  10424  386  641.88  14190  28138  109077  3484  1646   8805    447.27   8820  17487    74409   1198   4875  23030
  5   12100  113851   1083.32  13746  27264  129963  10388  381  641.90  13390  26567  135644  3290  1502  10307    448.02   3690   7321    81730    463   4518  27548
  6   11900  137455   1083.36  10133  20098  150061   7651  381  641.64  13400  26588  162232  3285  1518  11825    447.76  12110  24020   105750   1665   6064  33612
  7   11600  160463   1083.44   8753  17361  167422   6662  384  641.22  13400  26580  188812  3297  1528  13353    447.51  10790  21406   127156   1490   6061  39673
  8    9300  178909   1083.47   9697  19233  186655   7512  391  641.00  12810  25411  214223  3126  2249  15602    447.48   9400  18654   145810   1291   6060  45733
  9   11800  202314   1083.48  10369  20566  207221   7912  385  640.59  13990  27748  241971  3407  2509  18111    447.18  11000  21816   167626   1505   6051  51784
 10   11700  225521   1083.43  11329  22471  229692   8605  383  640.30  14990  29723  271694  3635  2498  20609    447.00  11000  21824   189450   1505   6049  57833
 11   11700  248727   1083.37  11664  23136  252828   8800  380  640.09  15010  29766  301460  3657  2491  23100    447.06  11000  21820   211270   1500   4915  62748
 12   11500  271537   1083.32  13096  25975  278803   9884  381  639.88  15020  29783  331243  3668  2486  25586    447.61   5990  11879   223149    829   6054  68802
 13   12100  295537   1083.27  12568  24929  303732   9563  384  639.71  14210  28177  359420  3479  2487  28073    447.84   8510  16875   240024   1182   6058  74860
 14   11900  319140   1083.28  10518  20862  324594   8072  387  639.27  15000  29746  389166  3656  2483  30556    447.97   8000  15868   255892   1112   6059  80919
 15   10600  340165   1083.26  11748  23301  347895   9051  388  639.20  12700  25182  414348  3075  2481  33037    447.93  10600  21030   276922   1463   6058  86977
 16   11800  363570   1083.22  12406  24608  372503   9535  387  639.09  13300  26374  440722  3238  2474  35511    447.78  10500  20835   297757   1446   4913  91890
 17   11800  386975   1083.20  11967  23737  396240   9084  383  638.99  13300  26372  467094  3240  2469  37980    447.62  10610  21036   318793   1459   6049  97939
 18   11900  410578   1083.15  12031  23863  420103   9158  384  638.78  12980  25753  492847  3133  2464  40444    447.56   9200  18257   337050   1265   6049 103988
 19   11900  434182   1083.10  12800  25389  445492   9778  385  638.82  13000  25780  518627  3132  2463  42907    447.96   5000   9909   346959    668   4846 108834
 20   12000  457983   1083.07  12176  24150  469642   9290  385  638.68  12980  25745  544372  3129  2461  45368    448.07   8500  16864   363823   1182   4848 113682
 21   11400  480595   1083.10  10349  20528  490170   7921  386  638.41  12990  25760  570132  3139  2459  47827    448.05  10100  20039   383862   1410   4849 118531
 22   10200  500826   1083.08  11149  22113  512283   8662  392  638.24  12990  25761  595893  3131  2456  50283    447.96   9110  18060   401922   1253   4849 123380
 23   12100  524826   1083.03  12684  25158  537441   9786  389  638.32  13290  26369  622262  3196  1765  52048    448.11   9200  18240   420162   1280   4850 128230
 24   11900  548430   1083.03  12392  24579  562020   9533  388  638.14  13270  26319  648581  3189  1525  53573    448.35   7810  15483   435645   1088   4125 132355
 25   12000  572231   1082.92  13559  26894  588914  10456  389  638.05  12450  24693  673274  2983  1525  55098    448.64   6620  13126   448771    929   4875 137230
 26   12000  596033   1082.92  12171  24140  613054   9108  377  638.31   9710  19252  692526  2327  1526  56624    449.39   2900   5752   454523    354   3267 140497
 27   12000  619835   1082.93  11422  22655  635709   8602  380  638.41   8110  16088  708614  1961  1526  58150    449.30   7500  14886   469409   1042   4923 145420
 28   11700  643041   1082.92   9961  19757  655466   7490  379  638.44   8800  17459  726073  2126  1478  59628    449.04   7410  14702   484111   1037   4918 150338
 29   10200  663273   1082.97   9346  18538  674004   6927  374  638.26  11100  22025  748098  2697   761  60389    448.94   7800  15469   499580   1094   4917 155255
 30   11900  686876   1083.00  10977  21773  695777   8266  380  638.35   9600  19049  767147  2309   524  60913    449.02   7300  14480   514060   1017   4904 160159

TOTAL                                               267428                                    94021                                                35674










                                                                    BUREAU OF RECLAMATION
                                                                    LOWER COLORADO REGION
                                                                    BOULDER CITY, NEVADA

                                                     AVAILABLE RESERVOIR ELEVATIONS AND CONTENTS FOR SEPTEMBER 2019

                                        LAKE MEAD                      LAKE MOHAVE                      LAKE HAVASU                        SENATOR WASH
  AVAILABLE CAPACITY IN A.F.            *26120000                        1809800                           619400                              9144
  ELEVATION IN FEET                        1219.6                          647.0                            450.0                             240.0

           TOTAL     TOTAL    |             HOOVER            |            DAVIS            |             PARKER            |             SENATOR WASH
          SYSTEM    AVAILABLE |ELEVATION    CONTENT   RELEASE |ELEVATION   CONTENT  RELEASE |ELEVATION    CONTENT   RELEASE | ELEVATION   CONTENT  PUMPED   RELEASE
     DAY  STORAGE**   SPACE   |  FEET       1000A.F.    ft3/s |  FEET      1000A.F.  ft3/s  |   FEET      1000A.F.  ft3/s   |  FEET        A.F.     ft3/s    ft3/s
-----------------------------------------------------------------------------------------------------------------------------------------------------------------------------
       1    32251.0  28874.0    1083.51      10304       11400   641.76     1665.0    13200    447.22      565.3     9600      236.98     8034        0        0
       2    32241.9  28883.2    1083.57      10309       13500   642.14     1675.2    13400    447.07      562.4     9600      236.57     7891        0        0
       3    32216.5  28908.5    1083.51      10304       13200   641.99     1671.2    14200    447.04      561.8     9500      237.44     8199      227        0
       4    32185.2  28939.8    1083.38      10293       13600   641.88     1668.2    14200    447.27      566.3     8820      237.19     8109       43        0
       5    32175.3  28949.8    1083.32      10288       13700   641.90     1668.6    13400    448.02      580.4     3690      236.95     8024       30        0
       6    32149.1  28975.9    1083.36      10291       10100   641.64     1661.6    13400    447.76      575.5    12100      236.55     7884        0        0
       7    32122.3  29002.7    1083.44      10298        8750   641.22     1650.4    13400    447.51      570.7    10800      236.18     7754        0        0
       8    32098.2  29026.9    1083.47      10301        9700   641.00     1644.3    12800    447.48      570.3     9400      236.11     7730       51        0
       9    32063.1  29062.0    1083.48      10301       10400   640.59     1633.3    14000    447.18      564.5    11000      236.25     7779       84        0
      10    32026.9  29098.1    1083.43      10297       11300   640.30     1625.6    15000    447.00      561.0    11000      235.86     7643        0        0
      11    32000.7  29124.4    1083.37      10292       11700   640.09     1619.8    15000    447.06      562.2    11000      235.51     7524        0        0
      12    31980.4  29144.6    1083.32      10288       13100   639.88     1614.2    15000    447.61      572.6     5990      235.18     7411        0        0
      13    31957.4  29167.6    1083.27      10284       12600   639.71     1609.8    14200    447.84      577.0     8510      235.04     7364       34        0
      14    31932.3  29192.8    1083.28      10285       10500   639.27     1598.0    15000    447.97      579.5     8000      238.35     8529      674        0
      15    31914.0  29211.1    1083.26      10283       11700   639.20     1596.2    12700    447.93      578.6    10600      239.77     9058      409        0
      16    31885.6  29239.5    1083.22      10280       12400   639.09     1593.2    13300    447.78      575.9    10500      236.89     8003        0      482
      17    31859.7  29265.3    1083.20      10278       12000   638.99     1590.4    13300    447.62      572.9    10600      236.53     7877        0        0
      18    31834.4  29290.7    1083.15      10274       12000   638.78     1585.1    13000    447.56      571.7     9200      236.19     7758        0        0
      19    31819.3  29305.7    1083.10      10269       12800   638.82     1586.0    13000    447.96      579.2     5000      235.84     7637        0        0
      20    31797.4  29327.6    1083.07      10267       12200   638.68     1582.3    13000    448.07      581.4     8500      235.51     7524        0        0
      21    31775.3  29349.8    1083.10      10269       10300   638.41     1575.1    13000    448.05      581.0    10100      235.20     7418        0        0
      22    31758.0  29367.0    1083.08      10268       11100   638.24     1570.6    13000    447.96      579.3     9110      234.89     7314        0        0
      23    31739.8  29385.2    1083.03      10264       12700   638.32     1572.6    13300    448.11      582.2     9200      234.32     7124        0       42
      24    31725.9  29399.2    1083.03      10264       12400   638.14     1568.0    13300    448.35      586.7     7810      234.31     7120       47        0
      25    31702.3  29422.8    1082.92      10254       13600   638.05     1565.5    12400    448.64      592.5     6620      234.04     7030        0        0
      26    31705.9  29419.1    1082.92      10254       12200   638.31     1572.4     9710    449.39      607.2     2900      236.80     7971      545        0
      27    31693.9  29431.2    1082.93      10255       11400   638.41     1575.2     8110    449.30      605.5     7500      238.30     8510      365        0
      28    31672.9  29452.2    1082.92      10254        9960   638.44     1575.9     8800    449.04      600.1     7410      237.72     8299        0       11
      29    31655.3  29469.7    1082.97      10259        9350   638.26     1571.2    11100    448.94      598.3     7800      238.33     8521      212        0
      30    31643.3  29481.8    1083.00      10261       11000   638.35     1573.5     9600    449.02      599.9     7300      238.41     8551      101        0

TOTAL                                                   350660                       386820                        259160                          2822      535
AVE.                                                     11690                        12890                          8640                            94       18
AC FT                                                   696000                       767000                        514000                          5597     1061

      * BOTTOM OF EXCLUSIVE FLOOD CONTROL SPACE
     ** INCLUDES FONTENELLE AND CRYSTAL RESERVOIRS


                                                                      BUREAU OF RECLAMATION
                                                                      LOWER COLORADO REGION
                                                                      BOULDER CITY, NEVADA

                                             COLORADO RIVER STORAGE PROJECT DATA (operational) FOR SEPTEMBER 2019

                   LAKE POWELL          |        FLAMING GORGE        |          NAVAJO            |      BLUE MESA             |     MORROW POINT
             MAX. STORAGE 24322000 AF   |  MAX. STORAGE 3749000 AF    | MAX. STORAGE 1696000 AF    | MAX. STORAGE 829500 AF     | MAX. STORAGE 117025 AF  
    COMPUTED MAX. ELEV. 3700.0 FEET     |  MAX. ELEV. 6040.0 FEET     | MAX. ELEV. 6085.0 FEET     | MAX. ELEV. 7519.4 FEET     | MAX. ELEV. 7160.0 FEET
     INFLOW  ELEVATION CONTENT  RELEASE |  ELEVATION CONTENT  RELEASE | ELEVATION CONTENT  RELEASE | ELEVATION CONTENT  RELEASE | ELEVATION CONTENT  RELEASE
DATE FT3/S   (FEET)  (1000 AF)   FT3/S  |  (FEET)  (1000 AF)   FT3/   |(FEET)  (1000 AF)   FT3/S   | (FEET)  (1000 AF)   FT3/S  |(FEET)  (1000 AF)   FT3/S
------------------------------------------------------------------------------------------------------------------------------------------------------------
   1   6600   3618.47   13602    10300      6032.75   3460     1900      6068.11   1450     1750     7514.32    783.8    1500     7154.08    112.3    1500
   2   4600   3618.35   13589    10600      6032.70   3450     1900      6067.82   1450     1730     7514.17    782.5    1500     7154.08    112.3    1500
   3   8600   3618.28   13582    11700      6032.65   3450     1910      6067.55   1450     1630     7514.01    781.1    1500     7154.04    112.2    1500
   4   6100   3618.15   13568    12700      6032.60   3450     1920      6067.29   1440     1400     7513.84    779.6    1500     7153.05    111.5    1920
   5   6100   3618.03   13556    12100      6032.55   3450     1910      6067.04   1440     1240     7513.77    778.9    1500     7152.81    111.3    1640
   6   7100   3617.93   13545    11900      6032.51   3450     1900      6066.78   1440     1240     7513.66    778.0    1500     7152.69    111.2    1550
   7   6700   3617.83   13535    11600      6032.48   3450     1910      6066.54   1430     1240     7513.48    776.4    1500     7152.85    111.3    1450
   8   2800   3617.70   13521     9300      6032.45   3440     1910      6066.31   1430     1240     7513.32    775.0    1500     7152.62    111.1    1600
   9   6400   3617.59   13509    11800      6032.41   3440     1890      6066.09   1430     1240     7513.09    772.9    1540     7152.65    111.1    1560
  10   5200   3617.46   13496    11700      6032.37   3440     1910      6065.87   1420     1240     7512.90    771.2    1600     7152.88    111.3    1540
  11   6900   3617.36   13485    11700      6032.35   3440     1910      6065.65   1420     1240     7512.66    769.1    1600     7152.37    110.9    1870
  12   4400   3617.22   13471    11500      6032.32   3440     1910      6065.44   1420     1240     7512.46    767.4    1600     7151.90    110.6    1770
  13   6100   3617.10   13458    12100      6032.30   3440     1900      6065.22   1420     1240     7512.23    765.3    1610     7152.41    111.0    1420
  14   7100   3617.00   13448    11900      6032.27   3440     1910      6065.02   1410     1210     7512.03    763.6    1600     7153.12    111.5    1320
  15   7500   3616.93   13441    10600      6032.23   3440     1910      6064.82   1410     1220     7511.82    761.7    1600     7153.19    111.6    1550
  16   5300   3616.80   13427    11800      6032.18   3430     1910      6064.73   1410     1220     7511.62    760.0    1600     7153.18    111.6    1600
  17   5300   3616.67   13413    11800      6032.13   3430     1920      6064.63   1410     1220     7511.53    759.2    1600     7153.38    111.7    1520
  18   8300   3616.59   13405    11900      6032.08   3430     1910      6064.49   1410     1210     7511.33    757.4    1600     7152.79    111.3    1840
  19   6000   3616.47   13393    11900      6032.03   3430     1910      6064.34   1400     1210     7511.12    755.6    1600     7152.97    111.4    1430
  20   7200   3616.37   13382    12000      6031.98   3430     1900      6064.11   1400     1210     7510.92    753.9    1600     7153.18    111.6    1550
  21   6600   3616.27   13372    11400      6031.93   3420     1930      6063.96   1400     1070     7510.70    751.9    1600     7153.13    111.5    1670
  22   8800   3616.23   13368    10200      6031.89   3420     1910      6063.84   1400     1030     7510.51    750.3    1600     7151.67    110.4    2220
  23   6200   3616.11   13355    12100      6031.84   3420     1910      6063.69   1400     1020     7510.29    748.4    1600     7151.83    110.5    1470
  24   8300   3616.03   13347    11900      6031.79   3420     1910      6063.60   1390      840     7510.11    746.8    1610     7151.60    110.3    1600
  25   6100   3615.91   13334    12000      6031.75   3420     1910      6063.52   1390      650     7509.90    745.0    1600     7151.56    110.3    1600
  26   5500   3615.78   13321    12000      6031.72   3420     1900      6063.46   1390      600     7509.71    743.3    1580     7151.32    110.1    1600
  27   7700   3615.69   13312    12000      6031.69   3410     1860      6063.41   1390      590     7509.50    741.5    1610     7151.20    110.0    1600
  28   6900   3615.59   13301    11700      6031.65   3410     1890      6063.32   1390      590     7509.27    739.5    1610     7151.11    109.9    1600
  29   5400   3615.49   13291    10200      6031.61   3410     1890      6063.23   1390      590     7509.05    737.6    1610     7151.09    109.9    1600
  30   5500   3615.36   13277    11900      6031.57   3410     1880      6063.13   1390      590     7508.84    735.8    1610     7151.09    109.9    1600

TOT  191300                     346300                        57140                        33740                        47180                        48190
AVE    6377                      11540                         1900                         1120                         1570                         1610
A F  379400                     687000                       113000                        66900                        93600                        95600







                                          BUREAU OF RECLAMATION
                                          LOWER COLORADO REGION
                                          BOULDER CITY, NEVADA

                                     GLEN CANYON TO HOOVER DAM LOSSES

                                                SEPTEMBER 2019

                      |           | LAKE    |         |   LAKE|    LAKE   |  CHANGE |
               GLEN   |    HOOVER | MEAD    |  STORAGE|   MEAD|    MEAD   |   BANK  |       |          |
              RELEASE |    RELEASE| STORAGE |  CHANGE |PUMPING|EVAPORATION| STORAGE |  LOSS |  ACCUMUL.|  INFLOW
   DATE |      CFS    |     CFS   | 1000 AF |  1000 AF|    CFS|     CFS   |    CFS  |   CFS |     A.F. |   CFS
--------------------------------------------------------------------------------------------------------------------
      1        10300       11400     10304         5       813       988       164       -12       -22     15900
      2        10600       13500     10309         5       836       988       164     -6401    -12719     18000
      3        11700       13200     10304        -5       853       988      -164     -2105    -16893     12400
      4        12700       13600     10293       -11       840       987      -360      1056    -14798      9520
      5        12100       13700     10288        -5       854       987      -164     -1130    -17038     12900
      6        11900       10100     10291         3       866       987        98      -879    -18781     13600
      7        11600        8750     10298         7       851       987       229     -2222    -23188     14300
      8         9300        9700     10301         3       788       988        98     -1201    -25569     13100
      9        11800       10400     10301         0       786       988         0      -603    -26766     12200
     10        11700       11300     10297        -4       805       988      -131     -1610    -29959     10900
     11        11700       11700     10292        -5       813       987      -164      1008    -27959     10800
     12        11500       13100     10288        -4       789       987      -131     -1020    -29982     12700
     13        12100       12600     10284        -4       814       987      -131      -526    -31026     12300
     14        11900       10500     10285         1       794       987        33     -1327    -33657     12800
     15        10600       11700     10283        -2       754       987       -66      -277    -34207     12400
     16        11800       12400     10280        -3       799       987       -98      -711    -35617     12600
     17        11800       12000     10278        -2       789       987       -66     -2108    -39797     12700
     18        11900       12000     10274        -4       808       986      -131       139    -39521     11600
     19        11900       12800     10269        -5       856       986      -164      -125    -39770     12000
     20        12000       12200     10267        -2       796       986       -66      -987    -41728     12900
     21        11400       10300     10269         2       819       986        66     -1243    -44194     13200
     22        10200       11100     10268        -1       789       986       -33      -300    -44790     12300
     23        12100       12700     10264        -4       822       986      -131      -979    -46732     12400
     24        11900       12400     10264         0       786       986         0     -4003    -54672     14200
     25        12000       13600     10254       -10       754       986      -328      2101    -50504      9970
     26        12000       12200     10254         0       776       986         0     -2044    -54559     14000
     27        12000       11400     10255         1       775       986        33     -1719    -57968     13700
     28        11700        9960     10254        -1       742       986       -33       824    -56333     11200
     29        10200        9350     10259         5       706       986       164     -1776    -59856     13700
     30        11900       11000     10261         2       700       986        66     -2101    -64023     13800

    TOTAL     346200      350790                         23973     29603                        -64023    383800








</pre>