
<pre>                                                                   BUREAU OF RECLAMATION
                                                                    LOWER COLORADO REGION
                                                                    BOULDER CITY, NEVADA

                                                               ACCUMULATIONS FOR OCTOBER 2019

    |GLEN CANYON    |                         HOOVER DAM         |             DAVIS DAM           |      MWD       |            PARKER DAM              |
    |               |  LAKE                                      |LAKE                             |                | LAKE                               |   C.A.P.
    |         ACCUM.|  MEAD    HOOVER RELEASE        GROSS  RATE |MOHAVE      DAVIS RELEASE   GROSS|DIVER. AT INTAKE| HAVASU     PARKER RELEASE     GROSS| DIVER. ACCUM.
DAY |   CFS    A.F. |  ELEV.   CFS    A.F.   ACCUM.   GEN  KWH/AF|ELEV   CFS   A.F.   ACCUM.  GEN  | A.F. ACCUM.    | ELEV    CFS    A.F.   ACCUM.  GEN. | A.F.   A.F.
----------------------------------------------------------------------------------------------------------------------------------------------------------------------
  1   10500   20826   1083.05   8886  17626   17626   6673  379  638.37   7390  14663   14663  1769   528    528    449.12   6100  12094    12094    843   4895   4895
  2   10400   41455   1083.07   8565  16988   34614   6490  382  638.48   6670  13232   27895  1584  1288   1816    449.00   5400  10705    22799    736   4893   9788
  3   10300   61884   1083.17   7496  14869   49483   5643  380  638.39   8010  15878   43773  1919  1554   3370    448.76   6010  11928    34727    818   4891  14679
  4    9900   81521   1083.30   4816   9553   59036   3542  371  637.84  11380  22572   66345  2743  1549   4919    448.33   9300  18453    53180   1295   4890  19569
  5    9800  100959   1083.41   5190  10295   69331   3891  378  637.37  11790  23386   89731  2827  1545   6464    448.29   8490  16839    70019   1180   4886  24455
  6    9200  119207   1083.51   5407  10724   80055   4030  376  636.91  11990  23785  113516  2862  1543   8007    448.30   8000  15867    85886   1115   4889  29344
  7   10900  140826   1083.51  10915  21649  101704   8327  385  636.72  11790  23379  136895  2759  1541   9548    448.47   7510  14893   100779   1050   4886  34230
  8   10600  161851   1083.43  11624  23056  124760   9036  392  636.83   9800  19444  156339  2277  1540  11088    448.55   6800  13478   114257    945   4888  39118
  9   10600  182876   1083.39  11705  23216  147976   9183  396  637.09   9800  19441  175780  2288  1537  12625    448.52   7010  13912   128169    977   4887  44005
 10   10600  203901   1083.27  12492  24777  172753   9706  392  637.26   9790  19413  195193  2331  1167  13792    448.95   3490   6924   135093    452   4869  48874
 11   10500  224727   1083.24  10834  21490  194243   8443  393  637.07   9790  19417  214610  2326  1042  14834    448.66   7700  15266   150359   1080   4845  53719
 12   10100  244760   1083.22  10566  20957  215200   8258  394  637.10   9620  19072  233682  2279  1040  15874    448.58   7510  14889   165248   1049   4842  58561
 13    8900  262413   1083.23   9811  19459  234659   7670  394  637.07   9620  19073  252755  2277  1040  16914    448.51   7510  14892   180140   1049   4843  63404
 14   10200  282645   1083.22  10589  21003  255662   8131  387  637.11   9990  19824  272579  2377  1038  17952    448.52   6910  13701   193841    964   4843  68247
 15   10300  303074   1083.20  10928  21676  277337   8393  387  637.22  10000  19832  292411  2378  1039  18991    448.60   6990  13864   207705    975   4842  73089
 16   10300  323504   1083.14  11952  23706  301044   9165  387  637.29   8590  17035  309446  2047  1038  20029    448.56   6580  13048   220753    903   4841  77930
 17   10200  343736   1083.06  12105  24011  325055   9151  381  637.61   8610  17069  326515  2048  1037  21066    448.75   4000   7924   228677    511   4843  82773
 18   10100  363769   1083.04  11124  22065  347120   8525  386  637.64   9020  17892  344407  2144  1037  22103    448.49   8000  15859   244536   1103   4843  87616
 19   10100  383802   1083.06   9448  18739  365859   7188  384  637.58   9010  17863  362270  2153  1036  23139    448.29   8000  15866   260402   1109   4839  92455
 20    8800  401256   1083.06   9570  18983  384842   7358  388  637.58   9400  18642  380912  2256  1036  24175    448.06   8690  17240   277642   1211   4840  97295
 21   10400  421884   1083.06  10328  20485  405326   7885  385  637.62   9090  18034  398946  2197  1032  25207    447.85   9110  18065   295707   1268   4835 102130
 22   10500  442711   1083.03  11159  22133  427459   8502  384  637.72   9100  18054  417000  2203  1031  26238    447.65   8590  17046   312753   1193   4858 106988
 23   10500  463537   1082.98  11781  23367  450826   8981  384  637.89   9090  18033  435033  2200  1030  27268    447.38   8280  16433   329186   1138   4880 111868
 24   10400  484165   1082.87  12570  24933  475759   9674  388  638.12   9100  18052  453085  2211  1030  28298    447.74   3300   6542   335728    398   4902 116770
 25   10400  504793   1082.89  10870  21560  497320   8314  386  637.98  10620  21064  474149  2538   264  28562    447.55   7210  14295   350023   1006   4900 121670
 26    9700  524033   1082.86   9763  19365  516685   7479  386  637.85  10600  21019  495168  2527     0  28562    447.54   7810  15481   365504   1086   4900 126570
 27    9100  542083   1082.92   8957  17765  534450   6839  385  637.81  10610  21047  516215  2534     0  28562    447.59   9100  18052   383556   1271   4901 131471
 28   10400  562711   1082.82  11322  22456  556906   8651  385  637.79  10370  20572  536787  2443   230  28792    447.39   8000  15863   399419   1118   4896 136367
 29   10500  583537   1082.84  10881  21583  578489   8385  388  638.22   8750  17361  554148  2047   531  29323    447.69   6800  13479   412898    945   4894 141261
 30   10400  604165   1082.69  11688  23182  601671   8901  384  638.07   8760  17382  571530  2068   533  29856    447.43   6300  12499   425397    849   4895 146156
 31   10300  624595   1082.61  12463  24721  626392   9472  383  638.28   8780  17410  588940  2072   534  30390    447.77   2490   4944   430341    281   4881 151037

TOTAL                                               241886                                    70686                                                29917









                                                                    BUREAU OF RECLAMATION
                                                                    LOWER COLORADO REGION
                                                                    BOULDER CITY, NEVADA

                                                     AVAILABLE RESERVOIR ELEVATIONS AND CONTENTS FOR OCTOBER 2019

                                        LAKE MEAD                      LAKE MOHAVE                      LAKE HAVASU                        SENATOR WASH
  AVAILABLE CAPACITY IN A.F.            *26120000                        1809800                           619400                              9144
  ELEVATION IN FEET                        1219.6                          647.0                            450.0                             240.0

           TOTAL     TOTAL    |             HOOVER            |            DAVIS            |             PARKER            |             SENATOR WASH
          SYSTEM    AVAILABLE |ELEVATION    CONTENT   RELEASE |ELEVATION   CONTENT  RELEASE |ELEVATION    CONTENT   RELEASE | ELEVATION   CONTENT  PUMPED   RELEASE
     DAY  STORAGE**   SPACE   |  FEET       1000A.F.    ft3/s |  FEET      1000A.F.  ft3/s  |   FEET      1000A.F.  ft3/s   |  FEET        A.F.     ft3/s    ft3/s
-----------------------------------------------------------------------------------------------------------------------------------------------------------------------------
       1    31634.6  29490.5    1083.05      10265        8890   638.37     1574.0     7390    449.12      601.8     6100      238.70     8658      143        0
       2    31621.8  29503.2    1083.07      10267        8560   638.48     1576.9     6670    449.00      599.4     5400      238.78     8687      104        0
       3    31607.6  29517.4    1083.17      10275        7500   638.39     1574.6     8010    448.76      594.6     6010      238.75     8676       80        0
       4    31582.6  29542.5    1083.30      10286        4820   637.84     1560.1    11400    448.33      586.5     9300      234.56     7203        0      738
       5    31565.3  29559.8    1083.41      10296        5190   637.37     1547.7    11800    448.29      585.6     8490      234.12     7057        0       35
       6    31554.3  29570.8    1083.51      10304        5410   636.91     1535.5    12000    448.30      585.9     8000      236.49     7863      470        0
       7    31538.1  29586.9    1083.51      10304       10900   636.72     1530.6    11800    448.47      589.1     7510      239.12     8813      557        0
       8    31520.2  29604.8    1083.43      10297       11600   636.83     1533.5     9800    448.55      590.6     6800      239.89     9102      247        0
       9    31510.1  29615.0    1083.39      10294       11700   637.09     1540.4     9800    448.52      590.0     7010      237.79     8324        0      331
      10    31498.8  29626.3    1083.27      10284       12500   637.26     1544.7     9790    448.95      598.5     3490      236.95     8024        0       86
      11    31469.7  29655.3    1083.24      10281       10800   637.07     1539.7     9790    448.66      592.8     7700      234.50     7183        0      416
      12    31454.5  29670.6    1083.22      10280       10600   637.10     1540.5     9620    448.58      591.3     7510      234.25     7101        0        0
      13    31443.3  29681.8    1083.23      10280        9810   637.07     1539.7     9620    448.51      590.0     7510      233.99     7014        0        0
      14    31432.5  29692.6    1083.22      10280       10600   637.11     1540.7     9990    448.52      590.1     6910      235.23     7428      260        0
      15    31426.2  29698.9    1083.20      10278       10900   637.22     1543.8    10000    448.60      591.7     6990      235.96     7677      176        0
      16    31412.1  29713.0    1083.14      10273       12000   637.29     1545.6     8590    448.56      590.8     6580      235.64     7569        0        0
      17    31402.1  29723.0    1083.06      10266       12100   637.61     1553.9     8610    448.75      594.5     4000      235.32     7459        0        0
      18    31391.1  29734.0    1083.04      10264       11100   637.64     1554.8     9020    448.49      589.5     8000      235.02     7357        0        0
      19    31371.3  29753.8    1083.06      10266        9450   637.58     1553.2     9010    448.29      585.6     8000      234.72     7257        0        0
      20    31360.7  29764.4    1083.06      10266        9570   637.58     1553.2     9400    448.06      581.1     8690      234.42     7157        0        0
      21    31348.8  29776.3    1083.06      10266       10300   637.62     1554.1     9090    447.85      577.2     9110      234.12     7057        0        0
      22    31332.2  29792.8    1083.03      10264       11200   637.72     1557.0     9100    447.65      573.4     8590      233.83     6962        0        0
      23    31314.5  29810.6    1082.98      10259       11800   637.89     1561.2     9090    447.38      568.3     8280      233.56     6874        0        0
      24    31309.0  29816.0    1082.87      10250       12600   638.12     1567.5     9100    447.74      575.0     3300      233.27     6780        0        0
      25    31294.3  29830.7    1082.89      10252       10900   637.98     1563.8    10600    447.55      571.4     7210      233.27     6780        0        0
      26    31276.3  29848.8    1082.86      10249        9760   637.85     1560.2    10600    447.54      571.2     7810      233.61     6890      139        0
      27    31282.0  29843.1    1082.92      10254        8960   637.81     1559.1    10600    447.59      572.2     9100      233.33     6800        0        0
      28    31252.7  29872.3    1082.82      10246       11300   637.79     1558.7    10400    447.39      568.6     8000      233.35     6807       64        0
      29    31255.0  29870.1    1082.84      10248       10900   638.22     1570.2     8750    447.69      574.1     6800      234.63     7227      260        0
      30    31226.3  29898.8    1082.69      10235       11700   638.07     1566.1     8760    447.43      569.2     6300      237.52     8227      577        0
      31    31222.6  29902.5    1082.61      10228       12500   638.28     1571.6     8780    447.77      575.6     2490      237.43     8196       74        0

TOTAL                                                   315920                       296980                        216990                          3151     1606
AVE.                                                     10190                         9580                          7000                           102       52
AC FT                                                   627000                       589000                        430000                          6250     3185

      * BOTTOM OF EXCLUSIVE FLOOD CONTROL SPACE
     ** INCLUDES FONTENELLE AND CRYSTAL RESERVOIRS

                                                                      BUREAU OF RECLAMATION
                                                                      LOWER COLORADO REGION
                                                                      BOULDER CITY, NEVADA

                                             COLORADO RIVER STORAGE PROJECT DATA (operational) FOR OCTOBER 2019

                   LAKE POWELL          |        FLAMING GORGE        |          NAVAJO            |      BLUE MESA             |     MORROW POINT
             MAX. STORAGE 24322000 AF   |  MAX. STORAGE 3749000 AF    | MAX. STORAGE 1696000 AF    | MAX. STORAGE 829500 AF     | MAX. STORAGE 117025 AF  
    COMPUTED MAX. ELEV. 3700.0 FEET     |  MAX. ELEV. 6040.0 FEET     | MAX. ELEV. 6085.0 FEET     | MAX. ELEV. 7519.4 FEET     | MAX. ELEV. 7160.0 FEET
     INFLOW  ELEVATION CONTENT  RELEASE |  ELEVATION CONTENT  RELEASE | ELEVATION CONTENT  RELEASE | ELEVATION CONTENT  RELEASE | ELEVATION CONTENT  RELEASE
DATE FT3/S   (FEET)  (1000 AF)   FT3/S  |  (FEET)  (1000 AF)   FT3/   |(FEET)  (1000 AF)   FT3/S   | (FEET)  (1000 AF)   FT3/S  |(FEET)  (1000 AF)   FT3/S
------------------------------------------------------------------------------------------------------------------------------------------------------------
   1   6300   3615.27   13269    10500      6031.51   3410     1860      6063.01   1390      590     7508.58    733.6    1610     7151.14    110.0    1600
   2   6200   3615.19   13260    10400      6031.46   3410     1790      6062.90   1390      590     7508.32    731.3    1610     7151.24    110.0    1600
   3   5300   3615.09   13249    10300      6031.42   3400     1750      6062.80   1380      590     7508.07    729.2    1610     7151.43    110.2    1600
   4   6000   3615.01   13241     9900      6031.39   3400     1740      6062.71   1380      600     7507.82    727.0    1620     7152.94    111.4    1070
   5   5900   3614.93   13233     9800      6031.36   3400     1660      6062.59   1380      600     7507.57    724.9    1620     7153.79    112.0    1330
   6   8100   3614.90   13230     9200      6031.33   3400     1600      6062.50   1380      600     7507.36    723.1    1590     7154.92    112.9    1160
   7   5800   3614.80   13220    10900      6031.31   3400     1560      6062.41   1380      600     7507.16    721.4    1460     7154.96    113.0    1470
   8   5000   3614.69   13208    10600      6031.27   3400     1530      6062.32   1380      610     7507.05    720.4    1330     7153.81    112.1    1800
   9   6400   3614.60   13199    10600      6031.25   3400     1470      6062.22   1380      610     7506.87    718.9    1350     7153.30    111.7    1580
  10   6400   3614.52   13191    10600      6031.21   3400     1400      6062.11   1370      600     7506.67    717.2    1350     7153.15    111.5    1420
  11   4900   3614.41   13179    10500      6031.19   3400     1350      6062.05   1370      610     7506.39    714.8    1350     7153.01    111.4    1410
  12   5700   3614.32   13170    10100      6031.19   3400     1300      6061.99   1370      610     7506.15    712.8    1340     7153.02    111.4    1350
  13   6100   3614.26   13164     8900      6031.17   3390     1290      6061.94   1370      600     7505.97    711.2    1290     7152.56    111.1    1480
  14   6300   3614.18   13156    10200      6031.17   3390     1200      6061.88   1370      610     7505.81    709.9    1290     7152.27    110.8    1410
  15   7500   3614.12   13149    10300      6031.17   3390     1150      6061.82   1370      610     7505.63    708.4    1350     7152.07    110.7    1440
  16   7000   3614.05   13142    10300      6031.17   3390     1080      6061.78   1370      530     7505.45    706.8    1250     7151.39    110.2    1530
  17   4000   3613.93   13130    10200      6031.17   3390     1100      6061.74   1370      500     7505.25    705.1    1350     7150.83    109.7    1580
  18   9500   3613.91   13128    10100      6031.17   3390     1090      6061.69   1370      500     7505.05    703.4    1350     7150.34    109.3    1550
  19   4000   3613.79   13116    10100      6031.15   3390     1110      6061.66   1370      500     7504.81    701.4    1350     7150.00    109.1    1500
  20   8300   3613.77   13114     8800      6031.13   3390     1120      6061.59   1370      500     7504.65    700.1    1350     7150.45    109.4    1190
  21   7100   3613.70   13106    10400      6031.15   3390     1100      6061.54   1370      500     7504.51    698.9    1360     7149.82    108.9    1620
  22   6100   3613.61   13097    10500      6031.13   3390     1110      6061.49   1370      510     7504.30    697.1    1300     7149.38    108.6    1480
  23   6600   3613.53   13089    10500      6031.09   3390     1110      6061.44   1370      510     7504.12    695.6    1290     7149.28    108.5    1350
  24   6500   3613.45   13081    10400      6031.13   3390     1100      6061.39   1370      510     7503.93    694.0    1360     7149.00    108.3    1490
  25   7100   3613.38   13074    10400      6031.15   3390     1100      6061.34   1360      510     7503.77    692.7    1290     7148.49    107.9    1500
  26   5300   3613.29   13064     9700      6031.17   3390     1100      6061.30   1360      510     7503.58    691.1    1160     7148.09    107.6    1320
  27  11300   3613.32   13067     9100      6031.19   3400     1120      6061.23   1360      510     7503.36    689.2    1360     7148.09    107.6    1370
  28   4300   3613.20   13055    10400      6031.15   3390     1100      6061.17   1360      510     7503.17    687.6    1360     7147.90    107.5    1450
  29   3800   3613.07   13042    10500      6031.15   3390     1110      6061.14   1360      370     7502.93    685.6    1360     7147.84    107.4    1420
  30   9900   3613.05   13040    10400      6031.11   3390     1110      6061.11   1360      310     7502.74    684.0    1360     7147.72    107.3    1420
  31   7600   3612.99   13034    10300      6031.13   3390     1110      6061.08   1360      310     7502.51    682.1    1360     7147.93    107.5    1320

TOT  200300                     314900                        40320                        16620                        42980                        44810
AVE    6461                      10160                         1300                          540                         1390                         1450
A F  397300                     625000                        80000                        33000                        85200                        88900






                                          BUREAU OF RECLAMATION
                                          LOWER COLORADO REGION
                                          BOULDER CITY, NEVADA

                                     GLEN CANYON TO HOOVER DAM LOSSES

                                                OCTOBER 2019

                      |           | LAKE    |         |   LAKE|    LAKE   |  CHANGE |
               GLEN   |    HOOVER | MEAD    |  STORAGE|   MEAD|    MEAD   |   BANK  |       |          |
              RELEASE |    RELEASE| STORAGE |  CHANGE |PUMPING|EVAPORATION| STORAGE |  LOSS |  ACCUMUL.|  INFLOW
   DATE |      CFS    |     CFS   | 1000 AF |  1000 AF|    CFS|     CFS   |    CFS  |   CFS |     A.F. |   CFS
--------------------------------------------------------------------------------------------------------------------
      1        10500        8890     10265         4       761       695       131     -2340     -4641     12500
      2        10400        8560     10267         2       733       695        66       864     -2927     11100
      3        10300        7500     10275         8       738       695       262     -2763     -8406     13200
      4         9900        4820     10286        11       708       696       360     -1682    -11744     12100
      5         9800        5190     10296        10       726       696       328     -1669    -15053     12000
      6         9200        5410     10304         8       666       696       262     -1158    -17351     11100
      7        10900       10900     10304         0       701       696         0     -2472    -22255     12300
      8        10600       11600     10297        -7       717       696      -229       -72    -22398      9250
      9        10600       11700     10294        -3       711       696       -98      -627    -23641     11500
     10        10600       12500     10284       -10       720       696      -328      2091    -19494      8550
     11        10500       10800     10281        -3       704       696       -98        -3    -19500     10600
     12        10100       10600     10280        -1       722       696       -33      -887    -21259     11500
     13         8900        9810     10280         0       685       696         0      -717    -22680     11200
     14        10200       10600     10280         0       735       696         0     -1889    -26427     12000
     15        10300       10900     10278        -2       674       696       -66     -2289    -30967     11200
     16        10300       12000     10273        -5       679       696      -164      -459    -31878     10700
     17        10200       12100     10266        -7       690       695      -229       598    -30692      9730
     18        10100       11100     10264        -2       692       695       -66     -1089    -32852     11400
     19        10100        9450     10266         2       672       695        66     -1716    -36256     11900
     20         8800        9570     10266         0       636       695         0      -817    -37877     10900
     21        10400       10300     10266         0       678       695         0     -1549    -40950     11700
     22        10500       11200     10264        -2       699       695       -66     -2708    -46321     11500
     23        10500       11800     10259        -5       673       695      -164       -41    -46402     10500
     24        10400       12600     10250        -9       668       695      -295      1411    -43602      9130
     25        10400       10900     10252         2       641       695        66     -2778    -49112     13300
     26         9700        9760     10249        -3       663       695       -98       916    -47295      9510
     27         9100        8960     10254         5       629       695       164     -2580    -52413     13000
     28        10400       11300     10246        -8       636       695      -262      1406    -49624      8340
     29        10500       10900     10248         2       645       695        66     -4261    -58076     13300
     30        10400       11700     10235       -13       604       694      -426      4349    -49449      6020
     31        10300       12500     10228        -7       614       694      -229       459    -48538     10000

    TOTAL     315200      315810                         21220     21556                        -48539    341000




</pre>

