<pre>
                                                                    BUREAU OF RECLAMATION
                                                                    LOWER COLORADO REGION
                                                                    BOULDER CITY, NEVADA

                                                               ACCUMULATIONS FOR OCTOBER 2017

    |GLEN CANYON    |                         HOOVER DAM         |             DAVIS DAM           |      MWD       |            PARKER DAM              |
    |               |  LAKE                                      |LAKE                             |                | LAKE                               |   C.A.P.
    |         ACCUM.|  MEAD    HOOVER RELEASE        GROSS  RATE |MOHAVE      DAVIS RELEASE   GROSS|DIVER. AT INTAKE| HAVASU     PARKER RELEASE     GROSS| DIVER. ACCUM.
DAY |   CFS    A.F. |  ELEV.   CFS    A.F.   ACCUM.   GEN  KWH/AF|ELEV   CFS   A.F.   ACCUM.  GEN  | A.F. ACCUM.    | ELEV    CFS    A.F.   ACCUM.  GEN. | A.F.   A.F.
----------------------------------------------------------------------------------------------------------------------------------------------------------------------
  1    8900   17653   1082.15   7997  15861   15861   6091  384  639.10  12800  25382   25382  3093  2019   2019    447.15   8620  17089    17089   1192   4514   4514
  2   10400   38281   1082.16  10420  20668   36529   8019  388  638.78  14390  28540   53922  3489  1938   3957    447.48   7810  15498    32587   1077   4111   8625
  3   10600   59306   1082.09  10002  19839   56368   7689  388  638.32  15890  31526   85448  3822  1521   5478    447.68   8920  17684    50271   1243   4119  12744
  4   10700   80529   1082.06  10803  21427   77795   8042  375  638.07  14190  28152  113600  3396  1521   6999    448.14   7490  14863    65134   1051   4107  16851
  5   10700  101752   1082.05   9954  19744   97539   7509  380  637.99  10810  21432  135032  2581  2049   9048    448.73   4700   9320    74454    635   4109  20960
  6   10600  122777   1082.09   8273  16410  113949   6145  374  637.75  12780  25350  160382  3061  2045  11093    448.65   9000  17858    92312   1264   4134  25094
  7    9700  142017   1082.22   5588  11084  125033   4141  374  636.99  14190  28150  188532  3385  2053  13146    448.61   9700  19235   111547   1364   4524  29618
  8    9000  159868   1082.39   4258   8445  133478   3077  364  636.32  13790  27348  215880  3259  2108  15254    448.87   9600  19040   130587   1351   4504  34122
  9   10600  180893   1082.39   8103  16073  149551   6198  386  635.92  11990  23788  239668  2831  2275  17529    448.74   8910  17678   148265   1262   4135  38257
 10   11400  203504   1082.34  10162  20156  169707   7816  388  635.92   9590  19024  258692  2251  2475  20004    448.66   8820  17500   165765   1243   4134  42391
 11   11400  226116   1082.30  10029  19892  189599   7575  381  635.94   9600  19032  277724  2225  2474  22478    448.56   8190  16247   182012   1148   4140  46531
 12   10700  247339   1082.28  11685  23177  212776   8814  380  636.08   9580  19000  296724  2245  2466  24944    448.67   4510   8942   190954    609   4138  50669
 13   11100  269355   1082.26  11541  22891  235667   8826  386  636.17  10400  20634  317358  2421  2449  27393    448.42   9090  18021   208975   1277   4134  54803
 14    9100  287405   1082.29  10208  20248  255915   7823  386  636.35   9290  18422  335780  2167  2434  29827    448.12   8520  16892   225867   1197   4546  59349
 15    9400  306050   1082.31   9109  18067  273982   6830  378  636.12   9790  19424  355204  2291  2430  32257    447.80   8400  16655   242522   1171   4528  63877
 16   10500  326876   1082.28  11985  23772  297754   9134  384  636.26   9780  19402  374606  2310  2422  34679    447.61   7900  15677   258199   1097   3861  67738
 17   11000  348694   1082.22  11708  23223  320977   9012  388  636.35  10000  19826  394432  2371  2432  37111    447.52   7300  14477   272676   1014   4121  71859
 18   11100  370711   1082.16  11672  23152  344129   8877  383  636.44   9990  19818  414250  2375  2410  39521    447.43   7800  15461   288137   1078   4126  75985
 19   10200  390942   1082.17   9675  19189  363318   7697  401  636.38  10390  20609  434859  2472  2422  41943    447.63   4700   9316   297453    628   4122  80107
 20   10800  412364   1082.21   8894  17642  380960   6732  382  636.32  10390  20614  455473  2464  2411  44354    447.41   8520  16902   314355   1184   4120  84227
 21    9200  430612   1082.23   8603  17064  398024   6530  383  636.24  10390  20610  476083  2465  2385  46739    447.30   8000  15876   330231   1097   4535  88762
 22    9600  449653   1082.30   8531  16922  414946   6585  389  635.95  10390  20600  496683  2462  1956  48695    447.16   8000  15872   346103   1107   4517  93279
 23   10900  471273   1082.27  11385  22582  437528   8787  389  636.07   9790  19412  516095  2316  1974  50669    447.19   7300  14485   360588    997   3970  97249
 24   10800  492694   1082.22  10905  21630  459158   8382  388  636.11   9820  19476  535571  2326  2202  52871    447.07   8800  17448   378036   1216   3687 100936
 25   10700  513917   1082.20   9963  19762  478920   7562  383  636.04   9980  19786  555357  2365  1799  54670    446.77   8100  16075   394111   1125   3689 104625
 26   11900  537521   1082.20  11395  22602  501522   8768  388  636.09  10130  20088  575445  2377  2463  57133    447.02   4490   8915   403026    608   3725 108350
 27   10900  559140   1082.20  10339  20507  522029   7883  384  636.19   9600  19046  594491  2273  2473  59606    447.01   7300  14479   417505   1017   4113 112463
 28   10000  578975   1082.24   8914  17680  539709   6795  384  636.06   9370  18594  613085  2221  2453  62059    446.77   7500  14869   432374   1043   4910 117373
 29    9300  597421   1082.34   8028  15924  555633   5989  376  635.86   9570  18984  632069  2261  2444  64503    446.48   7990  15851   448225   1094   4908 122281
 30   10700  618645   1082.33  10829  21479  577112   8312  387  635.94   9590  19028  651097  2253  2431  66934    446.36   7600  15073   463298   1050   4111 126392
 31   10800  640066   1082.30   9575  18991  596104   7376  388  636.00   9890  19608  670705  2330  2434  69368    446.27   7190  14270   477568    994   4109 130501

TOTAL                                               229016                                    80159                                                33434









                                                                    BUREAU OF RECLAMATION
                                                                    LOWER COLORADO REGION
                                                                    BOULDER CITY, NEVADA

                                                     AVAILABLE RESERVOIR ELEVATIONS AND CONTENTS FOR OCTOBER 2017

                                        LAKE MEAD                      LAKE MOHAVE                      LAKE HAVASU                        SENATOR WASH
  AVAILABLE CAPACITY IN A.F.            *26120000                        1809800                           619400                              9144
  ELEVATION IN FEET                        1219.6                          647.0                            450.0                             240.0

           TOTAL     TOTAL    |             HOOVER            |            DAVIS            |             PARKER            |             SENATOR WASH
          SYSTEM    AVAILABLE |ELEVATION    CONTENT   RELEASE |ELEVATION   CONTENT  RELEASE |ELEVATION    CONTENT   RELEASE | ELEVATION   CONTENT  PUMPED   RELEASE
     DAY  STORAGE**   SPACE   |  FEET       1000A.F.    ft3/s |  FEET      1000A.F.  ft3/s  |   FEET      1000A.F.  ft3/s   |  FEET        A.F.     ft3/s    ft3/s
-----------------------------------------------------------------------------------------------------------------------------------------------------------------------------
       1    32928.4  28196.7    1082.15      10190        8000   639.10     1593.5    12800    447.15      564.0     8620      239.90     9106      284      176
       2    32915.9  28209.2    1082.16      10191       10400   638.78     1585.1    14400    447.48      570.3     7810      238.70     8658        0      146
       3    32896.8  28228.2    1082.09      10185       10000   638.32     1572.7    15900    447.68      573.9     8920      236.44     7845        0      374
       4    32887.8  28237.3    1082.06      10182       10800   638.07     1565.9    14200    448.14      582.6     7490      235.89     7654       50      102
       5    32893.5  28231.5    1082.05      10182        9950   637.99     1564.0    10800    448.73      594.2     4700      233.45     6839       16      405
       6    32885.3  28239.8    1082.09      10185        8270   637.75     1557.6    12800    448.65      592.7     9000      234.43     7160      261       67
       7    32869.5  28255.6    1082.22      10196        5590   636.99     1537.7    14200    448.61      591.9     9700      232.98     6687       58      255
       8    32882.6  28242.5    1082.39      10210        4260   636.32     1520.1    13800    448.87      596.8     9600      230.28     5858        0      402
       9    32853.2  28271.8    1082.39      10210        8100   635.92     1509.5    12000    448.74      594.3     8910      230.42     5900      172      138
      10    32837.6  28287.4    1082.34      10206       10200   635.92     1509.7     9590    448.66      592.9     8820      233.83     6962      568        0
      11    32825.1  28300.0    1082.30      10202       10000   635.94     1510.1     9600    448.56      590.8     8190      234.47     7173      153        0
      12    32827.2  28297.8    1082.28      10201       11700   636.08     1513.9     9580    448.67      592.9     4510      234.84     7297      107        0
      13    32814.4  28310.6    1082.26      10199       11500   636.17     1516.2    10400    448.42      588.1     9090      236.83     7982      404        0
      14    32815.6  28309.4    1082.29      10202       10200   636.35     1520.9     9290    448.12      582.4     8520      237.35     8167      261      100
      15    32798.9  28326.2    1082.31      10203        9110   636.12     1514.9     9790    447.80      576.2     8400      237.85     8346      266       95
      16    32786.9  28338.1    1082.28      10201       12000   636.26     1518.5     9780    447.61      572.5     7900      238.98     8761      460      174
      17    32774.3  28350.7    1082.22      10196       11700   636.35     1520.9    10000    447.52      570.9     7300      239.80     9069      282        0
      18    32760.1  28365.0    1082.16      10191       11700   636.44     1523.1     9990    447.43      569.3     7800      239.50     8956       48        0
      19    32751.9  28373.1    1082.17      10192        9670   636.38     1521.5    10400    447.63      573.0     4700      238.50     8584       33      136
      20    32742.3  28382.7    1082.21      10195        8890   636.32     1520.0    10400    447.41      568.8     8520      237.80     8328      158      231
      21    32723.1  28401.9    1082.23      10197        8600   636.24     1518.1    10400    447.30      566.8     8000      238.19     8470      257      107
      22    32711.9  28413.2    1082.30      10202        8530   635.95     1510.3    10400    447.16      564.2     8000      239.03     8779      350      119
      23    32705.3  28419.7    1082.27      10200       11400   636.07     1513.5     9790    447.19      564.7     7300      239.83     9080      251        0
      24    32686.6  28438.5    1082.22      10196       10900   636.11     1514.5     9820    447.07      562.4     8800      238.69     8654       27      160
      25    32667.0  28458.0    1082.20      10194        9960   636.04     1512.9     9980    446.77      556.8     8100      237.74     8306        0      115
      26    32663.6  28461.4    1082.20      10194       11400   636.09     1514.1    10100    447.02      561.6     4490      236.04     7705        0      265
      27    32656.5  28468.5    1082.20      10194       10300   636.19     1516.6     9600    447.01      561.3     7300      237.01     8045      230        0
      28    32642.5  28482.6    1082.24      10197        8910   636.06     1513.2     9370    446.77      557.0     7500      239.91     9110      617        0
      29    32634.1  28490.9    1082.34      10206        8030   635.86     1508.2     9570    446.48      551.5     7990      238.19     8470        0      246
      30    32625.3  28499.7    1082.33      10205       10800   635.94     1510.2     9590    446.36      549.2     7600      237.12     8084        0      139
      31    32609.9  28515.1    1082.30      10202        9570   636.00     1511.6     9890    446.27      547.6     7190      239.28     8873      472        0

TOTAL                                                   300440                       338230                        240770                          5785     3952
AVE.                                                      9690                        10910                          7770                           187      127
AC FT                                                   596000                       671000                        478000                         11474     7839

      * BOTTOM OF EXCLUSIVE FLOOD CONTROL SPACE
     ** INCLUDES FONTENELLE AND CRYSTAL RESERVOIRS

                                                                      BUREAU OF RECLAMATION
                                                                      LOWER COLORADO REGION
                                                                      BOULDER CITY, NEVADA

                                             COLORADO RIVER STORAGE PROJECT DATA (operational) FOR OCTOBER 2017

                   LAKE POWELL          |        FLAMING GORGE        |          NAVAJO            |      BLUE MESA             |     MORROW POINT
             MAX. STORAGE 24322000 AF   |  MAX. STORAGE 3749000 AF    | MAX. STORAGE 1696000 AF    | MAX. STORAGE 829500 AF     | MAX. STORAGE 117025 AF  
    COMPUTED MAX. ELEV. 3700.0 FEET     |  MAX. ELEV. 6040.0 FEET     | MAX. ELEV. 6085.0 FEET     | MAX. ELEV. 7519.4 FEET     | MAX. ELEV. 7160.0 FEET
     INFLOW  ELEVATION CONTENT  RELEASE |  ELEVATION CONTENT  RELEASE | ELEVATION CONTENT  RELEASE | ELEVATION CONTENT  RELEASE | ELEVATION CONTENT  RELEASE
DATE FT3/S   (FEET)  (1000 AF)   FT3/S  |  (FEET)  (1000 AF)   FT3/   |(FEET)  (1000 AF)   FT3/S   | (FEET)  (1000 AF)   FT3/S  |(FEET)  (1000 AF)   FT3/S
------------------------------------------------------------------------------------------------------------------------------------------------------------
   1  15600   3628.41   14676     8900      6033.61   3490     2380      6055.57   1290      620     7508.18    730.1    1750     7155.48    113.4    1820
   2   5600   3628.32   14666    10400      6033.57   3490     2390      6055.72   1290      620     7507.95    728.1    1940     7155.18    113.2    2090
   3   9400   3628.29   14662    10600      6033.53   3490     2390      6055.90   1300      620     7507.71    726.1    1750     7155.19    113.2    1780
   4   8300   3628.24   14657    10700      6033.45   3480     2420      6056.07   1300      550     7507.40    723.4    2070     7155.54    113.4    1930
   5   9500   3628.21   14653    10700      6033.45   3480     2390      6056.26   1300      510     7507.12    721.0    1840     7155.47    113.4    1870
   6  11200   3628.21   14653    10600      6033.37   3480     2390      6056.41   1300      510     7506.83    718.6    1790     7156.13    113.9    1560
   7   8500   3628.18   14650     9700      6033.33   3480     2390      6056.52   1300      510     7506.58    716.4    1600     7155.92    113.7    1690
   8  16300   3628.29   14662     9000      6033.33   3480     2100      6056.62   1310      470     7506.36    714.6    1660     7155.31    113.3    1930
   9   5200   3628.19   14651    10600      6033.25   3480     1780      6056.67   1310      480     7506.06    712.0    1870     7154.94    113.0    2040
  10   7800   3628.12   14643    11400      6033.24   3480     1500      6056.73   1310      500     7505.77    709.5    1740     7154.96    113.0    1740
  11   9000   3628.07   14638    11400      6033.23   3480     1510      6056.81   1310      510     7505.48    707.1    1790     7154.82    112.9    1850
  12  11300   3628.07   14638    10700      6033.25   3480     1510      6056.80   1310      510     7505.20    704.7    1670     7154.19    112.4    1930
  13   8100   3628.01   14631    11100      6033.27   3480     1510      6056.78   1310      510     7504.90    702.2    1800     7154.13    112.3    1860
  14  12200   3628.05   14636     9100      6033.23   3480     1510      6056.73   1310      510     7504.70    700.5    1420     7153.54    111.9    1710
  15   8200   3628.02   14632     9400      6033.23   3480     1510      6056.71   1310      510     7504.46    698.5    1510     7153.31    111.7    1600
  16   7500   3627.96   14626    10500      6033.23   3480     1510      6056.69   1310      510     7504.19    696.2    1690     7153.36    111.7    1680
  17   8700   3627.91   14620    11000      6033.25   3480     1510      6056.61   1310      520     7503.95    694.2    1440     7153.29    111.7    1470
  18   8100   3627.85   14613    11100      6033.25   3480     1500      6056.55   1300      520     7503.70    692.1    1570     7153.29    111.7    1570
  19   7200   3627.79   14607    10200      6033.23   3480     1510      6056.47   1300      520     7503.55    690.8    1120     7152.23    110.8    1540
  20   9000   3627.75   14602    10800      6033.25   3480     1510      6056.36   1300      520     7503.32    688.9    1590     7152.16    110.8    1650
  21   3200   3627.64   14590     9200      6033.23   3480     1510      6056.26   1300      520     7503.09    687.0    1410     7151.75    110.4    1580
  22   7900   3627.60   14586     9600      6033.25   3480     1510      6056.22   1300      520     7502.89    685.3    1430     7151.47    110.2    1550
  23   9200   3627.56   14581    10900      6033.23   3480     1510      6056.19   1300      530     7502.68    683.5    1610     7151.60    110.3    1570
  24   6000   3627.47   14571    10800      6033.21   3470     1490      6056.16   1300      530     7502.49    682.0    1470     7151.46    110.2    1540
  25   7700   3627.41   14565    10700      6033.19   3470     1510      6056.12   1300      530     7502.21    679.6    1640     7151.77    110.5    1600
  26   9500   3627.36   14559    11900      6033.17   3470     1540      6056.07   1300      530     7501.96    677.5    1680     7152.20    110.8    1560
  27   7900   3627.30   14553    10900      6033.19   3470     1510      6056.03   1300      530     7501.60    674.6    1910     7152.63    111.1    1760
  28   7000   3627.24   14546    10000      6033.19   3470     1510      6055.99   1300      530     7501.34    672.4    1700     7152.99    111.4    1560
  29   7500   3627.20   14542     9300      6033.23   3480     1510      6055.95   1300      530     7501.10    670.4    1530     7152.87    111.3    1590
  30   9500   3627.17   14538    10700      6033.20   3470     1510      6055.91   1300      530     7500.84    668.3    1620     7153.01    111.4    1570
  31   6600   3627.09   14530    10800      6033.17   3470     1510      6055.89   1300      540     7500.64    666.6    1620     7153.13    111.5    1560

TOT  268700                     322700                        53840                        16350                        51230                        52750
AVE    8668                      10410                         1740                          530                         1650                         1700
A F  533000                     640000                       107000                        32400                        101600                       104600






                                          BUREAU OF RECLAMATION
                                          LOWER COLORADO REGION
                                          BOULDER CITY, NEVADA

                                     GLEN CANYON TO HOOVER DAM LOSSES

                                                OCTOBER 2017

                      |           | LAKE    |         |   LAKE|    LAKE   |  CHANGE |
               GLEN   |    HOOVER | MEAD    |  STORAGE|   MEAD|    MEAD   |   BANK  |       |          |
              RELEASE |    RELEASE| STORAGE |  CHANGE |PUMPING|EVAPORATION| STORAGE |  LOSS |  ACCUMUL.|  INFLOW
   DATE |      CFS    |     CFS   | 1000 AF |  1000 AF|    CFS|     CFS   |    CFS  |   CFS |     A.F. |   CFS
--------------------------------------------------------------------------------------------------------------------
      1         8900        8000     10190         8       599       693       262     -1983     -3933     13600
      2        10400       10400     10191         1       653       693        33     -2623     -9136     12300
      3        10600       10000     10185        -6       754       693      -197       717     -7714      8230
      4        10700       10800     10182        -3       736       693       -98      -203     -8117     10600
      5        10700        9950     10182         0       746       693         0      -780     -9665     11400
      6        10600        8270     10185         3       707       693        98      -577    -10808     11300
      7         9700        5590     10196        11       746       693       360     -2247    -15265     12900
      8         9000        4260     10210        14       668       693       459     -2554    -20331     13100
      9        10600        8100     10210         0       617       693         0       316    -19705      9410
     10        11400       10200     10206        -4       704       693      -131      -428    -20553      9450
     11        11400       10000     10202        -4       678       693      -131      1408    -17760      9220
     12        10700       11700     10201        -1       678       693       -33     -1121    -19984     12500
     13        11100       11500     10199        -2       678       693       -66      -383    -20743     11800
     14         9100       10200     10202         3       679       693        98     -2500    -25701     13200
     15         9400        9110     10203         1       614       693        33       164    -25376     11000
     16        10500       12000     10201        -2       710       693       -66     -3203    -31728     12300
     17        11000       11700     10196        -5       676       693      -164     -1005    -33721     10400
     18        11100       11700     10191        -5       605       693      -164       172    -33379     10300
     19        10200        9670     10192         1       668       693        33      -518    -34407     11600
     20        10800        8890     10195         3       594       693        98      -735    -35864     11800
     21         9200        8600     10197         2       633       693        66      -820    -37491     11000
     22         9600        8530     10202         5       605       693       164     -1735    -40933     12500
     23        10900       11400     10200        -2       628       693       -66     -2445    -45782     11600
     24        10800       10900     10196        -4       659       693      -131      -477    -46729     10100
     25        10700        9960     10194        -2       631       693       -66       738    -45266     10200
     26        11900       11400     10194         0       647       693         0     -1979    -49191     12700
     27        10900       10300     10194         0       644       693         0      -958    -51091     11600
     28        10000        8910     10197         3       625       693        98        37    -51018     11800
     29         9300        8030     10206         9       572       693       295     -3225    -57415     14100
     30        10700       10800     10205        -1       641       693       -33     -1642    -60672     11600
     31        10800        9570     10202        -3       648       693       -98         5    -60662      9300

    TOTAL     322700      300540                         20443     21483                        -60662    353100






</pre>