<pre>
                                                                    BUREAU OF RECLAMATION
                                                                    LOWER COLORADO REGION
                                                                    BOULDER CITY, NEVADA

                                                               ACCUMULATIONS FOR OCTOBER 2020

    |GLEN CANYON    |                         HOOVER DAM         |             DAVIS DAM           |      MWD       |            PARKER DAM              |
    |               |  LAKE                                      |LAKE                             |                | LAKE                               |   C.A.P.
    |         ACCUM.|  MEAD    HOOVER RELEASE        GROSS  RATE |MOHAVE      DAVIS RELEASE   GROSS|DIVER. AT INTAKE| HAVASU     PARKER RELEASE     GROSS| DIVER. ACCUM.
DAY |   CFS    A.F. |  ELEV.   CFS    A.F.   ACCUM.   GEN  KWH/AF|ELEV   CFS   A.F.   ACCUM.  GEN  | A.F. ACCUM.    | ELEV    CFS    A.F.   ACCUM.  GEN. | A.F.   A.F.
----------------------------------------------------------------------------------------------------------------------------------------------------------------------
  1   10700   21223   1083.12  12594  24980   24980   9801  392  636.21  16990  33709   33709  4004  2854   2854    447.52   3800   7530     7530    471   5132   5132
  2   10700   42446   1083.10  10999  21817   46797   8541  391  635.82  17000  33714   67423  4003  2881   5735    447.93   8000  15873    23403   1120   5286  10418
  3   10700   63669   1083.16   7354  14587   61384   5682  390  635.02  16990  33704  101127  3982  2901   8636    448.34   8100  16067    39470   1111   5288  15706
  4    9400   82314   1083.22   7923  15715   77099   6139  391  634.55  12990  25772  126899  3043  2919  11555    448.58   8910  17672    57142   1243   5778  21484
  5   10700  103537   1083.18  11661  23130  100229   9133  395  634.56  11990  23772  150671  2803  2929  14484    448.64   8400  16668    73810   1170   5101  26585
  6   10700  124760   1083.15  11244  22302  122531   8826  396  634.66  10990  21807  172478  2566  2936  17420    448.69   7400  14672    88482   1028   5293  31878
  7   10600  145785   1083.12  11673  23153  145684   9131  394  634.68  10400  20636  193114  2418  3221  20641    448.66   7500  14883   103365   1043   5294  37172
  8   10700  167008   1083.09  11337  22486  168170   8864  394  634.68   9970  19779  212893  2335  3306  23947    448.74   4600   9127   112492    617   5294  42466
  9   10300  187438   1083.10   9887  19610  187781   7677  391  634.59  11800  23412  236305  2752  3285  27232    448.45   8810  17475   129967   1223   5292  47758
 10   10200  207669   1083.13   7683  15239  203020   5895  387  634.26  11790  23378  259683  2744  3264  30496    448.25   8800  17456   147423   1225   5290  53048
 11    9300  226116   1083.26   6722  13333  216353   5172  388  633.91  10790  21404  281087  2516  3247  33743    448.03   9510  18868   166291   1320   6081  59129
 12   10700  247339   1083.16  13628  27031  243384  10609  392  634.07  10790  21402  302489  2512  3218  36961    447.73   9410  18661   184952   1304   5283  64412
 13   10700  268562   1083.07  13707  27187  270571  10581  389  634.26  10890  21593  324082  2536  3199  40160    447.61   8010  15895   200847   1109   4351  68763
 14   10500  289388   1082.97  14504  28769  299340  11206  390  634.47  10890  21608  345690  2542  2921  43081    447.65   6500  12885   213732    900   5290  74053
 15   10700  310612   1082.88  14181  28127  327467  10921  388  634.80  10900  21615  367305  2550  2836  45917    448.11   3800   7537   221269    482   4681  78734
 16   10600  331636   1082.78  13941  27652  355119  10858  393  634.89  11500  22801  390106  2676  2836  48753    447.92   7600  15072   236341   1042   4685  83419
 17   10600  352661   1082.78  10918  21655  376774   8565  396  634.77  11500  22816  412922  2663  2888  51641    447.88   8120  16098   252439   1118   4673  88092
 18    8900  370314   1082.76  10625  21075  397849   8299  394  634.77  11490  22793  435715  2652  2899  54540    447.64   8700  17262   269701   1207   6073  94165
 19   10500  391140   1082.68  13811  27393  425242  10724  391  634.84  11370  22552  458267  2689  3184  57724    447.57   8410  16682   286383   1162   6073 100238
 20   10400  411769   1082.57  15248  30243  455485  11892  393  635.16  10750  21325  479592  2552  3265  60989    447.43   7500  14872   301255   1040   5284 105522
 21   10500  432595   1082.46  13689  27151  482636  10604  391  635.26  10910  21649  501241  2636  3246  64235    447.35   7790  15460   316715   1071   5286 110808
 22   10600  453620   1082.38  14421  28604  511240  11040  386  635.63   9190  18235  519476  1980  3232  67467    447.59   4500   8928   325643    539   5280 116088
 23   10700  474843   1082.31  13506  26788  538028  10434  390  635.89   9290  18431  537907  2275  3220  70687    447.24   7700  15267   340910   1028   5277 121365
 24   10600  495868   1082.28  10444  20715  558743   7959  384  635.69  12200  24193  562100  2977  3207  73894    447.08   7690  15259   356169   1043   5275 126640
 25    9100  513917   1082.34  10565  20956  579699   8145  389  635.87  12200  24193  586293  2971  3196  77090    447.35   7700  15263   371432   1046   6063 132703
 26   10900  535537   1082.21  11670  23148  602847   8933  386  635.58  12190  24180  610473  2973  2862  79952    447.16   7000  13875   385307    947   5271 137974
 27   10700  556760   1082.09  14362  28487  631334  10949  384  635.52  12190  24188  634661  2967  2767  82719    447.17   7300  14473   399780    980   5272 143246
 28   10700  577983   1081.98  13102  25988  657322  10074  388  635.49  12200  24192  658853  2953  2789  85508    447.33   6300  12492   412272    837   5267 148513
 29   10500  598810   1081.94  13030  25845  683167   9975  386  635.63  11200  22206  681059  2713  2821  88329    447.73   4000   7932   420204    511   5259 153772
 30   10600  619835   1081.88  12762  25313  708480   9828  388  635.70  11190  22199  703258  2718  2829  91158    447.76   7090  14070   434274    969   5271 159043
 31   10600  640859   1081.88  10754  21330  729810   8291  389  635.65  11200  22211  725469  2718  2840  93998    447.77   7100  14074   448348    975   5273 164316

TOTAL                                               284748                                    86421                                                30882









                                                                    BUREAU OF RECLAMATION
                                                                    LOWER COLORADO REGION
                                                                    BOULDER CITY, NEVADA

                                                     AVAILABLE RESERVOIR ELEVATIONS AND CONTENTS FOR OCTOBER 2020

                                        LAKE MEAD                      LAKE MOHAVE                      LAKE HAVASU                        SENATOR WASH
  AVAILABLE CAPACITY IN A.F.            *26120000                        1809800                           619400                              9144
  ELEVATION IN FEET                        1219.6                          647.0                            450.0                             240.0

           TOTAL     TOTAL    |             HOOVER            |            DAVIS            |             PARKER            |             SENATOR WASH
          SYSTEM    AVAILABLE |ELEVATION    CONTENT   RELEASE |ELEVATION   CONTENT  RELEASE |ELEVATION    CONTENT   RELEASE | ELEVATION   CONTENT  PUMPED   RELEASE
     DAY  STORAGE**   SPACE   |  FEET       1000A.F.    ft3/s |  FEET      1000A.F.  ft3/s  |   FEET      1000A.F.  ft3/s   |  FEET        A.F.     ft3/s    ft3/s
-----------------------------------------------------------------------------------------------------------------------------------------------------------------------------
       1    28874.8  32250.3    1083.12      10271       12600   636.21     1517.2    17000    447.52      570.8     3800      238.89     8727      448        0
       2    28851.2  32273.9    1083.10      10269       11000   635.82     1506.9    17000    447.93      578.7     8000      239.82     9076      267        0
       3    28824.3  32300.8    1083.16      10275        7350   635.02     1486.1    17000    448.34      586.6     8100      238.75     8676        0      141
       4    28804.9  32320.1    1083.22      10280        7920   634.55     1474.2    13000    448.58      591.3     8910      238.11     8441      122      167
       5    28783.2  32341.8    1083.18      10276       11700   634.56     1474.3    12000    448.64      592.4     8400      236.35     7814        0      272
       6    28765.8  32359.2    1083.15      10274       11200   634.66     1477.1    11000    448.69      593.4     7400      235.99     7688      146      177
       7    28745.5  32379.6    1083.12      10271       11700   634.68     1477.6    10400    448.66      592.8     7500      236.22     7768       96        0
       8    28725.0  32400.1    1083.09      10269       11300   634.68     1477.4     9970    448.74      594.5     4600      236.29     7793       68        0
       9    28700.7  32424.4    1083.10      10269        9890   634.59     1475.3    11800    448.45      588.7     8810      235.65     7572        0       55
      10    28673.9  32451.2    1083.13      10272        7680   634.26     1466.6    11800    448.25      584.8     8800      235.12     7391       96      146
      11    28654.4  32470.7    1083.26      10283        6720   633.91     1457.7    10800    448.03      580.5     9510      234.82     7290        0        0
      12    28623.7  32501.4    1083.16      10275       13600   634.07     1461.9    10800    447.73      574.8     9410      234.52     7190        0        0
      13    28598.3  32526.7    1083.07      10267       13700   634.26     1466.6    10900    447.61      572.5     8010      234.24     7097        0        0
      14    28579.6  32545.4    1082.97      10259       14500   634.47     1472.2    10900    447.65      573.3     6500      235.70     7589      298        0
      15    28571.4  32553.7    1082.88      10251       14200   634.80     1480.6    10900    448.11      582.2     3800      237.72     8299      417        0
      16    28543.3  32581.8    1082.78      10243       13900   634.89     1482.9    11500    447.92      578.6     7600      239.33     8892      407        0
      17    28520.8  32604.3    1082.78      10243       10900   634.77     1479.7    11500    447.88      577.7     8120      237.29     8145       83      387
      18    28498.3  32626.8    1082.76      10241       10600   634.77     1479.7    11500    447.64      573.1     8700      237.76     8314      274      143
      19    28474.1  32650.9    1082.68      10234       13800   634.84     1481.5    11400    447.57      571.8     8410      237.15     8095       24       77
      20    28453.2  32671.9    1082.57      10225       15200   635.16     1490.0    10800    447.43      569.2     7500      236.39     7828        0       85
      21    28428.1  32697.0    1082.46      10216       13700   635.26     1492.5    10900    447.35      567.7     7790      236.39     7828       34        0
      22    28420.0  32705.0    1082.38      10209       14400   635.63     1502.1     9190    447.59      572.3     4500      236.00     7691        0        0
      23    28397.1  32727.9    1082.31      10203       13500   635.89     1508.9     9290    447.24      565.6     7700      236.27     7786       96        0
      24    28369.7  32755.3    1082.28      10201       10400   635.69     1503.6    12200    447.08      562.6     7690      236.65     7919      117        0
      25    28371.6  32753.5    1082.34      10206       10600   635.87     1508.2    12200    447.35      567.7     7700      238.92     8738      472        0
      26    28332.3  32792.7    1082.21      10195       11700   635.58     1500.7    12200    447.16      564.1     7000      238.50     8584       21        0
      27    28304.2  32820.9    1082.09      10185       14400   635.52     1499.2    12200    447.17      564.3     7300      236.96     8027        0      230
      28    28283.0  32842.1    1081.98      10176       13100   635.49     1498.6    12200    447.33      567.2     6300      236.68     7929        0        0
      29    28277.9  32847.1    1081.94      10172       13000   635.63     1502.1    11200    447.73      574.8     4000      236.36     7817        0        0
      30    28262.9  32862.2    1081.88      10167       12800   635.70     1503.9    11200    447.76      575.4     7090      236.06     7712        0        0
      31    28253.0  32872.1    1081.88      10167       10800   635.65     1502.5    11200    447.77      575.7     7100      235.77     7613        0        0

TOTAL                                                   367860                       365950                        226050                          3486     1880
AVE.                                                     11870                        11800                          7290                           112       61
AC FT                                                   730000                       726000                        448000                          6914     3729

      * BOTTOM OF EXCLUSIVE FLOOD CONTROL SPACE
     ** INCLUDES FONTENELLE AND CRYSTAL RESERVOIRS

                                                                      BUREAU OF RECLAMATION
                                                                      LOWER COLORADO REGION
                                                                      BOULDER CITY, NEVADA

                                             COLORADO RIVER STORAGE PROJECT DATA (operational) FOR OCTOBER 2020

                   LAKE POWELL          |        FLAMING GORGE        |          NAVAJO            |      BLUE MESA             |     MORROW POINT
             MAX. STORAGE 24322000 AF   |  MAX. STORAGE 3749000 AF    | MAX. STORAGE 1696000 AF    | MAX. STORAGE 829500 AF     | MAX. STORAGE 117025 AF  
    COMPUTED MAX. ELEV. 3700.0 FEET     |  MAX. ELEV. 6040.0 FEET     | MAX. ELEV. 6085.0 FEET     | MAX. ELEV. 7519.4 FEET     | MAX. ELEV. 7160.0 FEET
     INFLOW  ELEVATION CONTENT  RELEASE |  ELEVATION CONTENT  RELEASE | ELEVATION CONTENT  RELEASE | ELEVATION CONTENT  RELEASE | ELEVATION CONTENT  RELEASE
DATE FT3/S   (FEET)  (1000 AF)   FT3/S  |  (FEET)  (1000 AF)   FT3/   |(FEET)  (1000 AF)   FT3/S   | (FEET)  (1000 AF)   FT3/S  |(FEET)  (1000 AF)   FT3/S
------------------------------------------------------------------------------------------------------------------------------------------------------------
   1   3500   3595.83   11357    10700      6025.87   3190     1540      6043.14   1150      750     7470.15    436.8    1230     7149.46    108.7    1390
   2   4100   3595.69   11343    10700      6025.83   3190     1500      6042.96   1150      750     7469.93    435.3    1050     7148.94    108.3    1260
   3   4100   3595.55   11330    10700      6025.79   3190     1450      6042.79   1140      750     7469.68    433.6    1230     7148.77    108.1    1300
   4   3800   3595.43   11319     9400      6025.76   3190     1400      6042.60   1140      750     7469.43    432.0    1210     7148.68    108.1    1250
   5   4100   3595.29   11306    10700      6025.73   3190     1350      6042.39   1140      760     7469.11    429.8    1270     7148.97    108.3    1160
   6   4100   3595.15   11293    10700      6025.71   3190     1290      6042.20   1140      750     7468.85    428.1    1170     7148.58    108.0    1330
   7   4500   3595.02   11281    10600      6025.69   3190     1230      6042.01   1130      750     7468.59    426.3    1120     7148.09    107.6    1330
   8   3600   3594.87   11267    10700      6025.67   3190     1170      6041.82   1130      740     7468.35    424.7    1150     7148.00    107.5    1200
   9   4200   3594.74   11255    10300      6025.65   3180     1140      6041.64   1130      740     7468.10    423.1    1190     7148.08    107.6    1170
  10   4900   3594.62   11244    10200      6025.62   3180     1110      6041.41   1130      740     7467.85    421.4    1230     7148.01    107.5    1260
  11   4000   3594.51   11234     9300      6025.59   3180     1080      6041.18   1130      740     7467.52    419.2    1290     7148.23    107.7    1210
  12   2900   3594.34   11218    10700      6025.56   3180      990      6041.02   1120      740     7467.24    417.4    1290     7148.52    107.9    1180
  13   2900   3594.18   11203    10700      6025.53   3180      940      6040.90   1120      740     7467.01    415.9    1080     7148.40    107.8    1130
  14   4500   3594.05   11191    10500      6025.50   3180      940      6040.76   1120      740     7466.76    414.2    1190     7148.58    108.0    1120
  15   3500   3593.90   11177    10700      6025.49   3180      870      6040.63   1120      740     7466.40    411.9    1520     7149.51    108.7    1170
  16   3400   3593.74   11163    10600      6025.48   3180      890      6040.50   1120      730     7466.15    410.2    1090     7149.67    108.8    1040
  17   3400   3593.59   11149    10600      6025.47   3180      900      6040.36   1120      740     7465.91    408.7    1120     7149.62    108.8    1140
  18   2900   3593.46   11137     8900      6025.45   3180      890      6040.24   1120      750     7465.71    407.4     970     7149.57    108.7    1000
  19   3600   3593.31   11123    10500      6025.43   3180      900      6040.11   1110      750     7465.51    406.1    1000     7149.72    108.9     950
  20   3600   3593.17   11110    10400      6025.42   3180      890      6040.00   1110      710     7465.27    404.5    1050     7149.66    108.8    1080
  21   3700   3593.02   11096    10500      6025.41   3180      890      6039.88   1110      690     7465.09    403.4     950     7149.40    108.6    1070
  22   4600   3592.89   11084    10600      6025.40   3180      870      6039.78   1110      640     7464.80    401.5    1190     7149.95    109.0    1000
  23   3700   3592.74   11070    10700      6025.40   3170      870      6039.68   1110      620     7464.61    400.3    1050     7149.96    109.0    1070
  24   4100   3592.60   11058    10600      6025.39   3170      870      6039.58   1110      620     7464.37    398.7    1050     7150.02    109.1    1040
  25   4100   3592.49   11047     9100      6025.40   3170      870      6039.48   1110      630     7464.16    397.4     980     7150.12    109.2     950
  26   3900   3592.34   11034    10900      6025.38   3170      870      6039.38   1110      630     7463.98    396.2    1070     7150.59    109.5     910
  27   3700   3592.19   11020    10700      6025.37   3170      900      6039.31   1110      570     7463.78    395.0    1070     7150.79    109.7    1010
  28   4200   3592.05   11007    10700      6025.37   3170      900      6039.28   1110      550     7463.67    394.2     780     7150.78    109.7     820
  29   5100   3591.93   10996    10500      6025.37   3170      890      6039.21   1100      550     7463.54    393.4     800     7150.89    109.8     810
  30   5100   3591.81   10985    10600      6025.37   3170      890      6039.15   1100      530     7463.50    393.2     610     7151.07    109.9     580
  31   6600   3591.72   10977    10600      6025.39   3170      890      6039.09   1100      530     7463.47    393.0     480     7151.06    109.9     520

TOT  124400                     323100                        32180                        21420                        33480                        33450
AVE    4013                      10420                         1040                          690                         1080                         1080
A F  246700                     641000                        64000                        42500                        66400                        66300






                                          BUREAU OF RECLAMATION
                                          LOWER COLORADO REGION
                                          BOULDER CITY, NEVADA

                                     GLEN CANYON TO HOOVER DAM LOSSES

                                                OCTOBER 2020

                      |           | LAKE    |         |   LAKE|    LAKE   |  CHANGE |
               GLEN   |    HOOVER | MEAD    |  STORAGE|   MEAD|    MEAD   |   BANK  |       |          |
              RELEASE |    RELEASE| STORAGE |  CHANGE |PUMPING|EVAPORATION| STORAGE |  LOSS |  ACCUMUL.|  INFLOW
   DATE |      CFS    |     CFS   | 1000 AF |  1000 AF|    CFS|     CFS   |    CFS  |   CFS |     A.F. |   CFS
--------------------------------------------------------------------------------------------------------------------
      1        10700       12600     10271        -8       686       696      -262       733      1455      9690
      2        10700       11000     10269        -2       689       695       -66      -940      -409     11300
      3        10700        7350     10275         6       649       695       197     -1257     -2901     11900
      4         9400        7920     10280         5       620       696       164     -1265     -5410     11900
      5        10700       11700     10276        -4       644       696      -131      -230     -5866     10900
      6        10700       11200     10274        -2       656       696       -66     -2128    -10086     11500
      7        10600       11700     10271        -3       641       695       -98      -774    -11621     11400
      8        10700       11300     10269        -2       683       695       -66      -952    -13509     11600
      9        10300        9890     10269         0       680       695         0      -691    -14878     11300
     10        10200        7680     10272         3       630       695        98        40    -14800     10600
     11         9300        6720     10283        11       584       696       360     -3635    -22011     13900
     12        10700       13600     10275        -8       652       696      -262      -459    -22921     10700
     13        10700       13700     10267        -8       661       695      -262     -1500    -25896     10800
     14        10500       14500     10259        -8       644       695      -262      -831    -27544     11500
     15        10700       14200     10251        -8       609       695      -262      -505    -28547     11200
     16        10600       13900     10243        -8       625       695      -262      -399    -29337     10900
     17        10600       10900     10243         0       640       694         0     -1523    -32358     12200
     18         8900       10600     10241        -2       558       694       -66      -170    -32695     10800
     19        10500       13800     10234        -7       632       694      -229      -781    -34245     11400
     20        10400       15200     10225        -9       593       694      -295     -2761    -39722     11700
     21        10500       13700     10216        -9       604       694      -295       305    -39117     10200
     22        10600       14400     10209        -7       659       694      -229     -1553    -42197     12000
     23        10700       13500     10203        -6       626       693      -197     -1085    -44348     11600
     24        10600       10400     10201        -2       623       693       -66       -32    -44411     10600
     25         9100       10600     10206         5       563       693       164     -3811    -51971     14500
     26        10900       11700     10195       -11       548       693      -360      3575    -44880      7030
     27        10700       14400     10185       -10       572       693      -328     -1193    -47246     10300
     28        10700       13100     10176        -9       560       693      -295      1342    -44585      9520
     29        10500       13000     10172        -4       562       692      -131     -1392    -47346     12100
     30        10600       12800     10167        -5       569       692      -164      -724    -48781     11400
     31        10600       10800     10167         0       569       692         0     -1514    -51785     12100

    TOTAL     322800      367950                         19231     21524                        -51785    348500




</pre>

