<pre>
                                                                    BUREAU OF RECLAMATION
                                                                    LOWER COLORADO REGION
                                                                    BOULDER CITY, NEVADA

                                                               ACCUMULATIONS FOR OCTOBER 2015

    |GLEN CANYON    |                         HOOVER DAM         |             DAVIS DAM           |      MWD       |            PARKER DAM              |
    |               |  LAKE                                      |LAKE                             |                | LAKE                               |   C.A.P.
    |         ACCUM.|  MEAD    HOOVER RELEASE        GROSS  RATE |MOHAVE      DAVIS RELEASE   GROSS|DIVER. AT INTAKE| HAVASU     PARKER RELEASE     GROSS| DIVER. ACCUM.
DAY |   CFS    A.F. |  ELEV.   CFS    A.F.   ACCUM.   GEN  KWH/AF|ELEV   CFS   A.F.   ACCUM.  GEN  | A.F. ACCUM.    | ELEV    CFS    A.F.   ACCUM.  GEN. | A.F.   A.F.
----------------------------------------------------------------------------------------------------------------------------------------------------------------------
  1   10100   20033   1078.13   9887  19611   19611   7509  383  639.40  11620  23038   23038  2815  3439   3439    448.29   5600  11107    11107    770   3700   3700
  2   10100   40066   1078.28   6905  13695   33306   5247  383  638.96  11570  22952   45990  2788  3843   7282    448.23   8600  17052    28159   1202   3703   7403
  3    9200   58314   1078.32   9672  19184   52490   7480  390  638.86  10000  19836   65826  2406  3841  11123    448.12   9500  18845    47004   1322   3700  11103
  4    8900   75967   1078.38   7585  15044   67534   5713  380  638.72   9290  18428   84254  2237  3791  14914    447.54   9300  18449    65453   1288   6093  17196
  5   10000   95802   1078.51   9478  18799   86333   7178  382  638.71  10800  21428  105682  2625  3707  18621    447.35   9200  18250    83703   1276   3690  20886
  6    9900  115438   1078.49  10131  20094  106427   7764  386  638.67  10980  21788  127470  2682  3769  22390    447.00   9500  18852   102555   1317   3714  24600
  7   10100  135471   1078.45  10261  20353  126780   7720  379  638.63  10980  21774  149244  2697  3480  25870    446.89   8820  17486   120041   1211   3712  28312
  8   10200  155702   1078.36  15854  31446  158226  12094  385  638.80  10990  21804  171048  2697  3257  29127    447.04   6500  12885   132926    896   3692  32004
  9   10000  175537   1078.33  12405  24604  182830   9536  388  638.84  11010  21836  192884  2700  2015  31142    447.02   8000  15862   148788   1100   3696  35700
 10    9200  193785   1078.37   9555  18952  201782   7232  382  638.66  12590  24966  217850  3076  3278  34420    446.93   8000  15875   164663   1103   3727  39427
 11    8800  211240   1078.45   6703  13295  215077   5057  380  638.19  12800  25392  243242  3121  3354  37774    446.99   8810  17465   182128   1215   3492  42919
 12   10000  231074   1078.41  12435  24665  239742   9634  391  638.18  12390  24576  267818  3011  2718  40492    447.39   6800  13496   195624    939   1989  44908
 13   10100  251107   1078.29  13313  26405  266147  10305  390  638.19  12390  24570  292388  3008  3392  43884    447.68   7410  14698   210322   1033   1662  46570
 14   10200  271339   1078.24  11425  22662  288809   8772  387  638.13  13200  26174  318562  3211  3334  47218    447.97   7010  13900   224222    975   2581  49151
 15   10200  291570   1078.23  10281  20393  309202   7754  380  637.77  13400  26576  345138  3248  3369  50587    448.52   5000   9912   234134    684   3686  52837
 16   10100  311603   1078.40   5385  10682  319884   3973  372  637.11  13380  26540  371678  3247  3344  53931    448.67   7000  13890   248024    982   3937  56774
 17    9400  330248   1078.51   5276  10464  330348   3822  365  636.80  10480  20784  392462  2514  2413  56344    449.05   6510  12906   260930    911   3741  60515
 18    8800  347702   1078.67   4671   9264  339612   3457  373  636.36  12090  23984  416446  2904  2920  59264    448.98   7600  15078   276008   1064   6113  66628
 19   10100  367736   1078.76   7989  15847  355459   6050  382  635.84  12780  25358  441804  3056  2940  62204    449.12   7800  15464   291472   1092   3729  70357
 20   10200  387967   1078.89   6881  13648  369107   5189  380  635.74   8210  16284  458088  1975  3138  65342    449.26   8210  16294   307766   1152   2902  73259
 21   10000  407802   1078.83  11061  21939  391046   8375  382  635.87   8210  16278  474366  1966  2834  68176    449.11   7300  14488   322254   1021   3734  76993
 22   10100  427835   1078.86   9624  19089  410135   7297  382  635.89   8980  17808  492174  2150  2992  71168    448.95   5690  11285   333539    791   3712  80705
 23   10100  447868   1078.88  10522  20871  431006   8008  384  635.96   9390  18634  510808  2244  3442  74610    448.89   7300  14482   348021   1026   3738  84443
 24    9200  466116   1078.90  10967  21752  452758   8459  389  636.03   9190  18232  529040  2201  3441  78051    448.74   7200  14275   362296   1008   3648  88091
 25    8800  483570   1078.92   9613  19068  471825   7424  389  636.04   9190  18230  547270  2205  3420  81471    448.58   6990  13867   376163    982   4975  93066
 26    9900  503207   1079.04   6660  13210  485035   4955  375  635.84   9370  18594  565864  2242  3398  84869    448.45   7090  14065   390228    997   3707  96773
 27    9900  522843   1079.06   8570  16999  502034   6468  380  635.80   9200  18242  584106  2192  3342  88211    448.39   6510  12909   403137    912   3708 100481
 28   10000  542678   1079.02   9465  18774  520808   7179  382  635.81   8990  17830  601936  2150  3464  91675    448.41   5800  11513   414650    807   3608 104089
 29   10000  562512   1079.08   8231  16326  537134   6232  382  635.79   8990  17830  619766  2155  3315  94990    448.43   6190  12285   426935    851   3732 107821
 30   10000  582347   1078.96  12964  25714  562848  10031  390  635.82   8590  17038  636804  2064  2959  97949    448.17   7510  14894   441829   1035   3734 111555
 31    9100  600397   1078.99   7729  15331  578179   5891  384  635.80   9200  18238  655042  2205  3049 100998    447.88   8210  16287   458116   1142   3704 115259

TOTAL                                               221805                                    79794                                                32104









                                                                    BUREAU OF RECLAMATION
                                                                    LOWER COLORADO REGION
                                                                    BOULDER CITY, NEVADA

                                                     AVAILABLE RESERVOIR ELEVATIONS AND CONTENTS FOR OCTOBER 2015

                                        LAKE MEAD                      LAKE MOHAVE                      LAKE HAVASU                        SENATOR WASH
  AVAILABLE CAPACITY IN A.F.            *26120000                        1809800                           619400                              9144
  ELEVATION IN FEET                        1219.6                          647.0                            450.0                             240.0

           TOTAL     TOTAL    |             HOOVER            |            DAVIS            |             PARKER            |             SENATOR WASH
          SYSTEM    AVAILABLE |ELEVATION    CONTENT   RELEASE |ELEVATION   CONTENT  RELEASE |ELEVATION    CONTENT   RELEASE | ELEVATION   CONTENT  PUMPED   RELEASE
     DAY  STORAGE**   SPACE   |  FEET       1000A.F.    ft3/s |  FEET      1000A.F.  ft3/s  |   FEET      1000A.F.  ft3/s   |  FEET        A.F.     ft3/s    ft3/s
-----------------------------------------------------------------------------------------------------------------------------------------------------------------------------
       1    30301.8  30823.2    1078.13       9857        9890   639.40     1601.5    11600    448.29      585.7     5600      237.80     8328      379        0
       2    30287.0  30838.0    1078.28       9869        6900   638.96     1589.6    11600    448.23      584.5     8600      237.26     8135        0        0
       3    30274.4  30850.7    1078.32       9872        9670   638.86     1587.2    10000    448.12      582.3     9500      235.56     7541        0      228
       4    30254.2  30870.9    1078.38       9877        7580   638.72     1583.4     9290    447.54      571.3     9300      236.06     7712      162        0
       5    30285.9  30839.1    1078.51       9888        9480   638.71     1583.0    10800    447.35      567.7     9200      236.14     7740      147       65
       6    30298.5  30826.6    1078.49       9886       10100   638.67     1582.2    11000    447.00      561.1     9500      237.90     8364      405        0
       7    30288.4  30836.6    1078.45       9883       10300   638.63     1580.9    11000    446.89      559.1     8820      237.86     8350       88        0
       8    30283.3  30841.7    1078.36       9876       15900   638.80     1585.6    11000    447.04      561.8     6500      235.81     7626        0      309
       9    30272.0  30853.0    1078.33       9873       12400   638.84     1586.6    11000    447.02      561.5     8000      235.44     7500        0        0
      10    30259.9  30865.2    1078.37       9876        9550   638.66     1581.8    12600    446.93      559.7     8000      235.08     7377        0        0
      11    30248.5  30876.6    1078.45       9883        6700   638.19     1569.2    12800    446.99      560.9     8810      234.73     7260        0        0
      12    30239.3  30885.7    1078.41       9880       12400   638.18     1568.9    12400    447.39      568.4     6800      235.35     7469      167        0
      13    30222.2  30902.8    1078.29       9870       13300   638.19     1569.2    12400    447.68      574.0     7410      236.32     7803      233        0
      14    30209.8  30915.3    1078.24       9866       11400   638.13     1567.6    13200    447.97      579.4     7010      235.90     7657        0        0
      15    30197.4  30927.7    1078.23       9865       10300   637.77     1558.3    13400    448.52      590.1     5000      235.54     7534        0        0
      16    30184.3  30940.8    1078.40       9879        5390   637.11     1540.7    13400    448.67      593.1     7000      235.15     7401        0        0
      17    30179.8  30945.2    1078.51       9888        5280   636.80     1532.6    10500    449.05      600.4     6510      234.80     7283        0        0
      18    30176.7  30948.4    1078.67       9901        4670   636.36     1521.3    12100    448.98      599.1     7600      234.44     7163        0        0
      19    30185.0  30940.1    1078.76       9909        7990   635.84     1507.6    12800    449.12      601.7     7800      234.10     7050        0        0
      20    30206.3  30918.7    1078.89       9919        6880   635.74     1505.0     8210    449.26      604.5     8210      233.77     6942        0        0
      21    30201.6  30923.4    1078.83       9914       11100   635.87     1508.4     8210    449.11      601.6     7300      233.44     6836        0        0
      22    30211.8  30913.2    1078.86       9917        9620   635.89     1508.8     8980    448.95      598.5     5690      233.84     6965      128        0
      23    30216.3  30908.8    1078.88       9918       10500   635.96     1510.7     9390    448.89      597.2     7300      236.44     7845      507        0
      24    30222.6  30902.5    1078.90       9920       11000   636.03     1512.6     9190    448.74      594.4     7200      236.98     8034      177        0
      25    30223.2  30901.9    1078.92       9922        9610   636.04     1512.7     9190    448.58      591.2     6990      237.44     8199      172        0
      26    30222.4  30902.7    1079.04       9932        6660   635.84     1507.6     9370    448.45      588.8     7090      236.39     7828       76      193
      27    30222.1  30903.0    1079.06       9933        8570   635.80     1506.6     9200    448.39      587.7     6510      236.01     7695       45       44
      28    30211.9  30913.1    1079.02       9930        9470   635.81     1506.7     8990    448.41      588.0     5800      235.63     7565        0        0
      29    30209.6  30915.4    1079.08       9935        8230   635.79     1506.2     8990    448.43      588.4     6190      235.27     7442        0        0
      30    30188.1  30937.0    1078.96       9925       13000   635.82     1507.1     8590    448.17      583.2     7510      235.34     7466       83        0
      31    30181.6  30943.5    1078.99       9927        7730   635.80     1506.5     9200    447.88      577.7     8210      234.96     7337        0        0

TOTAL                                                   291570                       330400                        230960                          2769      839
AVE.                                                      9410                        10660                          7450                            89       27
AC FT                                                   578000                       655000                        458000                          5492     1664

      * BOTTOM OF EXCLUSIVE FLOOD CONTROL SPACE
     ** INCLUDES FONTENELLE AND CRYSTAL RESERVOIRS

                                                                      BUREAU OF RECLAMATION
                                                                      LOWER COLORADO REGION
                                                                      BOULDER CITY, NEVADA

                                             COLORADO RIVER STORAGE PROJECT DATA (operational) FOR OCTOBER 2015

                   LAKE POWELL          |        FLAMING GORGE        |          NAVAJO            |      BLUE MESA             |     MORROW POINT
             MAX. STORAGE 24322000 AF   |  MAX. STORAGE 3749000 AF    | MAX. STORAGE 1696000 AF    | MAX. STORAGE 829500 AF     | MAX. STORAGE 117025 AF  
    COMPUTED MAX. ELEV. 3700.0 FEET     |  MAX. ELEV. 6040.0 FEET     | MAX. ELEV. 6085.0 FEET     | MAX. ELEV. 7519.4 FEET     | MAX. ELEV. 7160.0 FEET
     INFLOW  ELEVATION CONTENT  RELEASE |  ELEVATION CONTENT  RELEASE | ELEVATION CONTENT  RELEASE | ELEVATION CONTENT  RELEASE | ELEVATION CONTENT  RELEASE
DATE FT3/S   (FEET)  (1000 AF)   FT3/S  |  (FEET)  (1000 AF)   FT3/   |(FEET)  (1000 AF)   FT3/S   | (FEET)  (1000 AF)   FT3/S  |(FEET)  (1000 AF)   FT3/S
------------------------------------------------------------------------------------------------------------------------------------------------------------
   1   5300   3605.91   12323    10100      6032.55   3450     1760      6063.35   1390      490     7507.41    723.5    1690     7143.94    104.4    1710
   2   6400   3605.83   12315    10100      6032.51   3450     1820      6063.24   1390      540     7507.18    721.5    1510     7143.53    104.1    1670
   3   6600   3605.77   12309     9200      6032.47   3450     1860      6063.16   1390      550     7506.91    719.2    1780     7143.67    104.2    1720
   4   6700   3605.72   12304     8900      6032.43   3440     1900      6063.07   1390      550     7506.64    716.9    1650     7143.32    104.0    1790
   5  27100   3606.03   12335    10000      6032.37   3440     1950      6063.03   1390      560     7506.42    715.1    1580     7142.95    103.7    1720
   6  25000   3606.30   12361     9900      6032.31   3440     2000      6063.04   1390      520     7506.15    712.8    1640     7142.16    103.1    1940
   7  11200   3606.31   12362    10100      6032.27   3440     2060      6063.03   1390      500     7505.91    710.7    1560     7141.18    102.4    1930
   8  10800   3606.31   12362    10200      6032.23   3440     2100      6063.00   1390      500     7505.61    708.2    1780     7140.84    102.1    1910
   9   8400   3606.27   12359    10000      6032.17   3430     2150      6062.96   1390      500     7505.35    706.0    1720     7140.42    101.8    1870
  10   8100   3606.24   12356     9200      6032.11   3430     2200      6062.92   1390      500     7505.06    703.5    1760     7140.18    101.6    1860
  11   9400   3606.24   12356     8800      6032.05   3430     2200      6062.86   1380      500     7504.87    701.9    1170     7138.84    100.7    1670
  12   6800   3606.17   12349    10000      6031.99   3430     2210      6062.79   1380      500     7504.61    699.7    1640     7138.75    100.6    1680
  13   7400   3606.11   12343    10100      6031.91   3420     2210      6062.71   1380      500     7504.31    697.2    1820     7138.44    100.4    1940
  14   7500   3606.05   12337    10200      6031.85   3420     2210      6062.64   1380      500     7504.08    695.3    1470     7138.08    100.1    1600
  15   7600   3605.99   12331    10200      6031.77   3420     2190      6062.55   1380      510     7503.85    693.3    1480     7138.10    100.1    1480
  16   6900   3605.92   12324    10100      6031.71   3420     2200      6062.50   1380      450     7503.64    691.6    1340     7137.75     99.9    1470
  17   6200   3605.85   12317     9400      6031.63   3410     2210      6062.49   1380      410     7503.41    689.6    1440     7137.53     99.7    1530
  18  10400   3605.87   12319     8800      6031.55   3410     2210      6062.49   1380      420     7503.18    687.7    1480     7137.58     99.7    1460
  19  18700   3606.02   12334    10100      6031.51   3410     2210      6062.54   1380      430     7503.04    686.5    1220     7137.13     99.4    1390
  20  17700   3606.15   12347    10200      6031.47   3410     2210      6062.64   1380      430     7502.83    684.8    1450     7137.30     99.5    1400
  21  12200   3606.18   12350    10000      6031.41   3400     2200      6062.73   1380      430     7502.62    683.0    1350     7137.30     99.5    1350
  22  17600   3606.31   12362    10100      6031.35   3400     2210      6062.82   1380      430     7502.50    682.0    1310     7137.19     99.5    1360
  23  13800   3606.37   12368    10100      6031.27   3400     2200      6062.91   1390      430     7502.34    680.7    1340     7137.53     99.7    1230
  24  14600   3606.46   12377     9200      6031.21   3400     2210      6062.98   1390      430     7502.19    679.5    1270     7137.37     99.6    1330
  25  12600   3606.52   12383     8800      6031.13   3390     2160      6063.06   1390      430     7502.08    678.5    1110     7137.01     99.3    1240
  26  10400   3606.52   12383     9900      6031.07   3390     2210      6063.14   1390      430     7501.88    676.9    1380     7136.87     99.2    1430
  27  12000   3606.55   12386     9900      6031.03   3390     2210      6063.19   1390      430     7501.77    676.0    1010     7136.41     98.9    1190
  28   8900   3606.52   12383    10000      6030.95   3390     2210      6063.25   1390      430     7501.60    674.6    1210     7136.24     98.8    1280
  29   8400   3606.48   12379    10000      6030.89   3380     2220      6063.31   1390      440     7501.47    673.5    1130     7135.83     98.5    1280
  30   8400   3606.44   12375    10000      6030.81   3380     2220      6063.37   1390      440     7501.39    672.8     860     7135.62     98.3     940
  31   9700   3606.44   12375     9100      6030.73   3380     2210      6063.43   1390      440     7501.39    672.8     490     7135.56     98.3     520

TOT  342800                     302700                        66120                        14620                        43640                        46890
AVE   11058                       9760                         2130                          470                         1410                         1510
A F  679900                     600000                       131000                        29000                        86600                        93000






                                          BUREAU OF RECLAMATION
                                          LOWER COLORADO REGION
                                          BOULDER CITY, NEVADA

                                     GLEN CANYON TO HOOVER DAM LOSSES

                                                OCTOBER 2015

                      |           | LAKE    |         |   LAKE|    LAKE   |  CHANGE |
               GLEN   |    HOOVER | MEAD    |  STORAGE|   MEAD|    MEAD   |   BANK  |       |          |
              RELEASE |    RELEASE| STORAGE |  CHANGE |PUMPING|EVAPORATION| STORAGE |  LOSS |  ACCUMUL.|  INFLOW
   DATE |      CFS    |     CFS   | 1000 AF |  1000 AF|    CFS|     CFS   |    CFS  |   CFS |     A.F. |   CFS
--------------------------------------------------------------------------------------------------------------------
      1        10100        9890      9857         3       726       682        98      -238      -472     12900
      2        10100        6900      9869        12       713       682       393     -2116     -4669     14700
      3         9200        9670      9872         3       682       682        98     -2569     -9765     12600
      4         8900        7580      9877         5       656       683       164     -1472    -12686     11600
      5        10000        9480      9888        11       617       683       360     -7450    -27462     16700
      6         9900       10100      9886        -2       526       683       -66     -1357    -30153     10200
      7        10100       10300      9883        -3       608       683       -98       -11    -30175      9980
      8        10200       15900      9876        -7       520       683      -229     -3416    -36951     13300
      9        10000       12400      9873        -3       582       683       -98     -1966    -40850     12100
     10         9200        9550      9876         3       566       683        98     -2204    -45221     12400
     11         8800        6700      9883         7       582       683       229     -1740    -48671     11700
     12        10000       12400      9880        -3       628       683       -98     -2920    -54463     12100
     13        10100       13300      9870       -10       662       683      -328      -464    -55383      9280
     14        10200       11400      9866        -4       622       682      -131      -572    -56519     10600
     15        10200       10300      9865        -1       689       682       -33     -1020    -58543     11100
     16        10100        5390      9879        14       659       682       459     -4058    -66591     14200
     17         9400        5280      9888         9       602       683       295     -1157    -68885     11400
     18         8800        4670      9901        13       538       683       426     -2734    -74308     12900
     19        10100        7990      9909         8       593       684       262     -4127    -82494     13600
     20        10200        6880      9919        10       473       684       328     -4610    -91637     13400
     21        10000       11100      9914        -5       540       684      -164       464    -90717      9640
     22        10100        9620      9917         3       566       684        98     -2316    -95310     12500
     23        10100       10500      9918         1       549       684        33     -2240    -99753     12300
     24         9200       11000      9920         2       549       684        66     -3244   -106187     13300
     25         8800        9610      9922         2       599       684        66     -1899   -109954     12000
     26         9900        6660      9932        10       589       684       328     -4074   -118035     13300
     27         9900        8570      9933         1       607       684        33     -1589   -121186     10400
     28        10000        9470      9930        -3       577       684       -98       777   -119645      9120
     29        10000        8230      9935         5       591       684       164     -2331   -124269     12200
     30        10000       13000      9925       -10       560       684      -328      1088   -122111      8870
     31         9100        7730      9927         2       568       684        66       -88   -122285     10100

    TOTAL     302600      291500                         18539     21180                       -122286    370500







</pre>