<pre>
                                                                    BUREAU OF RECLAMATION
                                                                    LOWER COLORADO REGION
                                                                    BOULDER CITY, NEVADA

                                                               ACCUMULATIONS FOR NOVEMBER 2014

    |GLEN CANYON    |                         HOOVER DAM         |             DAVIS DAM           |      MWD       |            PARKER DAM              |
    |               |  LAKE                                      |LAKE                             |                | LAKE                               |   C.A.P.
    |         ACCUM.|  MEAD    HOOVER RELEASE        GROSS  RATE |MOHAVE      DAVIS RELEASE   GROSS|DIVER. AT INTAKE| HAVASU     PARKER RELEASE     GROSS| DIVER. ACCUM.
DAY |   CFS    A.F. |  ELEV.   CFS    A.F.   ACCUM.   GEN  KWH/AF|ELEV   CFS   A.F.   ACCUM.  GEN  | A.F. ACCUM.    | ELEV    CFS    A.F.   ACCUM.  GEN. | A.F.   A.F.
----------------------------------------------------------------------------------------------------------------------------------------------------------------------
  1    8300   16463   1082.81   7046  13975   13975   5475  392  634.21  10890  21594   21594  2505  3504   3504    446.13   7510  14893    14893   1018   5305   5305
  2    8400   33124   1082.82  10765  21352   35327   8327  390  634.25  10010  19856   41450  2292  3360   6864    446.11   6820  13517    28410    921   5291  10596
  3    8500   49983   1082.80   9908  19653   54980   7678  391  634.11  11870  23534   64984  2745  3374  10238    446.01   7000  13883    42293    960   5251  15847
  4    8700   67240   1082.72  11551  22912   77892   8876  387  634.02  11020  21852   86836  2540  3379  13617    445.96   7500  14882    57175   1021   5292  21139
  5    8600   84298   1082.58  14418  28597  106489  11194  391  634.17  11500  22808  109644  2655  3366  16983    445.76   7510  14895    72070   1027   5293  26432
  6    8500  101157   1082.31  18615  36922  143411  14487  392  634.73  11890  23588  133232  2757  3459  20442    445.86   6210  12318    84388    853   5284  31716
  7    8600  118215   1082.20  13568  26912  170323  10468  389  634.84  13030  25852  159084  3023  3295  23737    445.88   7610  15088    99476   1052   5242  36958
  8    7900  133884   1082.19   9040  17930  188253   6950  388  634.42  13000  25782  184866  3017  3402  27139    446.02   7800  15463   114939   1079   5289  42247
  9    8600  150942   1082.25   6800  13487  201740   5012  372  634.02  12200  24196  209062  2807  3403  30542    446.12   7500  14869   129808   1036   5295  47542
 10   21700  193983   1082.22   8807  17468  219208   6644  380  633.91   9990  19810  228872  2280  3386  33928    446.11   7000  13884   143692    968   5280  52822
 11   38100  269554   1082.17   9798  19434  238642   7488  385  633.94   9600  19044  247916  2202  3370  37298    445.98   6700  13291   156983    922   5249  58071
 12   38000  344926   1082.28  13088  25960  264602  10096  389  634.01  11620  23052  270968  2637  3401  40699    446.10   4510   8938   165921    595   5289  63360
 13   37800  419901   1082.82  12155  24109  288711   9304  386  634.13  11210  22232  293200  2538  3393  44092    446.22   5500  10906   176827    740   5295  68655
 14   37100  493488   1083.58  14689  29136  317847  11390  391  634.31  11210  22236  315436  2541  3382  47474    446.30   6500  12900   189727    896   5285  73940
 15   15700  524628   1084.22  13060  25904  343751  10150  392  634.49  11000  21816  337252  2496  3414  50888    446.30   6800  13494   203221    942   4918  78858
 16    7900  540297   1084.64  13348  26476  370227  10432  394  634.74  10500  20836  358088  2396  3390  54278    446.34   6600  13097   216318    915   4482  83340
 17    8500  557157   1084.71  15248  30243  400470  11931  395  634.97  10910  21630  379718  2545  3393  57671    446.31   5900  11705   228023    810   4492  87832
 18    8300  573620   1084.63  13810  27391  427861  10813  395  635.12  10520  20866  400584  2465  3420  61091    446.47   5600  11110   239133    765   4491  92323
 19    8500  590479   1084.29  13802  27375  455236  10827  396  635.31  10550  20918  421502  2469  3390  64481    446.64   5880  11669   250802    811   4492  96815
 20    8400  607140   1084.20  10677  21177  476413   8239  389  635.40  10500  20822  442324  2461  3449  67930    446.72   4890   9705   260507    658   4493 101308
 21    8500  624000   1084.23   8731  17318  493731   6640  383  635.30   9600  19040  461364  2245  3443  71373    446.88   5010   9944   270451    683   4511 105819
 22    8600  641058   1084.21   7958  15784  509515   5983  379  635.18   9190  18234  479598  2142  3341  74714    446.93   5320  10544   280995    733   4488 110307
 23    8500  657917   1084.22   8525  16910  526425   6462  382  635.17   8990  17838  497436  2097  3398  78112    447.01   5000   9917   290912    676   4528 114835
 24    8500  674777   1084.38  13064  25912  552337  10108  390  635.40   9020  17884  515320  2101  3416  81528    447.04   4200   8332   299244    553   4509 119344
 25    8500  691636   1083.99  12416  24627  576965   9617  391  635.66   9020  17888  533208  2105  3360  84888    447.08   4620   9156   308400    619   4499 123843
 26    8500  708496   1083.90  12790  25368  602332   9883  390  635.94   8990  17834  551042  2104  3468  88356    447.17   4490   8912   317312    588   4533 128376
 27    8500  725355   1083.93   7216  14313  616646   5470  382  635.72  10390  20614  571656  2452  3435  91791    447.36   3500   6949   324261    446   4507 132883
 28    8600  742413   1083.87  11818  23441  640087   9105  388  635.66  10010  19852  591508  2347  3404  95195    447.62   4010   7952   332213    516   4488 137371
 29    8500  759273   1083.74  12241  24279  664366   9521  392  635.91   9510  18864  610372  2230  3435  98630    447.75   4300   8519   340732    566   4506 141877
 30    8500  776132   1083.57  15465  30675  695041  12166  397  636.32   9500  18844  629216  2234  3399 102029    447.77   5200  10322   351054    698   4729 146606

TOTAL                                               270736                                    73427                                                24066










                                                                    BUREAU OF RECLAMATION
                                                                    LOWER COLORADO REGION
                                                                    BOULDER CITY, NEVADA

                                                     AVAILABLE RESERVOIR ELEVATIONS AND CONTENTS FOR NOVEMBER 2014

                                        LAKE MEAD                      LAKE MOHAVE                      LAKE HAVASU                        SENATOR WASH
  AVAILABLE CAPACITY IN A.F.            *26120000                        1809800                           619400                              9144
  ELEVATION IN FEET                        1219.6                          647.0                            450.0                             240.0

           TOTAL     TOTAL    |             HOOVER            |            DAVIS            |             PARKER            |             SENATOR WASH
          SYSTEM    AVAILABLE |ELEVATION    CONTENT   RELEASE |ELEVATION   CONTENT  RELEASE |ELEVATION    CONTENT   RELEASE | ELEVATION   CONTENT  PUMPED   RELEASE
     DAY  STORAGE**   SPACE   |  FEET       1000A.F.    ft3/s |  FEET      1000A.F.  ft3/s  |   FEET      1000A.F.  ft3/s   |  FEET        A.F.     ft3/s    ft3/s
-----------------------------------------------------------------------------------------------------------------------------------------------------------------------------
       1    29955.9  31169.1    1082.81      10245        7050   634.21     1465.3    10900    446.13      545.0     7510      234.37     7140        0        0
       2    29957.8  31167.3    1082.82      10246       10800   634.25     1466.4    10000    446.11      544.8     6820      234.02     7024        0        0
       3    29948.9  31176.1    1082.80      10244        9910   634.11     1462.8    11900    446.01      542.8     7000      233.69     6917        0        0
       4    29936.0  31189.1    1082.72      10238       11600   634.02     1460.5    11000    445.96      542.0     7500      234.94     7330      283        0
       5    29924.2  31200.9    1082.58      10226       14400   634.17     1464.3    11500    445.76      538.4     7510      233.26     6777       44      301
       6    29916.7  31208.3    1082.31      10203       18600   634.73     1478.8    11900    445.86      540.2     6210      232.96     6680        0        0
       7    29909.4  31215.6    1082.20      10194       13600   634.84     1481.5    13000    445.88      540.6     7610      232.67     6589        0        0
       8    29899.2  31225.8    1082.19      10193        9040   634.42     1470.7    13000    446.02      543.0     7800      231.92     6353        0       87
       9    29888.6  31236.5    1082.25      10198        6800   634.02     1460.4    12200    446.12      544.9     7500      231.66     6274        0        0
      10    29859.2  31265.9    1082.22      10196        8810   633.91     1457.6     9990    446.11      544.7     7000      230.86     6030        0       91
      11    29793.6  31331.4    1082.17      10192        9800   633.94     1458.4     9600    445.98      542.4     6700      228.96     5475        0      258
      12    29747.5  31377.6    1082.28      10201       13100   634.01     1460.4    11600    446.10      544.4     4510      228.74     5413        0        0
      13    29738.3  31386.8    1082.82      10246       12200   634.13     1463.3    11200    446.22      546.8     5500      228.52     5352        0        0
      14    29744.9  31380.2    1083.58      10310       14700   634.31     1468.0    11200    446.30      548.1     6500      228.32     5296        0        0
      15    29787.0  31338.1    1084.22      10364       13100   634.49     1472.5    11000    446.30      548.2     6800      228.11     5237        0        0
      16    29827.4  31297.7    1084.64      10399       13300   634.74     1479.1    10500    446.34      549.0     6600      227.86     5168        0        0
      17    29831.1  31293.9    1084.71      10405       15200   634.97     1484.8    10900    446.31      548.4     5900      227.61     5100        0        0
      18    29825.1  31300.0    1084.63      10398       13800   635.12     1488.9    10500    446.47      551.3     5600      227.39     5040        0        0
      19    29799.8  31325.2    1084.29      10370       13800   635.31     1493.8    10500    446.64      554.5     5880      227.17     4980        0        0
      20    29794.0  31331.1    1084.20      10362       10700   635.40     1496.1    10500    446.72      555.9     4890      226.98     4929        0        0
      21    29790.6  31334.4    1084.23      10365        8730   635.30     1493.6     9600    446.88      558.8     5010      228.71     5405      260        0
      22    29777.7  31347.3    1084.21      10363        7960   635.18     1490.3     9190    446.93      559.8     5320      231.90     6347      513        0
      23    29775.6  31349.5    1084.22      10364        8530   635.17     1490.1     8990    447.01      561.2     5000      236.46     7852      849        0
      24    29791.7  31333.4    1084.38      10377       13100   635.40     1496.2     9020    447.04      561.8     4200      236.00     7691        0        0
      25    29760.0  31365.0    1083.99      10344       12400   635.66     1502.8     9020    447.08      562.6     4620      235.54     7534        0        0
      26    29757.5  31367.6    1083.90      10337       12800   635.94     1510.0     8990    447.17      564.4     4490      232.69     6595        0      453
      27    29755.3  31369.7    1083.93      10339        7220   635.72     1504.3    10400    447.36      567.8     3500      236.44     7845      694        0
      28    29751.2  31373.9    1083.87      10334       11800   635.66     1502.8    10000    447.62      572.9     4010      236.71     7940      120        0
      29    29746.1  31379.0    1083.74      10323       12200   635.91     1509.5     9510    447.75      575.3     4300      236.65     7919       66        0
      30    29742.0  31383.1    1083.57      10309       15500   636.32     1520.1     9500    447.77      575.7     5200      237.66     8278      255        0

TOTAL                                                   350550                       317110                        176990                          3084     1190
AVE.                                                     11680                        10570                          5900                           103       40
AC FT                                                   695000                       629000                        351000                          6117     2360

      * BOTTOM OF EXCLUSIVE FLOOD CONTROL SPACE
     ** INCLUDES FONTENELLE AND CRYSTAL RESERVOIRS


                                                                      BUREAU OF RECLAMATION
                                                                      LOWER COLORADO REGION
                                                                      BOULDER CITY, NEVADA

                                             COLORADO RIVER STORAGE PROJECT DATA (operational) FOR NOVEMBER 2014

                   LAKE POWELL          |        FLAMING GORGE        |          NAVAJO            |      BLUE MESA             |     MORROW POINT
             MAX. STORAGE 24322000 AF   |  MAX. STORAGE 3749000 AF    | MAX. STORAGE 1696000 AF    | MAX. STORAGE 829500 AF     | MAX. STORAGE 117025 AF  
    COMPUTED MAX. ELEV. 3700.0 FEET     |  MAX. ELEV. 6040.0 FEET     | MAX. ELEV. 6085.0 FEET     | MAX. ELEV. 7519.4 FEET     | MAX. ELEV. 7160.0 FEET
     INFLOW  ELEVATION CONTENT  RELEASE |  ELEVATION CONTENT  RELEASE | ELEVATION CONTENT  RELEASE | ELEVATION CONTENT  RELEASE | ELEVATION CONTENT  RELEASE
DATE FT3/S   (FEET)  (1000 AF)   FT3/S  |  (FEET)  (1000 AF)   FT3/   |(FEET)  (1000 AF)   FT3/S   | (FEET)  (1000 AF)   FT3/S  |(FEET)  (1000 AF)   FT3/S
------------------------------------------------------------------------------------------------------------------------------------------------------------
   1   7300   3605.54   12287     8300      6028.65   3300     1300      6038.47   1100      350     7490.80    587.6     520     7150.27    109.3     400
   2   8900   3605.54   12287     8400      6028.63   3300     1300      6038.48   1100      360     7490.89    588.3     390     7150.27    109.3     400
   3   8000   3605.52   12285     8500      6028.61   3300     1310      6038.52   1100      360     7490.95    588.8     550     7151.00    109.9     280
   4   7100   3605.48   12281     8700      6028.61   3300     1300      6038.53   1100      360     7490.94    588.7     770     7152.28    110.9     290
   5   8600   3605.47   12280     8600      6028.61   3300     1300      6038.54   1100      350     7491.00    589.1     360     7151.76    110.4     590
   6   8000   3605.45   12278     8500      6028.61   3300     1320      6038.55   1100      350     7490.91    588.4     990     7153.59    111.9     280
   7   8600   3605.44   12277     8600      6028.59   3290     1300      6038.56   1100      350     7490.99    589.1     290     7153.82    112.1     230
   8   7400   3605.42   12275     7900      6028.59   3290     1300      6038.58   1100      350     7491.10    589.9     260     7153.80    112.1     300
   9   4900   3605.34   12267     8600      6028.59   3290     1300      6038.58   1100      350     7491.17    590.5     330     7154.17    112.3     220
  10   9400   3605.10   12243    21700      6028.58   3290     1290      6038.56   1100      350     7491.24    591.0     280     7154.37    112.5     220
  11   5900   3604.49   12183    38100      6028.57   3290     1300      6038.58   1100      350     7491.29    591.4     280     7154.44    112.6     290
  12   5900   3603.87   12123    38000      6028.58   3290     1300      6038.58   1100      350     7491.36    592.0     330     7154.46    112.6     370
  13   5800   3603.26   12064    37800      6028.59   3290     1300      6038.58   1100      360     7491.42    592.4     400     7154.83    112.9     300
  14   3300   3602.61   12001    37100      6028.59   3290     1300      6038.60   1100      360     7491.52    593.2     320     7155.07    113.1     240
  15   7100   3602.44   11984    15700      6028.60   3300     1300      6038.62   1100      360     7491.62    594.0     290     7155.19    113.2     290
  16   7000   3602.41   11981     7900      6028.61   3300     1300      6038.62   1100      360     7491.63    594.1     590     7156.16    113.9     230
  17   6400   3602.36   11977     8500      6028.59   3290     1300      6038.62   1100      350     7491.65    594.2     290     7155.95    113.8     390
  18   6200   3602.31   11972     8300      6028.59   3290     1300      6038.61   1100      350     7491.72    594.8     230     7155.28    113.2     510
  19   7400   3602.28   11969     8500      6028.59   3290     1300      6038.59   1100      350     7491.63    594.1     680     7155.39    113.3     630
  20   7900   3602.26   11967     8400      6028.61   3300     1300      6038.58   1100      360     7491.62    594.0     540     7155.50    113.4     510
  21   5900   3602.20   11961     8500      6028.61   3300     1300      6038.58   1100      360     7491.61    593.9     660     7155.80    113.6     570
  22   5400   3602.13   11954     8600      6028.57   3290     1300      6038.56   1100      360     7491.61    593.9     540     7155.92    113.7     520
  23   6900   3602.09   11951     8500      6028.58   3290     1300      6038.52   1100      360     7491.63    594.1     570     7155.36    113.3     830
  24   6900   3602.05   11947     8500      6028.59   3290     1310      6038.52   1100      360     7491.66    594.3     480     7155.27    113.2     550
  25   5800   3601.99   11941     8500      6028.61   3300     1300      6038.49   1100      360     7491.66    594.3     520     7155.23    113.2     580
  26   8000   3601.97   11939     8500      6028.57   3290     1290      6038.47   1100      360     7491.71    594.7     450     7155.07    113.1     540
  27   8000   3601.95   11937     8500      6028.57   3290     1300      6038.46   1100      360     7491.82    595.6     110     7154.22    112.4     490
  28   7500   3601.92   11934     8600      6028.59   3290     1300      6038.45   1100      360     7491.82    595.6     650     7154.41    112.5     610
  29   7400   3601.89   11931     8500      6028.59   3290     1300      6038.44   1100      360     7491.88    596.0     360     7154.08    112.3     520
  30   8000   3601.87   11929     8500      6028.63   3300     1300      6038.43   1100      360     7491.85    595.8     650     7154.03    112.2     700

TOT  210900                     391300                        39020                        10680                        13680                        12880
AVE    7030                      13040                         1300                          360                          460                          430
A F  418300                     776000                        77000                        21200                        27100                        25500







                                          BUREAU OF RECLAMATION
                                          LOWER COLORADO REGION
                                          BOULDER CITY, NEVADA

                                     GLEN CANYON TO HOOVER DAM LOSSES

                                                NOVEMBER 2014

                      |           | LAKE    |         |   LAKE|    LAKE   |  CHANGE |
               GLEN   |    HOOVER | MEAD    |  STORAGE|   MEAD|    MEAD   |   BANK  |       |          |
              RELEASE |    RELEASE| STORAGE |  CHANGE |PUMPING|EVAPORATION| STORAGE |  LOSS |  ACCUMUL.|  INFLOW
   DATE |      CFS    |     CFS   | 1000 AF |  1000 AF|    CFS|     CFS   |    CFS  |   CFS |     A.F. |   CFS
--------------------------------------------------------------------------------------------------------------------
      1         8300        7050     10245         2       526       718        66       910      1804      9370
      2         8400       10800     10246         1       600       718        33     -2949     -4044     12700
      3         8500        9910     10244        -2       528       718       -66     -1770     -7555     10100
      4         8700       11600     10238        -6       534       718      -197     -1277    -10087      9630
      5         8600       14400     10226       -12       481       717      -393      -658    -11393      9150
      6         8500       18600     10203       -23       521       717      -754      1215     -8984      7490
      7         8600       13600     10194        -9       525       716      -295     -1443    -11847     10000
      8         7900        9040     10193        -1       532       716       -33     -1207    -14240      9750
      9         8600        6800     10198         5       532       716       164     -2161    -18526     10700
     10        21700        8810     10196        -2       535       716       -66     -1047    -20602      8990
     11        38100        9800     10192        -4       534       716      -131      -288    -21172      8900
     12        38000       13100     10201         9       521       716       295      2517    -16179     19200
     13        37800       12200     10246        45       486       717      1475       493    -15201     37600
     14        37100       14700     10310        64       463       719      2097    -12249    -39496     50200
     15        15700       13100     10364        54       466       721      1770     -5493    -50391     43300
     16         7900       13300     10399        35       464       722      1147      3815    -42825     33300
     17         8500       15200     10405         6       439       723       197     -3932    -50624     19600
     18         8300       13800     10398        -7       446       723      -229     -3325    -57219     11200
     19         8500       13800     10370       -28       461       722      -918      8550    -40261       -50
     20         8400       10700     10362        -8       481       722      -262       665    -38943      7610
     21         8500        8730     10365         3       475       722        98     -3068    -45029     11500
     22         8600        7960     10363        -2       452       722       -66       374    -44286      8060
     23         8500        8530     10364         1       483       722        33     -1790    -47836     10300
     24         8500       13100     10377        13       416       722       426    -12635    -72898     21200
     25         8500       12400     10344       -33       401       721     -1081     12671    -47766     -4190
     26         8500       12800     10337        -7       427       721      -229     -1702    -51142     10200
     27         8500        7220     10339         2       477       721        66     -1038    -53200      9490
     28         8600       11800     10334        -5       464       721      -164     -1757    -56685     10300
     29         8500       12200     10323       -11       430       720      -360      1076    -54551      7440
     30         8500       15500     10309       -14       450       720      -459      -581    -55704      9150

    TOTAL     391100      350420                         14550     21583                        -55704    422100







