<pre>
                                                                    BUREAU OF RECLAMATION
                                                                    LOWER COLORADO REGION
                                                                    BOULDER CITY, NEVADA

                                                               ACCUMULATIONS FOR NOVEMBER 2020

    |GLEN CANYON    |                         HOOVER DAM         |             DAVIS DAM           |      MWD       |            PARKER DAM              |
    |               |  LAKE                                      |LAKE                             |                | LAKE                               |   C.A.P.
    |         ACCUM.|  MEAD    HOOVER RELEASE        GROSS  RATE |MOHAVE      DAVIS RELEASE   GROSS|DIVER. AT INTAKE| HAVASU     PARKER RELEASE     GROSS| DIVER. ACCUM.
DAY |   CFS    A.F. |  ELEV.   CFS    A.F.   ACCUM.   GEN  KWH/AF|ELEV   CFS   A.F.   ACCUM.  GEN  | A.F. ACCUM.    | ELEV    CFS    A.F.   ACCUM.  GEN. | A.F.   A.F.
----------------------------------------------------------------------------------------------------------------------------------------------------------------------
  1    9500   18843   1081.84  11985  23771   23771   9295  391  635.69  11200  22219   22219  2716  3163   3163    447.62   7200  14276    14276   1003   6061   6061
  2   10900   40463   1081.78  14508  28776   52547  11172  388  636.00   9400  18637   40856  2244  3270   6433    447.72   6700  13283    27559    925   5269  11330
  3   11200   62678   1081.69  14504  28768   81315  11210  390  636.32   9400  18643   59499  2230  3251   9684    447.50   7400  14670    42229   1021   5272  16602
  4   11000   84496   1081.59  12885  25558  106873   9883  387  636.53  10010  19853   79352  2460  3232  12916    447.33   6310  12515    54744    866   5268  21870
  5   10900  106116   1081.55  14178  28122  134995  10845  386  636.72  10600  21031  100383  2593  3220  16136    447.38   5100  10118    64862    668   5266  27136
  6   11100  128132   1081.54  12182  24162  159157   9258  383  636.71  10600  21027  121410  2599  3206  19342    447.27   6710  13309    78171    903   5266  32402
  7   11200  150347   1081.56   8902  17657  176814   6724  381  636.49  11200  22208  143618  2739  3193  22535    447.14   7910  15696    93867   1076   5262  37664
  8    9400  168992   1081.57   8698  17252  194066   6634  385  636.18  12390  24580  168198  3032  3187  25722    447.19   7500  14873   108740   1036   6054  43718
  9   11000  190810   1081.55  12343  24482  218548   9428  385  636.15  12390  24581  192779  3030  3185  28907    447.27   6800  13481   122221    929   5267  48985
 10   11200  213025   1081.49  13492  26760  245308  10370  388  636.47  10000  19833  212612  2466  3185  32092    447.27   6490  12879   135100    882   5263  54248
 11   11000  234843   1081.41  13544  26864  272172  10373  386  636.59   9800  19436  232048  2417  3181  35273    447.31   5890  11687   146787    817   5265  59513
 12   11400  257455   1081.33  14316  28395  300567  10931  385  636.85   9800  19444  251492  2422  3179  38452    447.51   4290   8518   155305    563   5262  64775
 13   11100  279471   1081.27  13075  25934  326501   9954  384  637.06   9790  19418  270910  2424  3158  41610    447.36   6200  12288   167593    851   5268  70043
 14   11200  301686   1081.26  11532  22874  349375   8766  383  637.20   9400  18642  289552  2331  2165  43775    447.56   6300  12496   180089    870   1722  71765
 15    9600  320727   1081.32  10146  20124  369499   7745  385  637.25   9000  17844  307396  2235  2451  46226    447.76   6600  13083   193172    918      0  71765
 16   11000  342545   1081.29  12176  24151  393650   9324  386  637.47   8000  15876  323272  1994  2408  48634    447.95   6090  12084   205256    841      0  71765
 17   11000  364364   1081.26  11651  23109  416759   8899  385  637.71   8000  15874  339146  1988  2751  51385    448.09   5490  10896   216152    757     65  71830
 18   10700  385587   1081.18  13597  26970  443729  10457  388  637.97   8010  15897  355043  1977  2857  54242    448.20   4910   9735   225887    676    976  72806
 19   10900  407207   1081.16  13157  26096  469825  10140  389  638.46   7010  13909  368952  1717  2878  57120    448.43   3400   6747   232634    419   1858  74664
 20   10800  428628   1081.14  11467  22745  492570   8737  384  638.75   8010  15886  384838  1975  2893  60013    448.16   7220  14317   246951    996   3653  78317
 21   10800  450050   1081.19   9364  18574  511144   7095  382  638.63   9600  19035  403873  2357  2902  62915    447.89   7000  13876   260827    985   3658  81975
 22    9300  468496   1081.22   9558  18959  530103   7338  387  638.55   9580  19006  422879  2351  3205  66120    447.72   7200  14280   275107   1011   4881  86856
 23   11100  490512   1081.19  12514  24822  554924   9671  390  638.91   6990  13863  436742  1729  3287  69407    447.91   4510   8954   284061    589   3656  90512
 24   11000  512331   1081.13  13543  26863  581787  10313  384  639.34   6990  13862  450604  1736  3270  72677    447.84   4700   9320   293381    634   3460  93972
 25   11100  534347   1081.08  12380  24555  606342   9477  386  639.48   9190  18227  468831  2267  3255  75932    447.74   4390   8711   302092    583   3512  97484
 26    9700  553587   1081.04  11281  22376  628718   8588  384  639.73   9200  18242  487073  2285  3247  79179    447.92   3990   7921   310013    503   6059 103543
 27   11300  576000   1081.06  11116  22048  650766   8430  382  639.68   9200  18241  505314  2291  3236  82415    447.63   6720  13322   323335    943   4543 108086
 28   11400  598612   1081.06  10660  21144  671910   8123  384  639.75   9190  18232  523546  2292  3197  85612    447.54   5900  11712   335047    817   4540 112626
 29    9700  617851   1081.04  10814  21450  693360   8217  383  639.87   9170  18191  541737  2287  3129  88741    447.48   5310  10523   345570    730   6027 118653
 30   11000  639670   1081.07  10612  21049  714409   8096  385  639.83   9000  17857  559594  2178  2870  91611    447.50   5800  11501   357071    783   4495 123148

TOTAL                                               275493                                    69364                                                24596










                                                                    BUREAU OF RECLAMATION
                                                                    LOWER COLORADO REGION
                                                                    BOULDER CITY, NEVADA

                                                     AVAILABLE RESERVOIR ELEVATIONS AND CONTENTS FOR NOVEMBER 2020

                                        LAKE MEAD                      LAKE MOHAVE                      LAKE HAVASU                        SENATOR WASH
  AVAILABLE CAPACITY IN A.F.            *26120000                        1809800                           619400                              9144
  ELEVATION IN FEET                        1219.6                          647.0                            450.0                             240.0

           TOTAL     TOTAL    |             HOOVER            |            DAVIS            |             PARKER            |             SENATOR WASH
          SYSTEM    AVAILABLE |ELEVATION    CONTENT   RELEASE |ELEVATION   CONTENT  RELEASE |ELEVATION    CONTENT   RELEASE | ELEVATION   CONTENT  PUMPED   RELEASE
     DAY  STORAGE**   SPACE   |  FEET       1000A.F.    ft3/s |  FEET      1000A.F.  ft3/s  |   FEET      1000A.F.  ft3/s   |  FEET        A.F.     ft3/s    ft3/s
-----------------------------------------------------------------------------------------------------------------------------------------------------------------------------
       1    28239.4  32885.6    1081.84      10164       12000   635.69     1503.6    11200    447.62      572.9     7200      235.48     7513        0        0
       2    28231.1  32894.0    1081.78      10159       14500   636.00     1511.8     9400    447.72      574.7     6700      235.38     7479       50        0
       3    28213.9  32911.1    1081.69      10152       14500   636.32     1520.1     9400    447.50      570.5     7400      235.38     7479       42        0
       4    28195.5  32929.6    1081.59      10143       12900   636.53     1525.5    10000    447.33      567.2     6310      235.08     7377        0        0
       5    28185.8  32939.3    1081.55      10140       14200   636.72     1530.7    10600    447.38      568.4     5100      233.89     6982        0      164
       6    28168.0  32957.0    1081.54      10139       12200   636.71     1530.4    10600    447.27      566.3     6710      233.65     6904        0        0
       7    28147.3  32977.8    1081.56      10141        8900   636.49     1524.6    11200    447.14      563.8     7910      232.41     6507        0      173
       8    28131.6  32993.5    1081.57      10141        8700   636.18     1516.5    12400    447.19      564.7     7500      236.00     7691      629        0
       9    28117.3  33007.7    1081.55      10140       12300   636.15     1515.6    12400    447.27      566.1     6800      235.66     7575        0        0
      10    28110.0  33015.1    1081.49      10135       13500   636.47     1523.9    10000    447.27      566.3     6490      238.05     8419      475        0
      11    28091.9  33033.2    1081.41      10128       13500   636.59     1527.2     9800    447.31      567.0     5890      237.85     8346       49        0
      12    28083.5  33041.6    1081.33      10121       14300   636.85     1534.0     9800    447.51      570.7     4290      237.47     8210        0        0
      13    28063.6  33061.4    1081.27      10116       13100   637.06     1539.5     9790    447.36      567.9     6200      236.21     7765        0      193
      14    28058.1  33067.0    1081.26      10116       11500   637.20     1543.0     9400    447.56      571.8     6300      235.91     7660        0        0
      15    28055.7  33069.4    1081.32      10121       10100   637.25     1544.4     9000    447.76      575.5     6600      235.98     7684       64        0
      16    28050.6  33074.4    1081.29      10118       12200   637.47     1550.1     8000    447.95      579.0     6090      236.02     7698       54        0
      17    28042.1  33082.9    1081.26      10116       11700   637.71     1556.4     8000    448.09      581.7     5490      235.72     7596        0        0
      18    28031.6  33093.5    1081.18      10109       13600   637.97     1563.3     8010    448.20      583.9     4910      235.42     7493        0        0
      19    28037.4  33087.6    1081.16      10107       13200   638.46     1576.5     7010    448.43      588.3     3400      235.14     7398        0        0
      20    28027.4  33097.6    1081.14      10106       11500   638.75     1584.3     8010    448.16      583.1     7220      234.86     7303        0        0
      21    28011.7  33113.4    1081.19      10110        9360   638.63     1581.0     9600    447.89      577.8     7000      233.06     6712        0      271
      22    27997.9  33127.2    1081.22      10112        9560   638.55     1578.9     9580    447.72      574.7     7200      232.83     6639        0        0
      23    27994.4  33130.6    1081.19      10110       12500   638.91     1588.3     6990    447.91      578.4     4510      232.60     6567        0        0
      24    27983.7  33141.3    1081.13      10105       13500   639.34     1600.0     6990    447.84      576.9     4700      232.37     6494        0        0
      25    27966.1  33159.0    1081.08      10101       12400   639.48     1603.6     9190    447.74      575.0     4390      232.16     6428        0        0
      26    27965.9  33159.2    1081.04      10097       11300   639.73     1610.4     9200    447.92      578.5     3990      231.96     6366        0        0
      27    27942.0  33183.1    1081.06      10099       11100   639.68     1609.1     9200    447.63      573.0     6720      231.25     6149        0       74
      28    27927.3  33197.7    1081.06      10099       10700   639.75     1610.9     9190    447.54      571.2     5900      230.73     5992       52      123
      29    27915.3  33209.7    1081.04      10097       10800   639.87     1613.9     9170    447.48      570.1     5310      235.30     7452      772        0
      30    27902.3  33222.8    1081.07      10100       10600   639.83     1613.0     9000    447.50      570.5     5800      235.55     7538       94        0

TOTAL                                                   360220                       282130                        180030                          2281      998
AVE.                                                     12010                         9400                          6000                            76       33
AC FT                                                   714000                       560000                        357000                          4524     1980

      * BOTTOM OF EXCLUSIVE FLOOD CONTROL SPACE
     ** INCLUDES FONTENELLE AND CRYSTAL RESERVOIRS


                                                                      BUREAU OF RECLAMATION
                                                                      LOWER COLORADO REGION
                                                                      BOULDER CITY, NEVADA

                                             COLORADO RIVER STORAGE PROJECT DATA (operational) FOR NOVEMBER 2020

                   LAKE POWELL          |        FLAMING GORGE        |          NAVAJO            |      BLUE MESA             |     MORROW POINT
             MAX. STORAGE 24322000 AF   |  MAX. STORAGE 3749000 AF    | MAX. STORAGE 1696000 AF    | MAX. STORAGE 829500 AF     | MAX. STORAGE 117025 AF  
    COMPUTED MAX. ELEV. 3700.0 FEET     |  MAX. ELEV. 6040.0 FEET     | MAX. ELEV. 6085.0 FEET     | MAX. ELEV. 7519.4 FEET     | MAX. ELEV. 7160.0 FEET
     INFLOW  ELEVATION CONTENT  RELEASE |  ELEVATION CONTENT  RELEASE | ELEVATION CONTENT  RELEASE | ELEVATION CONTENT  RELEASE | ELEVATION CONTENT  RELEASE
DATE FT3/S   (FEET)  (1000 AF)   FT3/S  |  (FEET)  (1000 AF)   FT3/   |(FEET)  (1000 AF)   FT3/S   | (FEET)  (1000 AF)   FT3/S  |(FEET)  (1000 AF)   FT3/S
------------------------------------------------------------------------------------------------------------------------------------------------------------
   1   6000   3591.64   10970     9500      6025.39   3170      880      6039.03   1100      500     7463.47    393.0     460     7150.92    109.8     530
   2   5000   3591.51   10958    10900      6025.39   3170      890      6038.97   1100      430     7463.46    392.9     420     7150.72    109.6     510
   3   4700   3591.37   10945    11200      6025.39   3170      900      6038.93   1100      400     7463.48    393.0     390     7150.60    109.5     450
   4   5500   3591.25   10934    11000      6025.39   3170      900      6038.88   1100      400     7463.47    393.0     340     7150.55    109.5     380
   5   5000   3591.12   10922    10900      6025.40   3180      890      6038.84   1100      400     7463.44    392.8     350     7150.43    109.4     410
   6   4600   3590.98   10909    11100      6025.38   3170      900      6038.80   1100      400     7463.48    393.0     180     7149.99    109.1     390
   7   4300   3590.83   10896    11200      6025.39   3170      900      6038.76   1100      410     7463.56    393.5     120     7149.50    108.7     350
   8   5000   3590.73   10887     9400      6025.38   3170      900      6038.74   1100              7463.63    394.0     320     7149.60    108.8     330
   9   4100   3590.58   10873    11000      6025.40   3180      890      6038.76   1100      350     7463.68    394.3     310     7149.57    108.7     390
  10   6200   3590.47   10863    11200      6025.39   3170      890      6038.76   1100      320     7463.74    394.7     260     7149.54    108.7     340
  11   3100   3590.30   10848    11000      6025.40   3180      900      6038.75   1100      320     7463.81    395.1     220     7149.42    108.6     350
  12   6000   3590.18   10837    11400      6025.39   3170      900      6038.73   1100      320     7463.85    395.4     230     7149.30    108.5     360
  13   2800   3590.00   10821    11100      6025.39   3170      900      6038.70   1100      320     7463.85    395.4     400     7149.44    108.6     370
  14   5800   3589.88   10810    11200      6025.39   3170      900      6038.64   1100      320     7463.90    395.7     380     7149.56    108.7     370
  15   4200   3589.76   10799     9600      6025.37   3170      900      6038.64   1100      320     7463.91    395.8     290     7149.44    108.6     380
  16   5600   3589.64   10788    11000      6025.37   3170      890      6038.61   1100      320     7463.96    396.1     230     7149.28    108.5     330
  17   3700   3589.48   10773    11000      6025.36   3170      900      6038.60   1100      320     7464.03    396.5     380     7149.12    108.4     460
  18   4300   3589.34   10761    10700      6025.38   3170      890      6038.58   1100      320     7464.03    396.5     220     7148.51    107.9     480
  19   5500   3589.22   10750    10900      6025.40   3180      880      6038.57   1100      320     7464.10    397.0     350     7148.37    107.8     430
  20   5400   3589.10   10739    10800      6025.40   3180      870      6038.55   1100      320     7464.13    397.2     370     7148.45    107.9     360
  21   5400   3588.98   10728    10800      6025.40   3180      870      6038.53   1100      360     7464.18    397.5     360     7148.57    108.0     350
  22   4400   3588.87   10719     9300      6025.39   3170      870      6038.51   1100      370     7464.25    398.0     270     7148.48    107.9     340
  23   4200   3588.72   10705    11100      6025.40   3180      890      6038.47   1100      380     7464.36    398.7     270     7148.38    107.8     340
  24   3600   3588.56   10691    11000      6025.38   3170      920      6038.47   1100      370     7464.37    398.7     360     7148.41    107.8     370
  25   3800   3588.40   10676    11100      6025.37   3170      920      6038.46   1100      370     7464.40    398.9     380     7148.57    108.0     350
  26   6800   3588.33   10670     9700      6025.37   3170      920      6038.44   1100      370     7464.42    399.0     290     7148.42    107.9     370
  27   2500   3588.14   10653    11300      6025.36   3170      920      6038.38   1100      370     7464.44    399.2     340     7148.42    107.9     360
  28   4500   3587.99   10640    11400      6025.35   3170      920      6038.36   1100      370     7464.50    399.6     190     7148.00    107.5     360
  29   4400   3587.87   10629     9700      6025.34   3170      920      6038.33   1090      370     7464.53    399.8     230     7147.63    107.2     390
  30   4200   3587.72   10615    11000      6025.33   3170      970      6038.29   1090      370     7464.59    400.1     190     7147.26    107.0     340

TOT  140600                     322500                        26990                        10510                         9100                        11540
AVE    4687                      10750                          900                          350                          300                          380
A F  278900                     640000                        54000                        20800                        18000                        22900







                                          BUREAU OF RECLAMATION
                                          LOWER COLORADO REGION
                                          BOULDER CITY, NEVADA

                                     GLEN CANYON TO HOOVER DAM LOSSES

                                                NOVEMBER 2020

                      |           | LAKE    |         |   LAKE|    LAKE   |  CHANGE |
               GLEN   |    HOOVER | MEAD    |  STORAGE|   MEAD|    MEAD   |   BANK  |       |          |
              RELEASE |    RELEASE| STORAGE |  CHANGE |PUMPING|EVAPORATION| STORAGE |  LOSS |  ACCUMUL.|  INFLOW
   DATE |      CFS    |     CFS   | 1000 AF |  1000 AF|    CFS|     CFS   |    CFS  |   CFS |     A.F. |   CFS
--------------------------------------------------------------------------------------------------------------------
      1         9500       12000     10164        -3       547       715       -98     -1033     -2047     11700
      2        10900       14500     10159        -5       566       715      -164     -2530     -7065     13100
      3        11200       14500     10152        -7       560       715      -229     -2509    -12041     12000
      4        11000       12900     10143        -9       560       715      -295      1607     -8854      9340
      5        10900       14200     10140        -3       532       714       -98     -2677    -14164     13800
      6        11100       12200     10139        -1       520       714       -33     -1915    -17962     12900
      7        11200        8900     10141         2       508       714        66      -267    -18492     11200
      8         9400        8700     10141         0       498       714         0      1179    -16154      9910
      9        11000       12300     10140        -1       533       714       -33     -1816    -19756     13000
     10        11200       13500     10135        -5       453       714      -164     -2570    -24854     12000
     11        11000       13500     10128        -7       446       714      -229       123    -24611     10900
     12        11400       14300     10121        -7       473       714      -229      -546    -25694     11700
     13        11100       13100     10116        -5       457       714      -164      -569    -26824     11600
     14        11200       11500     10116         0       444       714         0     -1220    -29244     12700
     15         9600       10100     10121         5       432       714       164     -2781    -34760     13900
     16        11000       12200     10118        -3       468       714       -98      -566    -35882     11800
     17        11000       11700     10116        -2       448       714       -66     -2187    -40220     11800
     18        10700       13600     10109        -7       439       713      -229       -18    -40255     11000
     19        10900       13200     10107        -2       479       713       -66     -2272    -44761     13300
     20        10800       11500     10106        -1       474       713       -33     -1461    -47659     12200
     21        10800        9360     10110         4       455       713       131     -1755    -51140     12700
     22         9300        9560     10112         2       415       713        66      -950    -53025     11800
     23        11100       12500     10110        -2       500       713       -66     -1812    -56618     12600
     24        11000       13500     10105        -5       427       713      -164     -2638    -61850     12000
     25        11100       12400     10101        -4       436       713      -131      -293    -62432     11400
     26         9700       11300     10097        -4       417       713      -131       677    -61089     10300
     27        11300       11100     10099         2       427       713        66     -2173    -65398     13300
     28        11400       10700     10099         0       404       713         0     -2084    -69533     11800
     29         9700       10800     10097        -2       383       713       -66       461    -68618     10800
     30        11000       10600     10100         3       460       713        98     -2027    -72639     13400

    TOTAL     322700      360180                         14161     21411                        -72639    359800




</pre>


