<pre>
                                                                    BUREAU OF RECLAMATION
                                                                    LOWER COLORADO REGION
                                                                    BOULDER CITY, NEVADA

                                                               ACCUMULATIONS FOR NOVEMBER 2017

    |GLEN CANYON    |                         HOOVER DAM         |             DAVIS DAM           |      MWD       |            PARKER DAM              |
    |               |  LAKE                                      |LAKE                             |                | LAKE                               |   C.A.P.
    |         ACCUM.|  MEAD    HOOVER RELEASE        GROSS  RATE |MOHAVE      DAVIS RELEASE   GROSS|DIVER. AT INTAKE| HAVASU     PARKER RELEASE     GROSS| DIVER. ACCUM.
DAY |   CFS    A.F. |  ELEV.   CFS    A.F.   ACCUM.   GEN  KWH/AF|ELEV   CFS   A.F.   ACCUM.  GEN  | A.F. ACCUM.    | ELEV    CFS    A.F.   ACCUM.  GEN. | A.F.   A.F.
----------------------------------------------------------------------------------------------------------------------------------------------------------------------
  1   10100   20033   1082.27  12467  24729   24729   9640  390  636.01  10590  20998   20998  2502  2462   2462    446.41   5410  10728    10728    737   4109   4109
  2   11000   41851   1082.20  13262  26306   51035  10440  397  636.14  10780  21374   42372  2549  2364   4826    446.78   4000   7943    18671    514   4114   8223
  3   11300   64264   1082.05  15691  31123   82158  12280  395  636.51  10790  21400   63772  2554  2421   7247    446.77   7200  14289    32960    994   4113  12336
  4   10200   84496   1082.00  12472  24737  106895   9800  396  636.55  11000  21810   85582  2605  2516   9763    446.60   8410  16677    49637   1155   4494  16830
  5    9600  103537   1081.97  11296  22406  129301   8819  394  636.64  10990  21796  107378  2608  2430  12193    446.68   6810  13505    63142    936   4499  21329
  6   11900  127140   1081.93  13623  27020  156321  10641  394  636.72  11000  21812  129190  2612  1308  13501    446.79   7020  13928    77070    966   4079  25408
  7   11800  150545   1081.86  13378  26536  182857  10368  391  636.81  11020  21866  151056  2622  2457  15958    446.92   6490  12871    89941    883   4095  29503
  8   11000  172364   1081.73  14877  29508  212364  11585  393  637.33   8180  16220  167276  1947  2907  18865    446.98   7100  14091   104032    960   4088  33591
  9   11100  194380   1081.67  13639  27052  239416  10706  396  637.47  11380  22570  189846  2725  2975  21840    446.97   5100  10109   114141    682   4112  37703
 10    9800  213818   1081.64  12463  24720  264136   9756  395  637.42  11380  22568  212414  2727  3384  25224    446.88   7790  15460   129601   1077   4106  41809
 11   10300  234248   1081.63  11619  23047  287183   8988  390  637.58  10990  21796  234210  2635  3112  28336    446.98   6500  12883   142484    902   4519  46328
 12    8900  251901   1081.62  10636  21097  308280   8215  389  637.67   9990  19818  254028  2394  3375  31711    447.05   6300  12500   154984    873   4521  50849
 13   10600  272926   1081.59  12213  24225  332505   9541  394  637.72   9990  19824  273852  2396  3172  34883    447.16   4900   9728   164712    663   4094  54943
 14   10900  294545   1081.48  12833  25454  357959   9942  391  637.88  10590  21012  294864  2548  3407  38290    447.32   5010   9938   174650    665   4109  59052
 15   11100  316562   1081.40  13119  26022  383981  10249  394  638.02  10610  21044  315908  2542  3280  41570    447.36   6500  12885   187535    866   4116  63168
 16   11200  338777   1081.28  14719  29195  413176  11526  395  638.35  10580  20994  336902  2524  3342  44912    447.77   3100   6149   193684    383   4124  67292
 17   10700  360000   1081.28  11975  23753  436929   9307  392  638.56   9990  19810  356712  2375  2918  47830    447.73   6700  13289   206973    917   4115  71407
 18    9900  379636   1081.25  10049  19932  456861   7793  391  638.51   9990  19822  376534  2382  2901  50731    447.72   6500  12886   219859    888   4535  75942
 19    9300  398083   1081.26  10466  20760  477621   8190  395  638.50   9000  17850  394384  2128  2929  53660    447.65   6300  12503   232362    859   4499  80441
 20   10800  419504   1081.22  12886  25558  503179  10083  395  638.84   8990  17822  412206  2178  2971  56631    447.88   3510   6964   239326    452   4004  84445
 21   11200  441719   1081.18  11936  23674  526853   9383  396  639.03   8990  17836  430042  2194  2982  59613    447.97   5000   9916   249242    676   4126  88571
 22   11200  463934   1081.09  11988  23778  550631   9355  393  639.15   9000  17854  447896  2191  3476  63089    447.89   6290  12483   261725    849   4118  92689
 23    9000  481785   1081.13  10877  21575  572206   8474  393  639.26   8990  17838  465734  2189  3404  66493    447.84   4810   9539   271264    618   4125  96814
 24   10900  503405   1081.14  11819  23443  595649   9239  394  639.39   8990  17838  483572  2188  3411  69904    447.78   6000  11894   283158    834   4117 100931
 25   10000  523240   1081.13  11235  22285  617933   8736  392  639.43  10390  20612  504184  2531  3392  73296    447.76   6010  11919   295077    836   4512 105443
 26    9500  542083   1081.11   9610  19062  636995   7492  393  639.31  10190  20216  524400  2480  3386  76682    447.87   5300  10516   305593    717   4517 109960
 27   11000  563901   1081.09  11588  22984  659979   9071  395  639.52   8950  17760  542160  2196  3380  80062    447.88   5610  11128   316721    761   4123 114083
 28   11000  585719   1081.03  12447  24689  684668   9789  396  639.79   8780  17411  559571  2175  3359  83421    447.77   6120  12134   328855    822   4419 118502
 29   10900  607339   1080.97  11982  23765  708433   9409  396  639.93   8980  17809  577380  2202  2952  86373    447.73   5600  11102   339957    752   4099 122601
 30   11100  629355   1080.95  11551  22912  731345   9064  396  640.07   9010  17864  595244  2238  2886  89259    447.86   4500   8931   348888    590   4118 126719

TOTAL                                               287881                                    72136                                                23826










                                                                    BUREAU OF RECLAMATION
                                                                    LOWER COLORADO REGION
                                                                    BOULDER CITY, NEVADA

                                                     AVAILABLE RESERVOIR ELEVATIONS AND CONTENTS FOR NOVEMBER 2017

                                        LAKE MEAD                      LAKE MOHAVE                      LAKE HAVASU                        SENATOR WASH
  AVAILABLE CAPACITY IN A.F.            *26120000                        1809800                           619400                              9144
  ELEVATION IN FEET                        1219.6                          647.0                            450.0                             240.0

           TOTAL     TOTAL    |             HOOVER            |            DAVIS            |             PARKER            |             SENATOR WASH
          SYSTEM    AVAILABLE |ELEVATION    CONTENT   RELEASE |ELEVATION   CONTENT  RELEASE |ELEVATION    CONTENT   RELEASE | ELEVATION   CONTENT  PUMPED   RELEASE
     DAY  STORAGE**   SPACE   |  FEET       1000A.F.    ft3/s |  FEET      1000A.F.  ft3/s  |   FEET      1000A.F.  ft3/s   |  FEET        A.F.     ft3/s    ft3/s
-----------------------------------------------------------------------------------------------------------------------------------------------------------------------------
       1    32595.5  28529.5    1082.27      10200       12500   636.01     1511.9    10600    446.41      550.2     5410      239.80     9069      194        0
       2    32595.0  28530.1    1082.20      10194       13300   636.14     1515.3    10800    446.78      557.0     4000      239.77     9058       86        0
       3    32586.7  28538.3    1082.05      10182       15700   636.51     1525.0    10800    446.77      556.8     7200      239.63     9005       63        0
       4    32570.8  28554.3    1082.00      10177       12500   636.55     1526.1    11000    446.60      553.8     8410      235.79     7620        0      678
       5    32564.9  28560.1    1081.97      10175       11300   636.64     1528.5    11000    446.68      555.2     6810      234.90     7317      166      348
       6    32553.7  28571.4    1081.93      10172       13600   636.72     1530.5    11000    446.79      557.2     7020      234.24     7097      160      245
       7    32550.7  28574.4    1081.86      10166       13400   636.81     1533.0    11000    446.92      559.6     6490      238.38     8540      778        0
       8    32540.0  28585.1    1081.73      10155       14900   637.33     1546.5     8180    446.98      560.6     7100      239.06     8791      220        0
       9    32527.8  28597.3    1081.67      10150       13600   637.47     1550.4    11400    446.97      560.5     5100      238.39     8543        2       45
      10    32514.5  28610.6    1081.64      10147       12500   637.42     1548.9    11400    446.88      558.8     7790      235.00     7350        0      577
      11    32516.9  28608.1    1081.63      10146       11600   637.58     1553.2    11000    446.98      560.6     6500      236.03     7702      235        4
      12    32514.9  28610.2    1081.62      10146       10600   637.67     1555.5     9990    447.05      562.0     6300      236.76     7957      181        0
      13    32500.0  28625.0    1081.59      10143       12200   637.72     1556.7     9990    447.16      564.2     4900      236.43     7842        0        0
      14    32488.0  28637.1    1081.48      10134       12800   637.88     1561.1    10600    447.32      567.1     5010      235.72     7596       23       97
      15    32471.3  28653.7    1081.40      10127       13100   638.02     1564.8    10600    447.36      567.8     6500      235.43     7496        0        0
      16    32467.7  28657.4    1081.28      10117       14700   638.35     1573.5    10600    447.77      575.6     3100      235.11     7387       19       25
      17    32462.5  28662.5    1081.28      10117       12000   638.56     1579.0     9990    447.73      575.0     6700      234.83     7293        0        0
      18    32448.6  28676.4    1081.25      10115       10000   638.51     1577.7     9990    447.72      574.7     6500      234.52     7190        0        0
      19    32433.3  28691.7    1081.26      10116       10500   638.50     1577.6     9000    447.65      573.5     6300      234.23     7094        0        0
      20    32431.1  28694.0    1081.22      10112       12900   638.84     1586.6     8990    447.88      577.8     3510      233.96     7004        0        0
      21    32424.1  28701.0    1081.18      10109       11900   639.03     1591.7     8990    447.97      579.5     5000      233.35     6807        0       55
      22    32409.5  28715.6    1081.09      10101       12000   639.15     1594.8     9000    447.89      577.9     6290      233.11     6728        0        0
      23    32409.9  28715.2    1081.13      10105       10900   639.26     1597.7     8990    447.84      576.9     4810      232.84     6642        0        3
      24    32402.7  28722.3    1081.14      10106       11800   639.39     1601.2     8990    447.78      575.8     6000      228.70     5402        0      619
      25    32397.6  28727.5    1081.13      10105       11200   639.43     1602.3    10400    447.76      575.4     6010      227.69     5121        0      125
      26    32389.7  28735.4    1081.11      10103        9610   639.31     1599.2    10200    447.87      577.6     5300      227.55     5084        0        0
      27    32378.5  28746.6    1081.09      10101       11600   639.52     1604.6     8950    447.88      577.7     5610      227.39     5040        0        0
      28    32375.9  28749.1    1081.03      10096       12400   639.79     1612.0     8780    447.77      575.6     6120      227.22     4994        0        0
      29    32365.1  28759.9    1080.97      10092       12000   639.93     1615.6     8980    447.73      574.9     5600      226.84     4892        0       30
      30    32358.2  28766.9    1080.95      10090       11600   640.07     1619.3     9010    447.86      577.4     4500      226.69     4852        0        0

TOTAL                                                   368710                       300220                        175890                          2127     2851
AVE.                                                     12290                        10010                          5860                            71       95
AC FT                                                   731000                       595000                        349000                          4219     5655

      * BOTTOM OF EXCLUSIVE FLOOD CONTROL SPACE
     ** INCLUDES FONTENELLE AND CRYSTAL RESERVOIRS


                                                                      BUREAU OF RECLAMATION
                                                                      LOWER COLORADO REGION
                                                                      BOULDER CITY, NEVADA

                                             COLORADO RIVER STORAGE PROJECT DATA (operational) FOR NOVEMBER 2017

                   LAKE POWELL          |        FLAMING GORGE        |          NAVAJO            |      BLUE MESA             |     MORROW POINT
             MAX. STORAGE 24322000 AF   |  MAX. STORAGE 3749000 AF    | MAX. STORAGE 1696000 AF    | MAX. STORAGE 829500 AF     | MAX. STORAGE 117025 AF  
    COMPUTED MAX. ELEV. 3700.0 FEET     |  MAX. ELEV. 6040.0 FEET     | MAX. ELEV. 6085.0 FEET     | MAX. ELEV. 7519.4 FEET     | MAX. ELEV. 7160.0 FEET
     INFLOW  ELEVATION CONTENT  RELEASE |  ELEVATION CONTENT  RELEASE | ELEVATION CONTENT  RELEASE | ELEVATION CONTENT  RELEASE | ELEVATION CONTENT  RELEASE
DATE FT3/S   (FEET)  (1000 AF)   FT3/S  |  (FEET)  (1000 AF)   FT3/   |(FEET)  (1000 AF)   FT3/S   | (FEET)  (1000 AF)   FT3/S  |(FEET)  (1000 AF)   FT3/S
------------------------------------------------------------------------------------------------------------------------------------------------------------
   1   4800   3626.99   14518    10100      6033.13   3470     1510      6055.85   1300      510     7500.53    665.7    1020     7153.27    111.6     990
   2   9800   3626.96   14515    11000      6033.13   3470     1510      6055.81   1300      510     7500.53    665.7     460     7153.33    111.7     460
   3   7700   3626.89   14507    11300      6033.21   3470     1510      6055.78   1300      510     7500.62    666.5     370     7153.05    111.5     490
   4   6600   3626.82   14500    10200      6033.20   3470     1510      6055.74   1290      510     7500.54    665.8     660     7153.00    111.4     690
   5   7200   3626.77   14494     9600      6033.19   3470     1510      6055.69   1290      510     7500.52    665.6     640     7153.09    111.5     640
   6   7100   3626.68   14484    11900      6033.17   3470     1510      6055.65   1290      510     7500.48    665.3     630     7153.16    111.6     660
   7  11800   3626.67   14483    11800      6033.17   3470     1510      6055.60   1290      510     7500.46    665.1     710     7153.36    111.7     710
   8   4500   3626.55   14470    11000      6033.17   3470     1520      6055.59   1290      430     7500.45    665.0     610     7153.18    111.6     690
   9   6400   3626.46   14460    11100      6033.17   3470     1530      6055.59   1290      400     7500.43    664.9     650     7153.09    111.5     690
  10   7500   3626.41   14455     9800      6033.15   3470     1770      6055.56   1290      400     7500.39    664.6     680     7153.09    111.5     700
  11  10300   3626.40   14454    10300      6033.13   3470     2060      6055.54   1290      400     7500.35    664.2     690     7153.06    111.5     710
  12   8300   3626.38   14451     8900      6033.09   3470     2360      6055.51   1290      400     7500.32    664.0     660     7153.20    111.6     630
  13   4600   3626.27   14439    10600      6033.03   3470     2670      6055.50   1290      400     7500.29    663.7     640     7153.19    111.6     660
  14   8600   3626.22   14434    10900      6032.95   3460     2780      6055.47   1290      400     7500.25    663.4     680     7153.13    111.5     720
  15   6400   3626.13   14424    11100      6032.87   3460     2780      6055.44   1290      400     7500.19    662.9     780     7153.19    111.6     780
  16   7700   3626.06   14416    11200      6032.85   3460     2780      6055.41   1290      400     7500.11    662.2     750     7153.37    111.7     690
  17   6500   3625.98   14408    10700      6032.85   3460     2770      6055.35   1290      400     7500.09    662.1     620     7153.40    111.7     620
  18   7600   3625.93   14402     9900      6032.75   3460     2780      6055.35   1290      400     7500.11    662.2     630     7153.18    111.6     750
  19   4600   3625.84   14392     9300      6032.67   3450     2780      6055.32   1290      400     7500.10    662.2     540     7152.96    111.4     650
  20   8400   3625.79   14387    10800      6032.57   3450     2800      6055.28   1290      400     7500.01    661.4     460     7152.45    111.0     680
  21   7100   3625.71   14378    11200      6032.55   3450     2810      6055.25   1290      400     7499.99    661.3     700     7152.52    111.0     690
  22   8200   3625.65   14371    11200      6032.51   3450     2820      6055.24   1290      400     7499.97    661.1     640     7152.49    111.0     680
  23   8500   3625.63   14369     9000      6032.46   3440     2820      6055.21   1290      390     7499.97    661.1     650     7152.49    111.0     680
  24   7400   3625.56   14362    10900      6032.41   3440     2820      6055.19   1290      390     7499.94    660.9     710     7152.34    110.9     790
  25  10000   3625.55   14360    10000      6032.33   3440     2820      6055.16   1290      390     7499.91    660.6     620     7152.24    110.8     680
  26   8900   3625.53   14358     9500      6032.27   3440     2820      6055.14   1290      390     7499.87    660.3     650     7152.23    110.8     660
  27   5100   3625.42   14346    11000      6032.21   3440     2820      6055.11   1290      390     7499.85    660.1     640     7152.38    110.9     600
  28  11000   3625.41   14345    11000      6032.19   3430     2820      6055.09   1290      380     7499.79    659.6     830     7152.17    110.8     920
  29   9200   3625.37   14341    10900      6032.11   3430     2820      6055.07   1290      380     7499.72    659.0     810     7152.29    110.9     770
  30   6900   3625.29   14332    11100      6032.07   3430     2820      6055.04   1290      380     7499.68    658.7     880     7152.45    111.0     850

TOT  228700                     317300                        70140                        12690                        20010                        20930
AVE    7623                      10580                         2340                          420                          670                          700
A F  453600                     629000                       139000                        25200                        39700                        41500







                                          BUREAU OF RECLAMATION
                                          LOWER COLORADO REGION
                                          BOULDER CITY, NEVADA

                                     GLEN CANYON TO HOOVER DAM LOSSES

                                                NOVEMBER 2017

                      |           | LAKE    |         |   LAKE|    LAKE   |  CHANGE |
               GLEN   |    HOOVER | MEAD    |  STORAGE|   MEAD|    MEAD   |   BANK  |       |          |
              RELEASE |    RELEASE| STORAGE |  CHANGE |PUMPING|EVAPORATION| STORAGE |  LOSS |  ACCUMUL.|  INFLOW
   DATE |      CFS    |     CFS   | 1000 AF |  1000 AF|    CFS|     CFS   |    CFS  |   CFS |     A.F. |   CFS
--------------------------------------------------------------------------------------------------------------------
      1        10100       12500     10200        -2       591       716       -66     -2031     -4028     12700
      2        11000       13300     10194        -6       593       716      -197      -598     -5215     11400
      3        11300       15700     10182       -12       597       716      -393      -445     -6098     10600
      4        10200       12500     10177        -5       560       716      -164       -84     -6266     11100
      5         9600       11300     10175        -2       565       715       -66      -195     -6652     11500
      6        11900       13600     10172        -3       552       715       -98     -3037    -12676     13300
      7        11800       13400     10166        -6       602       715      -197     -1936    -16516     11500
      8        11000       14900     10155       -11       594       715      -360      1590    -13363     10300
      9        11100       13600     10150        -5       591       715      -164      -409    -14175     12200
     10         9800       12500     10147        -3       630       715       -98     -1189    -16533     12200
     11        10300       11600     10146        -1       625       715       -33     -1289    -19089     12400
     12         8900       10600     10146         0       551       715         0     -2025    -23105     11900
     13        10600       12200     10143        -3       480       714       -98     -1485    -26050     11800
     14        10900       12800     10134        -9       497       714      -295      -262    -26569      9180
     15        11100       13100     10127        -7       506       714      -229        11    -26547     10600
     16        11200       14700     10117       -10       562       714      -328       338    -25877     10600
     17        10700       12000     10117         0       523       714         0     -2104    -30050     13200
     18         9900       10000     10115        -2       484       714       -66      1120    -27829     10100
     19         9300       10500     10116         1       473       713        33     -1560    -30923     12200
     20        10800       12900     10112        -4       514       713      -131     -2050    -34990     12000
     21        11200       11900     10109        -3       498       713       -98     -2163    -39279     11500
     22        11200       12000     10101        -8       571       713      -262      1802    -35705      8990
     23         9000       10900     10105         4       568       713       131     -3087    -41827     14300
     24        10900       11800     10106         1       569       713        33     -2429    -46645     13600
     25        10000       11200     10105        -1       523       713       -33     -2850    -52298     11900
     26         9500        9610     10103        -2       466       713       -66      1227    -49864      9720
     27        11000       11600     10101        -2       619       713       -66     -1863    -53559     11900
     28        11000       12400     10096        -5       425       713      -164     -1364    -56263     10900
     29        10900       12000     10092        -4       518       713      -131       -55    -56372     11100
     30        11100       11600     10090        -2       555       713       -66      -798    -57954     11800

    TOTAL     317700      368720                         16402     21424                        -57955    346400







</pre>