<pre>
                                                                    BUREAU OF RECLAMATION
                                                                    LOWER COLORADO REGION
                                                                    BOULDER CITY, NEVADA

                                                               ACCUMULATIONS FOR DECEMBER 2014

    |GLEN CANYON    |                         HOOVER DAM         |             DAVIS DAM           |      MWD       |            PARKER DAM              |
    |               |  LAKE                                      |LAKE                             |                | LAKE                               |   C.A.P.
    |         ACCUM.|  MEAD    HOOVER RELEASE        GROSS  RATE |MOHAVE      DAVIS RELEASE   GROSS|DIVER. AT INTAKE| HAVASU     PARKER RELEASE     GROSS| DIVER. ACCUM.
DAY |   CFS    A.F. |  ELEV.   CFS    A.F.   ACCUM.   GEN  KWH/AF|ELEV   CFS   A.F.   ACCUM.  GEN  | A.F. ACCUM.    | ELEV    CFS    A.F.   ACCUM.  GEN. | A.F.   A.F.
----------------------------------------------------------------------------------------------------------------------------------------------------------------------
  1   14500   28760   1083.65   6484  12860   12860   4824  375  636.35   7610  15100   15100  1774  3442   3442    447.76   5310  10526    10526    718   4031   4031
  2   14500   57521   1083.68   6918  13721   26581   5237  382  636.28   7610  15096   30196  1772  3400   6842    447.71   4820   9551    20077    643   4003   8034
  3   14300   85884   1083.77   8387  16635   43216   6436  387  636.37   7000  13886   44082  1619  3402  10244    447.78   3800   7546    27623    498   4073  12107
  4   14400  114446   1083.96   6699  13287   56503   5036  379  636.32   7030  13952   58034  1645  3438  13682    447.83   2840   5630    33253    338   4101  16208
  5   14400  143008   1084.09   8680  17216   73719   6646  386  636.41   7610  15092   73126  1804  3496  17178    447.73   4300   8533    41786    568   4916  21124
  6   13900  170579   1084.28   8123  16112   89831   6058  376  636.45   7610  15098   88224  1803  3464  20642    447.66   4010   7956    49742    521   4877  26001
  7   12700  195769   1084.39  10007  19848  109679   7694  388  636.66   7600  15076  103300  1810  3405  24047    447.57   4510   8943    58685    616   4876  30877
  8   14400  224331   1084.52   7932  15732  125411   5968  379  636.67   7600  15082  118382  1809  3459  27506    447.48   4490   8911    67596    619   4465  35342
  9   14400  252893   1084.66   7990  15849  141260   6015  380  636.72   7600  15066  133448  1810  3457  30963    447.36   4500   8935    76531    596   4441  39783
 10   14400  281455   1084.83   8285  16434  157694   6326  385  636.69   7610  15088  148536  1812  3416  34379    447.46   3020   5991    82522    352   4482  44265
 11   14500  310215   1085.00   7613  15100  172794   5646  374  636.64   7600  15076  163612  1798  3465  37844    447.50   2810   5580    88102    332   4509  48774
 12   14500  338975   1085.18   8083  16032  188826   6001  374  636.74   7610  15090  178702  1783  3409  41253    447.55   3510   6957    95059    449   4492  53266
 13   13900  366545   1085.32   8130  16125  204951   6134  380  636.73   7630  15142  193844  1781  3423  44676    447.58   3600   7149   102208    464   4505  57771
 14   12700  391736   1085.48   8318  16499  221450   6315  383  636.85   7640  15144  208988  1781  3420  48096    447.40   5100  10121   112329    673   4891  62662
 15   14400  420298   1085.61   8538  16935  238385   6469  382  636.90   7630  15128  224116  1784  3471  51567    447.17   5590  11096   123425    758   4503  67165
 16   14300  448661   1085.81   6217  12332  250717   4579  371  636.77   7590  15048  239164  1762  3499  55066    447.02   5130  10177   133602    700   4500  71665
 17   14400  477223   1086.00   5554  11017  261734   4021  365  636.62   7590  15050  254214  1758  3382  58448    447.00   3390   6716   140318    430   4489  76154
 18   14500  505983   1086.24   5717  11340  273074   4112  363  636.50   7010  13908  268122  1641  3450  61898    447.24   1610   3192   143510    136   4489  80643
 19   14400  534545   1086.43   7099  14081  287155   5276  375  636.49   6980  13850  281972  1637  3422  65320    447.28   3590   7116   150626    426   3243  83886
 20   13900  562116   1086.60   6987  13858  301013   5242  378  636.48   6360  12610  294582  1484  3420  68740    447.40   3050   6050   156676    357   3242  87128
 21   12600  587107   1086.75   7969  15807  316820   6195  392  636.71   6200  12288  306870  1444  3433  72173    447.37   2800   5551   162227    332   4905  92033
 22   14400  615669   1086.92   8723  17302  334122   6789  392  636.82   6190  12274  319144  1443  3415  75588    447.53   1630   3236   165463    141   3245  95278
 23   14400  644231   1086.98   9778  19394  353516   7636  394  637.05   6200  12288  331432  1450  3534  79122    447.52   2880   5717   171180    344   3245  98523
 24   14300  672595   1087.07   6873  13633  367149   5335  391  636.98   6170  12240  343672  1441  3837  82959    447.38   3310   6564   177744    415   4066 102589
 25   12600  697587   1087.23   6953  13790  380939   5375  390  637.12   6200  12288  355960  1449  3868  86827    447.50   2210   4374   182118    235   4900 107489
 26   14400  726149   1087.30  11289  22392  403331   8757  391  637.42   6200  12290  368250  1451  3795  90622    447.19   4520   8964   191082    600   4064 111553
 27   13900  753719   1087.39  10115  20063  423394   7902  394  637.55   6810  13506  381756  1604  3698  94320    446.84   5490  10897   201979    737   3240 114793
 28   12700  778909   1087.51   8746  17348  440742   6752  389  637.67   7400  14668  396424  1748  3795  98115    446.47   6000  11894   213873    824   4852 119645
 29   14400  807471   1087.62   9432  18709  459451   7239  387  637.71   8010  15884  412308  1894  3554 101669    446.44   4000   7925   221798    527   3195 122840
 30   14400  836033   1087.78   7222  14324  473775   5455  381  637.93   7990  15842  428150  1894  3843 105512    446.50   5500  10912   232710    750   4461 127301
 31   14400  864595   1087.79   9754  19347  493122   7559  391  637.75   8380  16624  444774  1991  3262 108774    446.36   3590   7127   239837    444   4492 131793

TOTAL                                               189029                                    52676                                                15545









                                                                    BUREAU OF RECLAMATION
                                                                    LOWER COLORADO REGION
                                                                    BOULDER CITY, NEVADA

                                                     AVAILABLE RESERVOIR ELEVATIONS AND CONTENTS FOR DECEMBER 2014

                                        LAKE MEAD                      LAKE MOHAVE                      LAKE HAVASU                        SENATOR WASH
  AVAILABLE CAPACITY IN A.F.            *26120000                        1809800                           619400                              9144
  ELEVATION IN FEET                        1219.6                          647.0                            450.0                             240.0

           TOTAL     TOTAL    |             HOOVER            |            DAVIS            |             PARKER            |             SENATOR WASH
          SYSTEM    AVAILABLE |ELEVATION    CONTENT   RELEASE |ELEVATION   CONTENT  RELEASE |ELEVATION    CONTENT   RELEASE | ELEVATION   CONTENT  PUMPED   RELEASE
     DAY  STORAGE**   SPACE   |  FEET       1000A.F.    ft3/s |  FEET      1000A.F.  ft3/s  |   FEET      1000A.F.  ft3/s   |  FEET        A.F.     ft3/s    ft3/s
-----------------------------------------------------------------------------------------------------------------------------------------------------------------------------
       1    29736.2  31388.8    1083.65      10316        6480   636.35     1520.9     7610    447.76      575.5     5310      235.13     7394        0      403
       2    29720.7  31404.3    1083.68      10318        6920   636.28     1519.1     7610    447.71      574.6     4820      234.50     7183      172      235
       3    29720.2  31404.8    1083.77      10326        8390   636.37     1521.3     7000    447.78      575.8     3800      235.20     7418      165        0
       4    29719.2  31405.9    1083.96      10342        6700   636.32     1520.0     7030    447.83      576.7     2840      234.87     7307        0        0
       5    29716.4  31408.7    1084.09      10353        8680   636.41     1522.4     7610    447.73      574.9     4300      234.55     7200        0        0
       6    29718.1  31407.0    1084.28      10369        8120   636.45     1523.4     7610    447.66      573.6     4010      234.25     7101        0        0
       7    29722.9  31402.2    1084.39      10378       10000   636.66     1529.1     7600    447.57      571.8     4510      234.75     7267      135        0
       8    29719.9  31405.1    1084.52      10389        7930   636.67     1529.3     7600    447.48      570.2     4490      235.66     7575      207        0
       9    29713.6  31411.5    1084.66      10401        7990   636.72     1530.5     7600    447.36      568.0     4500      236.03     7702      129        0
      10    29713.2  31411.8    1084.83      10415        8290   636.69     1529.7     7610    447.46      569.7     3020      235.67     7579        0        0
      11    29711.8  31413.3    1085.00      10430        7610   636.64     1528.5     7600    447.50      570.6     2810      235.33     7462        0        0
      12    29708.6  31416.4    1085.18      10445        8080   636.74     1531.1     7610    447.55      571.6     3510      235.00     7350        0        0
      13    29709.6  31415.5    1085.32      10457        8130   636.73     1530.8     7630    447.58      572.0     3600      234.68     7243        0        0
      14    29708.4  31416.6    1085.48      10470        8320   636.85     1533.9     7640    447.40      568.7     5100      234.33     7127        0        7
      15    29702.6  31422.4    1085.61      10481        8540   636.90     1535.2     7630    447.17      564.4     5590      233.04     6706        0      174
      16    29696.0  31429.1    1085.81      10498        6220   636.77     1531.8     7590    447.02      561.4     5130      229.42     5608        0      547
      17    29690.0  31435.1    1086.00      10514        5550   636.62     1527.9     7590    447.00      561.1     3390      233.36     6810      643        0
      18    29695.3  31429.8    1086.24      10535        5720   636.50     1524.8     7010    447.24      565.7     1610      237.95     8382      894        0
      19    29695.7  31429.4    1086.43      10551        7100   636.49     1524.5     6980    447.28      566.4     3590      237.53     8231       16        0
      20    29692.9  31432.2    1086.60      10565        6990   636.48     1524.2     6360    447.40      568.6     3050      237.10     8077        0        0
      21    29700.0  31425.0    1086.75      10578        7970   636.71     1530.4     6200    447.37      568.0     2800      236.69     7933        0        0
      22    29707.8  31417.2    1086.92      10593        8720   636.82     1533.2     6190    447.53      571.2     1630      236.34     7810        0        0
      23    29702.4  31422.7    1086.98      10598        9780   637.05     1539.1     6200    447.52      571.0     2880      235.98     7684        0        0
      24    29684.9  31440.2    1087.07      10605        6870   636.98     1537.3     6170    447.38      568.2     3310      235.65     7572        0        0
      25    29694.8  31430.3    1087.23      10619        6950   637.12     1541.1     6200    447.50      570.5     2210      235.32     7459        0        0
      26    29682.5  31442.6    1087.30      10625       11300   637.42     1548.9     6200    447.19      564.7     4520      235.00     7350        0        0
      27    29668.0  31457.0    1087.39      10633       10100   637.55     1552.5     6810    446.84      558.2     5490      234.68     7243        0        0
      28    29657.6  31467.5    1087.51      10643        8750   637.67     1555.7     7400    446.47      551.3     6000      232.66     6586        0      306
      29    29654.6  31470.4    1087.62      10652        9430   637.71     1556.5     8010    446.44      550.9     4000      228.60     5374        0      610
      30    29659.1  31466.0    1087.78      10666        7220   637.93     1562.3     7990    446.50      552.0     5500      228.45     5332        0        0
      31    29629.2  31495.8    1087.79      10667        9750   637.75     1557.5     8380    446.36      549.2     3590      228.27     5287        0        0

TOTAL                                                   248600                       224270                        120910                          2361     2282
AVE.                                                      8020                         7230                          3900                            76       74
AC FT                                                   493000                       445000                        240000                          4683     4526

      * BOTTOM OF EXCLUSIVE FLOOD CONTROL SPACE
     ** INCLUDES FONTENELLE AND CRYSTAL RESERVOIRS

                                                                      BUREAU OF RECLAMATION
                                                                      LOWER COLORADO REGION
                                                                      BOULDER CITY, NEVADA

                                             COLORADO RIVER STORAGE PROJECT DATA (operational) FOR DECEMBER 2014

                   LAKE POWELL          |        FLAMING GORGE        |          NAVAJO            |      BLUE MESA             |     MORROW POINT
             MAX. STORAGE 24322000 AF   |  MAX. STORAGE 3749000 AF    | MAX. STORAGE 1696000 AF    | MAX. STORAGE 829500 AF     | MAX. STORAGE 117025 AF  
    COMPUTED MAX. ELEV. 3700.0 FEET     |  MAX. ELEV. 6040.0 FEET     | MAX. ELEV. 6085.0 FEET     | MAX. ELEV. 7519.4 FEET     | MAX. ELEV. 7160.0 FEET
     INFLOW  ELEVATION CONTENT  RELEASE |  ELEVATION CONTENT  RELEASE | ELEVATION CONTENT  RELEASE | ELEVATION CONTENT  RELEASE | ELEVATION CONTENT  RELEASE
DATE FT3/S   (FEET)  (1000 AF)   FT3/S  |  (FEET)  (1000 AF)   FT3/   |(FEET)  (1000 AF)   FT3/S   | (FEET)  (1000 AF)   FT3/S  |(FEET)  (1000 AF)   FT3/S
------------------------------------------------------------------------------------------------------------------------------------------------------------
   1   8100   3601.74   11917    14500      6028.63   3300     1370      6038.41   1100      340     7491.89    596.1     510     7153.94    112.2     560
   2   7000   3601.59   11902    14500      6028.63   3300     1410      6038.40   1100      340     7491.84    595.7     760     7154.22    112.4     650
   3   8400   3601.47   11891    14300      6028.65   3300     1460      6038.39   1100      340     7491.83    595.7     690     7154.17    112.3     720
   4   6500   3601.31   11875    14400      6028.63   3300     1500      6038.40   1100      350     7491.79    595.3     730     7154.25    112.4     720
   5   6900   3601.16   11861    14400      6028.63   3300     1550      6038.41   1100      350     7491.80    595.4     790     7154.44    112.6     750
   6   7000   3601.02   11848    13900      6028.63   3300     1600      6038.41   1100      350     7491.68    594.5    1070     7154.86    112.9     940
   7   9000   3600.94   11840    12700      6028.63   3300     1650      6038.40   1100      350     7491.61    593.9     850     7155.12    113.1     790
   8   8000   3600.81   11828    14400      6028.65   3300     1700      6038.38   1100      350     7491.59    593.8     700     7155.13    113.1     720
   9   7000   3600.66   11813    14400      6028.61   3300     1750      6038.36   1100      350     7491.53    593.3     690     7154.98    113.0     760
  10   7500   3600.52   11800    14400      6028.59   3290     1800      6038.33   1090      350     7491.47    592.8     710     7154.94    113.0     740
  11   8600   3600.40   11788    14500      6028.53   3290     1850      6038.32   1090      350     7491.35    591.9     940     7155.06    113.1     910
  12   3900   3600.19   11768    14500      6028.53   3290     1890      6038.30   1090      350     7491.20    590.7    1070     7155.26    113.2    1000
  13  10700   3600.12   11762    13900      6028.45   3290     1950      6038.29   1090      350     7491.11    590.0    1010     7155.31    113.3    1010
  14   6900   3600.00   11750    12700      6028.41   3290     2010      6038.27   1090      350     7491.03    589.4     980     7155.00    113.0    1120
  15   8600   3599.88   11739    14400      6028.39   3290     2020      6038.28   1090      350     7490.91    588.4    1030     7154.98    113.0    1040
  16   7500   3599.74   11725    14300      6028.35   3290     1950      6038.26   1090      350     7490.72    587.0    1200     7155.47    113.4    1010
  17   7000   3599.59   11711    14400      6028.31   3280     1940      6038.24   1090      340     7490.58    585.9    1070     7155.55    113.4    1040
  18   8200   3599.46   11699    14500      6028.25   3280     1950      6038.23   1090      350     7490.45    584.8    1170     7155.95    113.8    1020
  19   8100   3599.33   11686    14400      6028.21   3280     1950      6038.22   1090      350     7490.34    584.0     940     7155.87    113.7     990
  20   5500   3599.16   11670    13900      6028.19   3280     1950      6038.20   1090      350     7490.21    583.0     990     7155.92    113.7     990
  21   7900   3599.06   11661    12600      6028.19   3280     1950      6038.17   1090      350     7490.11    582.2     960     7155.88    113.7     990
  22   8600   3598.94   11649    14400      6028.19   3280     1950      6038.16   1090      350     7490.03    581.6    1040     7155.97    113.8    1020
  23   8600   3598.82   11638    14400      6028.13   3280     1950      6038.14   1090      340     7489.91    580.6     970     7155.92    113.7    1000
  24   5900   3598.65   11622    14300      6028.09   3280     1920      6038.13   1090      350     7489.80    579.8     760     7155.74    113.6     850
  25   9900   3598.59   11616    12600      6028.04   3270     2010      6038.10   1090      350     7489.72    579.2     840     7155.29    113.2    1040
  26   6000   3598.42   11600    14400      6027.99   3270     2010      6038.07   1090      350     7489.62    578.4     910     7155.27    113.2     930
  27   6100   3598.26   11585    13900      6027.95   3270     2010      6038.06   1090      350     7489.55    577.8     750     7154.98    113.0     890
  28   6400   3598.13   11573    12700      6027.91   3270     2010      6038.02   1090      360     7489.40    576.7     890     7155.17    113.1     830
  29  10200   3598.04   11564    14400      6027.87   3270     2020      6037.99   1090      360     7489.35    576.3     820     7154.15    112.3    1240
  30   9100   3597.93   11554    14400      6027.79   3260     2020      6037.97   1090      350     7489.22    575.3    1000     7154.23    112.4     990
  31   5500   3597.75   11537    14400      6027.71   3260     2010      6037.94   1090      350     7489.11    574.4     830     7153.68    112.0    1070

TOT  234600                     435900                        57110                        10820                        27670                        28330
AVE    7568                      14060                         1840                          350                          890                          910
A F  465300                     865000                       113000                        21500                        54900                        56200






                                          BUREAU OF RECLAMATION
                                          LOWER COLORADO REGION
                                          BOULDER CITY, NEVADA

                                     GLEN CANYON TO HOOVER DAM LOSSES

                                                DECEMBER 2014

                      |           | LAKE    |         |   LAKE|    LAKE   |  CHANGE |
               GLEN   |    HOOVER | MEAD    |  STORAGE|   MEAD|    MEAD   |   BANK  |       |          |
              RELEASE |    RELEASE| STORAGE |  CHANGE |PUMPING|EVAPORATION| STORAGE |  LOSS |  ACCUMUL.|  INFLOW
   DATE |      CFS    |     CFS   | 1000 AF |  1000 AF|    CFS|     CFS   |    CFS  |   CFS |     A.F. |   CFS
--------------------------------------------------------------------------------------------------------------------
      1        14500        6480     10316         7       464       601       229     -2831     -5614     11300
      2        14500        6920     10318         2       387       601        66      -434     -6475      8980
      3        14300        8390     10326         8       463       601       262       761     -4967     13700
      4        14400        6700     10342        16       421       602       524     -1860     -8656     16300
      5        14400        8680     10353        11       415       602       360     -1333    -11300     15600
      6        13900        8120     10369        16       387       602       524     -3270    -17787     17700
      7        12700       10000     10378         9       382       603       295     -1454    -20671     15800
      8        14400        7930     10389        11       368       603       360      -947    -22549     14800
      9        14400        7990     10401        12       387       603       393     -2697    -27898     15400
     10        14400        8290     10415        14       382       604       459     -2371    -32601     16800
     11        14500        7610     10430        15       391       604       492     -2224    -37011     16700
     12        14500        8080     10445        15       361       604       492     -2704    -42375     17100
     13        13900        8130     10457        12       357       605       393     -1069    -44496     15500
     14        12700        8320     10470        13       412       605       426     -1855    -48176     16300
     15        14400        8540     10481        11       362       605       360     -1467    -51086     15400
     16        14300        6220     10498        17       376       606       557     -3588    -58204     16300
     17        14400        5550     10514        16       373       606       524      -690    -59572     15100
     18        14500        5720     10535        21       412       607       688     -3695    -66902     18000
     19        14400        7100     10551        16       391       607       524     -2325    -71514     16700
     20        13900        6990     10565        14       339       608       459      -958    -73414     15500
     21        12600        7970     10578        13       410       608       426     -1553    -76495     16000
     22        14400        8720     10593        15       435       608       492     -3939    -84308     17800
     23        14400        9780     10598         5       404       609       164      -856    -86006     13500
     24        14300        6870     10605         7       412       609       229      2742    -80567     11600
     25        12600        6950     10619        14       368       609       459     -1076    -82701     15400
     26        14400       11300     10625         6       342       609       197     -1157    -84995     15500
     27        13900       10100     10633         8       373       610       262     -2768    -90485     15400
     28        12700        8750     10643        10       413       610       328      -755    -91982     15100
     29        14400        9430     10652         9       410       610       295     -1386    -94730     15300
     30        14400        7220     10666        14       424       610       459     -3096   -100871     15800
     31        14400        9750     10667         1       378       611        33      3120    -94683     11300

    TOTAL     435800      248620                         12199     18782                        -94683    471800






