<pre>
                                                                    BUREAU OF RECLAMATION
                                                                    LOWER COLORADO REGION
                                                                    BOULDER CITY, NEVADA

                                                               ACCUMULATIONS FOR DECEMBER 2000

    |GLEN CANYON    |                         HOOVER DAM         |             DAVIS DAM           |      MWD       |            PARKER DAM              |
    |               |  LAKE                                      |LAKE                             |                | LAKE                               |   C.A.P.
    |         ACCUM.|  MEAD    HOOVER RELEASE        GROSS  RATE |MOHAVE      DAVIS RELEASE   GROSS|DIVER. AT INTAKE| HAVASU     PARKER RELEASE     GROSS| DIVER. ACCUM.
DAY |   CFS    A.F. |  ELEV.   CFS    A.F.   ACCUM.   GEN  KWH/AF|ELEV   CFS   A.F.   ACCUM.  GEN  | A.F. ACCUM.    | ELEV    CFS    A.F.   ACCUM.  GEN. | A.F.   A.F.
----------------------------------------------------------------------------------------------------------------------------------------------------------------------
  1   14200   28165   1196.39  16138  32010   32010  15332  479  634.51  14530  28826   28826  3458  3457   3457    446.16   7460  14789    14789    962   6024   6024
  2   12700   53355   1196.36  14725  29208   61217  11210  384  634.89  11200  22215   51041  2670  3439   6897    446.28   7470  14820    29609    967   6030  12054
  3   12800   78744   1196.38  13355  26490   87707  11330  428  634.89  11300  22413   73454  2697  3416  10312    446.23   6970  13824    43433    902   6664  18718
  4   14200  106909   1196.28  19220  38121  125828  11610  305  635.45  11600  23008   96462  2768  2840  13153    446.17   7990  15853    59286   1033   6026  24744
  5   14300  135273   1196.22  19839  39349  165178  11590  295  636.05  11600  23008  119470  2783  2982  16135    446.12   7980  15835    75121   1030   5814  30557
  6   14100  163240   1196.16  18050  35801  200979  11680  326  636.51  11700  23207  142677  2787  3808  19943    445.99   7990  15854    90975   1029   5911  36468
  7   13700  190413   1196.09  20342  40347  241326  11690  290  637.01  11700  23207  165884  2793  3273  23216    446.27   4450   8831    99806    550   5990  42458
  8   13900  217983   1195.97  19686  39047  280374  18297  469  637.58  12360  24508  190392  2946  3412  26627    446.24   7480  14827   114633    951   6169  48627
  9   12600  242975   1195.91  18693  37077  317451  17938  484  638.03  12200  24192  214584  2937  3888  30515    446.26   6990  13858   128491    910   6149  54776
 10   12700  268165   1195.87  15601  30944  348395  14830  479  638.27  12200  24198  238782  2938  3868  34383    446.31   7510  14893   143384    965   6664  61440
 11   13900  295736   1195.81  17991  35685  384080  17245  483  638.69  11800  23405  262187  2868  3848  38231    446.16   7980  15838   159222   1029   5911  67351
 12   13900  323306   1195.74  16029  31794  415874  15106  475  639.03  11670  23150  285337  2841  3412  41642    446.21   7000  13876   173098    904   6169  73519
 13   13800  350678   1195.68  18725  37141  453015  17816  480  639.42  11680  23158  308495  2853  3431  45074    446.11   8000  15868   188966   1028   6069  79589
 14   13700  377851   1195.71  11937  23678  476693  10838  458  639.45  11600  23008  331503  2828  3868  48941    446.40   4030   7995   196961    481   6010  85599
 15   13700  405025   1195.74  12779  25348  502041  11903  470  639.48  11570  22957  354460  2829  3868  52809    446.47   6500  12895   209856    851   6089  91688
 16   12700  430215   1195.81   8411  16684  518724   7340  440  639.32  11010  21838  376298  2696  3848  56657    446.36   7480  14841   224697    964   6089  97777
 17   12600  455207   1195.81  11100  22016  540740  10186  463  639.41  11210  22244  398542  2747  3412  60069    446.42   6970  13824   238521    907   6684 104461
 18   13800  482579   1195.85  12350  24496  565236  11510  470  639.31  11350  22506  421048  2781  3431  63500    446.29   6970  13830   252351    899   5911 110372
 19   13800  509950   1195.79  15408  30562  595797  14431  472  639.61   9450  18744  439792  2305  3451  66951    446.25   6480  12862   265213    847   5990 116362
 20   13800  537322   1195.82  11888  23580  619377  10870  461  639.63  10850  21528  461320  2681  3431  70383    446.11   6490  12876   278089    822   5613 121976
 21   13800  564694   1195.83  11143  22102  641479  10026  454  639.64  10570  20958  482278  2583  3471  73854    446.22   5520  10945   289034    706   5613 127589
 22   13800  592066   1195.89   9557  18956  660434   8585  453  639.57  10960  21736  504014  2687  3451  77305    446.58   2550   5059   294093    266   5613 133202
 23   12600  617058   1195.99   7990  15848  676282   7176  453  639.32  10800  21421  525435  2649  3451  80756    446.50   7510  14903   308996    984   6069 139271
 24   12700  642248   1196.05   8604  17066  693348   7791  457  639.29   9590  19018  544453  2333  3531  84287    446.50   5990  11877   320873    775   6684 145956
 25   12600  667240   1196.08   9716  19272  712620   8793  456  639.37   9570  18976  563429  2337  3372  87659    446.58   7500  14879   335752    982   6684 152640
 26   13600  694215   1196.07  10793  21408  734027  10888  509  639.00  10840  21492  584921  2642  3431  91090    446.03   7490  14861   350613    975   5911 158551
 27   13500  720992   1196.07  12680  25150  759178  11711  466  639.03  10810  21448  606369  2652  3412  94502    445.77   8520  16901   367514   1098   5970 164521
 28   13600  747967   1196.08  13967  27704  786881  13085  472  639.33  10900  21614  627983  2677  3451  97953    445.82   6010  11914   379428    774   5990 170511
 29   13600  774942   1196.07  14600  28959  815840  13824  477  639.48  10910  21636  649619  2674  3471 101424    446.20   3020   5997   385425    335   5950 176461
 30   13300  801322   1196.09  10046  19926  835766   9170  460  639.83  10900  21620  671239  2680  3947 105371    446.31   4990   9902   395327    626   5990 182452
 31   12400  825917   1196.12  11666  23140  858905  10830  468  639.66  10900  21620  692859  2663  3888 109259    446.26   6520  12940   408267    829   6664 189116

TOTAL                                               374631                                    84783                                                26379









                                                                    BUREAU OF RECLAMATION
                                                                    LOWER COLORADO REGION
                                                                    BOULDER CITY, NEVADA

                                                     AVAILABLE RESERVOIR ELEVATIONS AND CONTENTS FOR DECEMBER 2000

                                        LAKE MEAD                      LAKE MOHAVE                      LAKE HAVASU                        SENATOR WASH
  AVAILABLE CAPACITY IN A.F.            *25877000                        1809800                           619400                              9144
  ELEVATION IN FEET                        1219.6                          647.0                            450.0                             240.0

           TOTAL     TOTAL    |             HOOVER            |            DAVIS            |             PARKER            |             SENATOR WASH
          SYSTEM    AVAILABLE |ELEVATION    CONTENT   RELEASE |ELEVATION   CONTENT  RELEASE |ELEVATION    CONTENT   RELEASE | ELEVATION   CONTENT  PUMPED   RELEASE
     DAY  STORAGE**   SPACE   |  FEET       1000A.F.    ft3/s |  FEET      1000A.F.  ft3/s  |   FEET      1000A.F.  ft3/s   |  FEET        A.F.     ft3/s    ft3/s
-----------------------------------------------------------------------------------------------------------------------------------------------------------------------------
       1    49831.2  11050.8    1196.39      22397       16100   634.51     1473.2    14500    446.16      545.6     7460      225.52     4548        0        0
       2    49822.2  11059.9    1196.36      22392       14700   634.89     1482.7    11200    446.28      547.9     7470      225.54     4553       42        0
       3    49806.3  11075.7    1196.38      22395       13400   634.89     1482.9    11300    446.23      546.9     6970      225.34     4502        0        0
       4    49786.3  11095.8    1196.28      22381       19200   635.45     1497.3    11600    446.17      545.8     7990      225.17     4459        0        0
       5    49774.8  11107.3    1196.22      22372       19800   636.05     1513.1    11600    446.12      544.9     7980      224.98     4411        0        0
       6    49758.0  11124.1    1196.16      22364       18000   636.51     1525.1    11700    445.99      542.4     7990      224.79     4365        0        0
       7    49749.8  11132.2    1196.09      22354       20300   637.01     1538.1    11700    446.27      547.6     4450      224.62     4322        0        0
       8    49730.6  11151.5    1195.97      22337       19700   637.58     1553.0    12400    446.24      547.0     7480      224.45     4280        0        0
       9    49719.2  11162.9    1195.91      22328       18700   638.03     1565.0    12200    446.26      547.6     6990      224.28     4238        0        0
      10    49700.8  11181.2    1195.87      22323       15600   638.27     1571.4    12200    446.31      548.5     7510      224.10     4194        0        0
      11    49691.4  11190.6    1195.81      22314       18000   638.69     1582.5    11800    446.16      545.6     7980      223.93     4152        0        0
      12    49666.7  11215.3    1195.74      22304       16000   639.03     1591.6    11700    446.21      546.6     7000      223.75     4110        0        0
      13    49647.6  11234.5    1195.68      22296       18700   639.42     1601.9    11700    446.11      544.7     8000      223.65     4086        0        0
      14    49636.7  11245.4    1195.71      22300       11900   639.45     1602.9    11600    446.40      550.1     4030      223.52     4055        0        0
      15    49636.3  11245.7    1195.74      22304       12800   639.48     1603.7    11600    446.47      551.3     6500      226.10     4697      358        0
      16    49617.6  11264.4    1195.81      22314        8410   639.32     1599.3    11000    446.36      549.2     7480      230.80     6013      685        0
      17    49598.7  11283.4    1195.81      22314       11100   639.41     1601.9    11200    446.42      550.3     6970      232.56     6554      338        0
      18    49583.6  11298.4    1195.85      22320       12300   639.31     1599.1    11300    446.29      547.9     6970      233.06     6712      171        0
      19    49565.4  11316.7    1195.79      22311       15400   639.61     1607.1     9450    446.25      547.4     6480      233.02     6699       78        0
      20    49554.0  11328.1    1195.82      22315       11900   639.63     1607.6    10900    446.11      544.7     6490      232.52     6541        0        0
      21    49531.5  11350.5    1195.83      22317       11100   639.64     1607.8    10600    446.22      546.8     5520      230.49     5920        0      270
      22    49525.7  11356.4    1195.89      22325        9560   639.57     1606.0    11000    446.58      553.5     2550      230.15     5820        0        0
      23    49516.6  11365.4    1195.99      22340        7990   639.32     1599.3    10800    446.50      552.0     7510      232.02     6384      347        0
      24    49515.9  11366.2    1196.05      22348        8600   639.29     1598.5     9590    446.50      551.8     5990      232.72     6604      164        0
      25    49498.0  11384.0    1196.08      22352        9720   639.37     1600.4     9570    446.58      553.1     7500      232.94     6674      118        0
      26    49455.1  11426.9    1196.07      22351       10800   639.00     1590.8    10800    446.03      543.2     7490      232.50     6535        0        0
      27    49431.9  11450.1    1196.07      22351       12700   639.03     1591.6    10800    445.77      538.5     8520      232.10     6409        0        0
      28    49427.6  11454.5    1196.08      22352       14000   639.33     1599.6    10900    445.82      539.5     6010      230.25     5849        0      263
      29    49418.2  11463.9    1196.07      22351       14600   639.48     1603.7    10900    446.20      546.3     3020      227.63     6651        0      352
      30    49416.9  11465.1    1196.09      22354       10000   639.83     1613.1    10900    446.31      548.5     4990      228.62     5380      212        0
      31    49396.5  11485.5    1196.12      22358       11700   639.66     1608.5    10900    446.26      547.4     6520      231.09     6100      368        0

TOTAL                                                   432780                       349410                        205810                          2881      885
AVE.                                                     13960                        11270                          6640                            93       29
AC FT                                                   858000                       693000                        408000                          5714     1755

      * BOTTOM OF EXCLUSIVE FLOOD CONTROL SPACE
     ** INCLUDES FONTENELLE AND CRYSTAL RESERVOIRS

                                                                      BUREAU OF RECLAMATION
                                                                      LOWER COLORADO REGION
                                                                      BOULDER CITY, NEVADA

                                             COLORADO RIVER STORAGE PROJECT DATA (operational) FOR DECEMBER 2000

                   LAKE POWELL          |        FLAMING GORGE        |          NAVAJO            |      BLUE MESA             |     MORROW POINT
             MAX. STORAGE 24322000 AF   |  MAX. STORAGE 3749000 AF    | MAX. STORAGE 1696000 AF    | MAX. STORAGE 829500 AF     | MAX. STORAGE 117025 AF  
    COMPUTED MAX. ELEV. 3700.0 FEET     |  MAX. ELEV. 6040.0 FEET     | MAX. ELEV. 6085.0 FEET     | MAX. ELEV. 7519.4 FEET     | MAX. ELEV. 7160.0 FEET
     INFLOW  ELEVATION CONTENT  RELEASE |  ELEVATION CONTENT  RELEASE | ELEVATION CONTENT  RELEASE | ELEVATION CONTENT  RELEASE | ELEVATION CONTENT  RELEASE
DATE FT3/S   (FEET)  (1000 AF)   FT3/S  |  (FEET)  (1000 AF)   FT3/   |(FEET)  (1000 AF)   FT3/S   | (FEET)  (1000 AF)   FT3/S  |(FEET)  (1000 AF)   FT3/S
------------------------------------------------------------------------------------------------------------------------------------------------------------
   1   7200   3673.24   20290    14200      6020.51   3000     1020      6056.74   1310      500     7481.12    514.2     650     7152.10    110.7     610
   2   7300   3673.14   20276    12700      6020.49   3000     1020      6056.70   1310      500     7481.08    513.9     530     7152.02    110.7     590
   3   7000   3673.03   20261    12800      6020.48   3000     1020      6056.65   1310      500     7481.01    513.4     660     7152.12    110.7     640
   4   6900   3672.91   20244    14200      6020.47   3000     1020      6056.62   1310      500     7480.96    513.0     560     7152.00    110.6     640
   5   6700   3672.80   20229    14300      6020.46   3000     1020      6056.56   1300      500     7480.86    512.3     780     7152.31    110.9     690
   6   6700   3672.69   20213    14100      6020.45   3000     1020      6056.50   1300      500     7480.78    511.7     720     7152.70    111.2     600
   7   6500   3672.59   20199    13700      6020.44   3000     1060      6056.47   1300      500     7480.74    511.4     520     7152.86    111.3     470
   8   6400   3672.48   20184    13900      6020.45   3000     1150      6056.44   1300      500     7480.71    511.2     580     7152.58    111.1     730
   9   6300   3672.38   20170    12600      6020.44   3000     1140      6056.44   1300      500     7480.68    511.0     590     7152.56    111.1     640
  10   6400   3672.25   20151    12700      6020.44   3000     1110      6056.38   1300      500     7480.65    510.7     640     7153.00    111.4     490
  11   6400   3672.20   20144    13900      6020.43   2990     1140      6056.33   1300      500     7480.57    510.2     730     7153.41    111.7     600
  12   6700   3672.04   20122    13900      6020.42   2990     1140      6056.27   1300      500     7480.51    509.7     600     7153.26    111.6     690
  13   6900   3671.92   20105    13800      6020.40   2990     1110      6056.26   1300      500     7480.50    509.6     500     7152.75    111.2     730
  14   7100   3671.78   20086    13700      6020.40   2990      980      6056.21   1300      500     7480.49    509.6     480     7152.44    111.0     630
  15   6700   3671.75   20082    13700      6020.39   2990      990      6056.13   1300      500     7480.43    509.1     700     7152.68    111.2     630
  16   6900   3671.61   20062    12700      6020.37   2990      990      6056.10   1300      500     7480.40    508.9     420     7152.43    111.0     550
  17   6900   3671.47   20043    12600      6020.35   2990      990      6056.03   1300      500     7480.36    508.6     540     7152.23    110.8     640
  18   6900   3671.38   20030    13800      6020.34   2990      980      6055.97   1300      500     7480.26    507.9     580     7151.95    110.6     710
  19   6900   3671.28   20016    13800      6020.32   2990      970      6055.91   1300      500     7480.18    507.3     530     7151.41    110.2     760
  20   6400   3671.20   20005    13800      6020.32   2990      970      6055.85   1300      500     7480.14    507.0     530     7151.01    109.9     700
  21   6200   3671.03   19981    13800      6020.31   2990      980      6055.78   1300      500     7480.11    506.8     520     7150.84    109.7     620
  22   6000   3670.91   19965    13800      6020.30   2990      980      6055.73   1290      500     7480.08    506.6     520     7150.85    109.7     540
  23   6000   3670.81   19951    12600      6020.31   2990      980      6055.68   1290      500     7480.10    506.7     540     7150.70    109.6     630
  24   5700   3670.76   19944    12700      6020.33   2990      980      6055.63   1290      500     7480.09    506.6     400     7150.01    109.1     690
  25   5500   3670.59   19920    12600      6020.33   2990      980      6055.58   1290      500     7480.08    506.6     560     7149.98    109.1     600
  26   5500   3670.44   19899    13600      6020.34   2990      970      6055.57   1290      500     7480.05    506.4     510     7149.70    108.8     650
  27   6100   3670.32   19883    13500      6020.34   2990      970      6055.49   1290      500     7479.98    505.8     570     7149.63    108.8     620
  28   6400   3670.23   19870    13600      6020.33   2990      970      6055.45   1290      500     7479.94    505.6     500     7149.28    108.5     660
  29   6600   3670.11   19854    13600      6020.33   2990      970      6055.39   1290      500     7479.90    505.3     500     7148.80    108.1     710
  30   6500   3670.01   19840    13300      6020.34   2990      970      6055.33   1290      500     7479.85    504.9     530     7148.56    108.0     650
  31   6300   3669.89   19823    12400      6020.33   2990      970      6055.27   1290      500     7479.81    504.6     530     7148.25    107.7     680

TOT  202000                     416400                        31560                        15500                        17520                        19790
AVE    6516                      13430                         1020                          500                          570                          640
A F  400700                     826000                        63000                        30700                        34800                        39300






                                          BUREAU OF RECLAMATION
                                          LOWER COLORADO REGION
                                          BOULDER CITY, NEVADA

                                     GLEN CANYON TO HOOVER DAM LOSSES

                                                DECEMBER 2000

                      |           | LAKE    |         |   LAKE|    LAKE   |  CHANGE |
               GLEN   |    HOOVER | MEAD    |  STORAGE|   MEAD|    MEAD   |   BANK  |       |          |
              RELEASE |    RELEASE| STORAGE |  CHANGE |PUMPING|EVAPORATION| STORAGE |  LOSS |  ACCUMUL.|  INFLOW
   DATE |      CFS    |     CFS   | 1000 AF |  1000 AF|    CFS|     CFS   |    CFS  |   CFS |     A.F. |   CFS
--------------------------------------------------------------------------------------------------------------------
      1        14200       16100     22397        -8                1021      -262                              
      2        12700       14700     22392        -5                1021      -164                              
      3        12800       13400     22395         3                1021        98                              
      4        14200       19200     22381       -14                1021      -459                              
      5        14300       19800     22372        -9                1021      -295                              
      6        14100       18000     22364        -8                1021      -262                              
      7        13700       20300     22354       -10                1021      -328                              
      8        13900       19700     22337       -17                1021      -557                              
      9        12600       18700     22328        -9                1021      -295                              
     10        12700       15600     22323        -5                1021      -164                              
     11        13900       18000     22314        -9                1021      -295                              
     12        13900       16000     22304       -10                1021      -328                              
     13        13800       18700     22296        -8                1021      -262                              
     14        13700       11900     22300         4                1021       131                              
     15        13700       12800     22304         4                1021       131                              
     16        12700        8410     22314        10                1021       328                              
     17        12600       11100     22314         0                1021         0                              
     18        13800       12300     22320         6                1021       197                              
     19        13800       15400     22311        -9                1021      -295                              
     20        13800       11900     22315         4                1021       131                              
     21        13800       11100     22317         2                1021        66                              
     22        13800        9560     22325         8                1021       262                              
     23        12600        7990     22340        15                1021       492                              
     24        12700        8600     22348         8                1021       262                              
     25        12600        9720     22352         4                1021       131                              
     26        13600       10800     22351        -1                1021       -33                              
     27        13500       12700     22351         0                1021         0                              
     28        13600       14000     22352         1                1021        33                              
     29        13600       14600     22351        -1                1021       -33                              
     30        13300       10000     22354         3                1021        98                              
     31        12400       11700     22358         4                1021       131                              

    TOTAL     416300      433030                             0     31651                       -191919         0







</pre>