<pre>
                                                                    BUREAU OF RECLAMATION
                                                                    LOWER COLORADO REGION
                                                                    BOULDER CITY, NEVADA

                                                               ACCUMULATIONS FOR DECEMBER 2016

    |GLEN CANYON    |                         HOOVER DAM         |             DAVIS DAM           |      MWD       |            PARKER DAM              |
    |               |  LAKE                                      |LAKE                             |                | LAKE                               |   C.A.P.
    |         ACCUM.|  MEAD    HOOVER RELEASE        GROSS  RATE |MOHAVE      DAVIS RELEASE   GROSS|DIVER. AT INTAKE| HAVASU     PARKER RELEASE     GROSS| DIVER. ACCUM.
DAY |   CFS    A.F. |  ELEV.   CFS    A.F.   ACCUM.   GEN  KWH/AF|ELEV   CFS   A.F.   ACCUM.  GEN  | A.F. ACCUM.    | ELEV    CFS    A.F.   ACCUM.  GEN. | A.F.   A.F.
----------------------------------------------------------------------------------------------------------------------------------------------------------------------
  1   13500   26777   1076.51  10172  20176   20176   7753  384  640.26   8500  16856   16856  2092  2696   2696    446.51   3610   7161     7161    433   3708   3708
  2   12900   52364   1076.47   8241  16345   36521   6227  381  640.11   9500  18844   35700  2345  2992   5688    446.44   6910  13715    20876    946   3710   7418
  3   12200   76562   1076.45  10670  21164   57685   8119  384  640.14   8890  17642   53342  2191  2910   8598    446.26   6420  12728    33604    876   3707  11125
  4   13300  102942   1076.51  11491  22792   80477   8783  385  640.31   9090  18036   71378  2242  2911  11509    446.01   7200  14287    47891    980   3707  14832
  5   14200  131107   1076.58   9999  19832  100309   7585  382  640.19  10010  19846   91224  2471  2896  14405    445.83   7010  13902    61793    937   3704  18536
  6   14800  160463   1076.66   8372  16606  116915   6192  373  640.04  10990  21800  113024  2711  2423  16828    445.94   6820  13536    75329    921   3703  22239
  7   16900  193983   1076.76  10180  20191  137106   7765  385  640.10   9390  18624  131648  2314  2509  19337    446.20   5710  11321    86650    776   3706  25945
  8   15900  225521   1076.84  10575  20975  158081   8088  386  640.16   8790  17438  149086  2166  2487  21824    446.59   3310   6570    93220    408   3705  29650
  9   15500  256264   1077.00   8413  16688  174769   6348  380  640.05   8780  17420  166506  2165  2501  24325    446.49   6510  12913   106133    889   3707  33357
 10   14500  285025   1077.20   7856  15582  190351   5915  380  640.06   7600  15080  181586  1868  2503  26828    446.33   6600  13095   119228    902   3706  37063
 11   12200  309223   1077.41   5911  11724  202075   4382  374  639.81   9000  17844  199430  2213  2549  29377    446.16   6700  13296   132524    917   3704  40767
 12   14100  337190   1077.60   7578  15031  217106   5744  382  639.74   9000  17848  217278  2209  2966  32343    446.13   6110  12115   144639    833   3702  44469
 13   14000  364959   1077.78   6671  13231  230336   5010  379  639.69   7600  15068  232346  1859  2967  35310    446.10   5710  11317   155956    775   3703  48172
 14   14100  392926   1077.93   8328  16519  246855   6235  377  639.64   7990  15854  248200  1958  2958  38268    446.13   4210   8342   164298    557   3701  51873
 15   14300  421289   1078.02   9030  17910  264765   6913  386  639.56   9200  18240  266440  2255  2944  41212    446.42   2410   4771   169069    258   3703  55576
 16   14500  450050   1078.21   7097  14077  278843   5316  378  639.51   8100  16058  282498  1982  2918  44130    446.30   7230  14342   183411    982   3750  59326
 17   13800  477421   1078.33  10038  19909  298752   7691  386  639.62   8090  16040  298538  1982  2926  47056    446.08   6010  11917   195328    813   4286  63612
 18   13400  504000   1078.44   9277  18401  317153   7095  386  639.76   8300  16456  314994  2039  2896  49952    445.99   5920  11735   207063    796   3359  66971
 19   14800  533355   1078.62   7233  14346  331499   5464  381  639.58   8200  16256  331250  1991  2882  52834    445.98   5300  10522   217585    710   3607  70578
 20   15100  563306   1078.76   8029  15926  347425   6106  383  639.45   8800  17452  348702  2144  2456  55290    446.14   3810   7550   225135    453   3608  74186
 21   15700  594446   1078.81  11140  22095  369520   8557  387  639.65   7300  14470  363172  1757  2496  57786    446.35   4210   8342   233477    518   3609  77795
 22   15700  625587   1079.02  10069  19971  389491   7677  384  639.81   8600  17050  380222  2094  2493  60279    446.67   2300   4567   238044    244   3654  81449
 23   16100  657521   1079.15  11106  22029  411520   8511  386  640.18   5200  10318  390540  1259  2550  62829    447.03   1800   3579   241623    162   3729  85178
 24   14700  686678   1079.33  10931  21681  433201   8396  387  640.59   5180  10272  400812  1256  2515  65344    447.17   1810   3589   245212    163   4087  89265
 25   14200  714843   1079.45  11480  22771  455972   8809  387  641.08   5190  10304  411116  1268  2539  67883    447.27   2010   3978   249190    197   4085  93350
 26   14000  742611   1079.66   8214  16293  472265   6210  381  641.24   5180  10280  421396  1278  2994  70877    447.27   2800   5560   254750    330   4086  97436
 27   16100  774545   1079.84   7374  14627  486892   5470  374  641.36   5190  10290  431686  1283  2959  73836    447.24   1730   3435   258185    152   4087 101523
 28   16100  806479   1080.06   6555  13002  499894   4920  378  641.49   4500   8924  440610  1112  2976  76812    447.30   1620   3211   261396    136   4086 105609
 29   16000  838215   1080.31   6606  13102  512996   4904  374  641.43   6600  13084  453694  1657  2941  79753    447.31   1600   3173   264569    133   4084 109693
 30   15800  869554   1080.55   8687  17230  530226   6602  383  641.57   5800  11498  465192  1444  2918  82671    447.50   1600   3176   267745    133   4087 113780
 31   14700  898711   1080.82   6062  12024  542250   4486  373  641.31   8590  17040  482232  2155  2924  85595    447.64   1600   3177   270922    134   4090 117870

TOTAL                                               207273                                    59764                                                17463









                                                                    BUREAU OF RECLAMATION
                                                                    LOWER COLORADO REGION
                                                                    BOULDER CITY, NEVADA

                                                     AVAILABLE RESERVOIR ELEVATIONS AND CONTENTS FOR DECEMBER 2016

                                        LAKE MEAD                      LAKE MOHAVE                      LAKE HAVASU                        SENATOR WASH
  AVAILABLE CAPACITY IN A.F.            *26120000                        1809800                           619400                              9144
  ELEVATION IN FEET                        1219.6                          647.0                            450.0                             240.0

           TOTAL     TOTAL    |             HOOVER            |            DAVIS            |             PARKER            |             SENATOR WASH
          SYSTEM    AVAILABLE |ELEVATION    CONTENT   RELEASE |ELEVATION   CONTENT  RELEASE |ELEVATION    CONTENT   RELEASE | ELEVATION   CONTENT  PUMPED   RELEASE
     DAY  STORAGE**   SPACE   |  FEET       1000A.F.    ft3/s |  FEET      1000A.F.  ft3/s  |   FEET      1000A.F.  ft3/s   |  FEET        A.F.     ft3/s    ft3/s
-----------------------------------------------------------------------------------------------------------------------------------------------------------------------------
       1    29621.2  31503.9    1076.51       9724       10200   640.26     1624.6     8500    446.51      552.0     3610      231.61     6259        0        0
       2    29596.1  31529.0    1076.47       9721        8240   640.11     1620.4     9500    446.44      550.9     6910      231.40     6194        0        0
       3    29576.2  31548.9    1076.45       9719       10700   640.14     1621.3     8890    446.26      547.5     6420      231.16     6121        0        0
       4    29561.6  31563.5    1076.51       9724       11500   640.31     1625.9     9090    446.01      542.8     7200      232.00     6378      162        0
       5    29546.2  31578.8    1076.58       9730       10000   640.19     1622.7    10000    445.83      539.7     7010      231.99     6375       34        0
       6    29533.4  31591.7    1076.66       9736        8370   640.04     1618.5    11000    445.94      541.6     6820      231.77     6308        0        0
       7    29518.3  31606.8    1076.76       9744       10200   640.10     1620.1     9390    446.20      546.5     5710      232.32     6478      125        0
       8    29509.7  31615.4    1076.84       9751       10600   640.16     1621.9     8790    446.59      553.5     3310      234.90     7317      460        0
       9    29497.4  31627.7    1077.00       9764        8410   640.05     1618.9     8780    446.49      551.6     6510      235.65     7572      186        0
      10    29487.0  31638.1    1077.20       9780        7860   640.06     1619.2     7600    446.33      548.8     6600      235.69     7586       64        0
      11    29479.3  31645.8    1077.41       9798        5910   639.81     1612.5     9000    446.16      545.6     6700      235.37     7476        0        0
      12    29471.5  31653.6    1077.60       9813        7580   639.74     1610.6     9000    446.13      545.1     6110      235.06     7370        0        0
      13    29460.5  31664.5    1077.78       9828        6670   639.69     1609.3     7600    446.10      544.5     5710      235.32     7459       93        0
      14    29451.2  31673.9    1077.93       9840        8330   639.64     1607.8     7990    446.13      545.1     4210      235.47     7510       77        0
      15    29443.4  31681.6    1078.02       9848        9030   639.56     1605.9     9200    446.42      550.5     2410      236.96     8027      313        0
      16    29436.4  31688.6    1078.21       9863        7100   639.51     1604.4     8100    446.30      548.3     7230      237.69     8288      202        0
      17    29432.3  31692.8    1078.33       9873       10000   639.62     1607.4     8090    446.08      544.1     6010      235.70     7589        0      297
      18    29430.6  31694.4    1078.44       9882        9280   639.76     1611.0     8300    445.99      542.5     5920      234.36     7137        0      192
      19    29417.9  31707.2    1078.62       9897        7230   639.58     1606.2     8200    445.98      542.2     5300      234.08     7043        3        0
      20    29409.4  31715.6    1078.76       9909        8030   639.45     1602.7     8800    446.14      545.3     3810      233.81     6955        0        0
      21    29402.2  31722.9    1078.81       9913       11100   639.65     1608.0     7300    446.35      549.1     4210      232.38     6498        0      207
      22    29415.3  31709.7    1079.02       9930       10100   639.81     1612.4     8600    446.67      555.0     2300      234.59     7214      405        0
      23    29419.5  31705.6    1079.15       9941       11100   640.18     1622.5     5200    447.03      561.6     1800      238.18     8467      685        0
      24    29435.9  31689.1    1079.33       9956       10900   640.59     1633.4     5180    447.17      564.4     1810      239.38     8911      359        0
      25    29443.8  31681.3    1079.45       9965       11500   641.08     1646.5     5190    447.27      566.2     2010      239.81     9073      208        0
      26    29452.4  31672.7    1079.66       9983        8210   641.24     1651.0     5180    447.27      566.1     2800      239.98     9136      144        0
      27    29445.0  31680.0    1079.84       9998        7370   641.36     1654.2     5190    447.24      565.6     1730      239.41     8922        1        0
      28    29446.9  31678.2    1080.06      10016        6560   641.49     1657.7     4500    447.30      566.7     1620      238.89     8727        0        0
      29    29444.3  31680.8    1080.31      10037        6610   641.43     1656.1     6600    447.31      566.9     1600      238.43     8558        0        0
      30    29448.4  31676.7    1080.55      10057        8690   641.57     1659.7     5800    447.50      570.5     1600      238.02     8407        0        0
      31    29450.8  31674.3    1080.82      10079        6060   641.31     1652.9     8590    447.64      573.2     1600      237.62     8263        0        0

TOTAL                                                   273440                       243150                        136590                          3521      696
AVE.                                                      8820                         7840                          4410                           114       22
AC FT                                                   542000                       482000                        271000                          6984     1380

      * BOTTOM OF EXCLUSIVE FLOOD CONTROL SPACE
     ** INCLUDES FONTENELLE AND CRYSTAL RESERVOIRS

                                                                      BUREAU OF RECLAMATION
                                                                      LOWER COLORADO REGION
                                                                      BOULDER CITY, NEVADA

                                             COLORADO RIVER STORAGE PROJECT DATA (operational) FOR DECEMBER 2016

                   LAKE POWELL          |        FLAMING GORGE        |          NAVAJO            |      BLUE MESA             |     MORROW POINT
             MAX. STORAGE 24322000 AF   |  MAX. STORAGE 3749000 AF    | MAX. STORAGE 1696000 AF    | MAX. STORAGE 829500 AF     | MAX. STORAGE 117025 AF  
    COMPUTED MAX. ELEV. 3700.0 FEET     |  MAX. ELEV. 6040.0 FEET     | MAX. ELEV. 6085.0 FEET     | MAX. ELEV. 7519.4 FEET     | MAX. ELEV. 7160.0 FEET
     INFLOW  ELEVATION CONTENT  RELEASE |  ELEVATION CONTENT  RELEASE | ELEVATION CONTENT  RELEASE | ELEVATION CONTENT  RELEASE | ELEVATION CONTENT  RELEASE
DATE FT3/S   (FEET)  (1000 AF)   FT3/S  |  (FEET)  (1000 AF)   FT3/   |(FEET)  (1000 AF)   FT3/S   | (FEET)  (1000 AF)   FT3/S  |(FEET)  (1000 AF)   FT3/S
------------------------------------------------------------------------------------------------------------------------------------------------------------
   1   5300   3605.65   12297    13500      6025.39   3170     1360      6055.85   1300      350     7492.43    600.4     610     7147.45    107.1     610
   2   5800   3605.51   12284    12900      6025.35   3170     1390      6055.83   1300      300     7492.38    600.0     680     7147.62    107.2     660
   3   5700   3605.38   12271    12200      6025.32   3170     1460      6055.81   1300      250     7492.35    599.7     460     7147.52    107.2     510
   4   4600   3605.21   12254    13300      6025.29   3170     1510      6055.81   1300      250     7492.31    599.4     560     7147.80    107.4     480
   5   8200   3605.09   12242    14200      6025.25   3170     1540      6055.80   1300      250     7492.24    598.9     640     7147.93    107.5     600
   6   7200   3604.94   12228    14800      6025.21   3170     1580      6055.80   1300      250     7492.18    598.4     510     7147.77    107.4     590
   7   2900   3604.67   12201    16900      6025.17   3170     1610      6055.77   1290      310     7492.15    598.2     660     7148.09    107.6     550
   8   5200   3604.46   12181    15900      6025.13   3170     1670      6055.75   1290      370     7492.14    598.1     430     7147.72    107.3     600
   9   6400   3604.28   12163    15500      6025.10   3160     1750      6055.72   1290      370     7492.13    598.0     500     7147.80    107.4     500
  10   3200   3604.06   12142    14500      6025.07   3160     1780      6055.70   1290      370     7492.13    598.0     410     7147.53    107.2     550
  11   5700   3603.93   12129    12200      6025.03   3160     1780      6055.68   1290      370     7492.12    597.9     580     7147.64    107.3     570
  12   4500   3603.74   12111    14100      6024.99   3160     1770      6055.67   1290      360     7492.10    597.8     510     7147.61    107.2     560
  13   2700   3603.52   12089    14000      6024.95   3160     1790      6055.66   1290      360     7492.14    598.1     360     7147.94    107.5     280
  14   4500   3603.33   12071    14100      6024.91   3160     1810      6055.65   1290      360     7492.08    597.6     720     7149.22    108.5     260
  15   6200   3603.17   12055    14300      6024.85   3150     1800      6055.63   1290      360     7492.10    597.8     460     7149.26    108.5     450
  16   4900   3602.98   12037    14500      6024.83   3150     1790      6055.66   1290      360     7492.08    597.6     670     7149.51    108.7     630
  17   7900   3602.86   12025    13800      6024.77   3150     1790      6055.76   1290      370     7492.08    597.6     650     7149.75    108.9     570
  18   8500   3602.76   12015    13400      6024.71   3150     1790      6055.77   1290      360     7492.05    597.4     550     7149.73    108.9     560
  19   5200   3602.57   11997    14800      6024.65   3150     1790      6055.75   1290      360     7491.95    596.6     590     7149.87    109.0     540
  20   7100   3602.41   11981    15100      6024.59   3150     1810      6055.72   1290      350     7491.89    596.1     520     7149.72    108.9     580
  21   5600   3602.21   11962    15700      6024.59   3150     1790      6055.71   1290      360     7491.83    595.7     600     7149.64    108.8     630
  22   8700   3602.07   11949    15700      6024.55   3140     1810      6055.83   1300      370     7491.78    595.3     620     7149.87    109.0     540
  23   3900   3601.83   11926    16100      6024.54   3140     1810      6055.89   1300      360     7491.78    595.3     570     7149.87    109.0     590
  24   8800   3601.71   11914    14700      6024.53   3140     1810      6055.94   1300      350     7491.79    595.3     520     7149.78    108.9     570
  25   6200   3601.55   11899    14200      6024.48   3140     1790      6056.00   1300      350     7491.78    595.3     580     7149.89    109.0     550
  26   8700   3601.44   11888    14000      6024.43   3140     1800      6056.01   1300      350     7491.75    595.0     510     7150.05    109.1     460
  27   5000   3601.22   11867    16100      6024.37   3140     1820      6055.99   1300      350     7491.61    593.9     870     7150.35    109.3     760
  28   7100   3601.04   11850    16100      6024.31   3130     1820      6055.97   1300      350     7491.55    593.5     570     7150.24    109.3     620
  29   6000   3600.84   11830    16000      6024.27   3130     1810      6055.95   1300      350     7491.48    592.9     620     7150.50    109.5     520
  30   5200   3600.63   11810    15800      6024.23   3130     1790      6055.93   1300      350     7491.44    592.6     550     7150.60    109.5     520
  31   7800   3600.49   11797    14700      6024.19   3130     1790      6055.92   1300      350     7491.43    592.5     450     7150.44    109.4     530

TOT  184700                     453100                        53410                        10570                        17530                        16940
AVE    5958                      14620                         1720                          340                          570                          550
A F  366300                     899000                       106000                        21000                        34800                        33600






                                          BUREAU OF RECLAMATION
                                          LOWER COLORADO REGION
                                          BOULDER CITY, NEVADA

                                     GLEN CANYON TO HOOVER DAM LOSSES

                                                DECEMBER 2016

                      |           | LAKE    |         |   LAKE|    LAKE   |  CHANGE |
               GLEN   |    HOOVER | MEAD    |  STORAGE|   MEAD|    MEAD   |   BANK  |       |          |
              RELEASE |    RELEASE| STORAGE |  CHANGE |PUMPING|EVAPORATION| STORAGE |  LOSS |  ACCUMUL.|  INFLOW
   DATE |      CFS    |     CFS   | 1000 AF |  1000 AF|    CFS|     CFS   |    CFS  |   CFS |     A.F. |   CFS
--------------------------------------------------------------------------------------------------------------------
      1        13500       10200      9724        -3       489       584       -98     -1129     -2238      9660
      2        12900        8240      9721        -3       520       584       -98       865      -523      7730
      3        12200       10700      9719        -2       453       584       -66      2806      5041     10700
      4        13300       11500      9724         5       418       584       164     -2289       501     15200
      5        14200       10000      9730         6       475       584       197     -2082     -3627     14300
      6        14800        8370      9736         6       458       585       197       633     -2371     12600
      7        16900       10200      9744         8       446       585       262     -1354     -5056     15500
      8        15900       10600      9751         7       460       585       229      -605     -6257     15400
      9        15500        8410      9764        13       481       585       426       424     -5415     16500
     10        14500        7860      9780        16       492       586       524     -1611     -8610     17500
     11        12200        5910      9798        18       450       586       590     -1079    -10750     16600
     12        14100        7580      9813        15       470       587       492     -2235    -15183     16700
     13        14000        6670      9828        15       483       587       492     -3624    -22370     15800
     14        14100        8330      9840        12       456       588       393     -1687    -25716     15800
     15        14300        9030      9848         8       461       588       262      -393    -26496     14400
     16        14500        7100      9863        15       391       588       492     -1988    -30440     16100
     17        13800       10000      9873        10       436       589       328     -2122    -34649     16400
     18        13400        9280      9882         9       438       589       295      -628    -35894     15100
     19        14800        7230      9897        15       449       589       492     -2550    -40952     16300
     20        15100        8030      9909        12       453       590       393     -2126    -45170     15500
     21        15700       11100      9913         4       373       590       131       593    -43993     14200
     22        15700       10100      9930        17       376       590       557     -5129    -54167     20200
     23        16100       11100      9941        11       384       591       360     -2237    -58603     18000
     24        14700       10900      9956        15       390       591       492     -4249    -67030     19900
     25        14200       11500      9965         9       365       591       295     -1211    -69432     17300
     26        14000        8210      9983        18       391       592       590     -4151    -77665     18900
     27        16100        7370      9998        15       408       592       492     -2212    -82053     16400
     28        16100        6560     10016        18       412       593       590     -3214    -88429     17200
     29        16000        6610     10037        21       433       593       688     -2824    -94031     18900
     30        15800        8690     10057        20       371       594       655     -4295   -102551     20400
     31        14700        6060     10079        22       418       594       721     -2893   -108289     18900

    TOTAL     452900      273380                         13500     18238                       -108289    494200






</pre>