<pre>
                                                                    BUREAU OF RECLAMATION
                                                                    LOWER COLORADO REGION
                                                                    BOULDER CITY, NEVADA

                                                               ACCUMULATIONS FOR DECEMBER 2004

    |GLEN CANYON    |                         HOOVER DAM         |             DAVIS DAM           |      MWD       |            PARKER DAM              |
    |               |  LAKE                                      |LAKE                             |                | LAKE                               |   C.A.P.
    |         ACCUM.|  MEAD    HOOVER RELEASE        GROSS  RATE |MOHAVE      DAVIS RELEASE   GROSS|DIVER. AT INTAKE| HAVASU     PARKER RELEASE     GROSS| DIVER. ACCUM.
DAY |   CFS    A.F. |  ELEV.   CFS    A.F.   ACCUM.   GEN  KWH/AF|ELEV   CFS   A.F.   ACCUM.  GEN  | A.F. ACCUM.    | ELEV    CFS    A.F.   ACCUM.  GEN. | A.F.   A.F.
----------------------------------------------------------------------------------------------------------------------------------------------------------------------
  1   10300   20430   1130.12  10548  20921   20921   8059  385  636.02  10640  21095   21095  2523  2527   2527    447.72   6180  12262    12262    784   5272   5272
  2    9900   40066   1130.11   7674  15221   36142   6210  408  635.50  13610  26992   48087  3247  3800   6327    448.07   4800   9516    21778    612   5264  10536
  3    8900   57719   1130.08  11212  22239   58381   9128  410  635.60   7910  15698   63785  1848  3798  10126    448.42   4000   7934    29712    470   5310  15846
  4    8100   73785   1130.04  10459  20746   79128   8499  410  635.76   7060  14006   77791  1637  3665  13791    448.16   6090  12087    41799    796   5290  21136
  5    8800   91240   1130.03  11676  23159  102286   9682  418  636.19   7060  14001   91792  1637  2868  16659    448.02   4990   9895    51694    648   5286  26422
  6   10000  111074   1129.95  11704  23215  125501   9662  416  636.52   7050  13991  105783  1665  2884  19543    447.99   3000   5951    57645    336   5314  31736
  7    9900  130711   1129.90  11322  22457  147958   9335  416  636.78   7070  14032  119815  1677  2896  22439    448.06   2270   4506    62151    217   5284  37019
  8    9900  150347   1129.89   9482  18808  166766   7604  404  636.97   7070  14020  133835  1679  3356  25795    448.12   2280   4525    66676    217   5714  42734
  9    9900  169983   1129.94   9147  18143  184909   7407  408  637.12   7850  15578  149413  1883  3233  29028    448.21   2180   4324    71000    201   5689  48422
 10    9900  189620   1129.93   9011  17874  202783   7308  409  637.24   6990  13868  163281  1675  3660  32688    448.30   2030   4030    75030    201   6280  54702
 11    9700  208859   1130.03   6713  13316  216099   5286  397  637.15   7010  13914  177195  1678  3802  36490    448.32   2050   4062    79092    141   6266  60968
 12    9600  227901   1130.05   8073  16012  232111   6358  397  637.29   7020  13923  191118  1675  3919  40409    448.25   2930   5806    84898    178   6262  67230
 13    9900  247537   1130.04  11409  22630  254741   9317  412  637.52   8220  16303  207421  1978  3322  43732    448.16   3480   6909    91807    418   6288  73517
 14    9900  267174   1130.05   9814  19466  274207   7978  410  637.62   7590  15062  222483  1825  3346  47078    448.17   3240   6434    98241    379   6385  79902
 15    9900  286810   1130.04   9501  18844  293051   7726  410  637.81   7530  14928  237411  1807  3356  50434    448.18   3000   5957   104198    334   6373  86275
 16    9900  306446   1130.05   8592  17042  310093   6947  408  637.72   8570  16998  254409  2081  3350  53784    448.13   2980   5919   110117    333   6391  92666
 17    9900  326083   1130.06  10041  19916  330009   8284  416  637.72   8410  16678  271087  2025  3340  57124    448.10   3950   7840   117957    472   6365  99031
 18    9700  345322   1130.13   7354  14586  344595   5846  401  637.68   8450  16764  287851  2038  3328  60452    447.99   4770   9459   127416    608   6375 105406
 19    9600  364364   1130.16   7970  15808  360402   6257  396  637.46   8480  16818  304669  2040  3326  63779    447.77   5830  11556   138972    757   6383 111788
 20    9900  384000   1130.17   9897  19631  380033   8015  408  637.54   9020  17892  322561  2170  3320  67099    447.49   6830  13541   152513    880   6349 118138
 21    9900  403636   1130.19  10790  21402  401435   8853  414  637.69   9020  17898  340459  2178  3336  70435    447.25   6620  13121   165634    849   6363 124500
 22    9900  423273   1130.06  11772  23350  424785   9717  416  637.84   9070  17985  358444  2190  3364  73799    447.46   2050   4062   169696    176   6373 130873
 23   10100  443306   1130.04  12248  24294  449079  10175  419  638.09   9130  18116  376560  2207  3814  77613    447.68   2410   4780   174476    237   6371 137244
 24   10000  463141   1130.01   9891  19619  468698   8094  413  638.02   9080  18017  394577  2202  3804  81418    447.52   5000   9925   184401    641   6357 143601
 25    9700  482380   1130.05   8347  16556  485254   6740  407  637.97   7930  15732  410309  1905  3765  85182    447.40   5010   9945   194346    635   6357 149958
 26   10000  502215   1130.09   8920  17693  502947   7198  407  637.99   8480  16810  427119  2041  3687  88869    447.37   3450   6841   201187    399   6371 156329
 27   10000  522050   1130.05  11701  23208  526155   9640  415  638.34   7740  15346  442465  1858  3392  92261    447.34   3960   7861   209048    487   6373 162702
 28    9900  541686   1130.06  14643  29044  555199  12277  423  638.99   6920  13730  456195  1654  3937  96198    447.23   3490   6926   215974    411   6357 169059
 29    9900  561322   1130.14  13150  26083  581282  10908  418  639.40   6940  13772  469967  1660  3336  99535    446.98   5590  11088   227062    650   6357 175416
 30    9600  580364   1130.10  15834  31407  612689  13289  423  640.01   6900  13682  483649  1657  3484 103018    446.85   3040   6021   233083    332   6944 182360
 31    9500  599207   1130.01  14984  29721  642410  12548  422  640.56   6910  13699  497348  1663  3458 106476    446.96   2000   3957   237040    161   6835 189195

TOTAL                                               264347                                    60003                                                13961









                                                                    BUREAU OF RECLAMATION
                                                                    LOWER COLORADO REGION
                                                                    BOULDER CITY, NEVADA

                                                     AVAILABLE RESERVOIR ELEVATIONS AND CONTENTS FOR DECEMBER 2004

                                        LAKE MEAD                      LAKE MOHAVE                      LAKE HAVASU                        SENATOR WASH
  AVAILABLE CAPACITY IN A.F.            *25877000                        1809800                           619400                              9144
  ELEVATION IN FEET                        1219.6                          647.0                            450.0                             240.0

           TOTAL     TOTAL    |             HOOVER            |            DAVIS            |             PARKER            |             SENATOR WASH
          SYSTEM    AVAILABLE |ELEVATION    CONTENT   RELEASE |ELEVATION   CONTENT  RELEASE |ELEVATION    CONTENT   RELEASE | ELEVATION   CONTENT  PUMPED   RELEASE
     DAY  STORAGE**   SPACE   |  FEET       1000A.F.    ft3/s |  FEET      1000A.F.  ft3/s  |   FEET      1000A.F.  ft3/s   |  FEET        A.F.     ft3/s    ft3/s
-----------------------------------------------------------------------------------------------------------------------------------------------------------------------------
       1    29904.9  30977.2    1130.12      14366       10500   636.02     1512.2    10600    447.72      574.7     6180      235.67     7579       31      483
       2    29889.9  30992.1    1130.11      14365        7670   635.50     1498.7    13600    448.07      581.4     4800      230.17     5825        0      903
       3    29889.4  30992.6    1130.08      14362       11200   635.60     1501.3     7910    448.42      588.1     4000      226.35     4763       17      550
       4    29879.7  31002.4    1130.04      14358       10500   635.76     1505.5     7060    448.16      583.1     6090      229.22     5550      388        0
       5    29880.3  31001.7    1130.03      14357       11700   636.19     1516.7     7060    448.02      580.4     4990      231.93     6356      447        0
       6    29870.4  31011.6    1129.95      14349       11700   636.52     1525.3     7050    447.99      579.8     3000      237.50     8220      919        0
       7    29865.1  31016.9    1129.90      14344       11300   636.78     1532.1     7070    448.06      581.2     2270      239.65     9013      529        0
       8    29861.5  31020.6    1129.89      14343        9480   636.97     1537.1     7070    448.12      582.3     2280      239.83     9080      146        0
       9    29864.0  31018.1    1129.94      14348        9150   637.12     1541.1     7850    448.21      584.1     2180      239.44     8933        0        0
      10    29858.8  31023.2    1129.93      14347        9010   637.24     1544.2     6990    448.30      585.8     2030      239.14     8821       66       34
      11    29860.8  31021.3    1130.03      14357        6710   637.15     1541.8     7010    448.32      586.2     2050      239.76     9054      200        0
      12    29859.8  31022.2    1130.05      14359        8070   637.29     1545.5     7020    448.25      584.8     2930      239.00     8768       14       73
      13    29858.1  31023.9    1130.04      14358       11400   637.52     1551.6     8220    448.16      583.1     3480      236.49     7863        0      429
      14    29854.4  31027.7    1130.05      14359        9810   637.62     1554.2     7590    448.17      583.3     3240      235.02     7357        0      187
      15    29850.9  31031.2    1130.04      14358        9500   637.81     1559.2     7530    448.18      583.5     3000      233.66     6907        0      197
      16    29844.1  31038.0    1130.05      14359        8590   637.72     1556.8     8570    448.13      582.5     2980      234.20     7084      146        0
      17    29837.6  31044.5    1130.06      14360       10000   637.72     1556.8     8410    448.10      581.9     3950      233.99     7014       33        0
      18    29835.9  31046.1    1130.13      14367        7350   637.68     1555.8     8450    447.99      579.8     4770      231.19     6130        0      277
      19    29822.3  31059.7    1130.16      14370        7970   637.46     1550.0     8480    447.77      575.7     5830      229.77     5708        0      143
      20    29815.1  31067.0    1130.17      14371        9900   637.54     1552.1     9020    447.49      570.4     6830      227.60     5097       22      331
      21    29808.8  31073.2    1130.19      14373       10800   637.69     1556.0     9020    447.25      565.8     6620      223.31     4004        9      559
      22    29794.6  31087.5    1130.06      14360       11800   637.84     1560.0     9070    447.46      569.8     2050      219.87     3238        0      385
      23    29793.2  31088.8    1130.04      14358       12200   638.09     1566.6     9130    447.68      574.0     2410      218.84     3028      146      262
      24    29774.0  31108.1    1130.01      14355        9890   638.02     1564.7     9080    447.52      570.9     5000      225.53     4551      825        0
      25    29765.4  31116.6    1130.05      14359        8350   637.97     1563.4     7930    447.40      568.7     5010      225.62     4574      180      150
      26    29756.2  31125.8    1130.09      14363        8920   637.99     1563.9     8480    447.37      568.1     3450      225.88     4640      181      125
      27    29747.1  31135.0    1130.05      14359       11700   638.34     1573.2     7740    447.34      567.5     3960      226.54     4813      100        0
      28    29756.5  31125.5    1130.06      14360       14600   638.99     1590.5     6920    447.23      565.4     3490      227.02     4939      104        0
      29    29771.1  31111.0    1130.14      14368       13200   639.40     1601.4     6940    446.98      560.7     5590      225.30     4492        0      204
      30    29782.6  31099.5    1130.10      14364       15800   640.01     1617.8     6900    446.85      558.3     3040      220.11     3288        0      611
      31    29789.7  31092.4    1130.01      14355       15000   640.56     1632.6     6910    446.96      560.4     2000      216.13     2516        0      392

TOTAL                                                   323770                       250680                        119500                          4503     6295
AVE.                                                     10440                         8090                          3850                           145      203
AC FT                                                   642000                       497000                        237000                          8932    12486

      * BOTTOM OF EXCLUSIVE FLOOD CONTROL SPACE
     ** INCLUDES FONTENELLE AND CRYSTAL RESERVOIRS

                                                                      BUREAU OF RECLAMATION
                                                                      LOWER COLORADO REGION
                                                                      BOULDER CITY, NEVADA

                                             COLORADO RIVER STORAGE PROJECT DATA (operational) FOR DECEMBER 2004

                   LAKE POWELL          |        FLAMING GORGE        |          NAVAJO            |      BLUE MESA             |     MORROW POINT
             MAX. STORAGE 24322000 AF   |  MAX. STORAGE 3749000 AF    | MAX. STORAGE 1696000 AF    | MAX. STORAGE 829500 AF     | MAX. STORAGE 117025 AF  
    COMPUTED MAX. ELEV. 3700.0 FEET     |  MAX. ELEV. 6040.0 FEET     | MAX. ELEV. 6085.0 FEET     | MAX. ELEV. 7519.4 FEET     | MAX. ELEV. 7160.0 FEET
     INFLOW  ELEVATION CONTENT  RELEASE |  ELEVATION CONTENT  RELEASE | ELEVATION CONTENT  RELEASE | ELEVATION CONTENT  RELEASE | ELEVATION CONTENT  RELEASE
DATE FT3/S   (FEET)  (1000 AF)   FT3/S  |  (FEET)  (1000 AF)   FT3/   |(FEET)  (1000 AF)   FT3/S   | (FEET)  (1000 AF)   FT3/S  |(FEET)  (1000 AF)   FT3/S
------------------------------------------------------------------------------------------------------------------------------------------------------------
   1   6700   3567.18    8881    10300      6012.36   2720      800      6026.33    970      250     7478.30    493.5     320     7148.94    108.3     360
   2   6500   3567.10    8875     9900      6012.37   2720      800      6026.42    970      250     7478.26    493.1     340     7148.93    108.2     360
   3   6000   3567.02    8868     8900      6012.38   2720      800      6026.51    970      250     7478.06    491.7     880     7148.71    108.1     980
   4   5400   3566.96    8864     8100      6012.39   2720      800      6026.63    980      250     7477.69    489.2    1500     7149.53    108.7    1200
   5   4900   3566.86    8856     8800      6012.43   2720      800      6026.74    980      250     7477.61    488.7     630     7150.72    109.6     200
   6   4400   3566.73    8845    10000      6012.44   2720      800      6026.87    980      250     7477.63    488.7     310     7150.71    109.6     350
   7   4200   3566.62    8837     9900      6012.45   2720      800      6026.97    980      250     7477.68    489.0     270     7150.96    109.8     210
   8   4700   3566.50    8827     9900      6012.47   2720      800      6027.08    980      250     7477.73    489.3     300     7151.03    109.9     290
   9   5000   3566.38    8818     9900      6012.50   2720      800      6027.20    980      250     7477.75    489.4     300     7151.07    109.9     310
  10   5300   3566.26    8808     9900      6012.53   2720      800      6027.23    980      250     7477.78    489.6     340     7150.97    109.8     410
  11   5700   3566.17    8801     9700      6012.57   2730      800      6027.27    980      250     7477.90    490.4       0     7150.30    109.3     290
  12   5800   3566.08    8794     9600      6012.63   2730      810      6027.32    980      250     7477.90    490.4     410     7149.80    108.9     630
  13   6100   3566.00    8788     9900      6012.67   2730      810      6027.38    980      250     7477.91    490.4     400     7150.37    109.4     200
  14   6000   3565.89    8779     9900      6012.71   2730      800      6027.44    980      250     7477.94    490.7     330     7151.24    110.0       0
  15   6100   3565.78    8770     9900      6012.75   2730      800      6027.50    980      250     7477.94    490.7     360     7151.49    110.2     280
  16   6200   3565.72    8766     9900      6012.77   2730      810      6027.53    980      250     7477.97    490.8     330     7151.54    110.3     330
  17   6200   3565.63    8758     9900      6012.79   2730      810      6027.60    980      250     7477.99    490.8     320     7151.59    110.3     320
  18   6200   3565.56    8753     9700      6012.80   2730      810      6027.66    990      250     7478.07    491.5       0     7150.83    109.7     320
  19   6200   3565.48    8747     9600      6012.81   2730      810      6027.71    990      250     7478.07    491.4     330     7150.87    109.8     330
  20   6100   3565.40    8740     9900      6012.87   2740      810      6027.74    990      250     7478.05    491.4     330     7150.89    109.8     350
  21   5900   3565.31    8733     9900      6012.88   2740      810      6027.77    990      250     7478.05    491.3     350     7150.92    109.8     360
  22   5800   3565.21    8725     9900      6012.89   2740      800      6027.80    990      250     7478.04    491.2     340     7151.07    109.9     300
  23   5400   3565.09    8716    10100      6012.91   2740      810      6027.82    990      250     7478.03    491.1     320     7150.98    109.8     380
  24   5300   3564.96    8706    10000      6012.93   2740      810      6027.82    990      250     7478.00    490.9     350     7151.03    109.9     340
  25   5200   3564.86    8698     9700      6012.94   2740      800      6027.83    990      250     7478.06    491.4       0     7150.29    109.3     310
  26   4900   3564.70    8686    10000      6012.97   2740      810      6027.83    990      250     7478.05    491.2     330     7150.45    109.4     280
  27   4500   3564.52    8671    10000      6013.01   2740      810      6027.86    990      250     7478.06    491.3     290     7150.37    109.4     340
  28   4600   3564.44    8665     9900      6013.02   2740      800      6027.89    990      250     7478.05    491.3     330     7150.49    109.5     310
  29   4800   3564.44    8665     9900      6013.03   2740      810      6027.99    990      250     7478.06    491.4     330     7150.49    109.5     350
  30   5200   3564.44    8665     9600      6013.05   2740      810      6028.19    990      250     7478.06    491.2     420     7150.84    109.7     320
  31   8200   3564.42    8664     9500      6013.09   2740      810      6028.28    990      250     7478.08    491.5     220     7150.76    109.7     280

TOT  173500                     302100                        24950                         7750                        11280                        11290
AVE    5597                       9750                          800                          250                          360                          360
A F  344100                     599000                        49000                        15400                        22400                        22400






                                          BUREAU OF RECLAMATION
                                          LOWER COLORADO REGION
                                          BOULDER CITY, NEVADA

                                     GLEN CANYON TO HOOVER DAM LOSSES

                                                DECEMBER 2004

                      |           | LAKE    |         |   LAKE|    LAKE   |  CHANGE |
               GLEN   |    HOOVER | MEAD    |  STORAGE|   MEAD|    MEAD   |   BANK  |       |          |
              RELEASE |    RELEASE| STORAGE |  CHANGE |PUMPING|EVAPORATION| STORAGE |  LOSS |  ACCUMUL.|  INFLOW
   DATE |      CFS    |     CFS   | 1000 AF |  1000 AF|    CFS|     CFS   |    CFS  |   CFS |     A.F. |   CFS
--------------------------------------------------------------------------------------------------------------------
      1        10300       10500     14366        -1       365       728       -33     -2976     -5902     11100
      2         9900        7670     14365        -1       412       728       -33      -238     -6374      8270
      3         8900       11200     14362        -3       401       728       -98      -372     -7111     10700
      4         8100       10500     14358        -4       411       728      -131       457     -6205      9490
      5         8800       11700     14357        -1       414       728       -33     -3435    -13018     12300
      6        10000       11700     14349        -8       449       728      -262      -462    -13934      8580
      7         9900       11300     14344        -5       459       728      -164      -988    -15894      9800
      8         9900        9480     14343        -1       491       728       -33      -199    -16289     10200
      9         9900        9150     14348         5       487       728       164     -3156    -22548     13000
     10         9900        9010     14347        -1       486       728       -33       196    -22160      9690
     11         9700        6710     14357        10       501       728       328     -3410    -28924     13300
     12         9600        8070     14359         2       520       728        66      -449    -29814     10400
     13         9900       11400     14358        -1       511       728       -33     -2363    -34501     12100
     14         9900        9810     14359         1       510       728        33     -2004    -38476     11600
     15         9900        9500     14358        -1       507       728       -33      -318    -39106     10200
     16         9900        8590     14359         1       515       728        33      -476    -40050     10400
     17         9900       10000     14360         1       515       728        33     -1898    -43815     11800
     18         9700        7350     14367         7       505       728       229     -2430    -48634     12300
     19         9600        7970     14370         3       489       728        98      -910    -50439     10800
     20         9900        9900     14371         1       513       728        33     -1950    -54306     11700
     21         9900       10800     14373         2       544       728        66     -3559    -61365     13100
     22         9900       11800     14360       -13       544       728      -426      3784    -53859      6090
     23        10100       12200     14358        -2       526       728       -66     -2501    -58820     12400
     24        10000        9890     14355        -3       531       728       -98       340    -58146      9540
     25         9700        8350     14359         4       521       728       131     -1610    -61340     11700
     26        10000        8920     14363         4       478       728       131     -2231    -65764     12300
     27        10000       11700     14359        -4       491       728      -131     -1121    -67988     10800
     28         9900       14600     14360         1       452       728        33     -6333    -80549     16300
     29         9900       13200     14368         8       466       728       262     -8664    -97733     18700
     30         9600       15800     14364        -4       489       728      -131     -4955   -107561     14900
     31         9500       15000     14355        -9       505       728      -295     -1463   -110464     11400

    TOTAL     302200      323880                         15008     22568                       -110464    354900







</pre>