<pre>
                                                                    BUREAU OF RECLAMATION
                                                                    LOWER COLORADO REGION
                                                                    BOULDER CITY, NEVADA

                                                               ACCUMULATIONS FOR DECEMBER 2015

    |GLEN CANYON    |                         HOOVER DAM         |             DAVIS DAM           |      MWD       |            PARKER DAM              |
    |               |  LAKE                                      |LAKE                             |                | LAKE                               |   C.A.P.
    |         ACCUM.|  MEAD    HOOVER RELEASE        GROSS  RATE |MOHAVE      DAVIS RELEASE   GROSS|DIVER. AT INTAKE| HAVASU     PARKER RELEASE     GROSS| DIVER. ACCUM.
DAY |   CFS    A.F. |  ELEV.   CFS    A.F.   ACCUM.   GEN  KWH/AF|ELEV   CFS   A.F.   ACCUM.  GEN  | A.F. ACCUM.    | ELEV    CFS    A.F.   ACCUM.  GEN. | A.F.   A.F.
----------------------------------------------------------------------------------------------------------------------------------------------------------------------
  1   13900   27570   1078.23   9108  18066   18066   7042  390  636.22   7990  15852   15852  1913  3487   3487    447.61   5010   9935     9935    674   3937   3937
  2   14300   55934   1078.14  13002  25790   43856  10153  394  636.54   7600  15068   30920  1817  2634   6121    447.64   5400  10713    20648    735   3921   7858
  3   14300   84298   1078.24   8266  16395   60251   6343  387  636.64   7600  15066   45986  1822  2918   9039    447.54   4810   9543    30191    642   3939  11797
  4   14000  112066   1078.40   8274  16411   76662   6393  390  636.57   7710  15298   61284  1845  2999  12038    447.35   6280  12460    42651    852   3918  15715
  5   13500  138843   1078.62   4931   9780   86442   3688  377  636.40   8810  17478   78762  2116  3003  15041    447.11   6400  12694    55345    874   3904  19619
  6   12900  164430   1078.87   4177   8285   94727   3097  374  636.07   8800  17464   96226  2108  2965  18006    446.86   6710  13303    68648    922   6082  25701
  7   14300  192793   1079.05   7123  14128  108855   5443  385  635.91   8800  17446  113672  2099  2988  20994    446.61   7210  14304    82952    984   3941  29642
  8   14300  221157   1079.26   6231  12358  121213   4720  382  635.66   8400  16654  130326  2001  3465  24459    446.42   7210  14301    97253    995   3903  33545
  9   14200  249322   1079.34   8578  17015  138228   6606  388  635.68   7570  15024  145350  1802  3435  27894    446.27   6200  12301   109554    847   3898  37443
 10   14300  277686   1079.46   7954  15776  154004   6114  388  635.75   8390  16634  161984  1998  3431  31325    446.37   3010   5961   115515    359   3915  41358
 11   14300  306050   1079.58  10902  21623  175627   8463  391  635.53   9810  19454  181438  2337  3417  34742    446.43   4600   9126   124641    626   3928  45286
 12   13700  333223   1079.63  13172  26127  201754  10257  393  635.77   9800  19442  200880  2338  3423  38165    446.47   6220  12338   136979    852   3909  49195
 13   12900  358810   1079.58  11547  22904  224658   8965  391  636.02   9790  19428  220308  2342  3386  41551    446.25   6700  13286   150265    911   6077  55272
 14   14200  386975   1079.78   9391  18626  243284   7279  391  635.92   9190  18222  238530  2196  3390  44941    446.20   6900  13685   163950    951   3920  59192
 15   14400  415537   1079.89   9312  18470  261754   7198  390  636.03   9300  18444  256974  2222  3394  48335    446.12   6130  12156   176106    840   3914  63106
 16   14300  443901   1079.90  13823  27417  289171  10755  392  636.22   9100  18048  275022  2176  3388  51723    446.09   6410  12716   188822    881   3923  67029
 17   14300  472264   1079.93  12547  24887  314058   9804  394  636.61   8330  16518  291540  2040  3397  55120    446.30   3590   7117   195939    441   3894  70923
 18   14300  500628   1080.01  11558  22925  336983   9017  393  636.70   9900  19630  311170  2380  3404  58524    446.25   5510  10920   206859    743   3903  74826
 19   13600  527603   1080.12   9045  17941  354924   7009  391  636.65   9700  19232  330402  2332  3352  61876    446.30   5710  11334   218193    768   3899  78725
 20   12800  552992   1080.30   8581  17020  371944   6600  388  636.52   8890  17628  348030  2135  3404  65280    446.10   6720  13336   231529    927   6064  84789
 21   14200  581157   1080.41  10133  20099  392043   7872  392  636.59   8190  16254  364284  1967  3368  68648    446.17   4310   8543   240072    576   3902  88691
 22   14300  609521   1080.46  10655  21134  413177   8290  392  636.75   8190  16250  380534  1965  3385  72033    446.53   1800   3577   243649    162   3897  92588
 23   14400  638083   1080.49  10965  21748  434925   8510  391  637.10   8000  15862  396396  1924  3363  75396    446.71   3790   7525   251174    466   3903  96491
 24   14300  666446   1080.55  12369  24533  459458   9653  393  637.23   7610  15096  411492  1836  2914  78310    446.83   3100   6152   257326    378   3904 100395
 25   12800  691835   1080.57  12799  25386  484844   9986  393  637.69   7600  15078  426570  1840  2974  81284    446.87   4410   8746   266072    580   3892 104287
 26   13500  718612   1080.60  12050  23900  508744   9425  394  638.11   7600  15070  441640  1847  2960  84244    446.79   5800  11512   277584    793   3852 108139
 27   12700  743802   1080.62  11683  23174  531918   9100  393  638.18   7800  15480  457120  1898  2991  87235    446.11   7810  15487   293071   1072   6044 114183
 28   14200  771967   1080.63  12781  25350  557268   9956  393  638.53   8790  17438  474558  2140  2997  90232    446.08   5010   9933   303004    653   3891 118074
 29   14300  800331   1080.74  10063  19959  577227   7813  391  638.44   8780  17422  491980  2145  3423  93655    446.32   3400   6753   309757    424   3900 121974
 30   14300  828694   1080.84   9164  18176  595403   7152  393  638.50   8790  17444  509424  2155  3467  97122    446.57   3100   6142   315899    375   4116 126090
 31   14400  857256   1080.91  11869  23542  618945   9244  393  638.77   8790  17444  526868  2169  3461 100583    446.92   2400   4768   320667    261   4080 130170

TOTAL                                               241947                                    63903                                                21563









                                                                    BUREAU OF RECLAMATION
                                                                    LOWER COLORADO REGION
                                                                    BOULDER CITY, NEVADA

                                                     AVAILABLE RESERVOIR ELEVATIONS AND CONTENTS FOR DECEMBER 2015

                                        LAKE MEAD                      LAKE MOHAVE                      LAKE HAVASU                        SENATOR WASH
  AVAILABLE CAPACITY IN A.F.            *26120000                        1809800                           619400                              9144
  ELEVATION IN FEET                        1219.6                          647.0                            450.0                             240.0

           TOTAL     TOTAL    |             HOOVER            |            DAVIS            |             PARKER            |             SENATOR WASH
          SYSTEM    AVAILABLE |ELEVATION    CONTENT   RELEASE |ELEVATION   CONTENT  RELEASE |ELEVATION    CONTENT   RELEASE | ELEVATION   CONTENT  PUMPED   RELEASE
     DAY  STORAGE**   SPACE   |  FEET       1000A.F.    ft3/s |  FEET      1000A.F.  ft3/s  |   FEET      1000A.F.  ft3/s   |  FEET        A.F.     ft3/s    ft3/s
-----------------------------------------------------------------------------------------------------------------------------------------------------------------------------
       1    29909.4  31215.6    1078.23       9865        9110   636.22     1517.6     7990    447.61      572.6     5010      236.68     7929        0        0
       2    29893.5  31231.6    1078.14       9857       13000   636.54     1525.8     7600    447.64      573.1     5400      235.83     7633        0       93
       3    29884.8  31240.3    1078.24       9866        8270   636.64     1528.4     7600    447.54      571.2     4810      234.54     7197        0      176
       4    29872.5  31252.5    1078.40       9879        8270   636.57     1526.6     7710    447.35      567.7     6280      234.26     7104        0        0
       5    29864.9  31260.2    1078.62       9897        4930   636.40     1522.3     8810    447.11      563.2     6400      233.98     7011        0        0
       6    29859.8  31265.2    1078.87       9918        4180   636.07     1513.5     8800    446.86      558.5     6710      233.69     6917        0        0
       7    29842.9  31282.1    1079.05       9932        7120   635.91     1509.4     8800    446.61      553.9     7210      230.56     5941        0      479
       8    29829.1  31295.9    1079.26       9950        6230   635.66     1502.8     8400    446.42      550.4     7210      230.35     5879        0        0
       9    29813.7  31311.3    1079.34       9956        8580   635.68     1503.4     7570    446.27      547.6     6200      230.15     5820        0        0
      10    29816.3  31308.8    1079.46       9966        7950   635.75     1505.3     8390    446.37      549.5     3010      231.34     6176      211        0
      11    29800.5  31324.6    1079.58       9976       10900   635.53     1499.3     9810    446.43      550.6     4600      233.42     6829      362        0
      12    29792.2  31332.8    1079.63       9980       13200   635.77     1505.7     9800    446.47      551.4     6220      233.12     6732        0        0
      13    29776.7  31348.3    1079.58       9976       11500   636.02     1512.2     9790    446.25      547.4     6700      232.83     6639        0        0
      14    29771.5  31353.5    1079.78       9993        9390   635.92     1509.7     9190    446.20      546.3     6900      232.55     6551        0        0
      15    29764.8  31360.2    1079.89      10002        9310   636.03     1512.5     9300    446.12      545.0     6130      232.27     6463        0        2
      16    29750.9  31374.2    1079.90      10003       13800   636.22     1517.4     9100    446.09      544.4     6410      233.24     6771      200        0
      17    29748.4  31376.7    1079.93      10005       12500   636.61     1527.6     8330    446.30      548.3     3590      233.53     6865       94        0
      18    29742.0  31383.0    1080.01      10012       11600   636.70     1530.0     9900    446.25      547.4     5510      233.26     6777      137      141
      19    29731.7  31393.4    1080.12      10021        9050   636.65     1528.8     9700    446.30      548.3     5710      233.88     6978      146        0
      20    29721.6  31403.4    1080.30      10036        8580   636.52     1525.2     8890    446.10      544.6     6720      234.96     7337      233        0
      21    29713.4  31411.6    1080.41      10045       10100   636.59     1527.3     8190    446.17      545.8     4310      234.44     7163       21       61
      22    29712.9  31412.2    1080.46      10049       10700   636.75     1531.4     8190    446.53      552.5     1800      234.14     7064        0        0
      23    29707.1  31418.0    1080.49      10052       11000   637.10     1540.6     8000    446.71      555.8     3790      232.49     6532        0      236
      24    29696.5  31428.6    1080.55      10057       12400   637.23     1543.9     7610    446.83      557.9     3100      232.25     6457        0        0
      25    29694.0  31431.0    1080.57      10058       12800   637.69     1556.2     7600    446.87      558.7     4410      231.98     6372        0        0
      26    29692.8  31432.3    1080.60      10061       12000   638.11     1567.2     7600    446.79      557.3     5800      231.11     6106        0      102
      27    29664.5  31460.5    1080.62      10062       11700   638.18     1568.9     7800    446.11      544.8     7810      230.75     5998        0       22
      28    29653.1  31472.0    1080.63      10063       12800   638.53     1578.4     8790    446.08      544.2     5010      228.75     5416        0      274
      29    29640.5  31484.5    1080.74      10072       10100   638.44     1575.8     8780    446.32      548.7     3400      228.60     5374        0        0
      30    29632.1  31492.9    1080.84      10081        9160   638.50     1577.6     8790    446.57      553.2     3100      229.10     5515       94        0
      31    29629.2  31495.9    1080.91      10087       11900   638.77     1584.7     8790    446.92      559.6     2400      233.09     6722      640        0

TOTAL                                                   312130                       265620                        161660                          2138     1586
AVE.                                                     10070                         8570                          5210                            69       51
AC FT                                                   619000                       527000                        321000                          4241     3146

      * BOTTOM OF EXCLUSIVE FLOOD CONTROL SPACE
     ** INCLUDES FONTENELLE AND CRYSTAL RESERVOIRS

                                                                      BUREAU OF RECLAMATION
                                                                      LOWER COLORADO REGION
                                                                      BOULDER CITY, NEVADA

                                             COLORADO RIVER STORAGE PROJECT DATA (operational) FOR DECEMBER 2015

                   LAKE POWELL          |        FLAMING GORGE        |          NAVAJO            |      BLUE MESA             |     MORROW POINT
             MAX. STORAGE 24322000 AF   |  MAX. STORAGE 3749000 AF    | MAX. STORAGE 1696000 AF    | MAX. STORAGE 829500 AF     | MAX. STORAGE 117025 AF  
    COMPUTED MAX. ELEV. 3700.0 FEET     |  MAX. ELEV. 6040.0 FEET     | MAX. ELEV. 6085.0 FEET     | MAX. ELEV. 7519.4 FEET     | MAX. ELEV. 7160.0 FEET
     INFLOW  ELEVATION CONTENT  RELEASE |  ELEVATION CONTENT  RELEASE | ELEVATION CONTENT  RELEASE | ELEVATION CONTENT  RELEASE | ELEVATION CONTENT  RELEASE
DATE FT3/S   (FEET)  (1000 AF)   FT3/S  |  (FEET)  (1000 AF)   FT3/   |(FEET)  (1000 AF)   FT3/S   | (FEET)  (1000 AF)   FT3/S  |(FEET)  (1000 AF)   FT3/S
------------------------------------------------------------------------------------------------------------------------------------------------------------
   1   7400   3605.34   12267    13900      6028.65   3300     2210      6063.99   1400      330     7499.63    658.3     360     7133.80     97.0     430
   2   7800   3605.21   12254    14300      6028.57   3290     2220      6063.97   1400      330     7499.57    657.8     680     7135.70     98.4       0
   3   7200   3605.07   12240    14300      6028.50   3290     1860      6063.96   1400      330     7499.51    657.3     610     7137.41     99.6       0
   4   5300   3604.90   12224    14000      6028.43   3290     1720      6063.96   1400      330     7499.51    657.3     510     7138.83    100.7       0
   5   6500   3604.76   12210    13500      6028.37   3290     2260      6063.94   1400      330     7499.50    657.2     540     7140.32    101.8       0
   6   8500   3604.67   12201    12900      6028.31   3280     2250      6063.94   1400      320     7499.45    656.8     530     7141.75    102.8       0
   7   4600   3604.48   12183    14300      6028.23   3280     2220      6063.93   1400      360     7499.39    656.3     570     7142.40    103.3     330
   8   5700   3604.31   12166    14300      6028.15   3280     2250      6063.92   1400      360     7499.31    655.7     650     7142.48    103.4     630
   9   4000   3604.11   12147    14200      6028.15   3280     2250      6063.91   1400      360     7499.18    654.6    1190     7143.37    104.0     860
  10   7800   3603.98   12134    14300      6028.19   3280     2340      6063.92   1400      360     7499.08    653.8    1130     7144.47    104.8     720
  11   5700   3603.81   12117    14300      6028.10   3280     2260      6063.91   1400      360     7498.85    651.9    1270     7145.58    105.7     860
  12   5600   3603.65   12102    13700      6028.01   3270     2250      6063.92   1400      370     7498.68    650.5    1130     7146.35    106.3     850
  13   7500   3603.54   12091    12900      6027.93   3270     2250      6063.94   1400      370     7498.72    650.9     500     7146.20    106.2     570
  14   6400   3603.39   12076    14200      6027.87   3270     2250      6063.94   1400      370     7498.53    649.3    1200     7147.25    107.0     810
  15   6600   3603.23   12061    14400      6027.83   3270     2250      6063.93   1400      370     7498.34    647.8    1270     7148.36    107.8     860
  16   6300   3603.07   12045    14300      6027.77   3260     2250      6063.91   1400      370     7498.13    646.1    1240     7149.52    108.7     800
  17   6800   3602.92   12031    14300      6027.69   3260     2250      6063.90   1400      370     7497.95    644.6    1260     7149.85    109.0    1140
  18   9400   3602.82   12021    14300      6027.63   3260     2260      6063.88   1400      370     7497.68    642.4    1430     7150.70    109.6    1110
  19   6100   3602.67   12007    13600      6027.57   3260     2260      6063.87   1400      370     7497.43    640.4    1380     7152.05    110.7     860
  20   5800   3602.53   11993    12800      6027.51   3250     2260      6063.85   1400      370     7497.32    639.5    1020     7151.65    110.4    1200
  21   5700   3602.36   11977    14200      6027.43   3250     2260      6063.86   1400      370     7497.16    638.2    1330     7151.92    110.6    1230
  22   7400   3602.22   11963    14300      6027.41   3250     2250      6063.89   1400      370     7496.93    636.3    1400     7152.68    111.2    1110
  23   6100   3602.05   11947    14400      6027.32   3250     2250      6063.89   1400      380     7496.74    634.8    1420     7153.31    111.7    1190
  24   6000   3601.89   11931    14300      6027.23   3240     2250      6063.90   1400      370     7496.55    633.2    1220     7153.90    112.1    1000
  25   5900   3601.75   11918    12800      6027.19   3240     2250      6063.90   1400      370     7496.38    631.9    1110     7153.94    112.2    1110
  26   9200   3601.66   11909    13500      6027.13   3240     2250      6063.87   1400      360     7496.22    630.6    1050     7154.07    112.3    1010
  27   5800   3601.52   11896    12700      6027.05   3240     2250      6063.85   1400      360     7496.05    629.2    1070     7154.08    112.3    1090
  28   6200   3601.36   11880    14200      6026.97   3230     2250      6063.84   1400      360     7495.86    627.7    1060     7154.21    112.4    1020
  29   4900   3601.17   11862    14300      6026.89   3230     2260      6063.81   1400      360     7495.70    626.4    1050     7154.14    112.3    1100
  30   5000   3600.99   11844    14300      6026.81   3230     2260      6063.82   1400      350     7495.60    625.6     840     7153.97    112.2     920
  31   5100   3600.80   11827    14400      6026.75   3230     2250      6063.81   1400      350     7495.46    624.5    1060     7154.01    112.2    1050

TOT  198300                     432200                        68900                        11100                        31080                        23860
AVE    6397                      13940                         2220                          360                         1000                          770
A F  393300                     857000                       137000                        22000                        61600                        47300






                                          BUREAU OF RECLAMATION
                                          LOWER COLORADO REGION
                                          BOULDER CITY, NEVADA

                                     GLEN CANYON TO HOOVER DAM LOSSES

                                                DECEMBER 2015

                      |           | LAKE    |         |   LAKE|    LAKE   |  CHANGE |
               GLEN   |    HOOVER | MEAD    |  STORAGE|   MEAD|    MEAD   |   BANK  |       |          |
              RELEASE |    RELEASE| STORAGE |  CHANGE |PUMPING|EVAPORATION| STORAGE |  LOSS |  ACCUMUL.|  INFLOW
   DATE |      CFS    |     CFS   | 1000 AF |  1000 AF|    CFS|     CFS   |    CFS  |   CFS |     A.F. |   CFS
--------------------------------------------------------------------------------------------------------------------
      1        13900        9110      9865         0       449       589         0     -1130     -2241     10100
      2        14300       13000      9857        -8       405       588      -262       700      -851      9700
      3        14300        8270      9866         9       422       588       295      -211     -1271     14100
      4        14000        8270      9879        13       398       589       426     -1936     -5111     16200
      5        13500        4930      9897        18       407       589       590     -1290     -7670     15600
      6        12900        4180      9918        21       430       590       688     -2475    -12578     16500
      7        14300        7120      9932        14       439       590       459     -2165    -16873     15700
      8        14300        6230      9950        18       436       591       590     -4021    -24848     16900
      9        14200        8580      9956         6       425       591       197      1483    -21906     12800
     10        14300        7950      9966        10       436       591       328       -45    -21996     14300
     11        14300       10900      9976        10       455       592       328     -3115    -28175     17300
     12        13700       13200      9980         4       449       592       131     -2088    -32316     16400
     13        12900       11500      9976        -4       425       592      -131      3932    -24517     10400
     14        14200        9390      9993        17       432       592       557     -5841    -36103     19500
     15        14400        9310     10002         9       418       592       295     -2251    -40568     15200
     16        14300       13800     10003         1       422       593        33     -1151    -42851     15400
     17        14300       12500     10005         2       412       593        66      -178    -43204     14600
     18        14300       11600     10012         7       419       593       229     -2070    -47309     16400
     19        13600        9050     10021         9       421       593       295      -595    -48490     14900
     20        12800        8580     10036        15       424       593       492     -3350    -55135     17700
     21        14200       10100     10045         9       435       594       295     -2360    -59817     16000
     22        14300       10700     10049         4       412       594       131     -1053    -61905     13900
     23        14400       11000     10052         3       415       594        98       581    -60752     13600
     24        14300       12400     10057         5       408       594       164     -1786    -64294     16100
     25        12800       12800     10058         1       371       594        33        99    -64097     14300
     26        13500       12000     10061         3       387       594        98      -291    -64674     14600
     27        12700       11700     10062         1       410       594        33      -440    -65547     13200
     28        14200       12800     10063         1       429       594        33      -859    -67250     14400
     29        14300       10100     10072         9       422       594       295     -3247    -73692     15900
     30        14300        9160     10081         9       390       595       295      -776    -75232     15000
     31        14400       11900     10087         6       407       595       197     -1823    -78847     16100

    TOTAL     432200      312050                         13010     18357                        -78847    462700






</pre>