<pre>
                                                                    BUREAU OF RECLAMATION
                                                                    LOWER COLORADO REGION
                                                                    BOULDER CITY, NEVADA

                                                               ACCUMULATIONS FOR DECEMBER 2020

    |GLEN CANYON    |                         HOOVER DAM         |             DAVIS DAM           |      MWD       |            PARKER DAM              |
    |               |  LAKE                                      |LAKE                             |                | LAKE                               |   C.A.P.
    |         ACCUM.|  MEAD    HOOVER RELEASE        GROSS  RATE |MOHAVE      DAVIS RELEASE   GROSS|DIVER. AT INTAKE| HAVASU     PARKER RELEASE     GROSS| DIVER. ACCUM.
DAY |   CFS    A.F. |  ELEV.   CFS    A.F.   ACCUM.   GEN  KWH/AF|ELEV   CFS   A.F.   ACCUM.  GEN  | A.F. ACCUM.    | ELEV    CFS    A.F.   ACCUM.  GEN. | A.F.   A.F.
----------------------------------------------------------------------------------------------------------------------------------------------------------------------
  1   12000   23802   1081.19   6940  13766   13766   5155  374  639.86   7770  15414   15414  1887  2804   2804    447.38   6090  12089    12089    838   4444   4444
  2   12100   47802   1081.17   7736  15345   29111   5895  384  639.77   7780  15433   30847  1887  2821   5625    447.17   6000  11906    23995    815   4540   8984
  3   12100   71802   1081.26   8126  16118   45229   6137  381  639.72   7790  15442   46289  1889  2836   8461    447.14   4000   7929    31924    498   4536  13520
  4   12100   95802   1081.38   7358  14594   59823   5468  375  639.58   8990  17823   64112  2182  2848  11309    446.89   6800  13484    45408    930   4535  18055
  5   11500  118612   1081.54   5454  10817   70640   3981  368  639.29   8980  17817   81929  2175  3174  14483    446.62   6700  13290    58698    903   4534  22589
  6   10300  139041   1081.69   6318  12532   83172   4691  374  639.10   9000  17851   99780  2177  3251  17734    446.39   6390  12682    71380    867   6039  28628
  7   12000  162843   1081.80   8036  15939   99111   5996  376  639.00   9170  18193  117973  2214  3230  20964    446.37   5700  11305    82685    784   4527  33155
  8   12000  186645   1081.86   8322  16506  115617   6321  383  638.88   9200  18247  136220  2220  3219  24183    446.49   5000   9917    92602    680   4529  37684
  9   12100  210645   1081.94   8538  16934  132551   6511  384  638.73   9190  18223  154443  2215  3210  27393    446.52   4090   8122   100724    526   4530  42214
 10   12100  234645   1082.01   8045  15957  148508   6119  383  638.70   8390  16636  171079  2018  3206  30599    446.86   2000   3966   104690    189   4532  46746
 11   12100  258645   1082.12   7936  15741  164249   5973  379  638.73   8780  17417  188496  2113  2867  33466    446.81   5500  10914   115604    738   4533  51279
 12   11600  281653   1082.26   6856  13599  177848   5109  376  638.62   8590  17036  205532  2070  2778  36244    446.76   5000   9909   125513    671   4535  55814
 13   10300  302083   1082.30   8227  16318  194166   6299  386  638.50   8580  17021  222553  2068  2797  39041    446.56   5300  10506   136019    700   6042  61856
 14   12200  326281   1082.47   7225  14331  208497   5432  379  638.48   7780  15437  237990  1870  2817  41858    446.57   5690  11294   147313    759   3655  65511
 15   12100  350281   1082.55   7303  14486  222983   5553  383  638.37   7780  15433  253423  1869  3181  45039    446.45   5290  10502   157815    713   3655  69166
 16   12200  374479   1082.61   7486  14848  237831   5764  388  638.33   7820  15520  268943  1880  3259  48298    446.45   5310  10531   168346    709   1639  70805
 17   12000  398281   1082.71   8058  15983  253814   6242  391  638.36   7990  15852  284795  1921  3243  51541    446.61   2790   5530   173876    306   3650  74455
 18   12000  422083   1082.81   7501  14879  268693   5772  388  638.32   7720  15320  300115  1861  3230  54771    446.63   4900   9728   183604    635   3643  78098
 19   11300  444496   1082.96   6846  13579  282272   5246  386  638.15   9280  18405  318520  2185  3219  57990    446.67   4810   9531   193135    612   3648  81746
 20   10300  464926   1083.09   7276  14431  296703   5630  390  638.02   9280  18398  336918  2184  3211  61201    446.66   3990   7919   201054    499   6033  87779
 21   12100  488926   1083.19   8057  15982  312685   6173  386  638.15   5280  10464  347382  1242  3206  64407    446.89   3400   6740   207794    405   3639  91418
 22   12600  513917   1083.24   9053  17957  330642   6900  384  638.50   4480   8892  356274  1086  3200  67607    446.78   1990   3955   211749    192   4223  95641
 23   12200  538116   1083.30   9207  18262  348904   7140  391  638.63   6780  13453  369727  1648  3196  70803    446.60   3290   6535   218284    388   4226  99867
 24   11900  561719   1083.35  10757  21336  370240   8380  393  638.57   9480  18810  388537  2297  2859  73662    446.63   3100   6157   224441    354   4227 104094
 25   10300  582149   1083.42   8540  16939  387179   6624  391  638.59   9680  19197  407734  2346  2859  76521    446.63   5300  10509   234950    695   6032 110126
 26   11200  604364   1083.52   8186  16237  403416   6348  391  638.44   9670  19187  426921  2337  2781  79302    446.64   4800   9514   244464    615   5836 115962
 27   10200  624595   1083.56   9714  19268  422684   7564  393  638.48   8790  17426  444347  2120  2817  82119    446.56   5490  10897   255361    709   6031 121993
 28   12000  648397   1083.57  10008  19851  442535   7760  391  638.54   7980  15837  460184  1929  3169  85288    446.54   4190   8320   263681    536   5841 127834
 29   12000  672198   1083.62   9057  17965  460500   6938  386  638.74   7580  15044  475228  1835  3271  88559    446.54   4000   7928   271609    494   5842 133676
 30   12000  696000   1083.64   9274  18394  478894   7144  388  638.76   7980  15838  491066  1934  3252  91811    446.33   4400   8726   280335    563   5834 139510
 31   12100  720000   1083.72   9140  18129  497023   7038  388  638.82   8960  17763  508829  2169  3235  95046    446.46   3090   6136   286471    353   5821 145331

TOTAL                                               191303                                    61830                                                18676









                                                                    BUREAU OF RECLAMATION
                                                                    LOWER COLORADO REGION
                                                                    BOULDER CITY, NEVADA

                                                     AVAILABLE RESERVOIR ELEVATIONS AND CONTENTS FOR DECEMBER 2020

                                        LAKE MEAD                      LAKE MOHAVE                      LAKE HAVASU                        SENATOR WASH
  AVAILABLE CAPACITY IN A.F.            *26120000                        1809800                           619400                              9144
  ELEVATION IN FEET                        1219.6                          647.0                            450.0                             240.0

           TOTAL     TOTAL    |             HOOVER            |            DAVIS            |             PARKER            |             SENATOR WASH
          SYSTEM    AVAILABLE |ELEVATION    CONTENT   RELEASE |ELEVATION   CONTENT  RELEASE |ELEVATION    CONTENT   RELEASE | ELEVATION   CONTENT  PUMPED   RELEASE
     DAY  STORAGE**   SPACE   |  FEET       1000A.F.    ft3/s |  FEET      1000A.F.  ft3/s  |   FEET      1000A.F.  ft3/s   |  FEET        A.F.     ft3/s    ft3/s
-----------------------------------------------------------------------------------------------------------------------------------------------------------------------------
       1    27889.6  33235.5    1081.19      10110        6940   639.86     1613.7     7770    447.38      568.2     6090      234.88     7310        0       69
       2    27864.4  33260.7    1081.17      10108        7740   639.77     1611.2     7780    447.17      564.4     6000      234.60     7217        0        0
       3    27849.0  33276.0    1081.26      10116        8130   639.72     1610.2     7790    447.14      563.7     4000      234.32     7124        0        0
       4    27833.9  33291.2    1081.38      10126        7360   639.58     1606.2     8990    446.89      559.1     6800      234.05     7034        0        0
       5    27816.3  33308.7    1081.54      10139        5450   639.29     1598.6     8980    446.62      554.1     6700      233.80     6952        0        0
       6    27805.2  33319.9    1081.69      10152        6320   639.10     1593.4     9000    446.39      550.0     6390      234.00     7017       69        0
       7    27793.3  33331.7    1081.80      10161        8040   639.00     1590.9     9170    446.37      549.5     5700      233.73     6930        0        0
       8    27779.2  33345.9    1081.86      10166        8320   638.88     1587.6     9200    446.49      551.7     5000      232.99     6690        0       88
       9    27765.2  33359.8    1081.94      10172        8540   638.73     1583.8     9190    446.52      552.3     4090      232.80     6630        0        0
      10    27758.2  33366.8    1082.01      10178        8050   638.70     1582.8     8390    446.86      558.6     2000      232.55     6551        0        0
      11    27748.3  33376.7    1082.12      10187        7940   638.73     1583.7     8780    446.81      557.7     5500      232.33     6482        0        0
      12    27737.0  33388.1    1082.26      10199        6860   638.62     1580.7     8590    446.76      556.7     5000      233.17     6748      283        0
      13    27720.0  33405.0    1082.30      10202        8230   638.50     1577.4     8580    446.56      553.0     5300      236.61     7905      663        0
      14    27711.9  33413.2    1082.47      10217        7230   638.48     1577.0     7780    446.57      553.2     5690      236.25     7779        0        0
      15    27693.8  33431.3    1082.55      10223        7300   638.37     1574.1     7780    446.45      551.0     5290      235.92     7664        0        0
      16    27679.3  33445.8    1082.61      10228        7490   638.33     1572.9     7820    446.45      551.1     5310      235.62     7562        0        0
      17    27673.7  33451.4    1082.71      10237        8060   638.36     1573.9     7990    446.61      554.0     2790      235.35     7469        0        0
      18    27664.0  33461.1    1082.81      10245        7500   638.32     1572.8     7720    446.63      554.2     4900      235.08     7377        0        0
      19    27656.5  33468.6    1082.96      10258        6850   638.15     1568.1     9280    446.67      555.0     4810      234.80     7283        0        0
      20    27650.4  33474.7    1083.09      10269        7280   638.02     1564.7     9280    446.66      554.9     3990      235.17     7408      103        0
      21    27648.4  33476.6    1083.19      10277        8060   638.15     1568.1     5280    446.89      559.0     3400      233.45     6839        0      265
      22    27645.5  33479.6    1083.24      10281        9050   638.50     1577.6     4480    446.78      557.0     1990      231.67     6277        0      254
      23    27633.3  33491.7    1083.30      10286        9210   638.63     1580.9     6780    446.60      553.8     3290      231.36     6182       52       80
      24    27619.5  33505.6    1083.35      10290       10800   638.57     1579.4     9480    446.63      554.3     3100      234.28     7110      382        0
      25    27608.6  33516.5    1083.42      10296        8540   638.59     1580.0     9680    446.63      554.3     5300      234.47     7173       72        0
      26    27595.3  33529.7    1083.52      10305        8190   638.44     1575.9     9670    446.64      554.6     4800      234.22     7091        0        0
      27    27587.4  33537.7    1083.56      10308        9710   638.48     1577.0     8790    446.56      553.0     5490      233.97     7007        0        0
      28    27568.4  33556.7    1083.57      10309       10000   638.54     1578.6     7980    446.54      552.7     4190      233.74     6933        0        0
      29    27561.3  33563.8    1083.62      10313        9060   638.74     1583.9     7580    446.54      552.6     4000      232.82     6636        0      118
      30    27543.5  33581.6    1083.64      10315        9270   638.76     1584.3     7980    446.33      548.8     4400      232.60     6567        0        0
      31    27534.3  33590.8    1083.72      10322        9140   638.82     1585.9     8960    446.46      551.2     3090      232.40     6504        0        0

TOTAL                                                   250660                       256520                        144400                          1624      874
AVE.                                                      8090                         8270                          4660                            52       28
AC FT                                                   497000                       509000                        286000                          3221     1734

      * BOTTOM OF EXCLUSIVE FLOOD CONTROL SPACE
     ** INCLUDES FONTENELLE AND CRYSTAL RESERVOIRS

                                                                      BUREAU OF RECLAMATION
                                                                      LOWER COLORADO REGION
                                                                      BOULDER CITY, NEVADA

                                             COLORADO RIVER STORAGE PROJECT DATA (operational) FOR DECEMBER 2020

                   LAKE POWELL          |        FLAMING GORGE        |          NAVAJO            |      BLUE MESA             |     MORROW POINT
             MAX. STORAGE 24322000 AF   |  MAX. STORAGE 3749000 AF    | MAX. STORAGE 1696000 AF    | MAX. STORAGE 829500 AF     | MAX. STORAGE 117025 AF  
    COMPUTED MAX. ELEV. 3700.0 FEET     |  MAX. ELEV. 6040.0 FEET     | MAX. ELEV. 6085.0 FEET     | MAX. ELEV. 7519.4 FEET     | MAX. ELEV. 7160.0 FEET
     INFLOW  ELEVATION CONTENT  RELEASE |  ELEVATION CONTENT  RELEASE | ELEVATION CONTENT  RELEASE | ELEVATION CONTENT  RELEASE | ELEVATION CONTENT  RELEASE
DATE FT3/S   (FEET)  (1000 AF)   FT3/S  |  (FEET)  (1000 AF)   FT3/   |(FEET)  (1000 AF)   FT3/S   | (FEET)  (1000 AF)   FT3/S  |(FEET)  (1000 AF)   FT3/S
------------------------------------------------------------------------------------------------------------------------------------------------------------
   1   4600   3587.56   10601    12000      6025.31   3170     1020      6038.23   1090      370     7464.51    395.4     470     7147.43    107.1     450
   2   4200   3587.39   10586    12100      6025.29   3170     1010      6038.20   1090      370     7464.47    395.1     410     7147.60    107.2     430
   3   2200   3587.18   10567    12100      6025.27   3170     1020      6038.14   1090      370     7464.48    395.2     320     7147.37    107.0     430
   4   4700   3587.02   10553    12100      6025.25   3170     1020      6038.09   1090      370     7464.47    395.1     300     7147.19    106.9     400
   5   3100   3586.84   10537    11500      6025.23   3170     1020      6038.04   1090      370     7464.48    395.2     280     7147.03    106.8     350
   6   3900   3586.70   10524    10300      6025.21   3170     1020      6038.01   1090      360     7464.49    395.3     330     7146.94    106.7     370
   7   3700   3586.52   10508    12000      6025.19   3170     1020      6037.96   1090      370     7464.48    395.2     410     7147.00    106.8     400
   8   3700   3586.34   10492    12000      6025.17   3170     1020      6037.91   1090      360     7464.49    395.3     330     7147.02    106.8     340
   9   3800   3586.16   10476    12100      6025.17   3170     1010      6037.87   1090      360     7464.51    395.4     230     7146.52    106.4     440
  10   3800   3585.98   10461    12100      6025.15   3170     1010      6037.81   1090      360     7464.52    395.5     240     7146.31    106.2     340
  11   2800   3585.78   10443    12100      6025.13   3170     1020      6037.79   1090      360     7464.56    395.7     380     7146.30    106.2     400
  12   2400   3585.58   10425    11600      6025.13   3170     1020      6037.73   1090      360     7464.56    395.7     330     7146.30    106.2     370
  13   4400   3585.45   10414    10300      6025.11   3160     1020      6037.70   1090      360     7464.59    395.9     310     7146.18    106.1     370
  14   2000   3585.23   10394    12200      6025.09   3160     1020      6037.64   1090      360     7464.52    395.5     350     7146.12    106.1     390
  15   2400   3585.02   10376    12100      6025.09   3160     1020      6037.61   1090      360     7464.50    395.3     350     7146.41    106.3     430
  16   3500   3584.83   10359    12200      6025.07   3160     1020      6037.55   1090      330     7464.51    395.4     360     7147.07    106.8     430
  17   3200   3584.64   10342    12000      6025.05   3160     1020      6037.51   1090      300     7464.54    395.6     340     7147.81    107.4     350
  18   3800   3584.46   10326    12000      6025.03   3160     1020      6037.47   1090      350     7464.57    395.8     340     7148.32    107.8     370
  19   3500   3584.29   10312    11300      6025.02   3160     1020      6037.44   1090      350     7464.60    396.0     330     7148.42    107.9     380
  20   4000   3584.15   10299    10300      6025.01   3160     1020      6037.40   1080      340     7464.63    396.2     360     7148.48    107.9     370
  21   3900   3583.97   10283    12100      6024.99   3160     1020      6037.35   1080      340     7464.61    396.0     360     7148.45    107.9     380
  22   5400   3583.81   10269    12600      6025.00   3160     1020      6037.29   1080      340     7464.65    396.3     330     7148.40    107.8     370
  23   4200   3583.64   10254    12200      6024.98   3160     1020      6037.24   1080      340     7464.63    396.2     350     7148.40    107.8     370
  24   3900   3583.46   10239    11900      6024.96   3160     1020      6037.20   1080      340     7464.68    396.5     260     7148.18    107.7     370
  25   2600   3583.29   10224    10300      6024.94   3160     1020      6037.14   1080      340     7464.67    396.4     320     7147.44    107.1     620
  26   2600   3583.10   10207    11200      6024.94   3160     1010      6037.09   1080      330     7464.68    396.5     340     7147.27    107.0     420
  27   5300   3582.99   10198    10200      6024.93   3160     1010      6037.05   1080      330     7464.70    396.6     360     7147.04    106.8     460
  28   1500   3582.76   10178    12000      6024.93   3160     1010      6037.00   1080      330     7464.75    396.9     360     7147.02    106.8     380
  29   4300   3582.59   10163    12000      6024.91   3160     1010      6036.97   1080      330     7464.77    397.1     320     7147.84    107.4      80
  30   4800   3582.43   10149    12000      6024.89   3160      990      6036.93   1080      330     7464.76    397.0     370     7148.09    107.6     310
  31   2100   3582.21   10130    12100      6024.91   3160     1010      6036.88   1080      320     7464.73    396.8     390     7148.38    107.8     300

TOT  110300                     363000                        31510                        10800                        10530                        11870
AVE    3558                      11710                         1020                          350                          340                          380
A F  218800                     720000                        62000                        21400                        20900                        23500






                                          BUREAU OF RECLAMATION
                                          LOWER COLORADO REGION
                                          BOULDER CITY, NEVADA

                                     GLEN CANYON TO HOOVER DAM LOSSES

                                                DECEMBER 2020

                      |           | LAKE    |         |   LAKE|    LAKE   |  CHANGE |
               GLEN   |    HOOVER | MEAD    |  STORAGE|   MEAD|    MEAD   |   BANK  |       |          |
              RELEASE |    RELEASE| STORAGE |  CHANGE |PUMPING|EVAPORATION| STORAGE |  LOSS |  ACCUMUL.|  INFLOW
   DATE |      CFS    |     CFS   | 1000 AF |  1000 AF|    CFS|     CFS   |    CFS  |   CFS |     A.F. |   CFS
--------------------------------------------------------------------------------------------------------------------
      1        12000        6940     10110        10       447       595       328     -3614     -7168     13400
      2        12100        7740     10108        -2       426       596       -66      3313      -597      7690
      3        12100        8130     10116         8       403       596       262     -1424     -3422     13400
      4        12100        7360     10126        10       407       596       328     -1597     -6591     13700
      5        11500        5450     10139        13       404       596       426     -1372     -9311     13400
      6        10300        6320     10152        13       349       597       426     -2136    -13548     14200
      7        12000        8040     10161         9       418       597       295     -2400    -18308     13900
      8        12000        8320     10166         5       410       597       164     -1738    -21756     12000
      9        12100        8540     10172         6       463       597       197      -796    -23334     12800
     10        12100        8050     10178         6       426       597       197      -290    -23910     12300
     11        12100        7940     10187         9       449       598       295     -1703    -27289     13800
     12        11600        6860     10199        12       384       598       393     -2211    -31674     14300
     13        10300        8230     10202         3       388       598        98      1267    -29161     10800
     14        12200        7230     10217        15       319       598       492     -4585    -38255     16200
     15        12100        7300     10223         6       360       599       197     -1207    -40649     11500
     16        12200        7490     10228         5       401       599       164       985    -38696     11200
     17        12000        8060     10237         9       401       599       295     -1758    -42182     13900
     18        12000        7500     10245         8       392       599       262      -591    -43353     12800
     19        11300        6850     10258        13       387       599       426     -2848    -49001     14800
     20        10300        7280     10269        11       339       600       360     -2120    -53205     14100
     21        12100        8060     10277         8       400       600       262     -2054    -57279     13400
     22        12600        9050     10281         4       387       600       131     -1861    -60971     12200
     23        12200        9210     10286         5       427       600       164      -840    -62636     12900
     24        11900       10800     10290         4       429       600       131     -1354    -65322     14000
     25        10300        8540     10296         6       445       601       197      -607    -66526     12800
     26        11200        8190     10305         9       408       601       295     -2138    -70767     14000
     27        10200        9710     10308         3       405       601        98     -2019    -74772     12300
     28        12000       10000     10309         1       417       601        33      -332    -75431     11600
     29        12000        9060     10313         4       453       601       131     -2092    -79580     12300
     30        12000        9270     10315         2       433       601        66       658    -78274     11400
     31        12100        9140     10322         7       423       601       229     -1908    -82059     13900

    TOTAL     363000      250580                         12600     185\58                        -82059    401000


</pre>



