<pre>                                                                   BUREAU OF RECLAMATION
                                                                    LOWER COLORADO REGION
                                                                    BOULDER CITY, NEVADA

                                                               ACCUMULATIONS FOR DECEMBER 2019

    |GLEN CANYON    |                         HOOVER DAM         |             DAVIS DAM           |      MWD       |            PARKER DAM              |
    |               |  LAKE                                      |LAKE                             |                | LAKE                               |   C.A.P.
    |         ACCUM.|  MEAD    HOOVER RELEASE        GROSS  RATE |MOHAVE      DAVIS RELEASE   GROSS|DIVER. AT INTAKE| HAVASU     PARKER RELEASE     GROSS| DIVER. ACCUM.
DAY |   CFS    A.F. |  ELEV.   CFS    A.F.   ACCUM.   GEN  KWH/AF|ELEV   CFS   A.F.   ACCUM.  GEN  | A.F. ACCUM.    | ELEV    CFS    A.F.   ACCUM.  GEN. | A.F.   A.F.
----------------------------------------------------------------------------------------------------------------------------------------------------------------------
  1   10700   21223   1083.89   7701  15275   15275   5940  389  642.37   4510   8945    8945  1073   517    517    449.20   3200   6351     6351    391   1238   1238
  2   12600   46215   1084.04   6440  12773   28048   4773  374  642.44   4350   8634   17579  1027   517   1034    449.27   2900   5750    12101    340   1260   2498
  3   12700   71405   1084.14   5389  10689   38737   3935  368  642.46   4200   8331   25910   979   517   1551    449.46   1790   3556    15657    169   1269   3767
  4   12300   95802   1084.36   4816   9553   48290   3568  373  642.59   2930   5815   31725   581  1284   2835    449.55   1780   3532    19189    169   1254   5021
  5   12800  121190   1084.55   5216  10346   58636   3876  375  642.84   2310   4587   36312   376  1544   4379    449.45   1800   3577    22766    172   3586   8607
  6   12600  146182   1084.82   4724   9369   68005   3477  371  642.95   2300   4569   40881   374  1538   5917    449.25   2000   3966    26732    204   3684  12291
  7   12300  170578   1084.99   3650   7239   75244   2601  359  643.02   2330   4614   45495   381  1534   7451    449.10   2500   4961    31693    289   1383  13674
  8   10800  192000   1085.23   4831   9583   84827   3708  387  643.31   2310   4582   50077   377  1530   8981    449.02   2390   4750    36443    269   1275  14949
  9   12600  216992   1085.46   3487   6916   91743   2508  363  643.19   4350   8627   58704  1031  1525  10506    448.93   3110   6162    42605    371   1271  16220
 10   12600  241983   1085.69   4191   8313  100056   3155  380  643.06   5260  10430   69134  1257  1522  12028    448.98   2000   3975    46580    198   1279  17499
 11   12600  266975   1085.83   3978   7890  107946   3111  394  643.12   3180   6310   75444   798  1520  13548    449.11   1630   3233    49813    164   2449  19948
 12   12600  291967   1086.07   3339   6622  114568   2421  366  642.95   4380   8690   84134  1037   770  14318    449.15   1800   3579    53392    167   2502  22450
 13   12600  316959   1086.31   3312   6569  121138   2465  375  642.90   4390   8714   92848  1038   517  14835    449.20   2210   4385    57777    235   2500  24950
 14   11900  340562   1086.55   2790   5535  126672   2033  367  642.79   4420   8759  101607  1039   524  15359    449.28   2510   4969    62746    287   2503  27453
 15   10800  361983   1086.84   3002   5955  132628   2191  368  642.68   4380   8685  110292  1029   534  15893    449.13   4110   8146    70892    507   2502  29955
 16   12500  386777   1087.06   3208   6363  138991   2329  366  642.66   4390   8708  119000  1038   540  16433    448.95   4990   9904    80796    635   2500  32455
 17   13000  412562   1087.29   3231   6408  145399   2349  367  642.54   4390   8700  127700  1038  1322  17755    448.67   5000   9914    90710    658   2499  34954
 18   12900  438149   1087.48   3139   6226  151625   2263  363  642.42   4360   8648  136348  1031  1952  19707    448.50   3900   7739    98449    498   2497  37451
 19   12900  463736   1087.73   2554   5065  156690   1812  358  642.27   4220   8362  144710   983  2072  21779    448.50   2620   5189   103638    302   2496  39947
 20   12700  488926   1087.98   2892   5736  162425   2113  368  642.16   4200   8339  153049   980  2065  23844    448.38   2900   5745   109383    331   2604  42551
 21   12400  513521   1088.23   2118   4202  166627   1505  358  642.01   4180   8300  161349   971  2059  25903    448.30   2900   5754   115137    329   2646  45197
 22   11100  535537   1088.46   3266   6479  173106   2454  379  641.87   4180   8297  169646   970  2053  27956    448.23   2490   4948   120085    283   2646  47843
 23   12600  560529   1088.71   2422   4804  177910   1714  357  641.79   4800   9524  179170  1128  2049  30005    448.17   2800   5557   125642    314   2675  50518
 24   12300  584926   1088.94   2878   5709  183620   2018  353  641.62   4180   8292  187462   962  2044  32049    448.20   2200   4361   130003    229   2641  53159
 25   10300  605355   1089.17   3495   6933  190552   2628  379  641.55   4790   9497  196959  1117  2042  34091    448.20   1800   3561   133564    162   2650  55809
 26   12500  630149   1089.35   3158   6264  196816   2351  375  641.53   4200   8327  205286   971  2039  36130    448.34   1800   3567   137131    163   2672  58481
 27   12600  655140   1089.61   2145   4254  201071   1455  342  641.32   4180   8299  213585   968  2038  38168    448.32   1800   3578   140709    164   2637  61118
 28   12200  679339   1089.81   2010   3987  205058   1420  356  641.15   4190   8316  221901   967  2033  40201    448.34   1800   3565   144274    163   2657  63775
 29   10700  700562   1090.02   2841   5635  210693   2121  376  641.09   4190   8312  230213   966  2032  42233    448.34   1790   3558   147832    162   2645  66420
 30   12500  725355   1090.28   2210   4383  215076   1594  364  641.00   4200   8323  238536   968  2029  44262    448.29   2810   5565   153397    316   2645  69065
 31   12500  750149   1090.49   2413   4786  219861   1730  361  640.77   4200   8332  246868   968  2027  46289    448.16   2850   5651   159048    323   2620  71685

TOTAL                                                81618                                    28424                                                 8964









                                                                    BUREAU OF RECLAMATION
                                                                    LOWER COLORADO REGION
                                                                    BOULDER CITY, NEVADA

                                                     AVAILABLE RESERVOIR ELEVATIONS AND CONTENTS FOR DECEMBER 2019

                                        LAKE MEAD                      LAKE MOHAVE                      LAKE HAVASU                        SENATOR WASH
  AVAILABLE CAPACITY IN A.F.            *26120000                        1809800                           619400                              9144
  ELEVATION IN FEET                        1219.6                          647.0                            450.0                             240.0

           TOTAL     TOTAL    |             HOOVER            |            DAVIS            |             PARKER            |             SENATOR WASH
          SYSTEM    AVAILABLE |ELEVATION    CONTENT   RELEASE |ELEVATION   CONTENT  RELEASE |ELEVATION    CONTENT   RELEASE | ELEVATION   CONTENT  PUMPED   RELEASE
     DAY  STORAGE**   SPACE   |  FEET       1000A.F.    ft3/s |  FEET      1000A.F.  ft3/s  |   FEET      1000A.F.  ft3/s   |  FEET        A.F.     ft3/s    ft3/s
-----------------------------------------------------------------------------------------------------------------------------------------------------------------------------
       1    31205.6  29919.5    1083.89      10336        7700   642.37     1681.5     4510    449.20      603.5     3200      235.80     7623        0        0
       2    31203.9  29921.1    1084.04      10349        6440   642.44     1683.5     4350    449.27      604.7     2900      235.51     7524        0        0
       3    31206.3  29918.7    1084.14      10357        5390   642.46     1683.8     4200    449.46      608.7     1790      235.24     7432        0        0
       4    31213.8  29911.2    1084.36      10376        4820   642.59     1687.4     2930    449.55      610.4     1780      234.97     7340        0        0
       5    31225.1  29900.0    1084.55      10392        5220   642.84     1694.2     2310    449.45      608.4     1800      234.71     7253        0        0
       6    31236.1  29889.0    1084.82      10414        4720   642.95     1697.4     2300    449.25      604.4     2000      234.45     7167        0        0
       7    31232.7  29892.4    1084.99      10429        3650   643.02     1699.1     2330    449.10      601.4     2500      234.21     7087        0        0
       8    31247.7  29877.3    1085.23      10449        4830   643.31     1707.1     2310    449.02      599.8     2390      234.88     7310      156        0
       9    31250.2  29874.8    1085.46      10469        3490   643.19     1703.8     4350    448.93      598.0     3110      234.61     7220        0        0
      10    31255.1  29869.9    1085.69      10488        4190   643.06     1700.4     5260    448.98      599.0     2000      234.34     7130        0        0
      11    31253.8  29871.3    1085.83      10500        3980   643.12     1702.1     3180    449.11      601.6     1630      234.09     7047        0        0
      12    31253.8  29871.2    1086.07      10520        3340   642.95     1697.4     4380    449.15      602.5     1800      233.84     6965        0        0
      13    31260.9  29864.1    1086.31      10541        3310   642.90     1696.0     4390    449.20      603.4     2210      233.59     6884        0        0
      14    31272.7  29852.3    1086.55      10561        2790   642.79     1693.1     4420    449.28      605.0     2510      233.36     6810        0        0
      15    31278.7  29846.3    1086.84      10586        3000   642.68     1689.9     4380    449.13      602.1     4110      233.26     6777       24        0
      16    31282.0  29843.0    1087.06      10605        3210   642.66     1689.5     4390    448.95      598.5     4990      233.03     6703        0        0
      17    31274.4  29850.6    1087.29      10624        3230   642.54     1686.1     4390    448.67      593.0     5000      232.76     6617        0        0
      18    31270.2  29854.8    1087.48      10641        3140   642.42     1682.8     4360    448.50      589.6     3900      230.35     5879        0      362
      19    31269.4  29855.7    1087.73      10662        2550   642.27     1678.7     4220    448.50      589.7     2620      227.13     4969        0      452
      20    31268.8  29856.3    1087.98      10683        2890   642.16     1675.9     4200    448.38      587.4     2900      230.82     6019      543        0
      21    31271.2  29853.9    1088.23      10705        2120   642.01     1671.7     4180    448.30      585.8     2900      233.15     6742      401        0
      22    31270.7  29854.4    1088.46      10724        3270   641.87     1668.0     4180    448.23      584.4     2490      233.10     6725       24        1
      23    31272.3  29852.8    1088.71      10746        2420   641.79     1665.6     4800    448.17      583.2     2800      230.67     5974        0      365
      24    31275.6  29849.5    1088.94      10766        2880   641.62     1661.2     4180    448.20      583.9     2200      233.46     6842      481        0
      25    31284.8  29840.2    1089.17      10785        3500   641.55     1659.1     4790    448.20      584.0     1800      233.83     6962       93        0
      26    31292.3  29832.8    1089.35      10801        3160   641.53     1658.7     4200    448.34      586.5     1800      233.59     6884        0        0
      27    31288.6  29836.4    1089.61      10823        2140   641.32     1652.9     4180    448.32      586.2     1800      233.34     6803        0        0
      28    31289.5  29835.6    1089.81      10841        2010   641.15     1648.6     4190    448.34      586.7     1800      235.26     7438      374        0
      29    31297.4  29827.7    1090.02      10859        2840   641.09     1646.9     4190    448.34      586.6     1790      237.95     8382      553        0
      30    31303.6  29821.4    1090.28      10881        2210   641.00     1644.3     4200    448.29      585.5     2810      235.72     7596       22      374
      31    31295.8  29829.3    1090.49      10899        2410   640.77     1638.1     4200    448.16      583.1     2850      235.40     7486        0        0

TOTAL                                                   110850                       124450                         80180                          2671     1554
AVE.                                                      3580                         4010                          2590                            86       50
AC FT                                                   220000                       247000                        159000                          5298     3082

      * BOTTOM OF EXCLUSIVE FLOOD CONTROL SPACE
     ** INCLUDES FONTENELLE AND CRYSTAL RESERVOIRS

                                                                      BUREAU OF RECLAMATION
                                                                      LOWER COLORADO REGION
                                                                      BOULDER CITY, NEVADA

                                             COLORADO RIVER STORAGE PROJECT DATA (operational) FOR DECEMBER 2019

                   LAKE POWELL          |        FLAMING GORGE        |          NAVAJO            |      BLUE MESA             |     MORROW POINT
             MAX. STORAGE 24322000 AF   |  MAX. STORAGE 3749000 AF    | MAX. STORAGE 1696000 AF    | MAX. STORAGE 829500 AF     | MAX. STORAGE 117025 AF  
    COMPUTED MAX. ELEV. 3700.0 FEET     |  MAX. ELEV. 6040.0 FEET     | MAX. ELEV. 6085.0 FEET     | MAX. ELEV. 7519.4 FEET     | MAX. ELEV. 7160.0 FEET
     INFLOW  ELEVATION CONTENT  RELEASE |  ELEVATION CONTENT  RELEASE | ELEVATION CONTENT  RELEASE | ELEVATION CONTENT  RELEASE | ELEVATION CONTENT  RELEASE
DATE FT3/S   (FEET)  (1000 AF)   FT3/S  |  (FEET)  (1000 AF)   FT3/   |(FEET)  (1000 AF)   FT3/S   | (FEET)  (1000 AF)   FT3/S  |(FEET)  (1000 AF)   FT3/S
------------------------------------------------------------------------------------------------------------------------------------------------------------
   1   9500   3611.20   12851    10700      6030.95   3390     2100      6059.98   1350      590     7497.52    641.1     890     7148.90    108.2    1000
   2   6400   3611.08   12839    12600      6030.90   3380     2060      6059.91   1350      590     7497.39    640.0     980     7148.44    107.9    1170
   3   9800   3611.02   12833    12700      6030.86   3380     2120      6059.85   1350      590     7497.30    639.3     890     7148.47    107.9     880
   4   6100   3610.90   12821    12300      6030.81   3380     2120      6059.80   1350      590     7497.12    637.9    1210     7148.91    108.2    1040
   5   9300   3610.83   12814    12800      6030.78   3380     2170      6059.79   1350      600     7497.03    637.1    1000     7148.84    108.2    1110
   6   8700   3610.75   12806    12600      6030.75   3380     2130      6059.75   1340      590     7496.92    636.2    1010     7149.25    108.5     870
   7   6700   3610.64   12795    12300      6030.68   3380     2160      6059.69   1340      590     7496.80    635.3     920     7149.39    108.6     870
   8   7400   3610.57   12788    10800      6030.60   3370     2160      6059.64   1340      600     7496.77    635.0     890     7149.42    108.6     880
   9   8700   3610.49   12780    12600      6030.57   3370     2130      6059.62   1340      590     7496.58    633.5    1270     7149.50    108.7    1280
  10   9200   3610.42   12773    12600      6030.53   3370     2180      6059.57   1340      590     7496.31    631.3    1570     7149.60    108.8    1570
  11   6900   3610.31   12762    12600      6030.47   3370     2170      6059.50   1340      580     7496.02    629.0    1570     7150.01    109.1    1410
  12   7000   3610.20   12750    12600      6030.43   3370     2170      6059.44   1340      580     7495.75    626.8    1460     7149.80    108.9    1540
  13   8600   3610.12   12742    12600      6030.39   3360     2160      6059.38   1340      580     7495.54    625.1    1450     7149.59    108.8    1540
  14  11200   3610.10   12740    11900      6030.34   3360     2170      6059.30   1340      580     7495.31    623.3    1560     7149.63    108.8    1550
  15   7400   3610.03   12733    10800      6030.29   3360     2200      6059.25   1340      580     7495.06    621.3    1530     7149.33    108.6    1660
  16   9700   3609.97   12727    12500      6030.23   3360     2150      6059.22   1340      570     7494.80    619.2    1570     7149.44    108.6    1690
  17   7400   3609.86   12716    13000      6030.17   3360     2150      6059.13   1340      570     7494.50    616.8    1510     7149.35    108.6    1550
  18   9500   3609.79   12709    12900      6030.11   3350     2140      6059.07   1340      580     7494.24    614.7    1340     7148.91    108.2    1520
  19   7300   3609.68   12698    12900      6030.04   3350     2160      6058.98   1330      590     7493.95    612.4    1590     7149.01    108.3    1560
  20   7700   3609.58   12688    12700      6029.98   3350     2150      6058.90   1330      570     7493.63    609.9    1580     7148.92    108.2    1640
  21   9000   3609.51   12681    12400      6029.92   3350     2150      6058.84   1330      570     7493.35    607.7    1610     7149.10    108.4    1520
  22   6600   3609.42   12672    11100      6029.87   3340     2150      6058.78   1330      570     7493.07    605.4    1520     7149.07    108.4    1400
  23   7000   3609.31   12661    12600      6029.83   3340     2150      6058.71   1330      560     7492.81    603.4    1560     7148.73    108.1    1630
  24   9000   3609.24   12654    12300      6029.79   3340     2150      6058.64   1330      560     7492.54    601.2    1590     7148.57    108.0    1530
  25   8600   3609.20   12650    10300      6029.74   3340     2150      6058.61   1330      560     7492.30    599.4    1630     7149.15    108.4    1480
  26  10200   3609.15   12645    12500      6029.69   3340     2160      6058.57   1330      560     7492.06    597.5    1480     7149.29    108.5    1470
  27   5400   3609.01   12631    12600      6029.65   3340     2170      6058.49   1330      560     7491.79    595.3    1510     7148.93    108.2    1520
  28   8800   3608.94   12624    12200      6029.60   3330     2200      6058.45   1330      560     7491.57    593.6    1330     7149.00    108.3    1350
  29   9500   3608.91   12621    10700      6029.55   3330     2200      6058.39   1330      560     7491.33    591.7    1560     7149.18    108.4    1570
  30   9100   3608.84   12614    12500      6029.51   3330     2170      6058.33   1330      560     7491.05    589.5    1490     7149.13    108.4    1570
  31   7500   3608.74   12604    12500      6029.43   3330     2170      6058.25   1330      560     7490.79    587.5    1450     7149.10    108.4    1390

TOT  255200                     378200                        66770                        17880                        42520                        42760
AVE    8232                      12200                         2150                          580                         1370                         1380
A F  506200                     750000                       132000                        35500                        84300                        84800






                                          BUREAU OF RECLAMATION
                                          LOWER COLORADO REGION
                                          BOULDER CITY, NEVADA

                                     GLEN CANYON TO HOOVER DAM LOSSES

                                                DECEMBER 2019

                      |           | LAKE    |         |   LAKE|    LAKE   |  CHANGE |
               GLEN   |    HOOVER | MEAD    |  STORAGE|   MEAD|    MEAD   |   BANK  |       |          |
              RELEASE |    RELEASE| STORAGE |  CHANGE |PUMPING|EVAPORATION| STORAGE |  LOSS |  ACCUMUL.|  INFLOW
   DATE |      CFS    |     CFS   | 1000 AF |  1000 AF|    CFS|     CFS   |    CFS  |   CFS |     A.F. |   CFS
--------------------------------------------------------------------------------------------------------------------
      1        10700        7700     10336         3       434       602        98       738      1464     10300
      2        12600        6440     10349        13       459       602       426     -4489     -7439     14500
      3        12700        5390     10357         8       441       602       262       -49     -7536     10700
      4        12300        4820     10376        19       441       603       623     -3497    -14472     16100
      5        12800        5220     10392        16       458       603       524     -2221    -18876     14900
      6        12600        4720     10414        22       427       604       721     -5282    -29354     17600
      7        12300        3650     10429        15       395       604       492        52    -29251     12700
      8        10800        4830     10449        20       404       604       655     -3936    -37059     16600
      9        12600        3490     10469        20       448       605       655     -3008    -43026     15300
     10        12600        4190     10488        19       410       606       623     -4570    -52089     15400
     11        12600        3980     10500        12       415       606       393      1196    -49718     11400
     12        12600        3340     10520        20       458       606       655     -2530    -54736     15100
     13        12600        3310     10541        21       455       607       688     -3093    -60871     15600
     14        11900        2790     10561        20       467       607       655     -1987    -64813     14600
     15        10800        3000     10586        25       466       608       819     -4918    -74567     17500
     16        12500        3210     10605        19       516       609       623     -2658    -79839     14500
     17        13000        3230     10624        19       394       609       623     -3668    -87115     14400
     18        12900        3140     10641        17       421       610       557      -776    -88655     13300
     19        12900        2550     10662        21       440       610       688     -1858    -92340     14900
     20        12700        2890     10683        21       446       611       688     -2281    -96865     15200
     21        12400        2120     10705        22       420       611       721     -2086   -101002     15000
     22        11100        3270     10724        19       420       612       623     -1796   -104564     14500
     23        12600        2420     10746        22       441       612       721     -2847   -110210     15300
     24        12300        2880     10766        20       417       613       655     -3583   -117318     14600
     25        10300        3500     10785        19       407       613       623     -2134   -121551     14700
     26        12500        3160     10801        16       419       614       524      -439   -122422     12800
     27        12600        2140     10823        22       403       614       721     -4646   -131636     15000
     28        12200        2010     10841        18       380       615       590      -131   -131897     12700
     29        10700        2840     10859        18       393       615       590      -873   -133628     13500
     30        12500        2210     10881        22       404       616       721     -2853   -139287     15000
     31        12500        2410     10899        18       465       616       590     -2488   -144223     13200

    TOTAL     378200      110850                         13364     18869                       -144223    447000




</pre>