<pre>
                                                                    BUREAU OF RECLAMATION
                                                                    LOWER COLORADO REGION
                                                                    BOULDER CITY, NEVADA

                                                               ACCUMULATIONS FOR DECEMBER 2001

    |GLEN CANYON    |                         HOOVER DAM         |             DAVIS DAM           |      MWD       |            PARKER DAM              |
    |               |  LAKE                                      |LAKE                             |                | LAKE                               |   C.A.P.
    |         ACCUM.|  MEAD    HOOVER RELEASE        GROSS  RATE |MOHAVE      DAVIS RELEASE   GROSS|DIVER. AT INTAKE| HAVASU     PARKER RELEASE     GROSS| DIVER. ACCUM.
DAY |   CFS    A.F. |  ELEV.   CFS    A.F.   ACCUM.   GEN  KWH/AF|ELEV   CFS   A.F.   ACCUM.  GEN  | A.F. ACCUM.    | ELEV    CFS    A.F.   ACCUM.  GEN. | A.F.   A.F.
----------------------------------------------------------------------------------------------------------------------------------------------------------------------
  1   14000   27769   1177.23  10020  19874   19874   8963  451  636.68   9990  19816   19816  2346  3437   3437    446.15   6470  12840    12840    838   5742   5742
  2   10300   48198   1177.23  10260  20350   40223   9114  448  636.73   9940  19720   39536  2343  3487   6924    446.11   5990  11880    24720    762   5724  11466
  3   14000   75967   1177.23   9132  18114   58337   8165  451  636.74   9870  19570   59106  2353  3350  10274    446.02   6470  12836    37556    823   5722  17189
  4   14100  103934   1177.29  11264  22342   80679  10099  452  636.61  11730  23258   82364  2816  3445  13720    445.95   6390  12684    50240    818   5379  22568
  5   14000  131702   1177.28  11266  22346  103024   9973  446  636.61  11710  23236  105600  2813  3467  17187    446.04   6020  11937    62177    747   5276  27844
  6   13800  159074   1177.26  14944  29642  132666  13817  466  636.86  11130  22080  127680  2656  3386  20573    446.28   5490  10890    73067    691   5724  33568
  7   13800  186446   1177.23  16107  31948  164614  14956  468  637.28  11100  22020  149700  2680  3414  23986    446.36   5980  11864    84931    763   5024  38592
  8   12900  212033   1177.26   9909  19654  184267   8918  454  637.15  10120  20079  169779  2379  3406  27392    446.33   6000  11908    96839    763   5726  44319
  9    9900  231669   1177.37   8805  17464  201731   7666  439  637.11   8940  17731  187510  2350  3398  30789    446.20   6470  12838   109677    843   5724  50043
 10   13700  258843   1177.39  10408  20644  222375   9370  454  637.06  10120  20074  207584  2418  3378  34167    446.08   6470  12834   122511    839   5621  55664
 11   13700  286017   1177.35  14129  28024  250398  13120  468  637.20  11860  23534  231118  2862  2940  37107    446.09   6460  12806   135317    816   5439  61103
 12   13700  313190   1177.32  12572  24936  275334  11414  458  637.31  10920  21656  252774  2639  2479  39586    446.29   5980  11870   147187    756   5266  66369
 13   13500  339967   1177.31  13842  27456  302790  12727  464  637.51  10940  21704  274478  2616  2525  42111    446.53   4980   9868   157055    618   4917  71286
 14   13600  366942   1177.27  13779  27330  330119  12686  464  637.78   9470  18782  293260  2248  2553  44664    446.63   5490  10880   167935    695   5595  76881
 15   13200  393124   1177.29  11510  22830  352949  10397  455  637.98   8970  17797  311057  2243  3007  47671    446.46   6980  13854   181789    900   5478  82360
 16   10200  413355   1177.36  11501  22812  375760  10536  462  638.11   9420  18684  329741  2240  3445  51116    446.30   5960  11820   193609    756   5724  88084
 17   13700  440529   1177.30  13381  26542  402302  12462  470  638.33  10020  19868  349609  2386  3457  54573    446.24   5960  11812   205421    752   5238  93322
 18   13600  467504   1177.32  13318  26416  428718  12145  460  638.48  11010  21838  371447  2642  3451  58024    446.21   6490  12873   218294    824   5280  98602
 19   13300  493884   1177.26  12916  25619  454336  11697  457  638.41  10970  21759  393206  2642  3487  61511    446.23   6090  12079   230373    778   5340 103942
 20   13800  521256   1177.22  14638  29034  483370  13536  466  638.65  10570  20958  414164  2537  3376  64887    446.37   5000   9916   240289    622   5290 109232
 21   13800  548628   1177.29  13147  26078  509448  12038  462  638.96   8880  17621  431785  2118  3423  68311    446.40   5440  10784   251073    703   5720 114952
 22   13400  575207   1177.32  11230  22274  531721  10051  451  639.07   8980  17816  449601  2153  3416  71726    446.48   3590   7130   258203    435   5528 120480
 23   10200  595438   1177.34  12235  24268  555989  11029  454  639.39   8980  17808  467409  2151  2936  74662    446.63   4000   7938   266141    478   5722 126202
 24   13800  622810   1177.37  10884  21588  577577   9746  451  639.47   8900  17653  485062  2139  2936  77597    446.57   4970   9860   276001    637   5460 131663
 25   10600  643835   1177.37  11219  22252  599828  10180  457  639.65   8910  17666  502728  2139  3400  80997    446.48   4990   9896   285897    621   5722 137385
 26   13600  670810   1177.38  12562  24916  624745  11292  453  639.86   8840  17530  520258  2142  3396  84393    446.53   4970   9852   295749    625   5161 142546
 27   13800  698182   1177.34  15183  30115  654860  13838  460  640.23   9130  18109  538367  2187  3394  87786    446.53   4000   7934   303683    472   5580 148126
 28   13800  725554   1177.27  15071  29894  684753  13949  467  640.66   9030  17908  556275  2181  3886  91672    446.79   3990   7908   311591    498   5720 153846
 29   13100  751537   1177.29  12557  24906  709659  11444  459  640.96   8760  17372  573647  2114  3634  95306    446.85   3480   6910   318501    391   5720 159566
 30   11000  773355   1177.34  12820  25428  735087  11630  457  641.17   8800  17448  591095  2135  3289  98594    446.80   4500   8920   327421    561   5720 165287
 31   13900  800926   1177.37  11577  22962  758048  10405  453  641.37   9370  18583  609678  2227  3856 102450    446.50   7030  13952   341373    915   5718 171005

TOTAL                                               347363                                    73895                                                21742









                                                                    BUREAU OF RECLAMATION
                                                                    LOWER COLORADO REGION
                                                                    BOULDER CITY, NEVADA

                                                     AVAILABLE RESERVOIR ELEVATIONS AND CONTENTS FOR DECEMBER 2001

                                        LAKE MEAD                      LAKE MOHAVE                      LAKE HAVASU                        SENATOR WASH
  AVAILABLE CAPACITY IN A.F.            *25877000                        1809800                           619400                              9144
  ELEVATION IN FEET                        1219.6                          647.0                            450.0                             240.0

           TOTAL     TOTAL    |             HOOVER            |            DAVIS            |             PARKER            |             SENATOR WASH
          SYSTEM    AVAILABLE |ELEVATION    CONTENT   RELEASE |ELEVATION   CONTENT  RELEASE |ELEVATION    CONTENT   RELEASE | ELEVATION   CONTENT  PUMPED   RELEASE
     DAY  STORAGE**   SPACE   |  FEET       1000A.F.    ft3/s |  FEET      1000A.F.  ft3/s  |   FEET      1000A.F.  ft3/s   |  FEET        A.F.     ft3/s    ft3/s
-----------------------------------------------------------------------------------------------------------------------------------------------------------------------------
       1    45446.0  15436.1    1177.23      19777       10000   636.68     1529.5     9990    446.15      545.5     6470      219.59     3181        0      276
       2    45430.1  15452.0    1177.23      19777       10300   636.73     1530.8     9940    446.11      544.7     5990      224.32     4248      548        0
       3    45399.6  15482.5    1177.23      19777        9130   636.74     1531.0     9870    446.02      543.1     6470      227.78     5146      459        0
       4    45373.5  15508.6    1177.29      19785       11300   636.61     1527.6    11700    445.95      541.8     6390      230.42     5900      409        0
       5    45346.4  15535.6    1177.28      19784       11300   636.61     1527.6    11700    446.04      543.4     6020      230.30     5864       22        0
       6    45335.8  15546.3    1177.26      19781       14900   636.86     1534.3    11100    446.28      547.8     5490      230.01     5778        0        0
       7    45333.6  15548.5    1177.23      19777       16100   637.28     1545.3    11100    446.36      549.4     5980      228.66     5391        0      166
       8    45319.1  15562.9    1177.26      19781        9910   637.15     1541.7    10100    446.33      548.7     6000      225.57     4561        0      403
       9    45322.6  15559.5    1177.37      19795        8800   637.11     1540.7     8940    446.20      546.4     6470      226.39     4773      127        0
      10    45293.6  15588.4    1177.39      19798       10400   637.06     1539.5    10100    446.08      544.1     6470      226.20     4724        0        0
      11    45275.6  15606.5    1177.35      19793       14100   637.20     1543.0    11900    446.09      544.3     6460      227.35     5030      171        0
      12    45256.7  15625.3    1177.32      19789       12600   637.31     1546.2    10900    446.29      548.1     5980      229.77     5708      359        0
      13    45243.2  15638.9    1177.31      19788       13800   637.51     1551.4    10900    446.53      552.5     4980      229.27     5564        0       42
      14    45229.4  15652.6    1177.27      19782       13800   637.78     1558.5     9470    446.63      554.3     5490      226.49     4799        0      367
      15    45213.7  15668.3    1177.29      19785       11500   637.98     1563.6     8970    446.46      551.1     6980      226.28     4745        0        0
      16    45208.6  15673.4    1177.36      19794       11500   638.11     1567.2     9420    446.30      548.2     5960      227.14     4972      138        0
      17    45180.2  15701.9    1177.30      19786       13400   638.33     1572.8    10000    446.24      547.0     5960      228.71     5405      214        0
      18    45166.1  15716.0    1177.32      19789       13300   638.48     1577.0    11000    446.21      546.5     6490      228.49     5343        5        0
      19    45140.9  15741.1    1177.26      19781       12900   638.41     1575.2    11000    446.23      547.0     6090      227.53     5078        0      105
      20    45123.1  15758.9    1177.22      19776       14600   638.65     1581.4    10600    446.37      549.5     5000      224.21     4221        0      417
      21    45115.2  15766.9    1177.29      19785       13100   638.96     1589.6     8880    446.40      550.1     5440      224.07     4187        0        0
      22    45107.8  15774.3    1177.32      19789       11200   639.07     1592.7     8980    446.48      551.5     3590      223.90     4145        0        0
      23    45109.6  15772.4    1177.34      19792       12200   639.39     1601.3     8980    446.63      554.3     4000      226.58     4824      354        0
      24    45092.1  15789.9    1177.37      19795       10900   639.47     1603.4     8900    446.57      553.2     4970      231.27     6155      686        0
      25    45083.8  15798.3    1177.37      19795       11200   639.65     1608.1     8910    446.48      551.6     4990      232.63     6576      296        0
      26    45069.2  15812.8    1177.38      19797       12600   639.86     1613.8     8840    446.53      552.4     4970      231.59     6253        0      107
      27    45056.2  15825.9    1177.34      19792       15200   640.23     1623.7     9130    446.53      552.5     4000      231.25     6149        0        0
      28    45044.4  15837.7    1177.27      19782       15100   640.66     1635.3     9030    446.79      557.2     3990      226.92     4913      159      428
      29    45038.8  15843.2    1177.29      19785       12600   640.96     1643.3     8760    446.85      558.3     3480      221.57     3605        0      650
      30    45034.7  15847.4    1177.34      19792       12800   641.17     1649.0     8800    446.80      557.4     4500      215.61     2426        0      605
      31    45024.3  15857.8    1177.37      19795       11600   641.37     1654.5     9370    446.50      551.9     7030      210.36     1625        0      420

TOTAL                                                   382140                       307280                        172100                          3947     3986
AVE.                                                     12330                         9910                          5550                           127      129
AC FT                                                   758000                       609000                        341000                          7829     7906

      * BOTTOM OF EXCLUSIVE FLOOD CONTROL SPACE
     ** INCLUDES FONTENELLE AND CRYSTAL RESERVOIRS

                                                                      BUREAU OF RECLAMATION
                                                                      LOWER COLORADO REGION
                                                                      BOULDER CITY, NEVADA

                                             COLORADO RIVER STORAGE PROJECT DATA (operational) FOR DECEMBER 2001

                   LAKE POWELL          |        FLAMING GORGE        |          NAVAJO            |      BLUE MESA             |     MORROW POINT
             MAX. STORAGE 24322000 AF   |  MAX. STORAGE 3749000 AF    | MAX. STORAGE 1696000 AF    | MAX. STORAGE 829500 AF     | MAX. STORAGE 117025 AF  
    COMPUTED MAX. ELEV. 3700.0 FEET     |  MAX. ELEV. 6040.0 FEET     | MAX. ELEV. 6085.0 FEET     | MAX. ELEV. 7519.4 FEET     | MAX. ELEV. 7160.0 FEET
     INFLOW  ELEVATION CONTENT  RELEASE |  ELEVATION CONTENT  RELEASE | ELEVATION CONTENT  RELEASE | ELEVATION CONTENT  RELEASE | ELEVATION CONTENT  RELEASE
DATE FT3/S   (FEET)  (1000 AF)   FT3/S  |  (FEET)  (1000 AF)   FT3/   |(FEET)  (1000 AF)   FT3/S   | (FEET)  (1000 AF)   FT3/S  |(FEET)  (1000 AF)   FT3/S
------------------------------------------------------------------------------------------------------------------------------------------------------------
   1   6200   3660.13   18510    14000      6017.77   2900      790      6060.49   1350      500     7485.83    549.3     600     7151.86    110.5     540
   2   6100   3660.02   18495    10300      6017.74   2900      790      6060.43   1350      500     7485.97    550.4       0     7150.42    109.4     600
   3   5800   3659.81   18468    14000      6017.72   2900      790      6060.37   1350      500     7485.97    550.4     530     7150.53    109.5     520
   4   5900   3659.60   18440    14100      6017.69   2900      790      6060.32   1350      500     7485.91    549.9     610     7150.66    109.6     600
   5   6200   3659.40   18414    14000      6017.66   2900      790      6060.28   1350      500     7485.92    550.0     630     7150.82    109.7     600
   6   6100   3659.27   18397    13800      6017.63   2900      790      6060.22   1350      500     7485.85    549.5     610     7151.30    110.1     460
   7   6100   3659.20   18388    13800      6017.60   2900      800      6060.17   1350      500     7485.85    549.5     590     7151.48    110.2     550
   8   6200   3659.11   18376    12900      6017.57   2890      800      6060.11   1350      500     7485.77    548.9     580     7151.78    110.5     500
   9   6000   3659.07   18371     9900      6017.55   2890      800      6060.05   1350      500     7485.81    549.2       0     7150.45    109.4     540
  10   5800   3658.87   18345    13700      6017.53   2890      790      6060.00   1350      500     7485.75    548.7     550     7150.51    109.5     550
  11   5800   3658.76   18331    13700      6017.50   2890      790      6059.94   1350      500     7485.69    548.3     610     7150.49    109.5     660
  12   5800   3658.61   18311    13700      6017.47   2890      790      6059.88   1350      500     7485.60    547.6     650     7150.59    109.5     650
  13   5700   3658.46   18292    13500      6017.44   2890      790      6059.83   1350      500     7485.54    547.1     500     7150.18    109.2     690
  14   5400   3658.34   18276    13600      6017.41   2890      790      6059.77   1340      500     7485.58    547.4     380     7149.72    108.9     600
  15   5200   3658.20   18258    13200      6017.39   2890      790      6059.71   1340      500     7485.65    548.0       0     7149.76    108.9      10
  16   4900   3658.10   18245    10200      6017.37   2890      800      6059.66   1340      500     7485.72    548.5       0     7149.83    108.9       0
  17   4800   3657.92   18222    13700      6017.35   2890      800      6059.60   1340      500     7485.67    548.1     580     7150.01    109.1     540
  18   4800   3657.78   18204    13600      6017.32   2890      800      6059.54   1340      500     7485.58    547.4     650     7150.35    109.3     550
  19   5100   3657.67   18189    13300      6017.30   2890      760      6059.49   1340      500     7485.52    547.1     590     7150.56    109.5     530
  20   5000   3657.52   18170    13800      6017.28   2880      790      6059.43   1340      500     7485.47    546.6     560     7150.75    109.7     520
  21   4900   3657.33   18145    13800      6017.26   2880      790      6059.39   1340      500     7485.43    546.3     630     7151.01    109.9     550
  22   5000   3657.22   18131    13400      6017.24   2880      790      6059.36   1340      500     7485.50    546.8       0     7149.88    109.0     470
  23   5100   3657.14   18121    10200      6017.22   2880      790      6059.30   1340      500     7485.46    546.5     540     7149.94    109.0     550
  24   4900   3656.98   18100    13800      6017.20   2880      790      6059.25   1340      500     7485.39    546.0     610     7150.23    109.3     530
  25   4800   3656.91   18091    10600      6017.18   2880      790      6059.18   1340      500     7485.35    545.7     400     7150.57    109.5     300
  26   4800   3656.75   18071    13600      6017.16   2880      790      6059.12   1340      500     7485.28    545.2     630     7150.78    109.7     580
  27   4600   3656.63   18055    13800      6017.13   2880      790      6059.07   1340      500     7485.21    544.6     630     7150.72    109.6     690
  28   4700   3656.50   18038    13800      6017.10   2880      790      6059.03   1340      500     7485.13    544.0     620     7150.62    109.6     700
  29   4700   3656.38   18023    13100      6017.08   2880      790      6058.98   1330      500     7485.22    544.7       0     7149.55    108.7     450
  30   4900   3656.27   18009    11000      6017.06   2880      790      6058.94   1330      500     7485.21    544.6     500     7149.98    109.1     370
  31   5000   3656.17   17996    13900      6017.04   2880      790      6058.91   1330      500     7485.16    544.3     640     7150.43    109.4     480

TOT  166300                     403800                        24520                        15500                        14420                        15880
AVE    5365                      13030                          790                          500                          470                          510
A F  329900                     801000                        49000                        30700                        28600                        31500






                                          BUREAU OF RECLAMATION
                                          LOWER COLORADO REGION
                                          BOULDER CITY, NEVADA

                                     GLEN CANYON TO HOOVER DAM LOSSES

                                                DECEMBER 2001

                      |           | LAKE    |         |   LAKE|    LAKE   |  CHANGE |
               GLEN   |    HOOVER | MEAD    |  STORAGE|   MEAD|    MEAD   |   BANK  |       |          |
              RELEASE |    RELEASE| STORAGE |  CHANGE |PUMPING|EVAPORATION| STORAGE |  LOSS |  ACCUMUL.|  INFLOW
   DATE |      CFS    |     CFS   | 1000 AF |  1000 AF|    CFS|     CFS   |    CFS  |   CFS |     A.F. |   CFS
--------------------------------------------------------------------------------------------------------------------
      1        14000       10000     19777         1              -96759        33                              
      2        10300       10300     19777         0              -96759         0                              
      3        14000        9130     19777         0              -96759         0                              
      4        14100       11300     19785         8              -96759       262                              
      5        14000       11300     19784        -1              -96759       -33                              
      6        13800       14900     19781        -3              -96759       -98                              
      7        13800       16100     19777        -4              -96759      -131                              
      8        12900        9910     19781         4              -96759       131                              
      9         9900        8800     19795        14              -96759       459                              
     10        13700       10400     19798         3              -96759        98                              
     11        13700       14100     19793        -5              -96759      -164                              
     12        13700       12600     19789        -4              -96759      -131                              
     13        13500       13800     19788        -1              -96759       -33                              
     14        13600       13800     19782        -6              -96759      -197                              
     15        13200       11500     19785         3              -96759        98                              
     16        10200       11500     19794         9              -96759       295                              
     17        13700       13400     19786        -8              -96759      -262                              
     18        13600       13300     19789         3              -96759        98                              
     19        13300       12900     19781        -8              -96759      -262                              
     20        13800       14600     19776        -5              -96759      -164                              
     21        13800       13100     19785         9              -96759       295                              
     22        13400       11200     19789         4              -96759       131                              
     23        10200       12200     19792         3              -96759        98                              
     24        13800       10900     19795         3              -96759        98                              
     25        10600       11200     19795         0              -96759         0                              
     26        13600       12600     19797         2              -96759        66                              
     27        13800       15200     19792        -5              -96759      -164                              
     28        13800       15100     19782       -10              -96759      -328                              
     29        13100       12600     19785         3              -96759        98                              
     30        11000       12800     19792         7              -96759       229                              
     31        13900       11600     19795         3              -96759        98                              

    TOTAL     403700      382180                             0  -2999529                       -191919         0







</pre>