\BOOKMARK [1][-]{section.1}{\376\377\000I\000n\000t\000r\000o\000d\000u\000c\000t\000i\000o\000n}{}% 1
\BOOKMARK [2][-]{subsection.1.1}{\376\377\000B\000a\000c\000k\000g\000r\000o\000u\000n\000d}{section.1}% 2
\BOOKMARK [2][-]{subsection.1.2}{\376\377\000P\000r\000o\000b\000l\000e\000m\000\040\000R\000e\000s\000t\000a\000t\000e\000m\000e\000n\000t}{section.1}% 3
\BOOKMARK [2][-]{subsection.1.3}{\376\377\000G\000e\000n\000e\000r\000a\000l\000\040\000A\000s\000s\000u\000m\000p\000t\000i\000o\000n\000s}{section.1}% 4
\BOOKMARK [1][-]{section.2}{\376\377\000O\000v\000e\000r\000a\000l\000l\000\040\000A\000n\000a\000l\000y\000s\000i\000s}{}% 5
\BOOKMARK [2][-]{subsection.2.1}{\376\377\000P\000r\000o\000b\000l\000e\000m\000\040\000O\000v\000e\000r\000v\000i\000e\000w}{section.2}% 6
\BOOKMARK [2][-]{subsection.2.2}{\376\377\000N\000o\000t\000a\000t\000i\000o\000n}{section.2}% 7
\BOOKMARK [2][-]{subsection.2.3}{\376\377\000R\000e\000s\000u\000l\000t}{section.2}% 8
\BOOKMARK [2][-]{subsection.2.4}{\376\377\000d\000e\000p\000t\000h\000\040\000a\000r\000e\000a}{section.2}% 9
\BOOKMARK [2][-]{subsection.2.5}{\376\377\000V\000e\000r\000i\000f\000i\000c\000a\000t\000i\000o\000n}{section.2}% 10
\BOOKMARK [1][-]{section.3}{\376\377\000D\000e\000a\000l\000i\000n\000g\000\040\000w\000i\000t\000h\000\040\000D\000r\000o\000u\000g\000h\000t}{}% 11
\BOOKMARK [2][-]{subsection.3.1}{\376\377\000D\000a\000t\000a\000\040\000A\000n\000a\000l\000y\000s\000i\000s}{section.3}% 12
\BOOKMARK [2][-]{subsection.3.2}{\376\377\000D\000e\000f\000i\000n\000i\000t\000i\000o\000n\000\040\000o\000f\000\040\000D\000r\000o\000u\000g\000h\000t}{section.3}% 13
\BOOKMARK [2][-]{subsection.3.3}{\376\377\000D\000i\000f\000f\000e\000r\000e\000n\000c\000e\000s\000\040\000b\000e\000t\000w\000e\000e\000n\000\040\000D\000r\000o\000u\000g\000h\000t\000s}{section.3}% 14
\BOOKMARK [2][-]{subsection.3.4}{\376\377\000A\000s\000s\000u\000m\000p\000t\000i\000o\000n}{section.3}% 15
\BOOKMARK [2][-]{subsection.3.5}{\376\377\000C\000y\000c\000l\000e\000-\000L\000i\000n\000e\000a\000r\000\040\000M\000o\000d\000e\000l}{section.3}% 16
\BOOKMARK [2][-]{subsection.3.6}{\376\377\000D\000y\000n\000a\000m\000i\000c\000\040\000M\000o\000d\000e\000l}{section.3}% 17
\BOOKMARK [1][-]{section.4}{\376\377\000W\000a\000s\000t\000e\000w\000a\000t\000e\000r\000\040\000M\000o\000d\000e\000l}{}% 18
\BOOKMARK [2][-]{subsection.4.1}{\376\377\000P\000r\000o\000b\000l\000e\000m\000\040\000O\000v\000e\000r\000v\000i\000e\000w}{section.4}% 19
\BOOKMARK [2][-]{subsection.4.2}{\376\377\000A\000s\000s\000u\000m\000p\000t\000i\000o\000n\000s}{section.4}% 20
\BOOKMARK [2][-]{subsection.4.3}{\376\377\000F\000a\000c\000t\000o\000r\000s}{section.4}% 21
\BOOKMARK [2][-]{subsection.4.4}{\376\377\000C\000h\000o\000o\000s\000e\000\040\000o\000u\000r\000\040\000l\000o\000c\000a\000t\000i\000o\000n}{section.4}% 22
\BOOKMARK [3][-]{subsubsection.4.4.1}{\376\377\000E\000v\000e\000r\000y\000\040\000D\000a\000y\000\040\000W\000a\000t\000e\000r\000\040\000U\000s\000a\000g\000e}{subsection.4.4}% 23
\BOOKMARK [3][-]{subsubsection.4.4.2}{\376\377\000E\000f\000f\000e\000c\000t\000i\000v\000e\000n\000e\000s\000s}{subsection.4.4}% 24
\BOOKMARK [1][-]{section.5}{\376\377\000S\000t\000r\000e\000n\000g\000t\000h\000s\000\040\000a\000n\000d\000\040\000W\000e\000a\000k\000n\000e\000s\000s\000e\000s}{}% 25
\BOOKMARK [2][-]{subsection.5.1}{\376\377\000S\000t\000r\000e\000n\000g\000t\000h}{section.5}% 26
\BOOKMARK [2][-]{subsection.5.2}{\376\377\000W\000e\000a\000k\000n\000e\000s\000s\000e\000s}{section.5}% 27
\BOOKMARK [1][-]{section.6}{\376\377\000F\000i\000n\000a\000l\000\040\000R\000e\000p\000o\000r\000t}{}% 28
\BOOKMARK [1][-]{section.6}{\376\377\000R\000e\000f\000e\000r\000e\000n\000c\000e\000s}{}% 29
